[2023-01-10T10:54:20.147+0000] {processor.py:153} INFO - Started process (PID=41) to work on /home/airflow/.local/lib/python3.7/site-packages/airflow/example_dags/example_latest_only_with_trigger.py
[2023-01-10T10:54:20.148+0000] {processor.py:743} INFO - Processing file /home/airflow/.local/lib/python3.7/site-packages/airflow/example_dags/example_latest_only_with_trigger.py for tasks to queue
[2023-01-10T10:54:20.148+0000] {logging_mixin.py:137} INFO - [2023-01-10T10:54:20.148+0000] {dagbag.py:538} INFO - Filling up the DagBag from /home/airflow/.local/lib/python3.7/site-packages/airflow/example_dags/example_latest_only_with_trigger.py
[2023-01-10T10:54:20.161+0000] {processor.py:753} INFO - DAG(s) dict_keys(['latest_only_with_trigger']) retrieved from /home/airflow/.local/lib/python3.7/site-packages/airflow/example_dags/example_latest_only_with_trigger.py
[2023-01-10T10:54:20.285+0000] {logging_mixin.py:137} INFO - [2023-01-10T10:54:20.285+0000] {manager.py:504} INFO - Created Permission View: can delete on DAG:latest_only_with_trigger
[2023-01-10T10:54:20.294+0000] {logging_mixin.py:137} INFO - [2023-01-10T10:54:20.294+0000] {manager.py:504} INFO - Created Permission View: can read on DAG:latest_only_with_trigger
[2023-01-10T10:54:20.300+0000] {logging_mixin.py:137} INFO - [2023-01-10T10:54:20.300+0000] {manager.py:504} INFO - Created Permission View: can edit on DAG:latest_only_with_trigger
[2023-01-10T10:54:20.300+0000] {logging_mixin.py:137} INFO - [2023-01-10T10:54:20.300+0000] {dag.py:2676} INFO - Sync 1 DAGs
[2023-01-10T10:54:20.311+0000] {logging_mixin.py:137} INFO - [2023-01-10T10:54:20.310+0000] {dag.py:2697} INFO - Creating ORM DAG for latest_only_with_trigger
[2023-01-10T10:54:20.323+0000] {logging_mixin.py:137} INFO - [2023-01-10T10:54:20.322+0000] {dag.py:3427} INFO - Setting next_dagrun for latest_only_with_trigger to 2023-01-10T06:54:20.322590+00:00, run_after=2023-01-10T10:54:20.322590+00:00
[2023-01-10T10:54:20.347+0000] {processor.py:175} INFO - Processing /home/airflow/.local/lib/python3.7/site-packages/airflow/example_dags/example_latest_only_with_trigger.py took 0.203 seconds
[2023-01-10T10:54:51.181+0000] {processor.py:153} INFO - Started process (PID=127) to work on /home/airflow/.local/lib/python3.7/site-packages/airflow/example_dags/example_latest_only_with_trigger.py
[2023-01-10T10:54:51.182+0000] {processor.py:743} INFO - Processing file /home/airflow/.local/lib/python3.7/site-packages/airflow/example_dags/example_latest_only_with_trigger.py for tasks to queue
[2023-01-10T10:54:51.182+0000] {logging_mixin.py:137} INFO - [2023-01-10T10:54:51.182+0000] {dagbag.py:538} INFO - Filling up the DagBag from /home/airflow/.local/lib/python3.7/site-packages/airflow/example_dags/example_latest_only_with_trigger.py
[2023-01-10T10:54:51.193+0000] {processor.py:753} INFO - DAG(s) dict_keys(['latest_only_with_trigger']) retrieved from /home/airflow/.local/lib/python3.7/site-packages/airflow/example_dags/example_latest_only_with_trigger.py
[2023-01-10T10:54:51.219+0000] {logging_mixin.py:137} INFO - [2023-01-10T10:54:51.219+0000] {dag.py:2676} INFO - Sync 1 DAGs
[2023-01-10T10:54:51.243+0000] {logging_mixin.py:137} INFO - [2023-01-10T10:54:51.243+0000] {dag.py:3427} INFO - Setting next_dagrun for latest_only_with_trigger to 2023-01-10T06:54:51.243044+00:00, run_after=2023-01-10T10:54:51.243044+00:00
[2023-01-10T10:54:51.261+0000] {processor.py:175} INFO - Processing /home/airflow/.local/lib/python3.7/site-packages/airflow/example_dags/example_latest_only_with_trigger.py took 0.082 seconds
[2023-01-10T10:55:22.041+0000] {processor.py:153} INFO - Started process (PID=197) to work on /home/airflow/.local/lib/python3.7/site-packages/airflow/example_dags/example_latest_only_with_trigger.py
[2023-01-10T10:55:22.051+0000] {processor.py:743} INFO - Processing file /home/airflow/.local/lib/python3.7/site-packages/airflow/example_dags/example_latest_only_with_trigger.py for tasks to queue
[2023-01-10T10:55:22.052+0000] {logging_mixin.py:137} INFO - [2023-01-10T10:55:22.052+0000] {dagbag.py:538} INFO - Filling up the DagBag from /home/airflow/.local/lib/python3.7/site-packages/airflow/example_dags/example_latest_only_with_trigger.py
[2023-01-10T10:55:22.062+0000] {processor.py:753} INFO - DAG(s) dict_keys(['latest_only_with_trigger']) retrieved from /home/airflow/.local/lib/python3.7/site-packages/airflow/example_dags/example_latest_only_with_trigger.py
[2023-01-10T10:55:22.089+0000] {logging_mixin.py:137} INFO - [2023-01-10T10:55:22.089+0000] {dag.py:2676} INFO - Sync 1 DAGs
[2023-01-10T10:55:22.117+0000] {logging_mixin.py:137} INFO - [2023-01-10T10:55:22.117+0000] {dag.py:3427} INFO - Setting next_dagrun for latest_only_with_trigger to 2023-01-10T06:55:22.117134+00:00, run_after=2023-01-10T10:55:22.117134+00:00
[2023-01-10T10:55:22.133+0000] {processor.py:175} INFO - Processing /home/airflow/.local/lib/python3.7/site-packages/airflow/example_dags/example_latest_only_with_trigger.py took 0.094 seconds
[2023-01-10T10:55:52.940+0000] {processor.py:153} INFO - Started process (PID=285) to work on /home/airflow/.local/lib/python3.7/site-packages/airflow/example_dags/example_latest_only_with_trigger.py
[2023-01-10T10:55:52.950+0000] {processor.py:743} INFO - Processing file /home/airflow/.local/lib/python3.7/site-packages/airflow/example_dags/example_latest_only_with_trigger.py for tasks to queue
[2023-01-10T10:55:52.951+0000] {logging_mixin.py:137} INFO - [2023-01-10T10:55:52.951+0000] {dagbag.py:538} INFO - Filling up the DagBag from /home/airflow/.local/lib/python3.7/site-packages/airflow/example_dags/example_latest_only_with_trigger.py
[2023-01-10T10:55:52.961+0000] {processor.py:753} INFO - DAG(s) dict_keys(['latest_only_with_trigger']) retrieved from /home/airflow/.local/lib/python3.7/site-packages/airflow/example_dags/example_latest_only_with_trigger.py
[2023-01-10T10:55:52.990+0000] {logging_mixin.py:137} INFO - [2023-01-10T10:55:52.990+0000] {dag.py:2676} INFO - Sync 1 DAGs
[2023-01-10T10:55:53.009+0000] {logging_mixin.py:137} INFO - [2023-01-10T10:55:53.009+0000] {dag.py:3427} INFO - Setting next_dagrun for latest_only_with_trigger to 2023-01-10T06:55:53.009033+00:00, run_after=2023-01-10T10:55:53.009033+00:00
[2023-01-10T10:55:53.022+0000] {processor.py:175} INFO - Processing /home/airflow/.local/lib/python3.7/site-packages/airflow/example_dags/example_latest_only_with_trigger.py took 0.084 seconds
[2023-01-10T10:56:23.923+0000] {processor.py:153} INFO - Started process (PID=364) to work on /home/airflow/.local/lib/python3.7/site-packages/airflow/example_dags/example_latest_only_with_trigger.py
[2023-01-10T10:56:23.923+0000] {processor.py:743} INFO - Processing file /home/airflow/.local/lib/python3.7/site-packages/airflow/example_dags/example_latest_only_with_trigger.py for tasks to queue
[2023-01-10T10:56:23.924+0000] {logging_mixin.py:137} INFO - [2023-01-10T10:56:23.924+0000] {dagbag.py:538} INFO - Filling up the DagBag from /home/airflow/.local/lib/python3.7/site-packages/airflow/example_dags/example_latest_only_with_trigger.py
[2023-01-10T10:56:23.935+0000] {processor.py:753} INFO - DAG(s) dict_keys(['latest_only_with_trigger']) retrieved from /home/airflow/.local/lib/python3.7/site-packages/airflow/example_dags/example_latest_only_with_trigger.py
[2023-01-10T10:56:23.967+0000] {logging_mixin.py:137} INFO - [2023-01-10T10:56:23.966+0000] {dag.py:2676} INFO - Sync 1 DAGs
[2023-01-10T10:56:23.987+0000] {logging_mixin.py:137} INFO - [2023-01-10T10:56:23.987+0000] {dag.py:3427} INFO - Setting next_dagrun for latest_only_with_trigger to 2023-01-10T06:56:23.987399+00:00, run_after=2023-01-10T10:56:23.987399+00:00
[2023-01-10T10:56:24.006+0000] {processor.py:175} INFO - Processing /home/airflow/.local/lib/python3.7/site-packages/airflow/example_dags/example_latest_only_with_trigger.py took 0.085 seconds
[2023-01-10T10:56:54.080+0000] {processor.py:153} INFO - Started process (PID=441) to work on /home/airflow/.local/lib/python3.7/site-packages/airflow/example_dags/example_latest_only_with_trigger.py
[2023-01-10T10:56:54.086+0000] {processor.py:743} INFO - Processing file /home/airflow/.local/lib/python3.7/site-packages/airflow/example_dags/example_latest_only_with_trigger.py for tasks to queue
[2023-01-10T10:56:54.087+0000] {logging_mixin.py:137} INFO - [2023-01-10T10:56:54.086+0000] {dagbag.py:538} INFO - Filling up the DagBag from /home/airflow/.local/lib/python3.7/site-packages/airflow/example_dags/example_latest_only_with_trigger.py
[2023-01-10T10:56:54.098+0000] {processor.py:753} INFO - DAG(s) dict_keys(['latest_only_with_trigger']) retrieved from /home/airflow/.local/lib/python3.7/site-packages/airflow/example_dags/example_latest_only_with_trigger.py
[2023-01-10T10:56:54.126+0000] {logging_mixin.py:137} INFO - [2023-01-10T10:56:54.126+0000] {dag.py:2676} INFO - Sync 1 DAGs
[2023-01-10T10:56:54.148+0000] {logging_mixin.py:137} INFO - [2023-01-10T10:56:54.148+0000] {dag.py:3427} INFO - Setting next_dagrun for latest_only_with_trigger to 2023-01-10T06:56:54.148265+00:00, run_after=2023-01-10T10:56:54.148265+00:00
[2023-01-10T10:56:54.163+0000] {processor.py:175} INFO - Processing /home/airflow/.local/lib/python3.7/site-packages/airflow/example_dags/example_latest_only_with_trigger.py took 0.086 seconds
[2023-01-10T10:57:24.279+0000] {processor.py:153} INFO - Started process (PID=520) to work on /home/airflow/.local/lib/python3.7/site-packages/airflow/example_dags/example_latest_only_with_trigger.py
[2023-01-10T10:57:24.280+0000] {processor.py:743} INFO - Processing file /home/airflow/.local/lib/python3.7/site-packages/airflow/example_dags/example_latest_only_with_trigger.py for tasks to queue
[2023-01-10T10:57:24.280+0000] {logging_mixin.py:137} INFO - [2023-01-10T10:57:24.280+0000] {dagbag.py:538} INFO - Filling up the DagBag from /home/airflow/.local/lib/python3.7/site-packages/airflow/example_dags/example_latest_only_with_trigger.py
[2023-01-10T10:57:24.291+0000] {processor.py:753} INFO - DAG(s) dict_keys(['latest_only_with_trigger']) retrieved from /home/airflow/.local/lib/python3.7/site-packages/airflow/example_dags/example_latest_only_with_trigger.py
[2023-01-10T10:57:24.322+0000] {logging_mixin.py:137} INFO - [2023-01-10T10:57:24.322+0000] {dag.py:2676} INFO - Sync 1 DAGs
[2023-01-10T10:57:24.346+0000] {logging_mixin.py:137} INFO - [2023-01-10T10:57:24.346+0000] {dag.py:3427} INFO - Setting next_dagrun for latest_only_with_trigger to 2023-01-10T06:57:24.346362+00:00, run_after=2023-01-10T10:57:24.346362+00:00
[2023-01-10T10:57:24.366+0000] {processor.py:175} INFO - Processing /home/airflow/.local/lib/python3.7/site-packages/airflow/example_dags/example_latest_only_with_trigger.py took 0.089 seconds
[2023-01-10T10:57:54.423+0000] {processor.py:153} INFO - Started process (PID=597) to work on /home/airflow/.local/lib/python3.7/site-packages/airflow/example_dags/example_latest_only_with_trigger.py
[2023-01-10T10:57:54.424+0000] {processor.py:743} INFO - Processing file /home/airflow/.local/lib/python3.7/site-packages/airflow/example_dags/example_latest_only_with_trigger.py for tasks to queue
[2023-01-10T10:57:54.424+0000] {logging_mixin.py:137} INFO - [2023-01-10T10:57:54.424+0000] {dagbag.py:538} INFO - Filling up the DagBag from /home/airflow/.local/lib/python3.7/site-packages/airflow/example_dags/example_latest_only_with_trigger.py
[2023-01-10T10:57:54.435+0000] {processor.py:753} INFO - DAG(s) dict_keys(['latest_only_with_trigger']) retrieved from /home/airflow/.local/lib/python3.7/site-packages/airflow/example_dags/example_latest_only_with_trigger.py
[2023-01-10T10:57:54.461+0000] {logging_mixin.py:137} INFO - [2023-01-10T10:57:54.461+0000] {dag.py:2676} INFO - Sync 1 DAGs
[2023-01-10T10:57:54.481+0000] {logging_mixin.py:137} INFO - [2023-01-10T10:57:54.481+0000] {dag.py:3427} INFO - Setting next_dagrun for latest_only_with_trigger to 2023-01-10T06:57:54.481218+00:00, run_after=2023-01-10T10:57:54.481218+00:00
[2023-01-10T10:57:54.493+0000] {processor.py:175} INFO - Processing /home/airflow/.local/lib/python3.7/site-packages/airflow/example_dags/example_latest_only_with_trigger.py took 0.072 seconds
[2023-01-10T10:58:25.425+0000] {processor.py:153} INFO - Started process (PID=683) to work on /home/airflow/.local/lib/python3.7/site-packages/airflow/example_dags/example_latest_only_with_trigger.py
[2023-01-10T10:58:25.425+0000] {processor.py:743} INFO - Processing file /home/airflow/.local/lib/python3.7/site-packages/airflow/example_dags/example_latest_only_with_trigger.py for tasks to queue
[2023-01-10T10:58:25.426+0000] {logging_mixin.py:137} INFO - [2023-01-10T10:58:25.426+0000] {dagbag.py:538} INFO - Filling up the DagBag from /home/airflow/.local/lib/python3.7/site-packages/airflow/example_dags/example_latest_only_with_trigger.py
[2023-01-10T10:58:25.436+0000] {processor.py:753} INFO - DAG(s) dict_keys(['latest_only_with_trigger']) retrieved from /home/airflow/.local/lib/python3.7/site-packages/airflow/example_dags/example_latest_only_with_trigger.py
[2023-01-10T10:58:25.462+0000] {logging_mixin.py:137} INFO - [2023-01-10T10:58:25.462+0000] {dag.py:2676} INFO - Sync 1 DAGs
[2023-01-10T10:58:25.481+0000] {logging_mixin.py:137} INFO - [2023-01-10T10:58:25.481+0000] {dag.py:3427} INFO - Setting next_dagrun for latest_only_with_trigger to 2023-01-10T06:58:25.481034+00:00, run_after=2023-01-10T10:58:25.481034+00:00
[2023-01-10T10:58:25.493+0000] {processor.py:175} INFO - Processing /home/airflow/.local/lib/python3.7/site-packages/airflow/example_dags/example_latest_only_with_trigger.py took 0.070 seconds
[2023-01-10T10:58:56.332+0000] {processor.py:153} INFO - Started process (PID=752) to work on /home/airflow/.local/lib/python3.7/site-packages/airflow/example_dags/example_latest_only_with_trigger.py
[2023-01-10T10:58:56.333+0000] {processor.py:743} INFO - Processing file /home/airflow/.local/lib/python3.7/site-packages/airflow/example_dags/example_latest_only_with_trigger.py for tasks to queue
[2023-01-10T10:58:56.333+0000] {logging_mixin.py:137} INFO - [2023-01-10T10:58:56.333+0000] {dagbag.py:538} INFO - Filling up the DagBag from /home/airflow/.local/lib/python3.7/site-packages/airflow/example_dags/example_latest_only_with_trigger.py
[2023-01-10T10:58:56.343+0000] {processor.py:753} INFO - DAG(s) dict_keys(['latest_only_with_trigger']) retrieved from /home/airflow/.local/lib/python3.7/site-packages/airflow/example_dags/example_latest_only_with_trigger.py
[2023-01-10T10:58:56.370+0000] {logging_mixin.py:137} INFO - [2023-01-10T10:58:56.370+0000] {dag.py:2676} INFO - Sync 1 DAGs
[2023-01-10T10:58:56.390+0000] {logging_mixin.py:137} INFO - [2023-01-10T10:58:56.390+0000] {dag.py:3427} INFO - Setting next_dagrun for latest_only_with_trigger to 2023-01-10T06:58:56.390649+00:00, run_after=2023-01-10T10:58:56.390649+00:00
[2023-01-10T10:58:56.405+0000] {processor.py:175} INFO - Processing /home/airflow/.local/lib/python3.7/site-packages/airflow/example_dags/example_latest_only_with_trigger.py took 0.075 seconds
[2023-01-10T10:59:26.727+0000] {processor.py:153} INFO - Started process (PID=838) to work on /home/airflow/.local/lib/python3.7/site-packages/airflow/example_dags/example_latest_only_with_trigger.py
[2023-01-10T10:59:26.727+0000] {processor.py:743} INFO - Processing file /home/airflow/.local/lib/python3.7/site-packages/airflow/example_dags/example_latest_only_with_trigger.py for tasks to queue
[2023-01-10T10:59:26.728+0000] {logging_mixin.py:137} INFO - [2023-01-10T10:59:26.728+0000] {dagbag.py:538} INFO - Filling up the DagBag from /home/airflow/.local/lib/python3.7/site-packages/airflow/example_dags/example_latest_only_with_trigger.py
[2023-01-10T10:59:26.737+0000] {processor.py:753} INFO - DAG(s) dict_keys(['latest_only_with_trigger']) retrieved from /home/airflow/.local/lib/python3.7/site-packages/airflow/example_dags/example_latest_only_with_trigger.py
[2023-01-10T10:59:26.764+0000] {logging_mixin.py:137} INFO - [2023-01-10T10:59:26.764+0000] {dag.py:2676} INFO - Sync 1 DAGs
[2023-01-10T10:59:26.784+0000] {logging_mixin.py:137} INFO - [2023-01-10T10:59:26.784+0000] {dag.py:3427} INFO - Setting next_dagrun for latest_only_with_trigger to 2023-01-10T06:59:26.784508+00:00, run_after=2023-01-10T10:59:26.784508+00:00
[2023-01-10T10:59:26.797+0000] {processor.py:175} INFO - Processing /home/airflow/.local/lib/python3.7/site-packages/airflow/example_dags/example_latest_only_with_trigger.py took 0.074 seconds
[2023-01-10T10:59:56.956+0000] {processor.py:153} INFO - Started process (PID=909) to work on /home/airflow/.local/lib/python3.7/site-packages/airflow/example_dags/example_latest_only_with_trigger.py
[2023-01-10T10:59:56.956+0000] {processor.py:743} INFO - Processing file /home/airflow/.local/lib/python3.7/site-packages/airflow/example_dags/example_latest_only_with_trigger.py for tasks to queue
[2023-01-10T10:59:56.957+0000] {logging_mixin.py:137} INFO - [2023-01-10T10:59:56.957+0000] {dagbag.py:538} INFO - Filling up the DagBag from /home/airflow/.local/lib/python3.7/site-packages/airflow/example_dags/example_latest_only_with_trigger.py
[2023-01-10T10:59:56.967+0000] {processor.py:753} INFO - DAG(s) dict_keys(['latest_only_with_trigger']) retrieved from /home/airflow/.local/lib/python3.7/site-packages/airflow/example_dags/example_latest_only_with_trigger.py
[2023-01-10T10:59:56.993+0000] {logging_mixin.py:137} INFO - [2023-01-10T10:59:56.993+0000] {dag.py:2676} INFO - Sync 1 DAGs
[2023-01-10T10:59:57.012+0000] {logging_mixin.py:137} INFO - [2023-01-10T10:59:57.012+0000] {dag.py:3427} INFO - Setting next_dagrun for latest_only_with_trigger to 2023-01-10T06:59:57.012290+00:00, run_after=2023-01-10T10:59:57.012290+00:00
[2023-01-10T10:59:57.024+0000] {processor.py:175} INFO - Processing /home/airflow/.local/lib/python3.7/site-packages/airflow/example_dags/example_latest_only_with_trigger.py took 0.071 seconds
[2023-01-10T11:00:27.184+0000] {processor.py:153} INFO - Started process (PID=995) to work on /home/airflow/.local/lib/python3.7/site-packages/airflow/example_dags/example_latest_only_with_trigger.py
[2023-01-10T11:00:27.184+0000] {processor.py:743} INFO - Processing file /home/airflow/.local/lib/python3.7/site-packages/airflow/example_dags/example_latest_only_with_trigger.py for tasks to queue
[2023-01-10T11:00:27.185+0000] {logging_mixin.py:137} INFO - [2023-01-10T11:00:27.185+0000] {dagbag.py:538} INFO - Filling up the DagBag from /home/airflow/.local/lib/python3.7/site-packages/airflow/example_dags/example_latest_only_with_trigger.py
[2023-01-10T11:00:27.195+0000] {processor.py:753} INFO - DAG(s) dict_keys(['latest_only_with_trigger']) retrieved from /home/airflow/.local/lib/python3.7/site-packages/airflow/example_dags/example_latest_only_with_trigger.py
[2023-01-10T11:00:27.224+0000] {logging_mixin.py:137} INFO - [2023-01-10T11:00:27.224+0000] {dag.py:2676} INFO - Sync 1 DAGs
[2023-01-10T11:00:27.244+0000] {logging_mixin.py:137} INFO - [2023-01-10T11:00:27.244+0000] {dag.py:3427} INFO - Setting next_dagrun for latest_only_with_trigger to 2023-01-10T07:00:27.244137+00:00, run_after=2023-01-10T11:00:27.244137+00:00
[2023-01-10T11:00:27.260+0000] {processor.py:175} INFO - Processing /home/airflow/.local/lib/python3.7/site-packages/airflow/example_dags/example_latest_only_with_trigger.py took 0.078 seconds
[2023-01-10T11:00:57.341+0000] {processor.py:153} INFO - Started process (PID=1065) to work on /home/airflow/.local/lib/python3.7/site-packages/airflow/example_dags/example_latest_only_with_trigger.py
[2023-01-10T11:00:57.342+0000] {processor.py:743} INFO - Processing file /home/airflow/.local/lib/python3.7/site-packages/airflow/example_dags/example_latest_only_with_trigger.py for tasks to queue
[2023-01-10T11:00:57.342+0000] {logging_mixin.py:137} INFO - [2023-01-10T11:00:57.342+0000] {dagbag.py:538} INFO - Filling up the DagBag from /home/airflow/.local/lib/python3.7/site-packages/airflow/example_dags/example_latest_only_with_trigger.py
[2023-01-10T11:00:57.353+0000] {processor.py:753} INFO - DAG(s) dict_keys(['latest_only_with_trigger']) retrieved from /home/airflow/.local/lib/python3.7/site-packages/airflow/example_dags/example_latest_only_with_trigger.py
[2023-01-10T11:00:57.380+0000] {logging_mixin.py:137} INFO - [2023-01-10T11:00:57.380+0000] {dag.py:2676} INFO - Sync 1 DAGs
[2023-01-10T11:00:57.401+0000] {logging_mixin.py:137} INFO - [2023-01-10T11:00:57.401+0000] {dag.py:3427} INFO - Setting next_dagrun for latest_only_with_trigger to 2023-01-10T07:00:57.401602+00:00, run_after=2023-01-10T11:00:57.401602+00:00
[2023-01-10T11:00:57.416+0000] {processor.py:175} INFO - Processing /home/airflow/.local/lib/python3.7/site-packages/airflow/example_dags/example_latest_only_with_trigger.py took 0.077 seconds
[2023-01-10T11:01:27.515+0000] {processor.py:153} INFO - Started process (PID=1151) to work on /home/airflow/.local/lib/python3.7/site-packages/airflow/example_dags/example_latest_only_with_trigger.py
[2023-01-10T11:01:27.516+0000] {processor.py:743} INFO - Processing file /home/airflow/.local/lib/python3.7/site-packages/airflow/example_dags/example_latest_only_with_trigger.py for tasks to queue
[2023-01-10T11:01:27.516+0000] {logging_mixin.py:137} INFO - [2023-01-10T11:01:27.516+0000] {dagbag.py:538} INFO - Filling up the DagBag from /home/airflow/.local/lib/python3.7/site-packages/airflow/example_dags/example_latest_only_with_trigger.py
[2023-01-10T11:01:27.530+0000] {processor.py:753} INFO - DAG(s) dict_keys(['latest_only_with_trigger']) retrieved from /home/airflow/.local/lib/python3.7/site-packages/airflow/example_dags/example_latest_only_with_trigger.py
[2023-01-10T11:01:27.558+0000] {logging_mixin.py:137} INFO - [2023-01-10T11:01:27.558+0000] {dag.py:2676} INFO - Sync 1 DAGs
[2023-01-10T11:01:27.576+0000] {logging_mixin.py:137} INFO - [2023-01-10T11:01:27.576+0000] {dag.py:3427} INFO - Setting next_dagrun for latest_only_with_trigger to 2023-01-10T07:01:27.576495+00:00, run_after=2023-01-10T11:01:27.576495+00:00
[2023-01-10T11:01:27.588+0000] {processor.py:175} INFO - Processing /home/airflow/.local/lib/python3.7/site-packages/airflow/example_dags/example_latest_only_with_trigger.py took 0.077 seconds
[2023-01-10T11:01:57.815+0000] {processor.py:153} INFO - Started process (PID=1222) to work on /home/airflow/.local/lib/python3.7/site-packages/airflow/example_dags/example_latest_only_with_trigger.py
[2023-01-10T11:01:57.815+0000] {processor.py:743} INFO - Processing file /home/airflow/.local/lib/python3.7/site-packages/airflow/example_dags/example_latest_only_with_trigger.py for tasks to queue
[2023-01-10T11:01:57.816+0000] {logging_mixin.py:137} INFO - [2023-01-10T11:01:57.816+0000] {dagbag.py:538} INFO - Filling up the DagBag from /home/airflow/.local/lib/python3.7/site-packages/airflow/example_dags/example_latest_only_with_trigger.py
[2023-01-10T11:01:57.828+0000] {processor.py:753} INFO - DAG(s) dict_keys(['latest_only_with_trigger']) retrieved from /home/airflow/.local/lib/python3.7/site-packages/airflow/example_dags/example_latest_only_with_trigger.py
[2023-01-10T11:01:57.855+0000] {logging_mixin.py:137} INFO - [2023-01-10T11:01:57.855+0000] {dag.py:2676} INFO - Sync 1 DAGs
[2023-01-10T11:01:57.876+0000] {logging_mixin.py:137} INFO - [2023-01-10T11:01:57.876+0000] {dag.py:3427} INFO - Setting next_dagrun for latest_only_with_trigger to 2023-01-10T07:01:57.876422+00:00, run_after=2023-01-10T11:01:57.876422+00:00
[2023-01-10T11:01:57.892+0000] {processor.py:175} INFO - Processing /home/airflow/.local/lib/python3.7/site-packages/airflow/example_dags/example_latest_only_with_trigger.py took 0.079 seconds
[2023-01-10T11:02:28.136+0000] {processor.py:153} INFO - Started process (PID=1308) to work on /home/airflow/.local/lib/python3.7/site-packages/airflow/example_dags/example_latest_only_with_trigger.py
[2023-01-10T11:02:28.137+0000] {processor.py:743} INFO - Processing file /home/airflow/.local/lib/python3.7/site-packages/airflow/example_dags/example_latest_only_with_trigger.py for tasks to queue
[2023-01-10T11:02:28.137+0000] {logging_mixin.py:137} INFO - [2023-01-10T11:02:28.137+0000] {dagbag.py:538} INFO - Filling up the DagBag from /home/airflow/.local/lib/python3.7/site-packages/airflow/example_dags/example_latest_only_with_trigger.py
[2023-01-10T11:02:28.147+0000] {processor.py:753} INFO - DAG(s) dict_keys(['latest_only_with_trigger']) retrieved from /home/airflow/.local/lib/python3.7/site-packages/airflow/example_dags/example_latest_only_with_trigger.py
[2023-01-10T11:02:28.179+0000] {logging_mixin.py:137} INFO - [2023-01-10T11:02:28.179+0000] {dag.py:2676} INFO - Sync 1 DAGs
[2023-01-10T11:02:28.205+0000] {logging_mixin.py:137} INFO - [2023-01-10T11:02:28.205+0000] {dag.py:3427} INFO - Setting next_dagrun for latest_only_with_trigger to 2023-01-10T07:02:28.205135+00:00, run_after=2023-01-10T11:02:28.205135+00:00
[2023-01-10T11:02:28.223+0000] {processor.py:175} INFO - Processing /home/airflow/.local/lib/python3.7/site-packages/airflow/example_dags/example_latest_only_with_trigger.py took 0.089 seconds
[2023-01-10T11:02:59.142+0000] {processor.py:153} INFO - Started process (PID=1387) to work on /home/airflow/.local/lib/python3.7/site-packages/airflow/example_dags/example_latest_only_with_trigger.py
[2023-01-10T11:02:59.142+0000] {processor.py:743} INFO - Processing file /home/airflow/.local/lib/python3.7/site-packages/airflow/example_dags/example_latest_only_with_trigger.py for tasks to queue
[2023-01-10T11:02:59.143+0000] {logging_mixin.py:137} INFO - [2023-01-10T11:02:59.143+0000] {dagbag.py:538} INFO - Filling up the DagBag from /home/airflow/.local/lib/python3.7/site-packages/airflow/example_dags/example_latest_only_with_trigger.py
[2023-01-10T11:02:59.160+0000] {processor.py:753} INFO - DAG(s) dict_keys(['latest_only_with_trigger']) retrieved from /home/airflow/.local/lib/python3.7/site-packages/airflow/example_dags/example_latest_only_with_trigger.py
[2023-01-10T11:02:59.191+0000] {logging_mixin.py:137} INFO - [2023-01-10T11:02:59.191+0000] {dag.py:2676} INFO - Sync 1 DAGs
[2023-01-10T11:02:59.212+0000] {logging_mixin.py:137} INFO - [2023-01-10T11:02:59.211+0000] {dag.py:3427} INFO - Setting next_dagrun for latest_only_with_trigger to 2023-01-10T07:02:59.211743+00:00, run_after=2023-01-10T11:02:59.211743+00:00
[2023-01-10T11:02:59.225+0000] {processor.py:175} INFO - Processing /home/airflow/.local/lib/python3.7/site-packages/airflow/example_dags/example_latest_only_with_trigger.py took 0.085 seconds
[2023-01-10T11:03:29.287+0000] {processor.py:153} INFO - Started process (PID=1465) to work on /home/airflow/.local/lib/python3.7/site-packages/airflow/example_dags/example_latest_only_with_trigger.py
[2023-01-10T11:03:29.288+0000] {processor.py:743} INFO - Processing file /home/airflow/.local/lib/python3.7/site-packages/airflow/example_dags/example_latest_only_with_trigger.py for tasks to queue
[2023-01-10T11:03:29.288+0000] {logging_mixin.py:137} INFO - [2023-01-10T11:03:29.288+0000] {dagbag.py:538} INFO - Filling up the DagBag from /home/airflow/.local/lib/python3.7/site-packages/airflow/example_dags/example_latest_only_with_trigger.py
[2023-01-10T11:03:29.300+0000] {processor.py:753} INFO - DAG(s) dict_keys(['latest_only_with_trigger']) retrieved from /home/airflow/.local/lib/python3.7/site-packages/airflow/example_dags/example_latest_only_with_trigger.py
[2023-01-10T11:03:29.329+0000] {logging_mixin.py:137} INFO - [2023-01-10T11:03:29.328+0000] {dag.py:2676} INFO - Sync 1 DAGs
[2023-01-10T11:03:29.348+0000] {logging_mixin.py:137} INFO - [2023-01-10T11:03:29.347+0000] {dag.py:3427} INFO - Setting next_dagrun for latest_only_with_trigger to 2023-01-10T07:03:29.347824+00:00, run_after=2023-01-10T11:03:29.347824+00:00
[2023-01-10T11:03:29.360+0000] {processor.py:175} INFO - Processing /home/airflow/.local/lib/python3.7/site-packages/airflow/example_dags/example_latest_only_with_trigger.py took 0.074 seconds
[2023-01-10T11:03:59.629+0000] {processor.py:153} INFO - Started process (PID=1544) to work on /home/airflow/.local/lib/python3.7/site-packages/airflow/example_dags/example_latest_only_with_trigger.py
[2023-01-10T11:03:59.630+0000] {processor.py:743} INFO - Processing file /home/airflow/.local/lib/python3.7/site-packages/airflow/example_dags/example_latest_only_with_trigger.py for tasks to queue
[2023-01-10T11:03:59.631+0000] {logging_mixin.py:137} INFO - [2023-01-10T11:03:59.630+0000] {dagbag.py:538} INFO - Filling up the DagBag from /home/airflow/.local/lib/python3.7/site-packages/airflow/example_dags/example_latest_only_with_trigger.py
[2023-01-10T11:03:59.642+0000] {processor.py:753} INFO - DAG(s) dict_keys(['latest_only_with_trigger']) retrieved from /home/airflow/.local/lib/python3.7/site-packages/airflow/example_dags/example_latest_only_with_trigger.py
[2023-01-10T11:03:59.670+0000] {logging_mixin.py:137} INFO - [2023-01-10T11:03:59.670+0000] {dag.py:2676} INFO - Sync 1 DAGs
[2023-01-10T11:03:59.690+0000] {logging_mixin.py:137} INFO - [2023-01-10T11:03:59.690+0000] {dag.py:3427} INFO - Setting next_dagrun for latest_only_with_trigger to 2023-01-10T07:03:59.690179+00:00, run_after=2023-01-10T11:03:59.690179+00:00
[2023-01-10T11:03:59.703+0000] {processor.py:175} INFO - Processing /home/airflow/.local/lib/python3.7/site-packages/airflow/example_dags/example_latest_only_with_trigger.py took 0.077 seconds
[2023-01-10T11:04:29.740+0000] {processor.py:153} INFO - Started process (PID=1621) to work on /home/airflow/.local/lib/python3.7/site-packages/airflow/example_dags/example_latest_only_with_trigger.py
[2023-01-10T11:04:29.741+0000] {processor.py:743} INFO - Processing file /home/airflow/.local/lib/python3.7/site-packages/airflow/example_dags/example_latest_only_with_trigger.py for tasks to queue
[2023-01-10T11:04:29.741+0000] {logging_mixin.py:137} INFO - [2023-01-10T11:04:29.741+0000] {dagbag.py:538} INFO - Filling up the DagBag from /home/airflow/.local/lib/python3.7/site-packages/airflow/example_dags/example_latest_only_with_trigger.py
[2023-01-10T11:04:29.752+0000] {processor.py:753} INFO - DAG(s) dict_keys(['latest_only_with_trigger']) retrieved from /home/airflow/.local/lib/python3.7/site-packages/airflow/example_dags/example_latest_only_with_trigger.py
[2023-01-10T11:04:29.780+0000] {logging_mixin.py:137} INFO - [2023-01-10T11:04:29.780+0000] {dag.py:2676} INFO - Sync 1 DAGs
[2023-01-10T11:04:29.800+0000] {logging_mixin.py:137} INFO - [2023-01-10T11:04:29.800+0000] {dag.py:3427} INFO - Setting next_dagrun for latest_only_with_trigger to 2023-01-10T07:04:29.800091+00:00, run_after=2023-01-10T11:04:29.800091+00:00
[2023-01-10T11:04:29.814+0000] {processor.py:175} INFO - Processing /home/airflow/.local/lib/python3.7/site-packages/airflow/example_dags/example_latest_only_with_trigger.py took 0.076 seconds
[2023-01-10T11:05:00.785+0000] {processor.py:153} INFO - Started process (PID=1707) to work on /home/airflow/.local/lib/python3.7/site-packages/airflow/example_dags/example_latest_only_with_trigger.py
[2023-01-10T11:05:00.785+0000] {processor.py:743} INFO - Processing file /home/airflow/.local/lib/python3.7/site-packages/airflow/example_dags/example_latest_only_with_trigger.py for tasks to queue
[2023-01-10T11:05:00.786+0000] {logging_mixin.py:137} INFO - [2023-01-10T11:05:00.786+0000] {dagbag.py:538} INFO - Filling up the DagBag from /home/airflow/.local/lib/python3.7/site-packages/airflow/example_dags/example_latest_only_with_trigger.py
[2023-01-10T11:05:00.795+0000] {processor.py:753} INFO - DAG(s) dict_keys(['latest_only_with_trigger']) retrieved from /home/airflow/.local/lib/python3.7/site-packages/airflow/example_dags/example_latest_only_with_trigger.py
[2023-01-10T11:05:00.823+0000] {logging_mixin.py:137} INFO - [2023-01-10T11:05:00.823+0000] {dag.py:2676} INFO - Sync 1 DAGs
[2023-01-10T11:05:00.842+0000] {logging_mixin.py:137} INFO - [2023-01-10T11:05:00.842+0000] {dag.py:3427} INFO - Setting next_dagrun for latest_only_with_trigger to 2023-01-10T07:05:00.842520+00:00, run_after=2023-01-10T11:05:00.842520+00:00
[2023-01-10T11:05:00.855+0000] {processor.py:175} INFO - Processing /home/airflow/.local/lib/python3.7/site-packages/airflow/example_dags/example_latest_only_with_trigger.py took 0.072 seconds
[2023-01-10T11:05:30.933+0000] {processor.py:153} INFO - Started process (PID=1777) to work on /home/airflow/.local/lib/python3.7/site-packages/airflow/example_dags/example_latest_only_with_trigger.py
[2023-01-10T11:05:30.934+0000] {processor.py:743} INFO - Processing file /home/airflow/.local/lib/python3.7/site-packages/airflow/example_dags/example_latest_only_with_trigger.py for tasks to queue
[2023-01-10T11:05:30.934+0000] {logging_mixin.py:137} INFO - [2023-01-10T11:05:30.934+0000] {dagbag.py:538} INFO - Filling up the DagBag from /home/airflow/.local/lib/python3.7/site-packages/airflow/example_dags/example_latest_only_with_trigger.py
[2023-01-10T11:05:30.945+0000] {processor.py:753} INFO - DAG(s) dict_keys(['latest_only_with_trigger']) retrieved from /home/airflow/.local/lib/python3.7/site-packages/airflow/example_dags/example_latest_only_with_trigger.py
[2023-01-10T11:05:30.973+0000] {logging_mixin.py:137} INFO - [2023-01-10T11:05:30.972+0000] {dag.py:2676} INFO - Sync 1 DAGs
[2023-01-10T11:05:30.990+0000] {logging_mixin.py:137} INFO - [2023-01-10T11:05:30.990+0000] {dag.py:3427} INFO - Setting next_dagrun for latest_only_with_trigger to 2023-01-10T07:05:30.990455+00:00, run_after=2023-01-10T11:05:30.990455+00:00
[2023-01-10T11:05:31.004+0000] {processor.py:175} INFO - Processing /home/airflow/.local/lib/python3.7/site-packages/airflow/example_dags/example_latest_only_with_trigger.py took 0.073 seconds
[2023-01-10T11:06:01.078+0000] {processor.py:153} INFO - Started process (PID=1863) to work on /home/airflow/.local/lib/python3.7/site-packages/airflow/example_dags/example_latest_only_with_trigger.py
[2023-01-10T11:06:01.079+0000] {processor.py:743} INFO - Processing file /home/airflow/.local/lib/python3.7/site-packages/airflow/example_dags/example_latest_only_with_trigger.py for tasks to queue
[2023-01-10T11:06:01.079+0000] {logging_mixin.py:137} INFO - [2023-01-10T11:06:01.079+0000] {dagbag.py:538} INFO - Filling up the DagBag from /home/airflow/.local/lib/python3.7/site-packages/airflow/example_dags/example_latest_only_with_trigger.py
[2023-01-10T11:06:01.089+0000] {processor.py:753} INFO - DAG(s) dict_keys(['latest_only_with_trigger']) retrieved from /home/airflow/.local/lib/python3.7/site-packages/airflow/example_dags/example_latest_only_with_trigger.py
[2023-01-10T11:06:01.116+0000] {logging_mixin.py:137} INFO - [2023-01-10T11:06:01.116+0000] {dag.py:2676} INFO - Sync 1 DAGs
[2023-01-10T11:06:01.134+0000] {logging_mixin.py:137} INFO - [2023-01-10T11:06:01.134+0000] {dag.py:3427} INFO - Setting next_dagrun for latest_only_with_trigger to 2023-01-10T07:06:01.134507+00:00, run_after=2023-01-10T11:06:01.134507+00:00
[2023-01-10T11:06:01.147+0000] {processor.py:175} INFO - Processing /home/airflow/.local/lib/python3.7/site-packages/airflow/example_dags/example_latest_only_with_trigger.py took 0.072 seconds
[2023-01-10T11:06:31.285+0000] {processor.py:153} INFO - Started process (PID=1933) to work on /home/airflow/.local/lib/python3.7/site-packages/airflow/example_dags/example_latest_only_with_trigger.py
[2023-01-10T11:06:31.286+0000] {processor.py:743} INFO - Processing file /home/airflow/.local/lib/python3.7/site-packages/airflow/example_dags/example_latest_only_with_trigger.py for tasks to queue
[2023-01-10T11:06:31.286+0000] {logging_mixin.py:137} INFO - [2023-01-10T11:06:31.286+0000] {dagbag.py:538} INFO - Filling up the DagBag from /home/airflow/.local/lib/python3.7/site-packages/airflow/example_dags/example_latest_only_with_trigger.py
[2023-01-10T11:06:31.297+0000] {processor.py:753} INFO - DAG(s) dict_keys(['latest_only_with_trigger']) retrieved from /home/airflow/.local/lib/python3.7/site-packages/airflow/example_dags/example_latest_only_with_trigger.py
[2023-01-10T11:06:31.327+0000] {logging_mixin.py:137} INFO - [2023-01-10T11:06:31.327+0000] {dag.py:2676} INFO - Sync 1 DAGs
[2023-01-10T11:06:31.350+0000] {logging_mixin.py:137} INFO - [2023-01-10T11:06:31.350+0000] {dag.py:3427} INFO - Setting next_dagrun for latest_only_with_trigger to 2023-01-10T07:06:31.350520+00:00, run_after=2023-01-10T11:06:31.350520+00:00
[2023-01-10T11:06:31.368+0000] {processor.py:175} INFO - Processing /home/airflow/.local/lib/python3.7/site-packages/airflow/example_dags/example_latest_only_with_trigger.py took 0.086 seconds
[2023-01-10T11:07:01.743+0000] {processor.py:153} INFO - Started process (PID=2019) to work on /home/airflow/.local/lib/python3.7/site-packages/airflow/example_dags/example_latest_only_with_trigger.py
[2023-01-10T11:07:01.744+0000] {processor.py:743} INFO - Processing file /home/airflow/.local/lib/python3.7/site-packages/airflow/example_dags/example_latest_only_with_trigger.py for tasks to queue
[2023-01-10T11:07:01.744+0000] {logging_mixin.py:137} INFO - [2023-01-10T11:07:01.744+0000] {dagbag.py:538} INFO - Filling up the DagBag from /home/airflow/.local/lib/python3.7/site-packages/airflow/example_dags/example_latest_only_with_trigger.py
[2023-01-10T11:07:01.757+0000] {processor.py:753} INFO - DAG(s) dict_keys(['latest_only_with_trigger']) retrieved from /home/airflow/.local/lib/python3.7/site-packages/airflow/example_dags/example_latest_only_with_trigger.py
[2023-01-10T11:07:01.789+0000] {logging_mixin.py:137} INFO - [2023-01-10T11:07:01.788+0000] {dag.py:2676} INFO - Sync 1 DAGs
[2023-01-10T11:07:01.815+0000] {logging_mixin.py:137} INFO - [2023-01-10T11:07:01.815+0000] {dag.py:3427} INFO - Setting next_dagrun for latest_only_with_trigger to 2023-01-10T07:07:01.815248+00:00, run_after=2023-01-10T11:07:01.815248+00:00
[2023-01-10T11:07:01.834+0000] {processor.py:175} INFO - Processing /home/airflow/.local/lib/python3.7/site-packages/airflow/example_dags/example_latest_only_with_trigger.py took 0.095 seconds
[2023-01-10T11:07:32.096+0000] {processor.py:153} INFO - Started process (PID=2089) to work on /home/airflow/.local/lib/python3.7/site-packages/airflow/example_dags/example_latest_only_with_trigger.py
[2023-01-10T11:07:32.097+0000] {processor.py:743} INFO - Processing file /home/airflow/.local/lib/python3.7/site-packages/airflow/example_dags/example_latest_only_with_trigger.py for tasks to queue
[2023-01-10T11:07:32.098+0000] {logging_mixin.py:137} INFO - [2023-01-10T11:07:32.098+0000] {dagbag.py:538} INFO - Filling up the DagBag from /home/airflow/.local/lib/python3.7/site-packages/airflow/example_dags/example_latest_only_with_trigger.py
[2023-01-10T11:07:32.107+0000] {processor.py:753} INFO - DAG(s) dict_keys(['latest_only_with_trigger']) retrieved from /home/airflow/.local/lib/python3.7/site-packages/airflow/example_dags/example_latest_only_with_trigger.py
[2023-01-10T11:07:32.136+0000] {logging_mixin.py:137} INFO - [2023-01-10T11:07:32.136+0000] {dag.py:2676} INFO - Sync 1 DAGs
[2023-01-10T11:07:32.155+0000] {logging_mixin.py:137} INFO - [2023-01-10T11:07:32.155+0000] {dag.py:3427} INFO - Setting next_dagrun for latest_only_with_trigger to 2023-01-10T07:07:32.154899+00:00, run_after=2023-01-10T11:07:32.154899+00:00
[2023-01-10T11:07:32.172+0000] {processor.py:175} INFO - Processing /home/airflow/.local/lib/python3.7/site-packages/airflow/example_dags/example_latest_only_with_trigger.py took 0.078 seconds
[2023-01-10T11:08:02.216+0000] {processor.py:153} INFO - Started process (PID=2175) to work on /home/airflow/.local/lib/python3.7/site-packages/airflow/example_dags/example_latest_only_with_trigger.py
[2023-01-10T11:08:02.216+0000] {processor.py:743} INFO - Processing file /home/airflow/.local/lib/python3.7/site-packages/airflow/example_dags/example_latest_only_with_trigger.py for tasks to queue
[2023-01-10T11:08:02.217+0000] {logging_mixin.py:137} INFO - [2023-01-10T11:08:02.217+0000] {dagbag.py:538} INFO - Filling up the DagBag from /home/airflow/.local/lib/python3.7/site-packages/airflow/example_dags/example_latest_only_with_trigger.py
[2023-01-10T11:08:02.228+0000] {processor.py:753} INFO - DAG(s) dict_keys(['latest_only_with_trigger']) retrieved from /home/airflow/.local/lib/python3.7/site-packages/airflow/example_dags/example_latest_only_with_trigger.py
[2023-01-10T11:08:02.255+0000] {logging_mixin.py:137} INFO - [2023-01-10T11:08:02.255+0000] {dag.py:2676} INFO - Sync 1 DAGs
[2023-01-10T11:08:02.275+0000] {logging_mixin.py:137} INFO - [2023-01-10T11:08:02.275+0000] {dag.py:3427} INFO - Setting next_dagrun for latest_only_with_trigger to 2023-01-10T07:08:02.275037+00:00, run_after=2023-01-10T11:08:02.275037+00:00
[2023-01-10T11:08:02.287+0000] {processor.py:175} INFO - Processing /home/airflow/.local/lib/python3.7/site-packages/airflow/example_dags/example_latest_only_with_trigger.py took 0.073 seconds
[2023-01-10T11:08:32.416+0000] {processor.py:153} INFO - Started process (PID=2245) to work on /home/airflow/.local/lib/python3.7/site-packages/airflow/example_dags/example_latest_only_with_trigger.py
[2023-01-10T11:08:32.416+0000] {processor.py:743} INFO - Processing file /home/airflow/.local/lib/python3.7/site-packages/airflow/example_dags/example_latest_only_with_trigger.py for tasks to queue
[2023-01-10T11:08:32.417+0000] {logging_mixin.py:137} INFO - [2023-01-10T11:08:32.417+0000] {dagbag.py:538} INFO - Filling up the DagBag from /home/airflow/.local/lib/python3.7/site-packages/airflow/example_dags/example_latest_only_with_trigger.py
[2023-01-10T11:08:32.430+0000] {processor.py:753} INFO - DAG(s) dict_keys(['latest_only_with_trigger']) retrieved from /home/airflow/.local/lib/python3.7/site-packages/airflow/example_dags/example_latest_only_with_trigger.py
[2023-01-10T11:08:32.460+0000] {logging_mixin.py:137} INFO - [2023-01-10T11:08:32.460+0000] {dag.py:2676} INFO - Sync 1 DAGs
[2023-01-10T11:08:32.485+0000] {logging_mixin.py:137} INFO - [2023-01-10T11:08:32.484+0000] {dag.py:3427} INFO - Setting next_dagrun for latest_only_with_trigger to 2023-01-10T07:08:32.484749+00:00, run_after=2023-01-10T11:08:32.484749+00:00
[2023-01-10T11:08:32.502+0000] {processor.py:175} INFO - Processing /home/airflow/.local/lib/python3.7/site-packages/airflow/example_dags/example_latest_only_with_trigger.py took 0.088 seconds
[2023-01-10T11:09:02.576+0000] {processor.py:153} INFO - Started process (PID=2331) to work on /home/airflow/.local/lib/python3.7/site-packages/airflow/example_dags/example_latest_only_with_trigger.py
[2023-01-10T11:09:02.576+0000] {processor.py:743} INFO - Processing file /home/airflow/.local/lib/python3.7/site-packages/airflow/example_dags/example_latest_only_with_trigger.py for tasks to queue
[2023-01-10T11:09:02.577+0000] {logging_mixin.py:137} INFO - [2023-01-10T11:09:02.576+0000] {dagbag.py:538} INFO - Filling up the DagBag from /home/airflow/.local/lib/python3.7/site-packages/airflow/example_dags/example_latest_only_with_trigger.py
[2023-01-10T11:09:02.586+0000] {processor.py:753} INFO - DAG(s) dict_keys(['latest_only_with_trigger']) retrieved from /home/airflow/.local/lib/python3.7/site-packages/airflow/example_dags/example_latest_only_with_trigger.py
[2023-01-10T11:09:02.617+0000] {logging_mixin.py:137} INFO - [2023-01-10T11:09:02.617+0000] {dag.py:2676} INFO - Sync 1 DAGs
[2023-01-10T11:09:02.639+0000] {logging_mixin.py:137} INFO - [2023-01-10T11:09:02.639+0000] {dag.py:3427} INFO - Setting next_dagrun for latest_only_with_trigger to 2023-01-10T07:09:02.639072+00:00, run_after=2023-01-10T11:09:02.639072+00:00
[2023-01-10T11:09:02.656+0000] {processor.py:175} INFO - Processing /home/airflow/.local/lib/python3.7/site-packages/airflow/example_dags/example_latest_only_with_trigger.py took 0.082 seconds
[2023-01-10T11:09:33.040+0000] {processor.py:153} INFO - Started process (PID=2400) to work on /home/airflow/.local/lib/python3.7/site-packages/airflow/example_dags/example_latest_only_with_trigger.py
[2023-01-10T11:09:33.041+0000] {processor.py:743} INFO - Processing file /home/airflow/.local/lib/python3.7/site-packages/airflow/example_dags/example_latest_only_with_trigger.py for tasks to queue
[2023-01-10T11:09:33.041+0000] {logging_mixin.py:137} INFO - [2023-01-10T11:09:33.041+0000] {dagbag.py:538} INFO - Filling up the DagBag from /home/airflow/.local/lib/python3.7/site-packages/airflow/example_dags/example_latest_only_with_trigger.py
[2023-01-10T11:09:33.052+0000] {processor.py:753} INFO - DAG(s) dict_keys(['latest_only_with_trigger']) retrieved from /home/airflow/.local/lib/python3.7/site-packages/airflow/example_dags/example_latest_only_with_trigger.py
[2023-01-10T11:09:33.078+0000] {logging_mixin.py:137} INFO - [2023-01-10T11:09:33.078+0000] {dag.py:2676} INFO - Sync 1 DAGs
[2023-01-10T11:09:33.098+0000] {logging_mixin.py:137} INFO - [2023-01-10T11:09:33.098+0000] {dag.py:3427} INFO - Setting next_dagrun for latest_only_with_trigger to 2023-01-10T07:09:33.098511+00:00, run_after=2023-01-10T11:09:33.098511+00:00
[2023-01-10T11:09:33.114+0000] {processor.py:175} INFO - Processing /home/airflow/.local/lib/python3.7/site-packages/airflow/example_dags/example_latest_only_with_trigger.py took 0.078 seconds
[2023-01-10T11:10:03.216+0000] {processor.py:153} INFO - Started process (PID=2486) to work on /home/airflow/.local/lib/python3.7/site-packages/airflow/example_dags/example_latest_only_with_trigger.py
[2023-01-10T11:10:03.216+0000] {processor.py:743} INFO - Processing file /home/airflow/.local/lib/python3.7/site-packages/airflow/example_dags/example_latest_only_with_trigger.py for tasks to queue
[2023-01-10T11:10:03.217+0000] {logging_mixin.py:137} INFO - [2023-01-10T11:10:03.217+0000] {dagbag.py:538} INFO - Filling up the DagBag from /home/airflow/.local/lib/python3.7/site-packages/airflow/example_dags/example_latest_only_with_trigger.py
[2023-01-10T11:10:03.226+0000] {processor.py:753} INFO - DAG(s) dict_keys(['latest_only_with_trigger']) retrieved from /home/airflow/.local/lib/python3.7/site-packages/airflow/example_dags/example_latest_only_with_trigger.py
[2023-01-10T11:10:03.253+0000] {logging_mixin.py:137} INFO - [2023-01-10T11:10:03.253+0000] {dag.py:2676} INFO - Sync 1 DAGs
[2023-01-10T11:10:03.272+0000] {logging_mixin.py:137} INFO - [2023-01-10T11:10:03.272+0000] {dag.py:3427} INFO - Setting next_dagrun for latest_only_with_trigger to 2023-01-10T07:10:03.272539+00:00, run_after=2023-01-10T11:10:03.272539+00:00
[2023-01-10T11:10:03.287+0000] {processor.py:175} INFO - Processing /home/airflow/.local/lib/python3.7/site-packages/airflow/example_dags/example_latest_only_with_trigger.py took 0.073 seconds
