[2023-01-10T10:54:24.183+0000] {processor.py:153} INFO - Started process (PID=85) to work on /home/airflow/.local/lib/python3.7/site-packages/airflow/example_dags/example_external_task_marker_dag.py
[2023-01-10T10:54:24.183+0000] {processor.py:743} INFO - Processing file /home/airflow/.local/lib/python3.7/site-packages/airflow/example_dags/example_external_task_marker_dag.py for tasks to queue
[2023-01-10T10:54:24.184+0000] {logging_mixin.py:137} INFO - [2023-01-10T10:54:24.184+0000] {dagbag.py:538} INFO - Filling up the DagBag from /home/airflow/.local/lib/python3.7/site-packages/airflow/example_dags/example_external_task_marker_dag.py
[2023-01-10T10:54:24.195+0000] {processor.py:753} INFO - DAG(s) dict_keys(['example_external_task_marker_parent', 'example_external_task_marker_child']) retrieved from /home/airflow/.local/lib/python3.7/site-packages/airflow/example_dags/example_external_task_marker_dag.py
[2023-01-10T10:54:24.295+0000] {logging_mixin.py:137} INFO - [2023-01-10T10:54:24.294+0000] {manager.py:504} INFO - Created Permission View: can delete on DAG:example_external_task_marker_parent
[2023-01-10T10:54:24.302+0000] {logging_mixin.py:137} INFO - [2023-01-10T10:54:24.302+0000] {manager.py:504} INFO - Created Permission View: can read on DAG:example_external_task_marker_parent
[2023-01-10T10:54:24.306+0000] {logging_mixin.py:137} INFO - [2023-01-10T10:54:24.306+0000] {manager.py:504} INFO - Created Permission View: can edit on DAG:example_external_task_marker_parent
[2023-01-10T10:54:24.317+0000] {logging_mixin.py:137} INFO - [2023-01-10T10:54:24.317+0000] {manager.py:504} INFO - Created Permission View: can delete on DAG:example_external_task_marker_child
[2023-01-10T10:54:24.323+0000] {logging_mixin.py:137} INFO - [2023-01-10T10:54:24.322+0000] {manager.py:504} INFO - Created Permission View: can read on DAG:example_external_task_marker_child
[2023-01-10T10:54:24.327+0000] {logging_mixin.py:137} INFO - [2023-01-10T10:54:24.327+0000] {manager.py:504} INFO - Created Permission View: can edit on DAG:example_external_task_marker_child
[2023-01-10T10:54:24.327+0000] {logging_mixin.py:137} INFO - [2023-01-10T10:54:24.327+0000] {dag.py:2676} INFO - Sync 2 DAGs
[2023-01-10T10:54:24.338+0000] {logging_mixin.py:137} INFO - [2023-01-10T10:54:24.338+0000] {dag.py:2697} INFO - Creating ORM DAG for example_external_task_marker_parent
[2023-01-10T10:54:24.339+0000] {logging_mixin.py:137} INFO - [2023-01-10T10:54:24.339+0000] {dag.py:2697} INFO - Creating ORM DAG for example_external_task_marker_child
[2023-01-10T10:54:24.354+0000] {logging_mixin.py:137} INFO - [2023-01-10T10:54:24.353+0000] {dag.py:3427} INFO - Setting next_dagrun for example_external_task_marker_child to None, run_after=None
[2023-01-10T10:54:24.354+0000] {logging_mixin.py:137} INFO - [2023-01-10T10:54:24.354+0000] {dag.py:3427} INFO - Setting next_dagrun for example_external_task_marker_parent to None, run_after=None
[2023-01-10T10:54:24.373+0000] {processor.py:175} INFO - Processing /home/airflow/.local/lib/python3.7/site-packages/airflow/example_dags/example_external_task_marker_dag.py took 0.192 seconds
[2023-01-10T10:54:54.591+0000] {processor.py:153} INFO - Started process (PID=155) to work on /home/airflow/.local/lib/python3.7/site-packages/airflow/example_dags/example_external_task_marker_dag.py
[2023-01-10T10:54:54.592+0000] {processor.py:743} INFO - Processing file /home/airflow/.local/lib/python3.7/site-packages/airflow/example_dags/example_external_task_marker_dag.py for tasks to queue
[2023-01-10T10:54:54.592+0000] {logging_mixin.py:137} INFO - [2023-01-10T10:54:54.592+0000] {dagbag.py:538} INFO - Filling up the DagBag from /home/airflow/.local/lib/python3.7/site-packages/airflow/example_dags/example_external_task_marker_dag.py
[2023-01-10T10:54:54.604+0000] {processor.py:753} INFO - DAG(s) dict_keys(['example_external_task_marker_parent', 'example_external_task_marker_child']) retrieved from /home/airflow/.local/lib/python3.7/site-packages/airflow/example_dags/example_external_task_marker_dag.py
[2023-01-10T10:54:54.631+0000] {logging_mixin.py:137} INFO - [2023-01-10T10:54:54.631+0000] {dag.py:2676} INFO - Sync 2 DAGs
[2023-01-10T10:54:54.652+0000] {logging_mixin.py:137} INFO - [2023-01-10T10:54:54.651+0000] {dag.py:3427} INFO - Setting next_dagrun for example_external_task_marker_child to None, run_after=None
[2023-01-10T10:54:54.654+0000] {logging_mixin.py:137} INFO - [2023-01-10T10:54:54.654+0000] {dag.py:3427} INFO - Setting next_dagrun for example_external_task_marker_parent to None, run_after=None
[2023-01-10T10:54:54.666+0000] {processor.py:175} INFO - Processing /home/airflow/.local/lib/python3.7/site-packages/airflow/example_dags/example_external_task_marker_dag.py took 0.076 seconds
[2023-01-10T10:55:25.381+0000] {processor.py:153} INFO - Started process (PID=242) to work on /home/airflow/.local/lib/python3.7/site-packages/airflow/example_dags/example_external_task_marker_dag.py
[2023-01-10T10:55:25.382+0000] {processor.py:743} INFO - Processing file /home/airflow/.local/lib/python3.7/site-packages/airflow/example_dags/example_external_task_marker_dag.py for tasks to queue
[2023-01-10T10:55:25.383+0000] {logging_mixin.py:137} INFO - [2023-01-10T10:55:25.383+0000] {dagbag.py:538} INFO - Filling up the DagBag from /home/airflow/.local/lib/python3.7/site-packages/airflow/example_dags/example_external_task_marker_dag.py
[2023-01-10T10:55:25.400+0000] {processor.py:753} INFO - DAG(s) dict_keys(['example_external_task_marker_parent', 'example_external_task_marker_child']) retrieved from /home/airflow/.local/lib/python3.7/site-packages/airflow/example_dags/example_external_task_marker_dag.py
[2023-01-10T10:55:25.452+0000] {logging_mixin.py:137} INFO - [2023-01-10T10:55:25.451+0000] {dag.py:2676} INFO - Sync 2 DAGs
[2023-01-10T10:55:25.498+0000] {logging_mixin.py:137} INFO - [2023-01-10T10:55:25.498+0000] {dag.py:3427} INFO - Setting next_dagrun for example_external_task_marker_child to None, run_after=None
[2023-01-10T10:55:25.503+0000] {logging_mixin.py:137} INFO - [2023-01-10T10:55:25.503+0000] {dag.py:3427} INFO - Setting next_dagrun for example_external_task_marker_parent to None, run_after=None
[2023-01-10T10:55:25.550+0000] {processor.py:175} INFO - Processing /home/airflow/.local/lib/python3.7/site-packages/airflow/example_dags/example_external_task_marker_dag.py took 0.178 seconds
[2023-01-10T10:55:56.392+0000] {processor.py:153} INFO - Started process (PID=313) to work on /home/airflow/.local/lib/python3.7/site-packages/airflow/example_dags/example_external_task_marker_dag.py
[2023-01-10T10:55:56.392+0000] {processor.py:743} INFO - Processing file /home/airflow/.local/lib/python3.7/site-packages/airflow/example_dags/example_external_task_marker_dag.py for tasks to queue
[2023-01-10T10:55:56.393+0000] {logging_mixin.py:137} INFO - [2023-01-10T10:55:56.393+0000] {dagbag.py:538} INFO - Filling up the DagBag from /home/airflow/.local/lib/python3.7/site-packages/airflow/example_dags/example_external_task_marker_dag.py
[2023-01-10T10:55:56.403+0000] {processor.py:753} INFO - DAG(s) dict_keys(['example_external_task_marker_child', 'example_external_task_marker_parent']) retrieved from /home/airflow/.local/lib/python3.7/site-packages/airflow/example_dags/example_external_task_marker_dag.py
[2023-01-10T10:55:56.432+0000] {logging_mixin.py:137} INFO - [2023-01-10T10:55:56.432+0000] {dag.py:2676} INFO - Sync 2 DAGs
[2023-01-10T10:55:56.452+0000] {logging_mixin.py:137} INFO - [2023-01-10T10:55:56.452+0000] {dag.py:3427} INFO - Setting next_dagrun for example_external_task_marker_child to None, run_after=None
[2023-01-10T10:55:56.455+0000] {logging_mixin.py:137} INFO - [2023-01-10T10:55:56.454+0000] {dag.py:3427} INFO - Setting next_dagrun for example_external_task_marker_parent to None, run_after=None
[2023-01-10T10:55:56.466+0000] {processor.py:175} INFO - Processing /home/airflow/.local/lib/python3.7/site-packages/airflow/example_dags/example_external_task_marker_dag.py took 0.077 seconds
[2023-01-10T10:56:26.674+0000] {processor.py:153} INFO - Started process (PID=399) to work on /home/airflow/.local/lib/python3.7/site-packages/airflow/example_dags/example_external_task_marker_dag.py
[2023-01-10T10:56:26.675+0000] {processor.py:743} INFO - Processing file /home/airflow/.local/lib/python3.7/site-packages/airflow/example_dags/example_external_task_marker_dag.py for tasks to queue
[2023-01-10T10:56:26.676+0000] {logging_mixin.py:137} INFO - [2023-01-10T10:56:26.675+0000] {dagbag.py:538} INFO - Filling up the DagBag from /home/airflow/.local/lib/python3.7/site-packages/airflow/example_dags/example_external_task_marker_dag.py
[2023-01-10T10:56:26.686+0000] {processor.py:753} INFO - DAG(s) dict_keys(['example_external_task_marker_parent', 'example_external_task_marker_child']) retrieved from /home/airflow/.local/lib/python3.7/site-packages/airflow/example_dags/example_external_task_marker_dag.py
[2023-01-10T10:56:26.719+0000] {logging_mixin.py:137} INFO - [2023-01-10T10:56:26.719+0000] {dag.py:2676} INFO - Sync 2 DAGs
[2023-01-10T10:56:26.741+0000] {logging_mixin.py:137} INFO - [2023-01-10T10:56:26.741+0000] {dag.py:3427} INFO - Setting next_dagrun for example_external_task_marker_child to None, run_after=None
[2023-01-10T10:56:26.744+0000] {logging_mixin.py:137} INFO - [2023-01-10T10:56:26.744+0000] {dag.py:3427} INFO - Setting next_dagrun for example_external_task_marker_parent to None, run_after=None
[2023-01-10T10:56:26.754+0000] {processor.py:175} INFO - Processing /home/airflow/.local/lib/python3.7/site-packages/airflow/example_dags/example_external_task_marker_dag.py took 0.082 seconds
[2023-01-10T10:56:57.614+0000] {processor.py:153} INFO - Started process (PID=469) to work on /home/airflow/.local/lib/python3.7/site-packages/airflow/example_dags/example_external_task_marker_dag.py
[2023-01-10T10:56:57.615+0000] {processor.py:743} INFO - Processing file /home/airflow/.local/lib/python3.7/site-packages/airflow/example_dags/example_external_task_marker_dag.py for tasks to queue
[2023-01-10T10:56:57.615+0000] {logging_mixin.py:137} INFO - [2023-01-10T10:56:57.615+0000] {dagbag.py:538} INFO - Filling up the DagBag from /home/airflow/.local/lib/python3.7/site-packages/airflow/example_dags/example_external_task_marker_dag.py
[2023-01-10T10:56:57.632+0000] {processor.py:753} INFO - DAG(s) dict_keys(['example_external_task_marker_child', 'example_external_task_marker_parent']) retrieved from /home/airflow/.local/lib/python3.7/site-packages/airflow/example_dags/example_external_task_marker_dag.py
[2023-01-10T10:56:57.676+0000] {logging_mixin.py:137} INFO - [2023-01-10T10:56:57.676+0000] {dag.py:2676} INFO - Sync 2 DAGs
[2023-01-10T10:56:57.698+0000] {logging_mixin.py:137} INFO - [2023-01-10T10:56:57.698+0000] {dag.py:3427} INFO - Setting next_dagrun for example_external_task_marker_child to None, run_after=None
[2023-01-10T10:56:57.701+0000] {logging_mixin.py:137} INFO - [2023-01-10T10:56:57.701+0000] {dag.py:3427} INFO - Setting next_dagrun for example_external_task_marker_parent to None, run_after=None
[2023-01-10T10:56:57.715+0000] {processor.py:175} INFO - Processing /home/airflow/.local/lib/python3.7/site-packages/airflow/example_dags/example_external_task_marker_dag.py took 0.103 seconds
[2023-01-10T10:57:27.845+0000] {processor.py:153} INFO - Started process (PID=555) to work on /home/airflow/.local/lib/python3.7/site-packages/airflow/example_dags/example_external_task_marker_dag.py
[2023-01-10T10:57:27.846+0000] {processor.py:743} INFO - Processing file /home/airflow/.local/lib/python3.7/site-packages/airflow/example_dags/example_external_task_marker_dag.py for tasks to queue
[2023-01-10T10:57:27.846+0000] {logging_mixin.py:137} INFO - [2023-01-10T10:57:27.846+0000] {dagbag.py:538} INFO - Filling up the DagBag from /home/airflow/.local/lib/python3.7/site-packages/airflow/example_dags/example_external_task_marker_dag.py
[2023-01-10T10:57:27.856+0000] {processor.py:753} INFO - DAG(s) dict_keys(['example_external_task_marker_parent', 'example_external_task_marker_child']) retrieved from /home/airflow/.local/lib/python3.7/site-packages/airflow/example_dags/example_external_task_marker_dag.py
[2023-01-10T10:57:27.887+0000] {logging_mixin.py:137} INFO - [2023-01-10T10:57:27.886+0000] {dag.py:2676} INFO - Sync 2 DAGs
[2023-01-10T10:57:27.906+0000] {logging_mixin.py:137} INFO - [2023-01-10T10:57:27.906+0000] {dag.py:3427} INFO - Setting next_dagrun for example_external_task_marker_child to None, run_after=None
[2023-01-10T10:57:27.910+0000] {logging_mixin.py:137} INFO - [2023-01-10T10:57:27.910+0000] {dag.py:3427} INFO - Setting next_dagrun for example_external_task_marker_parent to None, run_after=None
[2023-01-10T10:57:27.922+0000] {processor.py:175} INFO - Processing /home/airflow/.local/lib/python3.7/site-packages/airflow/example_dags/example_external_task_marker_dag.py took 0.079 seconds
[2023-01-10T10:57:58.828+0000] {processor.py:153} INFO - Started process (PID=625) to work on /home/airflow/.local/lib/python3.7/site-packages/airflow/example_dags/example_external_task_marker_dag.py
[2023-01-10T10:57:58.829+0000] {processor.py:743} INFO - Processing file /home/airflow/.local/lib/python3.7/site-packages/airflow/example_dags/example_external_task_marker_dag.py for tasks to queue
[2023-01-10T10:57:58.829+0000] {logging_mixin.py:137} INFO - [2023-01-10T10:57:58.829+0000] {dagbag.py:538} INFO - Filling up the DagBag from /home/airflow/.local/lib/python3.7/site-packages/airflow/example_dags/example_external_task_marker_dag.py
[2023-01-10T10:57:58.839+0000] {processor.py:753} INFO - DAG(s) dict_keys(['example_external_task_marker_parent', 'example_external_task_marker_child']) retrieved from /home/airflow/.local/lib/python3.7/site-packages/airflow/example_dags/example_external_task_marker_dag.py
[2023-01-10T10:57:58.870+0000] {logging_mixin.py:137} INFO - [2023-01-10T10:57:58.870+0000] {dag.py:2676} INFO - Sync 2 DAGs
[2023-01-10T10:57:58.897+0000] {logging_mixin.py:137} INFO - [2023-01-10T10:57:58.897+0000] {dag.py:3427} INFO - Setting next_dagrun for example_external_task_marker_child to None, run_after=None
[2023-01-10T10:57:58.900+0000] {logging_mixin.py:137} INFO - [2023-01-10T10:57:58.900+0000] {dag.py:3427} INFO - Setting next_dagrun for example_external_task_marker_parent to None, run_after=None
[2023-01-10T10:57:58.915+0000] {processor.py:175} INFO - Processing /home/airflow/.local/lib/python3.7/site-packages/airflow/example_dags/example_external_task_marker_dag.py took 0.089 seconds
[2023-01-10T10:58:29.816+0000] {processor.py:153} INFO - Started process (PID=711) to work on /home/airflow/.local/lib/python3.7/site-packages/airflow/example_dags/example_external_task_marker_dag.py
[2023-01-10T10:58:29.816+0000] {processor.py:743} INFO - Processing file /home/airflow/.local/lib/python3.7/site-packages/airflow/example_dags/example_external_task_marker_dag.py for tasks to queue
[2023-01-10T10:58:29.817+0000] {logging_mixin.py:137} INFO - [2023-01-10T10:58:29.817+0000] {dagbag.py:538} INFO - Filling up the DagBag from /home/airflow/.local/lib/python3.7/site-packages/airflow/example_dags/example_external_task_marker_dag.py
[2023-01-10T10:58:29.826+0000] {processor.py:753} INFO - DAG(s) dict_keys(['example_external_task_marker_child', 'example_external_task_marker_parent']) retrieved from /home/airflow/.local/lib/python3.7/site-packages/airflow/example_dags/example_external_task_marker_dag.py
[2023-01-10T10:58:29.860+0000] {logging_mixin.py:137} INFO - [2023-01-10T10:58:29.860+0000] {dag.py:2676} INFO - Sync 2 DAGs
[2023-01-10T10:58:29.882+0000] {logging_mixin.py:137} INFO - [2023-01-10T10:58:29.882+0000] {dag.py:3427} INFO - Setting next_dagrun for example_external_task_marker_child to None, run_after=None
[2023-01-10T10:58:29.884+0000] {logging_mixin.py:137} INFO - [2023-01-10T10:58:29.884+0000] {dag.py:3427} INFO - Setting next_dagrun for example_external_task_marker_parent to None, run_after=None
[2023-01-10T10:58:29.897+0000] {processor.py:175} INFO - Processing /home/airflow/.local/lib/python3.7/site-packages/airflow/example_dags/example_external_task_marker_dag.py took 0.084 seconds
[2023-01-10T10:59:00.081+0000] {processor.py:153} INFO - Started process (PID=796) to work on /home/airflow/.local/lib/python3.7/site-packages/airflow/example_dags/example_external_task_marker_dag.py
[2023-01-10T10:59:00.082+0000] {processor.py:743} INFO - Processing file /home/airflow/.local/lib/python3.7/site-packages/airflow/example_dags/example_external_task_marker_dag.py for tasks to queue
[2023-01-10T10:59:00.082+0000] {logging_mixin.py:137} INFO - [2023-01-10T10:59:00.082+0000] {dagbag.py:538} INFO - Filling up the DagBag from /home/airflow/.local/lib/python3.7/site-packages/airflow/example_dags/example_external_task_marker_dag.py
[2023-01-10T10:59:00.093+0000] {processor.py:753} INFO - DAG(s) dict_keys(['example_external_task_marker_parent', 'example_external_task_marker_child']) retrieved from /home/airflow/.local/lib/python3.7/site-packages/airflow/example_dags/example_external_task_marker_dag.py
[2023-01-10T10:59:00.148+0000] {logging_mixin.py:137} INFO - [2023-01-10T10:59:00.147+0000] {dag.py:2676} INFO - Sync 2 DAGs
[2023-01-10T10:59:00.177+0000] {logging_mixin.py:137} INFO - [2023-01-10T10:59:00.177+0000] {dag.py:3427} INFO - Setting next_dagrun for example_external_task_marker_child to None, run_after=None
[2023-01-10T10:59:00.181+0000] {logging_mixin.py:137} INFO - [2023-01-10T10:59:00.181+0000] {dag.py:3427} INFO - Setting next_dagrun for example_external_task_marker_parent to None, run_after=None
[2023-01-10T10:59:00.196+0000] {processor.py:175} INFO - Processing /home/airflow/.local/lib/python3.7/site-packages/airflow/example_dags/example_external_task_marker_dag.py took 0.118 seconds
[2023-01-10T10:59:30.362+0000] {processor.py:153} INFO - Started process (PID=866) to work on /home/airflow/.local/lib/python3.7/site-packages/airflow/example_dags/example_external_task_marker_dag.py
[2023-01-10T10:59:30.363+0000] {processor.py:743} INFO - Processing file /home/airflow/.local/lib/python3.7/site-packages/airflow/example_dags/example_external_task_marker_dag.py for tasks to queue
[2023-01-10T10:59:30.364+0000] {logging_mixin.py:137} INFO - [2023-01-10T10:59:30.363+0000] {dagbag.py:538} INFO - Filling up the DagBag from /home/airflow/.local/lib/python3.7/site-packages/airflow/example_dags/example_external_task_marker_dag.py
[2023-01-10T10:59:30.373+0000] {processor.py:753} INFO - DAG(s) dict_keys(['example_external_task_marker_parent', 'example_external_task_marker_child']) retrieved from /home/airflow/.local/lib/python3.7/site-packages/airflow/example_dags/example_external_task_marker_dag.py
[2023-01-10T10:59:30.404+0000] {logging_mixin.py:137} INFO - [2023-01-10T10:59:30.404+0000] {dag.py:2676} INFO - Sync 2 DAGs
[2023-01-10T10:59:30.423+0000] {logging_mixin.py:137} INFO - [2023-01-10T10:59:30.423+0000] {dag.py:3427} INFO - Setting next_dagrun for example_external_task_marker_child to None, run_after=None
[2023-01-10T10:59:30.426+0000] {logging_mixin.py:137} INFO - [2023-01-10T10:59:30.426+0000] {dag.py:3427} INFO - Setting next_dagrun for example_external_task_marker_parent to None, run_after=None
[2023-01-10T10:59:30.439+0000] {processor.py:175} INFO - Processing /home/airflow/.local/lib/python3.7/site-packages/airflow/example_dags/example_external_task_marker_dag.py took 0.079 seconds
[2023-01-10T11:00:00.553+0000] {processor.py:153} INFO - Started process (PID=953) to work on /home/airflow/.local/lib/python3.7/site-packages/airflow/example_dags/example_external_task_marker_dag.py
[2023-01-10T11:00:00.553+0000] {processor.py:743} INFO - Processing file /home/airflow/.local/lib/python3.7/site-packages/airflow/example_dags/example_external_task_marker_dag.py for tasks to queue
[2023-01-10T11:00:00.554+0000] {logging_mixin.py:137} INFO - [2023-01-10T11:00:00.554+0000] {dagbag.py:538} INFO - Filling up the DagBag from /home/airflow/.local/lib/python3.7/site-packages/airflow/example_dags/example_external_task_marker_dag.py
[2023-01-10T11:00:00.564+0000] {processor.py:753} INFO - DAG(s) dict_keys(['example_external_task_marker_parent', 'example_external_task_marker_child']) retrieved from /home/airflow/.local/lib/python3.7/site-packages/airflow/example_dags/example_external_task_marker_dag.py
[2023-01-10T11:00:00.596+0000] {logging_mixin.py:137} INFO - [2023-01-10T11:00:00.595+0000] {dag.py:2676} INFO - Sync 2 DAGs
[2023-01-10T11:00:00.619+0000] {logging_mixin.py:137} INFO - [2023-01-10T11:00:00.619+0000] {dag.py:3427} INFO - Setting next_dagrun for example_external_task_marker_child to None, run_after=None
[2023-01-10T11:00:00.631+0000] {logging_mixin.py:137} INFO - [2023-01-10T11:00:00.631+0000] {dag.py:3427} INFO - Setting next_dagrun for example_external_task_marker_parent to None, run_after=None
[2023-01-10T11:00:00.650+0000] {processor.py:175} INFO - Processing /home/airflow/.local/lib/python3.7/site-packages/airflow/example_dags/example_external_task_marker_dag.py took 0.099 seconds
[2023-01-10T11:00:30.728+0000] {processor.py:153} INFO - Started process (PID=1023) to work on /home/airflow/.local/lib/python3.7/site-packages/airflow/example_dags/example_external_task_marker_dag.py
[2023-01-10T11:00:30.729+0000] {processor.py:743} INFO - Processing file /home/airflow/.local/lib/python3.7/site-packages/airflow/example_dags/example_external_task_marker_dag.py for tasks to queue
[2023-01-10T11:00:30.729+0000] {logging_mixin.py:137} INFO - [2023-01-10T11:00:30.729+0000] {dagbag.py:538} INFO - Filling up the DagBag from /home/airflow/.local/lib/python3.7/site-packages/airflow/example_dags/example_external_task_marker_dag.py
[2023-01-10T11:00:30.743+0000] {processor.py:753} INFO - DAG(s) dict_keys(['example_external_task_marker_parent', 'example_external_task_marker_child']) retrieved from /home/airflow/.local/lib/python3.7/site-packages/airflow/example_dags/example_external_task_marker_dag.py
[2023-01-10T11:00:30.774+0000] {logging_mixin.py:137} INFO - [2023-01-10T11:00:30.774+0000] {dag.py:2676} INFO - Sync 2 DAGs
[2023-01-10T11:00:30.796+0000] {logging_mixin.py:137} INFO - [2023-01-10T11:00:30.796+0000] {dag.py:3427} INFO - Setting next_dagrun for example_external_task_marker_child to None, run_after=None
[2023-01-10T11:00:30.801+0000] {logging_mixin.py:137} INFO - [2023-01-10T11:00:30.801+0000] {dag.py:3427} INFO - Setting next_dagrun for example_external_task_marker_parent to None, run_after=None
[2023-01-10T11:00:30.822+0000] {processor.py:175} INFO - Processing /home/airflow/.local/lib/python3.7/site-packages/airflow/example_dags/example_external_task_marker_dag.py took 0.096 seconds
[2023-01-10T11:01:00.929+0000] {processor.py:153} INFO - Started process (PID=1109) to work on /home/airflow/.local/lib/python3.7/site-packages/airflow/example_dags/example_external_task_marker_dag.py
[2023-01-10T11:01:00.930+0000] {processor.py:743} INFO - Processing file /home/airflow/.local/lib/python3.7/site-packages/airflow/example_dags/example_external_task_marker_dag.py for tasks to queue
[2023-01-10T11:01:00.930+0000] {logging_mixin.py:137} INFO - [2023-01-10T11:01:00.930+0000] {dagbag.py:538} INFO - Filling up the DagBag from /home/airflow/.local/lib/python3.7/site-packages/airflow/example_dags/example_external_task_marker_dag.py
[2023-01-10T11:01:00.942+0000] {processor.py:753} INFO - DAG(s) dict_keys(['example_external_task_marker_parent', 'example_external_task_marker_child']) retrieved from /home/airflow/.local/lib/python3.7/site-packages/airflow/example_dags/example_external_task_marker_dag.py
[2023-01-10T11:01:00.970+0000] {logging_mixin.py:137} INFO - [2023-01-10T11:01:00.970+0000] {dag.py:2676} INFO - Sync 2 DAGs
[2023-01-10T11:01:00.991+0000] {logging_mixin.py:137} INFO - [2023-01-10T11:01:00.991+0000] {dag.py:3427} INFO - Setting next_dagrun for example_external_task_marker_child to None, run_after=None
[2023-01-10T11:01:00.993+0000] {logging_mixin.py:137} INFO - [2023-01-10T11:01:00.993+0000] {dag.py:3427} INFO - Setting next_dagrun for example_external_task_marker_parent to None, run_after=None
[2023-01-10T11:01:01.004+0000] {processor.py:175} INFO - Processing /home/airflow/.local/lib/python3.7/site-packages/airflow/example_dags/example_external_task_marker_dag.py took 0.077 seconds
[2023-01-10T11:01:31.180+0000] {processor.py:153} INFO - Started process (PID=1179) to work on /home/airflow/.local/lib/python3.7/site-packages/airflow/example_dags/example_external_task_marker_dag.py
[2023-01-10T11:01:31.181+0000] {processor.py:743} INFO - Processing file /home/airflow/.local/lib/python3.7/site-packages/airflow/example_dags/example_external_task_marker_dag.py for tasks to queue
[2023-01-10T11:01:31.182+0000] {logging_mixin.py:137} INFO - [2023-01-10T11:01:31.182+0000] {dagbag.py:538} INFO - Filling up the DagBag from /home/airflow/.local/lib/python3.7/site-packages/airflow/example_dags/example_external_task_marker_dag.py
[2023-01-10T11:01:31.191+0000] {processor.py:753} INFO - DAG(s) dict_keys(['example_external_task_marker_parent', 'example_external_task_marker_child']) retrieved from /home/airflow/.local/lib/python3.7/site-packages/airflow/example_dags/example_external_task_marker_dag.py
[2023-01-10T11:01:31.221+0000] {logging_mixin.py:137} INFO - [2023-01-10T11:01:31.221+0000] {dag.py:2676} INFO - Sync 2 DAGs
[2023-01-10T11:01:31.240+0000] {logging_mixin.py:137} INFO - [2023-01-10T11:01:31.240+0000] {dag.py:3427} INFO - Setting next_dagrun for example_external_task_marker_child to None, run_after=None
[2023-01-10T11:01:31.242+0000] {logging_mixin.py:137} INFO - [2023-01-10T11:01:31.242+0000] {dag.py:3427} INFO - Setting next_dagrun for example_external_task_marker_parent to None, run_after=None
[2023-01-10T11:01:31.253+0000] {processor.py:175} INFO - Processing /home/airflow/.local/lib/python3.7/site-packages/airflow/example_dags/example_external_task_marker_dag.py took 0.075 seconds
[2023-01-10T11:02:01.539+0000] {processor.py:153} INFO - Started process (PID=1266) to work on /home/airflow/.local/lib/python3.7/site-packages/airflow/example_dags/example_external_task_marker_dag.py
[2023-01-10T11:02:01.540+0000] {processor.py:743} INFO - Processing file /home/airflow/.local/lib/python3.7/site-packages/airflow/example_dags/example_external_task_marker_dag.py for tasks to queue
[2023-01-10T11:02:01.541+0000] {logging_mixin.py:137} INFO - [2023-01-10T11:02:01.540+0000] {dagbag.py:538} INFO - Filling up the DagBag from /home/airflow/.local/lib/python3.7/site-packages/airflow/example_dags/example_external_task_marker_dag.py
[2023-01-10T11:02:01.555+0000] {processor.py:753} INFO - DAG(s) dict_keys(['example_external_task_marker_parent', 'example_external_task_marker_child']) retrieved from /home/airflow/.local/lib/python3.7/site-packages/airflow/example_dags/example_external_task_marker_dag.py
[2023-01-10T11:02:01.593+0000] {logging_mixin.py:137} INFO - [2023-01-10T11:02:01.593+0000] {dag.py:2676} INFO - Sync 2 DAGs
[2023-01-10T11:02:01.632+0000] {logging_mixin.py:137} INFO - [2023-01-10T11:02:01.631+0000] {dag.py:3427} INFO - Setting next_dagrun for example_external_task_marker_child to None, run_after=None
[2023-01-10T11:02:01.637+0000] {logging_mixin.py:137} INFO - [2023-01-10T11:02:01.636+0000] {dag.py:3427} INFO - Setting next_dagrun for example_external_task_marker_parent to None, run_after=None
[2023-01-10T11:02:01.657+0000] {processor.py:175} INFO - Processing /home/airflow/.local/lib/python3.7/site-packages/airflow/example_dags/example_external_task_marker_dag.py took 0.121 seconds
[2023-01-10T11:02:32.507+0000] {processor.py:153} INFO - Started process (PID=1336) to work on /home/airflow/.local/lib/python3.7/site-packages/airflow/example_dags/example_external_task_marker_dag.py
[2023-01-10T11:02:32.507+0000] {processor.py:743} INFO - Processing file /home/airflow/.local/lib/python3.7/site-packages/airflow/example_dags/example_external_task_marker_dag.py for tasks to queue
[2023-01-10T11:02:32.508+0000] {logging_mixin.py:137} INFO - [2023-01-10T11:02:32.508+0000] {dagbag.py:538} INFO - Filling up the DagBag from /home/airflow/.local/lib/python3.7/site-packages/airflow/example_dags/example_external_task_marker_dag.py
[2023-01-10T11:02:32.519+0000] {processor.py:753} INFO - DAG(s) dict_keys(['example_external_task_marker_parent', 'example_external_task_marker_child']) retrieved from /home/airflow/.local/lib/python3.7/site-packages/airflow/example_dags/example_external_task_marker_dag.py
[2023-01-10T11:02:32.588+0000] {logging_mixin.py:137} INFO - [2023-01-10T11:02:32.588+0000] {dag.py:2676} INFO - Sync 2 DAGs
[2023-01-10T11:02:32.609+0000] {logging_mixin.py:137} INFO - [2023-01-10T11:02:32.609+0000] {dag.py:3427} INFO - Setting next_dagrun for example_external_task_marker_child to None, run_after=None
[2023-01-10T11:02:32.611+0000] {logging_mixin.py:137} INFO - [2023-01-10T11:02:32.611+0000] {dag.py:3427} INFO - Setting next_dagrun for example_external_task_marker_parent to None, run_after=None
[2023-01-10T11:02:32.626+0000] {processor.py:175} INFO - Processing /home/airflow/.local/lib/python3.7/site-packages/airflow/example_dags/example_external_task_marker_dag.py took 0.121 seconds
[2023-01-10T11:03:02.692+0000] {processor.py:153} INFO - Started process (PID=1422) to work on /home/airflow/.local/lib/python3.7/site-packages/airflow/example_dags/example_external_task_marker_dag.py
[2023-01-10T11:03:02.693+0000] {processor.py:743} INFO - Processing file /home/airflow/.local/lib/python3.7/site-packages/airflow/example_dags/example_external_task_marker_dag.py for tasks to queue
[2023-01-10T11:03:02.693+0000] {logging_mixin.py:137} INFO - [2023-01-10T11:03:02.693+0000] {dagbag.py:538} INFO - Filling up the DagBag from /home/airflow/.local/lib/python3.7/site-packages/airflow/example_dags/example_external_task_marker_dag.py
[2023-01-10T11:03:02.703+0000] {processor.py:753} INFO - DAG(s) dict_keys(['example_external_task_marker_child', 'example_external_task_marker_parent']) retrieved from /home/airflow/.local/lib/python3.7/site-packages/airflow/example_dags/example_external_task_marker_dag.py
[2023-01-10T11:03:02.735+0000] {logging_mixin.py:137} INFO - [2023-01-10T11:03:02.734+0000] {dag.py:2676} INFO - Sync 2 DAGs
[2023-01-10T11:03:02.762+0000] {logging_mixin.py:137} INFO - [2023-01-10T11:03:02.762+0000] {dag.py:3427} INFO - Setting next_dagrun for example_external_task_marker_child to None, run_after=None
[2023-01-10T11:03:02.765+0000] {logging_mixin.py:137} INFO - [2023-01-10T11:03:02.764+0000] {dag.py:3427} INFO - Setting next_dagrun for example_external_task_marker_parent to None, run_after=None
[2023-01-10T11:03:02.778+0000] {processor.py:175} INFO - Processing /home/airflow/.local/lib/python3.7/site-packages/airflow/example_dags/example_external_task_marker_dag.py took 0.088 seconds
[2023-01-10T11:03:33.839+0000] {processor.py:153} INFO - Started process (PID=1493) to work on /home/airflow/.local/lib/python3.7/site-packages/airflow/example_dags/example_external_task_marker_dag.py
[2023-01-10T11:03:33.840+0000] {processor.py:743} INFO - Processing file /home/airflow/.local/lib/python3.7/site-packages/airflow/example_dags/example_external_task_marker_dag.py for tasks to queue
[2023-01-10T11:03:33.841+0000] {logging_mixin.py:137} INFO - [2023-01-10T11:03:33.841+0000] {dagbag.py:538} INFO - Filling up the DagBag from /home/airflow/.local/lib/python3.7/site-packages/airflow/example_dags/example_external_task_marker_dag.py
[2023-01-10T11:03:33.859+0000] {processor.py:753} INFO - DAG(s) dict_keys(['example_external_task_marker_child', 'example_external_task_marker_parent']) retrieved from /home/airflow/.local/lib/python3.7/site-packages/airflow/example_dags/example_external_task_marker_dag.py
[2023-01-10T11:03:33.914+0000] {logging_mixin.py:137} INFO - [2023-01-10T11:03:33.914+0000] {dag.py:2676} INFO - Sync 2 DAGs
[2023-01-10T11:03:33.948+0000] {logging_mixin.py:137} INFO - [2023-01-10T11:03:33.947+0000] {dag.py:3427} INFO - Setting next_dagrun for example_external_task_marker_child to None, run_after=None
[2023-01-10T11:03:33.953+0000] {logging_mixin.py:137} INFO - [2023-01-10T11:03:33.953+0000] {dag.py:3427} INFO - Setting next_dagrun for example_external_task_marker_parent to None, run_after=None
[2023-01-10T11:03:33.977+0000] {processor.py:175} INFO - Processing /home/airflow/.local/lib/python3.7/site-packages/airflow/example_dags/example_external_task_marker_dag.py took 0.142 seconds
[2023-01-10T11:04:04.106+0000] {processor.py:153} INFO - Started process (PID=1579) to work on /home/airflow/.local/lib/python3.7/site-packages/airflow/example_dags/example_external_task_marker_dag.py
[2023-01-10T11:04:04.106+0000] {processor.py:743} INFO - Processing file /home/airflow/.local/lib/python3.7/site-packages/airflow/example_dags/example_external_task_marker_dag.py for tasks to queue
[2023-01-10T11:04:04.107+0000] {logging_mixin.py:137} INFO - [2023-01-10T11:04:04.107+0000] {dagbag.py:538} INFO - Filling up the DagBag from /home/airflow/.local/lib/python3.7/site-packages/airflow/example_dags/example_external_task_marker_dag.py
[2023-01-10T11:04:04.117+0000] {processor.py:753} INFO - DAG(s) dict_keys(['example_external_task_marker_parent', 'example_external_task_marker_child']) retrieved from /home/airflow/.local/lib/python3.7/site-packages/airflow/example_dags/example_external_task_marker_dag.py
[2023-01-10T11:04:04.147+0000] {logging_mixin.py:137} INFO - [2023-01-10T11:04:04.147+0000] {dag.py:2676} INFO - Sync 2 DAGs
[2023-01-10T11:04:04.168+0000] {logging_mixin.py:137} INFO - [2023-01-10T11:04:04.168+0000] {dag.py:3427} INFO - Setting next_dagrun for example_external_task_marker_child to None, run_after=None
[2023-01-10T11:04:04.171+0000] {logging_mixin.py:137} INFO - [2023-01-10T11:04:04.171+0000] {dag.py:3427} INFO - Setting next_dagrun for example_external_task_marker_parent to None, run_after=None
[2023-01-10T11:04:04.183+0000] {processor.py:175} INFO - Processing /home/airflow/.local/lib/python3.7/site-packages/airflow/example_dags/example_external_task_marker_dag.py took 0.079 seconds
[2023-01-10T11:04:35.201+0000] {processor.py:153} INFO - Started process (PID=1658) to work on /home/airflow/.local/lib/python3.7/site-packages/airflow/example_dags/example_external_task_marker_dag.py
[2023-01-10T11:04:35.202+0000] {processor.py:743} INFO - Processing file /home/airflow/.local/lib/python3.7/site-packages/airflow/example_dags/example_external_task_marker_dag.py for tasks to queue
[2023-01-10T11:04:35.202+0000] {logging_mixin.py:137} INFO - [2023-01-10T11:04:35.202+0000] {dagbag.py:538} INFO - Filling up the DagBag from /home/airflow/.local/lib/python3.7/site-packages/airflow/example_dags/example_external_task_marker_dag.py
[2023-01-10T11:04:35.212+0000] {processor.py:753} INFO - DAG(s) dict_keys(['example_external_task_marker_parent', 'example_external_task_marker_child']) retrieved from /home/airflow/.local/lib/python3.7/site-packages/airflow/example_dags/example_external_task_marker_dag.py
[2023-01-10T11:04:35.242+0000] {logging_mixin.py:137} INFO - [2023-01-10T11:04:35.242+0000] {dag.py:2676} INFO - Sync 2 DAGs
[2023-01-10T11:04:35.264+0000] {logging_mixin.py:137} INFO - [2023-01-10T11:04:35.264+0000] {dag.py:3427} INFO - Setting next_dagrun for example_external_task_marker_child to None, run_after=None
[2023-01-10T11:04:35.267+0000] {logging_mixin.py:137} INFO - [2023-01-10T11:04:35.267+0000] {dag.py:3427} INFO - Setting next_dagrun for example_external_task_marker_parent to None, run_after=None
[2023-01-10T11:04:35.281+0000] {processor.py:175} INFO - Processing /home/airflow/.local/lib/python3.7/site-packages/airflow/example_dags/example_external_task_marker_dag.py took 0.083 seconds
[2023-01-10T11:05:05.309+0000] {processor.py:153} INFO - Started process (PID=1735) to work on /home/airflow/.local/lib/python3.7/site-packages/airflow/example_dags/example_external_task_marker_dag.py
[2023-01-10T11:05:05.310+0000] {processor.py:743} INFO - Processing file /home/airflow/.local/lib/python3.7/site-packages/airflow/example_dags/example_external_task_marker_dag.py for tasks to queue
[2023-01-10T11:05:05.310+0000] {logging_mixin.py:137} INFO - [2023-01-10T11:05:05.310+0000] {dagbag.py:538} INFO - Filling up the DagBag from /home/airflow/.local/lib/python3.7/site-packages/airflow/example_dags/example_external_task_marker_dag.py
[2023-01-10T11:05:05.319+0000] {processor.py:753} INFO - DAG(s) dict_keys(['example_external_task_marker_child', 'example_external_task_marker_parent']) retrieved from /home/airflow/.local/lib/python3.7/site-packages/airflow/example_dags/example_external_task_marker_dag.py
[2023-01-10T11:05:05.349+0000] {logging_mixin.py:137} INFO - [2023-01-10T11:05:05.349+0000] {dag.py:2676} INFO - Sync 2 DAGs
[2023-01-10T11:05:05.369+0000] {logging_mixin.py:137} INFO - [2023-01-10T11:05:05.369+0000] {dag.py:3427} INFO - Setting next_dagrun for example_external_task_marker_child to None, run_after=None
[2023-01-10T11:05:05.372+0000] {logging_mixin.py:137} INFO - [2023-01-10T11:05:05.371+0000] {dag.py:3427} INFO - Setting next_dagrun for example_external_task_marker_parent to None, run_after=None
[2023-01-10T11:05:05.383+0000] {processor.py:175} INFO - Processing /home/airflow/.local/lib/python3.7/site-packages/airflow/example_dags/example_external_task_marker_dag.py took 0.076 seconds
[2023-01-10T11:05:35.482+0000] {processor.py:153} INFO - Started process (PID=1821) to work on /home/airflow/.local/lib/python3.7/site-packages/airflow/example_dags/example_external_task_marker_dag.py
[2023-01-10T11:05:35.482+0000] {processor.py:743} INFO - Processing file /home/airflow/.local/lib/python3.7/site-packages/airflow/example_dags/example_external_task_marker_dag.py for tasks to queue
[2023-01-10T11:05:35.483+0000] {logging_mixin.py:137} INFO - [2023-01-10T11:05:35.483+0000] {dagbag.py:538} INFO - Filling up the DagBag from /home/airflow/.local/lib/python3.7/site-packages/airflow/example_dags/example_external_task_marker_dag.py
[2023-01-10T11:05:35.493+0000] {processor.py:753} INFO - DAG(s) dict_keys(['example_external_task_marker_child', 'example_external_task_marker_parent']) retrieved from /home/airflow/.local/lib/python3.7/site-packages/airflow/example_dags/example_external_task_marker_dag.py
[2023-01-10T11:05:35.529+0000] {logging_mixin.py:137} INFO - [2023-01-10T11:05:35.529+0000] {dag.py:2676} INFO - Sync 2 DAGs
[2023-01-10T11:05:35.559+0000] {logging_mixin.py:137} INFO - [2023-01-10T11:05:35.559+0000] {dag.py:3427} INFO - Setting next_dagrun for example_external_task_marker_child to None, run_after=None
[2023-01-10T11:05:35.563+0000] {logging_mixin.py:137} INFO - [2023-01-10T11:05:35.563+0000] {dag.py:3427} INFO - Setting next_dagrun for example_external_task_marker_parent to None, run_after=None
[2023-01-10T11:05:35.581+0000] {processor.py:175} INFO - Processing /home/airflow/.local/lib/python3.7/site-packages/airflow/example_dags/example_external_task_marker_dag.py took 0.102 seconds
[2023-01-10T11:06:05.605+0000] {processor.py:153} INFO - Started process (PID=1891) to work on /home/airflow/.local/lib/python3.7/site-packages/airflow/example_dags/example_external_task_marker_dag.py
[2023-01-10T11:06:05.606+0000] {processor.py:743} INFO - Processing file /home/airflow/.local/lib/python3.7/site-packages/airflow/example_dags/example_external_task_marker_dag.py for tasks to queue
[2023-01-10T11:06:05.606+0000] {logging_mixin.py:137} INFO - [2023-01-10T11:06:05.606+0000] {dagbag.py:538} INFO - Filling up the DagBag from /home/airflow/.local/lib/python3.7/site-packages/airflow/example_dags/example_external_task_marker_dag.py
[2023-01-10T11:06:05.616+0000] {processor.py:753} INFO - DAG(s) dict_keys(['example_external_task_marker_parent', 'example_external_task_marker_child']) retrieved from /home/airflow/.local/lib/python3.7/site-packages/airflow/example_dags/example_external_task_marker_dag.py
[2023-01-10T11:06:05.645+0000] {logging_mixin.py:137} INFO - [2023-01-10T11:06:05.645+0000] {dag.py:2676} INFO - Sync 2 DAGs
[2023-01-10T11:06:05.665+0000] {logging_mixin.py:137} INFO - [2023-01-10T11:06:05.664+0000] {dag.py:3427} INFO - Setting next_dagrun for example_external_task_marker_child to None, run_after=None
[2023-01-10T11:06:05.667+0000] {logging_mixin.py:137} INFO - [2023-01-10T11:06:05.667+0000] {dag.py:3427} INFO - Setting next_dagrun for example_external_task_marker_parent to None, run_after=None
[2023-01-10T11:06:05.679+0000] {processor.py:175} INFO - Processing /home/airflow/.local/lib/python3.7/site-packages/airflow/example_dags/example_external_task_marker_dag.py took 0.076 seconds
[2023-01-10T11:06:36.111+0000] {processor.py:153} INFO - Started process (PID=1977) to work on /home/airflow/.local/lib/python3.7/site-packages/airflow/example_dags/example_external_task_marker_dag.py
[2023-01-10T11:06:36.112+0000] {processor.py:743} INFO - Processing file /home/airflow/.local/lib/python3.7/site-packages/airflow/example_dags/example_external_task_marker_dag.py for tasks to queue
[2023-01-10T11:06:36.112+0000] {logging_mixin.py:137} INFO - [2023-01-10T11:06:36.112+0000] {dagbag.py:538} INFO - Filling up the DagBag from /home/airflow/.local/lib/python3.7/site-packages/airflow/example_dags/example_external_task_marker_dag.py
[2023-01-10T11:06:36.124+0000] {processor.py:753} INFO - DAG(s) dict_keys(['example_external_task_marker_child', 'example_external_task_marker_parent']) retrieved from /home/airflow/.local/lib/python3.7/site-packages/airflow/example_dags/example_external_task_marker_dag.py
[2023-01-10T11:06:36.158+0000] {logging_mixin.py:137} INFO - [2023-01-10T11:06:36.158+0000] {dag.py:2676} INFO - Sync 2 DAGs
[2023-01-10T11:06:36.180+0000] {logging_mixin.py:137} INFO - [2023-01-10T11:06:36.180+0000] {dag.py:3427} INFO - Setting next_dagrun for example_external_task_marker_child to None, run_after=None
[2023-01-10T11:06:36.185+0000] {logging_mixin.py:137} INFO - [2023-01-10T11:06:36.184+0000] {dag.py:3427} INFO - Setting next_dagrun for example_external_task_marker_parent to None, run_after=None
[2023-01-10T11:06:36.198+0000] {processor.py:175} INFO - Processing /home/airflow/.local/lib/python3.7/site-packages/airflow/example_dags/example_external_task_marker_dag.py took 0.089 seconds
[2023-01-10T11:07:06.392+0000] {processor.py:153} INFO - Started process (PID=2047) to work on /home/airflow/.local/lib/python3.7/site-packages/airflow/example_dags/example_external_task_marker_dag.py
[2023-01-10T11:07:06.393+0000] {processor.py:743} INFO - Processing file /home/airflow/.local/lib/python3.7/site-packages/airflow/example_dags/example_external_task_marker_dag.py for tasks to queue
[2023-01-10T11:07:06.394+0000] {logging_mixin.py:137} INFO - [2023-01-10T11:07:06.394+0000] {dagbag.py:538} INFO - Filling up the DagBag from /home/airflow/.local/lib/python3.7/site-packages/airflow/example_dags/example_external_task_marker_dag.py
[2023-01-10T11:07:06.405+0000] {processor.py:753} INFO - DAG(s) dict_keys(['example_external_task_marker_parent', 'example_external_task_marker_child']) retrieved from /home/airflow/.local/lib/python3.7/site-packages/airflow/example_dags/example_external_task_marker_dag.py
[2023-01-10T11:07:06.439+0000] {logging_mixin.py:137} INFO - [2023-01-10T11:07:06.439+0000] {dag.py:2676} INFO - Sync 2 DAGs
[2023-01-10T11:07:06.467+0000] {logging_mixin.py:137} INFO - [2023-01-10T11:07:06.467+0000] {dag.py:3427} INFO - Setting next_dagrun for example_external_task_marker_child to None, run_after=None
[2023-01-10T11:07:06.470+0000] {logging_mixin.py:137} INFO - [2023-01-10T11:07:06.470+0000] {dag.py:3427} INFO - Setting next_dagrun for example_external_task_marker_parent to None, run_after=None
[2023-01-10T11:07:06.487+0000] {processor.py:175} INFO - Processing /home/airflow/.local/lib/python3.7/site-packages/airflow/example_dags/example_external_task_marker_dag.py took 0.098 seconds
[2023-01-10T11:07:36.619+0000] {processor.py:153} INFO - Started process (PID=2133) to work on /home/airflow/.local/lib/python3.7/site-packages/airflow/example_dags/example_external_task_marker_dag.py
[2023-01-10T11:07:36.619+0000] {processor.py:743} INFO - Processing file /home/airflow/.local/lib/python3.7/site-packages/airflow/example_dags/example_external_task_marker_dag.py for tasks to queue
[2023-01-10T11:07:36.620+0000] {logging_mixin.py:137} INFO - [2023-01-10T11:07:36.620+0000] {dagbag.py:538} INFO - Filling up the DagBag from /home/airflow/.local/lib/python3.7/site-packages/airflow/example_dags/example_external_task_marker_dag.py
[2023-01-10T11:07:36.631+0000] {processor.py:753} INFO - DAG(s) dict_keys(['example_external_task_marker_parent', 'example_external_task_marker_child']) retrieved from /home/airflow/.local/lib/python3.7/site-packages/airflow/example_dags/example_external_task_marker_dag.py
[2023-01-10T11:07:36.660+0000] {logging_mixin.py:137} INFO - [2023-01-10T11:07:36.660+0000] {dag.py:2676} INFO - Sync 2 DAGs
[2023-01-10T11:07:36.680+0000] {logging_mixin.py:137} INFO - [2023-01-10T11:07:36.680+0000] {dag.py:3427} INFO - Setting next_dagrun for example_external_task_marker_child to None, run_after=None
[2023-01-10T11:07:36.682+0000] {logging_mixin.py:137} INFO - [2023-01-10T11:07:36.682+0000] {dag.py:3427} INFO - Setting next_dagrun for example_external_task_marker_parent to None, run_after=None
[2023-01-10T11:07:36.693+0000] {processor.py:175} INFO - Processing /home/airflow/.local/lib/python3.7/site-packages/airflow/example_dags/example_external_task_marker_dag.py took 0.077 seconds
[2023-01-10T11:08:06.847+0000] {processor.py:153} INFO - Started process (PID=2203) to work on /home/airflow/.local/lib/python3.7/site-packages/airflow/example_dags/example_external_task_marker_dag.py
[2023-01-10T11:08:06.848+0000] {processor.py:743} INFO - Processing file /home/airflow/.local/lib/python3.7/site-packages/airflow/example_dags/example_external_task_marker_dag.py for tasks to queue
[2023-01-10T11:08:06.848+0000] {logging_mixin.py:137} INFO - [2023-01-10T11:08:06.848+0000] {dagbag.py:538} INFO - Filling up the DagBag from /home/airflow/.local/lib/python3.7/site-packages/airflow/example_dags/example_external_task_marker_dag.py
[2023-01-10T11:08:06.858+0000] {processor.py:753} INFO - DAG(s) dict_keys(['example_external_task_marker_child', 'example_external_task_marker_parent']) retrieved from /home/airflow/.local/lib/python3.7/site-packages/airflow/example_dags/example_external_task_marker_dag.py
[2023-01-10T11:08:06.890+0000] {logging_mixin.py:137} INFO - [2023-01-10T11:08:06.890+0000] {dag.py:2676} INFO - Sync 2 DAGs
[2023-01-10T11:08:06.910+0000] {logging_mixin.py:137} INFO - [2023-01-10T11:08:06.910+0000] {dag.py:3427} INFO - Setting next_dagrun for example_external_task_marker_child to None, run_after=None
[2023-01-10T11:08:06.914+0000] {logging_mixin.py:137} INFO - [2023-01-10T11:08:06.914+0000] {dag.py:3427} INFO - Setting next_dagrun for example_external_task_marker_parent to None, run_after=None
[2023-01-10T11:08:06.927+0000] {processor.py:175} INFO - Processing /home/airflow/.local/lib/python3.7/site-packages/airflow/example_dags/example_external_task_marker_dag.py took 0.082 seconds
[2023-01-10T11:08:36.972+0000] {processor.py:153} INFO - Started process (PID=2289) to work on /home/airflow/.local/lib/python3.7/site-packages/airflow/example_dags/example_external_task_marker_dag.py
[2023-01-10T11:08:36.972+0000] {processor.py:743} INFO - Processing file /home/airflow/.local/lib/python3.7/site-packages/airflow/example_dags/example_external_task_marker_dag.py for tasks to queue
[2023-01-10T11:08:36.973+0000] {logging_mixin.py:137} INFO - [2023-01-10T11:08:36.973+0000] {dagbag.py:538} INFO - Filling up the DagBag from /home/airflow/.local/lib/python3.7/site-packages/airflow/example_dags/example_external_task_marker_dag.py
[2023-01-10T11:08:36.983+0000] {processor.py:753} INFO - DAG(s) dict_keys(['example_external_task_marker_parent', 'example_external_task_marker_child']) retrieved from /home/airflow/.local/lib/python3.7/site-packages/airflow/example_dags/example_external_task_marker_dag.py
[2023-01-10T11:08:37.018+0000] {logging_mixin.py:137} INFO - [2023-01-10T11:08:37.018+0000] {dag.py:2676} INFO - Sync 2 DAGs
[2023-01-10T11:08:37.040+0000] {logging_mixin.py:137} INFO - [2023-01-10T11:08:37.039+0000] {dag.py:3427} INFO - Setting next_dagrun for example_external_task_marker_child to None, run_after=None
[2023-01-10T11:08:37.043+0000] {logging_mixin.py:137} INFO - [2023-01-10T11:08:37.043+0000] {dag.py:3427} INFO - Setting next_dagrun for example_external_task_marker_parent to None, run_after=None
[2023-01-10T11:08:37.060+0000] {processor.py:175} INFO - Processing /home/airflow/.local/lib/python3.7/site-packages/airflow/example_dags/example_external_task_marker_dag.py took 0.090 seconds
[2023-01-10T11:09:07.316+0000] {processor.py:153} INFO - Started process (PID=2359) to work on /home/airflow/.local/lib/python3.7/site-packages/airflow/example_dags/example_external_task_marker_dag.py
[2023-01-10T11:09:07.316+0000] {processor.py:743} INFO - Processing file /home/airflow/.local/lib/python3.7/site-packages/airflow/example_dags/example_external_task_marker_dag.py for tasks to queue
[2023-01-10T11:09:07.317+0000] {logging_mixin.py:137} INFO - [2023-01-10T11:09:07.317+0000] {dagbag.py:538} INFO - Filling up the DagBag from /home/airflow/.local/lib/python3.7/site-packages/airflow/example_dags/example_external_task_marker_dag.py
[2023-01-10T11:09:07.327+0000] {processor.py:753} INFO - DAG(s) dict_keys(['example_external_task_marker_child', 'example_external_task_marker_parent']) retrieved from /home/airflow/.local/lib/python3.7/site-packages/airflow/example_dags/example_external_task_marker_dag.py
[2023-01-10T11:09:07.362+0000] {logging_mixin.py:137} INFO - [2023-01-10T11:09:07.362+0000] {dag.py:2676} INFO - Sync 2 DAGs
[2023-01-10T11:09:07.383+0000] {logging_mixin.py:137} INFO - [2023-01-10T11:09:07.383+0000] {dag.py:3427} INFO - Setting next_dagrun for example_external_task_marker_child to None, run_after=None
[2023-01-10T11:09:07.386+0000] {logging_mixin.py:137} INFO - [2023-01-10T11:09:07.386+0000] {dag.py:3427} INFO - Setting next_dagrun for example_external_task_marker_parent to None, run_after=None
[2023-01-10T11:09:07.401+0000] {processor.py:175} INFO - Processing /home/airflow/.local/lib/python3.7/site-packages/airflow/example_dags/example_external_task_marker_dag.py took 0.089 seconds
[2023-01-10T11:09:37.626+0000] {processor.py:153} INFO - Started process (PID=2444) to work on /home/airflow/.local/lib/python3.7/site-packages/airflow/example_dags/example_external_task_marker_dag.py
[2023-01-10T11:09:37.626+0000] {processor.py:743} INFO - Processing file /home/airflow/.local/lib/python3.7/site-packages/airflow/example_dags/example_external_task_marker_dag.py for tasks to queue
[2023-01-10T11:09:37.627+0000] {logging_mixin.py:137} INFO - [2023-01-10T11:09:37.627+0000] {dagbag.py:538} INFO - Filling up the DagBag from /home/airflow/.local/lib/python3.7/site-packages/airflow/example_dags/example_external_task_marker_dag.py
[2023-01-10T11:09:37.637+0000] {processor.py:753} INFO - DAG(s) dict_keys(['example_external_task_marker_child', 'example_external_task_marker_parent']) retrieved from /home/airflow/.local/lib/python3.7/site-packages/airflow/example_dags/example_external_task_marker_dag.py
[2023-01-10T11:09:37.671+0000] {logging_mixin.py:137} INFO - [2023-01-10T11:09:37.671+0000] {dag.py:2676} INFO - Sync 2 DAGs
[2023-01-10T11:09:37.692+0000] {logging_mixin.py:137} INFO - [2023-01-10T11:09:37.692+0000] {dag.py:3427} INFO - Setting next_dagrun for example_external_task_marker_child to None, run_after=None
[2023-01-10T11:09:37.695+0000] {logging_mixin.py:137} INFO - [2023-01-10T11:09:37.695+0000] {dag.py:3427} INFO - Setting next_dagrun for example_external_task_marker_parent to None, run_after=None
[2023-01-10T11:09:37.711+0000] {processor.py:175} INFO - Processing /home/airflow/.local/lib/python3.7/site-packages/airflow/example_dags/example_external_task_marker_dag.py took 0.088 seconds
[2023-01-10T11:10:08.606+0000] {processor.py:153} INFO - Started process (PID=2514) to work on /home/airflow/.local/lib/python3.7/site-packages/airflow/example_dags/example_external_task_marker_dag.py
[2023-01-10T11:10:08.606+0000] {processor.py:743} INFO - Processing file /home/airflow/.local/lib/python3.7/site-packages/airflow/example_dags/example_external_task_marker_dag.py for tasks to queue
[2023-01-10T11:10:08.607+0000] {logging_mixin.py:137} INFO - [2023-01-10T11:10:08.607+0000] {dagbag.py:538} INFO - Filling up the DagBag from /home/airflow/.local/lib/python3.7/site-packages/airflow/example_dags/example_external_task_marker_dag.py
[2023-01-10T11:10:08.618+0000] {processor.py:753} INFO - DAG(s) dict_keys(['example_external_task_marker_parent', 'example_external_task_marker_child']) retrieved from /home/airflow/.local/lib/python3.7/site-packages/airflow/example_dags/example_external_task_marker_dag.py
[2023-01-10T11:10:08.647+0000] {logging_mixin.py:137} INFO - [2023-01-10T11:10:08.647+0000] {dag.py:2676} INFO - Sync 2 DAGs
[2023-01-10T11:10:08.670+0000] {logging_mixin.py:137} INFO - [2023-01-10T11:10:08.670+0000] {dag.py:3427} INFO - Setting next_dagrun for example_external_task_marker_child to None, run_after=None
[2023-01-10T11:10:08.672+0000] {logging_mixin.py:137} INFO - [2023-01-10T11:10:08.672+0000] {dag.py:3427} INFO - Setting next_dagrun for example_external_task_marker_parent to None, run_after=None
[2023-01-10T11:10:08.686+0000] {processor.py:175} INFO - Processing /home/airflow/.local/lib/python3.7/site-packages/airflow/example_dags/example_external_task_marker_dag.py took 0.083 seconds
