[2023-01-10T10:54:21.543+0000] {processor.py:153} INFO - Started process (PID=59) to work on /home/airflow/.local/lib/python3.7/site-packages/airflow/example_dags/example_latest_only.py
[2023-01-10T10:54:21.544+0000] {processor.py:743} INFO - Processing file /home/airflow/.local/lib/python3.7/site-packages/airflow/example_dags/example_latest_only.py for tasks to queue
[2023-01-10T10:54:21.545+0000] {logging_mixin.py:137} INFO - [2023-01-10T10:54:21.545+0000] {dagbag.py:538} INFO - Filling up the DagBag from /home/airflow/.local/lib/python3.7/site-packages/airflow/example_dags/example_latest_only.py
[2023-01-10T10:54:21.563+0000] {processor.py:753} INFO - DAG(s) dict_keys(['latest_only']) retrieved from /home/airflow/.local/lib/python3.7/site-packages/airflow/example_dags/example_latest_only.py
[2023-01-10T10:54:21.721+0000] {logging_mixin.py:137} INFO - [2023-01-10T10:54:21.721+0000] {manager.py:504} INFO - Created Permission View: can delete on DAG:latest_only
[2023-01-10T10:54:21.741+0000] {logging_mixin.py:137} INFO - [2023-01-10T10:54:21.741+0000] {manager.py:504} INFO - Created Permission View: can read on DAG:latest_only
[2023-01-10T10:54:21.751+0000] {logging_mixin.py:137} INFO - [2023-01-10T10:54:21.751+0000] {manager.py:504} INFO - Created Permission View: can edit on DAG:latest_only
[2023-01-10T10:54:21.751+0000] {logging_mixin.py:137} INFO - [2023-01-10T10:54:21.751+0000] {dag.py:2676} INFO - Sync 1 DAGs
[2023-01-10T10:54:21.775+0000] {logging_mixin.py:137} INFO - [2023-01-10T10:54:21.775+0000] {dag.py:2697} INFO - Creating ORM DAG for latest_only
[2023-01-10T10:54:21.796+0000] {logging_mixin.py:137} INFO - [2023-01-10T10:54:21.796+0000] {dag.py:3427} INFO - Setting next_dagrun for latest_only to 2023-01-10T06:54:21.796172+00:00, run_after=2023-01-10T10:54:21.796172+00:00
[2023-01-10T10:54:21.824+0000] {processor.py:175} INFO - Processing /home/airflow/.local/lib/python3.7/site-packages/airflow/example_dags/example_latest_only.py took 0.286 seconds
[2023-01-10T10:54:52.654+0000] {processor.py:153} INFO - Started process (PID=136) to work on /home/airflow/.local/lib/python3.7/site-packages/airflow/example_dags/example_latest_only.py
[2023-01-10T10:54:52.661+0000] {processor.py:743} INFO - Processing file /home/airflow/.local/lib/python3.7/site-packages/airflow/example_dags/example_latest_only.py for tasks to queue
[2023-01-10T10:54:52.662+0000] {logging_mixin.py:137} INFO - [2023-01-10T10:54:52.662+0000] {dagbag.py:538} INFO - Filling up the DagBag from /home/airflow/.local/lib/python3.7/site-packages/airflow/example_dags/example_latest_only.py
[2023-01-10T10:54:52.673+0000] {processor.py:753} INFO - DAG(s) dict_keys(['latest_only']) retrieved from /home/airflow/.local/lib/python3.7/site-packages/airflow/example_dags/example_latest_only.py
[2023-01-10T10:54:52.699+0000] {logging_mixin.py:137} INFO - [2023-01-10T10:54:52.699+0000] {dag.py:2676} INFO - Sync 1 DAGs
[2023-01-10T10:54:52.718+0000] {logging_mixin.py:137} INFO - [2023-01-10T10:54:52.718+0000] {dag.py:3427} INFO - Setting next_dagrun for latest_only to 2023-01-10T06:54:52.718420+00:00, run_after=2023-01-10T10:54:52.718420+00:00
[2023-01-10T10:54:52.732+0000] {processor.py:175} INFO - Processing /home/airflow/.local/lib/python3.7/site-packages/airflow/example_dags/example_latest_only.py took 0.080 seconds
[2023-01-10T10:55:23.461+0000] {processor.py:153} INFO - Started process (PID=216) to work on /home/airflow/.local/lib/python3.7/site-packages/airflow/example_dags/example_latest_only.py
[2023-01-10T10:55:23.462+0000] {processor.py:743} INFO - Processing file /home/airflow/.local/lib/python3.7/site-packages/airflow/example_dags/example_latest_only.py for tasks to queue
[2023-01-10T10:55:23.462+0000] {logging_mixin.py:137} INFO - [2023-01-10T10:55:23.462+0000] {dagbag.py:538} INFO - Filling up the DagBag from /home/airflow/.local/lib/python3.7/site-packages/airflow/example_dags/example_latest_only.py
[2023-01-10T10:55:23.478+0000] {processor.py:753} INFO - DAG(s) dict_keys(['latest_only']) retrieved from /home/airflow/.local/lib/python3.7/site-packages/airflow/example_dags/example_latest_only.py
[2023-01-10T10:55:23.518+0000] {logging_mixin.py:137} INFO - [2023-01-10T10:55:23.517+0000] {dag.py:2676} INFO - Sync 1 DAGs
[2023-01-10T10:55:23.550+0000] {logging_mixin.py:137} INFO - [2023-01-10T10:55:23.549+0000] {dag.py:3427} INFO - Setting next_dagrun for latest_only to 2023-01-10T06:55:23.549684+00:00, run_after=2023-01-10T10:55:23.549684+00:00
[2023-01-10T10:55:23.571+0000] {processor.py:175} INFO - Processing /home/airflow/.local/lib/python3.7/site-packages/airflow/example_dags/example_latest_only.py took 0.112 seconds
[2023-01-10T10:55:54.308+0000] {processor.py:153} INFO - Started process (PID=294) to work on /home/airflow/.local/lib/python3.7/site-packages/airflow/example_dags/example_latest_only.py
[2023-01-10T10:55:54.309+0000] {processor.py:743} INFO - Processing file /home/airflow/.local/lib/python3.7/site-packages/airflow/example_dags/example_latest_only.py for tasks to queue
[2023-01-10T10:55:54.309+0000] {logging_mixin.py:137} INFO - [2023-01-10T10:55:54.309+0000] {dagbag.py:538} INFO - Filling up the DagBag from /home/airflow/.local/lib/python3.7/site-packages/airflow/example_dags/example_latest_only.py
[2023-01-10T10:55:54.320+0000] {processor.py:753} INFO - DAG(s) dict_keys(['latest_only']) retrieved from /home/airflow/.local/lib/python3.7/site-packages/airflow/example_dags/example_latest_only.py
[2023-01-10T10:55:54.356+0000] {logging_mixin.py:137} INFO - [2023-01-10T10:55:54.355+0000] {dag.py:2676} INFO - Sync 1 DAGs
[2023-01-10T10:55:54.378+0000] {logging_mixin.py:137} INFO - [2023-01-10T10:55:54.378+0000] {dag.py:3427} INFO - Setting next_dagrun for latest_only to 2023-01-10T06:55:54.378018+00:00, run_after=2023-01-10T10:55:54.378018+00:00
[2023-01-10T10:55:54.394+0000] {processor.py:175} INFO - Processing /home/airflow/.local/lib/python3.7/site-packages/airflow/example_dags/example_latest_only.py took 0.088 seconds
[2023-01-10T10:56:24.422+0000] {processor.py:153} INFO - Started process (PID=372) to work on /home/airflow/.local/lib/python3.7/site-packages/airflow/example_dags/example_latest_only.py
[2023-01-10T10:56:24.423+0000] {processor.py:743} INFO - Processing file /home/airflow/.local/lib/python3.7/site-packages/airflow/example_dags/example_latest_only.py for tasks to queue
[2023-01-10T10:56:24.424+0000] {logging_mixin.py:137} INFO - [2023-01-10T10:56:24.424+0000] {dagbag.py:538} INFO - Filling up the DagBag from /home/airflow/.local/lib/python3.7/site-packages/airflow/example_dags/example_latest_only.py
[2023-01-10T10:56:24.435+0000] {processor.py:753} INFO - DAG(s) dict_keys(['latest_only']) retrieved from /home/airflow/.local/lib/python3.7/site-packages/airflow/example_dags/example_latest_only.py
[2023-01-10T10:56:24.467+0000] {logging_mixin.py:137} INFO - [2023-01-10T10:56:24.466+0000] {dag.py:2676} INFO - Sync 1 DAGs
[2023-01-10T10:56:24.490+0000] {logging_mixin.py:137} INFO - [2023-01-10T10:56:24.490+0000] {dag.py:3427} INFO - Setting next_dagrun for latest_only to 2023-01-10T06:56:24.490263+00:00, run_after=2023-01-10T10:56:24.490263+00:00
[2023-01-10T10:56:24.508+0000] {processor.py:175} INFO - Processing /home/airflow/.local/lib/python3.7/site-packages/airflow/example_dags/example_latest_only.py took 0.088 seconds
[2023-01-10T10:56:54.557+0000] {processor.py:153} INFO - Started process (PID=449) to work on /home/airflow/.local/lib/python3.7/site-packages/airflow/example_dags/example_latest_only.py
[2023-01-10T10:56:54.558+0000] {processor.py:743} INFO - Processing file /home/airflow/.local/lib/python3.7/site-packages/airflow/example_dags/example_latest_only.py for tasks to queue
[2023-01-10T10:56:54.558+0000] {logging_mixin.py:137} INFO - [2023-01-10T10:56:54.558+0000] {dagbag.py:538} INFO - Filling up the DagBag from /home/airflow/.local/lib/python3.7/site-packages/airflow/example_dags/example_latest_only.py
[2023-01-10T10:56:54.568+0000] {processor.py:753} INFO - DAG(s) dict_keys(['latest_only']) retrieved from /home/airflow/.local/lib/python3.7/site-packages/airflow/example_dags/example_latest_only.py
[2023-01-10T10:56:54.597+0000] {logging_mixin.py:137} INFO - [2023-01-10T10:56:54.597+0000] {dag.py:2676} INFO - Sync 1 DAGs
[2023-01-10T10:56:54.618+0000] {logging_mixin.py:137} INFO - [2023-01-10T10:56:54.618+0000] {dag.py:3427} INFO - Setting next_dagrun for latest_only to 2023-01-10T06:56:54.618399+00:00, run_after=2023-01-10T10:56:54.618399+00:00
[2023-01-10T10:56:54.631+0000] {processor.py:175} INFO - Processing /home/airflow/.local/lib/python3.7/site-packages/airflow/example_dags/example_latest_only.py took 0.076 seconds
[2023-01-10T10:57:24.845+0000] {processor.py:153} INFO - Started process (PID=535) to work on /home/airflow/.local/lib/python3.7/site-packages/airflow/example_dags/example_latest_only.py
[2023-01-10T10:57:24.846+0000] {processor.py:743} INFO - Processing file /home/airflow/.local/lib/python3.7/site-packages/airflow/example_dags/example_latest_only.py for tasks to queue
[2023-01-10T10:57:24.846+0000] {logging_mixin.py:137} INFO - [2023-01-10T10:57:24.846+0000] {dagbag.py:538} INFO - Filling up the DagBag from /home/airflow/.local/lib/python3.7/site-packages/airflow/example_dags/example_latest_only.py
[2023-01-10T10:57:24.858+0000] {processor.py:753} INFO - DAG(s) dict_keys(['latest_only']) retrieved from /home/airflow/.local/lib/python3.7/site-packages/airflow/example_dags/example_latest_only.py
[2023-01-10T10:57:24.886+0000] {logging_mixin.py:137} INFO - [2023-01-10T10:57:24.885+0000] {dag.py:2676} INFO - Sync 1 DAGs
[2023-01-10T10:57:24.906+0000] {logging_mixin.py:137} INFO - [2023-01-10T10:57:24.906+0000] {dag.py:3427} INFO - Setting next_dagrun for latest_only to 2023-01-10T06:57:24.906211+00:00, run_after=2023-01-10T10:57:24.906211+00:00
[2023-01-10T10:57:24.919+0000] {processor.py:175} INFO - Processing /home/airflow/.local/lib/python3.7/site-packages/airflow/example_dags/example_latest_only.py took 0.077 seconds
[2023-01-10T10:57:55.870+0000] {processor.py:153} INFO - Started process (PID=605) to work on /home/airflow/.local/lib/python3.7/site-packages/airflow/example_dags/example_latest_only.py
[2023-01-10T10:57:55.871+0000] {processor.py:743} INFO - Processing file /home/airflow/.local/lib/python3.7/site-packages/airflow/example_dags/example_latest_only.py for tasks to queue
[2023-01-10T10:57:55.871+0000] {logging_mixin.py:137} INFO - [2023-01-10T10:57:55.871+0000] {dagbag.py:538} INFO - Filling up the DagBag from /home/airflow/.local/lib/python3.7/site-packages/airflow/example_dags/example_latest_only.py
[2023-01-10T10:57:55.881+0000] {processor.py:753} INFO - DAG(s) dict_keys(['latest_only']) retrieved from /home/airflow/.local/lib/python3.7/site-packages/airflow/example_dags/example_latest_only.py
[2023-01-10T10:57:55.912+0000] {logging_mixin.py:137} INFO - [2023-01-10T10:57:55.912+0000] {dag.py:2676} INFO - Sync 1 DAGs
[2023-01-10T10:57:55.930+0000] {logging_mixin.py:137} INFO - [2023-01-10T10:57:55.930+0000] {dag.py:3427} INFO - Setting next_dagrun for latest_only to 2023-01-10T06:57:55.930052+00:00, run_after=2023-01-10T10:57:55.930052+00:00
[2023-01-10T10:57:55.944+0000] {processor.py:175} INFO - Processing /home/airflow/.local/lib/python3.7/site-packages/airflow/example_dags/example_latest_only.py took 0.076 seconds
[2023-01-10T10:58:26.827+0000] {processor.py:153} INFO - Started process (PID=691) to work on /home/airflow/.local/lib/python3.7/site-packages/airflow/example_dags/example_latest_only.py
[2023-01-10T10:58:26.828+0000] {processor.py:743} INFO - Processing file /home/airflow/.local/lib/python3.7/site-packages/airflow/example_dags/example_latest_only.py for tasks to queue
[2023-01-10T10:58:26.828+0000] {logging_mixin.py:137} INFO - [2023-01-10T10:58:26.828+0000] {dagbag.py:538} INFO - Filling up the DagBag from /home/airflow/.local/lib/python3.7/site-packages/airflow/example_dags/example_latest_only.py
[2023-01-10T10:58:26.838+0000] {processor.py:753} INFO - DAG(s) dict_keys(['latest_only']) retrieved from /home/airflow/.local/lib/python3.7/site-packages/airflow/example_dags/example_latest_only.py
[2023-01-10T10:58:26.866+0000] {logging_mixin.py:137} INFO - [2023-01-10T10:58:26.866+0000] {dag.py:2676} INFO - Sync 1 DAGs
[2023-01-10T10:58:26.888+0000] {logging_mixin.py:137} INFO - [2023-01-10T10:58:26.887+0000] {dag.py:3427} INFO - Setting next_dagrun for latest_only to 2023-01-10T06:58:26.887642+00:00, run_after=2023-01-10T10:58:26.887642+00:00
[2023-01-10T10:58:26.901+0000] {processor.py:175} INFO - Processing /home/airflow/.local/lib/python3.7/site-packages/airflow/example_dags/example_latest_only.py took 0.076 seconds
[2023-01-10T10:58:57.797+0000] {processor.py:153} INFO - Started process (PID=760) to work on /home/airflow/.local/lib/python3.7/site-packages/airflow/example_dags/example_latest_only.py
[2023-01-10T10:58:57.798+0000] {processor.py:743} INFO - Processing file /home/airflow/.local/lib/python3.7/site-packages/airflow/example_dags/example_latest_only.py for tasks to queue
[2023-01-10T10:58:57.799+0000] {logging_mixin.py:137} INFO - [2023-01-10T10:58:57.799+0000] {dagbag.py:538} INFO - Filling up the DagBag from /home/airflow/.local/lib/python3.7/site-packages/airflow/example_dags/example_latest_only.py
[2023-01-10T10:58:57.809+0000] {processor.py:753} INFO - DAG(s) dict_keys(['latest_only']) retrieved from /home/airflow/.local/lib/python3.7/site-packages/airflow/example_dags/example_latest_only.py
[2023-01-10T10:58:57.839+0000] {logging_mixin.py:137} INFO - [2023-01-10T10:58:57.839+0000] {dag.py:2676} INFO - Sync 1 DAGs
[2023-01-10T10:58:57.859+0000] {logging_mixin.py:137} INFO - [2023-01-10T10:58:57.859+0000] {dag.py:3427} INFO - Setting next_dagrun for latest_only to 2023-01-10T06:58:57.858928+00:00, run_after=2023-01-10T10:58:57.858928+00:00
[2023-01-10T10:58:57.874+0000] {processor.py:175} INFO - Processing /home/airflow/.local/lib/python3.7/site-packages/airflow/example_dags/example_latest_only.py took 0.079 seconds
[2023-01-10T10:59:28.188+0000] {processor.py:153} INFO - Started process (PID=846) to work on /home/airflow/.local/lib/python3.7/site-packages/airflow/example_dags/example_latest_only.py
[2023-01-10T10:59:28.189+0000] {processor.py:743} INFO - Processing file /home/airflow/.local/lib/python3.7/site-packages/airflow/example_dags/example_latest_only.py for tasks to queue
[2023-01-10T10:59:28.190+0000] {logging_mixin.py:137} INFO - [2023-01-10T10:59:28.189+0000] {dagbag.py:538} INFO - Filling up the DagBag from /home/airflow/.local/lib/python3.7/site-packages/airflow/example_dags/example_latest_only.py
[2023-01-10T10:59:28.199+0000] {processor.py:753} INFO - DAG(s) dict_keys(['latest_only']) retrieved from /home/airflow/.local/lib/python3.7/site-packages/airflow/example_dags/example_latest_only.py
[2023-01-10T10:59:28.227+0000] {logging_mixin.py:137} INFO - [2023-01-10T10:59:28.227+0000] {dag.py:2676} INFO - Sync 1 DAGs
[2023-01-10T10:59:28.246+0000] {logging_mixin.py:137} INFO - [2023-01-10T10:59:28.246+0000] {dag.py:3427} INFO - Setting next_dagrun for latest_only to 2023-01-10T06:59:28.246155+00:00, run_after=2023-01-10T10:59:28.246155+00:00
[2023-01-10T10:59:28.269+0000] {processor.py:175} INFO - Processing /home/airflow/.local/lib/python3.7/site-packages/airflow/example_dags/example_latest_only.py took 0.082 seconds
[2023-01-10T10:59:58.486+0000] {processor.py:153} INFO - Started process (PID=917) to work on /home/airflow/.local/lib/python3.7/site-packages/airflow/example_dags/example_latest_only.py
[2023-01-10T10:59:58.487+0000] {processor.py:743} INFO - Processing file /home/airflow/.local/lib/python3.7/site-packages/airflow/example_dags/example_latest_only.py for tasks to queue
[2023-01-10T10:59:58.488+0000] {logging_mixin.py:137} INFO - [2023-01-10T10:59:58.488+0000] {dagbag.py:538} INFO - Filling up the DagBag from /home/airflow/.local/lib/python3.7/site-packages/airflow/example_dags/example_latest_only.py
[2023-01-10T10:59:58.497+0000] {processor.py:753} INFO - DAG(s) dict_keys(['latest_only']) retrieved from /home/airflow/.local/lib/python3.7/site-packages/airflow/example_dags/example_latest_only.py
[2023-01-10T10:59:58.526+0000] {logging_mixin.py:137} INFO - [2023-01-10T10:59:58.526+0000] {dag.py:2676} INFO - Sync 1 DAGs
[2023-01-10T10:59:58.547+0000] {logging_mixin.py:137} INFO - [2023-01-10T10:59:58.547+0000] {dag.py:3427} INFO - Setting next_dagrun for latest_only to 2023-01-10T06:59:58.546831+00:00, run_after=2023-01-10T10:59:58.546831+00:00
[2023-01-10T10:59:58.561+0000] {processor.py:175} INFO - Processing /home/airflow/.local/lib/python3.7/site-packages/airflow/example_dags/example_latest_only.py took 0.077 seconds
[2023-01-10T11:00:28.595+0000] {processor.py:153} INFO - Started process (PID=1003) to work on /home/airflow/.local/lib/python3.7/site-packages/airflow/example_dags/example_latest_only.py
[2023-01-10T11:00:28.596+0000] {processor.py:743} INFO - Processing file /home/airflow/.local/lib/python3.7/site-packages/airflow/example_dags/example_latest_only.py for tasks to queue
[2023-01-10T11:00:28.596+0000] {logging_mixin.py:137} INFO - [2023-01-10T11:00:28.596+0000] {dagbag.py:538} INFO - Filling up the DagBag from /home/airflow/.local/lib/python3.7/site-packages/airflow/example_dags/example_latest_only.py
[2023-01-10T11:00:28.605+0000] {processor.py:753} INFO - DAG(s) dict_keys(['latest_only']) retrieved from /home/airflow/.local/lib/python3.7/site-packages/airflow/example_dags/example_latest_only.py
[2023-01-10T11:00:28.632+0000] {logging_mixin.py:137} INFO - [2023-01-10T11:00:28.631+0000] {dag.py:2676} INFO - Sync 1 DAGs
[2023-01-10T11:00:28.650+0000] {logging_mixin.py:137} INFO - [2023-01-10T11:00:28.650+0000] {dag.py:3427} INFO - Setting next_dagrun for latest_only to 2023-01-10T07:00:28.650532+00:00, run_after=2023-01-10T11:00:28.650532+00:00
[2023-01-10T11:00:28.666+0000] {processor.py:175} INFO - Processing /home/airflow/.local/lib/python3.7/site-packages/airflow/example_dags/example_latest_only.py took 0.073 seconds
[2023-01-10T11:00:58.849+0000] {processor.py:153} INFO - Started process (PID=1080) to work on /home/airflow/.local/lib/python3.7/site-packages/airflow/example_dags/example_latest_only.py
[2023-01-10T11:00:58.849+0000] {processor.py:743} INFO - Processing file /home/airflow/.local/lib/python3.7/site-packages/airflow/example_dags/example_latest_only.py for tasks to queue
[2023-01-10T11:00:58.850+0000] {logging_mixin.py:137} INFO - [2023-01-10T11:00:58.850+0000] {dagbag.py:538} INFO - Filling up the DagBag from /home/airflow/.local/lib/python3.7/site-packages/airflow/example_dags/example_latest_only.py
[2023-01-10T11:00:58.860+0000] {processor.py:753} INFO - DAG(s) dict_keys(['latest_only']) retrieved from /home/airflow/.local/lib/python3.7/site-packages/airflow/example_dags/example_latest_only.py
[2023-01-10T11:00:58.891+0000] {logging_mixin.py:137} INFO - [2023-01-10T11:00:58.891+0000] {dag.py:2676} INFO - Sync 1 DAGs
[2023-01-10T11:00:58.921+0000] {logging_mixin.py:137} INFO - [2023-01-10T11:00:58.921+0000] {dag.py:3427} INFO - Setting next_dagrun for latest_only to 2023-01-10T07:00:58.920878+00:00, run_after=2023-01-10T11:00:58.920878+00:00
[2023-01-10T11:00:58.945+0000] {processor.py:175} INFO - Processing /home/airflow/.local/lib/python3.7/site-packages/airflow/example_dags/example_latest_only.py took 0.099 seconds
[2023-01-10T11:01:28.983+0000] {processor.py:153} INFO - Started process (PID=1159) to work on /home/airflow/.local/lib/python3.7/site-packages/airflow/example_dags/example_latest_only.py
[2023-01-10T11:01:28.984+0000] {processor.py:743} INFO - Processing file /home/airflow/.local/lib/python3.7/site-packages/airflow/example_dags/example_latest_only.py for tasks to queue
[2023-01-10T11:01:28.984+0000] {logging_mixin.py:137} INFO - [2023-01-10T11:01:28.984+0000] {dagbag.py:538} INFO - Filling up the DagBag from /home/airflow/.local/lib/python3.7/site-packages/airflow/example_dags/example_latest_only.py
[2023-01-10T11:01:28.993+0000] {processor.py:753} INFO - DAG(s) dict_keys(['latest_only']) retrieved from /home/airflow/.local/lib/python3.7/site-packages/airflow/example_dags/example_latest_only.py
[2023-01-10T11:01:29.019+0000] {logging_mixin.py:137} INFO - [2023-01-10T11:01:29.019+0000] {dag.py:2676} INFO - Sync 1 DAGs
[2023-01-10T11:01:29.037+0000] {logging_mixin.py:137} INFO - [2023-01-10T11:01:29.037+0000] {dag.py:3427} INFO - Setting next_dagrun for latest_only to 2023-01-10T07:01:29.037702+00:00, run_after=2023-01-10T11:01:29.037702+00:00
[2023-01-10T11:01:29.052+0000] {processor.py:175} INFO - Processing /home/airflow/.local/lib/python3.7/site-packages/airflow/example_dags/example_latest_only.py took 0.071 seconds
[2023-01-10T11:01:59.214+0000] {processor.py:153} INFO - Started process (PID=1237) to work on /home/airflow/.local/lib/python3.7/site-packages/airflow/example_dags/example_latest_only.py
[2023-01-10T11:01:59.214+0000] {processor.py:743} INFO - Processing file /home/airflow/.local/lib/python3.7/site-packages/airflow/example_dags/example_latest_only.py for tasks to queue
[2023-01-10T11:01:59.215+0000] {logging_mixin.py:137} INFO - [2023-01-10T11:01:59.215+0000] {dagbag.py:538} INFO - Filling up the DagBag from /home/airflow/.local/lib/python3.7/site-packages/airflow/example_dags/example_latest_only.py
[2023-01-10T11:01:59.225+0000] {processor.py:753} INFO - DAG(s) dict_keys(['latest_only']) retrieved from /home/airflow/.local/lib/python3.7/site-packages/airflow/example_dags/example_latest_only.py
[2023-01-10T11:01:59.257+0000] {logging_mixin.py:137} INFO - [2023-01-10T11:01:59.257+0000] {dag.py:2676} INFO - Sync 1 DAGs
[2023-01-10T11:01:59.276+0000] {logging_mixin.py:137} INFO - [2023-01-10T11:01:59.275+0000] {dag.py:3427} INFO - Setting next_dagrun for latest_only to 2023-01-10T07:01:59.275769+00:00, run_after=2023-01-10T11:01:59.275769+00:00
[2023-01-10T11:01:59.290+0000] {processor.py:175} INFO - Processing /home/airflow/.local/lib/python3.7/site-packages/airflow/example_dags/example_latest_only.py took 0.078 seconds
[2023-01-10T11:02:29.540+0000] {processor.py:153} INFO - Started process (PID=1316) to work on /home/airflow/.local/lib/python3.7/site-packages/airflow/example_dags/example_latest_only.py
[2023-01-10T11:02:29.541+0000] {processor.py:743} INFO - Processing file /home/airflow/.local/lib/python3.7/site-packages/airflow/example_dags/example_latest_only.py for tasks to queue
[2023-01-10T11:02:29.541+0000] {logging_mixin.py:137} INFO - [2023-01-10T11:02:29.541+0000] {dagbag.py:538} INFO - Filling up the DagBag from /home/airflow/.local/lib/python3.7/site-packages/airflow/example_dags/example_latest_only.py
[2023-01-10T11:02:29.550+0000] {processor.py:753} INFO - DAG(s) dict_keys(['latest_only']) retrieved from /home/airflow/.local/lib/python3.7/site-packages/airflow/example_dags/example_latest_only.py
[2023-01-10T11:02:29.578+0000] {logging_mixin.py:137} INFO - [2023-01-10T11:02:29.578+0000] {dag.py:2676} INFO - Sync 1 DAGs
[2023-01-10T11:02:29.598+0000] {logging_mixin.py:137} INFO - [2023-01-10T11:02:29.598+0000] {dag.py:3427} INFO - Setting next_dagrun for latest_only to 2023-01-10T07:02:29.598137+00:00, run_after=2023-01-10T11:02:29.598137+00:00
[2023-01-10T11:02:29.612+0000] {processor.py:175} INFO - Processing /home/airflow/.local/lib/python3.7/site-packages/airflow/example_dags/example_latest_only.py took 0.074 seconds
[2023-01-10T11:02:59.677+0000] {processor.py:153} INFO - Started process (PID=1395) to work on /home/airflow/.local/lib/python3.7/site-packages/airflow/example_dags/example_latest_only.py
[2023-01-10T11:02:59.677+0000] {processor.py:743} INFO - Processing file /home/airflow/.local/lib/python3.7/site-packages/airflow/example_dags/example_latest_only.py for tasks to queue
[2023-01-10T11:02:59.678+0000] {logging_mixin.py:137} INFO - [2023-01-10T11:02:59.678+0000] {dagbag.py:538} INFO - Filling up the DagBag from /home/airflow/.local/lib/python3.7/site-packages/airflow/example_dags/example_latest_only.py
[2023-01-10T11:02:59.689+0000] {processor.py:753} INFO - DAG(s) dict_keys(['latest_only']) retrieved from /home/airflow/.local/lib/python3.7/site-packages/airflow/example_dags/example_latest_only.py
[2023-01-10T11:02:59.722+0000] {logging_mixin.py:137} INFO - [2023-01-10T11:02:59.722+0000] {dag.py:2676} INFO - Sync 1 DAGs
[2023-01-10T11:02:59.750+0000] {logging_mixin.py:137} INFO - [2023-01-10T11:02:59.750+0000] {dag.py:3427} INFO - Setting next_dagrun for latest_only to 2023-01-10T07:02:59.750340+00:00, run_after=2023-01-10T11:02:59.750340+00:00
[2023-01-10T11:02:59.769+0000] {processor.py:175} INFO - Processing /home/airflow/.local/lib/python3.7/site-packages/airflow/example_dags/example_latest_only.py took 0.095 seconds
[2023-01-10T11:03:30.681+0000] {processor.py:153} INFO - Started process (PID=1473) to work on /home/airflow/.local/lib/python3.7/site-packages/airflow/example_dags/example_latest_only.py
[2023-01-10T11:03:30.681+0000] {processor.py:743} INFO - Processing file /home/airflow/.local/lib/python3.7/site-packages/airflow/example_dags/example_latest_only.py for tasks to queue
[2023-01-10T11:03:30.682+0000] {logging_mixin.py:137} INFO - [2023-01-10T11:03:30.682+0000] {dagbag.py:538} INFO - Filling up the DagBag from /home/airflow/.local/lib/python3.7/site-packages/airflow/example_dags/example_latest_only.py
[2023-01-10T11:03:30.691+0000] {processor.py:753} INFO - DAG(s) dict_keys(['latest_only']) retrieved from /home/airflow/.local/lib/python3.7/site-packages/airflow/example_dags/example_latest_only.py
[2023-01-10T11:03:30.722+0000] {logging_mixin.py:137} INFO - [2023-01-10T11:03:30.722+0000] {dag.py:2676} INFO - Sync 1 DAGs
[2023-01-10T11:03:30.748+0000] {logging_mixin.py:137} INFO - [2023-01-10T11:03:30.747+0000] {dag.py:3427} INFO - Setting next_dagrun for latest_only to 2023-01-10T07:03:30.747737+00:00, run_after=2023-01-10T11:03:30.747737+00:00
[2023-01-10T11:03:30.760+0000] {processor.py:175} INFO - Processing /home/airflow/.local/lib/python3.7/site-packages/airflow/example_dags/example_latest_only.py took 0.082 seconds
[2023-01-10T11:04:01.150+0000] {processor.py:153} INFO - Started process (PID=1559) to work on /home/airflow/.local/lib/python3.7/site-packages/airflow/example_dags/example_latest_only.py
[2023-01-10T11:04:01.151+0000] {processor.py:743} INFO - Processing file /home/airflow/.local/lib/python3.7/site-packages/airflow/example_dags/example_latest_only.py for tasks to queue
[2023-01-10T11:04:01.152+0000] {logging_mixin.py:137} INFO - [2023-01-10T11:04:01.151+0000] {dagbag.py:538} INFO - Filling up the DagBag from /home/airflow/.local/lib/python3.7/site-packages/airflow/example_dags/example_latest_only.py
[2023-01-10T11:04:01.161+0000] {processor.py:753} INFO - DAG(s) dict_keys(['latest_only']) retrieved from /home/airflow/.local/lib/python3.7/site-packages/airflow/example_dags/example_latest_only.py
[2023-01-10T11:04:01.188+0000] {logging_mixin.py:137} INFO - [2023-01-10T11:04:01.188+0000] {dag.py:2676} INFO - Sync 1 DAGs
[2023-01-10T11:04:01.207+0000] {logging_mixin.py:137} INFO - [2023-01-10T11:04:01.207+0000] {dag.py:3427} INFO - Setting next_dagrun for latest_only to 2023-01-10T07:04:01.207118+00:00, run_after=2023-01-10T11:04:01.207118+00:00
[2023-01-10T11:04:01.221+0000] {processor.py:175} INFO - Processing /home/airflow/.local/lib/python3.7/site-packages/airflow/example_dags/example_latest_only.py took 0.072 seconds
[2023-01-10T11:04:32.047+0000] {processor.py:153} INFO - Started process (PID=1629) to work on /home/airflow/.local/lib/python3.7/site-packages/airflow/example_dags/example_latest_only.py
[2023-01-10T11:04:32.048+0000] {processor.py:743} INFO - Processing file /home/airflow/.local/lib/python3.7/site-packages/airflow/example_dags/example_latest_only.py for tasks to queue
[2023-01-10T11:04:32.048+0000] {logging_mixin.py:137} INFO - [2023-01-10T11:04:32.048+0000] {dagbag.py:538} INFO - Filling up the DagBag from /home/airflow/.local/lib/python3.7/site-packages/airflow/example_dags/example_latest_only.py
[2023-01-10T11:04:32.058+0000] {processor.py:753} INFO - DAG(s) dict_keys(['latest_only']) retrieved from /home/airflow/.local/lib/python3.7/site-packages/airflow/example_dags/example_latest_only.py
[2023-01-10T11:04:32.087+0000] {logging_mixin.py:137} INFO - [2023-01-10T11:04:32.087+0000] {dag.py:2676} INFO - Sync 1 DAGs
[2023-01-10T11:04:32.108+0000] {logging_mixin.py:137} INFO - [2023-01-10T11:04:32.108+0000] {dag.py:3427} INFO - Setting next_dagrun for latest_only to 2023-01-10T07:04:32.108418+00:00, run_after=2023-01-10T11:04:32.108418+00:00
[2023-01-10T11:04:32.127+0000] {processor.py:175} INFO - Processing /home/airflow/.local/lib/python3.7/site-packages/airflow/example_dags/example_latest_only.py took 0.083 seconds
[2023-01-10T11:05:02.277+0000] {processor.py:153} INFO - Started process (PID=1715) to work on /home/airflow/.local/lib/python3.7/site-packages/airflow/example_dags/example_latest_only.py
[2023-01-10T11:05:02.277+0000] {processor.py:743} INFO - Processing file /home/airflow/.local/lib/python3.7/site-packages/airflow/example_dags/example_latest_only.py for tasks to queue
[2023-01-10T11:05:02.278+0000] {logging_mixin.py:137} INFO - [2023-01-10T11:05:02.278+0000] {dagbag.py:538} INFO - Filling up the DagBag from /home/airflow/.local/lib/python3.7/site-packages/airflow/example_dags/example_latest_only.py
[2023-01-10T11:05:02.287+0000] {processor.py:753} INFO - DAG(s) dict_keys(['latest_only']) retrieved from /home/airflow/.local/lib/python3.7/site-packages/airflow/example_dags/example_latest_only.py
[2023-01-10T11:05:02.314+0000] {logging_mixin.py:137} INFO - [2023-01-10T11:05:02.314+0000] {dag.py:2676} INFO - Sync 1 DAGs
[2023-01-10T11:05:02.334+0000] {logging_mixin.py:137} INFO - [2023-01-10T11:05:02.334+0000] {dag.py:3427} INFO - Setting next_dagrun for latest_only to 2023-01-10T07:05:02.334606+00:00, run_after=2023-01-10T11:05:02.334606+00:00
[2023-01-10T11:05:02.348+0000] {processor.py:175} INFO - Processing /home/airflow/.local/lib/python3.7/site-packages/airflow/example_dags/example_latest_only.py took 0.074 seconds
[2023-01-10T11:05:32.373+0000] {processor.py:153} INFO - Started process (PID=1785) to work on /home/airflow/.local/lib/python3.7/site-packages/airflow/example_dags/example_latest_only.py
[2023-01-10T11:05:32.374+0000] {processor.py:743} INFO - Processing file /home/airflow/.local/lib/python3.7/site-packages/airflow/example_dags/example_latest_only.py for tasks to queue
[2023-01-10T11:05:32.374+0000] {logging_mixin.py:137} INFO - [2023-01-10T11:05:32.374+0000] {dagbag.py:538} INFO - Filling up the DagBag from /home/airflow/.local/lib/python3.7/site-packages/airflow/example_dags/example_latest_only.py
[2023-01-10T11:05:32.386+0000] {processor.py:753} INFO - DAG(s) dict_keys(['latest_only']) retrieved from /home/airflow/.local/lib/python3.7/site-packages/airflow/example_dags/example_latest_only.py
[2023-01-10T11:05:32.423+0000] {logging_mixin.py:137} INFO - [2023-01-10T11:05:32.423+0000] {dag.py:2676} INFO - Sync 1 DAGs
[2023-01-10T11:05:32.444+0000] {logging_mixin.py:137} INFO - [2023-01-10T11:05:32.444+0000] {dag.py:3427} INFO - Setting next_dagrun for latest_only to 2023-01-10T07:05:32.444592+00:00, run_after=2023-01-10T11:05:32.444592+00:00
[2023-01-10T11:05:32.464+0000] {processor.py:175} INFO - Processing /home/airflow/.local/lib/python3.7/site-packages/airflow/example_dags/example_latest_only.py took 0.093 seconds
[2023-01-10T11:06:02.630+0000] {processor.py:153} INFO - Started process (PID=1871) to work on /home/airflow/.local/lib/python3.7/site-packages/airflow/example_dags/example_latest_only.py
[2023-01-10T11:06:02.631+0000] {processor.py:743} INFO - Processing file /home/airflow/.local/lib/python3.7/site-packages/airflow/example_dags/example_latest_only.py for tasks to queue
[2023-01-10T11:06:02.631+0000] {logging_mixin.py:137} INFO - [2023-01-10T11:06:02.631+0000] {dagbag.py:538} INFO - Filling up the DagBag from /home/airflow/.local/lib/python3.7/site-packages/airflow/example_dags/example_latest_only.py
[2023-01-10T11:06:02.642+0000] {processor.py:753} INFO - DAG(s) dict_keys(['latest_only']) retrieved from /home/airflow/.local/lib/python3.7/site-packages/airflow/example_dags/example_latest_only.py
[2023-01-10T11:06:02.669+0000] {logging_mixin.py:137} INFO - [2023-01-10T11:06:02.669+0000] {dag.py:2676} INFO - Sync 1 DAGs
[2023-01-10T11:06:02.691+0000] {logging_mixin.py:137} INFO - [2023-01-10T11:06:02.690+0000] {dag.py:3427} INFO - Setting next_dagrun for latest_only to 2023-01-10T07:06:02.690735+00:00, run_after=2023-01-10T11:06:02.690735+00:00
[2023-01-10T11:06:02.702+0000] {processor.py:175} INFO - Processing /home/airflow/.local/lib/python3.7/site-packages/airflow/example_dags/example_latest_only.py took 0.074 seconds
[2023-01-10T11:06:32.787+0000] {processor.py:153} INFO - Started process (PID=1941) to work on /home/airflow/.local/lib/python3.7/site-packages/airflow/example_dags/example_latest_only.py
[2023-01-10T11:06:32.787+0000] {processor.py:743} INFO - Processing file /home/airflow/.local/lib/python3.7/site-packages/airflow/example_dags/example_latest_only.py for tasks to queue
[2023-01-10T11:06:32.788+0000] {logging_mixin.py:137} INFO - [2023-01-10T11:06:32.788+0000] {dagbag.py:538} INFO - Filling up the DagBag from /home/airflow/.local/lib/python3.7/site-packages/airflow/example_dags/example_latest_only.py
[2023-01-10T11:06:32.799+0000] {processor.py:753} INFO - DAG(s) dict_keys(['latest_only']) retrieved from /home/airflow/.local/lib/python3.7/site-packages/airflow/example_dags/example_latest_only.py
[2023-01-10T11:06:32.831+0000] {logging_mixin.py:137} INFO - [2023-01-10T11:06:32.831+0000] {dag.py:2676} INFO - Sync 1 DAGs
[2023-01-10T11:06:32.853+0000] {logging_mixin.py:137} INFO - [2023-01-10T11:06:32.853+0000] {dag.py:3427} INFO - Setting next_dagrun for latest_only to 2023-01-10T07:06:32.853151+00:00, run_after=2023-01-10T11:06:32.853151+00:00
[2023-01-10T11:06:32.871+0000] {processor.py:175} INFO - Processing /home/airflow/.local/lib/python3.7/site-packages/airflow/example_dags/example_latest_only.py took 0.088 seconds
[2023-01-10T11:07:03.105+0000] {processor.py:153} INFO - Started process (PID=2027) to work on /home/airflow/.local/lib/python3.7/site-packages/airflow/example_dags/example_latest_only.py
[2023-01-10T11:07:03.106+0000] {processor.py:743} INFO - Processing file /home/airflow/.local/lib/python3.7/site-packages/airflow/example_dags/example_latest_only.py for tasks to queue
[2023-01-10T11:07:03.106+0000] {logging_mixin.py:137} INFO - [2023-01-10T11:07:03.106+0000] {dagbag.py:538} INFO - Filling up the DagBag from /home/airflow/.local/lib/python3.7/site-packages/airflow/example_dags/example_latest_only.py
[2023-01-10T11:07:03.119+0000] {processor.py:753} INFO - DAG(s) dict_keys(['latest_only']) retrieved from /home/airflow/.local/lib/python3.7/site-packages/airflow/example_dags/example_latest_only.py
[2023-01-10T11:07:03.154+0000] {logging_mixin.py:137} INFO - [2023-01-10T11:07:03.154+0000] {dag.py:2676} INFO - Sync 1 DAGs
[2023-01-10T11:07:03.180+0000] {logging_mixin.py:137} INFO - [2023-01-10T11:07:03.179+0000] {dag.py:3427} INFO - Setting next_dagrun for latest_only to 2023-01-10T07:07:03.179696+00:00, run_after=2023-01-10T11:07:03.179696+00:00
[2023-01-10T11:07:03.196+0000] {processor.py:175} INFO - Processing /home/airflow/.local/lib/python3.7/site-packages/airflow/example_dags/example_latest_only.py took 0.094 seconds
[2023-01-10T11:07:33.525+0000] {processor.py:153} INFO - Started process (PID=2097) to work on /home/airflow/.local/lib/python3.7/site-packages/airflow/example_dags/example_latest_only.py
[2023-01-10T11:07:33.525+0000] {processor.py:743} INFO - Processing file /home/airflow/.local/lib/python3.7/site-packages/airflow/example_dags/example_latest_only.py for tasks to queue
[2023-01-10T11:07:33.526+0000] {logging_mixin.py:137} INFO - [2023-01-10T11:07:33.526+0000] {dagbag.py:538} INFO - Filling up the DagBag from /home/airflow/.local/lib/python3.7/site-packages/airflow/example_dags/example_latest_only.py
[2023-01-10T11:07:33.536+0000] {processor.py:753} INFO - DAG(s) dict_keys(['latest_only']) retrieved from /home/airflow/.local/lib/python3.7/site-packages/airflow/example_dags/example_latest_only.py
[2023-01-10T11:07:33.564+0000] {logging_mixin.py:137} INFO - [2023-01-10T11:07:33.564+0000] {dag.py:2676} INFO - Sync 1 DAGs
[2023-01-10T11:07:33.582+0000] {logging_mixin.py:137} INFO - [2023-01-10T11:07:33.582+0000] {dag.py:3427} INFO - Setting next_dagrun for latest_only to 2023-01-10T07:07:33.582620+00:00, run_after=2023-01-10T11:07:33.582620+00:00
[2023-01-10T11:07:33.597+0000] {processor.py:175} INFO - Processing /home/airflow/.local/lib/python3.7/site-packages/airflow/example_dags/example_latest_only.py took 0.074 seconds
[2023-01-10T11:08:03.681+0000] {processor.py:153} INFO - Started process (PID=2183) to work on /home/airflow/.local/lib/python3.7/site-packages/airflow/example_dags/example_latest_only.py
[2023-01-10T11:08:03.682+0000] {processor.py:743} INFO - Processing file /home/airflow/.local/lib/python3.7/site-packages/airflow/example_dags/example_latest_only.py for tasks to queue
[2023-01-10T11:08:03.682+0000] {logging_mixin.py:137} INFO - [2023-01-10T11:08:03.682+0000] {dagbag.py:538} INFO - Filling up the DagBag from /home/airflow/.local/lib/python3.7/site-packages/airflow/example_dags/example_latest_only.py
[2023-01-10T11:08:03.691+0000] {processor.py:753} INFO - DAG(s) dict_keys(['latest_only']) retrieved from /home/airflow/.local/lib/python3.7/site-packages/airflow/example_dags/example_latest_only.py
[2023-01-10T11:08:03.719+0000] {logging_mixin.py:137} INFO - [2023-01-10T11:08:03.719+0000] {dag.py:2676} INFO - Sync 1 DAGs
[2023-01-10T11:08:03.738+0000] {logging_mixin.py:137} INFO - [2023-01-10T11:08:03.738+0000] {dag.py:3427} INFO - Setting next_dagrun for latest_only to 2023-01-10T07:08:03.738587+00:00, run_after=2023-01-10T11:08:03.738587+00:00
[2023-01-10T11:08:03.752+0000] {processor.py:175} INFO - Processing /home/airflow/.local/lib/python3.7/site-packages/airflow/example_dags/example_latest_only.py took 0.072 seconds
[2023-01-10T11:08:33.947+0000] {processor.py:153} INFO - Started process (PID=2262) to work on /home/airflow/.local/lib/python3.7/site-packages/airflow/example_dags/example_latest_only.py
[2023-01-10T11:08:33.948+0000] {processor.py:743} INFO - Processing file /home/airflow/.local/lib/python3.7/site-packages/airflow/example_dags/example_latest_only.py for tasks to queue
[2023-01-10T11:08:33.949+0000] {logging_mixin.py:137} INFO - [2023-01-10T11:08:33.948+0000] {dagbag.py:538} INFO - Filling up the DagBag from /home/airflow/.local/lib/python3.7/site-packages/airflow/example_dags/example_latest_only.py
[2023-01-10T11:08:33.960+0000] {processor.py:753} INFO - DAG(s) dict_keys(['latest_only']) retrieved from /home/airflow/.local/lib/python3.7/site-packages/airflow/example_dags/example_latest_only.py
[2023-01-10T11:08:33.993+0000] {logging_mixin.py:137} INFO - [2023-01-10T11:08:33.993+0000] {dag.py:2676} INFO - Sync 1 DAGs
[2023-01-10T11:08:34.021+0000] {logging_mixin.py:137} INFO - [2023-01-10T11:08:34.020+0000] {dag.py:3427} INFO - Setting next_dagrun for latest_only to 2023-01-10T07:08:34.020519+00:00, run_after=2023-01-10T11:08:34.020519+00:00
[2023-01-10T11:08:34.047+0000] {processor.py:175} INFO - Processing /home/airflow/.local/lib/python3.7/site-packages/airflow/example_dags/example_latest_only.py took 0.102 seconds
[2023-01-10T11:09:04.246+0000] {processor.py:153} INFO - Started process (PID=2339) to work on /home/airflow/.local/lib/python3.7/site-packages/airflow/example_dags/example_latest_only.py
[2023-01-10T11:09:04.246+0000] {processor.py:743} INFO - Processing file /home/airflow/.local/lib/python3.7/site-packages/airflow/example_dags/example_latest_only.py for tasks to queue
[2023-01-10T11:09:04.247+0000] {logging_mixin.py:137} INFO - [2023-01-10T11:09:04.247+0000] {dagbag.py:538} INFO - Filling up the DagBag from /home/airflow/.local/lib/python3.7/site-packages/airflow/example_dags/example_latest_only.py
[2023-01-10T11:09:04.257+0000] {processor.py:753} INFO - DAG(s) dict_keys(['latest_only']) retrieved from /home/airflow/.local/lib/python3.7/site-packages/airflow/example_dags/example_latest_only.py
[2023-01-10T11:09:04.294+0000] {logging_mixin.py:137} INFO - [2023-01-10T11:09:04.293+0000] {dag.py:2676} INFO - Sync 1 DAGs
[2023-01-10T11:09:04.325+0000] {logging_mixin.py:137} INFO - [2023-01-10T11:09:04.325+0000] {dag.py:3427} INFO - Setting next_dagrun for latest_only to 2023-01-10T07:09:04.325595+00:00, run_after=2023-01-10T11:09:04.325595+00:00
[2023-01-10T11:09:04.344+0000] {processor.py:175} INFO - Processing /home/airflow/.local/lib/python3.7/site-packages/airflow/example_dags/example_latest_only.py took 0.100 seconds
[2023-01-10T11:09:34.511+0000] {processor.py:153} INFO - Started process (PID=2424) to work on /home/airflow/.local/lib/python3.7/site-packages/airflow/example_dags/example_latest_only.py
[2023-01-10T11:09:34.512+0000] {processor.py:743} INFO - Processing file /home/airflow/.local/lib/python3.7/site-packages/airflow/example_dags/example_latest_only.py for tasks to queue
[2023-01-10T11:09:34.512+0000] {logging_mixin.py:137} INFO - [2023-01-10T11:09:34.512+0000] {dagbag.py:538} INFO - Filling up the DagBag from /home/airflow/.local/lib/python3.7/site-packages/airflow/example_dags/example_latest_only.py
[2023-01-10T11:09:34.524+0000] {processor.py:753} INFO - DAG(s) dict_keys(['latest_only']) retrieved from /home/airflow/.local/lib/python3.7/site-packages/airflow/example_dags/example_latest_only.py
[2023-01-10T11:09:34.558+0000] {logging_mixin.py:137} INFO - [2023-01-10T11:09:34.558+0000] {dag.py:2676} INFO - Sync 1 DAGs
[2023-01-10T11:09:34.583+0000] {logging_mixin.py:137} INFO - [2023-01-10T11:09:34.583+0000] {dag.py:3427} INFO - Setting next_dagrun for latest_only to 2023-01-10T07:09:34.582828+00:00, run_after=2023-01-10T11:09:34.582828+00:00
[2023-01-10T11:09:34.603+0000] {processor.py:175} INFO - Processing /home/airflow/.local/lib/python3.7/site-packages/airflow/example_dags/example_latest_only.py took 0.094 seconds
[2023-01-10T11:10:04.624+0000] {processor.py:153} INFO - Started process (PID=2494) to work on /home/airflow/.local/lib/python3.7/site-packages/airflow/example_dags/example_latest_only.py
[2023-01-10T11:10:04.625+0000] {processor.py:743} INFO - Processing file /home/airflow/.local/lib/python3.7/site-packages/airflow/example_dags/example_latest_only.py for tasks to queue
[2023-01-10T11:10:04.625+0000] {logging_mixin.py:137} INFO - [2023-01-10T11:10:04.625+0000] {dagbag.py:538} INFO - Filling up the DagBag from /home/airflow/.local/lib/python3.7/site-packages/airflow/example_dags/example_latest_only.py
[2023-01-10T11:10:04.635+0000] {processor.py:753} INFO - DAG(s) dict_keys(['latest_only']) retrieved from /home/airflow/.local/lib/python3.7/site-packages/airflow/example_dags/example_latest_only.py
[2023-01-10T11:10:04.664+0000] {logging_mixin.py:137} INFO - [2023-01-10T11:10:04.664+0000] {dag.py:2676} INFO - Sync 1 DAGs
[2023-01-10T11:10:04.693+0000] {logging_mixin.py:137} INFO - [2023-01-10T11:10:04.693+0000] {dag.py:3427} INFO - Setting next_dagrun for latest_only to 2023-01-10T07:10:04.692723+00:00, run_after=2023-01-10T11:10:04.692723+00:00
[2023-01-10T11:10:04.708+0000] {processor.py:175} INFO - Processing /home/airflow/.local/lib/python3.7/site-packages/airflow/example_dags/example_latest_only.py took 0.086 seconds
