[2023-01-10T10:54:22.944+0000] {processor.py:153} INFO - Started process (PID=74) to work on /home/airflow/.local/lib/python3.7/site-packages/airflow/example_dags/example_sensors.py
[2023-01-10T10:54:22.945+0000] {processor.py:743} INFO - Processing file /home/airflow/.local/lib/python3.7/site-packages/airflow/example_dags/example_sensors.py for tasks to queue
[2023-01-10T10:54:22.945+0000] {logging_mixin.py:137} INFO - [2023-01-10T10:54:22.945+0000] {dagbag.py:538} INFO - Filling up the DagBag from /home/airflow/.local/lib/python3.7/site-packages/airflow/example_dags/example_sensors.py
[2023-01-10T10:54:22.966+0000] {processor.py:753} INFO - DAG(s) dict_keys(['example_sensors']) retrieved from /home/airflow/.local/lib/python3.7/site-packages/airflow/example_dags/example_sensors.py
[2023-01-10T10:54:23.101+0000] {logging_mixin.py:137} INFO - [2023-01-10T10:54:23.100+0000] {manager.py:504} INFO - Created Permission View: can delete on DAG:example_sensors
[2023-01-10T10:54:23.114+0000] {logging_mixin.py:137} INFO - [2023-01-10T10:54:23.113+0000] {manager.py:504} INFO - Created Permission View: can read on DAG:example_sensors
[2023-01-10T10:54:23.124+0000] {logging_mixin.py:137} INFO - [2023-01-10T10:54:23.123+0000] {manager.py:504} INFO - Created Permission View: can edit on DAG:example_sensors
[2023-01-10T10:54:23.124+0000] {logging_mixin.py:137} INFO - [2023-01-10T10:54:23.124+0000] {dag.py:2676} INFO - Sync 1 DAGs
[2023-01-10T10:54:23.140+0000] {logging_mixin.py:137} INFO - [2023-01-10T10:54:23.139+0000] {dag.py:2697} INFO - Creating ORM DAG for example_sensors
[2023-01-10T10:54:23.151+0000] {logging_mixin.py:137} INFO - [2023-01-10T10:54:23.151+0000] {dag.py:3427} INFO - Setting next_dagrun for example_sensors to None, run_after=None
[2023-01-10T10:54:23.170+0000] {processor.py:175} INFO - Processing /home/airflow/.local/lib/python3.7/site-packages/airflow/example_dags/example_sensors.py took 0.228 seconds
[2023-01-10T10:54:54.075+0000] {processor.py:153} INFO - Started process (PID=144) to work on /home/airflow/.local/lib/python3.7/site-packages/airflow/example_dags/example_sensors.py
[2023-01-10T10:54:54.085+0000] {processor.py:743} INFO - Processing file /home/airflow/.local/lib/python3.7/site-packages/airflow/example_dags/example_sensors.py for tasks to queue
[2023-01-10T10:54:54.086+0000] {logging_mixin.py:137} INFO - [2023-01-10T10:54:54.086+0000] {dagbag.py:538} INFO - Filling up the DagBag from /home/airflow/.local/lib/python3.7/site-packages/airflow/example_dags/example_sensors.py
[2023-01-10T10:54:54.101+0000] {processor.py:753} INFO - DAG(s) dict_keys(['example_sensors']) retrieved from /home/airflow/.local/lib/python3.7/site-packages/airflow/example_dags/example_sensors.py
[2023-01-10T10:54:54.133+0000] {logging_mixin.py:137} INFO - [2023-01-10T10:54:54.133+0000] {dag.py:2676} INFO - Sync 1 DAGs
[2023-01-10T10:54:54.158+0000] {logging_mixin.py:137} INFO - [2023-01-10T10:54:54.158+0000] {dag.py:3427} INFO - Setting next_dagrun for example_sensors to None, run_after=None
[2023-01-10T10:54:54.172+0000] {processor.py:175} INFO - Processing /home/airflow/.local/lib/python3.7/site-packages/airflow/example_dags/example_sensors.py took 0.099 seconds
[2023-01-10T10:55:24.525+0000] {processor.py:153} INFO - Started process (PID=231) to work on /home/airflow/.local/lib/python3.7/site-packages/airflow/example_dags/example_sensors.py
[2023-01-10T10:55:24.526+0000] {processor.py:743} INFO - Processing file /home/airflow/.local/lib/python3.7/site-packages/airflow/example_dags/example_sensors.py for tasks to queue
[2023-01-10T10:55:24.526+0000] {logging_mixin.py:137} INFO - [2023-01-10T10:55:24.526+0000] {dagbag.py:538} INFO - Filling up the DagBag from /home/airflow/.local/lib/python3.7/site-packages/airflow/example_dags/example_sensors.py
[2023-01-10T10:55:24.554+0000] {processor.py:753} INFO - DAG(s) dict_keys(['example_sensors']) retrieved from /home/airflow/.local/lib/python3.7/site-packages/airflow/example_dags/example_sensors.py
[2023-01-10T10:55:24.602+0000] {logging_mixin.py:137} INFO - [2023-01-10T10:55:24.601+0000] {dag.py:2676} INFO - Sync 1 DAGs
[2023-01-10T10:55:24.629+0000] {logging_mixin.py:137} INFO - [2023-01-10T10:55:24.628+0000] {dag.py:3427} INFO - Setting next_dagrun for example_sensors to None, run_after=None
[2023-01-10T10:55:24.647+0000] {processor.py:175} INFO - Processing /home/airflow/.local/lib/python3.7/site-packages/airflow/example_dags/example_sensors.py took 0.127 seconds
[2023-01-10T10:55:54.733+0000] {processor.py:153} INFO - Started process (PID=302) to work on /home/airflow/.local/lib/python3.7/site-packages/airflow/example_dags/example_sensors.py
[2023-01-10T10:55:54.734+0000] {processor.py:743} INFO - Processing file /home/airflow/.local/lib/python3.7/site-packages/airflow/example_dags/example_sensors.py for tasks to queue
[2023-01-10T10:55:54.734+0000] {logging_mixin.py:137} INFO - [2023-01-10T10:55:54.734+0000] {dagbag.py:538} INFO - Filling up the DagBag from /home/airflow/.local/lib/python3.7/site-packages/airflow/example_dags/example_sensors.py
[2023-01-10T10:55:54.748+0000] {processor.py:753} INFO - DAG(s) dict_keys(['example_sensors']) retrieved from /home/airflow/.local/lib/python3.7/site-packages/airflow/example_dags/example_sensors.py
[2023-01-10T10:55:54.779+0000] {logging_mixin.py:137} INFO - [2023-01-10T10:55:54.779+0000] {dag.py:2676} INFO - Sync 1 DAGs
[2023-01-10T10:55:54.797+0000] {logging_mixin.py:137} INFO - [2023-01-10T10:55:54.797+0000] {dag.py:3427} INFO - Setting next_dagrun for example_sensors to None, run_after=None
[2023-01-10T10:55:54.810+0000] {processor.py:175} INFO - Processing /home/airflow/.local/lib/python3.7/site-packages/airflow/example_dags/example_sensors.py took 0.079 seconds
[2023-01-10T10:56:25.004+0000] {processor.py:153} INFO - Started process (PID=388) to work on /home/airflow/.local/lib/python3.7/site-packages/airflow/example_dags/example_sensors.py
[2023-01-10T10:56:25.004+0000] {processor.py:743} INFO - Processing file /home/airflow/.local/lib/python3.7/site-packages/airflow/example_dags/example_sensors.py for tasks to queue
[2023-01-10T10:56:25.005+0000] {logging_mixin.py:137} INFO - [2023-01-10T10:56:25.005+0000] {dagbag.py:538} INFO - Filling up the DagBag from /home/airflow/.local/lib/python3.7/site-packages/airflow/example_dags/example_sensors.py
[2023-01-10T10:56:25.019+0000] {processor.py:753} INFO - DAG(s) dict_keys(['example_sensors']) retrieved from /home/airflow/.local/lib/python3.7/site-packages/airflow/example_dags/example_sensors.py
[2023-01-10T10:56:25.049+0000] {logging_mixin.py:137} INFO - [2023-01-10T10:56:25.048+0000] {dag.py:2676} INFO - Sync 1 DAGs
[2023-01-10T10:56:25.068+0000] {logging_mixin.py:137} INFO - [2023-01-10T10:56:25.068+0000] {dag.py:3427} INFO - Setting next_dagrun for example_sensors to None, run_after=None
[2023-01-10T10:56:25.083+0000] {processor.py:175} INFO - Processing /home/airflow/.local/lib/python3.7/site-packages/airflow/example_dags/example_sensors.py took 0.082 seconds
[2023-01-10T10:56:55.977+0000] {processor.py:153} INFO - Started process (PID=458) to work on /home/airflow/.local/lib/python3.7/site-packages/airflow/example_dags/example_sensors.py
[2023-01-10T10:56:55.978+0000] {processor.py:743} INFO - Processing file /home/airflow/.local/lib/python3.7/site-packages/airflow/example_dags/example_sensors.py for tasks to queue
[2023-01-10T10:56:55.978+0000] {logging_mixin.py:137} INFO - [2023-01-10T10:56:55.978+0000] {dagbag.py:538} INFO - Filling up the DagBag from /home/airflow/.local/lib/python3.7/site-packages/airflow/example_dags/example_sensors.py
[2023-01-10T10:56:55.995+0000] {processor.py:753} INFO - DAG(s) dict_keys(['example_sensors']) retrieved from /home/airflow/.local/lib/python3.7/site-packages/airflow/example_dags/example_sensors.py
[2023-01-10T10:56:56.030+0000] {logging_mixin.py:137} INFO - [2023-01-10T10:56:56.030+0000] {dag.py:2676} INFO - Sync 1 DAGs
[2023-01-10T10:56:56.057+0000] {logging_mixin.py:137} INFO - [2023-01-10T10:56:56.057+0000] {dag.py:3427} INFO - Setting next_dagrun for example_sensors to None, run_after=None
[2023-01-10T10:56:56.073+0000] {processor.py:175} INFO - Processing /home/airflow/.local/lib/python3.7/site-packages/airflow/example_dags/example_sensors.py took 0.097 seconds
[2023-01-10T10:57:26.275+0000] {processor.py:153} INFO - Started process (PID=544) to work on /home/airflow/.local/lib/python3.7/site-packages/airflow/example_dags/example_sensors.py
[2023-01-10T10:57:26.276+0000] {processor.py:743} INFO - Processing file /home/airflow/.local/lib/python3.7/site-packages/airflow/example_dags/example_sensors.py for tasks to queue
[2023-01-10T10:57:26.276+0000] {logging_mixin.py:137} INFO - [2023-01-10T10:57:26.276+0000] {dagbag.py:538} INFO - Filling up the DagBag from /home/airflow/.local/lib/python3.7/site-packages/airflow/example_dags/example_sensors.py
[2023-01-10T10:57:26.291+0000] {processor.py:753} INFO - DAG(s) dict_keys(['example_sensors']) retrieved from /home/airflow/.local/lib/python3.7/site-packages/airflow/example_dags/example_sensors.py
[2023-01-10T10:57:26.323+0000] {logging_mixin.py:137} INFO - [2023-01-10T10:57:26.323+0000] {dag.py:2676} INFO - Sync 1 DAGs
[2023-01-10T10:57:26.347+0000] {logging_mixin.py:137} INFO - [2023-01-10T10:57:26.347+0000] {dag.py:3427} INFO - Setting next_dagrun for example_sensors to None, run_after=None
[2023-01-10T10:57:26.366+0000] {processor.py:175} INFO - Processing /home/airflow/.local/lib/python3.7/site-packages/airflow/example_dags/example_sensors.py took 0.093 seconds
[2023-01-10T10:57:57.271+0000] {processor.py:153} INFO - Started process (PID=614) to work on /home/airflow/.local/lib/python3.7/site-packages/airflow/example_dags/example_sensors.py
[2023-01-10T10:57:57.272+0000] {processor.py:743} INFO - Processing file /home/airflow/.local/lib/python3.7/site-packages/airflow/example_dags/example_sensors.py for tasks to queue
[2023-01-10T10:57:57.272+0000] {logging_mixin.py:137} INFO - [2023-01-10T10:57:57.272+0000] {dagbag.py:538} INFO - Filling up the DagBag from /home/airflow/.local/lib/python3.7/site-packages/airflow/example_dags/example_sensors.py
[2023-01-10T10:57:57.287+0000] {processor.py:753} INFO - DAG(s) dict_keys(['example_sensors']) retrieved from /home/airflow/.local/lib/python3.7/site-packages/airflow/example_dags/example_sensors.py
[2023-01-10T10:57:57.319+0000] {logging_mixin.py:137} INFO - [2023-01-10T10:57:57.319+0000] {dag.py:2676} INFO - Sync 1 DAGs
[2023-01-10T10:57:57.341+0000] {logging_mixin.py:137} INFO - [2023-01-10T10:57:57.341+0000] {dag.py:3427} INFO - Setting next_dagrun for example_sensors to None, run_after=None
[2023-01-10T10:57:57.356+0000] {processor.py:175} INFO - Processing /home/airflow/.local/lib/python3.7/site-packages/airflow/example_dags/example_sensors.py took 0.088 seconds
[2023-01-10T10:58:28.224+0000] {processor.py:153} INFO - Started process (PID=700) to work on /home/airflow/.local/lib/python3.7/site-packages/airflow/example_dags/example_sensors.py
[2023-01-10T10:58:28.224+0000] {processor.py:743} INFO - Processing file /home/airflow/.local/lib/python3.7/site-packages/airflow/example_dags/example_sensors.py for tasks to queue
[2023-01-10T10:58:28.225+0000] {logging_mixin.py:137} INFO - [2023-01-10T10:58:28.225+0000] {dagbag.py:538} INFO - Filling up the DagBag from /home/airflow/.local/lib/python3.7/site-packages/airflow/example_dags/example_sensors.py
[2023-01-10T10:58:28.239+0000] {processor.py:753} INFO - DAG(s) dict_keys(['example_sensors']) retrieved from /home/airflow/.local/lib/python3.7/site-packages/airflow/example_dags/example_sensors.py
[2023-01-10T10:58:28.270+0000] {logging_mixin.py:137} INFO - [2023-01-10T10:58:28.269+0000] {dag.py:2676} INFO - Sync 1 DAGs
[2023-01-10T10:58:28.291+0000] {logging_mixin.py:137} INFO - [2023-01-10T10:58:28.291+0000] {dag.py:3427} INFO - Setting next_dagrun for example_sensors to None, run_after=None
[2023-01-10T10:58:28.306+0000] {processor.py:175} INFO - Processing /home/airflow/.local/lib/python3.7/site-packages/airflow/example_dags/example_sensors.py took 0.084 seconds
[2023-01-10T10:58:59.280+0000] {processor.py:153} INFO - Started process (PID=778) to work on /home/airflow/.local/lib/python3.7/site-packages/airflow/example_dags/example_sensors.py
[2023-01-10T10:58:59.281+0000] {processor.py:743} INFO - Processing file /home/airflow/.local/lib/python3.7/site-packages/airflow/example_dags/example_sensors.py for tasks to queue
[2023-01-10T10:58:59.281+0000] {logging_mixin.py:137} INFO - [2023-01-10T10:58:59.281+0000] {dagbag.py:538} INFO - Filling up the DagBag from /home/airflow/.local/lib/python3.7/site-packages/airflow/example_dags/example_sensors.py
[2023-01-10T10:58:59.298+0000] {processor.py:753} INFO - DAG(s) dict_keys(['example_sensors']) retrieved from /home/airflow/.local/lib/python3.7/site-packages/airflow/example_dags/example_sensors.py
[2023-01-10T10:58:59.331+0000] {logging_mixin.py:137} INFO - [2023-01-10T10:58:59.331+0000] {dag.py:2676} INFO - Sync 1 DAGs
[2023-01-10T10:58:59.356+0000] {logging_mixin.py:137} INFO - [2023-01-10T10:58:59.356+0000] {dag.py:3427} INFO - Setting next_dagrun for example_sensors to None, run_after=None
[2023-01-10T10:58:59.381+0000] {processor.py:175} INFO - Processing /home/airflow/.local/lib/python3.7/site-packages/airflow/example_dags/example_sensors.py took 0.103 seconds
[2023-01-10T10:59:29.707+0000] {processor.py:153} INFO - Started process (PID=855) to work on /home/airflow/.local/lib/python3.7/site-packages/airflow/example_dags/example_sensors.py
[2023-01-10T10:59:29.708+0000] {processor.py:743} INFO - Processing file /home/airflow/.local/lib/python3.7/site-packages/airflow/example_dags/example_sensors.py for tasks to queue
[2023-01-10T10:59:29.708+0000] {logging_mixin.py:137} INFO - [2023-01-10T10:59:29.708+0000] {dagbag.py:538} INFO - Filling up the DagBag from /home/airflow/.local/lib/python3.7/site-packages/airflow/example_dags/example_sensors.py
[2023-01-10T10:59:29.725+0000] {processor.py:753} INFO - DAG(s) dict_keys(['example_sensors']) retrieved from /home/airflow/.local/lib/python3.7/site-packages/airflow/example_dags/example_sensors.py
[2023-01-10T10:59:29.760+0000] {logging_mixin.py:137} INFO - [2023-01-10T10:59:29.760+0000] {dag.py:2676} INFO - Sync 1 DAGs
[2023-01-10T10:59:29.783+0000] {logging_mixin.py:137} INFO - [2023-01-10T10:59:29.783+0000] {dag.py:3427} INFO - Setting next_dagrun for example_sensors to None, run_after=None
[2023-01-10T10:59:29.800+0000] {processor.py:175} INFO - Processing /home/airflow/.local/lib/python3.7/site-packages/airflow/example_dags/example_sensors.py took 0.096 seconds
[2023-01-10T10:59:59.970+0000] {processor.py:153} INFO - Started process (PID=942) to work on /home/airflow/.local/lib/python3.7/site-packages/airflow/example_dags/example_sensors.py
[2023-01-10T10:59:59.971+0000] {processor.py:743} INFO - Processing file /home/airflow/.local/lib/python3.7/site-packages/airflow/example_dags/example_sensors.py for tasks to queue
[2023-01-10T10:59:59.971+0000] {logging_mixin.py:137} INFO - [2023-01-10T10:59:59.971+0000] {dagbag.py:538} INFO - Filling up the DagBag from /home/airflow/.local/lib/python3.7/site-packages/airflow/example_dags/example_sensors.py
[2023-01-10T10:59:59.988+0000] {processor.py:753} INFO - DAG(s) dict_keys(['example_sensors']) retrieved from /home/airflow/.local/lib/python3.7/site-packages/airflow/example_dags/example_sensors.py
[2023-01-10T11:00:00.021+0000] {logging_mixin.py:137} INFO - [2023-01-10T11:00:00.021+0000] {dag.py:2676} INFO - Sync 1 DAGs
[2023-01-10T11:00:00.045+0000] {logging_mixin.py:137} INFO - [2023-01-10T11:00:00.045+0000] {dag.py:3427} INFO - Setting next_dagrun for example_sensors to None, run_after=None
[2023-01-10T11:00:00.059+0000] {processor.py:175} INFO - Processing /home/airflow/.local/lib/python3.7/site-packages/airflow/example_dags/example_sensors.py took 0.091 seconds
[2023-01-10T11:00:30.140+0000] {processor.py:153} INFO - Started process (PID=1012) to work on /home/airflow/.local/lib/python3.7/site-packages/airflow/example_dags/example_sensors.py
[2023-01-10T11:00:30.141+0000] {processor.py:743} INFO - Processing file /home/airflow/.local/lib/python3.7/site-packages/airflow/example_dags/example_sensors.py for tasks to queue
[2023-01-10T11:00:30.141+0000] {logging_mixin.py:137} INFO - [2023-01-10T11:00:30.141+0000] {dagbag.py:538} INFO - Filling up the DagBag from /home/airflow/.local/lib/python3.7/site-packages/airflow/example_dags/example_sensors.py
[2023-01-10T11:00:30.160+0000] {processor.py:753} INFO - DAG(s) dict_keys(['example_sensors']) retrieved from /home/airflow/.local/lib/python3.7/site-packages/airflow/example_dags/example_sensors.py
[2023-01-10T11:00:30.195+0000] {logging_mixin.py:137} INFO - [2023-01-10T11:00:30.195+0000] {dag.py:2676} INFO - Sync 1 DAGs
[2023-01-10T11:00:30.217+0000] {logging_mixin.py:137} INFO - [2023-01-10T11:00:30.217+0000] {dag.py:3427} INFO - Setting next_dagrun for example_sensors to None, run_after=None
[2023-01-10T11:00:30.230+0000] {processor.py:175} INFO - Processing /home/airflow/.local/lib/python3.7/site-packages/airflow/example_dags/example_sensors.py took 0.092 seconds
[2023-01-10T11:01:00.286+0000] {processor.py:153} INFO - Started process (PID=1098) to work on /home/airflow/.local/lib/python3.7/site-packages/airflow/example_dags/example_sensors.py
[2023-01-10T11:01:00.287+0000] {processor.py:743} INFO - Processing file /home/airflow/.local/lib/python3.7/site-packages/airflow/example_dags/example_sensors.py for tasks to queue
[2023-01-10T11:01:00.288+0000] {logging_mixin.py:137} INFO - [2023-01-10T11:01:00.287+0000] {dagbag.py:538} INFO - Filling up the DagBag from /home/airflow/.local/lib/python3.7/site-packages/airflow/example_dags/example_sensors.py
[2023-01-10T11:01:00.304+0000] {processor.py:753} INFO - DAG(s) dict_keys(['example_sensors']) retrieved from /home/airflow/.local/lib/python3.7/site-packages/airflow/example_dags/example_sensors.py
[2023-01-10T11:01:00.338+0000] {logging_mixin.py:137} INFO - [2023-01-10T11:01:00.338+0000] {dag.py:2676} INFO - Sync 1 DAGs
[2023-01-10T11:01:00.363+0000] {logging_mixin.py:137} INFO - [2023-01-10T11:01:00.363+0000] {dag.py:3427} INFO - Setting next_dagrun for example_sensors to None, run_after=None
[2023-01-10T11:01:00.377+0000] {processor.py:175} INFO - Processing /home/airflow/.local/lib/python3.7/site-packages/airflow/example_dags/example_sensors.py took 0.093 seconds
[2023-01-10T11:01:30.428+0000] {processor.py:153} INFO - Started process (PID=1168) to work on /home/airflow/.local/lib/python3.7/site-packages/airflow/example_dags/example_sensors.py
[2023-01-10T11:01:30.428+0000] {processor.py:743} INFO - Processing file /home/airflow/.local/lib/python3.7/site-packages/airflow/example_dags/example_sensors.py for tasks to queue
[2023-01-10T11:01:30.429+0000] {logging_mixin.py:137} INFO - [2023-01-10T11:01:30.429+0000] {dagbag.py:538} INFO - Filling up the DagBag from /home/airflow/.local/lib/python3.7/site-packages/airflow/example_dags/example_sensors.py
[2023-01-10T11:01:30.443+0000] {processor.py:753} INFO - DAG(s) dict_keys(['example_sensors']) retrieved from /home/airflow/.local/lib/python3.7/site-packages/airflow/example_dags/example_sensors.py
[2023-01-10T11:01:30.477+0000] {logging_mixin.py:137} INFO - [2023-01-10T11:01:30.477+0000] {dag.py:2676} INFO - Sync 1 DAGs
[2023-01-10T11:01:30.496+0000] {logging_mixin.py:137} INFO - [2023-01-10T11:01:30.496+0000] {dag.py:3427} INFO - Setting next_dagrun for example_sensors to None, run_after=None
[2023-01-10T11:01:30.509+0000] {processor.py:175} INFO - Processing /home/airflow/.local/lib/python3.7/site-packages/airflow/example_dags/example_sensors.py took 0.083 seconds
[2023-01-10T11:02:00.794+0000] {processor.py:153} INFO - Started process (PID=1255) to work on /home/airflow/.local/lib/python3.7/site-packages/airflow/example_dags/example_sensors.py
[2023-01-10T11:02:00.795+0000] {processor.py:743} INFO - Processing file /home/airflow/.local/lib/python3.7/site-packages/airflow/example_dags/example_sensors.py for tasks to queue
[2023-01-10T11:02:00.795+0000] {logging_mixin.py:137} INFO - [2023-01-10T11:02:00.795+0000] {dagbag.py:538} INFO - Filling up the DagBag from /home/airflow/.local/lib/python3.7/site-packages/airflow/example_dags/example_sensors.py
[2023-01-10T11:02:00.812+0000] {processor.py:753} INFO - DAG(s) dict_keys(['example_sensors']) retrieved from /home/airflow/.local/lib/python3.7/site-packages/airflow/example_dags/example_sensors.py
[2023-01-10T11:02:00.844+0000] {logging_mixin.py:137} INFO - [2023-01-10T11:02:00.844+0000] {dag.py:2676} INFO - Sync 1 DAGs
[2023-01-10T11:02:00.866+0000] {logging_mixin.py:137} INFO - [2023-01-10T11:02:00.866+0000] {dag.py:3427} INFO - Setting next_dagrun for example_sensors to None, run_after=None
[2023-01-10T11:02:00.879+0000] {processor.py:175} INFO - Processing /home/airflow/.local/lib/python3.7/site-packages/airflow/example_dags/example_sensors.py took 0.087 seconds
[2023-01-10T11:02:30.960+0000] {processor.py:153} INFO - Started process (PID=1325) to work on /home/airflow/.local/lib/python3.7/site-packages/airflow/example_dags/example_sensors.py
[2023-01-10T11:02:30.960+0000] {processor.py:743} INFO - Processing file /home/airflow/.local/lib/python3.7/site-packages/airflow/example_dags/example_sensors.py for tasks to queue
[2023-01-10T11:02:30.961+0000] {logging_mixin.py:137} INFO - [2023-01-10T11:02:30.961+0000] {dagbag.py:538} INFO - Filling up the DagBag from /home/airflow/.local/lib/python3.7/site-packages/airflow/example_dags/example_sensors.py
[2023-01-10T11:02:30.976+0000] {processor.py:753} INFO - DAG(s) dict_keys(['example_sensors']) retrieved from /home/airflow/.local/lib/python3.7/site-packages/airflow/example_dags/example_sensors.py
[2023-01-10T11:02:31.006+0000] {logging_mixin.py:137} INFO - [2023-01-10T11:02:31.006+0000] {dag.py:2676} INFO - Sync 1 DAGs
[2023-01-10T11:02:31.026+0000] {logging_mixin.py:137} INFO - [2023-01-10T11:02:31.026+0000] {dag.py:3427} INFO - Setting next_dagrun for example_sensors to None, run_after=None
[2023-01-10T11:02:31.040+0000] {processor.py:175} INFO - Processing /home/airflow/.local/lib/python3.7/site-packages/airflow/example_dags/example_sensors.py took 0.082 seconds
[2023-01-10T11:03:01.158+0000] {processor.py:153} INFO - Started process (PID=1411) to work on /home/airflow/.local/lib/python3.7/site-packages/airflow/example_dags/example_sensors.py
[2023-01-10T11:03:01.159+0000] {processor.py:743} INFO - Processing file /home/airflow/.local/lib/python3.7/site-packages/airflow/example_dags/example_sensors.py for tasks to queue
[2023-01-10T11:03:01.159+0000] {logging_mixin.py:137} INFO - [2023-01-10T11:03:01.159+0000] {dagbag.py:538} INFO - Filling up the DagBag from /home/airflow/.local/lib/python3.7/site-packages/airflow/example_dags/example_sensors.py
[2023-01-10T11:03:01.173+0000] {processor.py:753} INFO - DAG(s) dict_keys(['example_sensors']) retrieved from /home/airflow/.local/lib/python3.7/site-packages/airflow/example_dags/example_sensors.py
[2023-01-10T11:03:01.204+0000] {logging_mixin.py:137} INFO - [2023-01-10T11:03:01.203+0000] {dag.py:2676} INFO - Sync 1 DAGs
[2023-01-10T11:03:01.224+0000] {logging_mixin.py:137} INFO - [2023-01-10T11:03:01.224+0000] {dag.py:3427} INFO - Setting next_dagrun for example_sensors to None, run_after=None
[2023-01-10T11:03:01.238+0000] {processor.py:175} INFO - Processing /home/airflow/.local/lib/python3.7/site-packages/airflow/example_dags/example_sensors.py took 0.083 seconds
[2023-01-10T11:03:32.099+0000] {processor.py:153} INFO - Started process (PID=1482) to work on /home/airflow/.local/lib/python3.7/site-packages/airflow/example_dags/example_sensors.py
[2023-01-10T11:03:32.099+0000] {processor.py:743} INFO - Processing file /home/airflow/.local/lib/python3.7/site-packages/airflow/example_dags/example_sensors.py for tasks to queue
[2023-01-10T11:03:32.099+0000] {logging_mixin.py:137} INFO - [2023-01-10T11:03:32.099+0000] {dagbag.py:538} INFO - Filling up the DagBag from /home/airflow/.local/lib/python3.7/site-packages/airflow/example_dags/example_sensors.py
[2023-01-10T11:03:32.119+0000] {processor.py:753} INFO - DAG(s) dict_keys(['example_sensors']) retrieved from /home/airflow/.local/lib/python3.7/site-packages/airflow/example_dags/example_sensors.py
[2023-01-10T11:03:32.169+0000] {logging_mixin.py:137} INFO - [2023-01-10T11:03:32.169+0000] {dag.py:2676} INFO - Sync 1 DAGs
[2023-01-10T11:03:32.192+0000] {logging_mixin.py:137} INFO - [2023-01-10T11:03:32.192+0000] {dag.py:3427} INFO - Setting next_dagrun for example_sensors to None, run_after=None
[2023-01-10T11:03:32.210+0000] {processor.py:175} INFO - Processing /home/airflow/.local/lib/python3.7/site-packages/airflow/example_dags/example_sensors.py took 0.115 seconds
[2023-01-10T11:04:02.563+0000] {processor.py:153} INFO - Started process (PID=1568) to work on /home/airflow/.local/lib/python3.7/site-packages/airflow/example_dags/example_sensors.py
[2023-01-10T11:04:02.564+0000] {processor.py:743} INFO - Processing file /home/airflow/.local/lib/python3.7/site-packages/airflow/example_dags/example_sensors.py for tasks to queue
[2023-01-10T11:04:02.564+0000] {logging_mixin.py:137} INFO - [2023-01-10T11:04:02.564+0000] {dagbag.py:538} INFO - Filling up the DagBag from /home/airflow/.local/lib/python3.7/site-packages/airflow/example_dags/example_sensors.py
[2023-01-10T11:04:02.580+0000] {processor.py:753} INFO - DAG(s) dict_keys(['example_sensors']) retrieved from /home/airflow/.local/lib/python3.7/site-packages/airflow/example_dags/example_sensors.py
[2023-01-10T11:04:02.612+0000] {logging_mixin.py:137} INFO - [2023-01-10T11:04:02.612+0000] {dag.py:2676} INFO - Sync 1 DAGs
[2023-01-10T11:04:02.633+0000] {logging_mixin.py:137} INFO - [2023-01-10T11:04:02.633+0000] {dag.py:3427} INFO - Setting next_dagrun for example_sensors to None, run_after=None
[2023-01-10T11:04:02.647+0000] {processor.py:175} INFO - Processing /home/airflow/.local/lib/python3.7/site-packages/airflow/example_dags/example_sensors.py took 0.086 seconds
[2023-01-10T11:04:33.548+0000] {processor.py:153} INFO - Started process (PID=1638) to work on /home/airflow/.local/lib/python3.7/site-packages/airflow/example_dags/example_sensors.py
[2023-01-10T11:04:33.549+0000] {processor.py:743} INFO - Processing file /home/airflow/.local/lib/python3.7/site-packages/airflow/example_dags/example_sensors.py for tasks to queue
[2023-01-10T11:04:33.550+0000] {logging_mixin.py:137} INFO - [2023-01-10T11:04:33.550+0000] {dagbag.py:538} INFO - Filling up the DagBag from /home/airflow/.local/lib/python3.7/site-packages/airflow/example_dags/example_sensors.py
[2023-01-10T11:04:33.567+0000] {processor.py:753} INFO - DAG(s) dict_keys(['example_sensors']) retrieved from /home/airflow/.local/lib/python3.7/site-packages/airflow/example_dags/example_sensors.py
[2023-01-10T11:04:33.598+0000] {logging_mixin.py:137} INFO - [2023-01-10T11:04:33.598+0000] {dag.py:2676} INFO - Sync 1 DAGs
[2023-01-10T11:04:33.622+0000] {logging_mixin.py:137} INFO - [2023-01-10T11:04:33.622+0000] {dag.py:3427} INFO - Setting next_dagrun for example_sensors to None, run_after=None
[2023-01-10T11:04:33.638+0000] {processor.py:175} INFO - Processing /home/airflow/.local/lib/python3.7/site-packages/airflow/example_dags/example_sensors.py took 0.092 seconds
[2023-01-10T11:05:03.689+0000] {processor.py:153} INFO - Started process (PID=1724) to work on /home/airflow/.local/lib/python3.7/site-packages/airflow/example_dags/example_sensors.py
[2023-01-10T11:05:03.689+0000] {processor.py:743} INFO - Processing file /home/airflow/.local/lib/python3.7/site-packages/airflow/example_dags/example_sensors.py for tasks to queue
[2023-01-10T11:05:03.690+0000] {logging_mixin.py:137} INFO - [2023-01-10T11:05:03.689+0000] {dagbag.py:538} INFO - Filling up the DagBag from /home/airflow/.local/lib/python3.7/site-packages/airflow/example_dags/example_sensors.py
[2023-01-10T11:05:03.704+0000] {processor.py:753} INFO - DAG(s) dict_keys(['example_sensors']) retrieved from /home/airflow/.local/lib/python3.7/site-packages/airflow/example_dags/example_sensors.py
[2023-01-10T11:05:03.733+0000] {logging_mixin.py:137} INFO - [2023-01-10T11:05:03.733+0000] {dag.py:2676} INFO - Sync 1 DAGs
[2023-01-10T11:05:03.751+0000] {logging_mixin.py:137} INFO - [2023-01-10T11:05:03.751+0000] {dag.py:3427} INFO - Setting next_dagrun for example_sensors to None, run_after=None
[2023-01-10T11:05:03.764+0000] {processor.py:175} INFO - Processing /home/airflow/.local/lib/python3.7/site-packages/airflow/example_dags/example_sensors.py took 0.077 seconds
[2023-01-10T11:05:33.877+0000] {processor.py:153} INFO - Started process (PID=1794) to work on /home/airflow/.local/lib/python3.7/site-packages/airflow/example_dags/example_sensors.py
[2023-01-10T11:05:33.878+0000] {processor.py:743} INFO - Processing file /home/airflow/.local/lib/python3.7/site-packages/airflow/example_dags/example_sensors.py for tasks to queue
[2023-01-10T11:05:33.878+0000] {logging_mixin.py:137} INFO - [2023-01-10T11:05:33.878+0000] {dagbag.py:538} INFO - Filling up the DagBag from /home/airflow/.local/lib/python3.7/site-packages/airflow/example_dags/example_sensors.py
[2023-01-10T11:05:33.893+0000] {processor.py:753} INFO - DAG(s) dict_keys(['example_sensors']) retrieved from /home/airflow/.local/lib/python3.7/site-packages/airflow/example_dags/example_sensors.py
[2023-01-10T11:05:33.929+0000] {logging_mixin.py:137} INFO - [2023-01-10T11:05:33.929+0000] {dag.py:2676} INFO - Sync 1 DAGs
[2023-01-10T11:05:33.959+0000] {logging_mixin.py:137} INFO - [2023-01-10T11:05:33.959+0000] {dag.py:3427} INFO - Setting next_dagrun for example_sensors to None, run_after=None
[2023-01-10T11:05:33.975+0000] {processor.py:175} INFO - Processing /home/airflow/.local/lib/python3.7/site-packages/airflow/example_dags/example_sensors.py took 0.100 seconds
[2023-01-10T11:06:04.028+0000] {processor.py:153} INFO - Started process (PID=1880) to work on /home/airflow/.local/lib/python3.7/site-packages/airflow/example_dags/example_sensors.py
[2023-01-10T11:06:04.028+0000] {processor.py:743} INFO - Processing file /home/airflow/.local/lib/python3.7/site-packages/airflow/example_dags/example_sensors.py for tasks to queue
[2023-01-10T11:06:04.029+0000] {logging_mixin.py:137} INFO - [2023-01-10T11:06:04.029+0000] {dagbag.py:538} INFO - Filling up the DagBag from /home/airflow/.local/lib/python3.7/site-packages/airflow/example_dags/example_sensors.py
[2023-01-10T11:06:04.043+0000] {processor.py:753} INFO - DAG(s) dict_keys(['example_sensors']) retrieved from /home/airflow/.local/lib/python3.7/site-packages/airflow/example_dags/example_sensors.py
[2023-01-10T11:06:04.074+0000] {logging_mixin.py:137} INFO - [2023-01-10T11:06:04.074+0000] {dag.py:2676} INFO - Sync 1 DAGs
[2023-01-10T11:06:04.094+0000] {logging_mixin.py:137} INFO - [2023-01-10T11:06:04.093+0000] {dag.py:3427} INFO - Setting next_dagrun for example_sensors to None, run_after=None
[2023-01-10T11:06:04.108+0000] {processor.py:175} INFO - Processing /home/airflow/.local/lib/python3.7/site-packages/airflow/example_dags/example_sensors.py took 0.082 seconds
[2023-01-10T11:06:34.454+0000] {processor.py:153} INFO - Started process (PID=1959) to work on /home/airflow/.local/lib/python3.7/site-packages/airflow/example_dags/example_sensors.py
[2023-01-10T11:06:34.455+0000] {processor.py:743} INFO - Processing file /home/airflow/.local/lib/python3.7/site-packages/airflow/example_dags/example_sensors.py for tasks to queue
[2023-01-10T11:06:34.455+0000] {logging_mixin.py:137} INFO - [2023-01-10T11:06:34.455+0000] {dagbag.py:538} INFO - Filling up the DagBag from /home/airflow/.local/lib/python3.7/site-packages/airflow/example_dags/example_sensors.py
[2023-01-10T11:06:34.475+0000] {processor.py:753} INFO - DAG(s) dict_keys(['example_sensors']) retrieved from /home/airflow/.local/lib/python3.7/site-packages/airflow/example_dags/example_sensors.py
[2023-01-10T11:06:34.512+0000] {logging_mixin.py:137} INFO - [2023-01-10T11:06:34.512+0000] {dag.py:2676} INFO - Sync 1 DAGs
[2023-01-10T11:06:34.544+0000] {logging_mixin.py:137} INFO - [2023-01-10T11:06:34.544+0000] {dag.py:3427} INFO - Setting next_dagrun for example_sensors to None, run_after=None
[2023-01-10T11:06:34.568+0000] {processor.py:175} INFO - Processing /home/airflow/.local/lib/python3.7/site-packages/airflow/example_dags/example_sensors.py took 0.118 seconds
[2023-01-10T11:07:05.521+0000] {processor.py:153} INFO - Started process (PID=2036) to work on /home/airflow/.local/lib/python3.7/site-packages/airflow/example_dags/example_sensors.py
[2023-01-10T11:07:05.522+0000] {processor.py:743} INFO - Processing file /home/airflow/.local/lib/python3.7/site-packages/airflow/example_dags/example_sensors.py for tasks to queue
[2023-01-10T11:07:05.523+0000] {logging_mixin.py:137} INFO - [2023-01-10T11:07:05.523+0000] {dagbag.py:538} INFO - Filling up the DagBag from /home/airflow/.local/lib/python3.7/site-packages/airflow/example_dags/example_sensors.py
[2023-01-10T11:07:05.540+0000] {processor.py:753} INFO - DAG(s) dict_keys(['example_sensors']) retrieved from /home/airflow/.local/lib/python3.7/site-packages/airflow/example_dags/example_sensors.py
[2023-01-10T11:07:05.575+0000] {logging_mixin.py:137} INFO - [2023-01-10T11:07:05.574+0000] {dag.py:2676} INFO - Sync 1 DAGs
[2023-01-10T11:07:05.596+0000] {logging_mixin.py:137} INFO - [2023-01-10T11:07:05.596+0000] {dag.py:3427} INFO - Setting next_dagrun for example_sensors to None, run_after=None
[2023-01-10T11:07:05.615+0000] {processor.py:175} INFO - Processing /home/airflow/.local/lib/python3.7/site-packages/airflow/example_dags/example_sensors.py took 0.095 seconds
[2023-01-10T11:07:36.038+0000] {processor.py:153} INFO - Started process (PID=2122) to work on /home/airflow/.local/lib/python3.7/site-packages/airflow/example_dags/example_sensors.py
[2023-01-10T11:07:36.038+0000] {processor.py:743} INFO - Processing file /home/airflow/.local/lib/python3.7/site-packages/airflow/example_dags/example_sensors.py for tasks to queue
[2023-01-10T11:07:36.039+0000] {logging_mixin.py:137} INFO - [2023-01-10T11:07:36.039+0000] {dagbag.py:538} INFO - Filling up the DagBag from /home/airflow/.local/lib/python3.7/site-packages/airflow/example_dags/example_sensors.py
[2023-01-10T11:07:36.053+0000] {processor.py:753} INFO - DAG(s) dict_keys(['example_sensors']) retrieved from /home/airflow/.local/lib/python3.7/site-packages/airflow/example_dags/example_sensors.py
[2023-01-10T11:07:36.081+0000] {logging_mixin.py:137} INFO - [2023-01-10T11:07:36.081+0000] {dag.py:2676} INFO - Sync 1 DAGs
[2023-01-10T11:07:36.102+0000] {logging_mixin.py:137} INFO - [2023-01-10T11:07:36.102+0000] {dag.py:3427} INFO - Setting next_dagrun for example_sensors to None, run_after=None
[2023-01-10T11:07:36.117+0000] {processor.py:175} INFO - Processing /home/airflow/.local/lib/python3.7/site-packages/airflow/example_dags/example_sensors.py took 0.081 seconds
[2023-01-10T11:08:06.200+0000] {processor.py:153} INFO - Started process (PID=2192) to work on /home/airflow/.local/lib/python3.7/site-packages/airflow/example_dags/example_sensors.py
[2023-01-10T11:08:06.207+0000] {processor.py:743} INFO - Processing file /home/airflow/.local/lib/python3.7/site-packages/airflow/example_dags/example_sensors.py for tasks to queue
[2023-01-10T11:08:06.208+0000] {logging_mixin.py:137} INFO - [2023-01-10T11:08:06.208+0000] {dagbag.py:538} INFO - Filling up the DagBag from /home/airflow/.local/lib/python3.7/site-packages/airflow/example_dags/example_sensors.py
[2023-01-10T11:08:06.226+0000] {processor.py:753} INFO - DAG(s) dict_keys(['example_sensors']) retrieved from /home/airflow/.local/lib/python3.7/site-packages/airflow/example_dags/example_sensors.py
[2023-01-10T11:08:06.263+0000] {logging_mixin.py:137} INFO - [2023-01-10T11:08:06.263+0000] {dag.py:2676} INFO - Sync 1 DAGs
[2023-01-10T11:08:06.283+0000] {logging_mixin.py:137} INFO - [2023-01-10T11:08:06.283+0000] {dag.py:3427} INFO - Setting next_dagrun for example_sensors to None, run_after=None
[2023-01-10T11:08:06.302+0000] {processor.py:175} INFO - Processing /home/airflow/.local/lib/python3.7/site-packages/airflow/example_dags/example_sensors.py took 0.104 seconds
[2023-01-10T11:08:36.394+0000] {processor.py:153} INFO - Started process (PID=2278) to work on /home/airflow/.local/lib/python3.7/site-packages/airflow/example_dags/example_sensors.py
[2023-01-10T11:08:36.395+0000] {processor.py:743} INFO - Processing file /home/airflow/.local/lib/python3.7/site-packages/airflow/example_dags/example_sensors.py for tasks to queue
[2023-01-10T11:08:36.395+0000] {logging_mixin.py:137} INFO - [2023-01-10T11:08:36.395+0000] {dagbag.py:538} INFO - Filling up the DagBag from /home/airflow/.local/lib/python3.7/site-packages/airflow/example_dags/example_sensors.py
[2023-01-10T11:08:36.410+0000] {processor.py:753} INFO - DAG(s) dict_keys(['example_sensors']) retrieved from /home/airflow/.local/lib/python3.7/site-packages/airflow/example_dags/example_sensors.py
[2023-01-10T11:08:36.441+0000] {logging_mixin.py:137} INFO - [2023-01-10T11:08:36.441+0000] {dag.py:2676} INFO - Sync 1 DAGs
[2023-01-10T11:08:36.462+0000] {logging_mixin.py:137} INFO - [2023-01-10T11:08:36.462+0000] {dag.py:3427} INFO - Setting next_dagrun for example_sensors to None, run_after=None
[2023-01-10T11:08:36.476+0000] {processor.py:175} INFO - Processing /home/airflow/.local/lib/python3.7/site-packages/airflow/example_dags/example_sensors.py took 0.084 seconds
[2023-01-10T11:09:06.605+0000] {processor.py:153} INFO - Started process (PID=2348) to work on /home/airflow/.local/lib/python3.7/site-packages/airflow/example_dags/example_sensors.py
[2023-01-10T11:09:06.605+0000] {processor.py:743} INFO - Processing file /home/airflow/.local/lib/python3.7/site-packages/airflow/example_dags/example_sensors.py for tasks to queue
[2023-01-10T11:09:06.606+0000] {logging_mixin.py:137} INFO - [2023-01-10T11:09:06.606+0000] {dagbag.py:538} INFO - Filling up the DagBag from /home/airflow/.local/lib/python3.7/site-packages/airflow/example_dags/example_sensors.py
[2023-01-10T11:09:06.621+0000] {processor.py:753} INFO - DAG(s) dict_keys(['example_sensors']) retrieved from /home/airflow/.local/lib/python3.7/site-packages/airflow/example_dags/example_sensors.py
[2023-01-10T11:09:06.652+0000] {logging_mixin.py:137} INFO - [2023-01-10T11:09:06.652+0000] {dag.py:2676} INFO - Sync 1 DAGs
[2023-01-10T11:09:06.672+0000] {logging_mixin.py:137} INFO - [2023-01-10T11:09:06.672+0000] {dag.py:3427} INFO - Setting next_dagrun for example_sensors to None, run_after=None
[2023-01-10T11:09:06.686+0000] {processor.py:175} INFO - Processing /home/airflow/.local/lib/python3.7/site-packages/airflow/example_dags/example_sensors.py took 0.083 seconds
[2023-01-10T11:09:36.990+0000] {processor.py:153} INFO - Started process (PID=2433) to work on /home/airflow/.local/lib/python3.7/site-packages/airflow/example_dags/example_sensors.py
[2023-01-10T11:09:36.996+0000] {processor.py:743} INFO - Processing file /home/airflow/.local/lib/python3.7/site-packages/airflow/example_dags/example_sensors.py for tasks to queue
[2023-01-10T11:09:36.997+0000] {logging_mixin.py:137} INFO - [2023-01-10T11:09:36.996+0000] {dagbag.py:538} INFO - Filling up the DagBag from /home/airflow/.local/lib/python3.7/site-packages/airflow/example_dags/example_sensors.py
[2023-01-10T11:09:37.012+0000] {processor.py:753} INFO - DAG(s) dict_keys(['example_sensors']) retrieved from /home/airflow/.local/lib/python3.7/site-packages/airflow/example_dags/example_sensors.py
[2023-01-10T11:09:37.049+0000] {logging_mixin.py:137} INFO - [2023-01-10T11:09:37.049+0000] {dag.py:2676} INFO - Sync 1 DAGs
[2023-01-10T11:09:37.072+0000] {logging_mixin.py:137} INFO - [2023-01-10T11:09:37.072+0000] {dag.py:3427} INFO - Setting next_dagrun for example_sensors to None, run_after=None
[2023-01-10T11:09:37.087+0000] {processor.py:175} INFO - Processing /home/airflow/.local/lib/python3.7/site-packages/airflow/example_dags/example_sensors.py took 0.100 seconds
[2023-01-10T11:10:07.978+0000] {processor.py:153} INFO - Started process (PID=2503) to work on /home/airflow/.local/lib/python3.7/site-packages/airflow/example_dags/example_sensors.py
[2023-01-10T11:10:07.979+0000] {processor.py:743} INFO - Processing file /home/airflow/.local/lib/python3.7/site-packages/airflow/example_dags/example_sensors.py for tasks to queue
[2023-01-10T11:10:07.980+0000] {logging_mixin.py:137} INFO - [2023-01-10T11:10:07.979+0000] {dagbag.py:538} INFO - Filling up the DagBag from /home/airflow/.local/lib/python3.7/site-packages/airflow/example_dags/example_sensors.py
[2023-01-10T11:10:07.994+0000] {processor.py:753} INFO - DAG(s) dict_keys(['example_sensors']) retrieved from /home/airflow/.local/lib/python3.7/site-packages/airflow/example_dags/example_sensors.py
[2023-01-10T11:10:08.023+0000] {logging_mixin.py:137} INFO - [2023-01-10T11:10:08.022+0000] {dag.py:2676} INFO - Sync 1 DAGs
[2023-01-10T11:10:08.040+0000] {logging_mixin.py:137} INFO - [2023-01-10T11:10:08.040+0000] {dag.py:3427} INFO - Setting next_dagrun for example_sensors to None, run_after=None
[2023-01-10T11:10:08.054+0000] {processor.py:175} INFO - Processing /home/airflow/.local/lib/python3.7/site-packages/airflow/example_dags/example_sensors.py took 0.078 seconds
