[2023-01-10T10:54:20.826+0000] {processor.py:153} INFO - Started process (PID=45) to work on /home/airflow/.local/lib/python3.7/site-packages/airflow/example_dags/example_short_circuit_operator.py
[2023-01-10T10:54:20.827+0000] {processor.py:743} INFO - Processing file /home/airflow/.local/lib/python3.7/site-packages/airflow/example_dags/example_short_circuit_operator.py for tasks to queue
[2023-01-10T10:54:20.827+0000] {logging_mixin.py:137} INFO - [2023-01-10T10:54:20.827+0000] {dagbag.py:538} INFO - Filling up the DagBag from /home/airflow/.local/lib/python3.7/site-packages/airflow/example_dags/example_short_circuit_operator.py
[2023-01-10T10:54:20.847+0000] {processor.py:753} INFO - DAG(s) dict_keys(['example_short_circuit_operator']) retrieved from /home/airflow/.local/lib/python3.7/site-packages/airflow/example_dags/example_short_circuit_operator.py
[2023-01-10T10:54:21.059+0000] {logging_mixin.py:137} INFO - [2023-01-10T10:54:21.059+0000] {manager.py:504} INFO - Created Permission View: can delete on DAG:example_short_circuit_operator
[2023-01-10T10:54:21.070+0000] {logging_mixin.py:137} INFO - [2023-01-10T10:54:21.069+0000] {manager.py:504} INFO - Created Permission View: can read on DAG:example_short_circuit_operator
[2023-01-10T10:54:21.078+0000] {logging_mixin.py:137} INFO - [2023-01-10T10:54:21.078+0000] {manager.py:504} INFO - Created Permission View: can edit on DAG:example_short_circuit_operator
[2023-01-10T10:54:21.078+0000] {logging_mixin.py:137} INFO - [2023-01-10T10:54:21.078+0000] {dag.py:2676} INFO - Sync 1 DAGs
[2023-01-10T10:54:21.089+0000] {logging_mixin.py:137} INFO - [2023-01-10T10:54:21.089+0000] {dag.py:2697} INFO - Creating ORM DAG for example_short_circuit_operator
[2023-01-10T10:54:21.101+0000] {logging_mixin.py:137} INFO - [2023-01-10T10:54:21.101+0000] {dag.py:3427} INFO - Setting next_dagrun for example_short_circuit_operator to 2023-01-09T10:54:21.101481+00:00, run_after=2023-01-10T10:54:21.101481+00:00
[2023-01-10T10:54:21.130+0000] {processor.py:175} INFO - Processing /home/airflow/.local/lib/python3.7/site-packages/airflow/example_dags/example_short_circuit_operator.py took 0.308 seconds
[2023-01-10T10:54:51.391+0000] {processor.py:153} INFO - Started process (PID=131) to work on /home/airflow/.local/lib/python3.7/site-packages/airflow/example_dags/example_short_circuit_operator.py
[2023-01-10T10:54:51.392+0000] {processor.py:743} INFO - Processing file /home/airflow/.local/lib/python3.7/site-packages/airflow/example_dags/example_short_circuit_operator.py for tasks to queue
[2023-01-10T10:54:51.392+0000] {logging_mixin.py:137} INFO - [2023-01-10T10:54:51.392+0000] {dagbag.py:538} INFO - Filling up the DagBag from /home/airflow/.local/lib/python3.7/site-packages/airflow/example_dags/example_short_circuit_operator.py
[2023-01-10T10:54:51.406+0000] {processor.py:753} INFO - DAG(s) dict_keys(['example_short_circuit_operator']) retrieved from /home/airflow/.local/lib/python3.7/site-packages/airflow/example_dags/example_short_circuit_operator.py
[2023-01-10T10:54:51.432+0000] {logging_mixin.py:137} INFO - [2023-01-10T10:54:51.432+0000] {dag.py:2676} INFO - Sync 1 DAGs
[2023-01-10T10:54:51.450+0000] {logging_mixin.py:137} INFO - [2023-01-10T10:54:51.450+0000] {dag.py:3427} INFO - Setting next_dagrun for example_short_circuit_operator to 2023-01-09T10:54:51.449996+00:00, run_after=2023-01-10T10:54:51.449996+00:00
[2023-01-10T10:54:51.463+0000] {processor.py:175} INFO - Processing /home/airflow/.local/lib/python3.7/site-packages/airflow/example_dags/example_short_circuit_operator.py took 0.074 seconds
[2023-01-10T10:55:22.243+0000] {processor.py:153} INFO - Started process (PID=201) to work on /home/airflow/.local/lib/python3.7/site-packages/airflow/example_dags/example_short_circuit_operator.py
[2023-01-10T10:55:22.243+0000] {processor.py:743} INFO - Processing file /home/airflow/.local/lib/python3.7/site-packages/airflow/example_dags/example_short_circuit_operator.py for tasks to queue
[2023-01-10T10:55:22.244+0000] {logging_mixin.py:137} INFO - [2023-01-10T10:55:22.244+0000] {dagbag.py:538} INFO - Filling up the DagBag from /home/airflow/.local/lib/python3.7/site-packages/airflow/example_dags/example_short_circuit_operator.py
[2023-01-10T10:55:22.257+0000] {processor.py:753} INFO - DAG(s) dict_keys(['example_short_circuit_operator']) retrieved from /home/airflow/.local/lib/python3.7/site-packages/airflow/example_dags/example_short_circuit_operator.py
[2023-01-10T10:55:22.293+0000] {logging_mixin.py:137} INFO - [2023-01-10T10:55:22.292+0000] {dag.py:2676} INFO - Sync 1 DAGs
[2023-01-10T10:55:22.316+0000] {logging_mixin.py:137} INFO - [2023-01-10T10:55:22.316+0000] {dag.py:3427} INFO - Setting next_dagrun for example_short_circuit_operator to 2023-01-09T10:55:22.316411+00:00, run_after=2023-01-10T10:55:22.316411+00:00
[2023-01-10T10:55:22.333+0000] {processor.py:175} INFO - Processing /home/airflow/.local/lib/python3.7/site-packages/airflow/example_dags/example_short_circuit_operator.py took 0.094 seconds
[2023-01-10T10:55:53.122+0000] {processor.py:153} INFO - Started process (PID=289) to work on /home/airflow/.local/lib/python3.7/site-packages/airflow/example_dags/example_short_circuit_operator.py
[2023-01-10T10:55:53.122+0000] {processor.py:743} INFO - Processing file /home/airflow/.local/lib/python3.7/site-packages/airflow/example_dags/example_short_circuit_operator.py for tasks to queue
[2023-01-10T10:55:53.123+0000] {logging_mixin.py:137} INFO - [2023-01-10T10:55:53.123+0000] {dagbag.py:538} INFO - Filling up the DagBag from /home/airflow/.local/lib/python3.7/site-packages/airflow/example_dags/example_short_circuit_operator.py
[2023-01-10T10:55:53.135+0000] {processor.py:753} INFO - DAG(s) dict_keys(['example_short_circuit_operator']) retrieved from /home/airflow/.local/lib/python3.7/site-packages/airflow/example_dags/example_short_circuit_operator.py
[2023-01-10T10:55:53.162+0000] {logging_mixin.py:137} INFO - [2023-01-10T10:55:53.162+0000] {dag.py:2676} INFO - Sync 1 DAGs
[2023-01-10T10:55:53.182+0000] {logging_mixin.py:137} INFO - [2023-01-10T10:55:53.182+0000] {dag.py:3427} INFO - Setting next_dagrun for example_short_circuit_operator to 2023-01-09T10:55:53.182491+00:00, run_after=2023-01-10T10:55:53.182491+00:00
[2023-01-10T10:55:53.197+0000] {processor.py:175} INFO - Processing /home/airflow/.local/lib/python3.7/site-packages/airflow/example_dags/example_short_circuit_operator.py took 0.078 seconds
[2023-01-10T10:56:24.129+0000] {processor.py:153} INFO - Started process (PID=368) to work on /home/airflow/.local/lib/python3.7/site-packages/airflow/example_dags/example_short_circuit_operator.py
[2023-01-10T10:56:24.130+0000] {processor.py:743} INFO - Processing file /home/airflow/.local/lib/python3.7/site-packages/airflow/example_dags/example_short_circuit_operator.py for tasks to queue
[2023-01-10T10:56:24.131+0000] {logging_mixin.py:137} INFO - [2023-01-10T10:56:24.131+0000] {dagbag.py:538} INFO - Filling up the DagBag from /home/airflow/.local/lib/python3.7/site-packages/airflow/example_dags/example_short_circuit_operator.py
[2023-01-10T10:56:24.144+0000] {processor.py:753} INFO - DAG(s) dict_keys(['example_short_circuit_operator']) retrieved from /home/airflow/.local/lib/python3.7/site-packages/airflow/example_dags/example_short_circuit_operator.py
[2023-01-10T10:56:24.178+0000] {logging_mixin.py:137} INFO - [2023-01-10T10:56:24.178+0000] {dag.py:2676} INFO - Sync 1 DAGs
[2023-01-10T10:56:24.198+0000] {logging_mixin.py:137} INFO - [2023-01-10T10:56:24.198+0000] {dag.py:3427} INFO - Setting next_dagrun for example_short_circuit_operator to 2023-01-09T10:56:24.198522+00:00, run_after=2023-01-10T10:56:24.198522+00:00
[2023-01-10T10:56:24.218+0000] {processor.py:175} INFO - Processing /home/airflow/.local/lib/python3.7/site-packages/airflow/example_dags/example_short_circuit_operator.py took 0.092 seconds
[2023-01-10T10:56:54.284+0000] {processor.py:153} INFO - Started process (PID=445) to work on /home/airflow/.local/lib/python3.7/site-packages/airflow/example_dags/example_short_circuit_operator.py
[2023-01-10T10:56:54.285+0000] {processor.py:743} INFO - Processing file /home/airflow/.local/lib/python3.7/site-packages/airflow/example_dags/example_short_circuit_operator.py for tasks to queue
[2023-01-10T10:56:54.285+0000] {logging_mixin.py:137} INFO - [2023-01-10T10:56:54.285+0000] {dagbag.py:538} INFO - Filling up the DagBag from /home/airflow/.local/lib/python3.7/site-packages/airflow/example_dags/example_short_circuit_operator.py
[2023-01-10T10:56:54.297+0000] {processor.py:753} INFO - DAG(s) dict_keys(['example_short_circuit_operator']) retrieved from /home/airflow/.local/lib/python3.7/site-packages/airflow/example_dags/example_short_circuit_operator.py
[2023-01-10T10:56:54.326+0000] {logging_mixin.py:137} INFO - [2023-01-10T10:56:54.326+0000] {dag.py:2676} INFO - Sync 1 DAGs
[2023-01-10T10:56:54.347+0000] {logging_mixin.py:137} INFO - [2023-01-10T10:56:54.347+0000] {dag.py:3427} INFO - Setting next_dagrun for example_short_circuit_operator to 2023-01-09T10:56:54.346985+00:00, run_after=2023-01-10T10:56:54.346985+00:00
[2023-01-10T10:56:54.361+0000] {processor.py:175} INFO - Processing /home/airflow/.local/lib/python3.7/site-packages/airflow/example_dags/example_short_circuit_operator.py took 0.079 seconds
[2023-01-10T10:57:24.643+0000] {processor.py:153} INFO - Started process (PID=531) to work on /home/airflow/.local/lib/python3.7/site-packages/airflow/example_dags/example_short_circuit_operator.py
[2023-01-10T10:57:24.644+0000] {processor.py:743} INFO - Processing file /home/airflow/.local/lib/python3.7/site-packages/airflow/example_dags/example_short_circuit_operator.py for tasks to queue
[2023-01-10T10:57:24.644+0000] {logging_mixin.py:137} INFO - [2023-01-10T10:57:24.644+0000] {dagbag.py:538} INFO - Filling up the DagBag from /home/airflow/.local/lib/python3.7/site-packages/airflow/example_dags/example_short_circuit_operator.py
[2023-01-10T10:57:24.657+0000] {processor.py:753} INFO - DAG(s) dict_keys(['example_short_circuit_operator']) retrieved from /home/airflow/.local/lib/python3.7/site-packages/airflow/example_dags/example_short_circuit_operator.py
[2023-01-10T10:57:24.692+0000] {logging_mixin.py:137} INFO - [2023-01-10T10:57:24.692+0000] {dag.py:2676} INFO - Sync 1 DAGs
[2023-01-10T10:57:24.714+0000] {logging_mixin.py:137} INFO - [2023-01-10T10:57:24.714+0000] {dag.py:3427} INFO - Setting next_dagrun for example_short_circuit_operator to 2023-01-09T10:57:24.714341+00:00, run_after=2023-01-10T10:57:24.714341+00:00
[2023-01-10T10:57:24.730+0000] {processor.py:175} INFO - Processing /home/airflow/.local/lib/python3.7/site-packages/airflow/example_dags/example_short_circuit_operator.py took 0.090 seconds
[2023-01-10T10:57:55.636+0000] {processor.py:153} INFO - Started process (PID=601) to work on /home/airflow/.local/lib/python3.7/site-packages/airflow/example_dags/example_short_circuit_operator.py
[2023-01-10T10:57:55.636+0000] {processor.py:743} INFO - Processing file /home/airflow/.local/lib/python3.7/site-packages/airflow/example_dags/example_short_circuit_operator.py for tasks to queue
[2023-01-10T10:57:55.637+0000] {logging_mixin.py:137} INFO - [2023-01-10T10:57:55.637+0000] {dagbag.py:538} INFO - Filling up the DagBag from /home/airflow/.local/lib/python3.7/site-packages/airflow/example_dags/example_short_circuit_operator.py
[2023-01-10T10:57:55.651+0000] {processor.py:753} INFO - DAG(s) dict_keys(['example_short_circuit_operator']) retrieved from /home/airflow/.local/lib/python3.7/site-packages/airflow/example_dags/example_short_circuit_operator.py
[2023-01-10T10:57:55.684+0000] {logging_mixin.py:137} INFO - [2023-01-10T10:57:55.684+0000] {dag.py:2676} INFO - Sync 1 DAGs
[2023-01-10T10:57:55.714+0000] {logging_mixin.py:137} INFO - [2023-01-10T10:57:55.713+0000] {dag.py:3427} INFO - Setting next_dagrun for example_short_circuit_operator to 2023-01-09T10:57:55.713574+00:00, run_after=2023-01-10T10:57:55.713574+00:00
[2023-01-10T10:57:55.735+0000] {processor.py:175} INFO - Processing /home/airflow/.local/lib/python3.7/site-packages/airflow/example_dags/example_short_circuit_operator.py took 0.103 seconds
[2023-01-10T10:58:26.618+0000] {processor.py:153} INFO - Started process (PID=687) to work on /home/airflow/.local/lib/python3.7/site-packages/airflow/example_dags/example_short_circuit_operator.py
[2023-01-10T10:58:26.619+0000] {processor.py:743} INFO - Processing file /home/airflow/.local/lib/python3.7/site-packages/airflow/example_dags/example_short_circuit_operator.py for tasks to queue
[2023-01-10T10:58:26.619+0000] {logging_mixin.py:137} INFO - [2023-01-10T10:58:26.619+0000] {dagbag.py:538} INFO - Filling up the DagBag from /home/airflow/.local/lib/python3.7/site-packages/airflow/example_dags/example_short_circuit_operator.py
[2023-01-10T10:58:26.633+0000] {processor.py:753} INFO - DAG(s) dict_keys(['example_short_circuit_operator']) retrieved from /home/airflow/.local/lib/python3.7/site-packages/airflow/example_dags/example_short_circuit_operator.py
[2023-01-10T10:58:26.661+0000] {logging_mixin.py:137} INFO - [2023-01-10T10:58:26.661+0000] {dag.py:2676} INFO - Sync 1 DAGs
[2023-01-10T10:58:26.682+0000] {logging_mixin.py:137} INFO - [2023-01-10T10:58:26.681+0000] {dag.py:3427} INFO - Setting next_dagrun for example_short_circuit_operator to 2023-01-09T10:58:26.681742+00:00, run_after=2023-01-10T10:58:26.681742+00:00
[2023-01-10T10:58:26.695+0000] {processor.py:175} INFO - Processing /home/airflow/.local/lib/python3.7/site-packages/airflow/example_dags/example_short_circuit_operator.py took 0.079 seconds
[2023-01-10T10:58:57.529+0000] {processor.py:153} INFO - Started process (PID=756) to work on /home/airflow/.local/lib/python3.7/site-packages/airflow/example_dags/example_short_circuit_operator.py
[2023-01-10T10:58:57.529+0000] {processor.py:743} INFO - Processing file /home/airflow/.local/lib/python3.7/site-packages/airflow/example_dags/example_short_circuit_operator.py for tasks to queue
[2023-01-10T10:58:57.530+0000] {logging_mixin.py:137} INFO - [2023-01-10T10:58:57.530+0000] {dagbag.py:538} INFO - Filling up the DagBag from /home/airflow/.local/lib/python3.7/site-packages/airflow/example_dags/example_short_circuit_operator.py
[2023-01-10T10:58:57.543+0000] {processor.py:753} INFO - DAG(s) dict_keys(['example_short_circuit_operator']) retrieved from /home/airflow/.local/lib/python3.7/site-packages/airflow/example_dags/example_short_circuit_operator.py
[2023-01-10T10:58:57.571+0000] {logging_mixin.py:137} INFO - [2023-01-10T10:58:57.571+0000] {dag.py:2676} INFO - Sync 1 DAGs
[2023-01-10T10:58:57.589+0000] {logging_mixin.py:137} INFO - [2023-01-10T10:58:57.589+0000] {dag.py:3427} INFO - Setting next_dagrun for example_short_circuit_operator to 2023-01-09T10:58:57.589727+00:00, run_after=2023-01-10T10:58:57.589727+00:00
[2023-01-10T10:58:57.602+0000] {processor.py:175} INFO - Processing /home/airflow/.local/lib/python3.7/site-packages/airflow/example_dags/example_short_circuit_operator.py took 0.075 seconds
[2023-01-10T10:59:27.918+0000] {processor.py:153} INFO - Started process (PID=842) to work on /home/airflow/.local/lib/python3.7/site-packages/airflow/example_dags/example_short_circuit_operator.py
[2023-01-10T10:59:27.919+0000] {processor.py:743} INFO - Processing file /home/airflow/.local/lib/python3.7/site-packages/airflow/example_dags/example_short_circuit_operator.py for tasks to queue
[2023-01-10T10:59:27.919+0000] {logging_mixin.py:137} INFO - [2023-01-10T10:59:27.919+0000] {dagbag.py:538} INFO - Filling up the DagBag from /home/airflow/.local/lib/python3.7/site-packages/airflow/example_dags/example_short_circuit_operator.py
[2023-01-10T10:59:27.930+0000] {processor.py:753} INFO - DAG(s) dict_keys(['example_short_circuit_operator']) retrieved from /home/airflow/.local/lib/python3.7/site-packages/airflow/example_dags/example_short_circuit_operator.py
[2023-01-10T10:59:27.958+0000] {logging_mixin.py:137} INFO - [2023-01-10T10:59:27.958+0000] {dag.py:2676} INFO - Sync 1 DAGs
[2023-01-10T10:59:27.977+0000] {logging_mixin.py:137} INFO - [2023-01-10T10:59:27.977+0000] {dag.py:3427} INFO - Setting next_dagrun for example_short_circuit_operator to 2023-01-09T10:59:27.977027+00:00, run_after=2023-01-10T10:59:27.977027+00:00
[2023-01-10T10:59:27.989+0000] {processor.py:175} INFO - Processing /home/airflow/.local/lib/python3.7/site-packages/airflow/example_dags/example_short_circuit_operator.py took 0.073 seconds
[2023-01-10T10:59:58.155+0000] {processor.py:153} INFO - Started process (PID=913) to work on /home/airflow/.local/lib/python3.7/site-packages/airflow/example_dags/example_short_circuit_operator.py
[2023-01-10T10:59:58.156+0000] {processor.py:743} INFO - Processing file /home/airflow/.local/lib/python3.7/site-packages/airflow/example_dags/example_short_circuit_operator.py for tasks to queue
[2023-01-10T10:59:58.156+0000] {logging_mixin.py:137} INFO - [2023-01-10T10:59:58.156+0000] {dagbag.py:538} INFO - Filling up the DagBag from /home/airflow/.local/lib/python3.7/site-packages/airflow/example_dags/example_short_circuit_operator.py
[2023-01-10T10:59:58.170+0000] {processor.py:753} INFO - DAG(s) dict_keys(['example_short_circuit_operator']) retrieved from /home/airflow/.local/lib/python3.7/site-packages/airflow/example_dags/example_short_circuit_operator.py
[2023-01-10T10:59:58.204+0000] {logging_mixin.py:137} INFO - [2023-01-10T10:59:58.204+0000] {dag.py:2676} INFO - Sync 1 DAGs
[2023-01-10T10:59:58.231+0000] {logging_mixin.py:137} INFO - [2023-01-10T10:59:58.231+0000] {dag.py:3427} INFO - Setting next_dagrun for example_short_circuit_operator to 2023-01-09T10:59:58.231070+00:00, run_after=2023-01-10T10:59:58.231070+00:00
[2023-01-10T10:59:58.250+0000] {processor.py:175} INFO - Processing /home/airflow/.local/lib/python3.7/site-packages/airflow/example_dags/example_short_circuit_operator.py took 0.097 seconds
[2023-01-10T11:00:28.394+0000] {processor.py:153} INFO - Started process (PID=999) to work on /home/airflow/.local/lib/python3.7/site-packages/airflow/example_dags/example_short_circuit_operator.py
[2023-01-10T11:00:28.395+0000] {processor.py:743} INFO - Processing file /home/airflow/.local/lib/python3.7/site-packages/airflow/example_dags/example_short_circuit_operator.py for tasks to queue
[2023-01-10T11:00:28.395+0000] {logging_mixin.py:137} INFO - [2023-01-10T11:00:28.395+0000] {dagbag.py:538} INFO - Filling up the DagBag from /home/airflow/.local/lib/python3.7/site-packages/airflow/example_dags/example_short_circuit_operator.py
[2023-01-10T11:00:28.411+0000] {processor.py:753} INFO - DAG(s) dict_keys(['example_short_circuit_operator']) retrieved from /home/airflow/.local/lib/python3.7/site-packages/airflow/example_dags/example_short_circuit_operator.py
[2023-01-10T11:00:28.441+0000] {logging_mixin.py:137} INFO - [2023-01-10T11:00:28.440+0000] {dag.py:2676} INFO - Sync 1 DAGs
[2023-01-10T11:00:28.466+0000] {logging_mixin.py:137} INFO - [2023-01-10T11:00:28.466+0000] {dag.py:3427} INFO - Setting next_dagrun for example_short_circuit_operator to 2023-01-09T11:00:28.465840+00:00, run_after=2023-01-10T11:00:28.465840+00:00
[2023-01-10T11:00:28.481+0000] {processor.py:175} INFO - Processing /home/airflow/.local/lib/python3.7/site-packages/airflow/example_dags/example_short_circuit_operator.py took 0.090 seconds
[2023-01-10T11:00:58.544+0000] {processor.py:153} INFO - Started process (PID=1069) to work on /home/airflow/.local/lib/python3.7/site-packages/airflow/example_dags/example_short_circuit_operator.py
[2023-01-10T11:00:58.544+0000] {processor.py:743} INFO - Processing file /home/airflow/.local/lib/python3.7/site-packages/airflow/example_dags/example_short_circuit_operator.py for tasks to queue
[2023-01-10T11:00:58.545+0000] {logging_mixin.py:137} INFO - [2023-01-10T11:00:58.545+0000] {dagbag.py:538} INFO - Filling up the DagBag from /home/airflow/.local/lib/python3.7/site-packages/airflow/example_dags/example_short_circuit_operator.py
[2023-01-10T11:00:58.556+0000] {processor.py:753} INFO - DAG(s) dict_keys(['example_short_circuit_operator']) retrieved from /home/airflow/.local/lib/python3.7/site-packages/airflow/example_dags/example_short_circuit_operator.py
[2023-01-10T11:00:58.586+0000] {logging_mixin.py:137} INFO - [2023-01-10T11:00:58.586+0000] {dag.py:2676} INFO - Sync 1 DAGs
[2023-01-10T11:00:58.606+0000] {logging_mixin.py:137} INFO - [2023-01-10T11:00:58.606+0000] {dag.py:3427} INFO - Setting next_dagrun for example_short_circuit_operator to 2023-01-09T11:00:58.606538+00:00, run_after=2023-01-10T11:00:58.606538+00:00
[2023-01-10T11:00:58.626+0000] {processor.py:175} INFO - Processing /home/airflow/.local/lib/python3.7/site-packages/airflow/example_dags/example_short_circuit_operator.py took 0.084 seconds
[2023-01-10T11:01:28.707+0000] {processor.py:153} INFO - Started process (PID=1155) to work on /home/airflow/.local/lib/python3.7/site-packages/airflow/example_dags/example_short_circuit_operator.py
[2023-01-10T11:01:28.708+0000] {processor.py:743} INFO - Processing file /home/airflow/.local/lib/python3.7/site-packages/airflow/example_dags/example_short_circuit_operator.py for tasks to queue
[2023-01-10T11:01:28.708+0000] {logging_mixin.py:137} INFO - [2023-01-10T11:01:28.708+0000] {dagbag.py:538} INFO - Filling up the DagBag from /home/airflow/.local/lib/python3.7/site-packages/airflow/example_dags/example_short_circuit_operator.py
[2023-01-10T11:01:28.721+0000] {processor.py:753} INFO - DAG(s) dict_keys(['example_short_circuit_operator']) retrieved from /home/airflow/.local/lib/python3.7/site-packages/airflow/example_dags/example_short_circuit_operator.py
[2023-01-10T11:01:28.751+0000] {logging_mixin.py:137} INFO - [2023-01-10T11:01:28.751+0000] {dag.py:2676} INFO - Sync 1 DAGs
[2023-01-10T11:01:28.769+0000] {logging_mixin.py:137} INFO - [2023-01-10T11:01:28.769+0000] {dag.py:3427} INFO - Setting next_dagrun for example_short_circuit_operator to 2023-01-09T11:01:28.769005+00:00, run_after=2023-01-10T11:01:28.769005+00:00
[2023-01-10T11:01:28.784+0000] {processor.py:175} INFO - Processing /home/airflow/.local/lib/python3.7/site-packages/airflow/example_dags/example_short_circuit_operator.py took 0.079 seconds
[2023-01-10T11:01:59.009+0000] {processor.py:153} INFO - Started process (PID=1226) to work on /home/airflow/.local/lib/python3.7/site-packages/airflow/example_dags/example_short_circuit_operator.py
[2023-01-10T11:01:59.010+0000] {processor.py:743} INFO - Processing file /home/airflow/.local/lib/python3.7/site-packages/airflow/example_dags/example_short_circuit_operator.py for tasks to queue
[2023-01-10T11:01:59.011+0000] {logging_mixin.py:137} INFO - [2023-01-10T11:01:59.010+0000] {dagbag.py:538} INFO - Filling up the DagBag from /home/airflow/.local/lib/python3.7/site-packages/airflow/example_dags/example_short_circuit_operator.py
[2023-01-10T11:01:59.024+0000] {processor.py:753} INFO - DAG(s) dict_keys(['example_short_circuit_operator']) retrieved from /home/airflow/.local/lib/python3.7/site-packages/airflow/example_dags/example_short_circuit_operator.py
[2023-01-10T11:01:59.057+0000] {logging_mixin.py:137} INFO - [2023-01-10T11:01:59.056+0000] {dag.py:2676} INFO - Sync 1 DAGs
[2023-01-10T11:01:59.084+0000] {logging_mixin.py:137} INFO - [2023-01-10T11:01:59.084+0000] {dag.py:3427} INFO - Setting next_dagrun for example_short_circuit_operator to 2023-01-09T11:01:59.083954+00:00, run_after=2023-01-10T11:01:59.083954+00:00
[2023-01-10T11:01:59.101+0000] {processor.py:175} INFO - Processing /home/airflow/.local/lib/python3.7/site-packages/airflow/example_dags/example_short_circuit_operator.py took 0.094 seconds
[2023-01-10T11:02:29.344+0000] {processor.py:153} INFO - Started process (PID=1312) to work on /home/airflow/.local/lib/python3.7/site-packages/airflow/example_dags/example_short_circuit_operator.py
[2023-01-10T11:02:29.344+0000] {processor.py:743} INFO - Processing file /home/airflow/.local/lib/python3.7/site-packages/airflow/example_dags/example_short_circuit_operator.py for tasks to queue
[2023-01-10T11:02:29.345+0000] {logging_mixin.py:137} INFO - [2023-01-10T11:02:29.345+0000] {dagbag.py:538} INFO - Filling up the DagBag from /home/airflow/.local/lib/python3.7/site-packages/airflow/example_dags/example_short_circuit_operator.py
[2023-01-10T11:02:29.358+0000] {processor.py:753} INFO - DAG(s) dict_keys(['example_short_circuit_operator']) retrieved from /home/airflow/.local/lib/python3.7/site-packages/airflow/example_dags/example_short_circuit_operator.py
[2023-01-10T11:02:29.385+0000] {logging_mixin.py:137} INFO - [2023-01-10T11:02:29.385+0000] {dag.py:2676} INFO - Sync 1 DAGs
[2023-01-10T11:02:29.405+0000] {logging_mixin.py:137} INFO - [2023-01-10T11:02:29.405+0000] {dag.py:3427} INFO - Setting next_dagrun for example_short_circuit_operator to 2023-01-09T11:02:29.405156+00:00, run_after=2023-01-10T11:02:29.405156+00:00
[2023-01-10T11:02:29.420+0000] {processor.py:175} INFO - Processing /home/airflow/.local/lib/python3.7/site-packages/airflow/example_dags/example_short_circuit_operator.py took 0.078 seconds
[2023-01-10T11:02:59.462+0000] {processor.py:153} INFO - Started process (PID=1391) to work on /home/airflow/.local/lib/python3.7/site-packages/airflow/example_dags/example_short_circuit_operator.py
[2023-01-10T11:02:59.463+0000] {processor.py:743} INFO - Processing file /home/airflow/.local/lib/python3.7/site-packages/airflow/example_dags/example_short_circuit_operator.py for tasks to queue
[2023-01-10T11:02:59.463+0000] {logging_mixin.py:137} INFO - [2023-01-10T11:02:59.463+0000] {dagbag.py:538} INFO - Filling up the DagBag from /home/airflow/.local/lib/python3.7/site-packages/airflow/example_dags/example_short_circuit_operator.py
[2023-01-10T11:02:59.478+0000] {processor.py:753} INFO - DAG(s) dict_keys(['example_short_circuit_operator']) retrieved from /home/airflow/.local/lib/python3.7/site-packages/airflow/example_dags/example_short_circuit_operator.py
[2023-01-10T11:02:59.508+0000] {logging_mixin.py:137} INFO - [2023-01-10T11:02:59.508+0000] {dag.py:2676} INFO - Sync 1 DAGs
[2023-01-10T11:02:59.529+0000] {logging_mixin.py:137} INFO - [2023-01-10T11:02:59.528+0000] {dag.py:3427} INFO - Setting next_dagrun for example_short_circuit_operator to 2023-01-09T11:02:59.528820+00:00, run_after=2023-01-10T11:02:59.528820+00:00
[2023-01-10T11:02:59.544+0000] {processor.py:175} INFO - Processing /home/airflow/.local/lib/python3.7/site-packages/airflow/example_dags/example_short_circuit_operator.py took 0.084 seconds
[2023-01-10T11:03:29.563+0000] {processor.py:153} INFO - Started process (PID=1469) to work on /home/airflow/.local/lib/python3.7/site-packages/airflow/example_dags/example_short_circuit_operator.py
[2023-01-10T11:03:29.564+0000] {processor.py:743} INFO - Processing file /home/airflow/.local/lib/python3.7/site-packages/airflow/example_dags/example_short_circuit_operator.py for tasks to queue
[2023-01-10T11:03:29.565+0000] {logging_mixin.py:137} INFO - [2023-01-10T11:03:29.564+0000] {dagbag.py:538} INFO - Filling up the DagBag from /home/airflow/.local/lib/python3.7/site-packages/airflow/example_dags/example_short_circuit_operator.py
[2023-01-10T11:03:29.578+0000] {processor.py:753} INFO - DAG(s) dict_keys(['example_short_circuit_operator']) retrieved from /home/airflow/.local/lib/python3.7/site-packages/airflow/example_dags/example_short_circuit_operator.py
[2023-01-10T11:03:29.608+0000] {logging_mixin.py:137} INFO - [2023-01-10T11:03:29.608+0000] {dag.py:2676} INFO - Sync 1 DAGs
[2023-01-10T11:03:29.630+0000] {logging_mixin.py:137} INFO - [2023-01-10T11:03:29.630+0000] {dag.py:3427} INFO - Setting next_dagrun for example_short_circuit_operator to 2023-01-09T11:03:29.630433+00:00, run_after=2023-01-10T11:03:29.630433+00:00
[2023-01-10T11:03:29.645+0000] {processor.py:175} INFO - Processing /home/airflow/.local/lib/python3.7/site-packages/airflow/example_dags/example_short_circuit_operator.py took 0.085 seconds
[2023-01-10T11:03:59.929+0000] {processor.py:153} INFO - Started process (PID=1548) to work on /home/airflow/.local/lib/python3.7/site-packages/airflow/example_dags/example_short_circuit_operator.py
[2023-01-10T11:03:59.930+0000] {processor.py:743} INFO - Processing file /home/airflow/.local/lib/python3.7/site-packages/airflow/example_dags/example_short_circuit_operator.py for tasks to queue
[2023-01-10T11:03:59.930+0000] {logging_mixin.py:137} INFO - [2023-01-10T11:03:59.930+0000] {dagbag.py:538} INFO - Filling up the DagBag from /home/airflow/.local/lib/python3.7/site-packages/airflow/example_dags/example_short_circuit_operator.py
[2023-01-10T11:03:59.943+0000] {processor.py:753} INFO - DAG(s) dict_keys(['example_short_circuit_operator']) retrieved from /home/airflow/.local/lib/python3.7/site-packages/airflow/example_dags/example_short_circuit_operator.py
[2023-01-10T11:03:59.973+0000] {logging_mixin.py:137} INFO - [2023-01-10T11:03:59.973+0000] {dag.py:2676} INFO - Sync 1 DAGs
[2023-01-10T11:03:59.991+0000] {logging_mixin.py:137} INFO - [2023-01-10T11:03:59.991+0000] {dag.py:3427} INFO - Setting next_dagrun for example_short_circuit_operator to 2023-01-09T11:03:59.991343+00:00, run_after=2023-01-10T11:03:59.991343+00:00
[2023-01-10T11:04:00.006+0000] {processor.py:175} INFO - Processing /home/airflow/.local/lib/python3.7/site-packages/airflow/example_dags/example_short_circuit_operator.py took 0.078 seconds
[2023-01-10T11:04:30.926+0000] {processor.py:153} INFO - Started process (PID=1625) to work on /home/airflow/.local/lib/python3.7/site-packages/airflow/example_dags/example_short_circuit_operator.py
[2023-01-10T11:04:30.926+0000] {processor.py:743} INFO - Processing file /home/airflow/.local/lib/python3.7/site-packages/airflow/example_dags/example_short_circuit_operator.py for tasks to queue
[2023-01-10T11:04:30.927+0000] {logging_mixin.py:137} INFO - [2023-01-10T11:04:30.927+0000] {dagbag.py:538} INFO - Filling up the DagBag from /home/airflow/.local/lib/python3.7/site-packages/airflow/example_dags/example_short_circuit_operator.py
[2023-01-10T11:04:30.943+0000] {processor.py:753} INFO - DAG(s) dict_keys(['example_short_circuit_operator']) retrieved from /home/airflow/.local/lib/python3.7/site-packages/airflow/example_dags/example_short_circuit_operator.py
[2023-01-10T11:04:30.984+0000] {logging_mixin.py:137} INFO - [2023-01-10T11:04:30.984+0000] {dag.py:2676} INFO - Sync 1 DAGs
[2023-01-10T11:04:31.002+0000] {logging_mixin.py:137} INFO - [2023-01-10T11:04:31.002+0000] {dag.py:3427} INFO - Setting next_dagrun for example_short_circuit_operator to 2023-01-09T11:04:31.002336+00:00, run_after=2023-01-10T11:04:31.002336+00:00
[2023-01-10T11:04:31.018+0000] {processor.py:175} INFO - Processing /home/airflow/.local/lib/python3.7/site-packages/airflow/example_dags/example_short_circuit_operator.py took 0.094 seconds
[2023-01-10T11:05:01.059+0000] {processor.py:153} INFO - Started process (PID=1711) to work on /home/airflow/.local/lib/python3.7/site-packages/airflow/example_dags/example_short_circuit_operator.py
[2023-01-10T11:05:01.059+0000] {processor.py:743} INFO - Processing file /home/airflow/.local/lib/python3.7/site-packages/airflow/example_dags/example_short_circuit_operator.py for tasks to queue
[2023-01-10T11:05:01.060+0000] {logging_mixin.py:137} INFO - [2023-01-10T11:05:01.060+0000] {dagbag.py:538} INFO - Filling up the DagBag from /home/airflow/.local/lib/python3.7/site-packages/airflow/example_dags/example_short_circuit_operator.py
[2023-01-10T11:05:01.071+0000] {processor.py:753} INFO - DAG(s) dict_keys(['example_short_circuit_operator']) retrieved from /home/airflow/.local/lib/python3.7/site-packages/airflow/example_dags/example_short_circuit_operator.py
[2023-01-10T11:05:01.097+0000] {logging_mixin.py:137} INFO - [2023-01-10T11:05:01.097+0000] {dag.py:2676} INFO - Sync 1 DAGs
[2023-01-10T11:05:01.116+0000] {logging_mixin.py:137} INFO - [2023-01-10T11:05:01.116+0000] {dag.py:3427} INFO - Setting next_dagrun for example_short_circuit_operator to 2023-01-09T11:05:01.116436+00:00, run_after=2023-01-10T11:05:01.116436+00:00
[2023-01-10T11:05:01.129+0000] {processor.py:175} INFO - Processing /home/airflow/.local/lib/python3.7/site-packages/airflow/example_dags/example_short_circuit_operator.py took 0.073 seconds
[2023-01-10T11:05:31.201+0000] {processor.py:153} INFO - Started process (PID=1781) to work on /home/airflow/.local/lib/python3.7/site-packages/airflow/example_dags/example_short_circuit_operator.py
[2023-01-10T11:05:31.201+0000] {processor.py:743} INFO - Processing file /home/airflow/.local/lib/python3.7/site-packages/airflow/example_dags/example_short_circuit_operator.py for tasks to queue
[2023-01-10T11:05:31.202+0000] {logging_mixin.py:137} INFO - [2023-01-10T11:05:31.202+0000] {dagbag.py:538} INFO - Filling up the DagBag from /home/airflow/.local/lib/python3.7/site-packages/airflow/example_dags/example_short_circuit_operator.py
[2023-01-10T11:05:31.213+0000] {processor.py:753} INFO - DAG(s) dict_keys(['example_short_circuit_operator']) retrieved from /home/airflow/.local/lib/python3.7/site-packages/airflow/example_dags/example_short_circuit_operator.py
[2023-01-10T11:05:31.240+0000] {logging_mixin.py:137} INFO - [2023-01-10T11:05:31.240+0000] {dag.py:2676} INFO - Sync 1 DAGs
[2023-01-10T11:05:31.263+0000] {logging_mixin.py:137} INFO - [2023-01-10T11:05:31.263+0000] {dag.py:3427} INFO - Setting next_dagrun for example_short_circuit_operator to 2023-01-09T11:05:31.263297+00:00, run_after=2023-01-10T11:05:31.263297+00:00
[2023-01-10T11:05:31.275+0000] {processor.py:175} INFO - Processing /home/airflow/.local/lib/python3.7/site-packages/airflow/example_dags/example_short_circuit_operator.py took 0.077 seconds
[2023-01-10T11:06:01.351+0000] {processor.py:153} INFO - Started process (PID=1867) to work on /home/airflow/.local/lib/python3.7/site-packages/airflow/example_dags/example_short_circuit_operator.py
[2023-01-10T11:06:01.352+0000] {processor.py:743} INFO - Processing file /home/airflow/.local/lib/python3.7/site-packages/airflow/example_dags/example_short_circuit_operator.py for tasks to queue
[2023-01-10T11:06:01.352+0000] {logging_mixin.py:137} INFO - [2023-01-10T11:06:01.352+0000] {dagbag.py:538} INFO - Filling up the DagBag from /home/airflow/.local/lib/python3.7/site-packages/airflow/example_dags/example_short_circuit_operator.py
[2023-01-10T11:06:01.364+0000] {processor.py:753} INFO - DAG(s) dict_keys(['example_short_circuit_operator']) retrieved from /home/airflow/.local/lib/python3.7/site-packages/airflow/example_dags/example_short_circuit_operator.py
[2023-01-10T11:06:01.391+0000] {logging_mixin.py:137} INFO - [2023-01-10T11:06:01.391+0000] {dag.py:2676} INFO - Sync 1 DAGs
[2023-01-10T11:06:01.410+0000] {logging_mixin.py:137} INFO - [2023-01-10T11:06:01.410+0000] {dag.py:3427} INFO - Setting next_dagrun for example_short_circuit_operator to 2023-01-09T11:06:01.409963+00:00, run_after=2023-01-10T11:06:01.409963+00:00
[2023-01-10T11:06:01.423+0000] {processor.py:175} INFO - Processing /home/airflow/.local/lib/python3.7/site-packages/airflow/example_dags/example_short_circuit_operator.py took 0.073 seconds
[2023-01-10T11:06:31.608+0000] {processor.py:153} INFO - Started process (PID=1937) to work on /home/airflow/.local/lib/python3.7/site-packages/airflow/example_dags/example_short_circuit_operator.py
[2023-01-10T11:06:31.609+0000] {processor.py:743} INFO - Processing file /home/airflow/.local/lib/python3.7/site-packages/airflow/example_dags/example_short_circuit_operator.py for tasks to queue
[2023-01-10T11:06:31.609+0000] {logging_mixin.py:137} INFO - [2023-01-10T11:06:31.609+0000] {dagbag.py:538} INFO - Filling up the DagBag from /home/airflow/.local/lib/python3.7/site-packages/airflow/example_dags/example_short_circuit_operator.py
[2023-01-10T11:06:31.623+0000] {processor.py:753} INFO - DAG(s) dict_keys(['example_short_circuit_operator']) retrieved from /home/airflow/.local/lib/python3.7/site-packages/airflow/example_dags/example_short_circuit_operator.py
[2023-01-10T11:06:31.658+0000] {logging_mixin.py:137} INFO - [2023-01-10T11:06:31.658+0000] {dag.py:2676} INFO - Sync 1 DAGs
[2023-01-10T11:06:31.687+0000] {logging_mixin.py:137} INFO - [2023-01-10T11:06:31.687+0000] {dag.py:3427} INFO - Setting next_dagrun for example_short_circuit_operator to 2023-01-09T11:06:31.687315+00:00, run_after=2023-01-10T11:06:31.687315+00:00
[2023-01-10T11:06:31.711+0000] {processor.py:175} INFO - Processing /home/airflow/.local/lib/python3.7/site-packages/airflow/example_dags/example_short_circuit_operator.py took 0.105 seconds
[2023-01-10T11:07:01.954+0000] {processor.py:153} INFO - Started process (PID=2023) to work on /home/airflow/.local/lib/python3.7/site-packages/airflow/example_dags/example_short_circuit_operator.py
[2023-01-10T11:07:01.955+0000] {processor.py:743} INFO - Processing file /home/airflow/.local/lib/python3.7/site-packages/airflow/example_dags/example_short_circuit_operator.py for tasks to queue
[2023-01-10T11:07:01.956+0000] {logging_mixin.py:137} INFO - [2023-01-10T11:07:01.955+0000] {dagbag.py:538} INFO - Filling up the DagBag from /home/airflow/.local/lib/python3.7/site-packages/airflow/example_dags/example_short_circuit_operator.py
[2023-01-10T11:07:01.970+0000] {processor.py:753} INFO - DAG(s) dict_keys(['example_short_circuit_operator']) retrieved from /home/airflow/.local/lib/python3.7/site-packages/airflow/example_dags/example_short_circuit_operator.py
[2023-01-10T11:07:02.002+0000] {logging_mixin.py:137} INFO - [2023-01-10T11:07:02.002+0000] {dag.py:2676} INFO - Sync 1 DAGs
[2023-01-10T11:07:02.023+0000] {logging_mixin.py:137} INFO - [2023-01-10T11:07:02.022+0000] {dag.py:3427} INFO - Setting next_dagrun for example_short_circuit_operator to 2023-01-09T11:07:02.022688+00:00, run_after=2023-01-10T11:07:02.022688+00:00
[2023-01-10T11:07:02.036+0000] {processor.py:175} INFO - Processing /home/airflow/.local/lib/python3.7/site-packages/airflow/example_dags/example_short_circuit_operator.py took 0.084 seconds
[2023-01-10T11:07:32.316+0000] {processor.py:153} INFO - Started process (PID=2093) to work on /home/airflow/.local/lib/python3.7/site-packages/airflow/example_dags/example_short_circuit_operator.py
[2023-01-10T11:07:32.316+0000] {processor.py:743} INFO - Processing file /home/airflow/.local/lib/python3.7/site-packages/airflow/example_dags/example_short_circuit_operator.py for tasks to queue
[2023-01-10T11:07:32.317+0000] {logging_mixin.py:137} INFO - [2023-01-10T11:07:32.317+0000] {dagbag.py:538} INFO - Filling up the DagBag from /home/airflow/.local/lib/python3.7/site-packages/airflow/example_dags/example_short_circuit_operator.py
[2023-01-10T11:07:32.329+0000] {processor.py:753} INFO - DAG(s) dict_keys(['example_short_circuit_operator']) retrieved from /home/airflow/.local/lib/python3.7/site-packages/airflow/example_dags/example_short_circuit_operator.py
[2023-01-10T11:07:32.359+0000] {logging_mixin.py:137} INFO - [2023-01-10T11:07:32.359+0000] {dag.py:2676} INFO - Sync 1 DAGs
[2023-01-10T11:07:32.379+0000] {logging_mixin.py:137} INFO - [2023-01-10T11:07:32.379+0000] {dag.py:3427} INFO - Setting next_dagrun for example_short_circuit_operator to 2023-01-09T11:07:32.378841+00:00, run_after=2023-01-10T11:07:32.378841+00:00
[2023-01-10T11:07:32.394+0000] {processor.py:175} INFO - Processing /home/airflow/.local/lib/python3.7/site-packages/airflow/example_dags/example_short_circuit_operator.py took 0.080 seconds
[2023-01-10T11:08:02.494+0000] {processor.py:153} INFO - Started process (PID=2179) to work on /home/airflow/.local/lib/python3.7/site-packages/airflow/example_dags/example_short_circuit_operator.py
[2023-01-10T11:08:02.494+0000] {processor.py:743} INFO - Processing file /home/airflow/.local/lib/python3.7/site-packages/airflow/example_dags/example_short_circuit_operator.py for tasks to queue
[2023-01-10T11:08:02.495+0000] {logging_mixin.py:137} INFO - [2023-01-10T11:08:02.495+0000] {dagbag.py:538} INFO - Filling up the DagBag from /home/airflow/.local/lib/python3.7/site-packages/airflow/example_dags/example_short_circuit_operator.py
[2023-01-10T11:08:02.507+0000] {processor.py:753} INFO - DAG(s) dict_keys(['example_short_circuit_operator']) retrieved from /home/airflow/.local/lib/python3.7/site-packages/airflow/example_dags/example_short_circuit_operator.py
[2023-01-10T11:08:02.535+0000] {logging_mixin.py:137} INFO - [2023-01-10T11:08:02.535+0000] {dag.py:2676} INFO - Sync 1 DAGs
[2023-01-10T11:08:02.554+0000] {logging_mixin.py:137} INFO - [2023-01-10T11:08:02.554+0000] {dag.py:3427} INFO - Setting next_dagrun for example_short_circuit_operator to 2023-01-09T11:08:02.554342+00:00, run_after=2023-01-10T11:08:02.554342+00:00
[2023-01-10T11:08:02.569+0000] {processor.py:175} INFO - Processing /home/airflow/.local/lib/python3.7/site-packages/airflow/example_dags/example_short_circuit_operator.py took 0.078 seconds
[2023-01-10T11:08:32.640+0000] {processor.py:153} INFO - Started process (PID=2249) to work on /home/airflow/.local/lib/python3.7/site-packages/airflow/example_dags/example_short_circuit_operator.py
[2023-01-10T11:08:32.641+0000] {processor.py:743} INFO - Processing file /home/airflow/.local/lib/python3.7/site-packages/airflow/example_dags/example_short_circuit_operator.py for tasks to queue
[2023-01-10T11:08:32.641+0000] {logging_mixin.py:137} INFO - [2023-01-10T11:08:32.641+0000] {dagbag.py:538} INFO - Filling up the DagBag from /home/airflow/.local/lib/python3.7/site-packages/airflow/example_dags/example_short_circuit_operator.py
[2023-01-10T11:08:32.655+0000] {processor.py:753} INFO - DAG(s) dict_keys(['example_short_circuit_operator']) retrieved from /home/airflow/.local/lib/python3.7/site-packages/airflow/example_dags/example_short_circuit_operator.py
[2023-01-10T11:08:32.689+0000] {logging_mixin.py:137} INFO - [2023-01-10T11:08:32.689+0000] {dag.py:2676} INFO - Sync 1 DAGs
[2023-01-10T11:08:32.709+0000] {logging_mixin.py:137} INFO - [2023-01-10T11:08:32.709+0000] {dag.py:3427} INFO - Setting next_dagrun for example_short_circuit_operator to 2023-01-09T11:08:32.709029+00:00, run_after=2023-01-10T11:08:32.709029+00:00
[2023-01-10T11:08:32.724+0000] {processor.py:175} INFO - Processing /home/airflow/.local/lib/python3.7/site-packages/airflow/example_dags/example_short_circuit_operator.py took 0.086 seconds
[2023-01-10T11:09:02.893+0000] {processor.py:153} INFO - Started process (PID=2335) to work on /home/airflow/.local/lib/python3.7/site-packages/airflow/example_dags/example_short_circuit_operator.py
[2023-01-10T11:09:02.894+0000] {processor.py:743} INFO - Processing file /home/airflow/.local/lib/python3.7/site-packages/airflow/example_dags/example_short_circuit_operator.py for tasks to queue
[2023-01-10T11:09:02.895+0000] {logging_mixin.py:137} INFO - [2023-01-10T11:09:02.894+0000] {dagbag.py:538} INFO - Filling up the DagBag from /home/airflow/.local/lib/python3.7/site-packages/airflow/example_dags/example_short_circuit_operator.py
[2023-01-10T11:09:02.909+0000] {processor.py:753} INFO - DAG(s) dict_keys(['example_short_circuit_operator']) retrieved from /home/airflow/.local/lib/python3.7/site-packages/airflow/example_dags/example_short_circuit_operator.py
[2023-01-10T11:09:02.947+0000] {logging_mixin.py:137} INFO - [2023-01-10T11:09:02.946+0000] {dag.py:2676} INFO - Sync 1 DAGs
[2023-01-10T11:09:02.974+0000] {logging_mixin.py:137} INFO - [2023-01-10T11:09:02.974+0000] {dag.py:3427} INFO - Setting next_dagrun for example_short_circuit_operator to 2023-01-09T11:09:02.974165+00:00, run_after=2023-01-10T11:09:02.974165+00:00
[2023-01-10T11:09:02.999+0000] {processor.py:175} INFO - Processing /home/airflow/.local/lib/python3.7/site-packages/airflow/example_dags/example_short_circuit_operator.py took 0.108 seconds
[2023-01-10T11:09:33.289+0000] {processor.py:153} INFO - Started process (PID=2404) to work on /home/airflow/.local/lib/python3.7/site-packages/airflow/example_dags/example_short_circuit_operator.py
[2023-01-10T11:09:33.290+0000] {processor.py:743} INFO - Processing file /home/airflow/.local/lib/python3.7/site-packages/airflow/example_dags/example_short_circuit_operator.py for tasks to queue
[2023-01-10T11:09:33.290+0000] {logging_mixin.py:137} INFO - [2023-01-10T11:09:33.290+0000] {dagbag.py:538} INFO - Filling up the DagBag from /home/airflow/.local/lib/python3.7/site-packages/airflow/example_dags/example_short_circuit_operator.py
[2023-01-10T11:09:33.303+0000] {processor.py:753} INFO - DAG(s) dict_keys(['example_short_circuit_operator']) retrieved from /home/airflow/.local/lib/python3.7/site-packages/airflow/example_dags/example_short_circuit_operator.py
[2023-01-10T11:09:33.337+0000] {logging_mixin.py:137} INFO - [2023-01-10T11:09:33.336+0000] {dag.py:2676} INFO - Sync 1 DAGs
[2023-01-10T11:09:33.363+0000] {logging_mixin.py:137} INFO - [2023-01-10T11:09:33.363+0000] {dag.py:3427} INFO - Setting next_dagrun for example_short_circuit_operator to 2023-01-09T11:09:33.363192+00:00, run_after=2023-01-10T11:09:33.363192+00:00
[2023-01-10T11:09:33.387+0000] {processor.py:175} INFO - Processing /home/airflow/.local/lib/python3.7/site-packages/airflow/example_dags/example_short_circuit_operator.py took 0.099 seconds
[2023-01-10T11:10:03.427+0000] {processor.py:153} INFO - Started process (PID=2490) to work on /home/airflow/.local/lib/python3.7/site-packages/airflow/example_dags/example_short_circuit_operator.py
[2023-01-10T11:10:03.428+0000] {processor.py:743} INFO - Processing file /home/airflow/.local/lib/python3.7/site-packages/airflow/example_dags/example_short_circuit_operator.py for tasks to queue
[2023-01-10T11:10:03.429+0000] {logging_mixin.py:137} INFO - [2023-01-10T11:10:03.428+0000] {dagbag.py:538} INFO - Filling up the DagBag from /home/airflow/.local/lib/python3.7/site-packages/airflow/example_dags/example_short_circuit_operator.py
[2023-01-10T11:10:03.442+0000] {processor.py:753} INFO - DAG(s) dict_keys(['example_short_circuit_operator']) retrieved from /home/airflow/.local/lib/python3.7/site-packages/airflow/example_dags/example_short_circuit_operator.py
[2023-01-10T11:10:03.473+0000] {logging_mixin.py:137} INFO - [2023-01-10T11:10:03.473+0000] {dag.py:2676} INFO - Sync 1 DAGs
[2023-01-10T11:10:03.499+0000] {logging_mixin.py:137} INFO - [2023-01-10T11:10:03.499+0000] {dag.py:3427} INFO - Setting next_dagrun for example_short_circuit_operator to 2023-01-09T11:10:03.499199+00:00, run_after=2023-01-10T11:10:03.499199+00:00
[2023-01-10T11:10:03.515+0000] {processor.py:175} INFO - Processing /home/airflow/.local/lib/python3.7/site-packages/airflow/example_dags/example_short_circuit_operator.py took 0.090 seconds
