[2023-01-10T10:54:24.846+0000] {processor.py:153} INFO - Started process (PID=89) to work on /home/airflow/.local/lib/python3.7/site-packages/airflow/example_dags/example_branch_operator.py
[2023-01-10T10:54:24.846+0000] {processor.py:743} INFO - Processing file /home/airflow/.local/lib/python3.7/site-packages/airflow/example_dags/example_branch_operator.py for tasks to queue
[2023-01-10T10:54:24.847+0000] {logging_mixin.py:137} INFO - [2023-01-10T10:54:24.847+0000] {dagbag.py:538} INFO - Filling up the DagBag from /home/airflow/.local/lib/python3.7/site-packages/airflow/example_dags/example_branch_operator.py
[2023-01-10T10:54:24.860+0000] {processor.py:753} INFO - DAG(s) dict_keys(['example_branch_operator']) retrieved from /home/airflow/.local/lib/python3.7/site-packages/airflow/example_dags/example_branch_operator.py
[2023-01-10T10:54:24.958+0000] {logging_mixin.py:137} INFO - [2023-01-10T10:54:24.958+0000] {manager.py:504} INFO - Created Permission View: can delete on DAG:example_branch_operator
[2023-01-10T10:54:24.964+0000] {logging_mixin.py:137} INFO - [2023-01-10T10:54:24.964+0000] {manager.py:504} INFO - Created Permission View: can read on DAG:example_branch_operator
[2023-01-10T10:54:24.968+0000] {logging_mixin.py:137} INFO - [2023-01-10T10:54:24.968+0000] {manager.py:504} INFO - Created Permission View: can edit on DAG:example_branch_operator
[2023-01-10T10:54:24.969+0000] {logging_mixin.py:137} INFO - [2023-01-10T10:54:24.969+0000] {dag.py:2676} INFO - Sync 1 DAGs
[2023-01-10T10:54:24.978+0000] {logging_mixin.py:137} INFO - [2023-01-10T10:54:24.977+0000] {dag.py:2697} INFO - Creating ORM DAG for example_branch_operator
[2023-01-10T10:54:24.987+0000] {logging_mixin.py:137} INFO - [2023-01-10T10:54:24.987+0000] {dag.py:3427} INFO - Setting next_dagrun for example_branch_operator to 2023-01-09T00:00:00+00:00, run_after=2023-01-10T00:00:00+00:00
[2023-01-10T10:54:25.002+0000] {processor.py:175} INFO - Processing /home/airflow/.local/lib/python3.7/site-packages/airflow/example_dags/example_branch_operator.py took 0.158 seconds
[2023-01-10T10:54:55.785+0000] {processor.py:153} INFO - Started process (PID=159) to work on /home/airflow/.local/lib/python3.7/site-packages/airflow/example_dags/example_branch_operator.py
[2023-01-10T10:54:55.785+0000] {processor.py:743} INFO - Processing file /home/airflow/.local/lib/python3.7/site-packages/airflow/example_dags/example_branch_operator.py for tasks to queue
[2023-01-10T10:54:55.786+0000] {logging_mixin.py:137} INFO - [2023-01-10T10:54:55.785+0000] {dagbag.py:538} INFO - Filling up the DagBag from /home/airflow/.local/lib/python3.7/site-packages/airflow/example_dags/example_branch_operator.py
[2023-01-10T10:54:55.799+0000] {processor.py:753} INFO - DAG(s) dict_keys(['example_branch_operator']) retrieved from /home/airflow/.local/lib/python3.7/site-packages/airflow/example_dags/example_branch_operator.py
[2023-01-10T10:54:55.826+0000] {logging_mixin.py:137} INFO - [2023-01-10T10:54:55.826+0000] {dag.py:2676} INFO - Sync 1 DAGs
[2023-01-10T10:54:55.847+0000] {logging_mixin.py:137} INFO - [2023-01-10T10:54:55.847+0000] {dag.py:3427} INFO - Setting next_dagrun for example_branch_operator to 2023-01-09T00:00:00+00:00, run_after=2023-01-10T00:00:00+00:00
[2023-01-10T10:54:55.860+0000] {processor.py:175} INFO - Processing /home/airflow/.local/lib/python3.7/site-packages/airflow/example_dags/example_branch_operator.py took 0.078 seconds
[2023-01-10T10:55:26.579+0000] {processor.py:153} INFO - Started process (PID=246) to work on /home/airflow/.local/lib/python3.7/site-packages/airflow/example_dags/example_branch_operator.py
[2023-01-10T10:55:26.580+0000] {processor.py:743} INFO - Processing file /home/airflow/.local/lib/python3.7/site-packages/airflow/example_dags/example_branch_operator.py for tasks to queue
[2023-01-10T10:55:26.580+0000] {logging_mixin.py:137} INFO - [2023-01-10T10:55:26.580+0000] {dagbag.py:538} INFO - Filling up the DagBag from /home/airflow/.local/lib/python3.7/site-packages/airflow/example_dags/example_branch_operator.py
[2023-01-10T10:55:26.596+0000] {processor.py:753} INFO - DAG(s) dict_keys(['example_branch_operator']) retrieved from /home/airflow/.local/lib/python3.7/site-packages/airflow/example_dags/example_branch_operator.py
[2023-01-10T10:55:26.634+0000] {logging_mixin.py:137} INFO - [2023-01-10T10:55:26.634+0000] {dag.py:2676} INFO - Sync 1 DAGs
[2023-01-10T10:55:26.659+0000] {logging_mixin.py:137} INFO - [2023-01-10T10:55:26.658+0000] {dag.py:3427} INFO - Setting next_dagrun for example_branch_operator to 2023-01-09T00:00:00+00:00, run_after=2023-01-10T00:00:00+00:00
[2023-01-10T10:55:26.674+0000] {processor.py:175} INFO - Processing /home/airflow/.local/lib/python3.7/site-packages/airflow/example_dags/example_branch_operator.py took 0.097 seconds
[2023-01-10T10:55:57.554+0000] {processor.py:153} INFO - Started process (PID=317) to work on /home/airflow/.local/lib/python3.7/site-packages/airflow/example_dags/example_branch_operator.py
[2023-01-10T10:55:57.555+0000] {processor.py:743} INFO - Processing file /home/airflow/.local/lib/python3.7/site-packages/airflow/example_dags/example_branch_operator.py for tasks to queue
[2023-01-10T10:55:57.555+0000] {logging_mixin.py:137} INFO - [2023-01-10T10:55:57.555+0000] {dagbag.py:538} INFO - Filling up the DagBag from /home/airflow/.local/lib/python3.7/site-packages/airflow/example_dags/example_branch_operator.py
[2023-01-10T10:55:57.567+0000] {processor.py:753} INFO - DAG(s) dict_keys(['example_branch_operator']) retrieved from /home/airflow/.local/lib/python3.7/site-packages/airflow/example_dags/example_branch_operator.py
[2023-01-10T10:55:57.595+0000] {logging_mixin.py:137} INFO - [2023-01-10T10:55:57.594+0000] {dag.py:2676} INFO - Sync 1 DAGs
[2023-01-10T10:55:57.621+0000] {logging_mixin.py:137} INFO - [2023-01-10T10:55:57.620+0000] {dag.py:3427} INFO - Setting next_dagrun for example_branch_operator to 2023-01-09T00:00:00+00:00, run_after=2023-01-10T00:00:00+00:00
[2023-01-10T10:55:57.635+0000] {processor.py:175} INFO - Processing /home/airflow/.local/lib/python3.7/site-packages/airflow/example_dags/example_branch_operator.py took 0.083 seconds
[2023-01-10T10:56:27.815+0000] {processor.py:153} INFO - Started process (PID=403) to work on /home/airflow/.local/lib/python3.7/site-packages/airflow/example_dags/example_branch_operator.py
[2023-01-10T10:56:27.816+0000] {processor.py:743} INFO - Processing file /home/airflow/.local/lib/python3.7/site-packages/airflow/example_dags/example_branch_operator.py for tasks to queue
[2023-01-10T10:56:27.816+0000] {logging_mixin.py:137} INFO - [2023-01-10T10:56:27.816+0000] {dagbag.py:538} INFO - Filling up the DagBag from /home/airflow/.local/lib/python3.7/site-packages/airflow/example_dags/example_branch_operator.py
[2023-01-10T10:56:27.831+0000] {processor.py:753} INFO - DAG(s) dict_keys(['example_branch_operator']) retrieved from /home/airflow/.local/lib/python3.7/site-packages/airflow/example_dags/example_branch_operator.py
[2023-01-10T10:56:27.860+0000] {logging_mixin.py:137} INFO - [2023-01-10T10:56:27.860+0000] {dag.py:2676} INFO - Sync 1 DAGs
[2023-01-10T10:56:27.881+0000] {logging_mixin.py:137} INFO - [2023-01-10T10:56:27.881+0000] {dag.py:3427} INFO - Setting next_dagrun for example_branch_operator to 2023-01-09T00:00:00+00:00, run_after=2023-01-10T00:00:00+00:00
[2023-01-10T10:56:27.896+0000] {processor.py:175} INFO - Processing /home/airflow/.local/lib/python3.7/site-packages/airflow/example_dags/example_branch_operator.py took 0.083 seconds
[2023-01-10T10:56:58.886+0000] {processor.py:153} INFO - Started process (PID=473) to work on /home/airflow/.local/lib/python3.7/site-packages/airflow/example_dags/example_branch_operator.py
[2023-01-10T10:56:58.887+0000] {processor.py:743} INFO - Processing file /home/airflow/.local/lib/python3.7/site-packages/airflow/example_dags/example_branch_operator.py for tasks to queue
[2023-01-10T10:56:58.887+0000] {logging_mixin.py:137} INFO - [2023-01-10T10:56:58.887+0000] {dagbag.py:538} INFO - Filling up the DagBag from /home/airflow/.local/lib/python3.7/site-packages/airflow/example_dags/example_branch_operator.py
[2023-01-10T10:56:58.901+0000] {processor.py:753} INFO - DAG(s) dict_keys(['example_branch_operator']) retrieved from /home/airflow/.local/lib/python3.7/site-packages/airflow/example_dags/example_branch_operator.py
[2023-01-10T10:56:58.932+0000] {logging_mixin.py:137} INFO - [2023-01-10T10:56:58.932+0000] {dag.py:2676} INFO - Sync 1 DAGs
[2023-01-10T10:56:58.955+0000] {logging_mixin.py:137} INFO - [2023-01-10T10:56:58.955+0000] {dag.py:3427} INFO - Setting next_dagrun for example_branch_operator to 2023-01-09T00:00:00+00:00, run_after=2023-01-10T00:00:00+00:00
[2023-01-10T10:56:58.970+0000] {processor.py:175} INFO - Processing /home/airflow/.local/lib/python3.7/site-packages/airflow/example_dags/example_branch_operator.py took 0.087 seconds
[2023-01-10T10:57:29.056+0000] {processor.py:153} INFO - Started process (PID=559) to work on /home/airflow/.local/lib/python3.7/site-packages/airflow/example_dags/example_branch_operator.py
[2023-01-10T10:57:29.056+0000] {processor.py:743} INFO - Processing file /home/airflow/.local/lib/python3.7/site-packages/airflow/example_dags/example_branch_operator.py for tasks to queue
[2023-01-10T10:57:29.057+0000] {logging_mixin.py:137} INFO - [2023-01-10T10:57:29.057+0000] {dagbag.py:538} INFO - Filling up the DagBag from /home/airflow/.local/lib/python3.7/site-packages/airflow/example_dags/example_branch_operator.py
[2023-01-10T10:57:29.070+0000] {processor.py:753} INFO - DAG(s) dict_keys(['example_branch_operator']) retrieved from /home/airflow/.local/lib/python3.7/site-packages/airflow/example_dags/example_branch_operator.py
[2023-01-10T10:57:29.099+0000] {logging_mixin.py:137} INFO - [2023-01-10T10:57:29.099+0000] {dag.py:2676} INFO - Sync 1 DAGs
[2023-01-10T10:57:29.119+0000] {logging_mixin.py:137} INFO - [2023-01-10T10:57:29.119+0000] {dag.py:3427} INFO - Setting next_dagrun for example_branch_operator to 2023-01-09T00:00:00+00:00, run_after=2023-01-10T00:00:00+00:00
[2023-01-10T10:57:29.132+0000] {processor.py:175} INFO - Processing /home/airflow/.local/lib/python3.7/site-packages/airflow/example_dags/example_branch_operator.py took 0.078 seconds
[2023-01-10T10:57:59.992+0000] {processor.py:153} INFO - Started process (PID=638) to work on /home/airflow/.local/lib/python3.7/site-packages/airflow/example_dags/example_branch_operator.py
[2023-01-10T10:57:59.993+0000] {processor.py:743} INFO - Processing file /home/airflow/.local/lib/python3.7/site-packages/airflow/example_dags/example_branch_operator.py for tasks to queue
[2023-01-10T10:57:59.994+0000] {logging_mixin.py:137} INFO - [2023-01-10T10:57:59.994+0000] {dagbag.py:538} INFO - Filling up the DagBag from /home/airflow/.local/lib/python3.7/site-packages/airflow/example_dags/example_branch_operator.py
[2023-01-10T10:58:00.010+0000] {processor.py:753} INFO - DAG(s) dict_keys(['example_branch_operator']) retrieved from /home/airflow/.local/lib/python3.7/site-packages/airflow/example_dags/example_branch_operator.py
[2023-01-10T10:58:00.045+0000] {logging_mixin.py:137} INFO - [2023-01-10T10:58:00.045+0000] {dag.py:2676} INFO - Sync 1 DAGs
[2023-01-10T10:58:00.066+0000] {logging_mixin.py:137} INFO - [2023-01-10T10:58:00.066+0000] {dag.py:3427} INFO - Setting next_dagrun for example_branch_operator to 2023-01-09T00:00:00+00:00, run_after=2023-01-10T00:00:00+00:00
[2023-01-10T10:58:00.086+0000] {processor.py:175} INFO - Processing /home/airflow/.local/lib/python3.7/site-packages/airflow/example_dags/example_branch_operator.py took 0.097 seconds
[2023-01-10T10:58:30.963+0000] {processor.py:153} INFO - Started process (PID=715) to work on /home/airflow/.local/lib/python3.7/site-packages/airflow/example_dags/example_branch_operator.py
[2023-01-10T10:58:30.964+0000] {processor.py:743} INFO - Processing file /home/airflow/.local/lib/python3.7/site-packages/airflow/example_dags/example_branch_operator.py for tasks to queue
[2023-01-10T10:58:30.965+0000] {logging_mixin.py:137} INFO - [2023-01-10T10:58:30.965+0000] {dagbag.py:538} INFO - Filling up the DagBag from /home/airflow/.local/lib/python3.7/site-packages/airflow/example_dags/example_branch_operator.py
[2023-01-10T10:58:30.978+0000] {processor.py:753} INFO - DAG(s) dict_keys(['example_branch_operator']) retrieved from /home/airflow/.local/lib/python3.7/site-packages/airflow/example_dags/example_branch_operator.py
[2023-01-10T10:58:31.008+0000] {logging_mixin.py:137} INFO - [2023-01-10T10:58:31.008+0000] {dag.py:2676} INFO - Sync 1 DAGs
[2023-01-10T10:58:31.031+0000] {logging_mixin.py:137} INFO - [2023-01-10T10:58:31.031+0000] {dag.py:3427} INFO - Setting next_dagrun for example_branch_operator to 2023-01-09T00:00:00+00:00, run_after=2023-01-10T00:00:00+00:00
[2023-01-10T10:58:31.050+0000] {processor.py:175} INFO - Processing /home/airflow/.local/lib/python3.7/site-packages/airflow/example_dags/example_branch_operator.py took 0.090 seconds
[2023-01-10T10:59:01.344+0000] {processor.py:153} INFO - Started process (PID=800) to work on /home/airflow/.local/lib/python3.7/site-packages/airflow/example_dags/example_branch_operator.py
[2023-01-10T10:59:01.344+0000] {processor.py:743} INFO - Processing file /home/airflow/.local/lib/python3.7/site-packages/airflow/example_dags/example_branch_operator.py for tasks to queue
[2023-01-10T10:59:01.345+0000] {logging_mixin.py:137} INFO - [2023-01-10T10:59:01.344+0000] {dagbag.py:538} INFO - Filling up the DagBag from /home/airflow/.local/lib/python3.7/site-packages/airflow/example_dags/example_branch_operator.py
[2023-01-10T10:59:01.356+0000] {processor.py:753} INFO - DAG(s) dict_keys(['example_branch_operator']) retrieved from /home/airflow/.local/lib/python3.7/site-packages/airflow/example_dags/example_branch_operator.py
[2023-01-10T10:59:01.386+0000] {logging_mixin.py:137} INFO - [2023-01-10T10:59:01.386+0000] {dag.py:2676} INFO - Sync 1 DAGs
[2023-01-10T10:59:01.409+0000] {logging_mixin.py:137} INFO - [2023-01-10T10:59:01.409+0000] {dag.py:3427} INFO - Setting next_dagrun for example_branch_operator to 2023-01-09T00:00:00+00:00, run_after=2023-01-10T00:00:00+00:00
[2023-01-10T10:59:01.424+0000] {processor.py:175} INFO - Processing /home/airflow/.local/lib/python3.7/site-packages/airflow/example_dags/example_branch_operator.py took 0.083 seconds
[2023-01-10T10:59:31.586+0000] {processor.py:153} INFO - Started process (PID=870) to work on /home/airflow/.local/lib/python3.7/site-packages/airflow/example_dags/example_branch_operator.py
[2023-01-10T10:59:31.586+0000] {processor.py:743} INFO - Processing file /home/airflow/.local/lib/python3.7/site-packages/airflow/example_dags/example_branch_operator.py for tasks to queue
[2023-01-10T10:59:31.587+0000] {logging_mixin.py:137} INFO - [2023-01-10T10:59:31.587+0000] {dagbag.py:538} INFO - Filling up the DagBag from /home/airflow/.local/lib/python3.7/site-packages/airflow/example_dags/example_branch_operator.py
[2023-01-10T10:59:31.599+0000] {processor.py:753} INFO - DAG(s) dict_keys(['example_branch_operator']) retrieved from /home/airflow/.local/lib/python3.7/site-packages/airflow/example_dags/example_branch_operator.py
[2023-01-10T10:59:31.630+0000] {logging_mixin.py:137} INFO - [2023-01-10T10:59:31.630+0000] {dag.py:2676} INFO - Sync 1 DAGs
[2023-01-10T10:59:31.652+0000] {logging_mixin.py:137} INFO - [2023-01-10T10:59:31.652+0000] {dag.py:3427} INFO - Setting next_dagrun for example_branch_operator to 2023-01-09T00:00:00+00:00, run_after=2023-01-10T00:00:00+00:00
[2023-01-10T10:59:31.669+0000] {processor.py:175} INFO - Processing /home/airflow/.local/lib/python3.7/site-packages/airflow/example_dags/example_branch_operator.py took 0.085 seconds
[2023-01-10T11:00:01.789+0000] {processor.py:153} INFO - Started process (PID=957) to work on /home/airflow/.local/lib/python3.7/site-packages/airflow/example_dags/example_branch_operator.py
[2023-01-10T11:00:01.790+0000] {processor.py:743} INFO - Processing file /home/airflow/.local/lib/python3.7/site-packages/airflow/example_dags/example_branch_operator.py for tasks to queue
[2023-01-10T11:00:01.791+0000] {logging_mixin.py:137} INFO - [2023-01-10T11:00:01.791+0000] {dagbag.py:538} INFO - Filling up the DagBag from /home/airflow/.local/lib/python3.7/site-packages/airflow/example_dags/example_branch_operator.py
[2023-01-10T11:00:01.803+0000] {processor.py:753} INFO - DAG(s) dict_keys(['example_branch_operator']) retrieved from /home/airflow/.local/lib/python3.7/site-packages/airflow/example_dags/example_branch_operator.py
[2023-01-10T11:00:01.835+0000] {logging_mixin.py:137} INFO - [2023-01-10T11:00:01.834+0000] {dag.py:2676} INFO - Sync 1 DAGs
[2023-01-10T11:00:01.856+0000] {logging_mixin.py:137} INFO - [2023-01-10T11:00:01.856+0000] {dag.py:3427} INFO - Setting next_dagrun for example_branch_operator to 2023-01-09T00:00:00+00:00, run_after=2023-01-10T00:00:00+00:00
[2023-01-10T11:00:01.871+0000] {processor.py:175} INFO - Processing /home/airflow/.local/lib/python3.7/site-packages/airflow/example_dags/example_branch_operator.py took 0.085 seconds
[2023-01-10T11:00:31.981+0000] {processor.py:153} INFO - Started process (PID=1027) to work on /home/airflow/.local/lib/python3.7/site-packages/airflow/example_dags/example_branch_operator.py
[2023-01-10T11:00:31.981+0000] {processor.py:743} INFO - Processing file /home/airflow/.local/lib/python3.7/site-packages/airflow/example_dags/example_branch_operator.py for tasks to queue
[2023-01-10T11:00:31.982+0000] {logging_mixin.py:137} INFO - [2023-01-10T11:00:31.982+0000] {dagbag.py:538} INFO - Filling up the DagBag from /home/airflow/.local/lib/python3.7/site-packages/airflow/example_dags/example_branch_operator.py
[2023-01-10T11:00:31.997+0000] {processor.py:753} INFO - DAG(s) dict_keys(['example_branch_operator']) retrieved from /home/airflow/.local/lib/python3.7/site-packages/airflow/example_dags/example_branch_operator.py
[2023-01-10T11:00:32.027+0000] {logging_mixin.py:137} INFO - [2023-01-10T11:00:32.027+0000] {dag.py:2676} INFO - Sync 1 DAGs
[2023-01-10T11:00:32.052+0000] {logging_mixin.py:137} INFO - [2023-01-10T11:00:32.052+0000] {dag.py:3427} INFO - Setting next_dagrun for example_branch_operator to 2023-01-09T00:00:00+00:00, run_after=2023-01-10T00:00:00+00:00
[2023-01-10T11:00:32.066+0000] {processor.py:175} INFO - Processing /home/airflow/.local/lib/python3.7/site-packages/airflow/example_dags/example_branch_operator.py took 0.088 seconds
[2023-01-10T11:01:02.162+0000] {processor.py:153} INFO - Started process (PID=1113) to work on /home/airflow/.local/lib/python3.7/site-packages/airflow/example_dags/example_branch_operator.py
[2023-01-10T11:01:02.162+0000] {processor.py:743} INFO - Processing file /home/airflow/.local/lib/python3.7/site-packages/airflow/example_dags/example_branch_operator.py for tasks to queue
[2023-01-10T11:01:02.163+0000] {logging_mixin.py:137} INFO - [2023-01-10T11:01:02.163+0000] {dagbag.py:538} INFO - Filling up the DagBag from /home/airflow/.local/lib/python3.7/site-packages/airflow/example_dags/example_branch_operator.py
[2023-01-10T11:01:02.178+0000] {processor.py:753} INFO - DAG(s) dict_keys(['example_branch_operator']) retrieved from /home/airflow/.local/lib/python3.7/site-packages/airflow/example_dags/example_branch_operator.py
[2023-01-10T11:01:02.210+0000] {logging_mixin.py:137} INFO - [2023-01-10T11:01:02.210+0000] {dag.py:2676} INFO - Sync 1 DAGs
[2023-01-10T11:01:02.240+0000] {logging_mixin.py:137} INFO - [2023-01-10T11:01:02.240+0000] {dag.py:3427} INFO - Setting next_dagrun for example_branch_operator to 2023-01-09T00:00:00+00:00, run_after=2023-01-10T00:00:00+00:00
[2023-01-10T11:01:02.258+0000] {processor.py:175} INFO - Processing /home/airflow/.local/lib/python3.7/site-packages/airflow/example_dags/example_branch_operator.py took 0.098 seconds
[2023-01-10T11:01:32.349+0000] {processor.py:153} INFO - Started process (PID=1183) to work on /home/airflow/.local/lib/python3.7/site-packages/airflow/example_dags/example_branch_operator.py
[2023-01-10T11:01:32.349+0000] {processor.py:743} INFO - Processing file /home/airflow/.local/lib/python3.7/site-packages/airflow/example_dags/example_branch_operator.py for tasks to queue
[2023-01-10T11:01:32.350+0000] {logging_mixin.py:137} INFO - [2023-01-10T11:01:32.350+0000] {dagbag.py:538} INFO - Filling up the DagBag from /home/airflow/.local/lib/python3.7/site-packages/airflow/example_dags/example_branch_operator.py
[2023-01-10T11:01:32.367+0000] {processor.py:753} INFO - DAG(s) dict_keys(['example_branch_operator']) retrieved from /home/airflow/.local/lib/python3.7/site-packages/airflow/example_dags/example_branch_operator.py
[2023-01-10T11:01:32.440+0000] {logging_mixin.py:137} INFO - [2023-01-10T11:01:32.440+0000] {dag.py:2676} INFO - Sync 1 DAGs
[2023-01-10T11:01:32.479+0000] {logging_mixin.py:137} INFO - [2023-01-10T11:01:32.479+0000] {dag.py:3427} INFO - Setting next_dagrun for example_branch_operator to 2023-01-09T00:00:00+00:00, run_after=2023-01-10T00:00:00+00:00
[2023-01-10T11:01:32.506+0000] {processor.py:175} INFO - Processing /home/airflow/.local/lib/python3.7/site-packages/airflow/example_dags/example_branch_operator.py took 0.159 seconds
[2023-01-10T11:02:02.730+0000] {processor.py:153} INFO - Started process (PID=1270) to work on /home/airflow/.local/lib/python3.7/site-packages/airflow/example_dags/example_branch_operator.py
[2023-01-10T11:02:02.731+0000] {processor.py:743} INFO - Processing file /home/airflow/.local/lib/python3.7/site-packages/airflow/example_dags/example_branch_operator.py for tasks to queue
[2023-01-10T11:02:02.731+0000] {logging_mixin.py:137} INFO - [2023-01-10T11:02:02.731+0000] {dagbag.py:538} INFO - Filling up the DagBag from /home/airflow/.local/lib/python3.7/site-packages/airflow/example_dags/example_branch_operator.py
[2023-01-10T11:02:02.745+0000] {processor.py:753} INFO - DAG(s) dict_keys(['example_branch_operator']) retrieved from /home/airflow/.local/lib/python3.7/site-packages/airflow/example_dags/example_branch_operator.py
[2023-01-10T11:02:02.777+0000] {logging_mixin.py:137} INFO - [2023-01-10T11:02:02.777+0000] {dag.py:2676} INFO - Sync 1 DAGs
[2023-01-10T11:02:02.800+0000] {logging_mixin.py:137} INFO - [2023-01-10T11:02:02.800+0000] {dag.py:3427} INFO - Setting next_dagrun for example_branch_operator to 2023-01-09T00:00:00+00:00, run_after=2023-01-10T00:00:00+00:00
[2023-01-10T11:02:02.818+0000] {processor.py:175} INFO - Processing /home/airflow/.local/lib/python3.7/site-packages/airflow/example_dags/example_branch_operator.py took 0.089 seconds
[2023-01-10T11:02:33.751+0000] {processor.py:153} INFO - Started process (PID=1340) to work on /home/airflow/.local/lib/python3.7/site-packages/airflow/example_dags/example_branch_operator.py
[2023-01-10T11:02:33.752+0000] {processor.py:743} INFO - Processing file /home/airflow/.local/lib/python3.7/site-packages/airflow/example_dags/example_branch_operator.py for tasks to queue
[2023-01-10T11:02:33.752+0000] {logging_mixin.py:137} INFO - [2023-01-10T11:02:33.752+0000] {dagbag.py:538} INFO - Filling up the DagBag from /home/airflow/.local/lib/python3.7/site-packages/airflow/example_dags/example_branch_operator.py
[2023-01-10T11:02:33.769+0000] {processor.py:753} INFO - DAG(s) dict_keys(['example_branch_operator']) retrieved from /home/airflow/.local/lib/python3.7/site-packages/airflow/example_dags/example_branch_operator.py
[2023-01-10T11:02:33.800+0000] {logging_mixin.py:137} INFO - [2023-01-10T11:02:33.799+0000] {dag.py:2676} INFO - Sync 1 DAGs
[2023-01-10T11:02:33.823+0000] {logging_mixin.py:137} INFO - [2023-01-10T11:02:33.823+0000] {dag.py:3427} INFO - Setting next_dagrun for example_branch_operator to 2023-01-09T00:00:00+00:00, run_after=2023-01-10T00:00:00+00:00
[2023-01-10T11:02:33.841+0000] {processor.py:175} INFO - Processing /home/airflow/.local/lib/python3.7/site-packages/airflow/example_dags/example_branch_operator.py took 0.091 seconds
[2023-01-10T11:03:03.925+0000] {processor.py:153} INFO - Started process (PID=1426) to work on /home/airflow/.local/lib/python3.7/site-packages/airflow/example_dags/example_branch_operator.py
[2023-01-10T11:03:03.925+0000] {processor.py:743} INFO - Processing file /home/airflow/.local/lib/python3.7/site-packages/airflow/example_dags/example_branch_operator.py for tasks to queue
[2023-01-10T11:03:03.925+0000] {logging_mixin.py:137} INFO - [2023-01-10T11:03:03.925+0000] {dagbag.py:538} INFO - Filling up the DagBag from /home/airflow/.local/lib/python3.7/site-packages/airflow/example_dags/example_branch_operator.py
[2023-01-10T11:03:03.940+0000] {processor.py:753} INFO - DAG(s) dict_keys(['example_branch_operator']) retrieved from /home/airflow/.local/lib/python3.7/site-packages/airflow/example_dags/example_branch_operator.py
[2023-01-10T11:03:03.968+0000] {logging_mixin.py:137} INFO - [2023-01-10T11:03:03.968+0000] {dag.py:2676} INFO - Sync 1 DAGs
[2023-01-10T11:03:03.991+0000] {logging_mixin.py:137} INFO - [2023-01-10T11:03:03.991+0000] {dag.py:3427} INFO - Setting next_dagrun for example_branch_operator to 2023-01-09T00:00:00+00:00, run_after=2023-01-10T00:00:00+00:00
[2023-01-10T11:03:04.006+0000] {processor.py:175} INFO - Processing /home/airflow/.local/lib/python3.7/site-packages/airflow/example_dags/example_branch_operator.py took 0.083 seconds
[2023-01-10T11:03:34.184+0000] {processor.py:153} INFO - Started process (PID=1497) to work on /home/airflow/.local/lib/python3.7/site-packages/airflow/example_dags/example_branch_operator.py
[2023-01-10T11:03:34.187+0000] {processor.py:743} INFO - Processing file /home/airflow/.local/lib/python3.7/site-packages/airflow/example_dags/example_branch_operator.py for tasks to queue
[2023-01-10T11:03:34.187+0000] {logging_mixin.py:137} INFO - [2023-01-10T11:03:34.187+0000] {dagbag.py:538} INFO - Filling up the DagBag from /home/airflow/.local/lib/python3.7/site-packages/airflow/example_dags/example_branch_operator.py
[2023-01-10T11:03:34.208+0000] {processor.py:753} INFO - DAG(s) dict_keys(['example_branch_operator']) retrieved from /home/airflow/.local/lib/python3.7/site-packages/airflow/example_dags/example_branch_operator.py
[2023-01-10T11:03:34.253+0000] {logging_mixin.py:137} INFO - [2023-01-10T11:03:34.253+0000] {dag.py:2676} INFO - Sync 1 DAGs
[2023-01-10T11:03:34.282+0000] {logging_mixin.py:137} INFO - [2023-01-10T11:03:34.282+0000] {dag.py:3427} INFO - Setting next_dagrun for example_branch_operator to 2023-01-09T00:00:00+00:00, run_after=2023-01-10T00:00:00+00:00
[2023-01-10T11:03:34.304+0000] {processor.py:175} INFO - Processing /home/airflow/.local/lib/python3.7/site-packages/airflow/example_dags/example_branch_operator.py took 0.123 seconds
[2023-01-10T11:04:04.408+0000] {processor.py:153} INFO - Started process (PID=1583) to work on /home/airflow/.local/lib/python3.7/site-packages/airflow/example_dags/example_branch_operator.py
[2023-01-10T11:04:04.409+0000] {processor.py:743} INFO - Processing file /home/airflow/.local/lib/python3.7/site-packages/airflow/example_dags/example_branch_operator.py for tasks to queue
[2023-01-10T11:04:04.409+0000] {logging_mixin.py:137} INFO - [2023-01-10T11:04:04.409+0000] {dagbag.py:538} INFO - Filling up the DagBag from /home/airflow/.local/lib/python3.7/site-packages/airflow/example_dags/example_branch_operator.py
[2023-01-10T11:04:04.423+0000] {processor.py:753} INFO - DAG(s) dict_keys(['example_branch_operator']) retrieved from /home/airflow/.local/lib/python3.7/site-packages/airflow/example_dags/example_branch_operator.py
[2023-01-10T11:04:04.451+0000] {logging_mixin.py:137} INFO - [2023-01-10T11:04:04.451+0000] {dag.py:2676} INFO - Sync 1 DAGs
[2023-01-10T11:04:04.473+0000] {logging_mixin.py:137} INFO - [2023-01-10T11:04:04.473+0000] {dag.py:3427} INFO - Setting next_dagrun for example_branch_operator to 2023-01-09T00:00:00+00:00, run_after=2023-01-10T00:00:00+00:00
[2023-01-10T11:04:04.486+0000] {processor.py:175} INFO - Processing /home/airflow/.local/lib/python3.7/site-packages/airflow/example_dags/example_branch_operator.py took 0.080 seconds
[2023-01-10T11:04:35.429+0000] {processor.py:153} INFO - Started process (PID=1662) to work on /home/airflow/.local/lib/python3.7/site-packages/airflow/example_dags/example_branch_operator.py
[2023-01-10T11:04:35.430+0000] {processor.py:743} INFO - Processing file /home/airflow/.local/lib/python3.7/site-packages/airflow/example_dags/example_branch_operator.py for tasks to queue
[2023-01-10T11:04:35.430+0000] {logging_mixin.py:137} INFO - [2023-01-10T11:04:35.430+0000] {dagbag.py:538} INFO - Filling up the DagBag from /home/airflow/.local/lib/python3.7/site-packages/airflow/example_dags/example_branch_operator.py
[2023-01-10T11:04:35.444+0000] {processor.py:753} INFO - DAG(s) dict_keys(['example_branch_operator']) retrieved from /home/airflow/.local/lib/python3.7/site-packages/airflow/example_dags/example_branch_operator.py
[2023-01-10T11:04:35.478+0000] {logging_mixin.py:137} INFO - [2023-01-10T11:04:35.477+0000] {dag.py:2676} INFO - Sync 1 DAGs
[2023-01-10T11:04:35.509+0000] {logging_mixin.py:137} INFO - [2023-01-10T11:04:35.508+0000] {dag.py:3427} INFO - Setting next_dagrun for example_branch_operator to 2023-01-09T00:00:00+00:00, run_after=2023-01-10T00:00:00+00:00
[2023-01-10T11:04:35.527+0000] {processor.py:175} INFO - Processing /home/airflow/.local/lib/python3.7/site-packages/airflow/example_dags/example_branch_operator.py took 0.100 seconds
[2023-01-10T11:05:05.598+0000] {processor.py:153} INFO - Started process (PID=1739) to work on /home/airflow/.local/lib/python3.7/site-packages/airflow/example_dags/example_branch_operator.py
[2023-01-10T11:05:05.598+0000] {processor.py:743} INFO - Processing file /home/airflow/.local/lib/python3.7/site-packages/airflow/example_dags/example_branch_operator.py for tasks to queue
[2023-01-10T11:05:05.599+0000] {logging_mixin.py:137} INFO - [2023-01-10T11:05:05.599+0000] {dagbag.py:538} INFO - Filling up the DagBag from /home/airflow/.local/lib/python3.7/site-packages/airflow/example_dags/example_branch_operator.py
[2023-01-10T11:05:05.611+0000] {processor.py:753} INFO - DAG(s) dict_keys(['example_branch_operator']) retrieved from /home/airflow/.local/lib/python3.7/site-packages/airflow/example_dags/example_branch_operator.py
[2023-01-10T11:05:05.640+0000] {logging_mixin.py:137} INFO - [2023-01-10T11:05:05.640+0000] {dag.py:2676} INFO - Sync 1 DAGs
[2023-01-10T11:05:05.662+0000] {logging_mixin.py:137} INFO - [2023-01-10T11:05:05.662+0000] {dag.py:3427} INFO - Setting next_dagrun for example_branch_operator to 2023-01-09T00:00:00+00:00, run_after=2023-01-10T00:00:00+00:00
[2023-01-10T11:05:05.678+0000] {processor.py:175} INFO - Processing /home/airflow/.local/lib/python3.7/site-packages/airflow/example_dags/example_branch_operator.py took 0.082 seconds
[2023-01-10T11:05:35.735+0000] {processor.py:153} INFO - Started process (PID=1825) to work on /home/airflow/.local/lib/python3.7/site-packages/airflow/example_dags/example_branch_operator.py
[2023-01-10T11:05:35.736+0000] {processor.py:743} INFO - Processing file /home/airflow/.local/lib/python3.7/site-packages/airflow/example_dags/example_branch_operator.py for tasks to queue
[2023-01-10T11:05:35.737+0000] {logging_mixin.py:137} INFO - [2023-01-10T11:05:35.736+0000] {dagbag.py:538} INFO - Filling up the DagBag from /home/airflow/.local/lib/python3.7/site-packages/airflow/example_dags/example_branch_operator.py
[2023-01-10T11:05:35.752+0000] {processor.py:753} INFO - DAG(s) dict_keys(['example_branch_operator']) retrieved from /home/airflow/.local/lib/python3.7/site-packages/airflow/example_dags/example_branch_operator.py
[2023-01-10T11:05:35.789+0000] {logging_mixin.py:137} INFO - [2023-01-10T11:05:35.789+0000] {dag.py:2676} INFO - Sync 1 DAGs
[2023-01-10T11:05:35.811+0000] {logging_mixin.py:137} INFO - [2023-01-10T11:05:35.811+0000] {dag.py:3427} INFO - Setting next_dagrun for example_branch_operator to 2023-01-09T00:00:00+00:00, run_after=2023-01-10T00:00:00+00:00
[2023-01-10T11:05:35.827+0000] {processor.py:175} INFO - Processing /home/airflow/.local/lib/python3.7/site-packages/airflow/example_dags/example_branch_operator.py took 0.095 seconds
[2023-01-10T11:06:05.906+0000] {processor.py:153} INFO - Started process (PID=1895) to work on /home/airflow/.local/lib/python3.7/site-packages/airflow/example_dags/example_branch_operator.py
[2023-01-10T11:06:05.906+0000] {processor.py:743} INFO - Processing file /home/airflow/.local/lib/python3.7/site-packages/airflow/example_dags/example_branch_operator.py for tasks to queue
[2023-01-10T11:06:05.907+0000] {logging_mixin.py:137} INFO - [2023-01-10T11:06:05.907+0000] {dagbag.py:538} INFO - Filling up the DagBag from /home/airflow/.local/lib/python3.7/site-packages/airflow/example_dags/example_branch_operator.py
[2023-01-10T11:06:05.920+0000] {processor.py:753} INFO - DAG(s) dict_keys(['example_branch_operator']) retrieved from /home/airflow/.local/lib/python3.7/site-packages/airflow/example_dags/example_branch_operator.py
[2023-01-10T11:06:05.948+0000] {logging_mixin.py:137} INFO - [2023-01-10T11:06:05.948+0000] {dag.py:2676} INFO - Sync 1 DAGs
[2023-01-10T11:06:05.968+0000] {logging_mixin.py:137} INFO - [2023-01-10T11:06:05.968+0000] {dag.py:3427} INFO - Setting next_dagrun for example_branch_operator to 2023-01-09T00:00:00+00:00, run_after=2023-01-10T00:00:00+00:00
[2023-01-10T11:06:05.981+0000] {processor.py:175} INFO - Processing /home/airflow/.local/lib/python3.7/site-packages/airflow/example_dags/example_branch_operator.py took 0.077 seconds
[2023-01-10T11:06:36.380+0000] {processor.py:153} INFO - Started process (PID=1981) to work on /home/airflow/.local/lib/python3.7/site-packages/airflow/example_dags/example_branch_operator.py
[2023-01-10T11:06:36.380+0000] {processor.py:743} INFO - Processing file /home/airflow/.local/lib/python3.7/site-packages/airflow/example_dags/example_branch_operator.py for tasks to queue
[2023-01-10T11:06:36.381+0000] {logging_mixin.py:137} INFO - [2023-01-10T11:06:36.381+0000] {dagbag.py:538} INFO - Filling up the DagBag from /home/airflow/.local/lib/python3.7/site-packages/airflow/example_dags/example_branch_operator.py
[2023-01-10T11:06:36.398+0000] {processor.py:753} INFO - DAG(s) dict_keys(['example_branch_operator']) retrieved from /home/airflow/.local/lib/python3.7/site-packages/airflow/example_dags/example_branch_operator.py
[2023-01-10T11:06:36.430+0000] {logging_mixin.py:137} INFO - [2023-01-10T11:06:36.430+0000] {dag.py:2676} INFO - Sync 1 DAGs
[2023-01-10T11:06:36.460+0000] {logging_mixin.py:137} INFO - [2023-01-10T11:06:36.460+0000] {dag.py:3427} INFO - Setting next_dagrun for example_branch_operator to 2023-01-09T00:00:00+00:00, run_after=2023-01-10T00:00:00+00:00
[2023-01-10T11:06:36.479+0000] {processor.py:175} INFO - Processing /home/airflow/.local/lib/python3.7/site-packages/airflow/example_dags/example_branch_operator.py took 0.101 seconds
[2023-01-10T11:07:06.664+0000] {processor.py:153} INFO - Started process (PID=2051) to work on /home/airflow/.local/lib/python3.7/site-packages/airflow/example_dags/example_branch_operator.py
[2023-01-10T11:07:06.665+0000] {processor.py:743} INFO - Processing file /home/airflow/.local/lib/python3.7/site-packages/airflow/example_dags/example_branch_operator.py for tasks to queue
[2023-01-10T11:07:06.665+0000] {logging_mixin.py:137} INFO - [2023-01-10T11:07:06.665+0000] {dagbag.py:538} INFO - Filling up the DagBag from /home/airflow/.local/lib/python3.7/site-packages/airflow/example_dags/example_branch_operator.py
[2023-01-10T11:07:06.680+0000] {processor.py:753} INFO - DAG(s) dict_keys(['example_branch_operator']) retrieved from /home/airflow/.local/lib/python3.7/site-packages/airflow/example_dags/example_branch_operator.py
[2023-01-10T11:07:06.714+0000] {logging_mixin.py:137} INFO - [2023-01-10T11:07:06.714+0000] {dag.py:2676} INFO - Sync 1 DAGs
[2023-01-10T11:07:06.748+0000] {logging_mixin.py:137} INFO - [2023-01-10T11:07:06.747+0000] {dag.py:3427} INFO - Setting next_dagrun for example_branch_operator to 2023-01-09T00:00:00+00:00, run_after=2023-01-10T00:00:00+00:00
[2023-01-10T11:07:06.769+0000] {processor.py:175} INFO - Processing /home/airflow/.local/lib/python3.7/site-packages/airflow/example_dags/example_branch_operator.py took 0.108 seconds
[2023-01-10T11:07:36.818+0000] {processor.py:153} INFO - Started process (PID=2137) to work on /home/airflow/.local/lib/python3.7/site-packages/airflow/example_dags/example_branch_operator.py
[2023-01-10T11:07:36.818+0000] {processor.py:743} INFO - Processing file /home/airflow/.local/lib/python3.7/site-packages/airflow/example_dags/example_branch_operator.py for tasks to queue
[2023-01-10T11:07:36.819+0000] {logging_mixin.py:137} INFO - [2023-01-10T11:07:36.819+0000] {dagbag.py:538} INFO - Filling up the DagBag from /home/airflow/.local/lib/python3.7/site-packages/airflow/example_dags/example_branch_operator.py
[2023-01-10T11:07:36.832+0000] {processor.py:753} INFO - DAG(s) dict_keys(['example_branch_operator']) retrieved from /home/airflow/.local/lib/python3.7/site-packages/airflow/example_dags/example_branch_operator.py
[2023-01-10T11:07:36.860+0000] {logging_mixin.py:137} INFO - [2023-01-10T11:07:36.860+0000] {dag.py:2676} INFO - Sync 1 DAGs
[2023-01-10T11:07:36.882+0000] {logging_mixin.py:137} INFO - [2023-01-10T11:07:36.882+0000] {dag.py:3427} INFO - Setting next_dagrun for example_branch_operator to 2023-01-09T00:00:00+00:00, run_after=2023-01-10T00:00:00+00:00
[2023-01-10T11:07:36.896+0000] {processor.py:175} INFO - Processing /home/airflow/.local/lib/python3.7/site-packages/airflow/example_dags/example_branch_operator.py took 0.080 seconds
[2023-01-10T11:08:07.063+0000] {processor.py:153} INFO - Started process (PID=2207) to work on /home/airflow/.local/lib/python3.7/site-packages/airflow/example_dags/example_branch_operator.py
[2023-01-10T11:08:07.063+0000] {processor.py:743} INFO - Processing file /home/airflow/.local/lib/python3.7/site-packages/airflow/example_dags/example_branch_operator.py for tasks to queue
[2023-01-10T11:08:07.064+0000] {logging_mixin.py:137} INFO - [2023-01-10T11:08:07.064+0000] {dagbag.py:538} INFO - Filling up the DagBag from /home/airflow/.local/lib/python3.7/site-packages/airflow/example_dags/example_branch_operator.py
[2023-01-10T11:08:07.077+0000] {processor.py:753} INFO - DAG(s) dict_keys(['example_branch_operator']) retrieved from /home/airflow/.local/lib/python3.7/site-packages/airflow/example_dags/example_branch_operator.py
[2023-01-10T11:08:07.107+0000] {logging_mixin.py:137} INFO - [2023-01-10T11:08:07.106+0000] {dag.py:2676} INFO - Sync 1 DAGs
[2023-01-10T11:08:07.127+0000] {logging_mixin.py:137} INFO - [2023-01-10T11:08:07.127+0000] {dag.py:3427} INFO - Setting next_dagrun for example_branch_operator to 2023-01-09T00:00:00+00:00, run_after=2023-01-10T00:00:00+00:00
[2023-01-10T11:08:07.139+0000] {processor.py:175} INFO - Processing /home/airflow/.local/lib/python3.7/site-packages/airflow/example_dags/example_branch_operator.py took 0.079 seconds
[2023-01-10T11:08:37.208+0000] {processor.py:153} INFO - Started process (PID=2293) to work on /home/airflow/.local/lib/python3.7/site-packages/airflow/example_dags/example_branch_operator.py
[2023-01-10T11:08:37.208+0000] {processor.py:743} INFO - Processing file /home/airflow/.local/lib/python3.7/site-packages/airflow/example_dags/example_branch_operator.py for tasks to queue
[2023-01-10T11:08:37.209+0000] {logging_mixin.py:137} INFO - [2023-01-10T11:08:37.209+0000] {dagbag.py:538} INFO - Filling up the DagBag from /home/airflow/.local/lib/python3.7/site-packages/airflow/example_dags/example_branch_operator.py
[2023-01-10T11:08:37.223+0000] {processor.py:753} INFO - DAG(s) dict_keys(['example_branch_operator']) retrieved from /home/airflow/.local/lib/python3.7/site-packages/airflow/example_dags/example_branch_operator.py
[2023-01-10T11:08:37.253+0000] {logging_mixin.py:137} INFO - [2023-01-10T11:08:37.253+0000] {dag.py:2676} INFO - Sync 1 DAGs
[2023-01-10T11:08:37.278+0000] {logging_mixin.py:137} INFO - [2023-01-10T11:08:37.278+0000] {dag.py:3427} INFO - Setting next_dagrun for example_branch_operator to 2023-01-09T00:00:00+00:00, run_after=2023-01-10T00:00:00+00:00
[2023-01-10T11:08:37.295+0000] {processor.py:175} INFO - Processing /home/airflow/.local/lib/python3.7/site-packages/airflow/example_dags/example_branch_operator.py took 0.090 seconds
[2023-01-10T11:09:07.635+0000] {processor.py:153} INFO - Started process (PID=2363) to work on /home/airflow/.local/lib/python3.7/site-packages/airflow/example_dags/example_branch_operator.py
[2023-01-10T11:09:07.636+0000] {processor.py:743} INFO - Processing file /home/airflow/.local/lib/python3.7/site-packages/airflow/example_dags/example_branch_operator.py for tasks to queue
[2023-01-10T11:09:07.636+0000] {logging_mixin.py:137} INFO - [2023-01-10T11:09:07.636+0000] {dagbag.py:538} INFO - Filling up the DagBag from /home/airflow/.local/lib/python3.7/site-packages/airflow/example_dags/example_branch_operator.py
[2023-01-10T11:09:07.649+0000] {processor.py:753} INFO - DAG(s) dict_keys(['example_branch_operator']) retrieved from /home/airflow/.local/lib/python3.7/site-packages/airflow/example_dags/example_branch_operator.py
[2023-01-10T11:09:07.678+0000] {logging_mixin.py:137} INFO - [2023-01-10T11:09:07.678+0000] {dag.py:2676} INFO - Sync 1 DAGs
[2023-01-10T11:09:07.702+0000] {logging_mixin.py:137} INFO - [2023-01-10T11:09:07.702+0000] {dag.py:3427} INFO - Setting next_dagrun for example_branch_operator to 2023-01-09T00:00:00+00:00, run_after=2023-01-10T00:00:00+00:00
[2023-01-10T11:09:07.715+0000] {processor.py:175} INFO - Processing /home/airflow/.local/lib/python3.7/site-packages/airflow/example_dags/example_branch_operator.py took 0.082 seconds
[2023-01-10T11:09:37.863+0000] {processor.py:153} INFO - Started process (PID=2448) to work on /home/airflow/.local/lib/python3.7/site-packages/airflow/example_dags/example_branch_operator.py
[2023-01-10T11:09:37.864+0000] {processor.py:743} INFO - Processing file /home/airflow/.local/lib/python3.7/site-packages/airflow/example_dags/example_branch_operator.py for tasks to queue
[2023-01-10T11:09:37.864+0000] {logging_mixin.py:137} INFO - [2023-01-10T11:09:37.864+0000] {dagbag.py:538} INFO - Filling up the DagBag from /home/airflow/.local/lib/python3.7/site-packages/airflow/example_dags/example_branch_operator.py
[2023-01-10T11:09:37.878+0000] {processor.py:753} INFO - DAG(s) dict_keys(['example_branch_operator']) retrieved from /home/airflow/.local/lib/python3.7/site-packages/airflow/example_dags/example_branch_operator.py
[2023-01-10T11:09:37.910+0000] {logging_mixin.py:137} INFO - [2023-01-10T11:09:37.909+0000] {dag.py:2676} INFO - Sync 1 DAGs
[2023-01-10T11:09:37.932+0000] {logging_mixin.py:137} INFO - [2023-01-10T11:09:37.932+0000] {dag.py:3427} INFO - Setting next_dagrun for example_branch_operator to 2023-01-09T00:00:00+00:00, run_after=2023-01-10T00:00:00+00:00
[2023-01-10T11:09:37.947+0000] {processor.py:175} INFO - Processing /home/airflow/.local/lib/python3.7/site-packages/airflow/example_dags/example_branch_operator.py took 0.086 seconds
[2023-01-10T11:10:08.824+0000] {processor.py:153} INFO - Started process (PID=2518) to work on /home/airflow/.local/lib/python3.7/site-packages/airflow/example_dags/example_branch_operator.py
[2023-01-10T11:10:08.825+0000] {processor.py:743} INFO - Processing file /home/airflow/.local/lib/python3.7/site-packages/airflow/example_dags/example_branch_operator.py for tasks to queue
[2023-01-10T11:10:08.825+0000] {logging_mixin.py:137} INFO - [2023-01-10T11:10:08.825+0000] {dagbag.py:538} INFO - Filling up the DagBag from /home/airflow/.local/lib/python3.7/site-packages/airflow/example_dags/example_branch_operator.py
[2023-01-10T11:10:08.839+0000] {processor.py:753} INFO - DAG(s) dict_keys(['example_branch_operator']) retrieved from /home/airflow/.local/lib/python3.7/site-packages/airflow/example_dags/example_branch_operator.py
[2023-01-10T11:10:08.868+0000] {logging_mixin.py:137} INFO - [2023-01-10T11:10:08.868+0000] {dag.py:2676} INFO - Sync 1 DAGs
[2023-01-10T11:10:08.889+0000] {logging_mixin.py:137} INFO - [2023-01-10T11:10:08.889+0000] {dag.py:3427} INFO - Setting next_dagrun for example_branch_operator to 2023-01-09T00:00:00+00:00, run_after=2023-01-10T00:00:00+00:00
[2023-01-10T11:10:08.904+0000] {processor.py:175} INFO - Processing /home/airflow/.local/lib/python3.7/site-packages/airflow/example_dags/example_branch_operator.py took 0.082 seconds
