[2023-01-10T10:54:22.183+0000] {processor.py:153} INFO - Started process (PID=62) to work on /home/airflow/.local/lib/python3.7/site-packages/airflow/example_dags/example_trigger_target_dag.py
[2023-01-10T10:54:22.184+0000] {processor.py:743} INFO - Processing file /home/airflow/.local/lib/python3.7/site-packages/airflow/example_dags/example_trigger_target_dag.py for tasks to queue
[2023-01-10T10:54:22.185+0000] {logging_mixin.py:137} INFO - [2023-01-10T10:54:22.185+0000] {dagbag.py:538} INFO - Filling up the DagBag from /home/airflow/.local/lib/python3.7/site-packages/airflow/example_dags/example_trigger_target_dag.py
[2023-01-10T10:54:22.213+0000] {processor.py:753} INFO - DAG(s) dict_keys(['example_trigger_target_dag']) retrieved from /home/airflow/.local/lib/python3.7/site-packages/airflow/example_dags/example_trigger_target_dag.py
[2023-01-10T10:54:22.358+0000] {logging_mixin.py:137} INFO - [2023-01-10T10:54:22.358+0000] {manager.py:504} INFO - Created Permission View: can delete on DAG:example_trigger_target_dag
[2023-01-10T10:54:22.369+0000] {logging_mixin.py:137} INFO - [2023-01-10T10:54:22.369+0000] {manager.py:504} INFO - Created Permission View: can read on DAG:example_trigger_target_dag
[2023-01-10T10:54:22.379+0000] {logging_mixin.py:137} INFO - [2023-01-10T10:54:22.378+0000] {manager.py:504} INFO - Created Permission View: can edit on DAG:example_trigger_target_dag
[2023-01-10T10:54:22.379+0000] {logging_mixin.py:137} INFO - [2023-01-10T10:54:22.379+0000] {dag.py:2676} INFO - Sync 1 DAGs
[2023-01-10T10:54:22.433+0000] {logging_mixin.py:137} INFO - [2023-01-10T10:54:22.433+0000] {dag.py:2697} INFO - Creating ORM DAG for example_trigger_target_dag
[2023-01-10T10:54:22.457+0000] {logging_mixin.py:137} INFO - [2023-01-10T10:54:22.457+0000] {dag.py:3427} INFO - Setting next_dagrun for example_trigger_target_dag to None, run_after=None
[2023-01-10T10:54:22.479+0000] {processor.py:175} INFO - Processing /home/airflow/.local/lib/python3.7/site-packages/airflow/example_dags/example_trigger_target_dag.py took 0.299 seconds
[2023-01-10T10:54:52.852+0000] {processor.py:153} INFO - Started process (PID=139) to work on /home/airflow/.local/lib/python3.7/site-packages/airflow/example_dags/example_trigger_target_dag.py
[2023-01-10T10:54:52.852+0000] {processor.py:743} INFO - Processing file /home/airflow/.local/lib/python3.7/site-packages/airflow/example_dags/example_trigger_target_dag.py for tasks to queue
[2023-01-10T10:54:52.853+0000] {logging_mixin.py:137} INFO - [2023-01-10T10:54:52.853+0000] {dagbag.py:538} INFO - Filling up the DagBag from /home/airflow/.local/lib/python3.7/site-packages/airflow/example_dags/example_trigger_target_dag.py
[2023-01-10T10:54:52.874+0000] {processor.py:753} INFO - DAG(s) dict_keys(['example_trigger_target_dag']) retrieved from /home/airflow/.local/lib/python3.7/site-packages/airflow/example_dags/example_trigger_target_dag.py
[2023-01-10T10:54:52.899+0000] {logging_mixin.py:137} INFO - [2023-01-10T10:54:52.899+0000] {dag.py:2676} INFO - Sync 1 DAGs
[2023-01-10T10:54:52.918+0000] {logging_mixin.py:137} INFO - [2023-01-10T10:54:52.918+0000] {dag.py:3427} INFO - Setting next_dagrun for example_trigger_target_dag to None, run_after=None
[2023-01-10T10:54:52.930+0000] {processor.py:175} INFO - Processing /home/airflow/.local/lib/python3.7/site-packages/airflow/example_dags/example_trigger_target_dag.py took 0.082 seconds
[2023-01-10T10:55:23.903+0000] {processor.py:153} INFO - Started process (PID=226) to work on /home/airflow/.local/lib/python3.7/site-packages/airflow/example_dags/example_trigger_target_dag.py
[2023-01-10T10:55:23.906+0000] {processor.py:743} INFO - Processing file /home/airflow/.local/lib/python3.7/site-packages/airflow/example_dags/example_trigger_target_dag.py for tasks to queue
[2023-01-10T10:55:23.907+0000] {logging_mixin.py:137} INFO - [2023-01-10T10:55:23.907+0000] {dagbag.py:538} INFO - Filling up the DagBag from /home/airflow/.local/lib/python3.7/site-packages/airflow/example_dags/example_trigger_target_dag.py
[2023-01-10T10:55:23.944+0000] {processor.py:753} INFO - DAG(s) dict_keys(['example_trigger_target_dag']) retrieved from /home/airflow/.local/lib/python3.7/site-packages/airflow/example_dags/example_trigger_target_dag.py
[2023-01-10T10:55:23.991+0000] {logging_mixin.py:137} INFO - [2023-01-10T10:55:23.991+0000] {dag.py:2676} INFO - Sync 1 DAGs
[2023-01-10T10:55:24.062+0000] {logging_mixin.py:137} INFO - [2023-01-10T10:55:24.062+0000] {dag.py:3427} INFO - Setting next_dagrun for example_trigger_target_dag to None, run_after=None
[2023-01-10T10:55:24.184+0000] {processor.py:175} INFO - Processing /home/airflow/.local/lib/python3.7/site-packages/airflow/example_dags/example_trigger_target_dag.py took 0.300 seconds
[2023-01-10T10:55:54.512+0000] {processor.py:153} INFO - Started process (PID=297) to work on /home/airflow/.local/lib/python3.7/site-packages/airflow/example_dags/example_trigger_target_dag.py
[2023-01-10T10:55:54.513+0000] {processor.py:743} INFO - Processing file /home/airflow/.local/lib/python3.7/site-packages/airflow/example_dags/example_trigger_target_dag.py for tasks to queue
[2023-01-10T10:55:54.513+0000] {logging_mixin.py:137} INFO - [2023-01-10T10:55:54.513+0000] {dagbag.py:538} INFO - Filling up the DagBag from /home/airflow/.local/lib/python3.7/site-packages/airflow/example_dags/example_trigger_target_dag.py
[2023-01-10T10:55:54.532+0000] {processor.py:753} INFO - DAG(s) dict_keys(['example_trigger_target_dag']) retrieved from /home/airflow/.local/lib/python3.7/site-packages/airflow/example_dags/example_trigger_target_dag.py
[2023-01-10T10:55:54.559+0000] {logging_mixin.py:137} INFO - [2023-01-10T10:55:54.559+0000] {dag.py:2676} INFO - Sync 1 DAGs
[2023-01-10T10:55:54.577+0000] {logging_mixin.py:137} INFO - [2023-01-10T10:55:54.577+0000] {dag.py:3427} INFO - Setting next_dagrun for example_trigger_target_dag to None, run_after=None
[2023-01-10T10:55:54.591+0000] {processor.py:175} INFO - Processing /home/airflow/.local/lib/python3.7/site-packages/airflow/example_dags/example_trigger_target_dag.py took 0.081 seconds
[2023-01-10T10:56:24.715+0000] {processor.py:153} INFO - Started process (PID=383) to work on /home/airflow/.local/lib/python3.7/site-packages/airflow/example_dags/example_trigger_target_dag.py
[2023-01-10T10:56:24.716+0000] {processor.py:743} INFO - Processing file /home/airflow/.local/lib/python3.7/site-packages/airflow/example_dags/example_trigger_target_dag.py for tasks to queue
[2023-01-10T10:56:24.716+0000] {logging_mixin.py:137} INFO - [2023-01-10T10:56:24.716+0000] {dagbag.py:538} INFO - Filling up the DagBag from /home/airflow/.local/lib/python3.7/site-packages/airflow/example_dags/example_trigger_target_dag.py
[2023-01-10T10:56:24.732+0000] {processor.py:753} INFO - DAG(s) dict_keys(['example_trigger_target_dag']) retrieved from /home/airflow/.local/lib/python3.7/site-packages/airflow/example_dags/example_trigger_target_dag.py
[2023-01-10T10:56:24.764+0000] {logging_mixin.py:137} INFO - [2023-01-10T10:56:24.763+0000] {dag.py:2676} INFO - Sync 1 DAGs
[2023-01-10T10:56:24.786+0000] {logging_mixin.py:137} INFO - [2023-01-10T10:56:24.786+0000] {dag.py:3427} INFO - Setting next_dagrun for example_trigger_target_dag to None, run_after=None
[2023-01-10T10:56:24.800+0000] {processor.py:175} INFO - Processing /home/airflow/.local/lib/python3.7/site-packages/airflow/example_dags/example_trigger_target_dag.py took 0.087 seconds
[2023-01-10T10:56:55.708+0000] {processor.py:153} INFO - Started process (PID=453) to work on /home/airflow/.local/lib/python3.7/site-packages/airflow/example_dags/example_trigger_target_dag.py
[2023-01-10T10:56:55.709+0000] {processor.py:743} INFO - Processing file /home/airflow/.local/lib/python3.7/site-packages/airflow/example_dags/example_trigger_target_dag.py for tasks to queue
[2023-01-10T10:56:55.709+0000] {logging_mixin.py:137} INFO - [2023-01-10T10:56:55.709+0000] {dagbag.py:538} INFO - Filling up the DagBag from /home/airflow/.local/lib/python3.7/site-packages/airflow/example_dags/example_trigger_target_dag.py
[2023-01-10T10:56:55.726+0000] {processor.py:753} INFO - DAG(s) dict_keys(['example_trigger_target_dag']) retrieved from /home/airflow/.local/lib/python3.7/site-packages/airflow/example_dags/example_trigger_target_dag.py
[2023-01-10T10:56:55.759+0000] {logging_mixin.py:137} INFO - [2023-01-10T10:56:55.759+0000] {dag.py:2676} INFO - Sync 1 DAGs
[2023-01-10T10:56:55.778+0000] {logging_mixin.py:137} INFO - [2023-01-10T10:56:55.778+0000] {dag.py:3427} INFO - Setting next_dagrun for example_trigger_target_dag to None, run_after=None
[2023-01-10T10:56:55.793+0000] {processor.py:175} INFO - Processing /home/airflow/.local/lib/python3.7/site-packages/airflow/example_dags/example_trigger_target_dag.py took 0.086 seconds
[2023-01-10T10:57:26.019+0000] {processor.py:153} INFO - Started process (PID=539) to work on /home/airflow/.local/lib/python3.7/site-packages/airflow/example_dags/example_trigger_target_dag.py
[2023-01-10T10:57:26.020+0000] {processor.py:743} INFO - Processing file /home/airflow/.local/lib/python3.7/site-packages/airflow/example_dags/example_trigger_target_dag.py for tasks to queue
[2023-01-10T10:57:26.020+0000] {logging_mixin.py:137} INFO - [2023-01-10T10:57:26.020+0000] {dagbag.py:538} INFO - Filling up the DagBag from /home/airflow/.local/lib/python3.7/site-packages/airflow/example_dags/example_trigger_target_dag.py
[2023-01-10T10:57:26.036+0000] {processor.py:753} INFO - DAG(s) dict_keys(['example_trigger_target_dag']) retrieved from /home/airflow/.local/lib/python3.7/site-packages/airflow/example_dags/example_trigger_target_dag.py
[2023-01-10T10:57:26.067+0000] {logging_mixin.py:137} INFO - [2023-01-10T10:57:26.067+0000] {dag.py:2676} INFO - Sync 1 DAGs
[2023-01-10T10:57:26.087+0000] {logging_mixin.py:137} INFO - [2023-01-10T10:57:26.087+0000] {dag.py:3427} INFO - Setting next_dagrun for example_trigger_target_dag to None, run_after=None
[2023-01-10T10:57:26.103+0000] {processor.py:175} INFO - Processing /home/airflow/.local/lib/python3.7/site-packages/airflow/example_dags/example_trigger_target_dag.py took 0.086 seconds
[2023-01-10T10:57:57.022+0000] {processor.py:153} INFO - Started process (PID=609) to work on /home/airflow/.local/lib/python3.7/site-packages/airflow/example_dags/example_trigger_target_dag.py
[2023-01-10T10:57:57.023+0000] {processor.py:743} INFO - Processing file /home/airflow/.local/lib/python3.7/site-packages/airflow/example_dags/example_trigger_target_dag.py for tasks to queue
[2023-01-10T10:57:57.023+0000] {logging_mixin.py:137} INFO - [2023-01-10T10:57:57.023+0000] {dagbag.py:538} INFO - Filling up the DagBag from /home/airflow/.local/lib/python3.7/site-packages/airflow/example_dags/example_trigger_target_dag.py
[2023-01-10T10:57:57.039+0000] {processor.py:753} INFO - DAG(s) dict_keys(['example_trigger_target_dag']) retrieved from /home/airflow/.local/lib/python3.7/site-packages/airflow/example_dags/example_trigger_target_dag.py
[2023-01-10T10:57:57.068+0000] {logging_mixin.py:137} INFO - [2023-01-10T10:57:57.068+0000] {dag.py:2676} INFO - Sync 1 DAGs
[2023-01-10T10:57:57.088+0000] {logging_mixin.py:137} INFO - [2023-01-10T10:57:57.088+0000] {dag.py:3427} INFO - Setting next_dagrun for example_trigger_target_dag to None, run_after=None
[2023-01-10T10:57:57.103+0000] {processor.py:175} INFO - Processing /home/airflow/.local/lib/python3.7/site-packages/airflow/example_dags/example_trigger_target_dag.py took 0.083 seconds
[2023-01-10T10:58:27.977+0000] {processor.py:153} INFO - Started process (PID=695) to work on /home/airflow/.local/lib/python3.7/site-packages/airflow/example_dags/example_trigger_target_dag.py
[2023-01-10T10:58:27.978+0000] {processor.py:743} INFO - Processing file /home/airflow/.local/lib/python3.7/site-packages/airflow/example_dags/example_trigger_target_dag.py for tasks to queue
[2023-01-10T10:58:27.978+0000] {logging_mixin.py:137} INFO - [2023-01-10T10:58:27.978+0000] {dagbag.py:538} INFO - Filling up the DagBag from /home/airflow/.local/lib/python3.7/site-packages/airflow/example_dags/example_trigger_target_dag.py
[2023-01-10T10:58:27.996+0000] {processor.py:753} INFO - DAG(s) dict_keys(['example_trigger_target_dag']) retrieved from /home/airflow/.local/lib/python3.7/site-packages/airflow/example_dags/example_trigger_target_dag.py
[2023-01-10T10:58:28.024+0000] {logging_mixin.py:137} INFO - [2023-01-10T10:58:28.023+0000] {dag.py:2676} INFO - Sync 1 DAGs
[2023-01-10T10:58:28.047+0000] {logging_mixin.py:137} INFO - [2023-01-10T10:58:28.047+0000] {dag.py:3427} INFO - Setting next_dagrun for example_trigger_target_dag to None, run_after=None
[2023-01-10T10:58:28.060+0000] {processor.py:175} INFO - Processing /home/airflow/.local/lib/python3.7/site-packages/airflow/example_dags/example_trigger_target_dag.py took 0.086 seconds
[2023-01-10T10:58:58.983+0000] {processor.py:153} INFO - Started process (PID=770) to work on /home/airflow/.local/lib/python3.7/site-packages/airflow/example_dags/example_trigger_target_dag.py
[2023-01-10T10:58:58.984+0000] {processor.py:743} INFO - Processing file /home/airflow/.local/lib/python3.7/site-packages/airflow/example_dags/example_trigger_target_dag.py for tasks to queue
[2023-01-10T10:58:58.985+0000] {logging_mixin.py:137} INFO - [2023-01-10T10:58:58.985+0000] {dagbag.py:538} INFO - Filling up the DagBag from /home/airflow/.local/lib/python3.7/site-packages/airflow/example_dags/example_trigger_target_dag.py
[2023-01-10T10:58:59.014+0000] {processor.py:753} INFO - DAG(s) dict_keys(['example_trigger_target_dag']) retrieved from /home/airflow/.local/lib/python3.7/site-packages/airflow/example_dags/example_trigger_target_dag.py
[2023-01-10T10:58:59.052+0000] {logging_mixin.py:137} INFO - [2023-01-10T10:58:59.052+0000] {dag.py:2676} INFO - Sync 1 DAGs
[2023-01-10T10:58:59.077+0000] {logging_mixin.py:137} INFO - [2023-01-10T10:58:59.077+0000] {dag.py:3427} INFO - Setting next_dagrun for example_trigger_target_dag to None, run_after=None
[2023-01-10T10:58:59.098+0000] {processor.py:175} INFO - Processing /home/airflow/.local/lib/python3.7/site-packages/airflow/example_dags/example_trigger_target_dag.py took 0.117 seconds
[2023-01-10T10:59:29.383+0000] {processor.py:153} INFO - Started process (PID=850) to work on /home/airflow/.local/lib/python3.7/site-packages/airflow/example_dags/example_trigger_target_dag.py
[2023-01-10T10:59:29.384+0000] {processor.py:743} INFO - Processing file /home/airflow/.local/lib/python3.7/site-packages/airflow/example_dags/example_trigger_target_dag.py for tasks to queue
[2023-01-10T10:59:29.384+0000] {logging_mixin.py:137} INFO - [2023-01-10T10:59:29.384+0000] {dagbag.py:538} INFO - Filling up the DagBag from /home/airflow/.local/lib/python3.7/site-packages/airflow/example_dags/example_trigger_target_dag.py
[2023-01-10T10:59:29.400+0000] {processor.py:753} INFO - DAG(s) dict_keys(['example_trigger_target_dag']) retrieved from /home/airflow/.local/lib/python3.7/site-packages/airflow/example_dags/example_trigger_target_dag.py
[2023-01-10T10:59:29.432+0000] {logging_mixin.py:137} INFO - [2023-01-10T10:59:29.431+0000] {dag.py:2676} INFO - Sync 1 DAGs
[2023-01-10T10:59:29.457+0000] {logging_mixin.py:137} INFO - [2023-01-10T10:59:29.456+0000] {dag.py:3427} INFO - Setting next_dagrun for example_trigger_target_dag to None, run_after=None
[2023-01-10T10:59:29.473+0000] {processor.py:175} INFO - Processing /home/airflow/.local/lib/python3.7/site-packages/airflow/example_dags/example_trigger_target_dag.py took 0.092 seconds
[2023-01-10T10:59:59.605+0000] {processor.py:153} INFO - Started process (PID=929) to work on /home/airflow/.local/lib/python3.7/site-packages/airflow/example_dags/example_trigger_target_dag.py
[2023-01-10T10:59:59.606+0000] {processor.py:743} INFO - Processing file /home/airflow/.local/lib/python3.7/site-packages/airflow/example_dags/example_trigger_target_dag.py for tasks to queue
[2023-01-10T10:59:59.607+0000] {logging_mixin.py:137} INFO - [2023-01-10T10:59:59.607+0000] {dagbag.py:538} INFO - Filling up the DagBag from /home/airflow/.local/lib/python3.7/site-packages/airflow/example_dags/example_trigger_target_dag.py
[2023-01-10T10:59:59.623+0000] {processor.py:753} INFO - DAG(s) dict_keys(['example_trigger_target_dag']) retrieved from /home/airflow/.local/lib/python3.7/site-packages/airflow/example_dags/example_trigger_target_dag.py
[2023-01-10T10:59:59.663+0000] {logging_mixin.py:137} INFO - [2023-01-10T10:59:59.662+0000] {dag.py:2676} INFO - Sync 1 DAGs
[2023-01-10T10:59:59.689+0000] {logging_mixin.py:137} INFO - [2023-01-10T10:59:59.689+0000] {dag.py:3427} INFO - Setting next_dagrun for example_trigger_target_dag to None, run_after=None
[2023-01-10T10:59:59.708+0000] {processor.py:175} INFO - Processing /home/airflow/.local/lib/python3.7/site-packages/airflow/example_dags/example_trigger_target_dag.py took 0.106 seconds
[2023-01-10T11:00:29.847+0000] {processor.py:153} INFO - Started process (PID=1007) to work on /home/airflow/.local/lib/python3.7/site-packages/airflow/example_dags/example_trigger_target_dag.py
[2023-01-10T11:00:29.847+0000] {processor.py:743} INFO - Processing file /home/airflow/.local/lib/python3.7/site-packages/airflow/example_dags/example_trigger_target_dag.py for tasks to queue
[2023-01-10T11:00:29.848+0000] {logging_mixin.py:137} INFO - [2023-01-10T11:00:29.848+0000] {dagbag.py:538} INFO - Filling up the DagBag from /home/airflow/.local/lib/python3.7/site-packages/airflow/example_dags/example_trigger_target_dag.py
[2023-01-10T11:00:29.865+0000] {processor.py:753} INFO - DAG(s) dict_keys(['example_trigger_target_dag']) retrieved from /home/airflow/.local/lib/python3.7/site-packages/airflow/example_dags/example_trigger_target_dag.py
[2023-01-10T11:00:29.895+0000] {logging_mixin.py:137} INFO - [2023-01-10T11:00:29.895+0000] {dag.py:2676} INFO - Sync 1 DAGs
[2023-01-10T11:00:29.920+0000] {logging_mixin.py:137} INFO - [2023-01-10T11:00:29.920+0000] {dag.py:3427} INFO - Setting next_dagrun for example_trigger_target_dag to None, run_after=None
[2023-01-10T11:00:29.937+0000] {processor.py:175} INFO - Processing /home/airflow/.local/lib/python3.7/site-packages/airflow/example_dags/example_trigger_target_dag.py took 0.092 seconds
[2023-01-10T11:01:00.018+0000] {processor.py:153} INFO - Started process (PID=1093) to work on /home/airflow/.local/lib/python3.7/site-packages/airflow/example_dags/example_trigger_target_dag.py
[2023-01-10T11:01:00.019+0000] {processor.py:743} INFO - Processing file /home/airflow/.local/lib/python3.7/site-packages/airflow/example_dags/example_trigger_target_dag.py for tasks to queue
[2023-01-10T11:01:00.020+0000] {logging_mixin.py:137} INFO - [2023-01-10T11:01:00.020+0000] {dagbag.py:538} INFO - Filling up the DagBag from /home/airflow/.local/lib/python3.7/site-packages/airflow/example_dags/example_trigger_target_dag.py
[2023-01-10T11:01:00.036+0000] {processor.py:753} INFO - DAG(s) dict_keys(['example_trigger_target_dag']) retrieved from /home/airflow/.local/lib/python3.7/site-packages/airflow/example_dags/example_trigger_target_dag.py
[2023-01-10T11:01:00.063+0000] {logging_mixin.py:137} INFO - [2023-01-10T11:01:00.063+0000] {dag.py:2676} INFO - Sync 1 DAGs
[2023-01-10T11:01:00.084+0000] {logging_mixin.py:137} INFO - [2023-01-10T11:01:00.084+0000] {dag.py:3427} INFO - Setting next_dagrun for example_trigger_target_dag to None, run_after=None
[2023-01-10T11:01:00.100+0000] {processor.py:175} INFO - Processing /home/airflow/.local/lib/python3.7/site-packages/airflow/example_dags/example_trigger_target_dag.py took 0.084 seconds
[2023-01-10T11:01:30.205+0000] {processor.py:153} INFO - Started process (PID=1163) to work on /home/airflow/.local/lib/python3.7/site-packages/airflow/example_dags/example_trigger_target_dag.py
[2023-01-10T11:01:30.205+0000] {processor.py:743} INFO - Processing file /home/airflow/.local/lib/python3.7/site-packages/airflow/example_dags/example_trigger_target_dag.py for tasks to queue
[2023-01-10T11:01:30.206+0000] {logging_mixin.py:137} INFO - [2023-01-10T11:01:30.206+0000] {dagbag.py:538} INFO - Filling up the DagBag from /home/airflow/.local/lib/python3.7/site-packages/airflow/example_dags/example_trigger_target_dag.py
[2023-01-10T11:01:30.222+0000] {processor.py:753} INFO - DAG(s) dict_keys(['example_trigger_target_dag']) retrieved from /home/airflow/.local/lib/python3.7/site-packages/airflow/example_dags/example_trigger_target_dag.py
[2023-01-10T11:01:30.253+0000] {logging_mixin.py:137} INFO - [2023-01-10T11:01:30.253+0000] {dag.py:2676} INFO - Sync 1 DAGs
[2023-01-10T11:01:30.273+0000] {logging_mixin.py:137} INFO - [2023-01-10T11:01:30.272+0000] {dag.py:3427} INFO - Setting next_dagrun for example_trigger_target_dag to None, run_after=None
[2023-01-10T11:01:30.287+0000] {processor.py:175} INFO - Processing /home/airflow/.local/lib/python3.7/site-packages/airflow/example_dags/example_trigger_target_dag.py took 0.085 seconds
[2023-01-10T11:02:00.516+0000] {processor.py:153} INFO - Started process (PID=1250) to work on /home/airflow/.local/lib/python3.7/site-packages/airflow/example_dags/example_trigger_target_dag.py
[2023-01-10T11:02:00.517+0000] {processor.py:743} INFO - Processing file /home/airflow/.local/lib/python3.7/site-packages/airflow/example_dags/example_trigger_target_dag.py for tasks to queue
[2023-01-10T11:02:00.517+0000] {logging_mixin.py:137} INFO - [2023-01-10T11:02:00.517+0000] {dagbag.py:538} INFO - Filling up the DagBag from /home/airflow/.local/lib/python3.7/site-packages/airflow/example_dags/example_trigger_target_dag.py
[2023-01-10T11:02:00.535+0000] {processor.py:753} INFO - DAG(s) dict_keys(['example_trigger_target_dag']) retrieved from /home/airflow/.local/lib/python3.7/site-packages/airflow/example_dags/example_trigger_target_dag.py
[2023-01-10T11:02:00.573+0000] {logging_mixin.py:137} INFO - [2023-01-10T11:02:00.572+0000] {dag.py:2676} INFO - Sync 1 DAGs
[2023-01-10T11:02:00.603+0000] {logging_mixin.py:137} INFO - [2023-01-10T11:02:00.603+0000] {dag.py:3427} INFO - Setting next_dagrun for example_trigger_target_dag to None, run_after=None
[2023-01-10T11:02:00.621+0000] {processor.py:175} INFO - Processing /home/airflow/.local/lib/python3.7/site-packages/airflow/example_dags/example_trigger_target_dag.py took 0.107 seconds
[2023-01-10T11:02:30.697+0000] {processor.py:153} INFO - Started process (PID=1320) to work on /home/airflow/.local/lib/python3.7/site-packages/airflow/example_dags/example_trigger_target_dag.py
[2023-01-10T11:02:30.697+0000] {processor.py:743} INFO - Processing file /home/airflow/.local/lib/python3.7/site-packages/airflow/example_dags/example_trigger_target_dag.py for tasks to queue
[2023-01-10T11:02:30.698+0000] {logging_mixin.py:137} INFO - [2023-01-10T11:02:30.698+0000] {dagbag.py:538} INFO - Filling up the DagBag from /home/airflow/.local/lib/python3.7/site-packages/airflow/example_dags/example_trigger_target_dag.py
[2023-01-10T11:02:30.714+0000] {processor.py:753} INFO - DAG(s) dict_keys(['example_trigger_target_dag']) retrieved from /home/airflow/.local/lib/python3.7/site-packages/airflow/example_dags/example_trigger_target_dag.py
[2023-01-10T11:02:30.741+0000] {logging_mixin.py:137} INFO - [2023-01-10T11:02:30.741+0000] {dag.py:2676} INFO - Sync 1 DAGs
[2023-01-10T11:02:30.764+0000] {logging_mixin.py:137} INFO - [2023-01-10T11:02:30.764+0000] {dag.py:3427} INFO - Setting next_dagrun for example_trigger_target_dag to None, run_after=None
[2023-01-10T11:02:30.777+0000] {processor.py:175} INFO - Processing /home/airflow/.local/lib/python3.7/site-packages/airflow/example_dags/example_trigger_target_dag.py took 0.083 seconds
[2023-01-10T11:03:00.940+0000] {processor.py:153} INFO - Started process (PID=1406) to work on /home/airflow/.local/lib/python3.7/site-packages/airflow/example_dags/example_trigger_target_dag.py
[2023-01-10T11:03:00.941+0000] {processor.py:743} INFO - Processing file /home/airflow/.local/lib/python3.7/site-packages/airflow/example_dags/example_trigger_target_dag.py for tasks to queue
[2023-01-10T11:03:00.942+0000] {logging_mixin.py:137} INFO - [2023-01-10T11:03:00.941+0000] {dagbag.py:538} INFO - Filling up the DagBag from /home/airflow/.local/lib/python3.7/site-packages/airflow/example_dags/example_trigger_target_dag.py
[2023-01-10T11:03:00.962+0000] {processor.py:753} INFO - DAG(s) dict_keys(['example_trigger_target_dag']) retrieved from /home/airflow/.local/lib/python3.7/site-packages/airflow/example_dags/example_trigger_target_dag.py
[2023-01-10T11:03:00.990+0000] {logging_mixin.py:137} INFO - [2023-01-10T11:03:00.989+0000] {dag.py:2676} INFO - Sync 1 DAGs
[2023-01-10T11:03:01.012+0000] {logging_mixin.py:137} INFO - [2023-01-10T11:03:01.011+0000] {dag.py:3427} INFO - Setting next_dagrun for example_trigger_target_dag to None, run_after=None
[2023-01-10T11:03:01.025+0000] {processor.py:175} INFO - Processing /home/airflow/.local/lib/python3.7/site-packages/airflow/example_dags/example_trigger_target_dag.py took 0.087 seconds
[2023-01-10T11:03:31.836+0000] {processor.py:153} INFO - Started process (PID=1477) to work on /home/airflow/.local/lib/python3.7/site-packages/airflow/example_dags/example_trigger_target_dag.py
[2023-01-10T11:03:31.836+0000] {processor.py:743} INFO - Processing file /home/airflow/.local/lib/python3.7/site-packages/airflow/example_dags/example_trigger_target_dag.py for tasks to queue
[2023-01-10T11:03:31.837+0000] {logging_mixin.py:137} INFO - [2023-01-10T11:03:31.837+0000] {dagbag.py:538} INFO - Filling up the DagBag from /home/airflow/.local/lib/python3.7/site-packages/airflow/example_dags/example_trigger_target_dag.py
[2023-01-10T11:03:31.854+0000] {processor.py:753} INFO - DAG(s) dict_keys(['example_trigger_target_dag']) retrieved from /home/airflow/.local/lib/python3.7/site-packages/airflow/example_dags/example_trigger_target_dag.py
[2023-01-10T11:03:31.886+0000] {logging_mixin.py:137} INFO - [2023-01-10T11:03:31.885+0000] {dag.py:2676} INFO - Sync 1 DAGs
[2023-01-10T11:03:31.907+0000] {logging_mixin.py:137} INFO - [2023-01-10T11:03:31.906+0000] {dag.py:3427} INFO - Setting next_dagrun for example_trigger_target_dag to None, run_after=None
[2023-01-10T11:03:31.920+0000] {processor.py:175} INFO - Processing /home/airflow/.local/lib/python3.7/site-packages/airflow/example_dags/example_trigger_target_dag.py took 0.087 seconds
[2023-01-10T11:04:02.301+0000] {processor.py:153} INFO - Started process (PID=1563) to work on /home/airflow/.local/lib/python3.7/site-packages/airflow/example_dags/example_trigger_target_dag.py
[2023-01-10T11:04:02.302+0000] {processor.py:743} INFO - Processing file /home/airflow/.local/lib/python3.7/site-packages/airflow/example_dags/example_trigger_target_dag.py for tasks to queue
[2023-01-10T11:04:02.302+0000] {logging_mixin.py:137} INFO - [2023-01-10T11:04:02.302+0000] {dagbag.py:538} INFO - Filling up the DagBag from /home/airflow/.local/lib/python3.7/site-packages/airflow/example_dags/example_trigger_target_dag.py
[2023-01-10T11:04:02.318+0000] {processor.py:753} INFO - DAG(s) dict_keys(['example_trigger_target_dag']) retrieved from /home/airflow/.local/lib/python3.7/site-packages/airflow/example_dags/example_trigger_target_dag.py
[2023-01-10T11:04:02.348+0000] {logging_mixin.py:137} INFO - [2023-01-10T11:04:02.348+0000] {dag.py:2676} INFO - Sync 1 DAGs
[2023-01-10T11:04:02.372+0000] {logging_mixin.py:137} INFO - [2023-01-10T11:04:02.371+0000] {dag.py:3427} INFO - Setting next_dagrun for example_trigger_target_dag to None, run_after=None
[2023-01-10T11:04:02.386+0000] {processor.py:175} INFO - Processing /home/airflow/.local/lib/python3.7/site-packages/airflow/example_dags/example_trigger_target_dag.py took 0.087 seconds
[2023-01-10T11:04:33.241+0000] {processor.py:153} INFO - Started process (PID=1633) to work on /home/airflow/.local/lib/python3.7/site-packages/airflow/example_dags/example_trigger_target_dag.py
[2023-01-10T11:04:33.242+0000] {processor.py:743} INFO - Processing file /home/airflow/.local/lib/python3.7/site-packages/airflow/example_dags/example_trigger_target_dag.py for tasks to queue
[2023-01-10T11:04:33.242+0000] {logging_mixin.py:137} INFO - [2023-01-10T11:04:33.242+0000] {dagbag.py:538} INFO - Filling up the DagBag from /home/airflow/.local/lib/python3.7/site-packages/airflow/example_dags/example_trigger_target_dag.py
[2023-01-10T11:04:33.266+0000] {processor.py:753} INFO - DAG(s) dict_keys(['example_trigger_target_dag']) retrieved from /home/airflow/.local/lib/python3.7/site-packages/airflow/example_dags/example_trigger_target_dag.py
[2023-01-10T11:04:33.298+0000] {logging_mixin.py:137} INFO - [2023-01-10T11:04:33.297+0000] {dag.py:2676} INFO - Sync 1 DAGs
[2023-01-10T11:04:33.321+0000] {logging_mixin.py:137} INFO - [2023-01-10T11:04:33.321+0000] {dag.py:3427} INFO - Setting next_dagrun for example_trigger_target_dag to None, run_after=None
[2023-01-10T11:04:33.344+0000] {processor.py:175} INFO - Processing /home/airflow/.local/lib/python3.7/site-packages/airflow/example_dags/example_trigger_target_dag.py took 0.105 seconds
[2023-01-10T11:05:03.432+0000] {processor.py:153} INFO - Started process (PID=1719) to work on /home/airflow/.local/lib/python3.7/site-packages/airflow/example_dags/example_trigger_target_dag.py
[2023-01-10T11:05:03.433+0000] {processor.py:743} INFO - Processing file /home/airflow/.local/lib/python3.7/site-packages/airflow/example_dags/example_trigger_target_dag.py for tasks to queue
[2023-01-10T11:05:03.433+0000] {logging_mixin.py:137} INFO - [2023-01-10T11:05:03.433+0000] {dagbag.py:538} INFO - Filling up the DagBag from /home/airflow/.local/lib/python3.7/site-packages/airflow/example_dags/example_trigger_target_dag.py
[2023-01-10T11:05:03.454+0000] {processor.py:753} INFO - DAG(s) dict_keys(['example_trigger_target_dag']) retrieved from /home/airflow/.local/lib/python3.7/site-packages/airflow/example_dags/example_trigger_target_dag.py
[2023-01-10T11:05:03.486+0000] {logging_mixin.py:137} INFO - [2023-01-10T11:05:03.486+0000] {dag.py:2676} INFO - Sync 1 DAGs
[2023-01-10T11:05:03.509+0000] {logging_mixin.py:137} INFO - [2023-01-10T11:05:03.509+0000] {dag.py:3427} INFO - Setting next_dagrun for example_trigger_target_dag to None, run_after=None
[2023-01-10T11:05:03.522+0000] {processor.py:175} INFO - Processing /home/airflow/.local/lib/python3.7/site-packages/airflow/example_dags/example_trigger_target_dag.py took 0.091 seconds
[2023-01-10T11:05:33.616+0000] {processor.py:153} INFO - Started process (PID=1789) to work on /home/airflow/.local/lib/python3.7/site-packages/airflow/example_dags/example_trigger_target_dag.py
[2023-01-10T11:05:33.617+0000] {processor.py:743} INFO - Processing file /home/airflow/.local/lib/python3.7/site-packages/airflow/example_dags/example_trigger_target_dag.py for tasks to queue
[2023-01-10T11:05:33.617+0000] {logging_mixin.py:137} INFO - [2023-01-10T11:05:33.617+0000] {dagbag.py:538} INFO - Filling up the DagBag from /home/airflow/.local/lib/python3.7/site-packages/airflow/example_dags/example_trigger_target_dag.py
[2023-01-10T11:05:33.633+0000] {processor.py:753} INFO - DAG(s) dict_keys(['example_trigger_target_dag']) retrieved from /home/airflow/.local/lib/python3.7/site-packages/airflow/example_dags/example_trigger_target_dag.py
[2023-01-10T11:05:33.666+0000] {logging_mixin.py:137} INFO - [2023-01-10T11:05:33.666+0000] {dag.py:2676} INFO - Sync 1 DAGs
[2023-01-10T11:05:33.687+0000] {logging_mixin.py:137} INFO - [2023-01-10T11:05:33.687+0000] {dag.py:3427} INFO - Setting next_dagrun for example_trigger_target_dag to None, run_after=None
[2023-01-10T11:05:33.702+0000] {processor.py:175} INFO - Processing /home/airflow/.local/lib/python3.7/site-packages/airflow/example_dags/example_trigger_target_dag.py took 0.088 seconds
[2023-01-10T11:06:03.781+0000] {processor.py:153} INFO - Started process (PID=1875) to work on /home/airflow/.local/lib/python3.7/site-packages/airflow/example_dags/example_trigger_target_dag.py
[2023-01-10T11:06:03.781+0000] {processor.py:743} INFO - Processing file /home/airflow/.local/lib/python3.7/site-packages/airflow/example_dags/example_trigger_target_dag.py for tasks to queue
[2023-01-10T11:06:03.782+0000] {logging_mixin.py:137} INFO - [2023-01-10T11:06:03.781+0000] {dagbag.py:538} INFO - Filling up the DagBag from /home/airflow/.local/lib/python3.7/site-packages/airflow/example_dags/example_trigger_target_dag.py
[2023-01-10T11:06:03.798+0000] {processor.py:753} INFO - DAG(s) dict_keys(['example_trigger_target_dag']) retrieved from /home/airflow/.local/lib/python3.7/site-packages/airflow/example_dags/example_trigger_target_dag.py
[2023-01-10T11:06:03.826+0000] {logging_mixin.py:137} INFO - [2023-01-10T11:06:03.825+0000] {dag.py:2676} INFO - Sync 1 DAGs
[2023-01-10T11:06:03.845+0000] {logging_mixin.py:137} INFO - [2023-01-10T11:06:03.845+0000] {dag.py:3427} INFO - Setting next_dagrun for example_trigger_target_dag to None, run_after=None
[2023-01-10T11:06:03.861+0000] {processor.py:175} INFO - Processing /home/airflow/.local/lib/python3.7/site-packages/airflow/example_dags/example_trigger_target_dag.py took 0.082 seconds
[2023-01-10T11:06:34.063+0000] {processor.py:153} INFO - Started process (PID=1954) to work on /home/airflow/.local/lib/python3.7/site-packages/airflow/example_dags/example_trigger_target_dag.py
[2023-01-10T11:06:34.064+0000] {processor.py:743} INFO - Processing file /home/airflow/.local/lib/python3.7/site-packages/airflow/example_dags/example_trigger_target_dag.py for tasks to queue
[2023-01-10T11:06:34.064+0000] {logging_mixin.py:137} INFO - [2023-01-10T11:06:34.064+0000] {dagbag.py:538} INFO - Filling up the DagBag from /home/airflow/.local/lib/python3.7/site-packages/airflow/example_dags/example_trigger_target_dag.py
[2023-01-10T11:06:34.084+0000] {processor.py:753} INFO - DAG(s) dict_keys(['example_trigger_target_dag']) retrieved from /home/airflow/.local/lib/python3.7/site-packages/airflow/example_dags/example_trigger_target_dag.py
[2023-01-10T11:06:34.115+0000] {logging_mixin.py:137} INFO - [2023-01-10T11:06:34.114+0000] {dag.py:2676} INFO - Sync 1 DAGs
[2023-01-10T11:06:34.139+0000] {logging_mixin.py:137} INFO - [2023-01-10T11:06:34.139+0000] {dag.py:3427} INFO - Setting next_dagrun for example_trigger_target_dag to None, run_after=None
[2023-01-10T11:06:34.161+0000] {processor.py:175} INFO - Processing /home/airflow/.local/lib/python3.7/site-packages/airflow/example_dags/example_trigger_target_dag.py took 0.100 seconds
[2023-01-10T11:07:04.279+0000] {processor.py:153} INFO - Started process (PID=2031) to work on /home/airflow/.local/lib/python3.7/site-packages/airflow/example_dags/example_trigger_target_dag.py
[2023-01-10T11:07:04.280+0000] {processor.py:743} INFO - Processing file /home/airflow/.local/lib/python3.7/site-packages/airflow/example_dags/example_trigger_target_dag.py for tasks to queue
[2023-01-10T11:07:04.281+0000] {logging_mixin.py:137} INFO - [2023-01-10T11:07:04.281+0000] {dagbag.py:538} INFO - Filling up the DagBag from /home/airflow/.local/lib/python3.7/site-packages/airflow/example_dags/example_trigger_target_dag.py
[2023-01-10T11:07:04.298+0000] {processor.py:753} INFO - DAG(s) dict_keys(['example_trigger_target_dag']) retrieved from /home/airflow/.local/lib/python3.7/site-packages/airflow/example_dags/example_trigger_target_dag.py
[2023-01-10T11:07:04.331+0000] {logging_mixin.py:137} INFO - [2023-01-10T11:07:04.331+0000] {dag.py:2676} INFO - Sync 1 DAGs
[2023-01-10T11:07:04.356+0000] {logging_mixin.py:137} INFO - [2023-01-10T11:07:04.356+0000] {dag.py:3427} INFO - Setting next_dagrun for example_trigger_target_dag to None, run_after=None
[2023-01-10T11:07:04.372+0000] {processor.py:175} INFO - Processing /home/airflow/.local/lib/python3.7/site-packages/airflow/example_dags/example_trigger_target_dag.py took 0.096 seconds
[2023-01-10T11:07:34.807+0000] {processor.py:153} INFO - Started process (PID=2117) to work on /home/airflow/.local/lib/python3.7/site-packages/airflow/example_dags/example_trigger_target_dag.py
[2023-01-10T11:07:34.808+0000] {processor.py:743} INFO - Processing file /home/airflow/.local/lib/python3.7/site-packages/airflow/example_dags/example_trigger_target_dag.py for tasks to queue
[2023-01-10T11:07:34.809+0000] {logging_mixin.py:137} INFO - [2023-01-10T11:07:34.808+0000] {dagbag.py:538} INFO - Filling up the DagBag from /home/airflow/.local/lib/python3.7/site-packages/airflow/example_dags/example_trigger_target_dag.py
[2023-01-10T11:07:34.835+0000] {processor.py:753} INFO - DAG(s) dict_keys(['example_trigger_target_dag']) retrieved from /home/airflow/.local/lib/python3.7/site-packages/airflow/example_dags/example_trigger_target_dag.py
[2023-01-10T11:07:34.869+0000] {logging_mixin.py:137} INFO - [2023-01-10T11:07:34.868+0000] {dag.py:2676} INFO - Sync 1 DAGs
[2023-01-10T11:07:34.889+0000] {logging_mixin.py:137} INFO - [2023-01-10T11:07:34.889+0000] {dag.py:3427} INFO - Setting next_dagrun for example_trigger_target_dag to None, run_after=None
[2023-01-10T11:07:34.903+0000] {processor.py:175} INFO - Processing /home/airflow/.local/lib/python3.7/site-packages/airflow/example_dags/example_trigger_target_dag.py took 0.098 seconds
[2023-01-10T11:08:04.978+0000] {processor.py:153} INFO - Started process (PID=2187) to work on /home/airflow/.local/lib/python3.7/site-packages/airflow/example_dags/example_trigger_target_dag.py
[2023-01-10T11:08:04.979+0000] {processor.py:743} INFO - Processing file /home/airflow/.local/lib/python3.7/site-packages/airflow/example_dags/example_trigger_target_dag.py for tasks to queue
[2023-01-10T11:08:04.979+0000] {logging_mixin.py:137} INFO - [2023-01-10T11:08:04.979+0000] {dagbag.py:538} INFO - Filling up the DagBag from /home/airflow/.local/lib/python3.7/site-packages/airflow/example_dags/example_trigger_target_dag.py
[2023-01-10T11:08:04.999+0000] {processor.py:753} INFO - DAG(s) dict_keys(['example_trigger_target_dag']) retrieved from /home/airflow/.local/lib/python3.7/site-packages/airflow/example_dags/example_trigger_target_dag.py
[2023-01-10T11:08:05.028+0000] {logging_mixin.py:137} INFO - [2023-01-10T11:08:05.027+0000] {dag.py:2676} INFO - Sync 1 DAGs
[2023-01-10T11:08:05.048+0000] {logging_mixin.py:137} INFO - [2023-01-10T11:08:05.048+0000] {dag.py:3427} INFO - Setting next_dagrun for example_trigger_target_dag to None, run_after=None
[2023-01-10T11:08:05.062+0000] {processor.py:175} INFO - Processing /home/airflow/.local/lib/python3.7/site-packages/airflow/example_dags/example_trigger_target_dag.py took 0.085 seconds
[2023-01-10T11:08:35.187+0000] {processor.py:153} INFO - Started process (PID=2273) to work on /home/airflow/.local/lib/python3.7/site-packages/airflow/example_dags/example_trigger_target_dag.py
[2023-01-10T11:08:35.188+0000] {processor.py:743} INFO - Processing file /home/airflow/.local/lib/python3.7/site-packages/airflow/example_dags/example_trigger_target_dag.py for tasks to queue
[2023-01-10T11:08:35.188+0000] {logging_mixin.py:137} INFO - [2023-01-10T11:08:35.188+0000] {dagbag.py:538} INFO - Filling up the DagBag from /home/airflow/.local/lib/python3.7/site-packages/airflow/example_dags/example_trigger_target_dag.py
[2023-01-10T11:08:35.207+0000] {processor.py:753} INFO - DAG(s) dict_keys(['example_trigger_target_dag']) retrieved from /home/airflow/.local/lib/python3.7/site-packages/airflow/example_dags/example_trigger_target_dag.py
[2023-01-10T11:08:35.237+0000] {logging_mixin.py:137} INFO - [2023-01-10T11:08:35.236+0000] {dag.py:2676} INFO - Sync 1 DAGs
[2023-01-10T11:08:35.256+0000] {logging_mixin.py:137} INFO - [2023-01-10T11:08:35.256+0000] {dag.py:3427} INFO - Setting next_dagrun for example_trigger_target_dag to None, run_after=None
[2023-01-10T11:08:35.269+0000] {processor.py:175} INFO - Processing /home/airflow/.local/lib/python3.7/site-packages/airflow/example_dags/example_trigger_target_dag.py took 0.085 seconds
[2023-01-10T11:09:05.481+0000] {processor.py:153} INFO - Started process (PID=2343) to work on /home/airflow/.local/lib/python3.7/site-packages/airflow/example_dags/example_trigger_target_dag.py
[2023-01-10T11:09:05.482+0000] {processor.py:743} INFO - Processing file /home/airflow/.local/lib/python3.7/site-packages/airflow/example_dags/example_trigger_target_dag.py for tasks to queue
[2023-01-10T11:09:05.482+0000] {logging_mixin.py:137} INFO - [2023-01-10T11:09:05.482+0000] {dagbag.py:538} INFO - Filling up the DagBag from /home/airflow/.local/lib/python3.7/site-packages/airflow/example_dags/example_trigger_target_dag.py
[2023-01-10T11:09:05.499+0000] {processor.py:753} INFO - DAG(s) dict_keys(['example_trigger_target_dag']) retrieved from /home/airflow/.local/lib/python3.7/site-packages/airflow/example_dags/example_trigger_target_dag.py
[2023-01-10T11:09:05.527+0000] {logging_mixin.py:137} INFO - [2023-01-10T11:09:05.527+0000] {dag.py:2676} INFO - Sync 1 DAGs
[2023-01-10T11:09:05.551+0000] {logging_mixin.py:137} INFO - [2023-01-10T11:09:05.551+0000] {dag.py:3427} INFO - Setting next_dagrun for example_trigger_target_dag to None, run_after=None
[2023-01-10T11:09:05.565+0000] {processor.py:175} INFO - Processing /home/airflow/.local/lib/python3.7/site-packages/airflow/example_dags/example_trigger_target_dag.py took 0.086 seconds
[2023-01-10T11:09:35.770+0000] {processor.py:153} INFO - Started process (PID=2428) to work on /home/airflow/.local/lib/python3.7/site-packages/airflow/example_dags/example_trigger_target_dag.py
[2023-01-10T11:09:35.771+0000] {processor.py:743} INFO - Processing file /home/airflow/.local/lib/python3.7/site-packages/airflow/example_dags/example_trigger_target_dag.py for tasks to queue
[2023-01-10T11:09:35.771+0000] {logging_mixin.py:137} INFO - [2023-01-10T11:09:35.771+0000] {dagbag.py:538} INFO - Filling up the DagBag from /home/airflow/.local/lib/python3.7/site-packages/airflow/example_dags/example_trigger_target_dag.py
[2023-01-10T11:09:35.788+0000] {processor.py:753} INFO - DAG(s) dict_keys(['example_trigger_target_dag']) retrieved from /home/airflow/.local/lib/python3.7/site-packages/airflow/example_dags/example_trigger_target_dag.py
[2023-01-10T11:09:35.821+0000] {logging_mixin.py:137} INFO - [2023-01-10T11:09:35.821+0000] {dag.py:2676} INFO - Sync 1 DAGs
[2023-01-10T11:09:35.842+0000] {logging_mixin.py:137} INFO - [2023-01-10T11:09:35.841+0000] {dag.py:3427} INFO - Setting next_dagrun for example_trigger_target_dag to None, run_after=None
[2023-01-10T11:09:35.856+0000] {processor.py:175} INFO - Processing /home/airflow/.local/lib/python3.7/site-packages/airflow/example_dags/example_trigger_target_dag.py took 0.089 seconds
[2023-01-10T11:10:06.775+0000] {processor.py:153} INFO - Started process (PID=2498) to work on /home/airflow/.local/lib/python3.7/site-packages/airflow/example_dags/example_trigger_target_dag.py
[2023-01-10T11:10:06.776+0000] {processor.py:743} INFO - Processing file /home/airflow/.local/lib/python3.7/site-packages/airflow/example_dags/example_trigger_target_dag.py for tasks to queue
[2023-01-10T11:10:06.777+0000] {logging_mixin.py:137} INFO - [2023-01-10T11:10:06.776+0000] {dagbag.py:538} INFO - Filling up the DagBag from /home/airflow/.local/lib/python3.7/site-packages/airflow/example_dags/example_trigger_target_dag.py
[2023-01-10T11:10:06.794+0000] {processor.py:753} INFO - DAG(s) dict_keys(['example_trigger_target_dag']) retrieved from /home/airflow/.local/lib/python3.7/site-packages/airflow/example_dags/example_trigger_target_dag.py
[2023-01-10T11:10:06.821+0000] {logging_mixin.py:137} INFO - [2023-01-10T11:10:06.820+0000] {dag.py:2676} INFO - Sync 1 DAGs
[2023-01-10T11:10:06.841+0000] {logging_mixin.py:137} INFO - [2023-01-10T11:10:06.841+0000] {dag.py:3427} INFO - Setting next_dagrun for example_trigger_target_dag to None, run_after=None
[2023-01-10T11:10:06.855+0000] {processor.py:175} INFO - Processing /home/airflow/.local/lib/python3.7/site-packages/airflow/example_dags/example_trigger_target_dag.py took 0.082 seconds
