[2023-01-10T10:54:21.853+0000] {processor.py:153} INFO - Started process (PID=61) to work on /home/airflow/.local/lib/python3.7/site-packages/airflow/example_dags/example_task_group.py
[2023-01-10T10:54:21.854+0000] {processor.py:743} INFO - Processing file /home/airflow/.local/lib/python3.7/site-packages/airflow/example_dags/example_task_group.py for tasks to queue
[2023-01-10T10:54:21.855+0000] {logging_mixin.py:137} INFO - [2023-01-10T10:54:21.854+0000] {dagbag.py:538} INFO - Filling up the DagBag from /home/airflow/.local/lib/python3.7/site-packages/airflow/example_dags/example_task_group.py
[2023-01-10T10:54:21.878+0000] {processor.py:753} INFO - DAG(s) dict_keys(['example_task_group']) retrieved from /home/airflow/.local/lib/python3.7/site-packages/airflow/example_dags/example_task_group.py
[2023-01-10T10:54:22.058+0000] {logging_mixin.py:137} INFO - [2023-01-10T10:54:22.058+0000] {manager.py:504} INFO - Created Permission View: can delete on DAG:example_task_group
[2023-01-10T10:54:22.073+0000] {logging_mixin.py:137} INFO - [2023-01-10T10:54:22.073+0000] {manager.py:504} INFO - Created Permission View: can read on DAG:example_task_group
[2023-01-10T10:54:22.081+0000] {logging_mixin.py:137} INFO - [2023-01-10T10:54:22.081+0000] {manager.py:504} INFO - Created Permission View: can edit on DAG:example_task_group
[2023-01-10T10:54:22.081+0000] {logging_mixin.py:137} INFO - [2023-01-10T10:54:22.081+0000] {dag.py:2676} INFO - Sync 1 DAGs
[2023-01-10T10:54:22.101+0000] {logging_mixin.py:137} INFO - [2023-01-10T10:54:22.101+0000] {dag.py:2697} INFO - Creating ORM DAG for example_task_group
[2023-01-10T10:54:22.124+0000] {logging_mixin.py:137} INFO - [2023-01-10T10:54:22.123+0000] {dag.py:3427} INFO - Setting next_dagrun for example_task_group to 2023-01-09T10:54:22.120927+00:00, run_after=2023-01-10T10:54:22.120927+00:00
[2023-01-10T10:54:22.156+0000] {processor.py:175} INFO - Processing /home/airflow/.local/lib/python3.7/site-packages/airflow/example_dags/example_task_group.py took 0.306 seconds
[2023-01-10T10:54:52.765+0000] {processor.py:153} INFO - Started process (PID=138) to work on /home/airflow/.local/lib/python3.7/site-packages/airflow/example_dags/example_task_group.py
[2023-01-10T10:54:52.766+0000] {processor.py:743} INFO - Processing file /home/airflow/.local/lib/python3.7/site-packages/airflow/example_dags/example_task_group.py for tasks to queue
[2023-01-10T10:54:52.766+0000] {logging_mixin.py:137} INFO - [2023-01-10T10:54:52.766+0000] {dagbag.py:538} INFO - Filling up the DagBag from /home/airflow/.local/lib/python3.7/site-packages/airflow/example_dags/example_task_group.py
[2023-01-10T10:54:52.778+0000] {processor.py:753} INFO - DAG(s) dict_keys(['example_task_group']) retrieved from /home/airflow/.local/lib/python3.7/site-packages/airflow/example_dags/example_task_group.py
[2023-01-10T10:54:52.804+0000] {logging_mixin.py:137} INFO - [2023-01-10T10:54:52.804+0000] {dag.py:2676} INFO - Sync 1 DAGs
[2023-01-10T10:54:52.823+0000] {logging_mixin.py:137} INFO - [2023-01-10T10:54:52.823+0000] {dag.py:3427} INFO - Setting next_dagrun for example_task_group to 2023-01-09T10:54:52.823137+00:00, run_after=2023-01-10T10:54:52.823137+00:00
[2023-01-10T10:54:52.836+0000] {processor.py:175} INFO - Processing /home/airflow/.local/lib/python3.7/site-packages/airflow/example_dags/example_task_group.py took 0.074 seconds
[2023-01-10T10:55:23.684+0000] {processor.py:153} INFO - Started process (PID=218) to work on /home/airflow/.local/lib/python3.7/site-packages/airflow/example_dags/example_task_group.py
[2023-01-10T10:55:23.685+0000] {processor.py:743} INFO - Processing file /home/airflow/.local/lib/python3.7/site-packages/airflow/example_dags/example_task_group.py for tasks to queue
[2023-01-10T10:55:23.686+0000] {logging_mixin.py:137} INFO - [2023-01-10T10:55:23.685+0000] {dagbag.py:538} INFO - Filling up the DagBag from /home/airflow/.local/lib/python3.7/site-packages/airflow/example_dags/example_task_group.py
[2023-01-10T10:55:23.718+0000] {processor.py:753} INFO - DAG(s) dict_keys(['example_task_group']) retrieved from /home/airflow/.local/lib/python3.7/site-packages/airflow/example_dags/example_task_group.py
[2023-01-10T10:55:23.802+0000] {logging_mixin.py:137} INFO - [2023-01-10T10:55:23.802+0000] {dag.py:2676} INFO - Sync 1 DAGs
[2023-01-10T10:55:23.882+0000] {logging_mixin.py:137} INFO - [2023-01-10T10:55:23.882+0000] {dag.py:3427} INFO - Setting next_dagrun for example_task_group to 2023-01-09T10:55:23.882347+00:00, run_after=2023-01-10T10:55:23.882347+00:00
[2023-01-10T10:55:23.932+0000] {processor.py:175} INFO - Processing /home/airflow/.local/lib/python3.7/site-packages/airflow/example_dags/example_task_group.py took 0.256 seconds
[2023-01-10T10:55:54.426+0000] {processor.py:153} INFO - Started process (PID=296) to work on /home/airflow/.local/lib/python3.7/site-packages/airflow/example_dags/example_task_group.py
[2023-01-10T10:55:54.426+0000] {processor.py:743} INFO - Processing file /home/airflow/.local/lib/python3.7/site-packages/airflow/example_dags/example_task_group.py for tasks to queue
[2023-01-10T10:55:54.427+0000] {logging_mixin.py:137} INFO - [2023-01-10T10:55:54.427+0000] {dagbag.py:538} INFO - Filling up the DagBag from /home/airflow/.local/lib/python3.7/site-packages/airflow/example_dags/example_task_group.py
[2023-01-10T10:55:54.439+0000] {processor.py:753} INFO - DAG(s) dict_keys(['example_task_group']) retrieved from /home/airflow/.local/lib/python3.7/site-packages/airflow/example_dags/example_task_group.py
[2023-01-10T10:55:54.466+0000] {logging_mixin.py:137} INFO - [2023-01-10T10:55:54.466+0000] {dag.py:2676} INFO - Sync 1 DAGs
[2023-01-10T10:55:54.485+0000] {logging_mixin.py:137} INFO - [2023-01-10T10:55:54.485+0000] {dag.py:3427} INFO - Setting next_dagrun for example_task_group to 2023-01-09T10:55:54.484936+00:00, run_after=2023-01-10T10:55:54.484936+00:00
[2023-01-10T10:55:54.498+0000] {processor.py:175} INFO - Processing /home/airflow/.local/lib/python3.7/site-packages/airflow/example_dags/example_task_group.py took 0.074 seconds
[2023-01-10T10:56:24.533+0000] {processor.py:153} INFO - Started process (PID=374) to work on /home/airflow/.local/lib/python3.7/site-packages/airflow/example_dags/example_task_group.py
[2023-01-10T10:56:24.534+0000] {processor.py:743} INFO - Processing file /home/airflow/.local/lib/python3.7/site-packages/airflow/example_dags/example_task_group.py for tasks to queue
[2023-01-10T10:56:24.534+0000] {logging_mixin.py:137} INFO - [2023-01-10T10:56:24.534+0000] {dagbag.py:538} INFO - Filling up the DagBag from /home/airflow/.local/lib/python3.7/site-packages/airflow/example_dags/example_task_group.py
[2023-01-10T10:56:24.548+0000] {processor.py:753} INFO - DAG(s) dict_keys(['example_task_group']) retrieved from /home/airflow/.local/lib/python3.7/site-packages/airflow/example_dags/example_task_group.py
[2023-01-10T10:56:24.581+0000] {logging_mixin.py:137} INFO - [2023-01-10T10:56:24.581+0000] {dag.py:2676} INFO - Sync 1 DAGs
[2023-01-10T10:56:24.625+0000] {logging_mixin.py:137} INFO - [2023-01-10T10:56:24.625+0000] {dag.py:3427} INFO - Setting next_dagrun for example_task_group to 2023-01-09T10:56:24.624805+00:00, run_after=2023-01-10T10:56:24.624805+00:00
[2023-01-10T10:56:24.649+0000] {processor.py:175} INFO - Processing /home/airflow/.local/lib/python3.7/site-packages/airflow/example_dags/example_task_group.py took 0.118 seconds
[2023-01-10T10:56:55.677+0000] {processor.py:153} INFO - Started process (PID=452) to work on /home/airflow/.local/lib/python3.7/site-packages/airflow/example_dags/example_task_group.py
[2023-01-10T10:56:55.678+0000] {processor.py:743} INFO - Processing file /home/airflow/.local/lib/python3.7/site-packages/airflow/example_dags/example_task_group.py for tasks to queue
[2023-01-10T10:56:55.678+0000] {logging_mixin.py:137} INFO - [2023-01-10T10:56:55.678+0000] {dagbag.py:538} INFO - Filling up the DagBag from /home/airflow/.local/lib/python3.7/site-packages/airflow/example_dags/example_task_group.py
[2023-01-10T10:56:55.692+0000] {processor.py:753} INFO - DAG(s) dict_keys(['example_task_group']) retrieved from /home/airflow/.local/lib/python3.7/site-packages/airflow/example_dags/example_task_group.py
[2023-01-10T10:56:55.723+0000] {logging_mixin.py:137} INFO - [2023-01-10T10:56:55.722+0000] {dag.py:2676} INFO - Sync 1 DAGs
[2023-01-10T10:56:55.744+0000] {logging_mixin.py:137} INFO - [2023-01-10T10:56:55.743+0000] {dag.py:3427} INFO - Setting next_dagrun for example_task_group to 2023-01-09T10:56:55.743453+00:00, run_after=2023-01-10T10:56:55.743453+00:00
[2023-01-10T10:56:55.761+0000] {processor.py:175} INFO - Processing /home/airflow/.local/lib/python3.7/site-packages/airflow/example_dags/example_task_group.py took 0.086 seconds
[2023-01-10T10:57:25.984+0000] {processor.py:153} INFO - Started process (PID=538) to work on /home/airflow/.local/lib/python3.7/site-packages/airflow/example_dags/example_task_group.py
[2023-01-10T10:57:25.984+0000] {processor.py:743} INFO - Processing file /home/airflow/.local/lib/python3.7/site-packages/airflow/example_dags/example_task_group.py for tasks to queue
[2023-01-10T10:57:25.985+0000] {logging_mixin.py:137} INFO - [2023-01-10T10:57:25.984+0000] {dagbag.py:538} INFO - Filling up the DagBag from /home/airflow/.local/lib/python3.7/site-packages/airflow/example_dags/example_task_group.py
[2023-01-10T10:57:25.996+0000] {processor.py:753} INFO - DAG(s) dict_keys(['example_task_group']) retrieved from /home/airflow/.local/lib/python3.7/site-packages/airflow/example_dags/example_task_group.py
[2023-01-10T10:57:26.025+0000] {logging_mixin.py:137} INFO - [2023-01-10T10:57:26.025+0000] {dag.py:2676} INFO - Sync 1 DAGs
[2023-01-10T10:57:26.046+0000] {logging_mixin.py:137} INFO - [2023-01-10T10:57:26.046+0000] {dag.py:3427} INFO - Setting next_dagrun for example_task_group to 2023-01-09T10:57:26.046611+00:00, run_after=2023-01-10T10:57:26.046611+00:00
[2023-01-10T10:57:26.061+0000] {processor.py:175} INFO - Processing /home/airflow/.local/lib/python3.7/site-packages/airflow/example_dags/example_task_group.py took 0.080 seconds
[2023-01-10T10:57:56.991+0000] {processor.py:153} INFO - Started process (PID=608) to work on /home/airflow/.local/lib/python3.7/site-packages/airflow/example_dags/example_task_group.py
[2023-01-10T10:57:56.991+0000] {processor.py:743} INFO - Processing file /home/airflow/.local/lib/python3.7/site-packages/airflow/example_dags/example_task_group.py for tasks to queue
[2023-01-10T10:57:56.992+0000] {logging_mixin.py:137} INFO - [2023-01-10T10:57:56.991+0000] {dagbag.py:538} INFO - Filling up the DagBag from /home/airflow/.local/lib/python3.7/site-packages/airflow/example_dags/example_task_group.py
[2023-01-10T10:57:57.003+0000] {processor.py:753} INFO - DAG(s) dict_keys(['example_task_group']) retrieved from /home/airflow/.local/lib/python3.7/site-packages/airflow/example_dags/example_task_group.py
[2023-01-10T10:57:57.032+0000] {logging_mixin.py:137} INFO - [2023-01-10T10:57:57.032+0000] {dag.py:2676} INFO - Sync 1 DAGs
[2023-01-10T10:57:57.053+0000] {logging_mixin.py:137} INFO - [2023-01-10T10:57:57.052+0000] {dag.py:3427} INFO - Setting next_dagrun for example_task_group to 2023-01-09T10:57:57.052652+00:00, run_after=2023-01-10T10:57:57.052652+00:00
[2023-01-10T10:57:57.065+0000] {processor.py:175} INFO - Processing /home/airflow/.local/lib/python3.7/site-packages/airflow/example_dags/example_task_group.py took 0.077 seconds
[2023-01-10T10:58:27.942+0000] {processor.py:153} INFO - Started process (PID=694) to work on /home/airflow/.local/lib/python3.7/site-packages/airflow/example_dags/example_task_group.py
[2023-01-10T10:58:27.943+0000] {processor.py:743} INFO - Processing file /home/airflow/.local/lib/python3.7/site-packages/airflow/example_dags/example_task_group.py for tasks to queue
[2023-01-10T10:58:27.944+0000] {logging_mixin.py:137} INFO - [2023-01-10T10:58:27.943+0000] {dagbag.py:538} INFO - Filling up the DagBag from /home/airflow/.local/lib/python3.7/site-packages/airflow/example_dags/example_task_group.py
[2023-01-10T10:58:27.956+0000] {processor.py:753} INFO - DAG(s) dict_keys(['example_task_group']) retrieved from /home/airflow/.local/lib/python3.7/site-packages/airflow/example_dags/example_task_group.py
[2023-01-10T10:58:27.987+0000] {logging_mixin.py:137} INFO - [2023-01-10T10:58:27.987+0000] {dag.py:2676} INFO - Sync 1 DAGs
[2023-01-10T10:58:28.006+0000] {logging_mixin.py:137} INFO - [2023-01-10T10:58:28.005+0000] {dag.py:3427} INFO - Setting next_dagrun for example_task_group to 2023-01-09T10:58:28.005799+00:00, run_after=2023-01-10T10:58:28.005799+00:00
[2023-01-10T10:58:28.020+0000] {processor.py:175} INFO - Processing /home/airflow/.local/lib/python3.7/site-packages/airflow/example_dags/example_task_group.py took 0.080 seconds
[2023-01-10T10:58:58.930+0000] {processor.py:153} INFO - Started process (PID=763) to work on /home/airflow/.local/lib/python3.7/site-packages/airflow/example_dags/example_task_group.py
[2023-01-10T10:58:58.931+0000] {processor.py:743} INFO - Processing file /home/airflow/.local/lib/python3.7/site-packages/airflow/example_dags/example_task_group.py for tasks to queue
[2023-01-10T10:58:58.932+0000] {logging_mixin.py:137} INFO - [2023-01-10T10:58:58.931+0000] {dagbag.py:538} INFO - Filling up the DagBag from /home/airflow/.local/lib/python3.7/site-packages/airflow/example_dags/example_task_group.py
[2023-01-10T10:58:58.947+0000] {processor.py:753} INFO - DAG(s) dict_keys(['example_task_group']) retrieved from /home/airflow/.local/lib/python3.7/site-packages/airflow/example_dags/example_task_group.py
[2023-01-10T10:58:58.986+0000] {logging_mixin.py:137} INFO - [2023-01-10T10:58:58.986+0000] {dag.py:2676} INFO - Sync 1 DAGs
[2023-01-10T10:58:59.015+0000] {logging_mixin.py:137} INFO - [2023-01-10T10:58:59.014+0000] {dag.py:3427} INFO - Setting next_dagrun for example_task_group to 2023-01-09T10:58:59.014777+00:00, run_after=2023-01-10T10:58:59.014777+00:00
[2023-01-10T10:58:59.030+0000] {processor.py:175} INFO - Processing /home/airflow/.local/lib/python3.7/site-packages/airflow/example_dags/example_task_group.py took 0.102 seconds
[2023-01-10T10:59:29.345+0000] {processor.py:153} INFO - Started process (PID=849) to work on /home/airflow/.local/lib/python3.7/site-packages/airflow/example_dags/example_task_group.py
[2023-01-10T10:59:29.346+0000] {processor.py:743} INFO - Processing file /home/airflow/.local/lib/python3.7/site-packages/airflow/example_dags/example_task_group.py for tasks to queue
[2023-01-10T10:59:29.347+0000] {logging_mixin.py:137} INFO - [2023-01-10T10:59:29.346+0000] {dagbag.py:538} INFO - Filling up the DagBag from /home/airflow/.local/lib/python3.7/site-packages/airflow/example_dags/example_task_group.py
[2023-01-10T10:59:29.361+0000] {processor.py:753} INFO - DAG(s) dict_keys(['example_task_group']) retrieved from /home/airflow/.local/lib/python3.7/site-packages/airflow/example_dags/example_task_group.py
[2023-01-10T10:59:29.400+0000] {logging_mixin.py:137} INFO - [2023-01-10T10:59:29.400+0000] {dag.py:2676} INFO - Sync 1 DAGs
[2023-01-10T10:59:29.431+0000] {logging_mixin.py:137} INFO - [2023-01-10T10:59:29.430+0000] {dag.py:3427} INFO - Setting next_dagrun for example_task_group to 2023-01-09T10:59:29.430653+00:00, run_after=2023-01-10T10:59:29.430653+00:00
[2023-01-10T10:59:29.461+0000] {processor.py:175} INFO - Processing /home/airflow/.local/lib/python3.7/site-packages/airflow/example_dags/example_task_group.py took 0.118 seconds
[2023-01-10T10:59:59.644+0000] {processor.py:153} INFO - Started process (PID=937) to work on /home/airflow/.local/lib/python3.7/site-packages/airflow/example_dags/example_task_group.py
[2023-01-10T10:59:59.645+0000] {processor.py:743} INFO - Processing file /home/airflow/.local/lib/python3.7/site-packages/airflow/example_dags/example_task_group.py for tasks to queue
[2023-01-10T10:59:59.645+0000] {logging_mixin.py:137} INFO - [2023-01-10T10:59:59.645+0000] {dagbag.py:538} INFO - Filling up the DagBag from /home/airflow/.local/lib/python3.7/site-packages/airflow/example_dags/example_task_group.py
[2023-01-10T10:59:59.662+0000] {processor.py:753} INFO - DAG(s) dict_keys(['example_task_group']) retrieved from /home/airflow/.local/lib/python3.7/site-packages/airflow/example_dags/example_task_group.py
[2023-01-10T10:59:59.708+0000] {logging_mixin.py:137} INFO - [2023-01-10T10:59:59.708+0000] {dag.py:2676} INFO - Sync 1 DAGs
[2023-01-10T10:59:59.735+0000] {logging_mixin.py:137} INFO - [2023-01-10T10:59:59.735+0000] {dag.py:3427} INFO - Setting next_dagrun for example_task_group to 2023-01-09T10:59:59.735037+00:00, run_after=2023-01-10T10:59:59.735037+00:00
[2023-01-10T10:59:59.749+0000] {processor.py:175} INFO - Processing /home/airflow/.local/lib/python3.7/site-packages/airflow/example_dags/example_task_group.py took 0.107 seconds
[2023-01-10T11:00:29.825+0000] {processor.py:153} INFO - Started process (PID=1006) to work on /home/airflow/.local/lib/python3.7/site-packages/airflow/example_dags/example_task_group.py
[2023-01-10T11:00:29.826+0000] {processor.py:743} INFO - Processing file /home/airflow/.local/lib/python3.7/site-packages/airflow/example_dags/example_task_group.py for tasks to queue
[2023-01-10T11:00:29.827+0000] {logging_mixin.py:137} INFO - [2023-01-10T11:00:29.827+0000] {dagbag.py:538} INFO - Filling up the DagBag from /home/airflow/.local/lib/python3.7/site-packages/airflow/example_dags/example_task_group.py
[2023-01-10T11:00:29.840+0000] {processor.py:753} INFO - DAG(s) dict_keys(['example_task_group']) retrieved from /home/airflow/.local/lib/python3.7/site-packages/airflow/example_dags/example_task_group.py
[2023-01-10T11:00:29.867+0000] {logging_mixin.py:137} INFO - [2023-01-10T11:00:29.867+0000] {dag.py:2676} INFO - Sync 1 DAGs
[2023-01-10T11:00:29.887+0000] {logging_mixin.py:137} INFO - [2023-01-10T11:00:29.887+0000] {dag.py:3427} INFO - Setting next_dagrun for example_task_group to 2023-01-09T11:00:29.887079+00:00, run_after=2023-01-10T11:00:29.887079+00:00
[2023-01-10T11:00:29.905+0000] {processor.py:175} INFO - Processing /home/airflow/.local/lib/python3.7/site-packages/airflow/example_dags/example_task_group.py took 0.082 seconds
[2023-01-10T11:00:59.979+0000] {processor.py:153} INFO - Started process (PID=1092) to work on /home/airflow/.local/lib/python3.7/site-packages/airflow/example_dags/example_task_group.py
[2023-01-10T11:00:59.980+0000] {processor.py:743} INFO - Processing file /home/airflow/.local/lib/python3.7/site-packages/airflow/example_dags/example_task_group.py for tasks to queue
[2023-01-10T11:00:59.980+0000] {logging_mixin.py:137} INFO - [2023-01-10T11:00:59.980+0000] {dagbag.py:538} INFO - Filling up the DagBag from /home/airflow/.local/lib/python3.7/site-packages/airflow/example_dags/example_task_group.py
[2023-01-10T11:00:59.993+0000] {processor.py:753} INFO - DAG(s) dict_keys(['example_task_group']) retrieved from /home/airflow/.local/lib/python3.7/site-packages/airflow/example_dags/example_task_group.py
[2023-01-10T11:01:00.024+0000] {logging_mixin.py:137} INFO - [2023-01-10T11:01:00.024+0000] {dag.py:2676} INFO - Sync 1 DAGs
[2023-01-10T11:01:00.044+0000] {logging_mixin.py:137} INFO - [2023-01-10T11:01:00.044+0000] {dag.py:3427} INFO - Setting next_dagrun for example_task_group to 2023-01-09T11:01:00.044250+00:00, run_after=2023-01-10T11:01:00.044250+00:00
[2023-01-10T11:01:00.058+0000] {processor.py:175} INFO - Processing /home/airflow/.local/lib/python3.7/site-packages/airflow/example_dags/example_task_group.py took 0.081 seconds
[2023-01-10T11:01:30.102+0000] {processor.py:153} INFO - Started process (PID=1162) to work on /home/airflow/.local/lib/python3.7/site-packages/airflow/example_dags/example_task_group.py
[2023-01-10T11:01:30.103+0000] {processor.py:743} INFO - Processing file /home/airflow/.local/lib/python3.7/site-packages/airflow/example_dags/example_task_group.py for tasks to queue
[2023-01-10T11:01:30.103+0000] {logging_mixin.py:137} INFO - [2023-01-10T11:01:30.103+0000] {dagbag.py:538} INFO - Filling up the DagBag from /home/airflow/.local/lib/python3.7/site-packages/airflow/example_dags/example_task_group.py
[2023-01-10T11:01:30.116+0000] {processor.py:753} INFO - DAG(s) dict_keys(['example_task_group']) retrieved from /home/airflow/.local/lib/python3.7/site-packages/airflow/example_dags/example_task_group.py
[2023-01-10T11:01:30.146+0000] {logging_mixin.py:137} INFO - [2023-01-10T11:01:30.146+0000] {dag.py:2676} INFO - Sync 1 DAGs
[2023-01-10T11:01:30.169+0000] {logging_mixin.py:137} INFO - [2023-01-10T11:01:30.169+0000] {dag.py:3427} INFO - Setting next_dagrun for example_task_group to 2023-01-09T11:01:30.169460+00:00, run_after=2023-01-10T11:01:30.169460+00:00
[2023-01-10T11:01:30.186+0000] {processor.py:175} INFO - Processing /home/airflow/.local/lib/python3.7/site-packages/airflow/example_dags/example_task_group.py took 0.085 seconds
[2023-01-10T11:02:00.452+0000] {processor.py:153} INFO - Started process (PID=1249) to work on /home/airflow/.local/lib/python3.7/site-packages/airflow/example_dags/example_task_group.py
[2023-01-10T11:02:00.453+0000] {processor.py:743} INFO - Processing file /home/airflow/.local/lib/python3.7/site-packages/airflow/example_dags/example_task_group.py for tasks to queue
[2023-01-10T11:02:00.453+0000] {logging_mixin.py:137} INFO - [2023-01-10T11:02:00.453+0000] {dagbag.py:538} INFO - Filling up the DagBag from /home/airflow/.local/lib/python3.7/site-packages/airflow/example_dags/example_task_group.py
[2023-01-10T11:02:00.465+0000] {processor.py:753} INFO - DAG(s) dict_keys(['example_task_group']) retrieved from /home/airflow/.local/lib/python3.7/site-packages/airflow/example_dags/example_task_group.py
[2023-01-10T11:02:00.498+0000] {logging_mixin.py:137} INFO - [2023-01-10T11:02:00.498+0000] {dag.py:2676} INFO - Sync 1 DAGs
[2023-01-10T11:02:00.521+0000] {logging_mixin.py:137} INFO - [2023-01-10T11:02:00.521+0000] {dag.py:3427} INFO - Setting next_dagrun for example_task_group to 2023-01-09T11:02:00.521627+00:00, run_after=2023-01-10T11:02:00.521627+00:00
[2023-01-10T11:02:00.541+0000] {processor.py:175} INFO - Processing /home/airflow/.local/lib/python3.7/site-packages/airflow/example_dags/example_task_group.py took 0.090 seconds
[2023-01-10T11:02:30.666+0000] {processor.py:153} INFO - Started process (PID=1319) to work on /home/airflow/.local/lib/python3.7/site-packages/airflow/example_dags/example_task_group.py
[2023-01-10T11:02:30.667+0000] {processor.py:743} INFO - Processing file /home/airflow/.local/lib/python3.7/site-packages/airflow/example_dags/example_task_group.py for tasks to queue
[2023-01-10T11:02:30.667+0000] {logging_mixin.py:137} INFO - [2023-01-10T11:02:30.667+0000] {dagbag.py:538} INFO - Filling up the DagBag from /home/airflow/.local/lib/python3.7/site-packages/airflow/example_dags/example_task_group.py
[2023-01-10T11:02:30.680+0000] {processor.py:753} INFO - DAG(s) dict_keys(['example_task_group']) retrieved from /home/airflow/.local/lib/python3.7/site-packages/airflow/example_dags/example_task_group.py
[2023-01-10T11:02:30.709+0000] {logging_mixin.py:137} INFO - [2023-01-10T11:02:30.708+0000] {dag.py:2676} INFO - Sync 1 DAGs
[2023-01-10T11:02:30.729+0000] {logging_mixin.py:137} INFO - [2023-01-10T11:02:30.729+0000] {dag.py:3427} INFO - Setting next_dagrun for example_task_group to 2023-01-09T11:02:30.728915+00:00, run_after=2023-01-10T11:02:30.728915+00:00
[2023-01-10T11:02:30.744+0000] {processor.py:175} INFO - Processing /home/airflow/.local/lib/python3.7/site-packages/airflow/example_dags/example_task_group.py took 0.080 seconds
[2023-01-10T11:03:00.830+0000] {processor.py:153} INFO - Started process (PID=1405) to work on /home/airflow/.local/lib/python3.7/site-packages/airflow/example_dags/example_task_group.py
[2023-01-10T11:03:00.831+0000] {processor.py:743} INFO - Processing file /home/airflow/.local/lib/python3.7/site-packages/airflow/example_dags/example_task_group.py for tasks to queue
[2023-01-10T11:03:00.831+0000] {logging_mixin.py:137} INFO - [2023-01-10T11:03:00.831+0000] {dagbag.py:538} INFO - Filling up the DagBag from /home/airflow/.local/lib/python3.7/site-packages/airflow/example_dags/example_task_group.py
[2023-01-10T11:03:00.848+0000] {processor.py:753} INFO - DAG(s) dict_keys(['example_task_group']) retrieved from /home/airflow/.local/lib/python3.7/site-packages/airflow/example_dags/example_task_group.py
[2023-01-10T11:03:00.885+0000] {logging_mixin.py:137} INFO - [2023-01-10T11:03:00.885+0000] {dag.py:2676} INFO - Sync 1 DAGs
[2023-01-10T11:03:00.906+0000] {logging_mixin.py:137} INFO - [2023-01-10T11:03:00.906+0000] {dag.py:3427} INFO - Setting next_dagrun for example_task_group to 2023-01-09T11:03:00.905980+00:00, run_after=2023-01-10T11:03:00.905980+00:00
[2023-01-10T11:03:00.923+0000] {processor.py:175} INFO - Processing /home/airflow/.local/lib/python3.7/site-packages/airflow/example_dags/example_task_group.py took 0.095 seconds
[2023-01-10T11:03:31.801+0000] {processor.py:153} INFO - Started process (PID=1476) to work on /home/airflow/.local/lib/python3.7/site-packages/airflow/example_dags/example_task_group.py
[2023-01-10T11:03:31.801+0000] {processor.py:743} INFO - Processing file /home/airflow/.local/lib/python3.7/site-packages/airflow/example_dags/example_task_group.py for tasks to queue
[2023-01-10T11:03:31.801+0000] {logging_mixin.py:137} INFO - [2023-01-10T11:03:31.801+0000] {dagbag.py:538} INFO - Filling up the DagBag from /home/airflow/.local/lib/python3.7/site-packages/airflow/example_dags/example_task_group.py
[2023-01-10T11:03:31.813+0000] {processor.py:753} INFO - DAG(s) dict_keys(['example_task_group']) retrieved from /home/airflow/.local/lib/python3.7/site-packages/airflow/example_dags/example_task_group.py
[2023-01-10T11:03:31.843+0000] {logging_mixin.py:137} INFO - [2023-01-10T11:03:31.843+0000] {dag.py:2676} INFO - Sync 1 DAGs
[2023-01-10T11:03:31.866+0000] {logging_mixin.py:137} INFO - [2023-01-10T11:03:31.866+0000] {dag.py:3427} INFO - Setting next_dagrun for example_task_group to 2023-01-09T11:03:31.866342+00:00, run_after=2023-01-10T11:03:31.866342+00:00
[2023-01-10T11:03:31.880+0000] {processor.py:175} INFO - Processing /home/airflow/.local/lib/python3.7/site-packages/airflow/example_dags/example_task_group.py took 0.082 seconds
[2023-01-10T11:04:02.268+0000] {processor.py:153} INFO - Started process (PID=1562) to work on /home/airflow/.local/lib/python3.7/site-packages/airflow/example_dags/example_task_group.py
[2023-01-10T11:04:02.268+0000] {processor.py:743} INFO - Processing file /home/airflow/.local/lib/python3.7/site-packages/airflow/example_dags/example_task_group.py for tasks to queue
[2023-01-10T11:04:02.269+0000] {logging_mixin.py:137} INFO - [2023-01-10T11:04:02.269+0000] {dagbag.py:538} INFO - Filling up the DagBag from /home/airflow/.local/lib/python3.7/site-packages/airflow/example_dags/example_task_group.py
[2023-01-10T11:04:02.281+0000] {processor.py:753} INFO - DAG(s) dict_keys(['example_task_group']) retrieved from /home/airflow/.local/lib/python3.7/site-packages/airflow/example_dags/example_task_group.py
[2023-01-10T11:04:02.311+0000] {logging_mixin.py:137} INFO - [2023-01-10T11:04:02.311+0000] {dag.py:2676} INFO - Sync 1 DAGs
[2023-01-10T11:04:02.331+0000] {logging_mixin.py:137} INFO - [2023-01-10T11:04:02.331+0000] {dag.py:3427} INFO - Setting next_dagrun for example_task_group to 2023-01-09T11:04:02.331290+00:00, run_after=2023-01-10T11:04:02.331290+00:00
[2023-01-10T11:04:02.346+0000] {processor.py:175} INFO - Processing /home/airflow/.local/lib/python3.7/site-packages/airflow/example_dags/example_task_group.py took 0.080 seconds
[2023-01-10T11:04:33.200+0000] {processor.py:153} INFO - Started process (PID=1632) to work on /home/airflow/.local/lib/python3.7/site-packages/airflow/example_dags/example_task_group.py
[2023-01-10T11:04:33.201+0000] {processor.py:743} INFO - Processing file /home/airflow/.local/lib/python3.7/site-packages/airflow/example_dags/example_task_group.py for tasks to queue
[2023-01-10T11:04:33.201+0000] {logging_mixin.py:137} INFO - [2023-01-10T11:04:33.201+0000] {dagbag.py:538} INFO - Filling up the DagBag from /home/airflow/.local/lib/python3.7/site-packages/airflow/example_dags/example_task_group.py
[2023-01-10T11:04:33.221+0000] {processor.py:753} INFO - DAG(s) dict_keys(['example_task_group']) retrieved from /home/airflow/.local/lib/python3.7/site-packages/airflow/example_dags/example_task_group.py
[2023-01-10T11:04:33.266+0000] {logging_mixin.py:137} INFO - [2023-01-10T11:04:33.265+0000] {dag.py:2676} INFO - Sync 1 DAGs
[2023-01-10T11:04:33.288+0000] {logging_mixin.py:137} INFO - [2023-01-10T11:04:33.287+0000] {dag.py:3427} INFO - Setting next_dagrun for example_task_group to 2023-01-09T11:04:33.287634+00:00, run_after=2023-01-10T11:04:33.287634+00:00
[2023-01-10T11:04:33.306+0000] {processor.py:175} INFO - Processing /home/airflow/.local/lib/python3.7/site-packages/airflow/example_dags/example_task_group.py took 0.108 seconds
[2023-01-10T11:05:03.400+0000] {processor.py:153} INFO - Started process (PID=1718) to work on /home/airflow/.local/lib/python3.7/site-packages/airflow/example_dags/example_task_group.py
[2023-01-10T11:05:03.400+0000] {processor.py:743} INFO - Processing file /home/airflow/.local/lib/python3.7/site-packages/airflow/example_dags/example_task_group.py for tasks to queue
[2023-01-10T11:05:03.400+0000] {logging_mixin.py:137} INFO - [2023-01-10T11:05:03.400+0000] {dagbag.py:538} INFO - Filling up the DagBag from /home/airflow/.local/lib/python3.7/site-packages/airflow/example_dags/example_task_group.py
[2023-01-10T11:05:03.413+0000] {processor.py:753} INFO - DAG(s) dict_keys(['example_task_group']) retrieved from /home/airflow/.local/lib/python3.7/site-packages/airflow/example_dags/example_task_group.py
[2023-01-10T11:05:03.441+0000] {logging_mixin.py:137} INFO - [2023-01-10T11:05:03.441+0000] {dag.py:2676} INFO - Sync 1 DAGs
[2023-01-10T11:05:03.470+0000] {logging_mixin.py:137} INFO - [2023-01-10T11:05:03.470+0000] {dag.py:3427} INFO - Setting next_dagrun for example_task_group to 2023-01-09T11:05:03.469874+00:00, run_after=2023-01-10T11:05:03.469874+00:00
[2023-01-10T11:05:03.485+0000] {processor.py:175} INFO - Processing /home/airflow/.local/lib/python3.7/site-packages/airflow/example_dags/example_task_group.py took 0.087 seconds
[2023-01-10T11:05:33.586+0000] {processor.py:153} INFO - Started process (PID=1788) to work on /home/airflow/.local/lib/python3.7/site-packages/airflow/example_dags/example_task_group.py
[2023-01-10T11:05:33.586+0000] {processor.py:743} INFO - Processing file /home/airflow/.local/lib/python3.7/site-packages/airflow/example_dags/example_task_group.py for tasks to queue
[2023-01-10T11:05:33.586+0000] {logging_mixin.py:137} INFO - [2023-01-10T11:05:33.586+0000] {dagbag.py:538} INFO - Filling up the DagBag from /home/airflow/.local/lib/python3.7/site-packages/airflow/example_dags/example_task_group.py
[2023-01-10T11:05:33.598+0000] {processor.py:753} INFO - DAG(s) dict_keys(['example_task_group']) retrieved from /home/airflow/.local/lib/python3.7/site-packages/airflow/example_dags/example_task_group.py
[2023-01-10T11:05:33.628+0000] {logging_mixin.py:137} INFO - [2023-01-10T11:05:33.628+0000] {dag.py:2676} INFO - Sync 1 DAGs
[2023-01-10T11:05:33.648+0000] {logging_mixin.py:137} INFO - [2023-01-10T11:05:33.648+0000] {dag.py:3427} INFO - Setting next_dagrun for example_task_group to 2023-01-09T11:05:33.648347+00:00, run_after=2023-01-10T11:05:33.648347+00:00
[2023-01-10T11:05:33.667+0000] {processor.py:175} INFO - Processing /home/airflow/.local/lib/python3.7/site-packages/airflow/example_dags/example_task_group.py took 0.083 seconds
[2023-01-10T11:06:03.751+0000] {processor.py:153} INFO - Started process (PID=1874) to work on /home/airflow/.local/lib/python3.7/site-packages/airflow/example_dags/example_task_group.py
[2023-01-10T11:06:03.751+0000] {processor.py:743} INFO - Processing file /home/airflow/.local/lib/python3.7/site-packages/airflow/example_dags/example_task_group.py for tasks to queue
[2023-01-10T11:06:03.752+0000] {logging_mixin.py:137} INFO - [2023-01-10T11:06:03.751+0000] {dagbag.py:538} INFO - Filling up the DagBag from /home/airflow/.local/lib/python3.7/site-packages/airflow/example_dags/example_task_group.py
[2023-01-10T11:06:03.763+0000] {processor.py:753} INFO - DAG(s) dict_keys(['example_task_group']) retrieved from /home/airflow/.local/lib/python3.7/site-packages/airflow/example_dags/example_task_group.py
[2023-01-10T11:06:03.791+0000] {logging_mixin.py:137} INFO - [2023-01-10T11:06:03.791+0000] {dag.py:2676} INFO - Sync 1 DAGs
[2023-01-10T11:06:03.810+0000] {logging_mixin.py:137} INFO - [2023-01-10T11:06:03.809+0000] {dag.py:3427} INFO - Setting next_dagrun for example_task_group to 2023-01-09T11:06:03.809731+00:00, run_after=2023-01-10T11:06:03.809731+00:00
[2023-01-10T11:06:03.826+0000] {processor.py:175} INFO - Processing /home/airflow/.local/lib/python3.7/site-packages/airflow/example_dags/example_task_group.py took 0.077 seconds
[2023-01-10T11:06:34.045+0000] {processor.py:153} INFO - Started process (PID=1951) to work on /home/airflow/.local/lib/python3.7/site-packages/airflow/example_dags/example_task_group.py
[2023-01-10T11:06:34.045+0000] {processor.py:743} INFO - Processing file /home/airflow/.local/lib/python3.7/site-packages/airflow/example_dags/example_task_group.py for tasks to queue
[2023-01-10T11:06:34.046+0000] {logging_mixin.py:137} INFO - [2023-01-10T11:06:34.046+0000] {dagbag.py:538} INFO - Filling up the DagBag from /home/airflow/.local/lib/python3.7/site-packages/airflow/example_dags/example_task_group.py
[2023-01-10T11:06:34.062+0000] {processor.py:753} INFO - DAG(s) dict_keys(['example_task_group']) retrieved from /home/airflow/.local/lib/python3.7/site-packages/airflow/example_dags/example_task_group.py
[2023-01-10T11:06:34.093+0000] {logging_mixin.py:137} INFO - [2023-01-10T11:06:34.093+0000] {dag.py:2676} INFO - Sync 1 DAGs
[2023-01-10T11:06:34.115+0000] {logging_mixin.py:137} INFO - [2023-01-10T11:06:34.115+0000] {dag.py:3427} INFO - Setting next_dagrun for example_task_group to 2023-01-09T11:06:34.115027+00:00, run_after=2023-01-10T11:06:34.115027+00:00
[2023-01-10T11:06:34.134+0000] {processor.py:175} INFO - Processing /home/airflow/.local/lib/python3.7/site-packages/airflow/example_dags/example_task_group.py took 0.092 seconds
[2023-01-10T11:07:04.241+0000] {processor.py:153} INFO - Started process (PID=2030) to work on /home/airflow/.local/lib/python3.7/site-packages/airflow/example_dags/example_task_group.py
[2023-01-10T11:07:04.242+0000] {processor.py:743} INFO - Processing file /home/airflow/.local/lib/python3.7/site-packages/airflow/example_dags/example_task_group.py for tasks to queue
[2023-01-10T11:07:04.242+0000] {logging_mixin.py:137} INFO - [2023-01-10T11:07:04.242+0000] {dagbag.py:538} INFO - Filling up the DagBag from /home/airflow/.local/lib/python3.7/site-packages/airflow/example_dags/example_task_group.py
[2023-01-10T11:07:04.255+0000] {processor.py:753} INFO - DAG(s) dict_keys(['example_task_group']) retrieved from /home/airflow/.local/lib/python3.7/site-packages/airflow/example_dags/example_task_group.py
[2023-01-10T11:07:04.287+0000] {logging_mixin.py:137} INFO - [2023-01-10T11:07:04.286+0000] {dag.py:2676} INFO - Sync 1 DAGs
[2023-01-10T11:07:04.309+0000] {logging_mixin.py:137} INFO - [2023-01-10T11:07:04.308+0000] {dag.py:3427} INFO - Setting next_dagrun for example_task_group to 2023-01-09T11:07:04.308655+00:00, run_after=2023-01-10T11:07:04.308655+00:00
[2023-01-10T11:07:04.326+0000] {processor.py:175} INFO - Processing /home/airflow/.local/lib/python3.7/site-packages/airflow/example_dags/example_task_group.py took 0.088 seconds
[2023-01-10T11:07:34.748+0000] {processor.py:153} INFO - Started process (PID=2109) to work on /home/airflow/.local/lib/python3.7/site-packages/airflow/example_dags/example_task_group.py
[2023-01-10T11:07:34.749+0000] {processor.py:743} INFO - Processing file /home/airflow/.local/lib/python3.7/site-packages/airflow/example_dags/example_task_group.py for tasks to queue
[2023-01-10T11:07:34.750+0000] {logging_mixin.py:137} INFO - [2023-01-10T11:07:34.750+0000] {dagbag.py:538} INFO - Filling up the DagBag from /home/airflow/.local/lib/python3.7/site-packages/airflow/example_dags/example_task_group.py
[2023-01-10T11:07:34.764+0000] {processor.py:753} INFO - DAG(s) dict_keys(['example_task_group']) retrieved from /home/airflow/.local/lib/python3.7/site-packages/airflow/example_dags/example_task_group.py
[2023-01-10T11:07:34.817+0000] {logging_mixin.py:137} INFO - [2023-01-10T11:07:34.817+0000] {dag.py:2676} INFO - Sync 1 DAGs
[2023-01-10T11:07:34.852+0000] {logging_mixin.py:137} INFO - [2023-01-10T11:07:34.852+0000] {dag.py:3427} INFO - Setting next_dagrun for example_task_group to 2023-01-09T11:07:34.852471+00:00, run_after=2023-01-10T11:07:34.852471+00:00
[2023-01-10T11:07:34.872+0000] {processor.py:175} INFO - Processing /home/airflow/.local/lib/python3.7/site-packages/airflow/example_dags/example_task_group.py took 0.126 seconds
[2023-01-10T11:08:04.916+0000] {processor.py:153} INFO - Started process (PID=2186) to work on /home/airflow/.local/lib/python3.7/site-packages/airflow/example_dags/example_task_group.py
[2023-01-10T11:08:04.917+0000] {processor.py:743} INFO - Processing file /home/airflow/.local/lib/python3.7/site-packages/airflow/example_dags/example_task_group.py for tasks to queue
[2023-01-10T11:08:04.917+0000] {logging_mixin.py:137} INFO - [2023-01-10T11:08:04.917+0000] {dagbag.py:538} INFO - Filling up the DagBag from /home/airflow/.local/lib/python3.7/site-packages/airflow/example_dags/example_task_group.py
[2023-01-10T11:08:04.928+0000] {processor.py:753} INFO - DAG(s) dict_keys(['example_task_group']) retrieved from /home/airflow/.local/lib/python3.7/site-packages/airflow/example_dags/example_task_group.py
[2023-01-10T11:08:04.959+0000] {logging_mixin.py:137} INFO - [2023-01-10T11:08:04.959+0000] {dag.py:2676} INFO - Sync 1 DAGs
[2023-01-10T11:08:04.981+0000] {logging_mixin.py:137} INFO - [2023-01-10T11:08:04.981+0000] {dag.py:3427} INFO - Setting next_dagrun for example_task_group to 2023-01-09T11:08:04.981052+00:00, run_after=2023-01-10T11:08:04.981052+00:00
[2023-01-10T11:08:04.998+0000] {processor.py:175} INFO - Processing /home/airflow/.local/lib/python3.7/site-packages/airflow/example_dags/example_task_group.py took 0.084 seconds
[2023-01-10T11:08:35.080+0000] {processor.py:153} INFO - Started process (PID=2272) to work on /home/airflow/.local/lib/python3.7/site-packages/airflow/example_dags/example_task_group.py
[2023-01-10T11:08:35.080+0000] {processor.py:743} INFO - Processing file /home/airflow/.local/lib/python3.7/site-packages/airflow/example_dags/example_task_group.py for tasks to queue
[2023-01-10T11:08:35.081+0000] {logging_mixin.py:137} INFO - [2023-01-10T11:08:35.081+0000] {dagbag.py:538} INFO - Filling up the DagBag from /home/airflow/.local/lib/python3.7/site-packages/airflow/example_dags/example_task_group.py
[2023-01-10T11:08:35.094+0000] {processor.py:753} INFO - DAG(s) dict_keys(['example_task_group']) retrieved from /home/airflow/.local/lib/python3.7/site-packages/airflow/example_dags/example_task_group.py
[2023-01-10T11:08:35.127+0000] {logging_mixin.py:137} INFO - [2023-01-10T11:08:35.127+0000] {dag.py:2676} INFO - Sync 1 DAGs
[2023-01-10T11:08:35.150+0000] {logging_mixin.py:137} INFO - [2023-01-10T11:08:35.150+0000] {dag.py:3427} INFO - Setting next_dagrun for example_task_group to 2023-01-09T11:08:35.149979+00:00, run_after=2023-01-10T11:08:35.149979+00:00
[2023-01-10T11:08:35.169+0000] {processor.py:175} INFO - Processing /home/airflow/.local/lib/python3.7/site-packages/airflow/example_dags/example_task_group.py took 0.091 seconds
[2023-01-10T11:09:05.392+0000] {processor.py:153} INFO - Started process (PID=2342) to work on /home/airflow/.local/lib/python3.7/site-packages/airflow/example_dags/example_task_group.py
[2023-01-10T11:09:05.393+0000] {processor.py:743} INFO - Processing file /home/airflow/.local/lib/python3.7/site-packages/airflow/example_dags/example_task_group.py for tasks to queue
[2023-01-10T11:09:05.393+0000] {logging_mixin.py:137} INFO - [2023-01-10T11:09:05.393+0000] {dagbag.py:538} INFO - Filling up the DagBag from /home/airflow/.local/lib/python3.7/site-packages/airflow/example_dags/example_task_group.py
[2023-01-10T11:09:05.406+0000] {processor.py:753} INFO - DAG(s) dict_keys(['example_task_group']) retrieved from /home/airflow/.local/lib/python3.7/site-packages/airflow/example_dags/example_task_group.py
[2023-01-10T11:09:05.432+0000] {logging_mixin.py:137} INFO - [2023-01-10T11:09:05.432+0000] {dag.py:2676} INFO - Sync 1 DAGs
[2023-01-10T11:09:05.453+0000] {logging_mixin.py:137} INFO - [2023-01-10T11:09:05.453+0000] {dag.py:3427} INFO - Setting next_dagrun for example_task_group to 2023-01-09T11:09:05.453369+00:00, run_after=2023-01-10T11:09:05.453369+00:00
[2023-01-10T11:09:05.466+0000] {processor.py:175} INFO - Processing /home/airflow/.local/lib/python3.7/site-packages/airflow/example_dags/example_task_group.py took 0.077 seconds
[2023-01-10T11:09:35.733+0000] {processor.py:153} INFO - Started process (PID=2427) to work on /home/airflow/.local/lib/python3.7/site-packages/airflow/example_dags/example_task_group.py
[2023-01-10T11:09:35.734+0000] {processor.py:743} INFO - Processing file /home/airflow/.local/lib/python3.7/site-packages/airflow/example_dags/example_task_group.py for tasks to queue
[2023-01-10T11:09:35.735+0000] {logging_mixin.py:137} INFO - [2023-01-10T11:09:35.735+0000] {dagbag.py:538} INFO - Filling up the DagBag from /home/airflow/.local/lib/python3.7/site-packages/airflow/example_dags/example_task_group.py
[2023-01-10T11:09:35.747+0000] {processor.py:753} INFO - DAG(s) dict_keys(['example_task_group']) retrieved from /home/airflow/.local/lib/python3.7/site-packages/airflow/example_dags/example_task_group.py
[2023-01-10T11:09:35.778+0000] {logging_mixin.py:137} INFO - [2023-01-10T11:09:35.778+0000] {dag.py:2676} INFO - Sync 1 DAGs
[2023-01-10T11:09:35.798+0000] {logging_mixin.py:137} INFO - [2023-01-10T11:09:35.798+0000] {dag.py:3427} INFO - Setting next_dagrun for example_task_group to 2023-01-09T11:09:35.798061+00:00, run_after=2023-01-10T11:09:35.798061+00:00
[2023-01-10T11:09:35.818+0000] {processor.py:175} INFO - Processing /home/airflow/.local/lib/python3.7/site-packages/airflow/example_dags/example_task_group.py took 0.087 seconds
[2023-01-10T11:10:06.750+0000] {processor.py:153} INFO - Started process (PID=2497) to work on /home/airflow/.local/lib/python3.7/site-packages/airflow/example_dags/example_task_group.py
[2023-01-10T11:10:06.750+0000] {processor.py:743} INFO - Processing file /home/airflow/.local/lib/python3.7/site-packages/airflow/example_dags/example_task_group.py for tasks to queue
[2023-01-10T11:10:06.751+0000] {logging_mixin.py:137} INFO - [2023-01-10T11:10:06.751+0000] {dagbag.py:538} INFO - Filling up the DagBag from /home/airflow/.local/lib/python3.7/site-packages/airflow/example_dags/example_task_group.py
[2023-01-10T11:10:06.763+0000] {processor.py:753} INFO - DAG(s) dict_keys(['example_task_group']) retrieved from /home/airflow/.local/lib/python3.7/site-packages/airflow/example_dags/example_task_group.py
[2023-01-10T11:10:06.790+0000] {logging_mixin.py:137} INFO - [2023-01-10T11:10:06.790+0000] {dag.py:2676} INFO - Sync 1 DAGs
[2023-01-10T11:10:06.809+0000] {logging_mixin.py:137} INFO - [2023-01-10T11:10:06.809+0000] {dag.py:3427} INFO - Setting next_dagrun for example_task_group to 2023-01-09T11:10:06.808825+00:00, run_after=2023-01-10T11:10:06.808825+00:00
[2023-01-10T11:10:06.823+0000] {processor.py:175} INFO - Processing /home/airflow/.local/lib/python3.7/site-packages/airflow/example_dags/example_task_group.py took 0.075 seconds
