[2023-01-10T10:54:23.748+0000] {processor.py:153} INFO - Started process (PID=81) to work on /home/airflow/.local/lib/python3.7/site-packages/airflow/example_dags/example_branch_datetime_operator.py
[2023-01-10T10:54:23.748+0000] {processor.py:743} INFO - Processing file /home/airflow/.local/lib/python3.7/site-packages/airflow/example_dags/example_branch_datetime_operator.py for tasks to queue
[2023-01-10T10:54:23.749+0000] {logging_mixin.py:137} INFO - [2023-01-10T10:54:23.749+0000] {dagbag.py:538} INFO - Filling up the DagBag from /home/airflow/.local/lib/python3.7/site-packages/airflow/example_dags/example_branch_datetime_operator.py
[2023-01-10T10:54:23.765+0000] {processor.py:753} INFO - DAG(s) dict_keys(['example_branch_datetime_operator_2', 'example_branch_datetime_operator_3', 'example_branch_datetime_operator']) retrieved from /home/airflow/.local/lib/python3.7/site-packages/airflow/example_dags/example_branch_datetime_operator.py
[2023-01-10T10:54:23.871+0000] {logging_mixin.py:137} INFO - [2023-01-10T10:54:23.871+0000] {manager.py:504} INFO - Created Permission View: can delete on DAG:example_branch_datetime_operator_2
[2023-01-10T10:54:23.882+0000] {logging_mixin.py:137} INFO - [2023-01-10T10:54:23.882+0000] {manager.py:504} INFO - Created Permission View: can read on DAG:example_branch_datetime_operator_2
[2023-01-10T10:54:23.889+0000] {logging_mixin.py:137} INFO - [2023-01-10T10:54:23.889+0000] {manager.py:504} INFO - Created Permission View: can edit on DAG:example_branch_datetime_operator_2
[2023-01-10T10:54:23.903+0000] {logging_mixin.py:137} INFO - [2023-01-10T10:54:23.903+0000] {manager.py:504} INFO - Created Permission View: can delete on DAG:example_branch_datetime_operator_3
[2023-01-10T10:54:23.908+0000] {logging_mixin.py:137} INFO - [2023-01-10T10:54:23.908+0000] {manager.py:504} INFO - Created Permission View: can read on DAG:example_branch_datetime_operator_3
[2023-01-10T10:54:23.913+0000] {logging_mixin.py:137} INFO - [2023-01-10T10:54:23.913+0000] {manager.py:504} INFO - Created Permission View: can edit on DAG:example_branch_datetime_operator_3
[2023-01-10T10:54:23.924+0000] {logging_mixin.py:137} INFO - [2023-01-10T10:54:23.924+0000] {manager.py:504} INFO - Created Permission View: can delete on DAG:example_branch_datetime_operator
[2023-01-10T10:54:23.930+0000] {logging_mixin.py:137} INFO - [2023-01-10T10:54:23.930+0000] {manager.py:504} INFO - Created Permission View: can read on DAG:example_branch_datetime_operator
[2023-01-10T10:54:23.935+0000] {logging_mixin.py:137} INFO - [2023-01-10T10:54:23.934+0000] {manager.py:504} INFO - Created Permission View: can edit on DAG:example_branch_datetime_operator
[2023-01-10T10:54:23.935+0000] {logging_mixin.py:137} INFO - [2023-01-10T10:54:23.935+0000] {dag.py:2676} INFO - Sync 3 DAGs
[2023-01-10T10:54:23.948+0000] {logging_mixin.py:137} INFO - [2023-01-10T10:54:23.948+0000] {dag.py:2697} INFO - Creating ORM DAG for example_branch_datetime_operator_3
[2023-01-10T10:54:23.949+0000] {logging_mixin.py:137} INFO - [2023-01-10T10:54:23.949+0000] {dag.py:2697} INFO - Creating ORM DAG for example_branch_datetime_operator
[2023-01-10T10:54:23.949+0000] {logging_mixin.py:137} INFO - [2023-01-10T10:54:23.949+0000] {dag.py:2697} INFO - Creating ORM DAG for example_branch_datetime_operator_2
[2023-01-10T10:54:23.962+0000] {logging_mixin.py:137} INFO - [2023-01-10T10:54:23.962+0000] {dag.py:3427} INFO - Setting next_dagrun for example_branch_datetime_operator to 2023-01-09T00:00:00+00:00, run_after=2023-01-10T00:00:00+00:00
[2023-01-10T10:54:23.965+0000] {logging_mixin.py:137} INFO - [2023-01-10T10:54:23.964+0000] {dag.py:3427} INFO - Setting next_dagrun for example_branch_datetime_operator_2 to 2023-01-09T00:00:00+00:00, run_after=2023-01-10T00:00:00+00:00
[2023-01-10T10:54:23.966+0000] {logging_mixin.py:137} INFO - [2023-01-10T10:54:23.966+0000] {dag.py:3427} INFO - Setting next_dagrun for example_branch_datetime_operator_3 to 2023-01-09T00:00:00+00:00, run_after=2023-01-10T00:00:00+00:00
[2023-01-10T10:54:23.986+0000] {processor.py:175} INFO - Processing /home/airflow/.local/lib/python3.7/site-packages/airflow/example_dags/example_branch_datetime_operator.py took 0.240 seconds
[2023-01-10T10:54:54.408+0000] {processor.py:153} INFO - Started process (PID=151) to work on /home/airflow/.local/lib/python3.7/site-packages/airflow/example_dags/example_branch_datetime_operator.py
[2023-01-10T10:54:54.408+0000] {processor.py:743} INFO - Processing file /home/airflow/.local/lib/python3.7/site-packages/airflow/example_dags/example_branch_datetime_operator.py for tasks to queue
[2023-01-10T10:54:54.409+0000] {logging_mixin.py:137} INFO - [2023-01-10T10:54:54.408+0000] {dagbag.py:538} INFO - Filling up the DagBag from /home/airflow/.local/lib/python3.7/site-packages/airflow/example_dags/example_branch_datetime_operator.py
[2023-01-10T10:54:54.423+0000] {processor.py:753} INFO - DAG(s) dict_keys(['example_branch_datetime_operator_3', 'example_branch_datetime_operator_2', 'example_branch_datetime_operator']) retrieved from /home/airflow/.local/lib/python3.7/site-packages/airflow/example_dags/example_branch_datetime_operator.py
[2023-01-10T10:54:54.455+0000] {logging_mixin.py:137} INFO - [2023-01-10T10:54:54.454+0000] {dag.py:2676} INFO - Sync 3 DAGs
[2023-01-10T10:54:54.477+0000] {logging_mixin.py:137} INFO - [2023-01-10T10:54:54.476+0000] {dag.py:3427} INFO - Setting next_dagrun for example_branch_datetime_operator to 2023-01-09T00:00:00+00:00, run_after=2023-01-10T00:00:00+00:00
[2023-01-10T10:54:54.480+0000] {logging_mixin.py:137} INFO - [2023-01-10T10:54:54.480+0000] {dag.py:3427} INFO - Setting next_dagrun for example_branch_datetime_operator_2 to 2023-01-09T00:00:00+00:00, run_after=2023-01-10T00:00:00+00:00
[2023-01-10T10:54:54.482+0000] {logging_mixin.py:137} INFO - [2023-01-10T10:54:54.482+0000] {dag.py:3427} INFO - Setting next_dagrun for example_branch_datetime_operator_3 to 2023-01-09T00:00:00+00:00, run_after=2023-01-10T00:00:00+00:00
[2023-01-10T10:54:54.494+0000] {processor.py:175} INFO - Processing /home/airflow/.local/lib/python3.7/site-packages/airflow/example_dags/example_branch_datetime_operator.py took 0.088 seconds
[2023-01-10T10:55:25.072+0000] {processor.py:153} INFO - Started process (PID=238) to work on /home/airflow/.local/lib/python3.7/site-packages/airflow/example_dags/example_branch_datetime_operator.py
[2023-01-10T10:55:25.074+0000] {processor.py:743} INFO - Processing file /home/airflow/.local/lib/python3.7/site-packages/airflow/example_dags/example_branch_datetime_operator.py for tasks to queue
[2023-01-10T10:55:25.074+0000] {logging_mixin.py:137} INFO - [2023-01-10T10:55:25.074+0000] {dagbag.py:538} INFO - Filling up the DagBag from /home/airflow/.local/lib/python3.7/site-packages/airflow/example_dags/example_branch_datetime_operator.py
[2023-01-10T10:55:25.094+0000] {processor.py:753} INFO - DAG(s) dict_keys(['example_branch_datetime_operator_3', 'example_branch_datetime_operator', 'example_branch_datetime_operator_2']) retrieved from /home/airflow/.local/lib/python3.7/site-packages/airflow/example_dags/example_branch_datetime_operator.py
[2023-01-10T10:55:25.147+0000] {logging_mixin.py:137} INFO - [2023-01-10T10:55:25.147+0000] {dag.py:2676} INFO - Sync 3 DAGs
[2023-01-10T10:55:25.179+0000] {logging_mixin.py:137} INFO - [2023-01-10T10:55:25.179+0000] {dag.py:3427} INFO - Setting next_dagrun for example_branch_datetime_operator to 2023-01-09T00:00:00+00:00, run_after=2023-01-10T00:00:00+00:00
[2023-01-10T10:55:25.184+0000] {logging_mixin.py:137} INFO - [2023-01-10T10:55:25.184+0000] {dag.py:3427} INFO - Setting next_dagrun for example_branch_datetime_operator_2 to 2023-01-09T00:00:00+00:00, run_after=2023-01-10T00:00:00+00:00
[2023-01-10T10:55:25.187+0000] {logging_mixin.py:137} INFO - [2023-01-10T10:55:25.187+0000] {dag.py:3427} INFO - Setting next_dagrun for example_branch_datetime_operator_3 to 2023-01-09T00:00:00+00:00, run_after=2023-01-10T00:00:00+00:00
[2023-01-10T10:55:25.207+0000] {processor.py:175} INFO - Processing /home/airflow/.local/lib/python3.7/site-packages/airflow/example_dags/example_branch_datetime_operator.py took 0.138 seconds
[2023-01-10T10:55:56.200+0000] {processor.py:153} INFO - Started process (PID=309) to work on /home/airflow/.local/lib/python3.7/site-packages/airflow/example_dags/example_branch_datetime_operator.py
[2023-01-10T10:55:56.201+0000] {processor.py:743} INFO - Processing file /home/airflow/.local/lib/python3.7/site-packages/airflow/example_dags/example_branch_datetime_operator.py for tasks to queue
[2023-01-10T10:55:56.202+0000] {logging_mixin.py:137} INFO - [2023-01-10T10:55:56.201+0000] {dagbag.py:538} INFO - Filling up the DagBag from /home/airflow/.local/lib/python3.7/site-packages/airflow/example_dags/example_branch_datetime_operator.py
[2023-01-10T10:55:56.215+0000] {processor.py:753} INFO - DAG(s) dict_keys(['example_branch_datetime_operator', 'example_branch_datetime_operator_2', 'example_branch_datetime_operator_3']) retrieved from /home/airflow/.local/lib/python3.7/site-packages/airflow/example_dags/example_branch_datetime_operator.py
[2023-01-10T10:55:56.248+0000] {logging_mixin.py:137} INFO - [2023-01-10T10:55:56.248+0000] {dag.py:2676} INFO - Sync 3 DAGs
[2023-01-10T10:55:56.270+0000] {logging_mixin.py:137} INFO - [2023-01-10T10:55:56.269+0000] {dag.py:3427} INFO - Setting next_dagrun for example_branch_datetime_operator to 2023-01-09T00:00:00+00:00, run_after=2023-01-10T00:00:00+00:00
[2023-01-10T10:55:56.273+0000] {logging_mixin.py:137} INFO - [2023-01-10T10:55:56.273+0000] {dag.py:3427} INFO - Setting next_dagrun for example_branch_datetime_operator_2 to 2023-01-09T00:00:00+00:00, run_after=2023-01-10T00:00:00+00:00
[2023-01-10T10:55:56.275+0000] {logging_mixin.py:137} INFO - [2023-01-10T10:55:56.275+0000] {dag.py:3427} INFO - Setting next_dagrun for example_branch_datetime_operator_3 to 2023-01-09T00:00:00+00:00, run_after=2023-01-10T00:00:00+00:00
[2023-01-10T10:55:56.287+0000] {processor.py:175} INFO - Processing /home/airflow/.local/lib/python3.7/site-packages/airflow/example_dags/example_branch_datetime_operator.py took 0.090 seconds
[2023-01-10T10:56:26.355+0000] {processor.py:153} INFO - Started process (PID=395) to work on /home/airflow/.local/lib/python3.7/site-packages/airflow/example_dags/example_branch_datetime_operator.py
[2023-01-10T10:56:26.365+0000] {processor.py:743} INFO - Processing file /home/airflow/.local/lib/python3.7/site-packages/airflow/example_dags/example_branch_datetime_operator.py for tasks to queue
[2023-01-10T10:56:26.365+0000] {logging_mixin.py:137} INFO - [2023-01-10T10:56:26.365+0000] {dagbag.py:538} INFO - Filling up the DagBag from /home/airflow/.local/lib/python3.7/site-packages/airflow/example_dags/example_branch_datetime_operator.py
[2023-01-10T10:56:26.378+0000] {processor.py:753} INFO - DAG(s) dict_keys(['example_branch_datetime_operator_3', 'example_branch_datetime_operator', 'example_branch_datetime_operator_2']) retrieved from /home/airflow/.local/lib/python3.7/site-packages/airflow/example_dags/example_branch_datetime_operator.py
[2023-01-10T10:56:26.413+0000] {logging_mixin.py:137} INFO - [2023-01-10T10:56:26.413+0000] {dag.py:2676} INFO - Sync 3 DAGs
[2023-01-10T10:56:26.434+0000] {logging_mixin.py:137} INFO - [2023-01-10T10:56:26.434+0000] {dag.py:3427} INFO - Setting next_dagrun for example_branch_datetime_operator to 2023-01-09T00:00:00+00:00, run_after=2023-01-10T00:00:00+00:00
[2023-01-10T10:56:26.438+0000] {logging_mixin.py:137} INFO - [2023-01-10T10:56:26.437+0000] {dag.py:3427} INFO - Setting next_dagrun for example_branch_datetime_operator_2 to 2023-01-09T00:00:00+00:00, run_after=2023-01-10T00:00:00+00:00
[2023-01-10T10:56:26.439+0000] {logging_mixin.py:137} INFO - [2023-01-10T10:56:26.439+0000] {dag.py:3427} INFO - Setting next_dagrun for example_branch_datetime_operator_3 to 2023-01-09T00:00:00+00:00, run_after=2023-01-10T00:00:00+00:00
[2023-01-10T10:56:26.453+0000] {processor.py:175} INFO - Processing /home/airflow/.local/lib/python3.7/site-packages/airflow/example_dags/example_branch_datetime_operator.py took 0.100 seconds
[2023-01-10T10:56:57.359+0000] {processor.py:153} INFO - Started process (PID=465) to work on /home/airflow/.local/lib/python3.7/site-packages/airflow/example_dags/example_branch_datetime_operator.py
[2023-01-10T10:56:57.370+0000] {processor.py:743} INFO - Processing file /home/airflow/.local/lib/python3.7/site-packages/airflow/example_dags/example_branch_datetime_operator.py for tasks to queue
[2023-01-10T10:56:57.371+0000] {logging_mixin.py:137} INFO - [2023-01-10T10:56:57.371+0000] {dagbag.py:538} INFO - Filling up the DagBag from /home/airflow/.local/lib/python3.7/site-packages/airflow/example_dags/example_branch_datetime_operator.py
[2023-01-10T10:56:57.386+0000] {processor.py:753} INFO - DAG(s) dict_keys(['example_branch_datetime_operator_2', 'example_branch_datetime_operator', 'example_branch_datetime_operator_3']) retrieved from /home/airflow/.local/lib/python3.7/site-packages/airflow/example_dags/example_branch_datetime_operator.py
[2023-01-10T10:56:57.425+0000] {logging_mixin.py:137} INFO - [2023-01-10T10:56:57.425+0000] {dag.py:2676} INFO - Sync 3 DAGs
[2023-01-10T10:56:57.456+0000] {logging_mixin.py:137} INFO - [2023-01-10T10:56:57.455+0000] {dag.py:3427} INFO - Setting next_dagrun for example_branch_datetime_operator to 2023-01-09T00:00:00+00:00, run_after=2023-01-10T00:00:00+00:00
[2023-01-10T10:56:57.459+0000] {logging_mixin.py:137} INFO - [2023-01-10T10:56:57.459+0000] {dag.py:3427} INFO - Setting next_dagrun for example_branch_datetime_operator_2 to 2023-01-09T00:00:00+00:00, run_after=2023-01-10T00:00:00+00:00
[2023-01-10T10:56:57.461+0000] {logging_mixin.py:137} INFO - [2023-01-10T10:56:57.461+0000] {dag.py:3427} INFO - Setting next_dagrun for example_branch_datetime_operator_3 to 2023-01-09T00:00:00+00:00, run_after=2023-01-10T00:00:00+00:00
[2023-01-10T10:56:57.477+0000] {processor.py:175} INFO - Processing /home/airflow/.local/lib/python3.7/site-packages/airflow/example_dags/example_branch_datetime_operator.py took 0.120 seconds
[2023-01-10T10:57:27.648+0000] {processor.py:153} INFO - Started process (PID=551) to work on /home/airflow/.local/lib/python3.7/site-packages/airflow/example_dags/example_branch_datetime_operator.py
[2023-01-10T10:57:27.648+0000] {processor.py:743} INFO - Processing file /home/airflow/.local/lib/python3.7/site-packages/airflow/example_dags/example_branch_datetime_operator.py for tasks to queue
[2023-01-10T10:57:27.649+0000] {logging_mixin.py:137} INFO - [2023-01-10T10:57:27.649+0000] {dagbag.py:538} INFO - Filling up the DagBag from /home/airflow/.local/lib/python3.7/site-packages/airflow/example_dags/example_branch_datetime_operator.py
[2023-01-10T10:57:27.663+0000] {processor.py:753} INFO - DAG(s) dict_keys(['example_branch_datetime_operator_3', 'example_branch_datetime_operator', 'example_branch_datetime_operator_2']) retrieved from /home/airflow/.local/lib/python3.7/site-packages/airflow/example_dags/example_branch_datetime_operator.py
[2023-01-10T10:57:27.703+0000] {logging_mixin.py:137} INFO - [2023-01-10T10:57:27.702+0000] {dag.py:2676} INFO - Sync 3 DAGs
[2023-01-10T10:57:27.725+0000] {logging_mixin.py:137} INFO - [2023-01-10T10:57:27.724+0000] {dag.py:3427} INFO - Setting next_dagrun for example_branch_datetime_operator to 2023-01-09T00:00:00+00:00, run_after=2023-01-10T00:00:00+00:00
[2023-01-10T10:57:27.728+0000] {logging_mixin.py:137} INFO - [2023-01-10T10:57:27.728+0000] {dag.py:3427} INFO - Setting next_dagrun for example_branch_datetime_operator_2 to 2023-01-09T00:00:00+00:00, run_after=2023-01-10T00:00:00+00:00
[2023-01-10T10:57:27.730+0000] {logging_mixin.py:137} INFO - [2023-01-10T10:57:27.730+0000] {dag.py:3427} INFO - Setting next_dagrun for example_branch_datetime_operator_3 to 2023-01-09T00:00:00+00:00, run_after=2023-01-10T00:00:00+00:00
[2023-01-10T10:57:27.744+0000] {processor.py:175} INFO - Processing /home/airflow/.local/lib/python3.7/site-packages/airflow/example_dags/example_branch_datetime_operator.py took 0.098 seconds
[2023-01-10T10:57:58.632+0000] {processor.py:153} INFO - Started process (PID=621) to work on /home/airflow/.local/lib/python3.7/site-packages/airflow/example_dags/example_branch_datetime_operator.py
[2023-01-10T10:57:58.632+0000] {processor.py:743} INFO - Processing file /home/airflow/.local/lib/python3.7/site-packages/airflow/example_dags/example_branch_datetime_operator.py for tasks to queue
[2023-01-10T10:57:58.633+0000] {logging_mixin.py:137} INFO - [2023-01-10T10:57:58.633+0000] {dagbag.py:538} INFO - Filling up the DagBag from /home/airflow/.local/lib/python3.7/site-packages/airflow/example_dags/example_branch_datetime_operator.py
[2023-01-10T10:57:58.648+0000] {processor.py:753} INFO - DAG(s) dict_keys(['example_branch_datetime_operator_2', 'example_branch_datetime_operator', 'example_branch_datetime_operator_3']) retrieved from /home/airflow/.local/lib/python3.7/site-packages/airflow/example_dags/example_branch_datetime_operator.py
[2023-01-10T10:57:58.683+0000] {logging_mixin.py:137} INFO - [2023-01-10T10:57:58.683+0000] {dag.py:2676} INFO - Sync 3 DAGs
[2023-01-10T10:57:58.706+0000] {logging_mixin.py:137} INFO - [2023-01-10T10:57:58.706+0000] {dag.py:3427} INFO - Setting next_dagrun for example_branch_datetime_operator to 2023-01-09T00:00:00+00:00, run_after=2023-01-10T00:00:00+00:00
[2023-01-10T10:57:58.710+0000] {logging_mixin.py:137} INFO - [2023-01-10T10:57:58.710+0000] {dag.py:3427} INFO - Setting next_dagrun for example_branch_datetime_operator_2 to 2023-01-09T00:00:00+00:00, run_after=2023-01-10T00:00:00+00:00
[2023-01-10T10:57:58.712+0000] {logging_mixin.py:137} INFO - [2023-01-10T10:57:58.712+0000] {dag.py:3427} INFO - Setting next_dagrun for example_branch_datetime_operator_3 to 2023-01-09T00:00:00+00:00, run_after=2023-01-10T00:00:00+00:00
[2023-01-10T10:57:58.724+0000] {processor.py:175} INFO - Processing /home/airflow/.local/lib/python3.7/site-packages/airflow/example_dags/example_branch_datetime_operator.py took 0.095 seconds
[2023-01-10T10:58:29.623+0000] {processor.py:153} INFO - Started process (PID=707) to work on /home/airflow/.local/lib/python3.7/site-packages/airflow/example_dags/example_branch_datetime_operator.py
[2023-01-10T10:58:29.634+0000] {processor.py:743} INFO - Processing file /home/airflow/.local/lib/python3.7/site-packages/airflow/example_dags/example_branch_datetime_operator.py for tasks to queue
[2023-01-10T10:58:29.634+0000] {logging_mixin.py:137} INFO - [2023-01-10T10:58:29.634+0000] {dagbag.py:538} INFO - Filling up the DagBag from /home/airflow/.local/lib/python3.7/site-packages/airflow/example_dags/example_branch_datetime_operator.py
[2023-01-10T10:58:29.647+0000] {processor.py:753} INFO - DAG(s) dict_keys(['example_branch_datetime_operator', 'example_branch_datetime_operator_3', 'example_branch_datetime_operator_2']) retrieved from /home/airflow/.local/lib/python3.7/site-packages/airflow/example_dags/example_branch_datetime_operator.py
[2023-01-10T10:58:29.680+0000] {logging_mixin.py:137} INFO - [2023-01-10T10:58:29.680+0000] {dag.py:2676} INFO - Sync 3 DAGs
[2023-01-10T10:58:29.700+0000] {logging_mixin.py:137} INFO - [2023-01-10T10:58:29.700+0000] {dag.py:3427} INFO - Setting next_dagrun for example_branch_datetime_operator to 2023-01-09T00:00:00+00:00, run_after=2023-01-10T00:00:00+00:00
[2023-01-10T10:58:29.704+0000] {logging_mixin.py:137} INFO - [2023-01-10T10:58:29.704+0000] {dag.py:3427} INFO - Setting next_dagrun for example_branch_datetime_operator_2 to 2023-01-09T00:00:00+00:00, run_after=2023-01-10T00:00:00+00:00
[2023-01-10T10:58:29.705+0000] {logging_mixin.py:137} INFO - [2023-01-10T10:58:29.705+0000] {dag.py:3427} INFO - Setting next_dagrun for example_branch_datetime_operator_3 to 2023-01-09T00:00:00+00:00, run_after=2023-01-10T00:00:00+00:00
[2023-01-10T10:58:29.718+0000] {processor.py:175} INFO - Processing /home/airflow/.local/lib/python3.7/site-packages/airflow/example_dags/example_branch_datetime_operator.py took 0.097 seconds
[2023-01-10T10:58:59.816+0000] {processor.py:153} INFO - Started process (PID=785) to work on /home/airflow/.local/lib/python3.7/site-packages/airflow/example_dags/example_branch_datetime_operator.py
[2023-01-10T10:58:59.817+0000] {processor.py:743} INFO - Processing file /home/airflow/.local/lib/python3.7/site-packages/airflow/example_dags/example_branch_datetime_operator.py for tasks to queue
[2023-01-10T10:58:59.817+0000] {logging_mixin.py:137} INFO - [2023-01-10T10:58:59.817+0000] {dagbag.py:538} INFO - Filling up the DagBag from /home/airflow/.local/lib/python3.7/site-packages/airflow/example_dags/example_branch_datetime_operator.py
[2023-01-10T10:58:59.834+0000] {processor.py:753} INFO - DAG(s) dict_keys(['example_branch_datetime_operator', 'example_branch_datetime_operator_3', 'example_branch_datetime_operator_2']) retrieved from /home/airflow/.local/lib/python3.7/site-packages/airflow/example_dags/example_branch_datetime_operator.py
[2023-01-10T10:58:59.873+0000] {logging_mixin.py:137} INFO - [2023-01-10T10:58:59.872+0000] {dag.py:2676} INFO - Sync 3 DAGs
[2023-01-10T10:58:59.907+0000] {logging_mixin.py:137} INFO - [2023-01-10T10:58:59.907+0000] {dag.py:3427} INFO - Setting next_dagrun for example_branch_datetime_operator to 2023-01-09T00:00:00+00:00, run_after=2023-01-10T00:00:00+00:00
[2023-01-10T10:58:59.912+0000] {logging_mixin.py:137} INFO - [2023-01-10T10:58:59.912+0000] {dag.py:3427} INFO - Setting next_dagrun for example_branch_datetime_operator_2 to 2023-01-09T00:00:00+00:00, run_after=2023-01-10T00:00:00+00:00
[2023-01-10T10:58:59.915+0000] {logging_mixin.py:137} INFO - [2023-01-10T10:58:59.915+0000] {dag.py:3427} INFO - Setting next_dagrun for example_branch_datetime_operator_3 to 2023-01-09T00:00:00+00:00, run_after=2023-01-10T00:00:00+00:00
[2023-01-10T10:58:59.933+0000] {processor.py:175} INFO - Processing /home/airflow/.local/lib/python3.7/site-packages/airflow/example_dags/example_branch_datetime_operator.py took 0.120 seconds
[2023-01-10T10:59:30.151+0000] {processor.py:153} INFO - Started process (PID=862) to work on /home/airflow/.local/lib/python3.7/site-packages/airflow/example_dags/example_branch_datetime_operator.py
[2023-01-10T10:59:30.151+0000] {processor.py:743} INFO - Processing file /home/airflow/.local/lib/python3.7/site-packages/airflow/example_dags/example_branch_datetime_operator.py for tasks to queue
[2023-01-10T10:59:30.152+0000] {logging_mixin.py:137} INFO - [2023-01-10T10:59:30.152+0000] {dagbag.py:538} INFO - Filling up the DagBag from /home/airflow/.local/lib/python3.7/site-packages/airflow/example_dags/example_branch_datetime_operator.py
[2023-01-10T10:59:30.165+0000] {processor.py:753} INFO - DAG(s) dict_keys(['example_branch_datetime_operator_2', 'example_branch_datetime_operator', 'example_branch_datetime_operator_3']) retrieved from /home/airflow/.local/lib/python3.7/site-packages/airflow/example_dags/example_branch_datetime_operator.py
[2023-01-10T10:59:30.198+0000] {logging_mixin.py:137} INFO - [2023-01-10T10:59:30.197+0000] {dag.py:2676} INFO - Sync 3 DAGs
[2023-01-10T10:59:30.218+0000] {logging_mixin.py:137} INFO - [2023-01-10T10:59:30.218+0000] {dag.py:3427} INFO - Setting next_dagrun for example_branch_datetime_operator to 2023-01-09T00:00:00+00:00, run_after=2023-01-10T00:00:00+00:00
[2023-01-10T10:59:30.221+0000] {logging_mixin.py:137} INFO - [2023-01-10T10:59:30.221+0000] {dag.py:3427} INFO - Setting next_dagrun for example_branch_datetime_operator_2 to 2023-01-09T00:00:00+00:00, run_after=2023-01-10T00:00:00+00:00
[2023-01-10T10:59:30.223+0000] {logging_mixin.py:137} INFO - [2023-01-10T10:59:30.223+0000] {dag.py:3427} INFO - Setting next_dagrun for example_branch_datetime_operator_3 to 2023-01-09T00:00:00+00:00, run_after=2023-01-10T00:00:00+00:00
[2023-01-10T10:59:30.235+0000] {processor.py:175} INFO - Processing /home/airflow/.local/lib/python3.7/site-packages/airflow/example_dags/example_branch_datetime_operator.py took 0.086 seconds
[2023-01-10T11:00:00.318+0000] {processor.py:153} INFO - Started process (PID=949) to work on /home/airflow/.local/lib/python3.7/site-packages/airflow/example_dags/example_branch_datetime_operator.py
[2023-01-10T11:00:00.318+0000] {processor.py:743} INFO - Processing file /home/airflow/.local/lib/python3.7/site-packages/airflow/example_dags/example_branch_datetime_operator.py for tasks to queue
[2023-01-10T11:00:00.319+0000] {logging_mixin.py:137} INFO - [2023-01-10T11:00:00.319+0000] {dagbag.py:538} INFO - Filling up the DagBag from /home/airflow/.local/lib/python3.7/site-packages/airflow/example_dags/example_branch_datetime_operator.py
[2023-01-10T11:00:00.337+0000] {processor.py:753} INFO - DAG(s) dict_keys(['example_branch_datetime_operator_2', 'example_branch_datetime_operator_3', 'example_branch_datetime_operator']) retrieved from /home/airflow/.local/lib/python3.7/site-packages/airflow/example_dags/example_branch_datetime_operator.py
[2023-01-10T11:00:00.382+0000] {logging_mixin.py:137} INFO - [2023-01-10T11:00:00.382+0000] {dag.py:2676} INFO - Sync 3 DAGs
[2023-01-10T11:00:00.410+0000] {logging_mixin.py:137} INFO - [2023-01-10T11:00:00.410+0000] {dag.py:3427} INFO - Setting next_dagrun for example_branch_datetime_operator to 2023-01-09T00:00:00+00:00, run_after=2023-01-10T00:00:00+00:00
[2023-01-10T11:00:00.415+0000] {logging_mixin.py:137} INFO - [2023-01-10T11:00:00.414+0000] {dag.py:3427} INFO - Setting next_dagrun for example_branch_datetime_operator_2 to 2023-01-09T00:00:00+00:00, run_after=2023-01-10T00:00:00+00:00
[2023-01-10T11:00:00.417+0000] {logging_mixin.py:137} INFO - [2023-01-10T11:00:00.417+0000] {dag.py:3427} INFO - Setting next_dagrun for example_branch_datetime_operator_3 to 2023-01-09T00:00:00+00:00, run_after=2023-01-10T00:00:00+00:00
[2023-01-10T11:00:00.432+0000] {processor.py:175} INFO - Processing /home/airflow/.local/lib/python3.7/site-packages/airflow/example_dags/example_branch_datetime_operator.py took 0.117 seconds
[2023-01-10T11:00:30.524+0000] {processor.py:153} INFO - Started process (PID=1019) to work on /home/airflow/.local/lib/python3.7/site-packages/airflow/example_dags/example_branch_datetime_operator.py
[2023-01-10T11:00:30.525+0000] {processor.py:743} INFO - Processing file /home/airflow/.local/lib/python3.7/site-packages/airflow/example_dags/example_branch_datetime_operator.py for tasks to queue
[2023-01-10T11:00:30.525+0000] {logging_mixin.py:137} INFO - [2023-01-10T11:00:30.525+0000] {dagbag.py:538} INFO - Filling up the DagBag from /home/airflow/.local/lib/python3.7/site-packages/airflow/example_dags/example_branch_datetime_operator.py
[2023-01-10T11:00:30.542+0000] {processor.py:753} INFO - DAG(s) dict_keys(['example_branch_datetime_operator_2', 'example_branch_datetime_operator_3', 'example_branch_datetime_operator']) retrieved from /home/airflow/.local/lib/python3.7/site-packages/airflow/example_dags/example_branch_datetime_operator.py
[2023-01-10T11:00:30.574+0000] {logging_mixin.py:137} INFO - [2023-01-10T11:00:30.574+0000] {dag.py:2676} INFO - Sync 3 DAGs
[2023-01-10T11:00:30.595+0000] {logging_mixin.py:137} INFO - [2023-01-10T11:00:30.595+0000] {dag.py:3427} INFO - Setting next_dagrun for example_branch_datetime_operator to 2023-01-09T00:00:00+00:00, run_after=2023-01-10T00:00:00+00:00
[2023-01-10T11:00:30.599+0000] {logging_mixin.py:137} INFO - [2023-01-10T11:00:30.599+0000] {dag.py:3427} INFO - Setting next_dagrun for example_branch_datetime_operator_2 to 2023-01-09T00:00:00+00:00, run_after=2023-01-10T00:00:00+00:00
[2023-01-10T11:00:30.602+0000] {logging_mixin.py:137} INFO - [2023-01-10T11:00:30.602+0000] {dag.py:3427} INFO - Setting next_dagrun for example_branch_datetime_operator_3 to 2023-01-09T00:00:00+00:00, run_after=2023-01-10T00:00:00+00:00
[2023-01-10T11:00:30.619+0000] {processor.py:175} INFO - Processing /home/airflow/.local/lib/python3.7/site-packages/airflow/example_dags/example_branch_datetime_operator.py took 0.097 seconds
[2023-01-10T11:01:00.719+0000] {processor.py:153} INFO - Started process (PID=1105) to work on /home/airflow/.local/lib/python3.7/site-packages/airflow/example_dags/example_branch_datetime_operator.py
[2023-01-10T11:01:00.720+0000] {processor.py:743} INFO - Processing file /home/airflow/.local/lib/python3.7/site-packages/airflow/example_dags/example_branch_datetime_operator.py for tasks to queue
[2023-01-10T11:01:00.720+0000] {logging_mixin.py:137} INFO - [2023-01-10T11:01:00.720+0000] {dagbag.py:538} INFO - Filling up the DagBag from /home/airflow/.local/lib/python3.7/site-packages/airflow/example_dags/example_branch_datetime_operator.py
[2023-01-10T11:01:00.736+0000] {processor.py:753} INFO - DAG(s) dict_keys(['example_branch_datetime_operator', 'example_branch_datetime_operator_2', 'example_branch_datetime_operator_3']) retrieved from /home/airflow/.local/lib/python3.7/site-packages/airflow/example_dags/example_branch_datetime_operator.py
[2023-01-10T11:01:00.769+0000] {logging_mixin.py:137} INFO - [2023-01-10T11:01:00.769+0000] {dag.py:2676} INFO - Sync 3 DAGs
[2023-01-10T11:01:00.791+0000] {logging_mixin.py:137} INFO - [2023-01-10T11:01:00.791+0000] {dag.py:3427} INFO - Setting next_dagrun for example_branch_datetime_operator to 2023-01-09T00:00:00+00:00, run_after=2023-01-10T00:00:00+00:00
[2023-01-10T11:01:00.795+0000] {logging_mixin.py:137} INFO - [2023-01-10T11:01:00.795+0000] {dag.py:3427} INFO - Setting next_dagrun for example_branch_datetime_operator_2 to 2023-01-09T00:00:00+00:00, run_after=2023-01-10T00:00:00+00:00
[2023-01-10T11:01:00.797+0000] {logging_mixin.py:137} INFO - [2023-01-10T11:01:00.797+0000] {dag.py:3427} INFO - Setting next_dagrun for example_branch_datetime_operator_3 to 2023-01-09T00:00:00+00:00, run_after=2023-01-10T00:00:00+00:00
[2023-01-10T11:01:00.810+0000] {processor.py:175} INFO - Processing /home/airflow/.local/lib/python3.7/site-packages/airflow/example_dags/example_branch_datetime_operator.py took 0.093 seconds
[2023-01-10T11:01:30.893+0000] {processor.py:153} INFO - Started process (PID=1175) to work on /home/airflow/.local/lib/python3.7/site-packages/airflow/example_dags/example_branch_datetime_operator.py
[2023-01-10T11:01:30.893+0000] {processor.py:743} INFO - Processing file /home/airflow/.local/lib/python3.7/site-packages/airflow/example_dags/example_branch_datetime_operator.py for tasks to queue
[2023-01-10T11:01:30.893+0000] {logging_mixin.py:137} INFO - [2023-01-10T11:01:30.893+0000] {dagbag.py:538} INFO - Filling up the DagBag from /home/airflow/.local/lib/python3.7/site-packages/airflow/example_dags/example_branch_datetime_operator.py
[2023-01-10T11:01:30.906+0000] {processor.py:753} INFO - DAG(s) dict_keys(['example_branch_datetime_operator_2', 'example_branch_datetime_operator', 'example_branch_datetime_operator_3']) retrieved from /home/airflow/.local/lib/python3.7/site-packages/airflow/example_dags/example_branch_datetime_operator.py
[2023-01-10T11:01:30.937+0000] {logging_mixin.py:137} INFO - [2023-01-10T11:01:30.937+0000] {dag.py:2676} INFO - Sync 3 DAGs
[2023-01-10T11:01:30.957+0000] {logging_mixin.py:137} INFO - [2023-01-10T11:01:30.957+0000] {dag.py:3427} INFO - Setting next_dagrun for example_branch_datetime_operator to 2023-01-09T00:00:00+00:00, run_after=2023-01-10T00:00:00+00:00
[2023-01-10T11:01:30.960+0000] {logging_mixin.py:137} INFO - [2023-01-10T11:01:30.960+0000] {dag.py:3427} INFO - Setting next_dagrun for example_branch_datetime_operator_2 to 2023-01-09T00:00:00+00:00, run_after=2023-01-10T00:00:00+00:00
[2023-01-10T11:01:30.962+0000] {logging_mixin.py:137} INFO - [2023-01-10T11:01:30.962+0000] {dag.py:3427} INFO - Setting next_dagrun for example_branch_datetime_operator_3 to 2023-01-09T00:00:00+00:00, run_after=2023-01-10T00:00:00+00:00
[2023-01-10T11:01:30.975+0000] {processor.py:175} INFO - Processing /home/airflow/.local/lib/python3.7/site-packages/airflow/example_dags/example_branch_datetime_operator.py took 0.084 seconds
[2023-01-10T11:02:01.330+0000] {processor.py:153} INFO - Started process (PID=1262) to work on /home/airflow/.local/lib/python3.7/site-packages/airflow/example_dags/example_branch_datetime_operator.py
[2023-01-10T11:02:01.330+0000] {processor.py:743} INFO - Processing file /home/airflow/.local/lib/python3.7/site-packages/airflow/example_dags/example_branch_datetime_operator.py for tasks to queue
[2023-01-10T11:02:01.331+0000] {logging_mixin.py:137} INFO - [2023-01-10T11:02:01.331+0000] {dagbag.py:538} INFO - Filling up the DagBag from /home/airflow/.local/lib/python3.7/site-packages/airflow/example_dags/example_branch_datetime_operator.py
[2023-01-10T11:02:01.345+0000] {processor.py:753} INFO - DAG(s) dict_keys(['example_branch_datetime_operator_3', 'example_branch_datetime_operator_2', 'example_branch_datetime_operator']) retrieved from /home/airflow/.local/lib/python3.7/site-packages/airflow/example_dags/example_branch_datetime_operator.py
[2023-01-10T11:02:01.381+0000] {logging_mixin.py:137} INFO - [2023-01-10T11:02:01.381+0000] {dag.py:2676} INFO - Sync 3 DAGs
[2023-01-10T11:02:01.402+0000] {logging_mixin.py:137} INFO - [2023-01-10T11:02:01.402+0000] {dag.py:3427} INFO - Setting next_dagrun for example_branch_datetime_operator to 2023-01-09T00:00:00+00:00, run_after=2023-01-10T00:00:00+00:00
[2023-01-10T11:02:01.405+0000] {logging_mixin.py:137} INFO - [2023-01-10T11:02:01.405+0000] {dag.py:3427} INFO - Setting next_dagrun for example_branch_datetime_operator_2 to 2023-01-09T00:00:00+00:00, run_after=2023-01-10T00:00:00+00:00
[2023-01-10T11:02:01.408+0000] {logging_mixin.py:137} INFO - [2023-01-10T11:02:01.407+0000] {dag.py:3427} INFO - Setting next_dagrun for example_branch_datetime_operator_3 to 2023-01-09T00:00:00+00:00, run_after=2023-01-10T00:00:00+00:00
[2023-01-10T11:02:01.420+0000] {processor.py:175} INFO - Processing /home/airflow/.local/lib/python3.7/site-packages/airflow/example_dags/example_branch_datetime_operator.py took 0.093 seconds
[2023-01-10T11:02:32.288+0000] {processor.py:153} INFO - Started process (PID=1332) to work on /home/airflow/.local/lib/python3.7/site-packages/airflow/example_dags/example_branch_datetime_operator.py
[2023-01-10T11:02:32.289+0000] {processor.py:743} INFO - Processing file /home/airflow/.local/lib/python3.7/site-packages/airflow/example_dags/example_branch_datetime_operator.py for tasks to queue
[2023-01-10T11:02:32.289+0000] {logging_mixin.py:137} INFO - [2023-01-10T11:02:32.289+0000] {dagbag.py:538} INFO - Filling up the DagBag from /home/airflow/.local/lib/python3.7/site-packages/airflow/example_dags/example_branch_datetime_operator.py
[2023-01-10T11:02:32.303+0000] {processor.py:753} INFO - DAG(s) dict_keys(['example_branch_datetime_operator', 'example_branch_datetime_operator_2', 'example_branch_datetime_operator_3']) retrieved from /home/airflow/.local/lib/python3.7/site-packages/airflow/example_dags/example_branch_datetime_operator.py
[2023-01-10T11:02:32.340+0000] {logging_mixin.py:137} INFO - [2023-01-10T11:02:32.339+0000] {dag.py:2676} INFO - Sync 3 DAGs
[2023-01-10T11:02:32.366+0000] {logging_mixin.py:137} INFO - [2023-01-10T11:02:32.366+0000] {dag.py:3427} INFO - Setting next_dagrun for example_branch_datetime_operator to 2023-01-09T00:00:00+00:00, run_after=2023-01-10T00:00:00+00:00
[2023-01-10T11:02:32.370+0000] {logging_mixin.py:137} INFO - [2023-01-10T11:02:32.370+0000] {dag.py:3427} INFO - Setting next_dagrun for example_branch_datetime_operator_2 to 2023-01-09T00:00:00+00:00, run_after=2023-01-10T00:00:00+00:00
[2023-01-10T11:02:32.372+0000] {logging_mixin.py:137} INFO - [2023-01-10T11:02:32.372+0000] {dag.py:3427} INFO - Setting next_dagrun for example_branch_datetime_operator_3 to 2023-01-09T00:00:00+00:00, run_after=2023-01-10T00:00:00+00:00
[2023-01-10T11:02:32.388+0000] {processor.py:175} INFO - Processing /home/airflow/.local/lib/python3.7/site-packages/airflow/example_dags/example_branch_datetime_operator.py took 0.102 seconds
[2023-01-10T11:03:02.490+0000] {processor.py:153} INFO - Started process (PID=1418) to work on /home/airflow/.local/lib/python3.7/site-packages/airflow/example_dags/example_branch_datetime_operator.py
[2023-01-10T11:03:02.490+0000] {processor.py:743} INFO - Processing file /home/airflow/.local/lib/python3.7/site-packages/airflow/example_dags/example_branch_datetime_operator.py for tasks to queue
[2023-01-10T11:03:02.491+0000] {logging_mixin.py:137} INFO - [2023-01-10T11:03:02.491+0000] {dagbag.py:538} INFO - Filling up the DagBag from /home/airflow/.local/lib/python3.7/site-packages/airflow/example_dags/example_branch_datetime_operator.py
[2023-01-10T11:03:02.505+0000] {processor.py:753} INFO - DAG(s) dict_keys(['example_branch_datetime_operator_3', 'example_branch_datetime_operator_2', 'example_branch_datetime_operator']) retrieved from /home/airflow/.local/lib/python3.7/site-packages/airflow/example_dags/example_branch_datetime_operator.py
[2023-01-10T11:03:02.539+0000] {logging_mixin.py:137} INFO - [2023-01-10T11:03:02.538+0000] {dag.py:2676} INFO - Sync 3 DAGs
[2023-01-10T11:03:02.563+0000] {logging_mixin.py:137} INFO - [2023-01-10T11:03:02.563+0000] {dag.py:3427} INFO - Setting next_dagrun for example_branch_datetime_operator to 2023-01-09T00:00:00+00:00, run_after=2023-01-10T00:00:00+00:00
[2023-01-10T11:03:02.567+0000] {logging_mixin.py:137} INFO - [2023-01-10T11:03:02.567+0000] {dag.py:3427} INFO - Setting next_dagrun for example_branch_datetime_operator_2 to 2023-01-09T00:00:00+00:00, run_after=2023-01-10T00:00:00+00:00
[2023-01-10T11:03:02.569+0000] {logging_mixin.py:137} INFO - [2023-01-10T11:03:02.569+0000] {dag.py:3427} INFO - Setting next_dagrun for example_branch_datetime_operator_3 to 2023-01-09T00:00:00+00:00, run_after=2023-01-10T00:00:00+00:00
[2023-01-10T11:03:02.582+0000] {processor.py:175} INFO - Processing /home/airflow/.local/lib/python3.7/site-packages/airflow/example_dags/example_branch_datetime_operator.py took 0.095 seconds
[2023-01-10T11:03:33.532+0000] {processor.py:153} INFO - Started process (PID=1489) to work on /home/airflow/.local/lib/python3.7/site-packages/airflow/example_dags/example_branch_datetime_operator.py
[2023-01-10T11:03:33.533+0000] {processor.py:743} INFO - Processing file /home/airflow/.local/lib/python3.7/site-packages/airflow/example_dags/example_branch_datetime_operator.py for tasks to queue
[2023-01-10T11:03:33.533+0000] {logging_mixin.py:137} INFO - [2023-01-10T11:03:33.533+0000] {dagbag.py:538} INFO - Filling up the DagBag from /home/airflow/.local/lib/python3.7/site-packages/airflow/example_dags/example_branch_datetime_operator.py
[2023-01-10T11:03:33.554+0000] {processor.py:753} INFO - DAG(s) dict_keys(['example_branch_datetime_operator_3', 'example_branch_datetime_operator', 'example_branch_datetime_operator_2']) retrieved from /home/airflow/.local/lib/python3.7/site-packages/airflow/example_dags/example_branch_datetime_operator.py
[2023-01-10T11:03:33.606+0000] {logging_mixin.py:137} INFO - [2023-01-10T11:03:33.605+0000] {dag.py:2676} INFO - Sync 3 DAGs
[2023-01-10T11:03:33.631+0000] {logging_mixin.py:137} INFO - [2023-01-10T11:03:33.631+0000] {dag.py:3427} INFO - Setting next_dagrun for example_branch_datetime_operator to 2023-01-09T00:00:00+00:00, run_after=2023-01-10T00:00:00+00:00
[2023-01-10T11:03:33.638+0000] {logging_mixin.py:137} INFO - [2023-01-10T11:03:33.637+0000] {dag.py:3427} INFO - Setting next_dagrun for example_branch_datetime_operator_2 to 2023-01-09T00:00:00+00:00, run_after=2023-01-10T00:00:00+00:00
[2023-01-10T11:03:33.640+0000] {logging_mixin.py:137} INFO - [2023-01-10T11:03:33.640+0000] {dag.py:3427} INFO - Setting next_dagrun for example_branch_datetime_operator_3 to 2023-01-09T00:00:00+00:00, run_after=2023-01-10T00:00:00+00:00
[2023-01-10T11:03:33.668+0000] {processor.py:175} INFO - Processing /home/airflow/.local/lib/python3.7/site-packages/airflow/example_dags/example_branch_datetime_operator.py took 0.140 seconds
[2023-01-10T11:04:03.878+0000] {processor.py:153} INFO - Started process (PID=1575) to work on /home/airflow/.local/lib/python3.7/site-packages/airflow/example_dags/example_branch_datetime_operator.py
[2023-01-10T11:04:03.879+0000] {processor.py:743} INFO - Processing file /home/airflow/.local/lib/python3.7/site-packages/airflow/example_dags/example_branch_datetime_operator.py for tasks to queue
[2023-01-10T11:04:03.880+0000] {logging_mixin.py:137} INFO - [2023-01-10T11:04:03.880+0000] {dagbag.py:538} INFO - Filling up the DagBag from /home/airflow/.local/lib/python3.7/site-packages/airflow/example_dags/example_branch_datetime_operator.py
[2023-01-10T11:04:03.898+0000] {processor.py:753} INFO - DAG(s) dict_keys(['example_branch_datetime_operator_3', 'example_branch_datetime_operator_2', 'example_branch_datetime_operator']) retrieved from /home/airflow/.local/lib/python3.7/site-packages/airflow/example_dags/example_branch_datetime_operator.py
[2023-01-10T11:04:03.962+0000] {logging_mixin.py:137} INFO - [2023-01-10T11:04:03.962+0000] {dag.py:2676} INFO - Sync 3 DAGs
[2023-01-10T11:04:03.983+0000] {logging_mixin.py:137} INFO - [2023-01-10T11:04:03.983+0000] {dag.py:3427} INFO - Setting next_dagrun for example_branch_datetime_operator to 2023-01-09T00:00:00+00:00, run_after=2023-01-10T00:00:00+00:00
[2023-01-10T11:04:03.988+0000] {logging_mixin.py:137} INFO - [2023-01-10T11:04:03.987+0000] {dag.py:3427} INFO - Setting next_dagrun for example_branch_datetime_operator_2 to 2023-01-09T00:00:00+00:00, run_after=2023-01-10T00:00:00+00:00
[2023-01-10T11:04:03.990+0000] {logging_mixin.py:137} INFO - [2023-01-10T11:04:03.990+0000] {dag.py:3427} INFO - Setting next_dagrun for example_branch_datetime_operator_3 to 2023-01-09T00:00:00+00:00, run_after=2023-01-10T00:00:00+00:00
[2023-01-10T11:04:04.002+0000] {processor.py:175} INFO - Processing /home/airflow/.local/lib/python3.7/site-packages/airflow/example_dags/example_branch_datetime_operator.py took 0.127 seconds
[2023-01-10T11:04:34.998+0000] {processor.py:153} INFO - Started process (PID=1652) to work on /home/airflow/.local/lib/python3.7/site-packages/airflow/example_dags/example_branch_datetime_operator.py
[2023-01-10T11:04:34.999+0000] {processor.py:743} INFO - Processing file /home/airflow/.local/lib/python3.7/site-packages/airflow/example_dags/example_branch_datetime_operator.py for tasks to queue
[2023-01-10T11:04:34.999+0000] {logging_mixin.py:137} INFO - [2023-01-10T11:04:34.999+0000] {dagbag.py:538} INFO - Filling up the DagBag from /home/airflow/.local/lib/python3.7/site-packages/airflow/example_dags/example_branch_datetime_operator.py
[2023-01-10T11:04:35.012+0000] {processor.py:753} INFO - DAG(s) dict_keys(['example_branch_datetime_operator_3', 'example_branch_datetime_operator_2', 'example_branch_datetime_operator']) retrieved from /home/airflow/.local/lib/python3.7/site-packages/airflow/example_dags/example_branch_datetime_operator.py
[2023-01-10T11:04:35.052+0000] {logging_mixin.py:137} INFO - [2023-01-10T11:04:35.052+0000] {dag.py:2676} INFO - Sync 3 DAGs
[2023-01-10T11:04:35.081+0000] {logging_mixin.py:137} INFO - [2023-01-10T11:04:35.081+0000] {dag.py:3427} INFO - Setting next_dagrun for example_branch_datetime_operator to 2023-01-09T00:00:00+00:00, run_after=2023-01-10T00:00:00+00:00
[2023-01-10T11:04:35.086+0000] {logging_mixin.py:137} INFO - [2023-01-10T11:04:35.085+0000] {dag.py:3427} INFO - Setting next_dagrun for example_branch_datetime_operator_2 to 2023-01-09T00:00:00+00:00, run_after=2023-01-10T00:00:00+00:00
[2023-01-10T11:04:35.088+0000] {logging_mixin.py:137} INFO - [2023-01-10T11:04:35.087+0000] {dag.py:3427} INFO - Setting next_dagrun for example_branch_datetime_operator_3 to 2023-01-09T00:00:00+00:00, run_after=2023-01-10T00:00:00+00:00
[2023-01-10T11:04:35.102+0000] {processor.py:175} INFO - Processing /home/airflow/.local/lib/python3.7/site-packages/airflow/example_dags/example_branch_datetime_operator.py took 0.106 seconds
[2023-01-10T11:05:05.204+0000] {processor.py:153} INFO - Started process (PID=1732) to work on /home/airflow/.local/lib/python3.7/site-packages/airflow/example_dags/example_branch_datetime_operator.py
[2023-01-10T11:05:05.205+0000] {processor.py:743} INFO - Processing file /home/airflow/.local/lib/python3.7/site-packages/airflow/example_dags/example_branch_datetime_operator.py for tasks to queue
[2023-01-10T11:05:05.205+0000] {logging_mixin.py:137} INFO - [2023-01-10T11:05:05.205+0000] {dagbag.py:538} INFO - Filling up the DagBag from /home/airflow/.local/lib/python3.7/site-packages/airflow/example_dags/example_branch_datetime_operator.py
[2023-01-10T11:05:05.219+0000] {processor.py:753} INFO - DAG(s) dict_keys(['example_branch_datetime_operator_2', 'example_branch_datetime_operator', 'example_branch_datetime_operator_3']) retrieved from /home/airflow/.local/lib/python3.7/site-packages/airflow/example_dags/example_branch_datetime_operator.py
[2023-01-10T11:05:05.251+0000] {logging_mixin.py:137} INFO - [2023-01-10T11:05:05.251+0000] {dag.py:2676} INFO - Sync 3 DAGs
[2023-01-10T11:05:05.273+0000] {logging_mixin.py:137} INFO - [2023-01-10T11:05:05.272+0000] {dag.py:3427} INFO - Setting next_dagrun for example_branch_datetime_operator to 2023-01-09T00:00:00+00:00, run_after=2023-01-10T00:00:00+00:00
[2023-01-10T11:05:05.277+0000] {logging_mixin.py:137} INFO - [2023-01-10T11:05:05.276+0000] {dag.py:3427} INFO - Setting next_dagrun for example_branch_datetime_operator_2 to 2023-01-09T00:00:00+00:00, run_after=2023-01-10T00:00:00+00:00
[2023-01-10T11:05:05.279+0000] {logging_mixin.py:137} INFO - [2023-01-10T11:05:05.279+0000] {dag.py:3427} INFO - Setting next_dagrun for example_branch_datetime_operator_3 to 2023-01-09T00:00:00+00:00, run_after=2023-01-10T00:00:00+00:00
[2023-01-10T11:05:05.293+0000] {processor.py:175} INFO - Processing /home/airflow/.local/lib/python3.7/site-packages/airflow/example_dags/example_branch_datetime_operator.py took 0.092 seconds
[2023-01-10T11:05:35.370+0000] {processor.py:153} INFO - Started process (PID=1819) to work on /home/airflow/.local/lib/python3.7/site-packages/airflow/example_dags/example_branch_datetime_operator.py
[2023-01-10T11:05:35.371+0000] {processor.py:743} INFO - Processing file /home/airflow/.local/lib/python3.7/site-packages/airflow/example_dags/example_branch_datetime_operator.py for tasks to queue
[2023-01-10T11:05:35.372+0000] {logging_mixin.py:137} INFO - [2023-01-10T11:05:35.372+0000] {dagbag.py:538} INFO - Filling up the DagBag from /home/airflow/.local/lib/python3.7/site-packages/airflow/example_dags/example_branch_datetime_operator.py
[2023-01-10T11:05:35.385+0000] {processor.py:753} INFO - DAG(s) dict_keys(['example_branch_datetime_operator_2', 'example_branch_datetime_operator', 'example_branch_datetime_operator_3']) retrieved from /home/airflow/.local/lib/python3.7/site-packages/airflow/example_dags/example_branch_datetime_operator.py
[2023-01-10T11:05:35.422+0000] {logging_mixin.py:137} INFO - [2023-01-10T11:05:35.422+0000] {dag.py:2676} INFO - Sync 3 DAGs
[2023-01-10T11:05:35.442+0000] {logging_mixin.py:137} INFO - [2023-01-10T11:05:35.442+0000] {dag.py:3427} INFO - Setting next_dagrun for example_branch_datetime_operator to 2023-01-09T00:00:00+00:00, run_after=2023-01-10T00:00:00+00:00
[2023-01-10T11:05:35.447+0000] {logging_mixin.py:137} INFO - [2023-01-10T11:05:35.446+0000] {dag.py:3427} INFO - Setting next_dagrun for example_branch_datetime_operator_2 to 2023-01-09T00:00:00+00:00, run_after=2023-01-10T00:00:00+00:00
[2023-01-10T11:05:35.449+0000] {logging_mixin.py:137} INFO - [2023-01-10T11:05:35.449+0000] {dag.py:3427} INFO - Setting next_dagrun for example_branch_datetime_operator_3 to 2023-01-09T00:00:00+00:00, run_after=2023-01-10T00:00:00+00:00
[2023-01-10T11:05:35.466+0000] {processor.py:175} INFO - Processing /home/airflow/.local/lib/python3.7/site-packages/airflow/example_dags/example_branch_datetime_operator.py took 0.098 seconds
[2023-01-10T11:06:05.504+0000] {processor.py:153} INFO - Started process (PID=1888) to work on /home/airflow/.local/lib/python3.7/site-packages/airflow/example_dags/example_branch_datetime_operator.py
[2023-01-10T11:06:05.505+0000] {processor.py:743} INFO - Processing file /home/airflow/.local/lib/python3.7/site-packages/airflow/example_dags/example_branch_datetime_operator.py for tasks to queue
[2023-01-10T11:06:05.505+0000] {logging_mixin.py:137} INFO - [2023-01-10T11:06:05.505+0000] {dagbag.py:538} INFO - Filling up the DagBag from /home/airflow/.local/lib/python3.7/site-packages/airflow/example_dags/example_branch_datetime_operator.py
[2023-01-10T11:06:05.518+0000] {processor.py:753} INFO - DAG(s) dict_keys(['example_branch_datetime_operator_2', 'example_branch_datetime_operator', 'example_branch_datetime_operator_3']) retrieved from /home/airflow/.local/lib/python3.7/site-packages/airflow/example_dags/example_branch_datetime_operator.py
[2023-01-10T11:06:05.550+0000] {logging_mixin.py:137} INFO - [2023-01-10T11:06:05.550+0000] {dag.py:2676} INFO - Sync 3 DAGs
[2023-01-10T11:06:05.569+0000] {logging_mixin.py:137} INFO - [2023-01-10T11:06:05.569+0000] {dag.py:3427} INFO - Setting next_dagrun for example_branch_datetime_operator to 2023-01-09T00:00:00+00:00, run_after=2023-01-10T00:00:00+00:00
[2023-01-10T11:06:05.573+0000] {logging_mixin.py:137} INFO - [2023-01-10T11:06:05.573+0000] {dag.py:3427} INFO - Setting next_dagrun for example_branch_datetime_operator_2 to 2023-01-09T00:00:00+00:00, run_after=2023-01-10T00:00:00+00:00
[2023-01-10T11:06:05.575+0000] {logging_mixin.py:137} INFO - [2023-01-10T11:06:05.574+0000] {dag.py:3427} INFO - Setting next_dagrun for example_branch_datetime_operator_3 to 2023-01-09T00:00:00+00:00, run_after=2023-01-10T00:00:00+00:00
[2023-01-10T11:06:05.588+0000] {processor.py:175} INFO - Processing /home/airflow/.local/lib/python3.7/site-packages/airflow/example_dags/example_branch_datetime_operator.py took 0.086 seconds
[2023-01-10T11:06:35.996+0000] {processor.py:153} INFO - Started process (PID=1975) to work on /home/airflow/.local/lib/python3.7/site-packages/airflow/example_dags/example_branch_datetime_operator.py
[2023-01-10T11:06:35.996+0000] {processor.py:743} INFO - Processing file /home/airflow/.local/lib/python3.7/site-packages/airflow/example_dags/example_branch_datetime_operator.py for tasks to queue
[2023-01-10T11:06:35.997+0000] {logging_mixin.py:137} INFO - [2023-01-10T11:06:35.997+0000] {dagbag.py:538} INFO - Filling up the DagBag from /home/airflow/.local/lib/python3.7/site-packages/airflow/example_dags/example_branch_datetime_operator.py
[2023-01-10T11:06:36.011+0000] {processor.py:753} INFO - DAG(s) dict_keys(['example_branch_datetime_operator_2', 'example_branch_datetime_operator_3', 'example_branch_datetime_operator']) retrieved from /home/airflow/.local/lib/python3.7/site-packages/airflow/example_dags/example_branch_datetime_operator.py
[2023-01-10T11:06:36.047+0000] {logging_mixin.py:137} INFO - [2023-01-10T11:06:36.047+0000] {dag.py:2676} INFO - Sync 3 DAGs
[2023-01-10T11:06:36.072+0000] {logging_mixin.py:137} INFO - [2023-01-10T11:06:36.072+0000] {dag.py:3427} INFO - Setting next_dagrun for example_branch_datetime_operator to 2023-01-09T00:00:00+00:00, run_after=2023-01-10T00:00:00+00:00
[2023-01-10T11:06:36.076+0000] {logging_mixin.py:137} INFO - [2023-01-10T11:06:36.076+0000] {dag.py:3427} INFO - Setting next_dagrun for example_branch_datetime_operator_2 to 2023-01-09T00:00:00+00:00, run_after=2023-01-10T00:00:00+00:00
[2023-01-10T11:06:36.078+0000] {logging_mixin.py:137} INFO - [2023-01-10T11:06:36.078+0000] {dag.py:3427} INFO - Setting next_dagrun for example_branch_datetime_operator_3 to 2023-01-09T00:00:00+00:00, run_after=2023-01-10T00:00:00+00:00
[2023-01-10T11:06:36.093+0000] {processor.py:175} INFO - Processing /home/airflow/.local/lib/python3.7/site-packages/airflow/example_dags/example_branch_datetime_operator.py took 0.100 seconds
[2023-01-10T11:07:06.267+0000] {processor.py:153} INFO - Started process (PID=2045) to work on /home/airflow/.local/lib/python3.7/site-packages/airflow/example_dags/example_branch_datetime_operator.py
[2023-01-10T11:07:06.268+0000] {processor.py:743} INFO - Processing file /home/airflow/.local/lib/python3.7/site-packages/airflow/example_dags/example_branch_datetime_operator.py for tasks to queue
[2023-01-10T11:07:06.268+0000] {logging_mixin.py:137} INFO - [2023-01-10T11:07:06.268+0000] {dagbag.py:538} INFO - Filling up the DagBag from /home/airflow/.local/lib/python3.7/site-packages/airflow/example_dags/example_branch_datetime_operator.py
[2023-01-10T11:07:06.285+0000] {processor.py:753} INFO - DAG(s) dict_keys(['example_branch_datetime_operator', 'example_branch_datetime_operator_3', 'example_branch_datetime_operator_2']) retrieved from /home/airflow/.local/lib/python3.7/site-packages/airflow/example_dags/example_branch_datetime_operator.py
[2023-01-10T11:07:06.320+0000] {logging_mixin.py:137} INFO - [2023-01-10T11:07:06.320+0000] {dag.py:2676} INFO - Sync 3 DAGs
[2023-01-10T11:07:06.349+0000] {logging_mixin.py:137} INFO - [2023-01-10T11:07:06.349+0000] {dag.py:3427} INFO - Setting next_dagrun for example_branch_datetime_operator to 2023-01-09T00:00:00+00:00, run_after=2023-01-10T00:00:00+00:00
[2023-01-10T11:07:06.353+0000] {logging_mixin.py:137} INFO - [2023-01-10T11:07:06.353+0000] {dag.py:3427} INFO - Setting next_dagrun for example_branch_datetime_operator_2 to 2023-01-09T00:00:00+00:00, run_after=2023-01-10T00:00:00+00:00
[2023-01-10T11:07:06.355+0000] {logging_mixin.py:137} INFO - [2023-01-10T11:07:06.355+0000] {dag.py:3427} INFO - Setting next_dagrun for example_branch_datetime_operator_3 to 2023-01-09T00:00:00+00:00, run_after=2023-01-10T00:00:00+00:00
[2023-01-10T11:07:06.371+0000] {processor.py:175} INFO - Processing /home/airflow/.local/lib/python3.7/site-packages/airflow/example_dags/example_branch_datetime_operator.py took 0.107 seconds
[2023-01-10T11:07:36.518+0000] {processor.py:153} INFO - Started process (PID=2131) to work on /home/airflow/.local/lib/python3.7/site-packages/airflow/example_dags/example_branch_datetime_operator.py
[2023-01-10T11:07:36.519+0000] {processor.py:743} INFO - Processing file /home/airflow/.local/lib/python3.7/site-packages/airflow/example_dags/example_branch_datetime_operator.py for tasks to queue
[2023-01-10T11:07:36.519+0000] {logging_mixin.py:137} INFO - [2023-01-10T11:07:36.519+0000] {dagbag.py:538} INFO - Filling up the DagBag from /home/airflow/.local/lib/python3.7/site-packages/airflow/example_dags/example_branch_datetime_operator.py
[2023-01-10T11:07:36.533+0000] {processor.py:753} INFO - DAG(s) dict_keys(['example_branch_datetime_operator_3', 'example_branch_datetime_operator_2', 'example_branch_datetime_operator']) retrieved from /home/airflow/.local/lib/python3.7/site-packages/airflow/example_dags/example_branch_datetime_operator.py
[2023-01-10T11:07:36.566+0000] {logging_mixin.py:137} INFO - [2023-01-10T11:07:36.566+0000] {dag.py:2676} INFO - Sync 3 DAGs
[2023-01-10T11:07:36.587+0000] {logging_mixin.py:137} INFO - [2023-01-10T11:07:36.587+0000] {dag.py:3427} INFO - Setting next_dagrun for example_branch_datetime_operator to 2023-01-09T00:00:00+00:00, run_after=2023-01-10T00:00:00+00:00
[2023-01-10T11:07:36.591+0000] {logging_mixin.py:137} INFO - [2023-01-10T11:07:36.591+0000] {dag.py:3427} INFO - Setting next_dagrun for example_branch_datetime_operator_2 to 2023-01-09T00:00:00+00:00, run_after=2023-01-10T00:00:00+00:00
[2023-01-10T11:07:36.593+0000] {logging_mixin.py:137} INFO - [2023-01-10T11:07:36.593+0000] {dag.py:3427} INFO - Setting next_dagrun for example_branch_datetime_operator_3 to 2023-01-09T00:00:00+00:00, run_after=2023-01-10T00:00:00+00:00
[2023-01-10T11:07:36.604+0000] {processor.py:175} INFO - Processing /home/airflow/.local/lib/python3.7/site-packages/airflow/example_dags/example_branch_datetime_operator.py took 0.088 seconds
[2023-01-10T11:08:06.743+0000] {processor.py:153} INFO - Started process (PID=2201) to work on /home/airflow/.local/lib/python3.7/site-packages/airflow/example_dags/example_branch_datetime_operator.py
[2023-01-10T11:08:06.744+0000] {processor.py:743} INFO - Processing file /home/airflow/.local/lib/python3.7/site-packages/airflow/example_dags/example_branch_datetime_operator.py for tasks to queue
[2023-01-10T11:08:06.744+0000] {logging_mixin.py:137} INFO - [2023-01-10T11:08:06.744+0000] {dagbag.py:538} INFO - Filling up the DagBag from /home/airflow/.local/lib/python3.7/site-packages/airflow/example_dags/example_branch_datetime_operator.py
[2023-01-10T11:08:06.758+0000] {processor.py:753} INFO - DAG(s) dict_keys(['example_branch_datetime_operator', 'example_branch_datetime_operator_3', 'example_branch_datetime_operator_2']) retrieved from /home/airflow/.local/lib/python3.7/site-packages/airflow/example_dags/example_branch_datetime_operator.py
[2023-01-10T11:08:06.791+0000] {logging_mixin.py:137} INFO - [2023-01-10T11:08:06.791+0000] {dag.py:2676} INFO - Sync 3 DAGs
[2023-01-10T11:08:06.813+0000] {logging_mixin.py:137} INFO - [2023-01-10T11:08:06.813+0000] {dag.py:3427} INFO - Setting next_dagrun for example_branch_datetime_operator to 2023-01-09T00:00:00+00:00, run_after=2023-01-10T00:00:00+00:00
[2023-01-10T11:08:06.816+0000] {logging_mixin.py:137} INFO - [2023-01-10T11:08:06.816+0000] {dag.py:3427} INFO - Setting next_dagrun for example_branch_datetime_operator_2 to 2023-01-09T00:00:00+00:00, run_after=2023-01-10T00:00:00+00:00
[2023-01-10T11:08:06.819+0000] {logging_mixin.py:137} INFO - [2023-01-10T11:08:06.818+0000] {dag.py:3427} INFO - Setting next_dagrun for example_branch_datetime_operator_3 to 2023-01-09T00:00:00+00:00, run_after=2023-01-10T00:00:00+00:00
[2023-01-10T11:08:06.830+0000] {processor.py:175} INFO - Processing /home/airflow/.local/lib/python3.7/site-packages/airflow/example_dags/example_branch_datetime_operator.py took 0.089 seconds
[2023-01-10T11:08:36.848+0000] {processor.py:153} INFO - Started process (PID=2286) to work on /home/airflow/.local/lib/python3.7/site-packages/airflow/example_dags/example_branch_datetime_operator.py
[2023-01-10T11:08:36.849+0000] {processor.py:743} INFO - Processing file /home/airflow/.local/lib/python3.7/site-packages/airflow/example_dags/example_branch_datetime_operator.py for tasks to queue
[2023-01-10T11:08:36.849+0000] {logging_mixin.py:137} INFO - [2023-01-10T11:08:36.849+0000] {dagbag.py:538} INFO - Filling up the DagBag from /home/airflow/.local/lib/python3.7/site-packages/airflow/example_dags/example_branch_datetime_operator.py
[2023-01-10T11:08:36.862+0000] {processor.py:753} INFO - DAG(s) dict_keys(['example_branch_datetime_operator', 'example_branch_datetime_operator_3', 'example_branch_datetime_operator_2']) retrieved from /home/airflow/.local/lib/python3.7/site-packages/airflow/example_dags/example_branch_datetime_operator.py
[2023-01-10T11:08:36.895+0000] {logging_mixin.py:137} INFO - [2023-01-10T11:08:36.895+0000] {dag.py:2676} INFO - Sync 3 DAGs
[2023-01-10T11:08:36.917+0000] {logging_mixin.py:137} INFO - [2023-01-10T11:08:36.917+0000] {dag.py:3427} INFO - Setting next_dagrun for example_branch_datetime_operator to 2023-01-09T00:00:00+00:00, run_after=2023-01-10T00:00:00+00:00
[2023-01-10T11:08:36.921+0000] {logging_mixin.py:137} INFO - [2023-01-10T11:08:36.921+0000] {dag.py:3427} INFO - Setting next_dagrun for example_branch_datetime_operator_2 to 2023-01-09T00:00:00+00:00, run_after=2023-01-10T00:00:00+00:00
[2023-01-10T11:08:36.923+0000] {logging_mixin.py:137} INFO - [2023-01-10T11:08:36.923+0000] {dag.py:3427} INFO - Setting next_dagrun for example_branch_datetime_operator_3 to 2023-01-09T00:00:00+00:00, run_after=2023-01-10T00:00:00+00:00
[2023-01-10T11:08:36.936+0000] {processor.py:175} INFO - Processing /home/airflow/.local/lib/python3.7/site-packages/airflow/example_dags/example_branch_datetime_operator.py took 0.089 seconds
[2023-01-10T11:09:07.005+0000] {processor.py:153} INFO - Started process (PID=2355) to work on /home/airflow/.local/lib/python3.7/site-packages/airflow/example_dags/example_branch_datetime_operator.py
[2023-01-10T11:09:07.006+0000] {processor.py:743} INFO - Processing file /home/airflow/.local/lib/python3.7/site-packages/airflow/example_dags/example_branch_datetime_operator.py for tasks to queue
[2023-01-10T11:09:07.006+0000] {logging_mixin.py:137} INFO - [2023-01-10T11:09:07.006+0000] {dagbag.py:538} INFO - Filling up the DagBag from /home/airflow/.local/lib/python3.7/site-packages/airflow/example_dags/example_branch_datetime_operator.py
[2023-01-10T11:09:07.021+0000] {processor.py:753} INFO - DAG(s) dict_keys(['example_branch_datetime_operator_3', 'example_branch_datetime_operator_2', 'example_branch_datetime_operator']) retrieved from /home/airflow/.local/lib/python3.7/site-packages/airflow/example_dags/example_branch_datetime_operator.py
[2023-01-10T11:09:07.054+0000] {logging_mixin.py:137} INFO - [2023-01-10T11:09:07.054+0000] {dag.py:2676} INFO - Sync 3 DAGs
[2023-01-10T11:09:07.078+0000] {logging_mixin.py:137} INFO - [2023-01-10T11:09:07.078+0000] {dag.py:3427} INFO - Setting next_dagrun for example_branch_datetime_operator to 2023-01-09T00:00:00+00:00, run_after=2023-01-10T00:00:00+00:00
[2023-01-10T11:09:07.082+0000] {logging_mixin.py:137} INFO - [2023-01-10T11:09:07.081+0000] {dag.py:3427} INFO - Setting next_dagrun for example_branch_datetime_operator_2 to 2023-01-09T00:00:00+00:00, run_after=2023-01-10T00:00:00+00:00
[2023-01-10T11:09:07.084+0000] {logging_mixin.py:137} INFO - [2023-01-10T11:09:07.083+0000] {dag.py:3427} INFO - Setting next_dagrun for example_branch_datetime_operator_3 to 2023-01-09T00:00:00+00:00, run_after=2023-01-10T00:00:00+00:00
[2023-01-10T11:09:07.097+0000] {processor.py:175} INFO - Processing /home/airflow/.local/lib/python3.7/site-packages/airflow/example_dags/example_branch_datetime_operator.py took 0.094 seconds
[2023-01-10T11:09:37.427+0000] {processor.py:153} INFO - Started process (PID=2440) to work on /home/airflow/.local/lib/python3.7/site-packages/airflow/example_dags/example_branch_datetime_operator.py
[2023-01-10T11:09:37.427+0000] {processor.py:743} INFO - Processing file /home/airflow/.local/lib/python3.7/site-packages/airflow/example_dags/example_branch_datetime_operator.py for tasks to queue
[2023-01-10T11:09:37.428+0000] {logging_mixin.py:137} INFO - [2023-01-10T11:09:37.428+0000] {dagbag.py:538} INFO - Filling up the DagBag from /home/airflow/.local/lib/python3.7/site-packages/airflow/example_dags/example_branch_datetime_operator.py
[2023-01-10T11:09:37.442+0000] {processor.py:753} INFO - DAG(s) dict_keys(['example_branch_datetime_operator_2', 'example_branch_datetime_operator_3', 'example_branch_datetime_operator']) retrieved from /home/airflow/.local/lib/python3.7/site-packages/airflow/example_dags/example_branch_datetime_operator.py
[2023-01-10T11:09:37.475+0000] {logging_mixin.py:137} INFO - [2023-01-10T11:09:37.475+0000] {dag.py:2676} INFO - Sync 3 DAGs
[2023-01-10T11:09:37.497+0000] {logging_mixin.py:137} INFO - [2023-01-10T11:09:37.497+0000] {dag.py:3427} INFO - Setting next_dagrun for example_branch_datetime_operator to 2023-01-09T00:00:00+00:00, run_after=2023-01-10T00:00:00+00:00
[2023-01-10T11:09:37.501+0000] {logging_mixin.py:137} INFO - [2023-01-10T11:09:37.500+0000] {dag.py:3427} INFO - Setting next_dagrun for example_branch_datetime_operator_2 to 2023-01-09T00:00:00+00:00, run_after=2023-01-10T00:00:00+00:00
[2023-01-10T11:09:37.503+0000] {logging_mixin.py:137} INFO - [2023-01-10T11:09:37.503+0000] {dag.py:3427} INFO - Setting next_dagrun for example_branch_datetime_operator_3 to 2023-01-09T00:00:00+00:00, run_after=2023-01-10T00:00:00+00:00
[2023-01-10T11:09:37.515+0000] {processor.py:175} INFO - Processing /home/airflow/.local/lib/python3.7/site-packages/airflow/example_dags/example_branch_datetime_operator.py took 0.090 seconds
[2023-01-10T11:10:08.394+0000] {processor.py:153} INFO - Started process (PID=2510) to work on /home/airflow/.local/lib/python3.7/site-packages/airflow/example_dags/example_branch_datetime_operator.py
[2023-01-10T11:10:08.395+0000] {processor.py:743} INFO - Processing file /home/airflow/.local/lib/python3.7/site-packages/airflow/example_dags/example_branch_datetime_operator.py for tasks to queue
[2023-01-10T11:10:08.396+0000] {logging_mixin.py:137} INFO - [2023-01-10T11:10:08.395+0000] {dagbag.py:538} INFO - Filling up the DagBag from /home/airflow/.local/lib/python3.7/site-packages/airflow/example_dags/example_branch_datetime_operator.py
[2023-01-10T11:10:08.414+0000] {processor.py:753} INFO - DAG(s) dict_keys(['example_branch_datetime_operator_2', 'example_branch_datetime_operator_3', 'example_branch_datetime_operator']) retrieved from /home/airflow/.local/lib/python3.7/site-packages/airflow/example_dags/example_branch_datetime_operator.py
[2023-01-10T11:10:08.452+0000] {logging_mixin.py:137} INFO - [2023-01-10T11:10:08.451+0000] {dag.py:2676} INFO - Sync 3 DAGs
[2023-01-10T11:10:08.475+0000] {logging_mixin.py:137} INFO - [2023-01-10T11:10:08.475+0000] {dag.py:3427} INFO - Setting next_dagrun for example_branch_datetime_operator to 2023-01-09T00:00:00+00:00, run_after=2023-01-10T00:00:00+00:00
[2023-01-10T11:10:08.481+0000] {logging_mixin.py:137} INFO - [2023-01-10T11:10:08.481+0000] {dag.py:3427} INFO - Setting next_dagrun for example_branch_datetime_operator_2 to 2023-01-09T00:00:00+00:00, run_after=2023-01-10T00:00:00+00:00
[2023-01-10T11:10:08.483+0000] {logging_mixin.py:137} INFO - [2023-01-10T11:10:08.483+0000] {dag.py:3427} INFO - Setting next_dagrun for example_branch_datetime_operator_3 to 2023-01-09T00:00:00+00:00, run_after=2023-01-10T00:00:00+00:00
[2023-01-10T11:10:08.500+0000] {processor.py:175} INFO - Processing /home/airflow/.local/lib/python3.7/site-packages/airflow/example_dags/example_branch_datetime_operator.py took 0.108 seconds
