[2023-01-10T10:54:22.798+0000] {processor.py:153} INFO - Started process (PID=73) to work on /home/airflow/.local/lib/python3.7/site-packages/airflow/example_dags/example_short_circuit_decorator.py
[2023-01-10T10:54:22.799+0000] {processor.py:743} INFO - Processing file /home/airflow/.local/lib/python3.7/site-packages/airflow/example_dags/example_short_circuit_decorator.py for tasks to queue
[2023-01-10T10:54:22.799+0000] {logging_mixin.py:137} INFO - [2023-01-10T10:54:22.799+0000] {dagbag.py:538} INFO - Filling up the DagBag from /home/airflow/.local/lib/python3.7/site-packages/airflow/example_dags/example_short_circuit_decorator.py
[2023-01-10T10:54:22.827+0000] {processor.py:753} INFO - DAG(s) dict_keys(['example_short_circuit_decorator']) retrieved from /home/airflow/.local/lib/python3.7/site-packages/airflow/example_dags/example_short_circuit_decorator.py
[2023-01-10T10:54:22.975+0000] {logging_mixin.py:137} INFO - [2023-01-10T10:54:22.975+0000] {manager.py:504} INFO - Created Permission View: can delete on DAG:example_short_circuit_decorator
[2023-01-10T10:54:22.985+0000] {logging_mixin.py:137} INFO - [2023-01-10T10:54:22.985+0000] {manager.py:504} INFO - Created Permission View: can read on DAG:example_short_circuit_decorator
[2023-01-10T10:54:22.993+0000] {logging_mixin.py:137} INFO - [2023-01-10T10:54:22.993+0000] {manager.py:504} INFO - Created Permission View: can edit on DAG:example_short_circuit_decorator
[2023-01-10T10:54:22.993+0000] {logging_mixin.py:137} INFO - [2023-01-10T10:54:22.993+0000] {dag.py:2676} INFO - Sync 1 DAGs
[2023-01-10T10:54:23.012+0000] {logging_mixin.py:137} INFO - [2023-01-10T10:54:23.012+0000] {dag.py:2697} INFO - Creating ORM DAG for example_short_circuit_decorator
[2023-01-10T10:54:23.028+0000] {logging_mixin.py:137} INFO - [2023-01-10T10:54:23.028+0000] {dag.py:3427} INFO - Setting next_dagrun for example_short_circuit_decorator to 2023-01-09T10:54:23.027838+00:00, run_after=2023-01-10T10:54:23.027838+00:00
[2023-01-10T10:54:23.049+0000] {processor.py:175} INFO - Processing /home/airflow/.local/lib/python3.7/site-packages/airflow/example_dags/example_short_circuit_decorator.py took 0.254 seconds
[2023-01-10T10:54:53.068+0000] {processor.py:153} INFO - Started process (PID=143) to work on /home/airflow/.local/lib/python3.7/site-packages/airflow/example_dags/example_short_circuit_decorator.py
[2023-01-10T10:54:53.068+0000] {processor.py:743} INFO - Processing file /home/airflow/.local/lib/python3.7/site-packages/airflow/example_dags/example_short_circuit_decorator.py for tasks to queue
[2023-01-10T10:54:53.069+0000] {logging_mixin.py:137} INFO - [2023-01-10T10:54:53.068+0000] {dagbag.py:538} INFO - Filling up the DagBag from /home/airflow/.local/lib/python3.7/site-packages/airflow/example_dags/example_short_circuit_decorator.py
[2023-01-10T10:54:53.087+0000] {processor.py:753} INFO - DAG(s) dict_keys(['example_short_circuit_decorator']) retrieved from /home/airflow/.local/lib/python3.7/site-packages/airflow/example_dags/example_short_circuit_decorator.py
[2023-01-10T10:54:53.113+0000] {logging_mixin.py:137} INFO - [2023-01-10T10:54:53.113+0000] {dag.py:2676} INFO - Sync 1 DAGs
[2023-01-10T10:54:53.131+0000] {logging_mixin.py:137} INFO - [2023-01-10T10:54:53.131+0000] {dag.py:3427} INFO - Setting next_dagrun for example_short_circuit_decorator to 2023-01-09T10:54:53.131717+00:00, run_after=2023-01-10T10:54:53.131717+00:00
[2023-01-10T10:54:53.144+0000] {processor.py:175} INFO - Processing /home/airflow/.local/lib/python3.7/site-packages/airflow/example_dags/example_short_circuit_decorator.py took 0.078 seconds
[2023-01-10T10:55:24.430+0000] {processor.py:153} INFO - Started process (PID=230) to work on /home/airflow/.local/lib/python3.7/site-packages/airflow/example_dags/example_short_circuit_decorator.py
[2023-01-10T10:55:24.431+0000] {processor.py:743} INFO - Processing file /home/airflow/.local/lib/python3.7/site-packages/airflow/example_dags/example_short_circuit_decorator.py for tasks to queue
[2023-01-10T10:55:24.432+0000] {logging_mixin.py:137} INFO - [2023-01-10T10:55:24.432+0000] {dagbag.py:538} INFO - Filling up the DagBag from /home/airflow/.local/lib/python3.7/site-packages/airflow/example_dags/example_short_circuit_decorator.py
[2023-01-10T10:55:24.472+0000] {processor.py:753} INFO - DAG(s) dict_keys(['example_short_circuit_decorator']) retrieved from /home/airflow/.local/lib/python3.7/site-packages/airflow/example_dags/example_short_circuit_decorator.py
[2023-01-10T10:55:24.527+0000] {logging_mixin.py:137} INFO - [2023-01-10T10:55:24.527+0000] {dag.py:2676} INFO - Sync 1 DAGs
[2023-01-10T10:55:24.565+0000] {logging_mixin.py:137} INFO - [2023-01-10T10:55:24.564+0000] {dag.py:3427} INFO - Setting next_dagrun for example_short_circuit_decorator to 2023-01-09T10:55:24.564583+00:00, run_after=2023-01-10T10:55:24.564583+00:00
[2023-01-10T10:55:24.585+0000] {processor.py:175} INFO - Processing /home/airflow/.local/lib/python3.7/site-packages/airflow/example_dags/example_short_circuit_decorator.py took 0.160 seconds
[2023-01-10T10:55:54.710+0000] {processor.py:153} INFO - Started process (PID=301) to work on /home/airflow/.local/lib/python3.7/site-packages/airflow/example_dags/example_short_circuit_decorator.py
[2023-01-10T10:55:54.710+0000] {processor.py:743} INFO - Processing file /home/airflow/.local/lib/python3.7/site-packages/airflow/example_dags/example_short_circuit_decorator.py for tasks to queue
[2023-01-10T10:55:54.711+0000] {logging_mixin.py:137} INFO - [2023-01-10T10:55:54.711+0000] {dagbag.py:538} INFO - Filling up the DagBag from /home/airflow/.local/lib/python3.7/site-packages/airflow/example_dags/example_short_circuit_decorator.py
[2023-01-10T10:55:54.729+0000] {processor.py:753} INFO - DAG(s) dict_keys(['example_short_circuit_decorator']) retrieved from /home/airflow/.local/lib/python3.7/site-packages/airflow/example_dags/example_short_circuit_decorator.py
[2023-01-10T10:55:54.756+0000] {logging_mixin.py:137} INFO - [2023-01-10T10:55:54.756+0000] {dag.py:2676} INFO - Sync 1 DAGs
[2023-01-10T10:55:54.779+0000] {logging_mixin.py:137} INFO - [2023-01-10T10:55:54.779+0000] {dag.py:3427} INFO - Setting next_dagrun for example_short_circuit_decorator to 2023-01-09T10:55:54.778877+00:00, run_after=2023-01-10T10:55:54.778877+00:00
[2023-01-10T10:55:54.792+0000] {processor.py:175} INFO - Processing /home/airflow/.local/lib/python3.7/site-packages/airflow/example_dags/example_short_circuit_decorator.py took 0.084 seconds
[2023-01-10T10:56:24.935+0000] {processor.py:153} INFO - Started process (PID=387) to work on /home/airflow/.local/lib/python3.7/site-packages/airflow/example_dags/example_short_circuit_decorator.py
[2023-01-10T10:56:24.936+0000] {processor.py:743} INFO - Processing file /home/airflow/.local/lib/python3.7/site-packages/airflow/example_dags/example_short_circuit_decorator.py for tasks to queue
[2023-01-10T10:56:24.936+0000] {logging_mixin.py:137} INFO - [2023-01-10T10:56:24.936+0000] {dagbag.py:538} INFO - Filling up the DagBag from /home/airflow/.local/lib/python3.7/site-packages/airflow/example_dags/example_short_circuit_decorator.py
[2023-01-10T10:56:24.956+0000] {processor.py:753} INFO - DAG(s) dict_keys(['example_short_circuit_decorator']) retrieved from /home/airflow/.local/lib/python3.7/site-packages/airflow/example_dags/example_short_circuit_decorator.py
[2023-01-10T10:56:24.990+0000] {logging_mixin.py:137} INFO - [2023-01-10T10:56:24.990+0000] {dag.py:2676} INFO - Sync 1 DAGs
[2023-01-10T10:56:25.020+0000] {logging_mixin.py:137} INFO - [2023-01-10T10:56:25.020+0000] {dag.py:3427} INFO - Setting next_dagrun for example_short_circuit_decorator to 2023-01-09T10:56:25.020467+00:00, run_after=2023-01-10T10:56:25.020467+00:00
[2023-01-10T10:56:25.035+0000] {processor.py:175} INFO - Processing /home/airflow/.local/lib/python3.7/site-packages/airflow/example_dags/example_short_circuit_decorator.py took 0.103 seconds
[2023-01-10T10:56:55.920+0000] {processor.py:153} INFO - Started process (PID=457) to work on /home/airflow/.local/lib/python3.7/site-packages/airflow/example_dags/example_short_circuit_decorator.py
[2023-01-10T10:56:55.921+0000] {processor.py:743} INFO - Processing file /home/airflow/.local/lib/python3.7/site-packages/airflow/example_dags/example_short_circuit_decorator.py for tasks to queue
[2023-01-10T10:56:55.921+0000] {logging_mixin.py:137} INFO - [2023-01-10T10:56:55.921+0000] {dagbag.py:538} INFO - Filling up the DagBag from /home/airflow/.local/lib/python3.7/site-packages/airflow/example_dags/example_short_circuit_decorator.py
[2023-01-10T10:56:55.940+0000] {processor.py:753} INFO - DAG(s) dict_keys(['example_short_circuit_decorator']) retrieved from /home/airflow/.local/lib/python3.7/site-packages/airflow/example_dags/example_short_circuit_decorator.py
[2023-01-10T10:56:55.972+0000] {logging_mixin.py:137} INFO - [2023-01-10T10:56:55.971+0000] {dag.py:2676} INFO - Sync 1 DAGs
[2023-01-10T10:56:55.994+0000] {logging_mixin.py:137} INFO - [2023-01-10T10:56:55.994+0000] {dag.py:3427} INFO - Setting next_dagrun for example_short_circuit_decorator to 2023-01-09T10:56:55.994419+00:00, run_after=2023-01-10T10:56:55.994419+00:00
[2023-01-10T10:56:56.010+0000] {processor.py:175} INFO - Processing /home/airflow/.local/lib/python3.7/site-packages/airflow/example_dags/example_short_circuit_decorator.py took 0.093 seconds
[2023-01-10T10:57:26.224+0000] {processor.py:153} INFO - Started process (PID=543) to work on /home/airflow/.local/lib/python3.7/site-packages/airflow/example_dags/example_short_circuit_decorator.py
[2023-01-10T10:57:26.225+0000] {processor.py:743} INFO - Processing file /home/airflow/.local/lib/python3.7/site-packages/airflow/example_dags/example_short_circuit_decorator.py for tasks to queue
[2023-01-10T10:57:26.225+0000] {logging_mixin.py:137} INFO - [2023-01-10T10:57:26.225+0000] {dagbag.py:538} INFO - Filling up the DagBag from /home/airflow/.local/lib/python3.7/site-packages/airflow/example_dags/example_short_circuit_decorator.py
[2023-01-10T10:57:26.244+0000] {processor.py:753} INFO - DAG(s) dict_keys(['example_short_circuit_decorator']) retrieved from /home/airflow/.local/lib/python3.7/site-packages/airflow/example_dags/example_short_circuit_decorator.py
[2023-01-10T10:57:26.276+0000] {logging_mixin.py:137} INFO - [2023-01-10T10:57:26.276+0000] {dag.py:2676} INFO - Sync 1 DAGs
[2023-01-10T10:57:26.297+0000] {logging_mixin.py:137} INFO - [2023-01-10T10:57:26.297+0000] {dag.py:3427} INFO - Setting next_dagrun for example_short_circuit_decorator to 2023-01-09T10:57:26.297252+00:00, run_after=2023-01-10T10:57:26.297252+00:00
[2023-01-10T10:57:26.312+0000] {processor.py:175} INFO - Processing /home/airflow/.local/lib/python3.7/site-packages/airflow/example_dags/example_short_circuit_decorator.py took 0.091 seconds
[2023-01-10T10:57:57.222+0000] {processor.py:153} INFO - Started process (PID=613) to work on /home/airflow/.local/lib/python3.7/site-packages/airflow/example_dags/example_short_circuit_decorator.py
[2023-01-10T10:57:57.223+0000] {processor.py:743} INFO - Processing file /home/airflow/.local/lib/python3.7/site-packages/airflow/example_dags/example_short_circuit_decorator.py for tasks to queue
[2023-01-10T10:57:57.223+0000] {logging_mixin.py:137} INFO - [2023-01-10T10:57:57.223+0000] {dagbag.py:538} INFO - Filling up the DagBag from /home/airflow/.local/lib/python3.7/site-packages/airflow/example_dags/example_short_circuit_decorator.py
[2023-01-10T10:57:57.242+0000] {processor.py:753} INFO - DAG(s) dict_keys(['example_short_circuit_decorator']) retrieved from /home/airflow/.local/lib/python3.7/site-packages/airflow/example_dags/example_short_circuit_decorator.py
[2023-01-10T10:57:57.272+0000] {logging_mixin.py:137} INFO - [2023-01-10T10:57:57.272+0000] {dag.py:2676} INFO - Sync 1 DAGs
[2023-01-10T10:57:57.291+0000] {logging_mixin.py:137} INFO - [2023-01-10T10:57:57.291+0000] {dag.py:3427} INFO - Setting next_dagrun for example_short_circuit_decorator to 2023-01-09T10:57:57.291666+00:00, run_after=2023-01-10T10:57:57.291666+00:00
[2023-01-10T10:57:57.308+0000] {processor.py:175} INFO - Processing /home/airflow/.local/lib/python3.7/site-packages/airflow/example_dags/example_short_circuit_decorator.py took 0.088 seconds
[2023-01-10T10:58:28.180+0000] {processor.py:153} INFO - Started process (PID=699) to work on /home/airflow/.local/lib/python3.7/site-packages/airflow/example_dags/example_short_circuit_decorator.py
[2023-01-10T10:58:28.181+0000] {processor.py:743} INFO - Processing file /home/airflow/.local/lib/python3.7/site-packages/airflow/example_dags/example_short_circuit_decorator.py for tasks to queue
[2023-01-10T10:58:28.181+0000] {logging_mixin.py:137} INFO - [2023-01-10T10:58:28.181+0000] {dagbag.py:538} INFO - Filling up the DagBag from /home/airflow/.local/lib/python3.7/site-packages/airflow/example_dags/example_short_circuit_decorator.py
[2023-01-10T10:58:28.200+0000] {processor.py:753} INFO - DAG(s) dict_keys(['example_short_circuit_decorator']) retrieved from /home/airflow/.local/lib/python3.7/site-packages/airflow/example_dags/example_short_circuit_decorator.py
[2023-01-10T10:58:28.232+0000] {logging_mixin.py:137} INFO - [2023-01-10T10:58:28.232+0000] {dag.py:2676} INFO - Sync 1 DAGs
[2023-01-10T10:58:28.254+0000] {logging_mixin.py:137} INFO - [2023-01-10T10:58:28.254+0000] {dag.py:3427} INFO - Setting next_dagrun for example_short_circuit_decorator to 2023-01-09T10:58:28.254267+00:00, run_after=2023-01-10T10:58:28.254267+00:00
[2023-01-10T10:58:28.268+0000] {processor.py:175} INFO - Processing /home/airflow/.local/lib/python3.7/site-packages/airflow/example_dags/example_short_circuit_decorator.py took 0.090 seconds
[2023-01-10T10:58:59.253+0000] {processor.py:153} INFO - Started process (PID=777) to work on /home/airflow/.local/lib/python3.7/site-packages/airflow/example_dags/example_short_circuit_decorator.py
[2023-01-10T10:58:59.253+0000] {processor.py:743} INFO - Processing file /home/airflow/.local/lib/python3.7/site-packages/airflow/example_dags/example_short_circuit_decorator.py for tasks to queue
[2023-01-10T10:58:59.254+0000] {logging_mixin.py:137} INFO - [2023-01-10T10:58:59.254+0000] {dagbag.py:538} INFO - Filling up the DagBag from /home/airflow/.local/lib/python3.7/site-packages/airflow/example_dags/example_short_circuit_decorator.py
[2023-01-10T10:58:59.275+0000] {processor.py:753} INFO - DAG(s) dict_keys(['example_short_circuit_decorator']) retrieved from /home/airflow/.local/lib/python3.7/site-packages/airflow/example_dags/example_short_circuit_decorator.py
[2023-01-10T10:58:59.312+0000] {logging_mixin.py:137} INFO - [2023-01-10T10:58:59.311+0000] {dag.py:2676} INFO - Sync 1 DAGs
[2023-01-10T10:58:59.345+0000] {logging_mixin.py:137} INFO - [2023-01-10T10:58:59.345+0000] {dag.py:3427} INFO - Setting next_dagrun for example_short_circuit_decorator to 2023-01-09T10:58:59.344877+00:00, run_after=2023-01-10T10:58:59.344877+00:00
[2023-01-10T10:58:59.369+0000] {processor.py:175} INFO - Processing /home/airflow/.local/lib/python3.7/site-packages/airflow/example_dags/example_short_circuit_decorator.py took 0.119 seconds
[2023-01-10T10:59:29.686+0000] {processor.py:153} INFO - Started process (PID=854) to work on /home/airflow/.local/lib/python3.7/site-packages/airflow/example_dags/example_short_circuit_decorator.py
[2023-01-10T10:59:29.687+0000] {processor.py:743} INFO - Processing file /home/airflow/.local/lib/python3.7/site-packages/airflow/example_dags/example_short_circuit_decorator.py for tasks to queue
[2023-01-10T10:59:29.687+0000] {logging_mixin.py:137} INFO - [2023-01-10T10:59:29.687+0000] {dagbag.py:538} INFO - Filling up the DagBag from /home/airflow/.local/lib/python3.7/site-packages/airflow/example_dags/example_short_circuit_decorator.py
[2023-01-10T10:59:29.711+0000] {processor.py:753} INFO - DAG(s) dict_keys(['example_short_circuit_decorator']) retrieved from /home/airflow/.local/lib/python3.7/site-packages/airflow/example_dags/example_short_circuit_decorator.py
[2023-01-10T10:59:29.742+0000] {logging_mixin.py:137} INFO - [2023-01-10T10:59:29.742+0000] {dag.py:2676} INFO - Sync 1 DAGs
[2023-01-10T10:59:29.764+0000] {logging_mixin.py:137} INFO - [2023-01-10T10:59:29.764+0000] {dag.py:3427} INFO - Setting next_dagrun for example_short_circuit_decorator to 2023-01-09T10:59:29.764657+00:00, run_after=2023-01-10T10:59:29.764657+00:00
[2023-01-10T10:59:29.783+0000] {processor.py:175} INFO - Processing /home/airflow/.local/lib/python3.7/site-packages/airflow/example_dags/example_short_circuit_decorator.py took 0.099 seconds
[2023-01-10T10:59:59.870+0000] {processor.py:153} INFO - Started process (PID=941) to work on /home/airflow/.local/lib/python3.7/site-packages/airflow/example_dags/example_short_circuit_decorator.py
[2023-01-10T10:59:59.871+0000] {processor.py:743} INFO - Processing file /home/airflow/.local/lib/python3.7/site-packages/airflow/example_dags/example_short_circuit_decorator.py for tasks to queue
[2023-01-10T10:59:59.871+0000] {logging_mixin.py:137} INFO - [2023-01-10T10:59:59.871+0000] {dagbag.py:538} INFO - Filling up the DagBag from /home/airflow/.local/lib/python3.7/site-packages/airflow/example_dags/example_short_circuit_decorator.py
[2023-01-10T10:59:59.895+0000] {processor.py:753} INFO - DAG(s) dict_keys(['example_short_circuit_decorator']) retrieved from /home/airflow/.local/lib/python3.7/site-packages/airflow/example_dags/example_short_circuit_decorator.py
[2023-01-10T10:59:59.931+0000] {logging_mixin.py:137} INFO - [2023-01-10T10:59:59.931+0000] {dag.py:2676} INFO - Sync 1 DAGs
[2023-01-10T10:59:59.957+0000] {logging_mixin.py:137} INFO - [2023-01-10T10:59:59.957+0000] {dag.py:3427} INFO - Setting next_dagrun for example_short_circuit_decorator to 2023-01-09T10:59:59.956894+00:00, run_after=2023-01-10T10:59:59.956894+00:00
[2023-01-10T10:59:59.972+0000] {processor.py:175} INFO - Processing /home/airflow/.local/lib/python3.7/site-packages/airflow/example_dags/example_short_circuit_decorator.py took 0.104 seconds
[2023-01-10T11:00:30.075+0000] {processor.py:153} INFO - Started process (PID=1011) to work on /home/airflow/.local/lib/python3.7/site-packages/airflow/example_dags/example_short_circuit_decorator.py
[2023-01-10T11:00:30.075+0000] {processor.py:743} INFO - Processing file /home/airflow/.local/lib/python3.7/site-packages/airflow/example_dags/example_short_circuit_decorator.py for tasks to queue
[2023-01-10T11:00:30.076+0000] {logging_mixin.py:137} INFO - [2023-01-10T11:00:30.076+0000] {dagbag.py:538} INFO - Filling up the DagBag from /home/airflow/.local/lib/python3.7/site-packages/airflow/example_dags/example_short_circuit_decorator.py
[2023-01-10T11:00:30.098+0000] {processor.py:753} INFO - DAG(s) dict_keys(['example_short_circuit_decorator']) retrieved from /home/airflow/.local/lib/python3.7/site-packages/airflow/example_dags/example_short_circuit_decorator.py
[2023-01-10T11:00:30.127+0000] {logging_mixin.py:137} INFO - [2023-01-10T11:00:30.126+0000] {dag.py:2676} INFO - Sync 1 DAGs
[2023-01-10T11:00:30.153+0000] {logging_mixin.py:137} INFO - [2023-01-10T11:00:30.152+0000] {dag.py:3427} INFO - Setting next_dagrun for example_short_circuit_decorator to 2023-01-09T11:00:30.152686+00:00, run_after=2023-01-10T11:00:30.152686+00:00
[2023-01-10T11:00:30.168+0000] {processor.py:175} INFO - Processing /home/airflow/.local/lib/python3.7/site-packages/airflow/example_dags/example_short_circuit_decorator.py took 0.095 seconds
[2023-01-10T11:01:00.231+0000] {processor.py:153} INFO - Started process (PID=1097) to work on /home/airflow/.local/lib/python3.7/site-packages/airflow/example_dags/example_short_circuit_decorator.py
[2023-01-10T11:01:00.231+0000] {processor.py:743} INFO - Processing file /home/airflow/.local/lib/python3.7/site-packages/airflow/example_dags/example_short_circuit_decorator.py for tasks to queue
[2023-01-10T11:01:00.232+0000] {logging_mixin.py:137} INFO - [2023-01-10T11:01:00.232+0000] {dagbag.py:538} INFO - Filling up the DagBag from /home/airflow/.local/lib/python3.7/site-packages/airflow/example_dags/example_short_circuit_decorator.py
[2023-01-10T11:01:00.252+0000] {processor.py:753} INFO - DAG(s) dict_keys(['example_short_circuit_decorator']) retrieved from /home/airflow/.local/lib/python3.7/site-packages/airflow/example_dags/example_short_circuit_decorator.py
[2023-01-10T11:01:00.281+0000] {logging_mixin.py:137} INFO - [2023-01-10T11:01:00.281+0000] {dag.py:2676} INFO - Sync 1 DAGs
[2023-01-10T11:01:00.302+0000] {logging_mixin.py:137} INFO - [2023-01-10T11:01:00.302+0000] {dag.py:3427} INFO - Setting next_dagrun for example_short_circuit_decorator to 2023-01-09T11:01:00.302136+00:00, run_after=2023-01-10T11:01:00.302136+00:00
[2023-01-10T11:01:00.318+0000] {processor.py:175} INFO - Processing /home/airflow/.local/lib/python3.7/site-packages/airflow/example_dags/example_short_circuit_decorator.py took 0.089 seconds
[2023-01-10T11:01:30.407+0000] {processor.py:153} INFO - Started process (PID=1167) to work on /home/airflow/.local/lib/python3.7/site-packages/airflow/example_dags/example_short_circuit_decorator.py
[2023-01-10T11:01:30.407+0000] {processor.py:743} INFO - Processing file /home/airflow/.local/lib/python3.7/site-packages/airflow/example_dags/example_short_circuit_decorator.py for tasks to queue
[2023-01-10T11:01:30.408+0000] {logging_mixin.py:137} INFO - [2023-01-10T11:01:30.408+0000] {dagbag.py:538} INFO - Filling up the DagBag from /home/airflow/.local/lib/python3.7/site-packages/airflow/example_dags/example_short_circuit_decorator.py
[2023-01-10T11:01:30.428+0000] {processor.py:753} INFO - DAG(s) dict_keys(['example_short_circuit_decorator']) retrieved from /home/airflow/.local/lib/python3.7/site-packages/airflow/example_dags/example_short_circuit_decorator.py
[2023-01-10T11:01:30.457+0000] {logging_mixin.py:137} INFO - [2023-01-10T11:01:30.457+0000] {dag.py:2676} INFO - Sync 1 DAGs
[2023-01-10T11:01:30.478+0000] {logging_mixin.py:137} INFO - [2023-01-10T11:01:30.477+0000] {dag.py:3427} INFO - Setting next_dagrun for example_short_circuit_decorator to 2023-01-09T11:01:30.477823+00:00, run_after=2023-01-10T11:01:30.477823+00:00
[2023-01-10T11:01:30.491+0000] {processor.py:175} INFO - Processing /home/airflow/.local/lib/python3.7/site-packages/airflow/example_dags/example_short_circuit_decorator.py took 0.087 seconds
[2023-01-10T11:02:00.771+0000] {processor.py:153} INFO - Started process (PID=1254) to work on /home/airflow/.local/lib/python3.7/site-packages/airflow/example_dags/example_short_circuit_decorator.py
[2023-01-10T11:02:00.771+0000] {processor.py:743} INFO - Processing file /home/airflow/.local/lib/python3.7/site-packages/airflow/example_dags/example_short_circuit_decorator.py for tasks to queue
[2023-01-10T11:02:00.772+0000] {logging_mixin.py:137} INFO - [2023-01-10T11:02:00.772+0000] {dagbag.py:538} INFO - Filling up the DagBag from /home/airflow/.local/lib/python3.7/site-packages/airflow/example_dags/example_short_circuit_decorator.py
[2023-01-10T11:02:00.791+0000] {processor.py:753} INFO - DAG(s) dict_keys(['example_short_circuit_decorator']) retrieved from /home/airflow/.local/lib/python3.7/site-packages/airflow/example_dags/example_short_circuit_decorator.py
[2023-01-10T11:02:00.827+0000] {logging_mixin.py:137} INFO - [2023-01-10T11:02:00.827+0000] {dag.py:2676} INFO - Sync 1 DAGs
[2023-01-10T11:02:00.860+0000] {logging_mixin.py:137} INFO - [2023-01-10T11:02:00.860+0000] {dag.py:3427} INFO - Setting next_dagrun for example_short_circuit_decorator to 2023-01-09T11:02:00.860141+00:00, run_after=2023-01-10T11:02:00.860141+00:00
[2023-01-10T11:02:00.880+0000] {processor.py:175} INFO - Processing /home/airflow/.local/lib/python3.7/site-packages/airflow/example_dags/example_short_circuit_decorator.py took 0.111 seconds
[2023-01-10T11:02:30.904+0000] {processor.py:153} INFO - Started process (PID=1324) to work on /home/airflow/.local/lib/python3.7/site-packages/airflow/example_dags/example_short_circuit_decorator.py
[2023-01-10T11:02:30.905+0000] {processor.py:743} INFO - Processing file /home/airflow/.local/lib/python3.7/site-packages/airflow/example_dags/example_short_circuit_decorator.py for tasks to queue
[2023-01-10T11:02:30.905+0000] {logging_mixin.py:137} INFO - [2023-01-10T11:02:30.905+0000] {dagbag.py:538} INFO - Filling up the DagBag from /home/airflow/.local/lib/python3.7/site-packages/airflow/example_dags/example_short_circuit_decorator.py
[2023-01-10T11:02:30.924+0000] {processor.py:753} INFO - DAG(s) dict_keys(['example_short_circuit_decorator']) retrieved from /home/airflow/.local/lib/python3.7/site-packages/airflow/example_dags/example_short_circuit_decorator.py
[2023-01-10T11:02:30.952+0000] {logging_mixin.py:137} INFO - [2023-01-10T11:02:30.952+0000] {dag.py:2676} INFO - Sync 1 DAGs
[2023-01-10T11:02:30.972+0000] {logging_mixin.py:137} INFO - [2023-01-10T11:02:30.972+0000] {dag.py:3427} INFO - Setting next_dagrun for example_short_circuit_decorator to 2023-01-09T11:02:30.972422+00:00, run_after=2023-01-10T11:02:30.972422+00:00
[2023-01-10T11:02:30.987+0000] {processor.py:175} INFO - Processing /home/airflow/.local/lib/python3.7/site-packages/airflow/example_dags/example_short_circuit_decorator.py took 0.084 seconds
[2023-01-10T11:03:01.142+0000] {processor.py:153} INFO - Started process (PID=1410) to work on /home/airflow/.local/lib/python3.7/site-packages/airflow/example_dags/example_short_circuit_decorator.py
[2023-01-10T11:03:01.143+0000] {processor.py:743} INFO - Processing file /home/airflow/.local/lib/python3.7/site-packages/airflow/example_dags/example_short_circuit_decorator.py for tasks to queue
[2023-01-10T11:03:01.144+0000] {logging_mixin.py:137} INFO - [2023-01-10T11:03:01.144+0000] {dagbag.py:538} INFO - Filling up the DagBag from /home/airflow/.local/lib/python3.7/site-packages/airflow/example_dags/example_short_circuit_decorator.py
[2023-01-10T11:03:01.163+0000] {processor.py:753} INFO - DAG(s) dict_keys(['example_short_circuit_decorator']) retrieved from /home/airflow/.local/lib/python3.7/site-packages/airflow/example_dags/example_short_circuit_decorator.py
[2023-01-10T11:03:01.192+0000] {logging_mixin.py:137} INFO - [2023-01-10T11:03:01.191+0000] {dag.py:2676} INFO - Sync 1 DAGs
[2023-01-10T11:03:01.211+0000] {logging_mixin.py:137} INFO - [2023-01-10T11:03:01.211+0000] {dag.py:3427} INFO - Setting next_dagrun for example_short_circuit_decorator to 2023-01-09T11:03:01.211456+00:00, run_after=2023-01-10T11:03:01.211456+00:00
[2023-01-10T11:03:01.226+0000] {processor.py:175} INFO - Processing /home/airflow/.local/lib/python3.7/site-packages/airflow/example_dags/example_short_circuit_decorator.py took 0.086 seconds
[2023-01-10T11:03:32.049+0000] {processor.py:153} INFO - Started process (PID=1481) to work on /home/airflow/.local/lib/python3.7/site-packages/airflow/example_dags/example_short_circuit_decorator.py
[2023-01-10T11:03:32.050+0000] {processor.py:743} INFO - Processing file /home/airflow/.local/lib/python3.7/site-packages/airflow/example_dags/example_short_circuit_decorator.py for tasks to queue
[2023-01-10T11:03:32.050+0000] {logging_mixin.py:137} INFO - [2023-01-10T11:03:32.050+0000] {dagbag.py:538} INFO - Filling up the DagBag from /home/airflow/.local/lib/python3.7/site-packages/airflow/example_dags/example_short_circuit_decorator.py
[2023-01-10T11:03:32.069+0000] {processor.py:753} INFO - DAG(s) dict_keys(['example_short_circuit_decorator']) retrieved from /home/airflow/.local/lib/python3.7/site-packages/airflow/example_dags/example_short_circuit_decorator.py
[2023-01-10T11:03:32.102+0000] {logging_mixin.py:137} INFO - [2023-01-10T11:03:32.102+0000] {dag.py:2676} INFO - Sync 1 DAGs
[2023-01-10T11:03:32.126+0000] {logging_mixin.py:137} INFO - [2023-01-10T11:03:32.126+0000] {dag.py:3427} INFO - Setting next_dagrun for example_short_circuit_decorator to 2023-01-09T11:03:32.126200+00:00, run_after=2023-01-10T11:03:32.126200+00:00
[2023-01-10T11:03:32.141+0000] {processor.py:175} INFO - Processing /home/airflow/.local/lib/python3.7/site-packages/airflow/example_dags/example_short_circuit_decorator.py took 0.097 seconds
[2023-01-10T11:04:02.516+0000] {processor.py:153} INFO - Started process (PID=1567) to work on /home/airflow/.local/lib/python3.7/site-packages/airflow/example_dags/example_short_circuit_decorator.py
[2023-01-10T11:04:02.517+0000] {processor.py:743} INFO - Processing file /home/airflow/.local/lib/python3.7/site-packages/airflow/example_dags/example_short_circuit_decorator.py for tasks to queue
[2023-01-10T11:04:02.517+0000] {logging_mixin.py:137} INFO - [2023-01-10T11:04:02.517+0000] {dagbag.py:538} INFO - Filling up the DagBag from /home/airflow/.local/lib/python3.7/site-packages/airflow/example_dags/example_short_circuit_decorator.py
[2023-01-10T11:04:02.537+0000] {processor.py:753} INFO - DAG(s) dict_keys(['example_short_circuit_decorator']) retrieved from /home/airflow/.local/lib/python3.7/site-packages/airflow/example_dags/example_short_circuit_decorator.py
[2023-01-10T11:04:02.568+0000] {logging_mixin.py:137} INFO - [2023-01-10T11:04:02.568+0000] {dag.py:2676} INFO - Sync 1 DAGs
[2023-01-10T11:04:02.589+0000] {logging_mixin.py:137} INFO - [2023-01-10T11:04:02.589+0000] {dag.py:3427} INFO - Setting next_dagrun for example_short_circuit_decorator to 2023-01-09T11:04:02.588381+00:00, run_after=2023-01-10T11:04:02.588381+00:00
[2023-01-10T11:04:02.606+0000] {processor.py:175} INFO - Processing /home/airflow/.local/lib/python3.7/site-packages/airflow/example_dags/example_short_circuit_decorator.py took 0.091 seconds
[2023-01-10T11:04:33.490+0000] {processor.py:153} INFO - Started process (PID=1637) to work on /home/airflow/.local/lib/python3.7/site-packages/airflow/example_dags/example_short_circuit_decorator.py
[2023-01-10T11:04:33.491+0000] {processor.py:743} INFO - Processing file /home/airflow/.local/lib/python3.7/site-packages/airflow/example_dags/example_short_circuit_decorator.py for tasks to queue
[2023-01-10T11:04:33.491+0000] {logging_mixin.py:137} INFO - [2023-01-10T11:04:33.491+0000] {dagbag.py:538} INFO - Filling up the DagBag from /home/airflow/.local/lib/python3.7/site-packages/airflow/example_dags/example_short_circuit_decorator.py
[2023-01-10T11:04:33.516+0000] {processor.py:753} INFO - DAG(s) dict_keys(['example_short_circuit_decorator']) retrieved from /home/airflow/.local/lib/python3.7/site-packages/airflow/example_dags/example_short_circuit_decorator.py
[2023-01-10T11:04:33.557+0000] {logging_mixin.py:137} INFO - [2023-01-10T11:04:33.557+0000] {dag.py:2676} INFO - Sync 1 DAGs
[2023-01-10T11:04:33.588+0000] {logging_mixin.py:137} INFO - [2023-01-10T11:04:33.588+0000] {dag.py:3427} INFO - Setting next_dagrun for example_short_circuit_decorator to 2023-01-09T11:04:33.588291+00:00, run_after=2023-01-10T11:04:33.588291+00:00
[2023-01-10T11:04:33.608+0000] {processor.py:175} INFO - Processing /home/airflow/.local/lib/python3.7/site-packages/airflow/example_dags/example_short_circuit_decorator.py took 0.120 seconds
[2023-01-10T11:05:03.639+0000] {processor.py:153} INFO - Started process (PID=1723) to work on /home/airflow/.local/lib/python3.7/site-packages/airflow/example_dags/example_short_circuit_decorator.py
[2023-01-10T11:05:03.640+0000] {processor.py:743} INFO - Processing file /home/airflow/.local/lib/python3.7/site-packages/airflow/example_dags/example_short_circuit_decorator.py for tasks to queue
[2023-01-10T11:05:03.641+0000] {logging_mixin.py:137} INFO - [2023-01-10T11:05:03.640+0000] {dagbag.py:538} INFO - Filling up the DagBag from /home/airflow/.local/lib/python3.7/site-packages/airflow/example_dags/example_short_circuit_decorator.py
[2023-01-10T11:05:03.658+0000] {processor.py:753} INFO - DAG(s) dict_keys(['example_short_circuit_decorator']) retrieved from /home/airflow/.local/lib/python3.7/site-packages/airflow/example_dags/example_short_circuit_decorator.py
[2023-01-10T11:05:03.687+0000] {logging_mixin.py:137} INFO - [2023-01-10T11:05:03.687+0000] {dag.py:2676} INFO - Sync 1 DAGs
[2023-01-10T11:05:03.707+0000] {logging_mixin.py:137} INFO - [2023-01-10T11:05:03.707+0000] {dag.py:3427} INFO - Setting next_dagrun for example_short_circuit_decorator to 2023-01-09T11:05:03.707182+00:00, run_after=2023-01-10T11:05:03.707182+00:00
[2023-01-10T11:05:03.720+0000] {processor.py:175} INFO - Processing /home/airflow/.local/lib/python3.7/site-packages/airflow/example_dags/example_short_circuit_decorator.py took 0.083 seconds
[2023-01-10T11:05:33.822+0000] {processor.py:153} INFO - Started process (PID=1793) to work on /home/airflow/.local/lib/python3.7/site-packages/airflow/example_dags/example_short_circuit_decorator.py
[2023-01-10T11:05:33.823+0000] {processor.py:743} INFO - Processing file /home/airflow/.local/lib/python3.7/site-packages/airflow/example_dags/example_short_circuit_decorator.py for tasks to queue
[2023-01-10T11:05:33.823+0000] {logging_mixin.py:137} INFO - [2023-01-10T11:05:33.823+0000] {dagbag.py:538} INFO - Filling up the DagBag from /home/airflow/.local/lib/python3.7/site-packages/airflow/example_dags/example_short_circuit_decorator.py
[2023-01-10T11:05:33.842+0000] {processor.py:753} INFO - DAG(s) dict_keys(['example_short_circuit_decorator']) retrieved from /home/airflow/.local/lib/python3.7/site-packages/airflow/example_dags/example_short_circuit_decorator.py
[2023-01-10T11:05:33.872+0000] {logging_mixin.py:137} INFO - [2023-01-10T11:05:33.872+0000] {dag.py:2676} INFO - Sync 1 DAGs
[2023-01-10T11:05:33.892+0000] {logging_mixin.py:137} INFO - [2023-01-10T11:05:33.892+0000] {dag.py:3427} INFO - Setting next_dagrun for example_short_circuit_decorator to 2023-01-09T11:05:33.892254+00:00, run_after=2023-01-10T11:05:33.892254+00:00
[2023-01-10T11:05:33.911+0000] {processor.py:175} INFO - Processing /home/airflow/.local/lib/python3.7/site-packages/airflow/example_dags/example_short_circuit_decorator.py took 0.091 seconds
[2023-01-10T11:06:03.978+0000] {processor.py:153} INFO - Started process (PID=1879) to work on /home/airflow/.local/lib/python3.7/site-packages/airflow/example_dags/example_short_circuit_decorator.py
[2023-01-10T11:06:03.978+0000] {processor.py:743} INFO - Processing file /home/airflow/.local/lib/python3.7/site-packages/airflow/example_dags/example_short_circuit_decorator.py for tasks to queue
[2023-01-10T11:06:03.979+0000] {logging_mixin.py:137} INFO - [2023-01-10T11:06:03.979+0000] {dagbag.py:538} INFO - Filling up the DagBag from /home/airflow/.local/lib/python3.7/site-packages/airflow/example_dags/example_short_circuit_decorator.py
[2023-01-10T11:06:04.000+0000] {processor.py:753} INFO - DAG(s) dict_keys(['example_short_circuit_decorator']) retrieved from /home/airflow/.local/lib/python3.7/site-packages/airflow/example_dags/example_short_circuit_decorator.py
[2023-01-10T11:06:04.030+0000] {logging_mixin.py:137} INFO - [2023-01-10T11:06:04.030+0000] {dag.py:2676} INFO - Sync 1 DAGs
[2023-01-10T11:06:04.050+0000] {logging_mixin.py:137} INFO - [2023-01-10T11:06:04.050+0000] {dag.py:3427} INFO - Setting next_dagrun for example_short_circuit_decorator to 2023-01-09T11:06:04.049873+00:00, run_after=2023-01-10T11:06:04.049873+00:00
[2023-01-10T11:06:04.064+0000] {processor.py:175} INFO - Processing /home/airflow/.local/lib/python3.7/site-packages/airflow/example_dags/example_short_circuit_decorator.py took 0.088 seconds
[2023-01-10T11:06:34.447+0000] {processor.py:153} INFO - Started process (PID=1958) to work on /home/airflow/.local/lib/python3.7/site-packages/airflow/example_dags/example_short_circuit_decorator.py
[2023-01-10T11:06:34.448+0000] {processor.py:743} INFO - Processing file /home/airflow/.local/lib/python3.7/site-packages/airflow/example_dags/example_short_circuit_decorator.py for tasks to queue
[2023-01-10T11:06:34.449+0000] {logging_mixin.py:137} INFO - [2023-01-10T11:06:34.449+0000] {dagbag.py:538} INFO - Filling up the DagBag from /home/airflow/.local/lib/python3.7/site-packages/airflow/example_dags/example_short_circuit_decorator.py
[2023-01-10T11:06:34.475+0000] {processor.py:753} INFO - DAG(s) dict_keys(['example_short_circuit_decorator']) retrieved from /home/airflow/.local/lib/python3.7/site-packages/airflow/example_dags/example_short_circuit_decorator.py
[2023-01-10T11:06:34.516+0000] {logging_mixin.py:137} INFO - [2023-01-10T11:06:34.515+0000] {dag.py:2676} INFO - Sync 1 DAGs
[2023-01-10T11:06:34.541+0000] {logging_mixin.py:137} INFO - [2023-01-10T11:06:34.541+0000] {dag.py:3427} INFO - Setting next_dagrun for example_short_circuit_decorator to 2023-01-09T11:06:34.541427+00:00, run_after=2023-01-10T11:06:34.541427+00:00
[2023-01-10T11:06:34.559+0000] {processor.py:175} INFO - Processing /home/airflow/.local/lib/python3.7/site-packages/airflow/example_dags/example_short_circuit_decorator.py took 0.114 seconds
[2023-01-10T11:07:05.517+0000] {processor.py:153} INFO - Started process (PID=2035) to work on /home/airflow/.local/lib/python3.7/site-packages/airflow/example_dags/example_short_circuit_decorator.py
[2023-01-10T11:07:05.518+0000] {processor.py:743} INFO - Processing file /home/airflow/.local/lib/python3.7/site-packages/airflow/example_dags/example_short_circuit_decorator.py for tasks to queue
[2023-01-10T11:07:05.519+0000] {logging_mixin.py:137} INFO - [2023-01-10T11:07:05.518+0000] {dagbag.py:538} INFO - Filling up the DagBag from /home/airflow/.local/lib/python3.7/site-packages/airflow/example_dags/example_short_circuit_decorator.py
[2023-01-10T11:07:05.542+0000] {processor.py:753} INFO - DAG(s) dict_keys(['example_short_circuit_decorator']) retrieved from /home/airflow/.local/lib/python3.7/site-packages/airflow/example_dags/example_short_circuit_decorator.py
[2023-01-10T11:07:05.575+0000] {logging_mixin.py:137} INFO - [2023-01-10T11:07:05.574+0000] {dag.py:2676} INFO - Sync 1 DAGs
[2023-01-10T11:07:05.598+0000] {logging_mixin.py:137} INFO - [2023-01-10T11:07:05.598+0000] {dag.py:3427} INFO - Setting next_dagrun for example_short_circuit_decorator to 2023-01-09T11:07:05.598133+00:00, run_after=2023-01-10T11:07:05.598133+00:00
[2023-01-10T11:07:05.617+0000] {processor.py:175} INFO - Processing /home/airflow/.local/lib/python3.7/site-packages/airflow/example_dags/example_short_circuit_decorator.py took 0.102 seconds
[2023-01-10T11:07:36.034+0000] {processor.py:153} INFO - Started process (PID=2121) to work on /home/airflow/.local/lib/python3.7/site-packages/airflow/example_dags/example_short_circuit_decorator.py
[2023-01-10T11:07:36.034+0000] {processor.py:743} INFO - Processing file /home/airflow/.local/lib/python3.7/site-packages/airflow/example_dags/example_short_circuit_decorator.py for tasks to queue
[2023-01-10T11:07:36.035+0000] {logging_mixin.py:137} INFO - [2023-01-10T11:07:36.035+0000] {dagbag.py:538} INFO - Filling up the DagBag from /home/airflow/.local/lib/python3.7/site-packages/airflow/example_dags/example_short_circuit_decorator.py
[2023-01-10T11:07:36.053+0000] {processor.py:753} INFO - DAG(s) dict_keys(['example_short_circuit_decorator']) retrieved from /home/airflow/.local/lib/python3.7/site-packages/airflow/example_dags/example_short_circuit_decorator.py
[2023-01-10T11:07:36.080+0000] {logging_mixin.py:137} INFO - [2023-01-10T11:07:36.080+0000] {dag.py:2676} INFO - Sync 1 DAGs
[2023-01-10T11:07:36.101+0000] {logging_mixin.py:137} INFO - [2023-01-10T11:07:36.101+0000] {dag.py:3427} INFO - Setting next_dagrun for example_short_circuit_decorator to 2023-01-09T11:07:36.101591+00:00, run_after=2023-01-10T11:07:36.101591+00:00
[2023-01-10T11:07:36.117+0000] {processor.py:175} INFO - Processing /home/airflow/.local/lib/python3.7/site-packages/airflow/example_dags/example_short_circuit_decorator.py took 0.085 seconds
[2023-01-10T11:08:06.197+0000] {processor.py:153} INFO - Started process (PID=2191) to work on /home/airflow/.local/lib/python3.7/site-packages/airflow/example_dags/example_short_circuit_decorator.py
[2023-01-10T11:08:06.207+0000] {processor.py:743} INFO - Processing file /home/airflow/.local/lib/python3.7/site-packages/airflow/example_dags/example_short_circuit_decorator.py for tasks to queue
[2023-01-10T11:08:06.208+0000] {logging_mixin.py:137} INFO - [2023-01-10T11:08:06.208+0000] {dagbag.py:538} INFO - Filling up the DagBag from /home/airflow/.local/lib/python3.7/site-packages/airflow/example_dags/example_short_circuit_decorator.py
[2023-01-10T11:08:06.231+0000] {processor.py:753} INFO - DAG(s) dict_keys(['example_short_circuit_decorator']) retrieved from /home/airflow/.local/lib/python3.7/site-packages/airflow/example_dags/example_short_circuit_decorator.py
[2023-01-10T11:08:06.265+0000] {logging_mixin.py:137} INFO - [2023-01-10T11:08:06.265+0000] {dag.py:2676} INFO - Sync 1 DAGs
[2023-01-10T11:08:06.284+0000] {logging_mixin.py:137} INFO - [2023-01-10T11:08:06.284+0000] {dag.py:3427} INFO - Setting next_dagrun for example_short_circuit_decorator to 2023-01-09T11:08:06.284319+00:00, run_after=2023-01-10T11:08:06.284319+00:00
[2023-01-10T11:08:06.303+0000] {processor.py:175} INFO - Processing /home/airflow/.local/lib/python3.7/site-packages/airflow/example_dags/example_short_circuit_decorator.py took 0.108 seconds
[2023-01-10T11:08:36.390+0000] {processor.py:153} INFO - Started process (PID=2277) to work on /home/airflow/.local/lib/python3.7/site-packages/airflow/example_dags/example_short_circuit_decorator.py
[2023-01-10T11:08:36.391+0000] {processor.py:743} INFO - Processing file /home/airflow/.local/lib/python3.7/site-packages/airflow/example_dags/example_short_circuit_decorator.py for tasks to queue
[2023-01-10T11:08:36.391+0000] {logging_mixin.py:137} INFO - [2023-01-10T11:08:36.391+0000] {dagbag.py:538} INFO - Filling up the DagBag from /home/airflow/.local/lib/python3.7/site-packages/airflow/example_dags/example_short_circuit_decorator.py
[2023-01-10T11:08:36.411+0000] {processor.py:753} INFO - DAG(s) dict_keys(['example_short_circuit_decorator']) retrieved from /home/airflow/.local/lib/python3.7/site-packages/airflow/example_dags/example_short_circuit_decorator.py
[2023-01-10T11:08:36.440+0000] {logging_mixin.py:137} INFO - [2023-01-10T11:08:36.440+0000] {dag.py:2676} INFO - Sync 1 DAGs
[2023-01-10T11:08:36.462+0000] {logging_mixin.py:137} INFO - [2023-01-10T11:08:36.461+0000] {dag.py:3427} INFO - Setting next_dagrun for example_short_circuit_decorator to 2023-01-09T11:08:36.461748+00:00, run_after=2023-01-10T11:08:36.461748+00:00
[2023-01-10T11:08:36.476+0000] {processor.py:175} INFO - Processing /home/airflow/.local/lib/python3.7/site-packages/airflow/example_dags/example_short_circuit_decorator.py took 0.088 seconds
[2023-01-10T11:09:06.602+0000] {processor.py:153} INFO - Started process (PID=2347) to work on /home/airflow/.local/lib/python3.7/site-packages/airflow/example_dags/example_short_circuit_decorator.py
[2023-01-10T11:09:06.603+0000] {processor.py:743} INFO - Processing file /home/airflow/.local/lib/python3.7/site-packages/airflow/example_dags/example_short_circuit_decorator.py for tasks to queue
[2023-01-10T11:09:06.603+0000] {logging_mixin.py:137} INFO - [2023-01-10T11:09:06.603+0000] {dagbag.py:538} INFO - Filling up the DagBag from /home/airflow/.local/lib/python3.7/site-packages/airflow/example_dags/example_short_circuit_decorator.py
[2023-01-10T11:09:06.628+0000] {processor.py:753} INFO - DAG(s) dict_keys(['example_short_circuit_decorator']) retrieved from /home/airflow/.local/lib/python3.7/site-packages/airflow/example_dags/example_short_circuit_decorator.py
[2023-01-10T11:09:06.658+0000] {logging_mixin.py:137} INFO - [2023-01-10T11:09:06.658+0000] {dag.py:2676} INFO - Sync 1 DAGs
[2023-01-10T11:09:06.678+0000] {logging_mixin.py:137} INFO - [2023-01-10T11:09:06.678+0000] {dag.py:3427} INFO - Setting next_dagrun for example_short_circuit_decorator to 2023-01-09T11:09:06.678256+00:00, run_after=2023-01-10T11:09:06.678256+00:00
[2023-01-10T11:09:06.692+0000] {processor.py:175} INFO - Processing /home/airflow/.local/lib/python3.7/site-packages/airflow/example_dags/example_short_circuit_decorator.py took 0.092 seconds
[2023-01-10T11:09:36.986+0000] {processor.py:153} INFO - Started process (PID=2432) to work on /home/airflow/.local/lib/python3.7/site-packages/airflow/example_dags/example_short_circuit_decorator.py
[2023-01-10T11:09:36.996+0000] {processor.py:743} INFO - Processing file /home/airflow/.local/lib/python3.7/site-packages/airflow/example_dags/example_short_circuit_decorator.py for tasks to queue
[2023-01-10T11:09:36.997+0000] {logging_mixin.py:137} INFO - [2023-01-10T11:09:36.996+0000] {dagbag.py:538} INFO - Filling up the DagBag from /home/airflow/.local/lib/python3.7/site-packages/airflow/example_dags/example_short_circuit_decorator.py
[2023-01-10T11:09:37.016+0000] {processor.py:753} INFO - DAG(s) dict_keys(['example_short_circuit_decorator']) retrieved from /home/airflow/.local/lib/python3.7/site-packages/airflow/example_dags/example_short_circuit_decorator.py
[2023-01-10T11:09:37.052+0000] {logging_mixin.py:137} INFO - [2023-01-10T11:09:37.052+0000] {dag.py:2676} INFO - Sync 1 DAGs
[2023-01-10T11:09:37.072+0000] {logging_mixin.py:137} INFO - [2023-01-10T11:09:37.072+0000] {dag.py:3427} INFO - Setting next_dagrun for example_short_circuit_decorator to 2023-01-09T11:09:37.072690+00:00, run_after=2023-01-10T11:09:37.072690+00:00
[2023-01-10T11:09:37.087+0000] {processor.py:175} INFO - Processing /home/airflow/.local/lib/python3.7/site-packages/airflow/example_dags/example_short_circuit_decorator.py took 0.104 seconds
[2023-01-10T11:10:07.975+0000] {processor.py:153} INFO - Started process (PID=2502) to work on /home/airflow/.local/lib/python3.7/site-packages/airflow/example_dags/example_short_circuit_decorator.py
[2023-01-10T11:10:07.975+0000] {processor.py:743} INFO - Processing file /home/airflow/.local/lib/python3.7/site-packages/airflow/example_dags/example_short_circuit_decorator.py for tasks to queue
[2023-01-10T11:10:07.976+0000] {logging_mixin.py:137} INFO - [2023-01-10T11:10:07.976+0000] {dagbag.py:538} INFO - Filling up the DagBag from /home/airflow/.local/lib/python3.7/site-packages/airflow/example_dags/example_short_circuit_decorator.py
[2023-01-10T11:10:07.996+0000] {processor.py:753} INFO - DAG(s) dict_keys(['example_short_circuit_decorator']) retrieved from /home/airflow/.local/lib/python3.7/site-packages/airflow/example_dags/example_short_circuit_decorator.py
[2023-01-10T11:10:08.023+0000] {logging_mixin.py:137} INFO - [2023-01-10T11:10:08.022+0000] {dag.py:2676} INFO - Sync 1 DAGs
[2023-01-10T11:10:08.042+0000] {logging_mixin.py:137} INFO - [2023-01-10T11:10:08.041+0000] {dag.py:3427} INFO - Setting next_dagrun for example_short_circuit_decorator to 2023-01-09T11:10:08.041729+00:00, run_after=2023-01-10T11:10:08.041729+00:00
[2023-01-10T11:10:08.054+0000] {processor.py:175} INFO - Processing /home/airflow/.local/lib/python3.7/site-packages/airflow/example_dags/example_short_circuit_decorator.py took 0.081 seconds
