[2023-01-10T10:54:21.824+0000] {processor.py:153} INFO - Started process (PID=60) to work on /home/airflow/.local/lib/python3.7/site-packages/airflow/example_dags/example_dag_decorator.py
[2023-01-10T10:54:21.825+0000] {processor.py:743} INFO - Processing file /home/airflow/.local/lib/python3.7/site-packages/airflow/example_dags/example_dag_decorator.py for tasks to queue
[2023-01-10T10:54:21.826+0000] {logging_mixin.py:137} INFO - [2023-01-10T10:54:21.826+0000] {dagbag.py:538} INFO - Filling up the DagBag from /home/airflow/.local/lib/python3.7/site-packages/airflow/example_dags/example_dag_decorator.py
[2023-01-10T10:54:21.851+0000] {logging_mixin.py:137} INFO - [2023-01-10T10:54:21.850+0000] {taskmixin.py:205} WARNING - Dependency <Task(_PythonDecoratedOperator): prepare_email>, send_email already registered for DAG: example_dag_decorator
[2023-01-10T10:54:21.851+0000] {logging_mixin.py:137} INFO - [2023-01-10T10:54:21.851+0000] {taskmixin.py:205} WARNING - Dependency <Task(EmailOperator): send_email>, prepare_email already registered for DAG: example_dag_decorator
[2023-01-10T10:54:21.876+0000] {processor.py:753} INFO - DAG(s) dict_keys(['example_dag_decorator']) retrieved from /home/airflow/.local/lib/python3.7/site-packages/airflow/example_dags/example_dag_decorator.py
[2023-01-10T10:54:22.051+0000] {logging_mixin.py:137} INFO - [2023-01-10T10:54:22.050+0000] {manager.py:504} INFO - Created Permission View: can delete on DAG:example_dag_decorator
[2023-01-10T10:54:22.065+0000] {logging_mixin.py:137} INFO - [2023-01-10T10:54:22.065+0000] {manager.py:504} INFO - Created Permission View: can read on DAG:example_dag_decorator
[2023-01-10T10:54:22.076+0000] {logging_mixin.py:137} INFO - [2023-01-10T10:54:22.076+0000] {manager.py:504} INFO - Created Permission View: can edit on DAG:example_dag_decorator
[2023-01-10T10:54:22.077+0000] {logging_mixin.py:137} INFO - [2023-01-10T10:54:22.076+0000] {dag.py:2676} INFO - Sync 1 DAGs
[2023-01-10T10:54:22.097+0000] {logging_mixin.py:137} INFO - [2023-01-10T10:54:22.097+0000] {dag.py:2697} INFO - Creating ORM DAG for example_dag_decorator
[2023-01-10T10:54:22.117+0000] {logging_mixin.py:137} INFO - [2023-01-10T10:54:22.117+0000] {dag.py:3427} INFO - Setting next_dagrun for example_dag_decorator to None, run_after=None
[2023-01-10T10:54:22.158+0000] {processor.py:175} INFO - Processing /home/airflow/.local/lib/python3.7/site-packages/airflow/example_dags/example_dag_decorator.py took 0.337 seconds
[2023-01-10T10:54:52.746+0000] {processor.py:153} INFO - Started process (PID=137) to work on /home/airflow/.local/lib/python3.7/site-packages/airflow/example_dags/example_dag_decorator.py
[2023-01-10T10:54:52.747+0000] {processor.py:743} INFO - Processing file /home/airflow/.local/lib/python3.7/site-packages/airflow/example_dags/example_dag_decorator.py for tasks to queue
[2023-01-10T10:54:52.747+0000] {logging_mixin.py:137} INFO - [2023-01-10T10:54:52.747+0000] {dagbag.py:538} INFO - Filling up the DagBag from /home/airflow/.local/lib/python3.7/site-packages/airflow/example_dags/example_dag_decorator.py
[2023-01-10T10:54:52.761+0000] {logging_mixin.py:137} INFO - [2023-01-10T10:54:52.761+0000] {taskmixin.py:205} WARNING - Dependency <Task(_PythonDecoratedOperator): prepare_email>, send_email already registered for DAG: example_dag_decorator
[2023-01-10T10:54:52.762+0000] {logging_mixin.py:137} INFO - [2023-01-10T10:54:52.762+0000] {taskmixin.py:205} WARNING - Dependency <Task(EmailOperator): send_email>, prepare_email already registered for DAG: example_dag_decorator
[2023-01-10T10:54:52.770+0000] {processor.py:753} INFO - DAG(s) dict_keys(['example_dag_decorator']) retrieved from /home/airflow/.local/lib/python3.7/site-packages/airflow/example_dags/example_dag_decorator.py
[2023-01-10T10:54:52.829+0000] {logging_mixin.py:137} INFO - [2023-01-10T10:54:52.829+0000] {dag.py:2676} INFO - Sync 1 DAGs
[2023-01-10T10:54:52.847+0000] {logging_mixin.py:137} INFO - [2023-01-10T10:54:52.847+0000] {dag.py:3427} INFO - Setting next_dagrun for example_dag_decorator to None, run_after=None
[2023-01-10T10:54:52.866+0000] {processor.py:175} INFO - Processing /home/airflow/.local/lib/python3.7/site-packages/airflow/example_dags/example_dag_decorator.py took 0.123 seconds
[2023-01-10T10:55:23.592+0000] {processor.py:153} INFO - Started process (PID=217) to work on /home/airflow/.local/lib/python3.7/site-packages/airflow/example_dags/example_dag_decorator.py
[2023-01-10T10:55:23.601+0000] {processor.py:743} INFO - Processing file /home/airflow/.local/lib/python3.7/site-packages/airflow/example_dags/example_dag_decorator.py for tasks to queue
[2023-01-10T10:55:23.602+0000] {logging_mixin.py:137} INFO - [2023-01-10T10:55:23.602+0000] {dagbag.py:538} INFO - Filling up the DagBag from /home/airflow/.local/lib/python3.7/site-packages/airflow/example_dags/example_dag_decorator.py
[2023-01-10T10:55:23.635+0000] {logging_mixin.py:137} INFO - [2023-01-10T10:55:23.635+0000] {taskmixin.py:205} WARNING - Dependency <Task(_PythonDecoratedOperator): prepare_email>, send_email already registered for DAG: example_dag_decorator
[2023-01-10T10:55:23.635+0000] {logging_mixin.py:137} INFO - [2023-01-10T10:55:23.635+0000] {taskmixin.py:205} WARNING - Dependency <Task(EmailOperator): send_email>, prepare_email already registered for DAG: example_dag_decorator
[2023-01-10T10:55:23.647+0000] {processor.py:753} INFO - DAG(s) dict_keys(['example_dag_decorator']) retrieved from /home/airflow/.local/lib/python3.7/site-packages/airflow/example_dags/example_dag_decorator.py
[2023-01-10T10:55:23.761+0000] {logging_mixin.py:137} INFO - [2023-01-10T10:55:23.761+0000] {dag.py:2676} INFO - Sync 1 DAGs
[2023-01-10T10:55:23.802+0000] {logging_mixin.py:137} INFO - [2023-01-10T10:55:23.802+0000] {dag.py:3427} INFO - Setting next_dagrun for example_dag_decorator to None, run_after=None
[2023-01-10T10:55:23.843+0000] {processor.py:175} INFO - Processing /home/airflow/.local/lib/python3.7/site-packages/airflow/example_dags/example_dag_decorator.py took 0.254 seconds
[2023-01-10T10:55:54.411+0000] {processor.py:153} INFO - Started process (PID=295) to work on /home/airflow/.local/lib/python3.7/site-packages/airflow/example_dags/example_dag_decorator.py
[2023-01-10T10:55:54.412+0000] {processor.py:743} INFO - Processing file /home/airflow/.local/lib/python3.7/site-packages/airflow/example_dags/example_dag_decorator.py for tasks to queue
[2023-01-10T10:55:54.412+0000] {logging_mixin.py:137} INFO - [2023-01-10T10:55:54.412+0000] {dagbag.py:538} INFO - Filling up the DagBag from /home/airflow/.local/lib/python3.7/site-packages/airflow/example_dags/example_dag_decorator.py
[2023-01-10T10:55:54.427+0000] {logging_mixin.py:137} INFO - [2023-01-10T10:55:54.427+0000] {taskmixin.py:205} WARNING - Dependency <Task(_PythonDecoratedOperator): prepare_email>, send_email already registered for DAG: example_dag_decorator
[2023-01-10T10:55:54.427+0000] {logging_mixin.py:137} INFO - [2023-01-10T10:55:54.427+0000] {taskmixin.py:205} WARNING - Dependency <Task(EmailOperator): send_email>, prepare_email already registered for DAG: example_dag_decorator
[2023-01-10T10:55:54.436+0000] {processor.py:753} INFO - DAG(s) dict_keys(['example_dag_decorator']) retrieved from /home/airflow/.local/lib/python3.7/site-packages/airflow/example_dags/example_dag_decorator.py
[2023-01-10T10:55:54.493+0000] {logging_mixin.py:137} INFO - [2023-01-10T10:55:54.493+0000] {dag.py:2676} INFO - Sync 1 DAGs
[2023-01-10T10:55:54.511+0000] {logging_mixin.py:137} INFO - [2023-01-10T10:55:54.511+0000] {dag.py:3427} INFO - Setting next_dagrun for example_dag_decorator to None, run_after=None
[2023-01-10T10:55:54.528+0000] {processor.py:175} INFO - Processing /home/airflow/.local/lib/python3.7/site-packages/airflow/example_dags/example_dag_decorator.py took 0.119 seconds
[2023-01-10T10:56:24.671+0000] {processor.py:153} INFO - Started process (PID=382) to work on /home/airflow/.local/lib/python3.7/site-packages/airflow/example_dags/example_dag_decorator.py
[2023-01-10T10:56:24.671+0000] {processor.py:743} INFO - Processing file /home/airflow/.local/lib/python3.7/site-packages/airflow/example_dags/example_dag_decorator.py for tasks to queue
[2023-01-10T10:56:24.672+0000] {logging_mixin.py:137} INFO - [2023-01-10T10:56:24.672+0000] {dagbag.py:538} INFO - Filling up the DagBag from /home/airflow/.local/lib/python3.7/site-packages/airflow/example_dags/example_dag_decorator.py
[2023-01-10T10:56:24.688+0000] {logging_mixin.py:137} INFO - [2023-01-10T10:56:24.688+0000] {taskmixin.py:205} WARNING - Dependency <Task(_PythonDecoratedOperator): prepare_email>, send_email already registered for DAG: example_dag_decorator
[2023-01-10T10:56:24.688+0000] {logging_mixin.py:137} INFO - [2023-01-10T10:56:24.688+0000] {taskmixin.py:205} WARNING - Dependency <Task(EmailOperator): send_email>, prepare_email already registered for DAG: example_dag_decorator
[2023-01-10T10:56:24.700+0000] {processor.py:753} INFO - DAG(s) dict_keys(['example_dag_decorator']) retrieved from /home/airflow/.local/lib/python3.7/site-packages/airflow/example_dags/example_dag_decorator.py
[2023-01-10T10:56:24.769+0000] {logging_mixin.py:137} INFO - [2023-01-10T10:56:24.769+0000] {dag.py:2676} INFO - Sync 1 DAGs
[2023-01-10T10:56:24.790+0000] {logging_mixin.py:137} INFO - [2023-01-10T10:56:24.790+0000] {dag.py:3427} INFO - Setting next_dagrun for example_dag_decorator to None, run_after=None
[2023-01-10T10:56:24.806+0000] {processor.py:175} INFO - Processing /home/airflow/.local/lib/python3.7/site-packages/airflow/example_dags/example_dag_decorator.py took 0.137 seconds
[2023-01-10T10:56:55.568+0000] {processor.py:153} INFO - Started process (PID=451) to work on /home/airflow/.local/lib/python3.7/site-packages/airflow/example_dags/example_dag_decorator.py
[2023-01-10T10:56:55.568+0000] {processor.py:743} INFO - Processing file /home/airflow/.local/lib/python3.7/site-packages/airflow/example_dags/example_dag_decorator.py for tasks to queue
[2023-01-10T10:56:55.569+0000] {logging_mixin.py:137} INFO - [2023-01-10T10:56:55.569+0000] {dagbag.py:538} INFO - Filling up the DagBag from /home/airflow/.local/lib/python3.7/site-packages/airflow/example_dags/example_dag_decorator.py
[2023-01-10T10:56:55.583+0000] {logging_mixin.py:137} INFO - [2023-01-10T10:56:55.583+0000] {taskmixin.py:205} WARNING - Dependency <Task(_PythonDecoratedOperator): prepare_email>, send_email already registered for DAG: example_dag_decorator
[2023-01-10T10:56:55.583+0000] {logging_mixin.py:137} INFO - [2023-01-10T10:56:55.583+0000] {taskmixin.py:205} WARNING - Dependency <Task(EmailOperator): send_email>, prepare_email already registered for DAG: example_dag_decorator
[2023-01-10T10:56:55.592+0000] {processor.py:753} INFO - DAG(s) dict_keys(['example_dag_decorator']) retrieved from /home/airflow/.local/lib/python3.7/site-packages/airflow/example_dags/example_dag_decorator.py
[2023-01-10T10:56:55.655+0000] {logging_mixin.py:137} INFO - [2023-01-10T10:56:55.655+0000] {dag.py:2676} INFO - Sync 1 DAGs
[2023-01-10T10:56:55.675+0000] {logging_mixin.py:137} INFO - [2023-01-10T10:56:55.675+0000] {dag.py:3427} INFO - Setting next_dagrun for example_dag_decorator to None, run_after=None
[2023-01-10T10:56:55.691+0000] {processor.py:175} INFO - Processing /home/airflow/.local/lib/python3.7/site-packages/airflow/example_dags/example_dag_decorator.py took 0.126 seconds
[2023-01-10T10:57:25.879+0000] {processor.py:153} INFO - Started process (PID=537) to work on /home/airflow/.local/lib/python3.7/site-packages/airflow/example_dags/example_dag_decorator.py
[2023-01-10T10:57:25.880+0000] {processor.py:743} INFO - Processing file /home/airflow/.local/lib/python3.7/site-packages/airflow/example_dags/example_dag_decorator.py for tasks to queue
[2023-01-10T10:57:25.880+0000] {logging_mixin.py:137} INFO - [2023-01-10T10:57:25.880+0000] {dagbag.py:538} INFO - Filling up the DagBag from /home/airflow/.local/lib/python3.7/site-packages/airflow/example_dags/example_dag_decorator.py
[2023-01-10T10:57:25.894+0000] {logging_mixin.py:137} INFO - [2023-01-10T10:57:25.893+0000] {taskmixin.py:205} WARNING - Dependency <Task(_PythonDecoratedOperator): prepare_email>, send_email already registered for DAG: example_dag_decorator
[2023-01-10T10:57:25.894+0000] {logging_mixin.py:137} INFO - [2023-01-10T10:57:25.894+0000] {taskmixin.py:205} WARNING - Dependency <Task(EmailOperator): send_email>, prepare_email already registered for DAG: example_dag_decorator
[2023-01-10T10:57:25.902+0000] {processor.py:753} INFO - DAG(s) dict_keys(['example_dag_decorator']) retrieved from /home/airflow/.local/lib/python3.7/site-packages/airflow/example_dags/example_dag_decorator.py
[2023-01-10T10:57:25.966+0000] {logging_mixin.py:137} INFO - [2023-01-10T10:57:25.966+0000] {dag.py:2676} INFO - Sync 1 DAGs
[2023-01-10T10:57:25.985+0000] {logging_mixin.py:137} INFO - [2023-01-10T10:57:25.985+0000] {dag.py:3427} INFO - Setting next_dagrun for example_dag_decorator to None, run_after=None
[2023-01-10T10:57:26.002+0000] {processor.py:175} INFO - Processing /home/airflow/.local/lib/python3.7/site-packages/airflow/example_dags/example_dag_decorator.py took 0.125 seconds
[2023-01-10T10:57:56.884+0000] {processor.py:153} INFO - Started process (PID=607) to work on /home/airflow/.local/lib/python3.7/site-packages/airflow/example_dags/example_dag_decorator.py
[2023-01-10T10:57:56.885+0000] {processor.py:743} INFO - Processing file /home/airflow/.local/lib/python3.7/site-packages/airflow/example_dags/example_dag_decorator.py for tasks to queue
[2023-01-10T10:57:56.885+0000] {logging_mixin.py:137} INFO - [2023-01-10T10:57:56.885+0000] {dagbag.py:538} INFO - Filling up the DagBag from /home/airflow/.local/lib/python3.7/site-packages/airflow/example_dags/example_dag_decorator.py
[2023-01-10T10:57:56.898+0000] {logging_mixin.py:137} INFO - [2023-01-10T10:57:56.898+0000] {taskmixin.py:205} WARNING - Dependency <Task(_PythonDecoratedOperator): prepare_email>, send_email already registered for DAG: example_dag_decorator
[2023-01-10T10:57:56.898+0000] {logging_mixin.py:137} INFO - [2023-01-10T10:57:56.898+0000] {taskmixin.py:205} WARNING - Dependency <Task(EmailOperator): send_email>, prepare_email already registered for DAG: example_dag_decorator
[2023-01-10T10:57:56.907+0000] {processor.py:753} INFO - DAG(s) dict_keys(['example_dag_decorator']) retrieved from /home/airflow/.local/lib/python3.7/site-packages/airflow/example_dags/example_dag_decorator.py
[2023-01-10T10:57:56.969+0000] {logging_mixin.py:137} INFO - [2023-01-10T10:57:56.969+0000] {dag.py:2676} INFO - Sync 1 DAGs
[2023-01-10T10:57:56.990+0000] {logging_mixin.py:137} INFO - [2023-01-10T10:57:56.990+0000] {dag.py:3427} INFO - Setting next_dagrun for example_dag_decorator to None, run_after=None
[2023-01-10T10:57:57.004+0000] {processor.py:175} INFO - Processing /home/airflow/.local/lib/python3.7/site-packages/airflow/example_dags/example_dag_decorator.py took 0.124 seconds
[2023-01-10T10:58:27.837+0000] {processor.py:153} INFO - Started process (PID=693) to work on /home/airflow/.local/lib/python3.7/site-packages/airflow/example_dags/example_dag_decorator.py
[2023-01-10T10:58:27.838+0000] {processor.py:743} INFO - Processing file /home/airflow/.local/lib/python3.7/site-packages/airflow/example_dags/example_dag_decorator.py for tasks to queue
[2023-01-10T10:58:27.838+0000] {logging_mixin.py:137} INFO - [2023-01-10T10:58:27.838+0000] {dagbag.py:538} INFO - Filling up the DagBag from /home/airflow/.local/lib/python3.7/site-packages/airflow/example_dags/example_dag_decorator.py
[2023-01-10T10:58:27.851+0000] {logging_mixin.py:137} INFO - [2023-01-10T10:58:27.851+0000] {taskmixin.py:205} WARNING - Dependency <Task(_PythonDecoratedOperator): prepare_email>, send_email already registered for DAG: example_dag_decorator
[2023-01-10T10:58:27.851+0000] {logging_mixin.py:137} INFO - [2023-01-10T10:58:27.851+0000] {taskmixin.py:205} WARNING - Dependency <Task(EmailOperator): send_email>, prepare_email already registered for DAG: example_dag_decorator
[2023-01-10T10:58:27.859+0000] {processor.py:753} INFO - DAG(s) dict_keys(['example_dag_decorator']) retrieved from /home/airflow/.local/lib/python3.7/site-packages/airflow/example_dags/example_dag_decorator.py
[2023-01-10T10:58:27.923+0000] {logging_mixin.py:137} INFO - [2023-01-10T10:58:27.923+0000] {dag.py:2676} INFO - Sync 1 DAGs
[2023-01-10T10:58:27.942+0000] {logging_mixin.py:137} INFO - [2023-01-10T10:58:27.942+0000] {dag.py:3427} INFO - Setting next_dagrun for example_dag_decorator to None, run_after=None
[2023-01-10T10:58:27.958+0000] {processor.py:175} INFO - Processing /home/airflow/.local/lib/python3.7/site-packages/airflow/example_dags/example_dag_decorator.py took 0.123 seconds
[2023-01-10T10:58:58.807+0000] {processor.py:153} INFO - Started process (PID=762) to work on /home/airflow/.local/lib/python3.7/site-packages/airflow/example_dags/example_dag_decorator.py
[2023-01-10T10:58:58.814+0000] {processor.py:743} INFO - Processing file /home/airflow/.local/lib/python3.7/site-packages/airflow/example_dags/example_dag_decorator.py for tasks to queue
[2023-01-10T10:58:58.814+0000] {logging_mixin.py:137} INFO - [2023-01-10T10:58:58.814+0000] {dagbag.py:538} INFO - Filling up the DagBag from /home/airflow/.local/lib/python3.7/site-packages/airflow/example_dags/example_dag_decorator.py
[2023-01-10T10:58:58.828+0000] {logging_mixin.py:137} INFO - [2023-01-10T10:58:58.828+0000] {taskmixin.py:205} WARNING - Dependency <Task(_PythonDecoratedOperator): prepare_email>, send_email already registered for DAG: example_dag_decorator
[2023-01-10T10:58:58.828+0000] {logging_mixin.py:137} INFO - [2023-01-10T10:58:58.828+0000] {taskmixin.py:205} WARNING - Dependency <Task(EmailOperator): send_email>, prepare_email already registered for DAG: example_dag_decorator
[2023-01-10T10:58:58.837+0000] {processor.py:753} INFO - DAG(s) dict_keys(['example_dag_decorator']) retrieved from /home/airflow/.local/lib/python3.7/site-packages/airflow/example_dags/example_dag_decorator.py
[2023-01-10T10:58:58.903+0000] {logging_mixin.py:137} INFO - [2023-01-10T10:58:58.903+0000] {dag.py:2676} INFO - Sync 1 DAGs
[2023-01-10T10:58:58.933+0000] {logging_mixin.py:137} INFO - [2023-01-10T10:58:58.933+0000] {dag.py:3427} INFO - Setting next_dagrun for example_dag_decorator to None, run_after=None
[2023-01-10T10:58:58.959+0000] {processor.py:175} INFO - Processing /home/airflow/.local/lib/python3.7/site-packages/airflow/example_dags/example_dag_decorator.py took 0.154 seconds
[2023-01-10T10:59:29.201+0000] {processor.py:153} INFO - Started process (PID=848) to work on /home/airflow/.local/lib/python3.7/site-packages/airflow/example_dags/example_dag_decorator.py
[2023-01-10T10:59:29.206+0000] {processor.py:743} INFO - Processing file /home/airflow/.local/lib/python3.7/site-packages/airflow/example_dags/example_dag_decorator.py for tasks to queue
[2023-01-10T10:59:29.206+0000] {logging_mixin.py:137} INFO - [2023-01-10T10:59:29.206+0000] {dagbag.py:538} INFO - Filling up the DagBag from /home/airflow/.local/lib/python3.7/site-packages/airflow/example_dags/example_dag_decorator.py
[2023-01-10T10:59:29.221+0000] {logging_mixin.py:137} INFO - [2023-01-10T10:59:29.221+0000] {taskmixin.py:205} WARNING - Dependency <Task(_PythonDecoratedOperator): prepare_email>, send_email already registered for DAG: example_dag_decorator
[2023-01-10T10:59:29.222+0000] {logging_mixin.py:137} INFO - [2023-01-10T10:59:29.222+0000] {taskmixin.py:205} WARNING - Dependency <Task(EmailOperator): send_email>, prepare_email already registered for DAG: example_dag_decorator
[2023-01-10T10:59:29.232+0000] {processor.py:753} INFO - DAG(s) dict_keys(['example_dag_decorator']) retrieved from /home/airflow/.local/lib/python3.7/site-packages/airflow/example_dags/example_dag_decorator.py
[2023-01-10T10:59:29.314+0000] {logging_mixin.py:137} INFO - [2023-01-10T10:59:29.314+0000] {dag.py:2676} INFO - Sync 1 DAGs
[2023-01-10T10:59:29.342+0000] {logging_mixin.py:137} INFO - [2023-01-10T10:59:29.342+0000] {dag.py:3427} INFO - Setting next_dagrun for example_dag_decorator to None, run_after=None
[2023-01-10T10:59:29.362+0000] {processor.py:175} INFO - Processing /home/airflow/.local/lib/python3.7/site-packages/airflow/example_dags/example_dag_decorator.py took 0.164 seconds
[2023-01-10T10:59:59.499+0000] {processor.py:153} INFO - Started process (PID=928) to work on /home/airflow/.local/lib/python3.7/site-packages/airflow/example_dags/example_dag_decorator.py
[2023-01-10T10:59:59.499+0000] {processor.py:743} INFO - Processing file /home/airflow/.local/lib/python3.7/site-packages/airflow/example_dags/example_dag_decorator.py for tasks to queue
[2023-01-10T10:59:59.499+0000] {logging_mixin.py:137} INFO - [2023-01-10T10:59:59.499+0000] {dagbag.py:538} INFO - Filling up the DagBag from /home/airflow/.local/lib/python3.7/site-packages/airflow/example_dags/example_dag_decorator.py
[2023-01-10T10:59:59.512+0000] {logging_mixin.py:137} INFO - [2023-01-10T10:59:59.512+0000] {taskmixin.py:205} WARNING - Dependency <Task(_PythonDecoratedOperator): prepare_email>, send_email already registered for DAG: example_dag_decorator
[2023-01-10T10:59:59.512+0000] {logging_mixin.py:137} INFO - [2023-01-10T10:59:59.512+0000] {taskmixin.py:205} WARNING - Dependency <Task(EmailOperator): send_email>, prepare_email already registered for DAG: example_dag_decorator
[2023-01-10T10:59:59.522+0000] {processor.py:753} INFO - DAG(s) dict_keys(['example_dag_decorator']) retrieved from /home/airflow/.local/lib/python3.7/site-packages/airflow/example_dags/example_dag_decorator.py
[2023-01-10T10:59:59.584+0000] {logging_mixin.py:137} INFO - [2023-01-10T10:59:59.584+0000] {dag.py:2676} INFO - Sync 1 DAGs
[2023-01-10T10:59:59.604+0000] {logging_mixin.py:137} INFO - [2023-01-10T10:59:59.604+0000] {dag.py:3427} INFO - Setting next_dagrun for example_dag_decorator to None, run_after=None
[2023-01-10T10:59:59.620+0000] {processor.py:175} INFO - Processing /home/airflow/.local/lib/python3.7/site-packages/airflow/example_dags/example_dag_decorator.py took 0.123 seconds
[2023-01-10T11:00:29.689+0000] {processor.py:153} INFO - Started process (PID=1005) to work on /home/airflow/.local/lib/python3.7/site-packages/airflow/example_dags/example_dag_decorator.py
[2023-01-10T11:00:29.696+0000] {processor.py:743} INFO - Processing file /home/airflow/.local/lib/python3.7/site-packages/airflow/example_dags/example_dag_decorator.py for tasks to queue
[2023-01-10T11:00:29.697+0000] {logging_mixin.py:137} INFO - [2023-01-10T11:00:29.697+0000] {dagbag.py:538} INFO - Filling up the DagBag from /home/airflow/.local/lib/python3.7/site-packages/airflow/example_dags/example_dag_decorator.py
[2023-01-10T11:00:29.713+0000] {logging_mixin.py:137} INFO - [2023-01-10T11:00:29.713+0000] {taskmixin.py:205} WARNING - Dependency <Task(_PythonDecoratedOperator): prepare_email>, send_email already registered for DAG: example_dag_decorator
[2023-01-10T11:00:29.713+0000] {logging_mixin.py:137} INFO - [2023-01-10T11:00:29.713+0000] {taskmixin.py:205} WARNING - Dependency <Task(EmailOperator): send_email>, prepare_email already registered for DAG: example_dag_decorator
[2023-01-10T11:00:29.722+0000] {processor.py:753} INFO - DAG(s) dict_keys(['example_dag_decorator']) retrieved from /home/airflow/.local/lib/python3.7/site-packages/airflow/example_dags/example_dag_decorator.py
[2023-01-10T11:00:29.796+0000] {logging_mixin.py:137} INFO - [2023-01-10T11:00:29.796+0000] {dag.py:2676} INFO - Sync 1 DAGs
[2023-01-10T11:00:29.814+0000] {logging_mixin.py:137} INFO - [2023-01-10T11:00:29.814+0000] {dag.py:3427} INFO - Setting next_dagrun for example_dag_decorator to None, run_after=None
[2023-01-10T11:00:29.830+0000] {processor.py:175} INFO - Processing /home/airflow/.local/lib/python3.7/site-packages/airflow/example_dags/example_dag_decorator.py took 0.143 seconds
[2023-01-10T11:00:59.862+0000] {processor.py:153} INFO - Started process (PID=1091) to work on /home/airflow/.local/lib/python3.7/site-packages/airflow/example_dags/example_dag_decorator.py
[2023-01-10T11:00:59.868+0000] {processor.py:743} INFO - Processing file /home/airflow/.local/lib/python3.7/site-packages/airflow/example_dags/example_dag_decorator.py for tasks to queue
[2023-01-10T11:00:59.869+0000] {logging_mixin.py:137} INFO - [2023-01-10T11:00:59.868+0000] {dagbag.py:538} INFO - Filling up the DagBag from /home/airflow/.local/lib/python3.7/site-packages/airflow/example_dags/example_dag_decorator.py
[2023-01-10T11:00:59.881+0000] {logging_mixin.py:137} INFO - [2023-01-10T11:00:59.881+0000] {taskmixin.py:205} WARNING - Dependency <Task(_PythonDecoratedOperator): prepare_email>, send_email already registered for DAG: example_dag_decorator
[2023-01-10T11:00:59.881+0000] {logging_mixin.py:137} INFO - [2023-01-10T11:00:59.881+0000] {taskmixin.py:205} WARNING - Dependency <Task(EmailOperator): send_email>, prepare_email already registered for DAG: example_dag_decorator
[2023-01-10T11:00:59.889+0000] {processor.py:753} INFO - DAG(s) dict_keys(['example_dag_decorator']) retrieved from /home/airflow/.local/lib/python3.7/site-packages/airflow/example_dags/example_dag_decorator.py
[2023-01-10T11:00:59.964+0000] {logging_mixin.py:137} INFO - [2023-01-10T11:00:59.964+0000] {dag.py:2676} INFO - Sync 1 DAGs
[2023-01-10T11:00:59.984+0000] {logging_mixin.py:137} INFO - [2023-01-10T11:00:59.984+0000] {dag.py:3427} INFO - Setting next_dagrun for example_dag_decorator to None, run_after=None
[2023-01-10T11:01:00.000+0000] {processor.py:175} INFO - Processing /home/airflow/.local/lib/python3.7/site-packages/airflow/example_dags/example_dag_decorator.py took 0.140 seconds
[2023-01-10T11:01:30.073+0000] {processor.py:153} INFO - Started process (PID=1161) to work on /home/airflow/.local/lib/python3.7/site-packages/airflow/example_dags/example_dag_decorator.py
[2023-01-10T11:01:30.074+0000] {processor.py:743} INFO - Processing file /home/airflow/.local/lib/python3.7/site-packages/airflow/example_dags/example_dag_decorator.py for tasks to queue
[2023-01-10T11:01:30.074+0000] {logging_mixin.py:137} INFO - [2023-01-10T11:01:30.074+0000] {dagbag.py:538} INFO - Filling up the DagBag from /home/airflow/.local/lib/python3.7/site-packages/airflow/example_dags/example_dag_decorator.py
[2023-01-10T11:01:30.088+0000] {logging_mixin.py:137} INFO - [2023-01-10T11:01:30.088+0000] {taskmixin.py:205} WARNING - Dependency <Task(_PythonDecoratedOperator): prepare_email>, send_email already registered for DAG: example_dag_decorator
[2023-01-10T11:01:30.088+0000] {logging_mixin.py:137} INFO - [2023-01-10T11:01:30.088+0000] {taskmixin.py:205} WARNING - Dependency <Task(EmailOperator): send_email>, prepare_email already registered for DAG: example_dag_decorator
[2023-01-10T11:01:30.097+0000] {processor.py:753} INFO - DAG(s) dict_keys(['example_dag_decorator']) retrieved from /home/airflow/.local/lib/python3.7/site-packages/airflow/example_dags/example_dag_decorator.py
[2023-01-10T11:01:30.166+0000] {logging_mixin.py:137} INFO - [2023-01-10T11:01:30.165+0000] {dag.py:2676} INFO - Sync 1 DAGs
[2023-01-10T11:01:30.195+0000] {logging_mixin.py:137} INFO - [2023-01-10T11:01:30.194+0000] {dag.py:3427} INFO - Setting next_dagrun for example_dag_decorator to None, run_after=None
[2023-01-10T11:01:30.211+0000] {processor.py:175} INFO - Processing /home/airflow/.local/lib/python3.7/site-packages/airflow/example_dags/example_dag_decorator.py took 0.140 seconds
[2023-01-10T11:02:00.313+0000] {processor.py:153} INFO - Started process (PID=1248) to work on /home/airflow/.local/lib/python3.7/site-packages/airflow/example_dags/example_dag_decorator.py
[2023-01-10T11:02:00.320+0000] {processor.py:743} INFO - Processing file /home/airflow/.local/lib/python3.7/site-packages/airflow/example_dags/example_dag_decorator.py for tasks to queue
[2023-01-10T11:02:00.321+0000] {logging_mixin.py:137} INFO - [2023-01-10T11:02:00.321+0000] {dagbag.py:538} INFO - Filling up the DagBag from /home/airflow/.local/lib/python3.7/site-packages/airflow/example_dags/example_dag_decorator.py
[2023-01-10T11:02:00.337+0000] {logging_mixin.py:137} INFO - [2023-01-10T11:02:00.337+0000] {taskmixin.py:205} WARNING - Dependency <Task(_PythonDecoratedOperator): prepare_email>, send_email already registered for DAG: example_dag_decorator
[2023-01-10T11:02:00.337+0000] {logging_mixin.py:137} INFO - [2023-01-10T11:02:00.337+0000] {taskmixin.py:205} WARNING - Dependency <Task(EmailOperator): send_email>, prepare_email already registered for DAG: example_dag_decorator
[2023-01-10T11:02:00.347+0000] {processor.py:753} INFO - DAG(s) dict_keys(['example_dag_decorator']) retrieved from /home/airflow/.local/lib/python3.7/site-packages/airflow/example_dags/example_dag_decorator.py
[2023-01-10T11:02:00.442+0000] {logging_mixin.py:137} INFO - [2023-01-10T11:02:00.442+0000] {dag.py:2676} INFO - Sync 1 DAGs
[2023-01-10T11:02:00.472+0000] {logging_mixin.py:137} INFO - [2023-01-10T11:02:00.472+0000] {dag.py:3427} INFO - Setting next_dagrun for example_dag_decorator to None, run_after=None
[2023-01-10T11:02:00.495+0000] {processor.py:175} INFO - Processing /home/airflow/.local/lib/python3.7/site-packages/airflow/example_dags/example_dag_decorator.py took 0.184 seconds
[2023-01-10T11:02:30.553+0000] {processor.py:153} INFO - Started process (PID=1318) to work on /home/airflow/.local/lib/python3.7/site-packages/airflow/example_dags/example_dag_decorator.py
[2023-01-10T11:02:30.559+0000] {processor.py:743} INFO - Processing file /home/airflow/.local/lib/python3.7/site-packages/airflow/example_dags/example_dag_decorator.py for tasks to queue
[2023-01-10T11:02:30.559+0000] {logging_mixin.py:137} INFO - [2023-01-10T11:02:30.559+0000] {dagbag.py:538} INFO - Filling up the DagBag from /home/airflow/.local/lib/python3.7/site-packages/airflow/example_dags/example_dag_decorator.py
[2023-01-10T11:02:30.572+0000] {logging_mixin.py:137} INFO - [2023-01-10T11:02:30.572+0000] {taskmixin.py:205} WARNING - Dependency <Task(_PythonDecoratedOperator): prepare_email>, send_email already registered for DAG: example_dag_decorator
[2023-01-10T11:02:30.572+0000] {logging_mixin.py:137} INFO - [2023-01-10T11:02:30.572+0000] {taskmixin.py:205} WARNING - Dependency <Task(EmailOperator): send_email>, prepare_email already registered for DAG: example_dag_decorator
[2023-01-10T11:02:30.582+0000] {processor.py:753} INFO - DAG(s) dict_keys(['example_dag_decorator']) retrieved from /home/airflow/.local/lib/python3.7/site-packages/airflow/example_dags/example_dag_decorator.py
[2023-01-10T11:02:30.643+0000] {logging_mixin.py:137} INFO - [2023-01-10T11:02:30.643+0000] {dag.py:2676} INFO - Sync 1 DAGs
[2023-01-10T11:02:30.662+0000] {logging_mixin.py:137} INFO - [2023-01-10T11:02:30.662+0000] {dag.py:3427} INFO - Setting next_dagrun for example_dag_decorator to None, run_after=None
[2023-01-10T11:02:30.679+0000] {processor.py:175} INFO - Processing /home/airflow/.local/lib/python3.7/site-packages/airflow/example_dags/example_dag_decorator.py took 0.128 seconds
[2023-01-10T11:03:00.792+0000] {processor.py:153} INFO - Started process (PID=1404) to work on /home/airflow/.local/lib/python3.7/site-packages/airflow/example_dags/example_dag_decorator.py
[2023-01-10T11:03:00.793+0000] {processor.py:743} INFO - Processing file /home/airflow/.local/lib/python3.7/site-packages/airflow/example_dags/example_dag_decorator.py for tasks to queue
[2023-01-10T11:03:00.794+0000] {logging_mixin.py:137} INFO - [2023-01-10T11:03:00.793+0000] {dagbag.py:538} INFO - Filling up the DagBag from /home/airflow/.local/lib/python3.7/site-packages/airflow/example_dags/example_dag_decorator.py
[2023-01-10T11:03:00.810+0000] {logging_mixin.py:137} INFO - [2023-01-10T11:03:00.810+0000] {taskmixin.py:205} WARNING - Dependency <Task(_PythonDecoratedOperator): prepare_email>, send_email already registered for DAG: example_dag_decorator
[2023-01-10T11:03:00.810+0000] {logging_mixin.py:137} INFO - [2023-01-10T11:03:00.810+0000] {taskmixin.py:205} WARNING - Dependency <Task(EmailOperator): send_email>, prepare_email already registered for DAG: example_dag_decorator
[2023-01-10T11:03:00.823+0000] {processor.py:753} INFO - DAG(s) dict_keys(['example_dag_decorator']) retrieved from /home/airflow/.local/lib/python3.7/site-packages/airflow/example_dags/example_dag_decorator.py
[2023-01-10T11:03:00.903+0000] {logging_mixin.py:137} INFO - [2023-01-10T11:03:00.903+0000] {dag.py:2676} INFO - Sync 1 DAGs
[2023-01-10T11:03:00.926+0000] {logging_mixin.py:137} INFO - [2023-01-10T11:03:00.926+0000] {dag.py:3427} INFO - Setting next_dagrun for example_dag_decorator to None, run_after=None
[2023-01-10T11:03:00.943+0000] {processor.py:175} INFO - Processing /home/airflow/.local/lib/python3.7/site-packages/airflow/example_dags/example_dag_decorator.py took 0.154 seconds
[2023-01-10T11:03:31.691+0000] {processor.py:153} INFO - Started process (PID=1475) to work on /home/airflow/.local/lib/python3.7/site-packages/airflow/example_dags/example_dag_decorator.py
[2023-01-10T11:03:31.691+0000] {processor.py:743} INFO - Processing file /home/airflow/.local/lib/python3.7/site-packages/airflow/example_dags/example_dag_decorator.py for tasks to queue
[2023-01-10T11:03:31.692+0000] {logging_mixin.py:137} INFO - [2023-01-10T11:03:31.692+0000] {dagbag.py:538} INFO - Filling up the DagBag from /home/airflow/.local/lib/python3.7/site-packages/airflow/example_dags/example_dag_decorator.py
[2023-01-10T11:03:31.706+0000] {logging_mixin.py:137} INFO - [2023-01-10T11:03:31.706+0000] {taskmixin.py:205} WARNING - Dependency <Task(_PythonDecoratedOperator): prepare_email>, send_email already registered for DAG: example_dag_decorator
[2023-01-10T11:03:31.706+0000] {logging_mixin.py:137} INFO - [2023-01-10T11:03:31.706+0000] {taskmixin.py:205} WARNING - Dependency <Task(EmailOperator): send_email>, prepare_email already registered for DAG: example_dag_decorator
[2023-01-10T11:03:31.716+0000] {processor.py:753} INFO - DAG(s) dict_keys(['example_dag_decorator']) retrieved from /home/airflow/.local/lib/python3.7/site-packages/airflow/example_dags/example_dag_decorator.py
[2023-01-10T11:03:31.781+0000] {logging_mixin.py:137} INFO - [2023-01-10T11:03:31.781+0000] {dag.py:2676} INFO - Sync 1 DAGs
[2023-01-10T11:03:31.802+0000] {logging_mixin.py:137} INFO - [2023-01-10T11:03:31.802+0000] {dag.py:3427} INFO - Setting next_dagrun for example_dag_decorator to None, run_after=None
[2023-01-10T11:03:31.818+0000] {processor.py:175} INFO - Processing /home/airflow/.local/lib/python3.7/site-packages/airflow/example_dags/example_dag_decorator.py took 0.129 seconds
[2023-01-10T11:04:02.162+0000] {processor.py:153} INFO - Started process (PID=1561) to work on /home/airflow/.local/lib/python3.7/site-packages/airflow/example_dags/example_dag_decorator.py
[2023-01-10T11:04:02.162+0000] {processor.py:743} INFO - Processing file /home/airflow/.local/lib/python3.7/site-packages/airflow/example_dags/example_dag_decorator.py for tasks to queue
[2023-01-10T11:04:02.163+0000] {logging_mixin.py:137} INFO - [2023-01-10T11:04:02.162+0000] {dagbag.py:538} INFO - Filling up the DagBag from /home/airflow/.local/lib/python3.7/site-packages/airflow/example_dags/example_dag_decorator.py
[2023-01-10T11:04:02.177+0000] {logging_mixin.py:137} INFO - [2023-01-10T11:04:02.176+0000] {taskmixin.py:205} WARNING - Dependency <Task(_PythonDecoratedOperator): prepare_email>, send_email already registered for DAG: example_dag_decorator
[2023-01-10T11:04:02.177+0000] {logging_mixin.py:137} INFO - [2023-01-10T11:04:02.177+0000] {taskmixin.py:205} WARNING - Dependency <Task(EmailOperator): send_email>, prepare_email already registered for DAG: example_dag_decorator
[2023-01-10T11:04:02.185+0000] {processor.py:753} INFO - DAG(s) dict_keys(['example_dag_decorator']) retrieved from /home/airflow/.local/lib/python3.7/site-packages/airflow/example_dags/example_dag_decorator.py
[2023-01-10T11:04:02.249+0000] {logging_mixin.py:137} INFO - [2023-01-10T11:04:02.248+0000] {dag.py:2676} INFO - Sync 1 DAGs
[2023-01-10T11:04:02.267+0000] {logging_mixin.py:137} INFO - [2023-01-10T11:04:02.267+0000] {dag.py:3427} INFO - Setting next_dagrun for example_dag_decorator to None, run_after=None
[2023-01-10T11:04:02.282+0000] {processor.py:175} INFO - Processing /home/airflow/.local/lib/python3.7/site-packages/airflow/example_dags/example_dag_decorator.py took 0.123 seconds
[2023-01-10T11:04:33.059+0000] {processor.py:153} INFO - Started process (PID=1631) to work on /home/airflow/.local/lib/python3.7/site-packages/airflow/example_dags/example_dag_decorator.py
[2023-01-10T11:04:33.060+0000] {processor.py:743} INFO - Processing file /home/airflow/.local/lib/python3.7/site-packages/airflow/example_dags/example_dag_decorator.py for tasks to queue
[2023-01-10T11:04:33.060+0000] {logging_mixin.py:137} INFO - [2023-01-10T11:04:33.060+0000] {dagbag.py:538} INFO - Filling up the DagBag from /home/airflow/.local/lib/python3.7/site-packages/airflow/example_dags/example_dag_decorator.py
[2023-01-10T11:04:33.075+0000] {logging_mixin.py:137} INFO - [2023-01-10T11:04:33.074+0000] {taskmixin.py:205} WARNING - Dependency <Task(_PythonDecoratedOperator): prepare_email>, send_email already registered for DAG: example_dag_decorator
[2023-01-10T11:04:33.075+0000] {logging_mixin.py:137} INFO - [2023-01-10T11:04:33.075+0000] {taskmixin.py:205} WARNING - Dependency <Task(EmailOperator): send_email>, prepare_email already registered for DAG: example_dag_decorator
[2023-01-10T11:04:33.085+0000] {processor.py:753} INFO - DAG(s) dict_keys(['example_dag_decorator']) retrieved from /home/airflow/.local/lib/python3.7/site-packages/airflow/example_dags/example_dag_decorator.py
[2023-01-10T11:04:33.158+0000] {logging_mixin.py:137} INFO - [2023-01-10T11:04:33.157+0000] {dag.py:2676} INFO - Sync 1 DAGs
[2023-01-10T11:04:33.187+0000] {logging_mixin.py:137} INFO - [2023-01-10T11:04:33.187+0000] {dag.py:3427} INFO - Setting next_dagrun for example_dag_decorator to None, run_after=None
[2023-01-10T11:04:33.210+0000] {processor.py:175} INFO - Processing /home/airflow/.local/lib/python3.7/site-packages/airflow/example_dags/example_dag_decorator.py took 0.153 seconds
[2023-01-10T11:05:03.287+0000] {processor.py:153} INFO - Started process (PID=1717) to work on /home/airflow/.local/lib/python3.7/site-packages/airflow/example_dags/example_dag_decorator.py
[2023-01-10T11:05:03.294+0000] {processor.py:743} INFO - Processing file /home/airflow/.local/lib/python3.7/site-packages/airflow/example_dags/example_dag_decorator.py for tasks to queue
[2023-01-10T11:05:03.294+0000] {logging_mixin.py:137} INFO - [2023-01-10T11:05:03.294+0000] {dagbag.py:538} INFO - Filling up the DagBag from /home/airflow/.local/lib/python3.7/site-packages/airflow/example_dags/example_dag_decorator.py
[2023-01-10T11:05:03.307+0000] {logging_mixin.py:137} INFO - [2023-01-10T11:05:03.307+0000] {taskmixin.py:205} WARNING - Dependency <Task(_PythonDecoratedOperator): prepare_email>, send_email already registered for DAG: example_dag_decorator
[2023-01-10T11:05:03.307+0000] {logging_mixin.py:137} INFO - [2023-01-10T11:05:03.307+0000] {taskmixin.py:205} WARNING - Dependency <Task(EmailOperator): send_email>, prepare_email already registered for DAG: example_dag_decorator
[2023-01-10T11:05:03.315+0000] {processor.py:753} INFO - DAG(s) dict_keys(['example_dag_decorator']) retrieved from /home/airflow/.local/lib/python3.7/site-packages/airflow/example_dags/example_dag_decorator.py
[2023-01-10T11:05:03.380+0000] {logging_mixin.py:137} INFO - [2023-01-10T11:05:03.380+0000] {dag.py:2676} INFO - Sync 1 DAGs
[2023-01-10T11:05:03.399+0000] {logging_mixin.py:137} INFO - [2023-01-10T11:05:03.399+0000] {dag.py:3427} INFO - Setting next_dagrun for example_dag_decorator to None, run_after=None
[2023-01-10T11:05:03.416+0000] {processor.py:175} INFO - Processing /home/airflow/.local/lib/python3.7/site-packages/airflow/example_dags/example_dag_decorator.py took 0.131 seconds
[2023-01-10T11:05:33.451+0000] {processor.py:153} INFO - Started process (PID=1787) to work on /home/airflow/.local/lib/python3.7/site-packages/airflow/example_dags/example_dag_decorator.py
[2023-01-10T11:05:33.451+0000] {processor.py:743} INFO - Processing file /home/airflow/.local/lib/python3.7/site-packages/airflow/example_dags/example_dag_decorator.py for tasks to queue
[2023-01-10T11:05:33.452+0000] {logging_mixin.py:137} INFO - [2023-01-10T11:05:33.452+0000] {dagbag.py:538} INFO - Filling up the DagBag from /home/airflow/.local/lib/python3.7/site-packages/airflow/example_dags/example_dag_decorator.py
[2023-01-10T11:05:33.468+0000] {logging_mixin.py:137} INFO - [2023-01-10T11:05:33.468+0000] {taskmixin.py:205} WARNING - Dependency <Task(_PythonDecoratedOperator): prepare_email>, send_email already registered for DAG: example_dag_decorator
[2023-01-10T11:05:33.469+0000] {logging_mixin.py:137} INFO - [2023-01-10T11:05:33.469+0000] {taskmixin.py:205} WARNING - Dependency <Task(EmailOperator): send_email>, prepare_email already registered for DAG: example_dag_decorator
[2023-01-10T11:05:33.478+0000] {processor.py:753} INFO - DAG(s) dict_keys(['example_dag_decorator']) retrieved from /home/airflow/.local/lib/python3.7/site-packages/airflow/example_dags/example_dag_decorator.py
[2023-01-10T11:05:33.562+0000] {logging_mixin.py:137} INFO - [2023-01-10T11:05:33.562+0000] {dag.py:2676} INFO - Sync 1 DAGs
[2023-01-10T11:05:33.585+0000] {logging_mixin.py:137} INFO - [2023-01-10T11:05:33.584+0000] {dag.py:3427} INFO - Setting next_dagrun for example_dag_decorator to None, run_after=None
[2023-01-10T11:05:33.599+0000] {processor.py:175} INFO - Processing /home/airflow/.local/lib/python3.7/site-packages/airflow/example_dags/example_dag_decorator.py took 0.151 seconds
[2023-01-10T11:06:03.640+0000] {processor.py:153} INFO - Started process (PID=1873) to work on /home/airflow/.local/lib/python3.7/site-packages/airflow/example_dags/example_dag_decorator.py
[2023-01-10T11:06:03.641+0000] {processor.py:743} INFO - Processing file /home/airflow/.local/lib/python3.7/site-packages/airflow/example_dags/example_dag_decorator.py for tasks to queue
[2023-01-10T11:06:03.641+0000] {logging_mixin.py:137} INFO - [2023-01-10T11:06:03.641+0000] {dagbag.py:538} INFO - Filling up the DagBag from /home/airflow/.local/lib/python3.7/site-packages/airflow/example_dags/example_dag_decorator.py
[2023-01-10T11:06:03.653+0000] {logging_mixin.py:137} INFO - [2023-01-10T11:06:03.653+0000] {taskmixin.py:205} WARNING - Dependency <Task(_PythonDecoratedOperator): prepare_email>, send_email already registered for DAG: example_dag_decorator
[2023-01-10T11:06:03.653+0000] {logging_mixin.py:137} INFO - [2023-01-10T11:06:03.653+0000] {taskmixin.py:205} WARNING - Dependency <Task(EmailOperator): send_email>, prepare_email already registered for DAG: example_dag_decorator
[2023-01-10T11:06:03.663+0000] {processor.py:753} INFO - DAG(s) dict_keys(['example_dag_decorator']) retrieved from /home/airflow/.local/lib/python3.7/site-packages/airflow/example_dags/example_dag_decorator.py
[2023-01-10T11:06:03.730+0000] {logging_mixin.py:137} INFO - [2023-01-10T11:06:03.729+0000] {dag.py:2676} INFO - Sync 1 DAGs
[2023-01-10T11:06:03.751+0000] {logging_mixin.py:137} INFO - [2023-01-10T11:06:03.751+0000] {dag.py:3427} INFO - Setting next_dagrun for example_dag_decorator to None, run_after=None
[2023-01-10T11:06:03.765+0000] {processor.py:175} INFO - Processing /home/airflow/.local/lib/python3.7/site-packages/airflow/example_dags/example_dag_decorator.py took 0.127 seconds
[2023-01-10T11:06:33.886+0000] {processor.py:153} INFO - Started process (PID=1950) to work on /home/airflow/.local/lib/python3.7/site-packages/airflow/example_dags/example_dag_decorator.py
[2023-01-10T11:06:33.891+0000] {processor.py:743} INFO - Processing file /home/airflow/.local/lib/python3.7/site-packages/airflow/example_dags/example_dag_decorator.py for tasks to queue
[2023-01-10T11:06:33.892+0000] {logging_mixin.py:137} INFO - [2023-01-10T11:06:33.892+0000] {dagbag.py:538} INFO - Filling up the DagBag from /home/airflow/.local/lib/python3.7/site-packages/airflow/example_dags/example_dag_decorator.py
[2023-01-10T11:06:33.906+0000] {logging_mixin.py:137} INFO - [2023-01-10T11:06:33.906+0000] {taskmixin.py:205} WARNING - Dependency <Task(_PythonDecoratedOperator): prepare_email>, send_email already registered for DAG: example_dag_decorator
[2023-01-10T11:06:33.906+0000] {logging_mixin.py:137} INFO - [2023-01-10T11:06:33.906+0000] {taskmixin.py:205} WARNING - Dependency <Task(EmailOperator): send_email>, prepare_email already registered for DAG: example_dag_decorator
[2023-01-10T11:06:33.916+0000] {processor.py:753} INFO - DAG(s) dict_keys(['example_dag_decorator']) retrieved from /home/airflow/.local/lib/python3.7/site-packages/airflow/example_dags/example_dag_decorator.py
[2023-01-10T11:06:33.990+0000] {logging_mixin.py:137} INFO - [2023-01-10T11:06:33.990+0000] {dag.py:2676} INFO - Sync 1 DAGs
[2023-01-10T11:06:34.018+0000] {logging_mixin.py:137} INFO - [2023-01-10T11:06:34.018+0000] {dag.py:3427} INFO - Setting next_dagrun for example_dag_decorator to None, run_after=None
[2023-01-10T11:06:34.042+0000] {processor.py:175} INFO - Processing /home/airflow/.local/lib/python3.7/site-packages/airflow/example_dags/example_dag_decorator.py took 0.159 seconds
[2023-01-10T11:07:04.115+0000] {processor.py:153} INFO - Started process (PID=2029) to work on /home/airflow/.local/lib/python3.7/site-packages/airflow/example_dags/example_dag_decorator.py
[2023-01-10T11:07:04.116+0000] {processor.py:743} INFO - Processing file /home/airflow/.local/lib/python3.7/site-packages/airflow/example_dags/example_dag_decorator.py for tasks to queue
[2023-01-10T11:07:04.116+0000] {logging_mixin.py:137} INFO - [2023-01-10T11:07:04.116+0000] {dagbag.py:538} INFO - Filling up the DagBag from /home/airflow/.local/lib/python3.7/site-packages/airflow/example_dags/example_dag_decorator.py
[2023-01-10T11:07:04.130+0000] {logging_mixin.py:137} INFO - [2023-01-10T11:07:04.130+0000] {taskmixin.py:205} WARNING - Dependency <Task(_PythonDecoratedOperator): prepare_email>, send_email already registered for DAG: example_dag_decorator
[2023-01-10T11:07:04.130+0000] {logging_mixin.py:137} INFO - [2023-01-10T11:07:04.130+0000] {taskmixin.py:205} WARNING - Dependency <Task(EmailOperator): send_email>, prepare_email already registered for DAG: example_dag_decorator
[2023-01-10T11:07:04.138+0000] {processor.py:753} INFO - DAG(s) dict_keys(['example_dag_decorator']) retrieved from /home/airflow/.local/lib/python3.7/site-packages/airflow/example_dags/example_dag_decorator.py
[2023-01-10T11:07:04.218+0000] {logging_mixin.py:137} INFO - [2023-01-10T11:07:04.217+0000] {dag.py:2676} INFO - Sync 1 DAGs
[2023-01-10T11:07:04.241+0000] {logging_mixin.py:137} INFO - [2023-01-10T11:07:04.241+0000] {dag.py:3427} INFO - Setting next_dagrun for example_dag_decorator to None, run_after=None
[2023-01-10T11:07:04.259+0000] {processor.py:175} INFO - Processing /home/airflow/.local/lib/python3.7/site-packages/airflow/example_dags/example_dag_decorator.py took 0.146 seconds
[2023-01-10T11:07:34.615+0000] {processor.py:153} INFO - Started process (PID=2108) to work on /home/airflow/.local/lib/python3.7/site-packages/airflow/example_dags/example_dag_decorator.py
[2023-01-10T11:07:34.620+0000] {processor.py:743} INFO - Processing file /home/airflow/.local/lib/python3.7/site-packages/airflow/example_dags/example_dag_decorator.py for tasks to queue
[2023-01-10T11:07:34.621+0000] {logging_mixin.py:137} INFO - [2023-01-10T11:07:34.621+0000] {dagbag.py:538} INFO - Filling up the DagBag from /home/airflow/.local/lib/python3.7/site-packages/airflow/example_dags/example_dag_decorator.py
[2023-01-10T11:07:34.642+0000] {logging_mixin.py:137} INFO - [2023-01-10T11:07:34.641+0000] {taskmixin.py:205} WARNING - Dependency <Task(_PythonDecoratedOperator): prepare_email>, send_email already registered for DAG: example_dag_decorator
[2023-01-10T11:07:34.642+0000] {logging_mixin.py:137} INFO - [2023-01-10T11:07:34.642+0000] {taskmixin.py:205} WARNING - Dependency <Task(EmailOperator): send_email>, prepare_email already registered for DAG: example_dag_decorator
[2023-01-10T11:07:34.655+0000] {processor.py:753} INFO - DAG(s) dict_keys(['example_dag_decorator']) retrieved from /home/airflow/.local/lib/python3.7/site-packages/airflow/example_dags/example_dag_decorator.py
[2023-01-10T11:07:34.742+0000] {logging_mixin.py:137} INFO - [2023-01-10T11:07:34.742+0000] {dag.py:2676} INFO - Sync 1 DAGs
[2023-01-10T11:07:34.766+0000] {logging_mixin.py:137} INFO - [2023-01-10T11:07:34.766+0000] {dag.py:3427} INFO - Setting next_dagrun for example_dag_decorator to None, run_after=None
[2023-01-10T11:07:34.784+0000] {processor.py:175} INFO - Processing /home/airflow/.local/lib/python3.7/site-packages/airflow/example_dags/example_dag_decorator.py took 0.171 seconds
[2023-01-10T11:08:04.801+0000] {processor.py:153} INFO - Started process (PID=2185) to work on /home/airflow/.local/lib/python3.7/site-packages/airflow/example_dags/example_dag_decorator.py
[2023-01-10T11:08:04.805+0000] {processor.py:743} INFO - Processing file /home/airflow/.local/lib/python3.7/site-packages/airflow/example_dags/example_dag_decorator.py for tasks to queue
[2023-01-10T11:08:04.806+0000] {logging_mixin.py:137} INFO - [2023-01-10T11:08:04.805+0000] {dagbag.py:538} INFO - Filling up the DagBag from /home/airflow/.local/lib/python3.7/site-packages/airflow/example_dags/example_dag_decorator.py
[2023-01-10T11:08:04.822+0000] {logging_mixin.py:137} INFO - [2023-01-10T11:08:04.822+0000] {taskmixin.py:205} WARNING - Dependency <Task(_PythonDecoratedOperator): prepare_email>, send_email already registered for DAG: example_dag_decorator
[2023-01-10T11:08:04.823+0000] {logging_mixin.py:137} INFO - [2023-01-10T11:08:04.822+0000] {taskmixin.py:205} WARNING - Dependency <Task(EmailOperator): send_email>, prepare_email already registered for DAG: example_dag_decorator
[2023-01-10T11:08:04.836+0000] {processor.py:753} INFO - DAG(s) dict_keys(['example_dag_decorator']) retrieved from /home/airflow/.local/lib/python3.7/site-packages/airflow/example_dags/example_dag_decorator.py
[2023-01-10T11:08:04.921+0000] {logging_mixin.py:137} INFO - [2023-01-10T11:08:04.921+0000] {dag.py:2676} INFO - Sync 1 DAGs
[2023-01-10T11:08:04.939+0000] {logging_mixin.py:137} INFO - [2023-01-10T11:08:04.939+0000] {dag.py:3427} INFO - Setting next_dagrun for example_dag_decorator to None, run_after=None
[2023-01-10T11:08:04.959+0000] {processor.py:175} INFO - Processing /home/airflow/.local/lib/python3.7/site-packages/airflow/example_dags/example_dag_decorator.py took 0.160 seconds
[2023-01-10T11:08:35.069+0000] {processor.py:153} INFO - Started process (PID=2271) to work on /home/airflow/.local/lib/python3.7/site-packages/airflow/example_dags/example_dag_decorator.py
[2023-01-10T11:08:35.070+0000] {processor.py:743} INFO - Processing file /home/airflow/.local/lib/python3.7/site-packages/airflow/example_dags/example_dag_decorator.py for tasks to queue
[2023-01-10T11:08:35.071+0000] {logging_mixin.py:137} INFO - [2023-01-10T11:08:35.070+0000] {dagbag.py:538} INFO - Filling up the DagBag from /home/airflow/.local/lib/python3.7/site-packages/airflow/example_dags/example_dag_decorator.py
[2023-01-10T11:08:35.085+0000] {logging_mixin.py:137} INFO - [2023-01-10T11:08:35.085+0000] {taskmixin.py:205} WARNING - Dependency <Task(_PythonDecoratedOperator): prepare_email>, send_email already registered for DAG: example_dag_decorator
[2023-01-10T11:08:35.085+0000] {logging_mixin.py:137} INFO - [2023-01-10T11:08:35.085+0000] {taskmixin.py:205} WARNING - Dependency <Task(EmailOperator): send_email>, prepare_email already registered for DAG: example_dag_decorator
[2023-01-10T11:08:35.095+0000] {processor.py:753} INFO - DAG(s) dict_keys(['example_dag_decorator']) retrieved from /home/airflow/.local/lib/python3.7/site-packages/airflow/example_dags/example_dag_decorator.py
[2023-01-10T11:08:35.165+0000] {logging_mixin.py:137} INFO - [2023-01-10T11:08:35.165+0000] {dag.py:2676} INFO - Sync 1 DAGs
[2023-01-10T11:08:35.185+0000] {logging_mixin.py:137} INFO - [2023-01-10T11:08:35.185+0000] {dag.py:3427} INFO - Setting next_dagrun for example_dag_decorator to None, run_after=None
[2023-01-10T11:08:35.207+0000] {processor.py:175} INFO - Processing /home/airflow/.local/lib/python3.7/site-packages/airflow/example_dags/example_dag_decorator.py took 0.140 seconds
[2023-01-10T11:09:05.255+0000] {processor.py:153} INFO - Started process (PID=2341) to work on /home/airflow/.local/lib/python3.7/site-packages/airflow/example_dags/example_dag_decorator.py
[2023-01-10T11:09:05.256+0000] {processor.py:743} INFO - Processing file /home/airflow/.local/lib/python3.7/site-packages/airflow/example_dags/example_dag_decorator.py for tasks to queue
[2023-01-10T11:09:05.256+0000] {logging_mixin.py:137} INFO - [2023-01-10T11:09:05.256+0000] {dagbag.py:538} INFO - Filling up the DagBag from /home/airflow/.local/lib/python3.7/site-packages/airflow/example_dags/example_dag_decorator.py
[2023-01-10T11:09:05.270+0000] {logging_mixin.py:137} INFO - [2023-01-10T11:09:05.269+0000] {taskmixin.py:205} WARNING - Dependency <Task(_PythonDecoratedOperator): prepare_email>, send_email already registered for DAG: example_dag_decorator
[2023-01-10T11:09:05.270+0000] {logging_mixin.py:137} INFO - [2023-01-10T11:09:05.270+0000] {taskmixin.py:205} WARNING - Dependency <Task(EmailOperator): send_email>, prepare_email already registered for DAG: example_dag_decorator
[2023-01-10T11:09:05.278+0000] {processor.py:753} INFO - DAG(s) dict_keys(['example_dag_decorator']) retrieved from /home/airflow/.local/lib/python3.7/site-packages/airflow/example_dags/example_dag_decorator.py
[2023-01-10T11:09:05.344+0000] {logging_mixin.py:137} INFO - [2023-01-10T11:09:05.344+0000] {dag.py:2676} INFO - Sync 1 DAGs
[2023-01-10T11:09:05.363+0000] {logging_mixin.py:137} INFO - [2023-01-10T11:09:05.363+0000] {dag.py:3427} INFO - Setting next_dagrun for example_dag_decorator to None, run_after=None
[2023-01-10T11:09:05.378+0000] {processor.py:175} INFO - Processing /home/airflow/.local/lib/python3.7/site-packages/airflow/example_dags/example_dag_decorator.py took 0.125 seconds
[2023-01-10T11:09:35.614+0000] {processor.py:153} INFO - Started process (PID=2426) to work on /home/airflow/.local/lib/python3.7/site-packages/airflow/example_dags/example_dag_decorator.py
[2023-01-10T11:09:35.621+0000] {processor.py:743} INFO - Processing file /home/airflow/.local/lib/python3.7/site-packages/airflow/example_dags/example_dag_decorator.py for tasks to queue
[2023-01-10T11:09:35.622+0000] {logging_mixin.py:137} INFO - [2023-01-10T11:09:35.621+0000] {dagbag.py:538} INFO - Filling up the DagBag from /home/airflow/.local/lib/python3.7/site-packages/airflow/example_dags/example_dag_decorator.py
[2023-01-10T11:09:35.636+0000] {logging_mixin.py:137} INFO - [2023-01-10T11:09:35.636+0000] {taskmixin.py:205} WARNING - Dependency <Task(_PythonDecoratedOperator): prepare_email>, send_email already registered for DAG: example_dag_decorator
[2023-01-10T11:09:35.636+0000] {logging_mixin.py:137} INFO - [2023-01-10T11:09:35.636+0000] {taskmixin.py:205} WARNING - Dependency <Task(EmailOperator): send_email>, prepare_email already registered for DAG: example_dag_decorator
[2023-01-10T11:09:35.646+0000] {processor.py:753} INFO - DAG(s) dict_keys(['example_dag_decorator']) retrieved from /home/airflow/.local/lib/python3.7/site-packages/airflow/example_dags/example_dag_decorator.py
[2023-01-10T11:09:35.712+0000] {logging_mixin.py:137} INFO - [2023-01-10T11:09:35.712+0000] {dag.py:2676} INFO - Sync 1 DAGs
[2023-01-10T11:09:35.735+0000] {logging_mixin.py:137} INFO - [2023-01-10T11:09:35.735+0000] {dag.py:3427} INFO - Setting next_dagrun for example_dag_decorator to None, run_after=None
[2023-01-10T11:09:35.751+0000] {processor.py:175} INFO - Processing /home/airflow/.local/lib/python3.7/site-packages/airflow/example_dags/example_dag_decorator.py took 0.139 seconds
[2023-01-10T11:10:06.638+0000] {processor.py:153} INFO - Started process (PID=2496) to work on /home/airflow/.local/lib/python3.7/site-packages/airflow/example_dags/example_dag_decorator.py
[2023-01-10T11:10:06.645+0000] {processor.py:743} INFO - Processing file /home/airflow/.local/lib/python3.7/site-packages/airflow/example_dags/example_dag_decorator.py for tasks to queue
[2023-01-10T11:10:06.645+0000] {logging_mixin.py:137} INFO - [2023-01-10T11:10:06.645+0000] {dagbag.py:538} INFO - Filling up the DagBag from /home/airflow/.local/lib/python3.7/site-packages/airflow/example_dags/example_dag_decorator.py
[2023-01-10T11:10:06.659+0000] {logging_mixin.py:137} INFO - [2023-01-10T11:10:06.659+0000] {taskmixin.py:205} WARNING - Dependency <Task(_PythonDecoratedOperator): prepare_email>, send_email already registered for DAG: example_dag_decorator
[2023-01-10T11:10:06.659+0000] {logging_mixin.py:137} INFO - [2023-01-10T11:10:06.659+0000] {taskmixin.py:205} WARNING - Dependency <Task(EmailOperator): send_email>, prepare_email already registered for DAG: example_dag_decorator
[2023-01-10T11:10:06.668+0000] {processor.py:753} INFO - DAG(s) dict_keys(['example_dag_decorator']) retrieved from /home/airflow/.local/lib/python3.7/site-packages/airflow/example_dags/example_dag_decorator.py
[2023-01-10T11:10:06.728+0000] {logging_mixin.py:137} INFO - [2023-01-10T11:10:06.728+0000] {dag.py:2676} INFO - Sync 1 DAGs
[2023-01-10T11:10:06.748+0000] {logging_mixin.py:137} INFO - [2023-01-10T11:10:06.747+0000] {dag.py:3427} INFO - Setting next_dagrun for example_dag_decorator to None, run_after=None
[2023-01-10T11:10:06.761+0000] {processor.py:175} INFO - Processing /home/airflow/.local/lib/python3.7/site-packages/airflow/example_dags/example_dag_decorator.py took 0.125 seconds
