[2023-01-10T10:54:24.903+0000] {processor.py:153} INFO - Started process (PID=90) to work on /home/airflow/.local/lib/python3.7/site-packages/airflow/example_dags/example_complex.py
[2023-01-10T10:54:24.903+0000] {processor.py:743} INFO - Processing file /home/airflow/.local/lib/python3.7/site-packages/airflow/example_dags/example_complex.py for tasks to queue
[2023-01-10T10:54:24.904+0000] {logging_mixin.py:137} INFO - [2023-01-10T10:54:24.904+0000] {dagbag.py:538} INFO - Filling up the DagBag from /home/airflow/.local/lib/python3.7/site-packages/airflow/example_dags/example_complex.py
[2023-01-10T10:54:24.913+0000] {logging_mixin.py:137} INFO - [2023-01-10T10:54:24.913+0000] {taskmixin.py:205} WARNING - Dependency <Task(BashOperator): create_entry_group>, delete_entry_group already registered for DAG: example_complex
[2023-01-10T10:54:24.913+0000] {logging_mixin.py:137} INFO - [2023-01-10T10:54:24.913+0000] {taskmixin.py:205} WARNING - Dependency <Task(BashOperator): delete_entry_group>, create_entry_group already registered for DAG: example_complex
[2023-01-10T10:54:24.913+0000] {logging_mixin.py:137} INFO - [2023-01-10T10:54:24.913+0000] {taskmixin.py:205} WARNING - Dependency <Task(BashOperator): create_entry_gcs>, delete_entry already registered for DAG: example_complex
[2023-01-10T10:54:24.913+0000] {logging_mixin.py:137} INFO - [2023-01-10T10:54:24.913+0000] {taskmixin.py:205} WARNING - Dependency <Task(BashOperator): delete_entry>, create_entry_gcs already registered for DAG: example_complex
[2023-01-10T10:54:24.913+0000] {logging_mixin.py:137} INFO - [2023-01-10T10:54:24.913+0000] {taskmixin.py:205} WARNING - Dependency <Task(BashOperator): create_tag>, delete_tag already registered for DAG: example_complex
[2023-01-10T10:54:24.914+0000] {logging_mixin.py:137} INFO - [2023-01-10T10:54:24.913+0000] {taskmixin.py:205} WARNING - Dependency <Task(BashOperator): delete_tag>, create_tag already registered for DAG: example_complex
[2023-01-10T10:54:24.919+0000] {processor.py:753} INFO - DAG(s) dict_keys(['example_complex']) retrieved from /home/airflow/.local/lib/python3.7/site-packages/airflow/example_dags/example_complex.py
[2023-01-10T10:54:25.017+0000] {logging_mixin.py:137} INFO - [2023-01-10T10:54:25.017+0000] {manager.py:504} INFO - Created Permission View: can delete on DAG:example_complex
[2023-01-10T10:54:25.023+0000] {logging_mixin.py:137} INFO - [2023-01-10T10:54:25.023+0000] {manager.py:504} INFO - Created Permission View: can read on DAG:example_complex
[2023-01-10T10:54:25.029+0000] {logging_mixin.py:137} INFO - [2023-01-10T10:54:25.029+0000] {manager.py:504} INFO - Created Permission View: can edit on DAG:example_complex
[2023-01-10T10:54:25.029+0000] {logging_mixin.py:137} INFO - [2023-01-10T10:54:25.029+0000] {dag.py:2676} INFO - Sync 1 DAGs
[2023-01-10T10:54:25.040+0000] {logging_mixin.py:137} INFO - [2023-01-10T10:54:25.040+0000] {dag.py:2697} INFO - Creating ORM DAG for example_complex
[2023-01-10T10:54:25.049+0000] {logging_mixin.py:137} INFO - [2023-01-10T10:54:25.049+0000] {dag.py:3427} INFO - Setting next_dagrun for example_complex to None, run_after=None
[2023-01-10T10:54:25.067+0000] {processor.py:175} INFO - Processing /home/airflow/.local/lib/python3.7/site-packages/airflow/example_dags/example_complex.py took 0.166 seconds
[2023-01-10T10:54:55.854+0000] {processor.py:153} INFO - Started process (PID=160) to work on /home/airflow/.local/lib/python3.7/site-packages/airflow/example_dags/example_complex.py
[2023-01-10T10:54:55.855+0000] {processor.py:743} INFO - Processing file /home/airflow/.local/lib/python3.7/site-packages/airflow/example_dags/example_complex.py for tasks to queue
[2023-01-10T10:54:55.855+0000] {logging_mixin.py:137} INFO - [2023-01-10T10:54:55.855+0000] {dagbag.py:538} INFO - Filling up the DagBag from /home/airflow/.local/lib/python3.7/site-packages/airflow/example_dags/example_complex.py
[2023-01-10T10:54:55.865+0000] {logging_mixin.py:137} INFO - [2023-01-10T10:54:55.865+0000] {taskmixin.py:205} WARNING - Dependency <Task(BashOperator): create_entry_group>, delete_entry_group already registered for DAG: example_complex
[2023-01-10T10:54:55.865+0000] {logging_mixin.py:137} INFO - [2023-01-10T10:54:55.865+0000] {taskmixin.py:205} WARNING - Dependency <Task(BashOperator): delete_entry_group>, create_entry_group already registered for DAG: example_complex
[2023-01-10T10:54:55.865+0000] {logging_mixin.py:137} INFO - [2023-01-10T10:54:55.865+0000] {taskmixin.py:205} WARNING - Dependency <Task(BashOperator): create_entry_gcs>, delete_entry already registered for DAG: example_complex
[2023-01-10T10:54:55.865+0000] {logging_mixin.py:137} INFO - [2023-01-10T10:54:55.865+0000] {taskmixin.py:205} WARNING - Dependency <Task(BashOperator): delete_entry>, create_entry_gcs already registered for DAG: example_complex
[2023-01-10T10:54:55.866+0000] {logging_mixin.py:137} INFO - [2023-01-10T10:54:55.866+0000] {taskmixin.py:205} WARNING - Dependency <Task(BashOperator): create_tag>, delete_tag already registered for DAG: example_complex
[2023-01-10T10:54:55.866+0000] {logging_mixin.py:137} INFO - [2023-01-10T10:54:55.866+0000] {taskmixin.py:205} WARNING - Dependency <Task(BashOperator): delete_tag>, create_tag already registered for DAG: example_complex
[2023-01-10T10:54:55.872+0000] {processor.py:753} INFO - DAG(s) dict_keys(['example_complex']) retrieved from /home/airflow/.local/lib/python3.7/site-packages/airflow/example_dags/example_complex.py
[2023-01-10T10:54:55.904+0000] {logging_mixin.py:137} INFO - [2023-01-10T10:54:55.904+0000] {dag.py:2676} INFO - Sync 1 DAGs
[2023-01-10T10:54:55.924+0000] {logging_mixin.py:137} INFO - [2023-01-10T10:54:55.924+0000] {dag.py:3427} INFO - Setting next_dagrun for example_complex to None, run_after=None
[2023-01-10T10:54:55.936+0000] {processor.py:175} INFO - Processing /home/airflow/.local/lib/python3.7/site-packages/airflow/example_dags/example_complex.py took 0.085 seconds
[2023-01-10T10:55:26.688+0000] {processor.py:153} INFO - Started process (PID=247) to work on /home/airflow/.local/lib/python3.7/site-packages/airflow/example_dags/example_complex.py
[2023-01-10T10:55:26.689+0000] {processor.py:743} INFO - Processing file /home/airflow/.local/lib/python3.7/site-packages/airflow/example_dags/example_complex.py for tasks to queue
[2023-01-10T10:55:26.689+0000] {logging_mixin.py:137} INFO - [2023-01-10T10:55:26.689+0000] {dagbag.py:538} INFO - Filling up the DagBag from /home/airflow/.local/lib/python3.7/site-packages/airflow/example_dags/example_complex.py
[2023-01-10T10:55:26.699+0000] {logging_mixin.py:137} INFO - [2023-01-10T10:55:26.698+0000] {taskmixin.py:205} WARNING - Dependency <Task(BashOperator): create_entry_group>, delete_entry_group already registered for DAG: example_complex
[2023-01-10T10:55:26.699+0000] {logging_mixin.py:137} INFO - [2023-01-10T10:55:26.699+0000] {taskmixin.py:205} WARNING - Dependency <Task(BashOperator): delete_entry_group>, create_entry_group already registered for DAG: example_complex
[2023-01-10T10:55:26.699+0000] {logging_mixin.py:137} INFO - [2023-01-10T10:55:26.699+0000] {taskmixin.py:205} WARNING - Dependency <Task(BashOperator): create_entry_gcs>, delete_entry already registered for DAG: example_complex
[2023-01-10T10:55:26.699+0000] {logging_mixin.py:137} INFO - [2023-01-10T10:55:26.699+0000] {taskmixin.py:205} WARNING - Dependency <Task(BashOperator): delete_entry>, create_entry_gcs already registered for DAG: example_complex
[2023-01-10T10:55:26.699+0000] {logging_mixin.py:137} INFO - [2023-01-10T10:55:26.699+0000] {taskmixin.py:205} WARNING - Dependency <Task(BashOperator): create_tag>, delete_tag already registered for DAG: example_complex
[2023-01-10T10:55:26.699+0000] {logging_mixin.py:137} INFO - [2023-01-10T10:55:26.699+0000] {taskmixin.py:205} WARNING - Dependency <Task(BashOperator): delete_tag>, create_tag already registered for DAG: example_complex
[2023-01-10T10:55:26.705+0000] {processor.py:753} INFO - DAG(s) dict_keys(['example_complex']) retrieved from /home/airflow/.local/lib/python3.7/site-packages/airflow/example_dags/example_complex.py
[2023-01-10T10:55:26.738+0000] {logging_mixin.py:137} INFO - [2023-01-10T10:55:26.738+0000] {dag.py:2676} INFO - Sync 1 DAGs
[2023-01-10T10:55:26.756+0000] {logging_mixin.py:137} INFO - [2023-01-10T10:55:26.756+0000] {dag.py:3427} INFO - Setting next_dagrun for example_complex to None, run_after=None
[2023-01-10T10:55:26.768+0000] {processor.py:175} INFO - Processing /home/airflow/.local/lib/python3.7/site-packages/airflow/example_dags/example_complex.py took 0.082 seconds
[2023-01-10T10:55:57.634+0000] {processor.py:153} INFO - Started process (PID=318) to work on /home/airflow/.local/lib/python3.7/site-packages/airflow/example_dags/example_complex.py
[2023-01-10T10:55:57.635+0000] {processor.py:743} INFO - Processing file /home/airflow/.local/lib/python3.7/site-packages/airflow/example_dags/example_complex.py for tasks to queue
[2023-01-10T10:55:57.635+0000] {logging_mixin.py:137} INFO - [2023-01-10T10:55:57.635+0000] {dagbag.py:538} INFO - Filling up the DagBag from /home/airflow/.local/lib/python3.7/site-packages/airflow/example_dags/example_complex.py
[2023-01-10T10:55:57.644+0000] {logging_mixin.py:137} INFO - [2023-01-10T10:55:57.644+0000] {taskmixin.py:205} WARNING - Dependency <Task(BashOperator): create_entry_group>, delete_entry_group already registered for DAG: example_complex
[2023-01-10T10:55:57.644+0000] {logging_mixin.py:137} INFO - [2023-01-10T10:55:57.644+0000] {taskmixin.py:205} WARNING - Dependency <Task(BashOperator): delete_entry_group>, create_entry_group already registered for DAG: example_complex
[2023-01-10T10:55:57.644+0000] {logging_mixin.py:137} INFO - [2023-01-10T10:55:57.644+0000] {taskmixin.py:205} WARNING - Dependency <Task(BashOperator): create_entry_gcs>, delete_entry already registered for DAG: example_complex
[2023-01-10T10:55:57.644+0000] {logging_mixin.py:137} INFO - [2023-01-10T10:55:57.644+0000] {taskmixin.py:205} WARNING - Dependency <Task(BashOperator): delete_entry>, create_entry_gcs already registered for DAG: example_complex
[2023-01-10T10:55:57.644+0000] {logging_mixin.py:137} INFO - [2023-01-10T10:55:57.644+0000] {taskmixin.py:205} WARNING - Dependency <Task(BashOperator): create_tag>, delete_tag already registered for DAG: example_complex
[2023-01-10T10:55:57.645+0000] {logging_mixin.py:137} INFO - [2023-01-10T10:55:57.644+0000] {taskmixin.py:205} WARNING - Dependency <Task(BashOperator): delete_tag>, create_tag already registered for DAG: example_complex
[2023-01-10T10:55:57.650+0000] {processor.py:753} INFO - DAG(s) dict_keys(['example_complex']) retrieved from /home/airflow/.local/lib/python3.7/site-packages/airflow/example_dags/example_complex.py
[2023-01-10T10:55:57.684+0000] {logging_mixin.py:137} INFO - [2023-01-10T10:55:57.684+0000] {dag.py:2676} INFO - Sync 1 DAGs
[2023-01-10T10:55:57.702+0000] {logging_mixin.py:137} INFO - [2023-01-10T10:55:57.702+0000] {dag.py:3427} INFO - Setting next_dagrun for example_complex to None, run_after=None
[2023-01-10T10:55:57.714+0000] {processor.py:175} INFO - Processing /home/airflow/.local/lib/python3.7/site-packages/airflow/example_dags/example_complex.py took 0.081 seconds
[2023-01-10T10:56:27.914+0000] {processor.py:153} INFO - Started process (PID=405) to work on /home/airflow/.local/lib/python3.7/site-packages/airflow/example_dags/example_complex.py
[2023-01-10T10:56:27.915+0000] {processor.py:743} INFO - Processing file /home/airflow/.local/lib/python3.7/site-packages/airflow/example_dags/example_complex.py for tasks to queue
[2023-01-10T10:56:27.915+0000] {logging_mixin.py:137} INFO - [2023-01-10T10:56:27.915+0000] {dagbag.py:538} INFO - Filling up the DagBag from /home/airflow/.local/lib/python3.7/site-packages/airflow/example_dags/example_complex.py
[2023-01-10T10:56:27.924+0000] {logging_mixin.py:137} INFO - [2023-01-10T10:56:27.923+0000] {taskmixin.py:205} WARNING - Dependency <Task(BashOperator): create_entry_group>, delete_entry_group already registered for DAG: example_complex
[2023-01-10T10:56:27.924+0000] {logging_mixin.py:137} INFO - [2023-01-10T10:56:27.924+0000] {taskmixin.py:205} WARNING - Dependency <Task(BashOperator): delete_entry_group>, create_entry_group already registered for DAG: example_complex
[2023-01-10T10:56:27.924+0000] {logging_mixin.py:137} INFO - [2023-01-10T10:56:27.924+0000] {taskmixin.py:205} WARNING - Dependency <Task(BashOperator): create_entry_gcs>, delete_entry already registered for DAG: example_complex
[2023-01-10T10:56:27.924+0000] {logging_mixin.py:137} INFO - [2023-01-10T10:56:27.924+0000] {taskmixin.py:205} WARNING - Dependency <Task(BashOperator): delete_entry>, create_entry_gcs already registered for DAG: example_complex
[2023-01-10T10:56:27.924+0000] {logging_mixin.py:137} INFO - [2023-01-10T10:56:27.924+0000] {taskmixin.py:205} WARNING - Dependency <Task(BashOperator): create_tag>, delete_tag already registered for DAG: example_complex
[2023-01-10T10:56:27.924+0000] {logging_mixin.py:137} INFO - [2023-01-10T10:56:27.924+0000] {taskmixin.py:205} WARNING - Dependency <Task(BashOperator): delete_tag>, create_tag already registered for DAG: example_complex
[2023-01-10T10:56:27.930+0000] {processor.py:753} INFO - DAG(s) dict_keys(['example_complex']) retrieved from /home/airflow/.local/lib/python3.7/site-packages/airflow/example_dags/example_complex.py
[2023-01-10T10:56:27.963+0000] {logging_mixin.py:137} INFO - [2023-01-10T10:56:27.963+0000] {dag.py:2676} INFO - Sync 1 DAGs
[2023-01-10T10:56:27.982+0000] {logging_mixin.py:137} INFO - [2023-01-10T10:56:27.982+0000] {dag.py:3427} INFO - Setting next_dagrun for example_complex to None, run_after=None
[2023-01-10T10:56:27.995+0000] {processor.py:175} INFO - Processing /home/airflow/.local/lib/python3.7/site-packages/airflow/example_dags/example_complex.py took 0.083 seconds
[2023-01-10T10:56:58.950+0000] {processor.py:153} INFO - Started process (PID=474) to work on /home/airflow/.local/lib/python3.7/site-packages/airflow/example_dags/example_complex.py
[2023-01-10T10:56:58.951+0000] {processor.py:743} INFO - Processing file /home/airflow/.local/lib/python3.7/site-packages/airflow/example_dags/example_complex.py for tasks to queue
[2023-01-10T10:56:58.952+0000] {logging_mixin.py:137} INFO - [2023-01-10T10:56:58.951+0000] {dagbag.py:538} INFO - Filling up the DagBag from /home/airflow/.local/lib/python3.7/site-packages/airflow/example_dags/example_complex.py
[2023-01-10T10:56:58.961+0000] {logging_mixin.py:137} INFO - [2023-01-10T10:56:58.960+0000] {taskmixin.py:205} WARNING - Dependency <Task(BashOperator): create_entry_group>, delete_entry_group already registered for DAG: example_complex
[2023-01-10T10:56:58.961+0000] {logging_mixin.py:137} INFO - [2023-01-10T10:56:58.961+0000] {taskmixin.py:205} WARNING - Dependency <Task(BashOperator): delete_entry_group>, create_entry_group already registered for DAG: example_complex
[2023-01-10T10:56:58.961+0000] {logging_mixin.py:137} INFO - [2023-01-10T10:56:58.961+0000] {taskmixin.py:205} WARNING - Dependency <Task(BashOperator): create_entry_gcs>, delete_entry already registered for DAG: example_complex
[2023-01-10T10:56:58.961+0000] {logging_mixin.py:137} INFO - [2023-01-10T10:56:58.961+0000] {taskmixin.py:205} WARNING - Dependency <Task(BashOperator): delete_entry>, create_entry_gcs already registered for DAG: example_complex
[2023-01-10T10:56:58.961+0000] {logging_mixin.py:137} INFO - [2023-01-10T10:56:58.961+0000] {taskmixin.py:205} WARNING - Dependency <Task(BashOperator): create_tag>, delete_tag already registered for DAG: example_complex
[2023-01-10T10:56:58.961+0000] {logging_mixin.py:137} INFO - [2023-01-10T10:56:58.961+0000] {taskmixin.py:205} WARNING - Dependency <Task(BashOperator): delete_tag>, create_tag already registered for DAG: example_complex
[2023-01-10T10:56:58.967+0000] {processor.py:753} INFO - DAG(s) dict_keys(['example_complex']) retrieved from /home/airflow/.local/lib/python3.7/site-packages/airflow/example_dags/example_complex.py
[2023-01-10T10:56:59.003+0000] {logging_mixin.py:137} INFO - [2023-01-10T10:56:59.003+0000] {dag.py:2676} INFO - Sync 1 DAGs
[2023-01-10T10:56:59.024+0000] {logging_mixin.py:137} INFO - [2023-01-10T10:56:59.024+0000] {dag.py:3427} INFO - Setting next_dagrun for example_complex to None, run_after=None
[2023-01-10T10:56:59.040+0000] {processor.py:175} INFO - Processing /home/airflow/.local/lib/python3.7/site-packages/airflow/example_dags/example_complex.py took 0.092 seconds
[2023-01-10T10:57:29.149+0000] {processor.py:153} INFO - Started process (PID=560) to work on /home/airflow/.local/lib/python3.7/site-packages/airflow/example_dags/example_complex.py
[2023-01-10T10:57:29.150+0000] {processor.py:743} INFO - Processing file /home/airflow/.local/lib/python3.7/site-packages/airflow/example_dags/example_complex.py for tasks to queue
[2023-01-10T10:57:29.150+0000] {logging_mixin.py:137} INFO - [2023-01-10T10:57:29.150+0000] {dagbag.py:538} INFO - Filling up the DagBag from /home/airflow/.local/lib/python3.7/site-packages/airflow/example_dags/example_complex.py
[2023-01-10T10:57:29.161+0000] {logging_mixin.py:137} INFO - [2023-01-10T10:57:29.161+0000] {taskmixin.py:205} WARNING - Dependency <Task(BashOperator): create_entry_group>, delete_entry_group already registered for DAG: example_complex
[2023-01-10T10:57:29.161+0000] {logging_mixin.py:137} INFO - [2023-01-10T10:57:29.161+0000] {taskmixin.py:205} WARNING - Dependency <Task(BashOperator): delete_entry_group>, create_entry_group already registered for DAG: example_complex
[2023-01-10T10:57:29.161+0000] {logging_mixin.py:137} INFO - [2023-01-10T10:57:29.161+0000] {taskmixin.py:205} WARNING - Dependency <Task(BashOperator): create_entry_gcs>, delete_entry already registered for DAG: example_complex
[2023-01-10T10:57:29.161+0000] {logging_mixin.py:137} INFO - [2023-01-10T10:57:29.161+0000] {taskmixin.py:205} WARNING - Dependency <Task(BashOperator): delete_entry>, create_entry_gcs already registered for DAG: example_complex
[2023-01-10T10:57:29.162+0000] {logging_mixin.py:137} INFO - [2023-01-10T10:57:29.162+0000] {taskmixin.py:205} WARNING - Dependency <Task(BashOperator): create_tag>, delete_tag already registered for DAG: example_complex
[2023-01-10T10:57:29.162+0000] {logging_mixin.py:137} INFO - [2023-01-10T10:57:29.162+0000] {taskmixin.py:205} WARNING - Dependency <Task(BashOperator): delete_tag>, create_tag already registered for DAG: example_complex
[2023-01-10T10:57:29.168+0000] {processor.py:753} INFO - DAG(s) dict_keys(['example_complex']) retrieved from /home/airflow/.local/lib/python3.7/site-packages/airflow/example_dags/example_complex.py
[2023-01-10T10:57:29.203+0000] {logging_mixin.py:137} INFO - [2023-01-10T10:57:29.203+0000] {dag.py:2676} INFO - Sync 1 DAGs
[2023-01-10T10:57:29.222+0000] {logging_mixin.py:137} INFO - [2023-01-10T10:57:29.222+0000] {dag.py:3427} INFO - Setting next_dagrun for example_complex to None, run_after=None
[2023-01-10T10:57:29.235+0000] {processor.py:175} INFO - Processing /home/airflow/.local/lib/python3.7/site-packages/airflow/example_dags/example_complex.py took 0.088 seconds
[2023-01-10T10:58:00.099+0000] {processor.py:153} INFO - Started process (PID=639) to work on /home/airflow/.local/lib/python3.7/site-packages/airflow/example_dags/example_complex.py
[2023-01-10T10:58:00.100+0000] {processor.py:743} INFO - Processing file /home/airflow/.local/lib/python3.7/site-packages/airflow/example_dags/example_complex.py for tasks to queue
[2023-01-10T10:58:00.100+0000] {logging_mixin.py:137} INFO - [2023-01-10T10:58:00.100+0000] {dagbag.py:538} INFO - Filling up the DagBag from /home/airflow/.local/lib/python3.7/site-packages/airflow/example_dags/example_complex.py
[2023-01-10T10:58:00.109+0000] {logging_mixin.py:137} INFO - [2023-01-10T10:58:00.109+0000] {taskmixin.py:205} WARNING - Dependency <Task(BashOperator): create_entry_group>, delete_entry_group already registered for DAG: example_complex
[2023-01-10T10:58:00.109+0000] {logging_mixin.py:137} INFO - [2023-01-10T10:58:00.109+0000] {taskmixin.py:205} WARNING - Dependency <Task(BashOperator): delete_entry_group>, create_entry_group already registered for DAG: example_complex
[2023-01-10T10:58:00.110+0000] {logging_mixin.py:137} INFO - [2023-01-10T10:58:00.110+0000] {taskmixin.py:205} WARNING - Dependency <Task(BashOperator): create_entry_gcs>, delete_entry already registered for DAG: example_complex
[2023-01-10T10:58:00.110+0000] {logging_mixin.py:137} INFO - [2023-01-10T10:58:00.110+0000] {taskmixin.py:205} WARNING - Dependency <Task(BashOperator): delete_entry>, create_entry_gcs already registered for DAG: example_complex
[2023-01-10T10:58:00.110+0000] {logging_mixin.py:137} INFO - [2023-01-10T10:58:00.110+0000] {taskmixin.py:205} WARNING - Dependency <Task(BashOperator): create_tag>, delete_tag already registered for DAG: example_complex
[2023-01-10T10:58:00.110+0000] {logging_mixin.py:137} INFO - [2023-01-10T10:58:00.110+0000] {taskmixin.py:205} WARNING - Dependency <Task(BashOperator): delete_tag>, create_tag already registered for DAG: example_complex
[2023-01-10T10:58:00.117+0000] {processor.py:753} INFO - DAG(s) dict_keys(['example_complex']) retrieved from /home/airflow/.local/lib/python3.7/site-packages/airflow/example_dags/example_complex.py
[2023-01-10T10:58:00.153+0000] {logging_mixin.py:137} INFO - [2023-01-10T10:58:00.153+0000] {dag.py:2676} INFO - Sync 1 DAGs
[2023-01-10T10:58:00.181+0000] {logging_mixin.py:137} INFO - [2023-01-10T10:58:00.181+0000] {dag.py:3427} INFO - Setting next_dagrun for example_complex to None, run_after=None
[2023-01-10T10:58:00.201+0000] {processor.py:175} INFO - Processing /home/airflow/.local/lib/python3.7/site-packages/airflow/example_dags/example_complex.py took 0.104 seconds
[2023-01-10T10:58:31.046+0000] {processor.py:153} INFO - Started process (PID=716) to work on /home/airflow/.local/lib/python3.7/site-packages/airflow/example_dags/example_complex.py
[2023-01-10T10:58:31.046+0000] {processor.py:743} INFO - Processing file /home/airflow/.local/lib/python3.7/site-packages/airflow/example_dags/example_complex.py for tasks to queue
[2023-01-10T10:58:31.047+0000] {logging_mixin.py:137} INFO - [2023-01-10T10:58:31.047+0000] {dagbag.py:538} INFO - Filling up the DagBag from /home/airflow/.local/lib/python3.7/site-packages/airflow/example_dags/example_complex.py
[2023-01-10T10:58:31.056+0000] {logging_mixin.py:137} INFO - [2023-01-10T10:58:31.056+0000] {taskmixin.py:205} WARNING - Dependency <Task(BashOperator): create_entry_group>, delete_entry_group already registered for DAG: example_complex
[2023-01-10T10:58:31.056+0000] {logging_mixin.py:137} INFO - [2023-01-10T10:58:31.056+0000] {taskmixin.py:205} WARNING - Dependency <Task(BashOperator): delete_entry_group>, create_entry_group already registered for DAG: example_complex
[2023-01-10T10:58:31.056+0000] {logging_mixin.py:137} INFO - [2023-01-10T10:58:31.056+0000] {taskmixin.py:205} WARNING - Dependency <Task(BashOperator): create_entry_gcs>, delete_entry already registered for DAG: example_complex
[2023-01-10T10:58:31.056+0000] {logging_mixin.py:137} INFO - [2023-01-10T10:58:31.056+0000] {taskmixin.py:205} WARNING - Dependency <Task(BashOperator): delete_entry>, create_entry_gcs already registered for DAG: example_complex
[2023-01-10T10:58:31.057+0000] {logging_mixin.py:137} INFO - [2023-01-10T10:58:31.057+0000] {taskmixin.py:205} WARNING - Dependency <Task(BashOperator): create_tag>, delete_tag already registered for DAG: example_complex
[2023-01-10T10:58:31.057+0000] {logging_mixin.py:137} INFO - [2023-01-10T10:58:31.057+0000] {taskmixin.py:205} WARNING - Dependency <Task(BashOperator): delete_tag>, create_tag already registered for DAG: example_complex
[2023-01-10T10:58:31.063+0000] {processor.py:753} INFO - DAG(s) dict_keys(['example_complex']) retrieved from /home/airflow/.local/lib/python3.7/site-packages/airflow/example_dags/example_complex.py
[2023-01-10T10:58:31.101+0000] {logging_mixin.py:137} INFO - [2023-01-10T10:58:31.101+0000] {dag.py:2676} INFO - Sync 1 DAGs
[2023-01-10T10:58:31.127+0000] {logging_mixin.py:137} INFO - [2023-01-10T10:58:31.127+0000] {dag.py:3427} INFO - Setting next_dagrun for example_complex to None, run_after=None
[2023-01-10T10:58:31.145+0000] {processor.py:175} INFO - Processing /home/airflow/.local/lib/python3.7/site-packages/airflow/example_dags/example_complex.py took 0.103 seconds
[2023-01-10T10:59:01.428+0000] {processor.py:153} INFO - Started process (PID=801) to work on /home/airflow/.local/lib/python3.7/site-packages/airflow/example_dags/example_complex.py
[2023-01-10T10:59:01.428+0000] {processor.py:743} INFO - Processing file /home/airflow/.local/lib/python3.7/site-packages/airflow/example_dags/example_complex.py for tasks to queue
[2023-01-10T10:59:01.429+0000] {logging_mixin.py:137} INFO - [2023-01-10T10:59:01.429+0000] {dagbag.py:538} INFO - Filling up the DagBag from /home/airflow/.local/lib/python3.7/site-packages/airflow/example_dags/example_complex.py
[2023-01-10T10:59:01.437+0000] {logging_mixin.py:137} INFO - [2023-01-10T10:59:01.437+0000] {taskmixin.py:205} WARNING - Dependency <Task(BashOperator): create_entry_group>, delete_entry_group already registered for DAG: example_complex
[2023-01-10T10:59:01.437+0000] {logging_mixin.py:137} INFO - [2023-01-10T10:59:01.437+0000] {taskmixin.py:205} WARNING - Dependency <Task(BashOperator): delete_entry_group>, create_entry_group already registered for DAG: example_complex
[2023-01-10T10:59:01.438+0000] {logging_mixin.py:137} INFO - [2023-01-10T10:59:01.438+0000] {taskmixin.py:205} WARNING - Dependency <Task(BashOperator): create_entry_gcs>, delete_entry already registered for DAG: example_complex
[2023-01-10T10:59:01.438+0000] {logging_mixin.py:137} INFO - [2023-01-10T10:59:01.438+0000] {taskmixin.py:205} WARNING - Dependency <Task(BashOperator): delete_entry>, create_entry_gcs already registered for DAG: example_complex
[2023-01-10T10:59:01.438+0000] {logging_mixin.py:137} INFO - [2023-01-10T10:59:01.438+0000] {taskmixin.py:205} WARNING - Dependency <Task(BashOperator): create_tag>, delete_tag already registered for DAG: example_complex
[2023-01-10T10:59:01.438+0000] {logging_mixin.py:137} INFO - [2023-01-10T10:59:01.438+0000] {taskmixin.py:205} WARNING - Dependency <Task(BashOperator): delete_tag>, create_tag already registered for DAG: example_complex
[2023-01-10T10:59:01.444+0000] {processor.py:753} INFO - DAG(s) dict_keys(['example_complex']) retrieved from /home/airflow/.local/lib/python3.7/site-packages/airflow/example_dags/example_complex.py
[2023-01-10T10:59:01.479+0000] {logging_mixin.py:137} INFO - [2023-01-10T10:59:01.479+0000] {dag.py:2676} INFO - Sync 1 DAGs
[2023-01-10T10:59:01.499+0000] {logging_mixin.py:137} INFO - [2023-01-10T10:59:01.499+0000] {dag.py:3427} INFO - Setting next_dagrun for example_complex to None, run_after=None
[2023-01-10T10:59:01.514+0000] {processor.py:175} INFO - Processing /home/airflow/.local/lib/python3.7/site-packages/airflow/example_dags/example_complex.py took 0.089 seconds
[2023-01-10T10:59:31.660+0000] {processor.py:153} INFO - Started process (PID=871) to work on /home/airflow/.local/lib/python3.7/site-packages/airflow/example_dags/example_complex.py
[2023-01-10T10:59:31.660+0000] {processor.py:743} INFO - Processing file /home/airflow/.local/lib/python3.7/site-packages/airflow/example_dags/example_complex.py for tasks to queue
[2023-01-10T10:59:31.661+0000] {logging_mixin.py:137} INFO - [2023-01-10T10:59:31.661+0000] {dagbag.py:538} INFO - Filling up the DagBag from /home/airflow/.local/lib/python3.7/site-packages/airflow/example_dags/example_complex.py
[2023-01-10T10:59:31.674+0000] {logging_mixin.py:137} INFO - [2023-01-10T10:59:31.673+0000] {taskmixin.py:205} WARNING - Dependency <Task(BashOperator): create_entry_group>, delete_entry_group already registered for DAG: example_complex
[2023-01-10T10:59:31.674+0000] {logging_mixin.py:137} INFO - [2023-01-10T10:59:31.674+0000] {taskmixin.py:205} WARNING - Dependency <Task(BashOperator): delete_entry_group>, create_entry_group already registered for DAG: example_complex
[2023-01-10T10:59:31.674+0000] {logging_mixin.py:137} INFO - [2023-01-10T10:59:31.674+0000] {taskmixin.py:205} WARNING - Dependency <Task(BashOperator): create_entry_gcs>, delete_entry already registered for DAG: example_complex
[2023-01-10T10:59:31.674+0000] {logging_mixin.py:137} INFO - [2023-01-10T10:59:31.674+0000] {taskmixin.py:205} WARNING - Dependency <Task(BashOperator): delete_entry>, create_entry_gcs already registered for DAG: example_complex
[2023-01-10T10:59:31.674+0000] {logging_mixin.py:137} INFO - [2023-01-10T10:59:31.674+0000] {taskmixin.py:205} WARNING - Dependency <Task(BashOperator): create_tag>, delete_tag already registered for DAG: example_complex
[2023-01-10T10:59:31.675+0000] {logging_mixin.py:137} INFO - [2023-01-10T10:59:31.674+0000] {taskmixin.py:205} WARNING - Dependency <Task(BashOperator): delete_tag>, create_tag already registered for DAG: example_complex
[2023-01-10T10:59:31.681+0000] {processor.py:753} INFO - DAG(s) dict_keys(['example_complex']) retrieved from /home/airflow/.local/lib/python3.7/site-packages/airflow/example_dags/example_complex.py
[2023-01-10T10:59:31.717+0000] {logging_mixin.py:137} INFO - [2023-01-10T10:59:31.717+0000] {dag.py:2676} INFO - Sync 1 DAGs
[2023-01-10T10:59:31.737+0000] {logging_mixin.py:137} INFO - [2023-01-10T10:59:31.737+0000] {dag.py:3427} INFO - Setting next_dagrun for example_complex to None, run_after=None
[2023-01-10T10:59:31.750+0000] {processor.py:175} INFO - Processing /home/airflow/.local/lib/python3.7/site-packages/airflow/example_dags/example_complex.py took 0.093 seconds
[2023-01-10T11:00:01.881+0000] {processor.py:153} INFO - Started process (PID=958) to work on /home/airflow/.local/lib/python3.7/site-packages/airflow/example_dags/example_complex.py
[2023-01-10T11:00:01.881+0000] {processor.py:743} INFO - Processing file /home/airflow/.local/lib/python3.7/site-packages/airflow/example_dags/example_complex.py for tasks to queue
[2023-01-10T11:00:01.882+0000] {logging_mixin.py:137} INFO - [2023-01-10T11:00:01.882+0000] {dagbag.py:538} INFO - Filling up the DagBag from /home/airflow/.local/lib/python3.7/site-packages/airflow/example_dags/example_complex.py
[2023-01-10T11:00:01.890+0000] {logging_mixin.py:137} INFO - [2023-01-10T11:00:01.890+0000] {taskmixin.py:205} WARNING - Dependency <Task(BashOperator): create_entry_group>, delete_entry_group already registered for DAG: example_complex
[2023-01-10T11:00:01.890+0000] {logging_mixin.py:137} INFO - [2023-01-10T11:00:01.890+0000] {taskmixin.py:205} WARNING - Dependency <Task(BashOperator): delete_entry_group>, create_entry_group already registered for DAG: example_complex
[2023-01-10T11:00:01.890+0000] {logging_mixin.py:137} INFO - [2023-01-10T11:00:01.890+0000] {taskmixin.py:205} WARNING - Dependency <Task(BashOperator): create_entry_gcs>, delete_entry already registered for DAG: example_complex
[2023-01-10T11:00:01.890+0000] {logging_mixin.py:137} INFO - [2023-01-10T11:00:01.890+0000] {taskmixin.py:205} WARNING - Dependency <Task(BashOperator): delete_entry>, create_entry_gcs already registered for DAG: example_complex
[2023-01-10T11:00:01.891+0000] {logging_mixin.py:137} INFO - [2023-01-10T11:00:01.891+0000] {taskmixin.py:205} WARNING - Dependency <Task(BashOperator): create_tag>, delete_tag already registered for DAG: example_complex
[2023-01-10T11:00:01.891+0000] {logging_mixin.py:137} INFO - [2023-01-10T11:00:01.891+0000] {taskmixin.py:205} WARNING - Dependency <Task(BashOperator): delete_tag>, create_tag already registered for DAG: example_complex
[2023-01-10T11:00:01.897+0000] {processor.py:753} INFO - DAG(s) dict_keys(['example_complex']) retrieved from /home/airflow/.local/lib/python3.7/site-packages/airflow/example_dags/example_complex.py
[2023-01-10T11:00:01.933+0000] {logging_mixin.py:137} INFO - [2023-01-10T11:00:01.933+0000] {dag.py:2676} INFO - Sync 1 DAGs
[2023-01-10T11:00:01.954+0000] {logging_mixin.py:137} INFO - [2023-01-10T11:00:01.953+0000] {dag.py:3427} INFO - Setting next_dagrun for example_complex to None, run_after=None
[2023-01-10T11:00:01.967+0000] {processor.py:175} INFO - Processing /home/airflow/.local/lib/python3.7/site-packages/airflow/example_dags/example_complex.py took 0.089 seconds
[2023-01-10T11:00:32.018+0000] {processor.py:153} INFO - Started process (PID=1028) to work on /home/airflow/.local/lib/python3.7/site-packages/airflow/example_dags/example_complex.py
[2023-01-10T11:00:32.019+0000] {processor.py:743} INFO - Processing file /home/airflow/.local/lib/python3.7/site-packages/airflow/example_dags/example_complex.py for tasks to queue
[2023-01-10T11:00:32.019+0000] {logging_mixin.py:137} INFO - [2023-01-10T11:00:32.019+0000] {dagbag.py:538} INFO - Filling up the DagBag from /home/airflow/.local/lib/python3.7/site-packages/airflow/example_dags/example_complex.py
[2023-01-10T11:00:32.028+0000] {logging_mixin.py:137} INFO - [2023-01-10T11:00:32.027+0000] {taskmixin.py:205} WARNING - Dependency <Task(BashOperator): create_entry_group>, delete_entry_group already registered for DAG: example_complex
[2023-01-10T11:00:32.028+0000] {logging_mixin.py:137} INFO - [2023-01-10T11:00:32.028+0000] {taskmixin.py:205} WARNING - Dependency <Task(BashOperator): delete_entry_group>, create_entry_group already registered for DAG: example_complex
[2023-01-10T11:00:32.028+0000] {logging_mixin.py:137} INFO - [2023-01-10T11:00:32.028+0000] {taskmixin.py:205} WARNING - Dependency <Task(BashOperator): create_entry_gcs>, delete_entry already registered for DAG: example_complex
[2023-01-10T11:00:32.028+0000] {logging_mixin.py:137} INFO - [2023-01-10T11:00:32.028+0000] {taskmixin.py:205} WARNING - Dependency <Task(BashOperator): delete_entry>, create_entry_gcs already registered for DAG: example_complex
[2023-01-10T11:00:32.028+0000] {logging_mixin.py:137} INFO - [2023-01-10T11:00:32.028+0000] {taskmixin.py:205} WARNING - Dependency <Task(BashOperator): create_tag>, delete_tag already registered for DAG: example_complex
[2023-01-10T11:00:32.029+0000] {logging_mixin.py:137} INFO - [2023-01-10T11:00:32.028+0000] {taskmixin.py:205} WARNING - Dependency <Task(BashOperator): delete_tag>, create_tag already registered for DAG: example_complex
[2023-01-10T11:00:32.035+0000] {processor.py:753} INFO - DAG(s) dict_keys(['example_complex']) retrieved from /home/airflow/.local/lib/python3.7/site-packages/airflow/example_dags/example_complex.py
[2023-01-10T11:00:32.071+0000] {logging_mixin.py:137} INFO - [2023-01-10T11:00:32.071+0000] {dag.py:2676} INFO - Sync 1 DAGs
[2023-01-10T11:00:32.092+0000] {logging_mixin.py:137} INFO - [2023-01-10T11:00:32.092+0000] {dag.py:3427} INFO - Setting next_dagrun for example_complex to None, run_after=None
[2023-01-10T11:00:32.108+0000] {processor.py:175} INFO - Processing /home/airflow/.local/lib/python3.7/site-packages/airflow/example_dags/example_complex.py took 0.092 seconds
[2023-01-10T11:01:02.203+0000] {processor.py:153} INFO - Started process (PID=1114) to work on /home/airflow/.local/lib/python3.7/site-packages/airflow/example_dags/example_complex.py
[2023-01-10T11:01:02.204+0000] {processor.py:743} INFO - Processing file /home/airflow/.local/lib/python3.7/site-packages/airflow/example_dags/example_complex.py for tasks to queue
[2023-01-10T11:01:02.205+0000] {logging_mixin.py:137} INFO - [2023-01-10T11:01:02.205+0000] {dagbag.py:538} INFO - Filling up the DagBag from /home/airflow/.local/lib/python3.7/site-packages/airflow/example_dags/example_complex.py
[2023-01-10T11:01:02.214+0000] {logging_mixin.py:137} INFO - [2023-01-10T11:01:02.214+0000] {taskmixin.py:205} WARNING - Dependency <Task(BashOperator): create_entry_group>, delete_entry_group already registered for DAG: example_complex
[2023-01-10T11:01:02.214+0000] {logging_mixin.py:137} INFO - [2023-01-10T11:01:02.214+0000] {taskmixin.py:205} WARNING - Dependency <Task(BashOperator): delete_entry_group>, create_entry_group already registered for DAG: example_complex
[2023-01-10T11:01:02.215+0000] {logging_mixin.py:137} INFO - [2023-01-10T11:01:02.215+0000] {taskmixin.py:205} WARNING - Dependency <Task(BashOperator): create_entry_gcs>, delete_entry already registered for DAG: example_complex
[2023-01-10T11:01:02.215+0000] {logging_mixin.py:137} INFO - [2023-01-10T11:01:02.215+0000] {taskmixin.py:205} WARNING - Dependency <Task(BashOperator): delete_entry>, create_entry_gcs already registered for DAG: example_complex
[2023-01-10T11:01:02.215+0000] {logging_mixin.py:137} INFO - [2023-01-10T11:01:02.215+0000] {taskmixin.py:205} WARNING - Dependency <Task(BashOperator): create_tag>, delete_tag already registered for DAG: example_complex
[2023-01-10T11:01:02.215+0000] {logging_mixin.py:137} INFO - [2023-01-10T11:01:02.215+0000] {taskmixin.py:205} WARNING - Dependency <Task(BashOperator): delete_tag>, create_tag already registered for DAG: example_complex
[2023-01-10T11:01:02.221+0000] {processor.py:753} INFO - DAG(s) dict_keys(['example_complex']) retrieved from /home/airflow/.local/lib/python3.7/site-packages/airflow/example_dags/example_complex.py
[2023-01-10T11:01:02.258+0000] {logging_mixin.py:137} INFO - [2023-01-10T11:01:02.258+0000] {dag.py:2676} INFO - Sync 1 DAGs
[2023-01-10T11:01:02.282+0000] {logging_mixin.py:137} INFO - [2023-01-10T11:01:02.282+0000] {dag.py:3427} INFO - Setting next_dagrun for example_complex to None, run_after=None
[2023-01-10T11:01:02.299+0000] {processor.py:175} INFO - Processing /home/airflow/.local/lib/python3.7/site-packages/airflow/example_dags/example_complex.py took 0.098 seconds
[2023-01-10T11:01:32.495+0000] {processor.py:153} INFO - Started process (PID=1184) to work on /home/airflow/.local/lib/python3.7/site-packages/airflow/example_dags/example_complex.py
[2023-01-10T11:01:32.496+0000] {processor.py:743} INFO - Processing file /home/airflow/.local/lib/python3.7/site-packages/airflow/example_dags/example_complex.py for tasks to queue
[2023-01-10T11:01:32.496+0000] {logging_mixin.py:137} INFO - [2023-01-10T11:01:32.496+0000] {dagbag.py:538} INFO - Filling up the DagBag from /home/airflow/.local/lib/python3.7/site-packages/airflow/example_dags/example_complex.py
[2023-01-10T11:01:32.510+0000] {logging_mixin.py:137} INFO - [2023-01-10T11:01:32.510+0000] {taskmixin.py:205} WARNING - Dependency <Task(BashOperator): create_entry_group>, delete_entry_group already registered for DAG: example_complex
[2023-01-10T11:01:32.510+0000] {logging_mixin.py:137} INFO - [2023-01-10T11:01:32.510+0000] {taskmixin.py:205} WARNING - Dependency <Task(BashOperator): delete_entry_group>, create_entry_group already registered for DAG: example_complex
[2023-01-10T11:01:32.510+0000] {logging_mixin.py:137} INFO - [2023-01-10T11:01:32.510+0000] {taskmixin.py:205} WARNING - Dependency <Task(BashOperator): create_entry_gcs>, delete_entry already registered for DAG: example_complex
[2023-01-10T11:01:32.510+0000] {logging_mixin.py:137} INFO - [2023-01-10T11:01:32.510+0000] {taskmixin.py:205} WARNING - Dependency <Task(BashOperator): delete_entry>, create_entry_gcs already registered for DAG: example_complex
[2023-01-10T11:01:32.511+0000] {logging_mixin.py:137} INFO - [2023-01-10T11:01:32.511+0000] {taskmixin.py:205} WARNING - Dependency <Task(BashOperator): create_tag>, delete_tag already registered for DAG: example_complex
[2023-01-10T11:01:32.511+0000] {logging_mixin.py:137} INFO - [2023-01-10T11:01:32.511+0000] {taskmixin.py:205} WARNING - Dependency <Task(BashOperator): delete_tag>, create_tag already registered for DAG: example_complex
[2023-01-10T11:01:32.518+0000] {processor.py:753} INFO - DAG(s) dict_keys(['example_complex']) retrieved from /home/airflow/.local/lib/python3.7/site-packages/airflow/example_dags/example_complex.py
[2023-01-10T11:01:32.564+0000] {logging_mixin.py:137} INFO - [2023-01-10T11:01:32.564+0000] {dag.py:2676} INFO - Sync 1 DAGs
[2023-01-10T11:01:32.589+0000] {logging_mixin.py:137} INFO - [2023-01-10T11:01:32.588+0000] {dag.py:3427} INFO - Setting next_dagrun for example_complex to None, run_after=None
[2023-01-10T11:01:32.605+0000] {processor.py:175} INFO - Processing /home/airflow/.local/lib/python3.7/site-packages/airflow/example_dags/example_complex.py took 0.114 seconds
[2023-01-10T11:02:02.833+0000] {processor.py:153} INFO - Started process (PID=1272) to work on /home/airflow/.local/lib/python3.7/site-packages/airflow/example_dags/example_complex.py
[2023-01-10T11:02:02.834+0000] {processor.py:743} INFO - Processing file /home/airflow/.local/lib/python3.7/site-packages/airflow/example_dags/example_complex.py for tasks to queue
[2023-01-10T11:02:02.834+0000] {logging_mixin.py:137} INFO - [2023-01-10T11:02:02.834+0000] {dagbag.py:538} INFO - Filling up the DagBag from /home/airflow/.local/lib/python3.7/site-packages/airflow/example_dags/example_complex.py
[2023-01-10T11:02:02.843+0000] {logging_mixin.py:137} INFO - [2023-01-10T11:02:02.843+0000] {taskmixin.py:205} WARNING - Dependency <Task(BashOperator): create_entry_group>, delete_entry_group already registered for DAG: example_complex
[2023-01-10T11:02:02.843+0000] {logging_mixin.py:137} INFO - [2023-01-10T11:02:02.843+0000] {taskmixin.py:205} WARNING - Dependency <Task(BashOperator): delete_entry_group>, create_entry_group already registered for DAG: example_complex
[2023-01-10T11:02:02.843+0000] {logging_mixin.py:137} INFO - [2023-01-10T11:02:02.843+0000] {taskmixin.py:205} WARNING - Dependency <Task(BashOperator): create_entry_gcs>, delete_entry already registered for DAG: example_complex
[2023-01-10T11:02:02.844+0000] {logging_mixin.py:137} INFO - [2023-01-10T11:02:02.843+0000] {taskmixin.py:205} WARNING - Dependency <Task(BashOperator): delete_entry>, create_entry_gcs already registered for DAG: example_complex
[2023-01-10T11:02:02.844+0000] {logging_mixin.py:137} INFO - [2023-01-10T11:02:02.844+0000] {taskmixin.py:205} WARNING - Dependency <Task(BashOperator): create_tag>, delete_tag already registered for DAG: example_complex
[2023-01-10T11:02:02.844+0000] {logging_mixin.py:137} INFO - [2023-01-10T11:02:02.844+0000] {taskmixin.py:205} WARNING - Dependency <Task(BashOperator): delete_tag>, create_tag already registered for DAG: example_complex
[2023-01-10T11:02:02.849+0000] {processor.py:753} INFO - DAG(s) dict_keys(['example_complex']) retrieved from /home/airflow/.local/lib/python3.7/site-packages/airflow/example_dags/example_complex.py
[2023-01-10T11:02:02.882+0000] {logging_mixin.py:137} INFO - [2023-01-10T11:02:02.882+0000] {dag.py:2676} INFO - Sync 1 DAGs
[2023-01-10T11:02:02.901+0000] {logging_mixin.py:137} INFO - [2023-01-10T11:02:02.901+0000] {dag.py:3427} INFO - Setting next_dagrun for example_complex to None, run_after=None
[2023-01-10T11:02:02.914+0000] {processor.py:175} INFO - Processing /home/airflow/.local/lib/python3.7/site-packages/airflow/example_dags/example_complex.py took 0.083 seconds
[2023-01-10T11:02:33.837+0000] {processor.py:153} INFO - Started process (PID=1341) to work on /home/airflow/.local/lib/python3.7/site-packages/airflow/example_dags/example_complex.py
[2023-01-10T11:02:33.837+0000] {processor.py:743} INFO - Processing file /home/airflow/.local/lib/python3.7/site-packages/airflow/example_dags/example_complex.py for tasks to queue
[2023-01-10T11:02:33.838+0000] {logging_mixin.py:137} INFO - [2023-01-10T11:02:33.838+0000] {dagbag.py:538} INFO - Filling up the DagBag from /home/airflow/.local/lib/python3.7/site-packages/airflow/example_dags/example_complex.py
[2023-01-10T11:02:33.848+0000] {logging_mixin.py:137} INFO - [2023-01-10T11:02:33.847+0000] {taskmixin.py:205} WARNING - Dependency <Task(BashOperator): create_entry_group>, delete_entry_group already registered for DAG: example_complex
[2023-01-10T11:02:33.848+0000] {logging_mixin.py:137} INFO - [2023-01-10T11:02:33.848+0000] {taskmixin.py:205} WARNING - Dependency <Task(BashOperator): delete_entry_group>, create_entry_group already registered for DAG: example_complex
[2023-01-10T11:02:33.848+0000] {logging_mixin.py:137} INFO - [2023-01-10T11:02:33.848+0000] {taskmixin.py:205} WARNING - Dependency <Task(BashOperator): create_entry_gcs>, delete_entry already registered for DAG: example_complex
[2023-01-10T11:02:33.848+0000] {logging_mixin.py:137} INFO - [2023-01-10T11:02:33.848+0000] {taskmixin.py:205} WARNING - Dependency <Task(BashOperator): delete_entry>, create_entry_gcs already registered for DAG: example_complex
[2023-01-10T11:02:33.848+0000] {logging_mixin.py:137} INFO - [2023-01-10T11:02:33.848+0000] {taskmixin.py:205} WARNING - Dependency <Task(BashOperator): create_tag>, delete_tag already registered for DAG: example_complex
[2023-01-10T11:02:33.848+0000] {logging_mixin.py:137} INFO - [2023-01-10T11:02:33.848+0000] {taskmixin.py:205} WARNING - Dependency <Task(BashOperator): delete_tag>, create_tag already registered for DAG: example_complex
[2023-01-10T11:02:33.856+0000] {processor.py:753} INFO - DAG(s) dict_keys(['example_complex']) retrieved from /home/airflow/.local/lib/python3.7/site-packages/airflow/example_dags/example_complex.py
[2023-01-10T11:02:33.889+0000] {logging_mixin.py:137} INFO - [2023-01-10T11:02:33.889+0000] {dag.py:2676} INFO - Sync 1 DAGs
[2023-01-10T11:02:33.910+0000] {logging_mixin.py:137} INFO - [2023-01-10T11:02:33.910+0000] {dag.py:3427} INFO - Setting next_dagrun for example_complex to None, run_after=None
[2023-01-10T11:02:33.923+0000] {processor.py:175} INFO - Processing /home/airflow/.local/lib/python3.7/site-packages/airflow/example_dags/example_complex.py took 0.089 seconds
[2023-01-10T11:03:04.023+0000] {processor.py:153} INFO - Started process (PID=1428) to work on /home/airflow/.local/lib/python3.7/site-packages/airflow/example_dags/example_complex.py
[2023-01-10T11:03:04.023+0000] {processor.py:743} INFO - Processing file /home/airflow/.local/lib/python3.7/site-packages/airflow/example_dags/example_complex.py for tasks to queue
[2023-01-10T11:03:04.024+0000] {logging_mixin.py:137} INFO - [2023-01-10T11:03:04.024+0000] {dagbag.py:538} INFO - Filling up the DagBag from /home/airflow/.local/lib/python3.7/site-packages/airflow/example_dags/example_complex.py
[2023-01-10T11:03:04.033+0000] {logging_mixin.py:137} INFO - [2023-01-10T11:03:04.032+0000] {taskmixin.py:205} WARNING - Dependency <Task(BashOperator): create_entry_group>, delete_entry_group already registered for DAG: example_complex
[2023-01-10T11:03:04.033+0000] {logging_mixin.py:137} INFO - [2023-01-10T11:03:04.033+0000] {taskmixin.py:205} WARNING - Dependency <Task(BashOperator): delete_entry_group>, create_entry_group already registered for DAG: example_complex
[2023-01-10T11:03:04.033+0000] {logging_mixin.py:137} INFO - [2023-01-10T11:03:04.033+0000] {taskmixin.py:205} WARNING - Dependency <Task(BashOperator): create_entry_gcs>, delete_entry already registered for DAG: example_complex
[2023-01-10T11:03:04.033+0000] {logging_mixin.py:137} INFO - [2023-01-10T11:03:04.033+0000] {taskmixin.py:205} WARNING - Dependency <Task(BashOperator): delete_entry>, create_entry_gcs already registered for DAG: example_complex
[2023-01-10T11:03:04.034+0000] {logging_mixin.py:137} INFO - [2023-01-10T11:03:04.033+0000] {taskmixin.py:205} WARNING - Dependency <Task(BashOperator): create_tag>, delete_tag already registered for DAG: example_complex
[2023-01-10T11:03:04.034+0000] {logging_mixin.py:137} INFO - [2023-01-10T11:03:04.034+0000] {taskmixin.py:205} WARNING - Dependency <Task(BashOperator): delete_tag>, create_tag already registered for DAG: example_complex
[2023-01-10T11:03:04.039+0000] {processor.py:753} INFO - DAG(s) dict_keys(['example_complex']) retrieved from /home/airflow/.local/lib/python3.7/site-packages/airflow/example_dags/example_complex.py
[2023-01-10T11:03:04.071+0000] {logging_mixin.py:137} INFO - [2023-01-10T11:03:04.071+0000] {dag.py:2676} INFO - Sync 1 DAGs
[2023-01-10T11:03:04.089+0000] {logging_mixin.py:137} INFO - [2023-01-10T11:03:04.088+0000] {dag.py:3427} INFO - Setting next_dagrun for example_complex to None, run_after=None
[2023-01-10T11:03:04.102+0000] {processor.py:175} INFO - Processing /home/airflow/.local/lib/python3.7/site-packages/airflow/example_dags/example_complex.py took 0.082 seconds
[2023-01-10T11:03:34.313+0000] {processor.py:153} INFO - Started process (PID=1498) to work on /home/airflow/.local/lib/python3.7/site-packages/airflow/example_dags/example_complex.py
[2023-01-10T11:03:34.314+0000] {processor.py:743} INFO - Processing file /home/airflow/.local/lib/python3.7/site-packages/airflow/example_dags/example_complex.py for tasks to queue
[2023-01-10T11:03:34.314+0000] {logging_mixin.py:137} INFO - [2023-01-10T11:03:34.314+0000] {dagbag.py:538} INFO - Filling up the DagBag from /home/airflow/.local/lib/python3.7/site-packages/airflow/example_dags/example_complex.py
[2023-01-10T11:03:34.326+0000] {logging_mixin.py:137} INFO - [2023-01-10T11:03:34.326+0000] {taskmixin.py:205} WARNING - Dependency <Task(BashOperator): create_entry_group>, delete_entry_group already registered for DAG: example_complex
[2023-01-10T11:03:34.326+0000] {logging_mixin.py:137} INFO - [2023-01-10T11:03:34.326+0000] {taskmixin.py:205} WARNING - Dependency <Task(BashOperator): delete_entry_group>, create_entry_group already registered for DAG: example_complex
[2023-01-10T11:03:34.326+0000] {logging_mixin.py:137} INFO - [2023-01-10T11:03:34.326+0000] {taskmixin.py:205} WARNING - Dependency <Task(BashOperator): create_entry_gcs>, delete_entry already registered for DAG: example_complex
[2023-01-10T11:03:34.326+0000] {logging_mixin.py:137} INFO - [2023-01-10T11:03:34.326+0000] {taskmixin.py:205} WARNING - Dependency <Task(BashOperator): delete_entry>, create_entry_gcs already registered for DAG: example_complex
[2023-01-10T11:03:34.327+0000] {logging_mixin.py:137} INFO - [2023-01-10T11:03:34.327+0000] {taskmixin.py:205} WARNING - Dependency <Task(BashOperator): create_tag>, delete_tag already registered for DAG: example_complex
[2023-01-10T11:03:34.327+0000] {logging_mixin.py:137} INFO - [2023-01-10T11:03:34.327+0000] {taskmixin.py:205} WARNING - Dependency <Task(BashOperator): delete_tag>, create_tag already registered for DAG: example_complex
[2023-01-10T11:03:34.334+0000] {processor.py:753} INFO - DAG(s) dict_keys(['example_complex']) retrieved from /home/airflow/.local/lib/python3.7/site-packages/airflow/example_dags/example_complex.py
[2023-01-10T11:03:34.381+0000] {logging_mixin.py:137} INFO - [2023-01-10T11:03:34.381+0000] {dag.py:2676} INFO - Sync 1 DAGs
[2023-01-10T11:03:34.412+0000] {logging_mixin.py:137} INFO - [2023-01-10T11:03:34.412+0000] {dag.py:3427} INFO - Setting next_dagrun for example_complex to None, run_after=None
[2023-01-10T11:03:34.438+0000] {processor.py:175} INFO - Processing /home/airflow/.local/lib/python3.7/site-packages/airflow/example_dags/example_complex.py took 0.128 seconds
[2023-01-10T11:04:04.464+0000] {processor.py:153} INFO - Started process (PID=1586) to work on /home/airflow/.local/lib/python3.7/site-packages/airflow/example_dags/example_complex.py
[2023-01-10T11:04:04.465+0000] {processor.py:743} INFO - Processing file /home/airflow/.local/lib/python3.7/site-packages/airflow/example_dags/example_complex.py for tasks to queue
[2023-01-10T11:04:04.466+0000] {logging_mixin.py:137} INFO - [2023-01-10T11:04:04.466+0000] {dagbag.py:538} INFO - Filling up the DagBag from /home/airflow/.local/lib/python3.7/site-packages/airflow/example_dags/example_complex.py
[2023-01-10T11:04:04.474+0000] {logging_mixin.py:137} INFO - [2023-01-10T11:04:04.474+0000] {taskmixin.py:205} WARNING - Dependency <Task(BashOperator): create_entry_group>, delete_entry_group already registered for DAG: example_complex
[2023-01-10T11:04:04.474+0000] {logging_mixin.py:137} INFO - [2023-01-10T11:04:04.474+0000] {taskmixin.py:205} WARNING - Dependency <Task(BashOperator): delete_entry_group>, create_entry_group already registered for DAG: example_complex
[2023-01-10T11:04:04.474+0000] {logging_mixin.py:137} INFO - [2023-01-10T11:04:04.474+0000] {taskmixin.py:205} WARNING - Dependency <Task(BashOperator): create_entry_gcs>, delete_entry already registered for DAG: example_complex
[2023-01-10T11:04:04.474+0000] {logging_mixin.py:137} INFO - [2023-01-10T11:04:04.474+0000] {taskmixin.py:205} WARNING - Dependency <Task(BashOperator): delete_entry>, create_entry_gcs already registered for DAG: example_complex
[2023-01-10T11:04:04.474+0000] {logging_mixin.py:137} INFO - [2023-01-10T11:04:04.474+0000] {taskmixin.py:205} WARNING - Dependency <Task(BashOperator): create_tag>, delete_tag already registered for DAG: example_complex
[2023-01-10T11:04:04.475+0000] {logging_mixin.py:137} INFO - [2023-01-10T11:04:04.475+0000] {taskmixin.py:205} WARNING - Dependency <Task(BashOperator): delete_tag>, create_tag already registered for DAG: example_complex
[2023-01-10T11:04:04.480+0000] {processor.py:753} INFO - DAG(s) dict_keys(['example_complex']) retrieved from /home/airflow/.local/lib/python3.7/site-packages/airflow/example_dags/example_complex.py
[2023-01-10T11:04:04.512+0000] {logging_mixin.py:137} INFO - [2023-01-10T11:04:04.512+0000] {dag.py:2676} INFO - Sync 1 DAGs
[2023-01-10T11:04:04.530+0000] {logging_mixin.py:137} INFO - [2023-01-10T11:04:04.530+0000] {dag.py:3427} INFO - Setting next_dagrun for example_complex to None, run_after=None
[2023-01-10T11:04:04.544+0000] {processor.py:175} INFO - Processing /home/airflow/.local/lib/python3.7/site-packages/airflow/example_dags/example_complex.py took 0.082 seconds
[2023-01-10T11:04:35.442+0000] {processor.py:153} INFO - Started process (PID=1663) to work on /home/airflow/.local/lib/python3.7/site-packages/airflow/example_dags/example_complex.py
[2023-01-10T11:04:35.442+0000] {processor.py:743} INFO - Processing file /home/airflow/.local/lib/python3.7/site-packages/airflow/example_dags/example_complex.py for tasks to queue
[2023-01-10T11:04:35.442+0000] {logging_mixin.py:137} INFO - [2023-01-10T11:04:35.442+0000] {dagbag.py:538} INFO - Filling up the DagBag from /home/airflow/.local/lib/python3.7/site-packages/airflow/example_dags/example_complex.py
[2023-01-10T11:04:35.451+0000] {logging_mixin.py:137} INFO - [2023-01-10T11:04:35.451+0000] {taskmixin.py:205} WARNING - Dependency <Task(BashOperator): create_entry_group>, delete_entry_group already registered for DAG: example_complex
[2023-01-10T11:04:35.451+0000] {logging_mixin.py:137} INFO - [2023-01-10T11:04:35.451+0000] {taskmixin.py:205} WARNING - Dependency <Task(BashOperator): delete_entry_group>, create_entry_group already registered for DAG: example_complex
[2023-01-10T11:04:35.451+0000] {logging_mixin.py:137} INFO - [2023-01-10T11:04:35.451+0000] {taskmixin.py:205} WARNING - Dependency <Task(BashOperator): create_entry_gcs>, delete_entry already registered for DAG: example_complex
[2023-01-10T11:04:35.452+0000] {logging_mixin.py:137} INFO - [2023-01-10T11:04:35.452+0000] {taskmixin.py:205} WARNING - Dependency <Task(BashOperator): delete_entry>, create_entry_gcs already registered for DAG: example_complex
[2023-01-10T11:04:35.452+0000] {logging_mixin.py:137} INFO - [2023-01-10T11:04:35.452+0000] {taskmixin.py:205} WARNING - Dependency <Task(BashOperator): create_tag>, delete_tag already registered for DAG: example_complex
[2023-01-10T11:04:35.452+0000] {logging_mixin.py:137} INFO - [2023-01-10T11:04:35.452+0000] {taskmixin.py:205} WARNING - Dependency <Task(BashOperator): delete_tag>, create_tag already registered for DAG: example_complex
[2023-01-10T11:04:35.458+0000] {processor.py:753} INFO - DAG(s) dict_keys(['example_complex']) retrieved from /home/airflow/.local/lib/python3.7/site-packages/airflow/example_dags/example_complex.py
[2023-01-10T11:04:35.491+0000] {logging_mixin.py:137} INFO - [2023-01-10T11:04:35.491+0000] {dag.py:2676} INFO - Sync 1 DAGs
[2023-01-10T11:04:35.511+0000] {logging_mixin.py:137} INFO - [2023-01-10T11:04:35.511+0000] {dag.py:3427} INFO - Setting next_dagrun for example_complex to None, run_after=None
[2023-01-10T11:04:35.524+0000] {processor.py:175} INFO - Processing /home/airflow/.local/lib/python3.7/site-packages/airflow/example_dags/example_complex.py took 0.085 seconds
[2023-01-10T11:05:05.609+0000] {processor.py:153} INFO - Started process (PID=1740) to work on /home/airflow/.local/lib/python3.7/site-packages/airflow/example_dags/example_complex.py
[2023-01-10T11:05:05.610+0000] {processor.py:743} INFO - Processing file /home/airflow/.local/lib/python3.7/site-packages/airflow/example_dags/example_complex.py for tasks to queue
[2023-01-10T11:05:05.610+0000] {logging_mixin.py:137} INFO - [2023-01-10T11:05:05.610+0000] {dagbag.py:538} INFO - Filling up the DagBag from /home/airflow/.local/lib/python3.7/site-packages/airflow/example_dags/example_complex.py
[2023-01-10T11:05:05.619+0000] {logging_mixin.py:137} INFO - [2023-01-10T11:05:05.618+0000] {taskmixin.py:205} WARNING - Dependency <Task(BashOperator): create_entry_group>, delete_entry_group already registered for DAG: example_complex
[2023-01-10T11:05:05.619+0000] {logging_mixin.py:137} INFO - [2023-01-10T11:05:05.619+0000] {taskmixin.py:205} WARNING - Dependency <Task(BashOperator): delete_entry_group>, create_entry_group already registered for DAG: example_complex
[2023-01-10T11:05:05.619+0000] {logging_mixin.py:137} INFO - [2023-01-10T11:05:05.619+0000] {taskmixin.py:205} WARNING - Dependency <Task(BashOperator): create_entry_gcs>, delete_entry already registered for DAG: example_complex
[2023-01-10T11:05:05.619+0000] {logging_mixin.py:137} INFO - [2023-01-10T11:05:05.619+0000] {taskmixin.py:205} WARNING - Dependency <Task(BashOperator): delete_entry>, create_entry_gcs already registered for DAG: example_complex
[2023-01-10T11:05:05.619+0000] {logging_mixin.py:137} INFO - [2023-01-10T11:05:05.619+0000] {taskmixin.py:205} WARNING - Dependency <Task(BashOperator): create_tag>, delete_tag already registered for DAG: example_complex
[2023-01-10T11:05:05.619+0000] {logging_mixin.py:137} INFO - [2023-01-10T11:05:05.619+0000] {taskmixin.py:205} WARNING - Dependency <Task(BashOperator): delete_tag>, create_tag already registered for DAG: example_complex
[2023-01-10T11:05:05.626+0000] {processor.py:753} INFO - DAG(s) dict_keys(['example_complex']) retrieved from /home/airflow/.local/lib/python3.7/site-packages/airflow/example_dags/example_complex.py
[2023-01-10T11:05:05.657+0000] {logging_mixin.py:137} INFO - [2023-01-10T11:05:05.657+0000] {dag.py:2676} INFO - Sync 1 DAGs
[2023-01-10T11:05:05.678+0000] {logging_mixin.py:137} INFO - [2023-01-10T11:05:05.678+0000] {dag.py:3427} INFO - Setting next_dagrun for example_complex to None, run_after=None
[2023-01-10T11:05:05.695+0000] {processor.py:175} INFO - Processing /home/airflow/.local/lib/python3.7/site-packages/airflow/example_dags/example_complex.py took 0.088 seconds
[2023-01-10T11:05:35.750+0000] {processor.py:153} INFO - Started process (PID=1826) to work on /home/airflow/.local/lib/python3.7/site-packages/airflow/example_dags/example_complex.py
[2023-01-10T11:05:35.750+0000] {processor.py:743} INFO - Processing file /home/airflow/.local/lib/python3.7/site-packages/airflow/example_dags/example_complex.py for tasks to queue
[2023-01-10T11:05:35.751+0000] {logging_mixin.py:137} INFO - [2023-01-10T11:05:35.751+0000] {dagbag.py:538} INFO - Filling up the DagBag from /home/airflow/.local/lib/python3.7/site-packages/airflow/example_dags/example_complex.py
[2023-01-10T11:05:35.760+0000] {logging_mixin.py:137} INFO - [2023-01-10T11:05:35.759+0000] {taskmixin.py:205} WARNING - Dependency <Task(BashOperator): create_entry_group>, delete_entry_group already registered for DAG: example_complex
[2023-01-10T11:05:35.760+0000] {logging_mixin.py:137} INFO - [2023-01-10T11:05:35.760+0000] {taskmixin.py:205} WARNING - Dependency <Task(BashOperator): delete_entry_group>, create_entry_group already registered for DAG: example_complex
[2023-01-10T11:05:35.760+0000] {logging_mixin.py:137} INFO - [2023-01-10T11:05:35.760+0000] {taskmixin.py:205} WARNING - Dependency <Task(BashOperator): create_entry_gcs>, delete_entry already registered for DAG: example_complex
[2023-01-10T11:05:35.760+0000] {logging_mixin.py:137} INFO - [2023-01-10T11:05:35.760+0000] {taskmixin.py:205} WARNING - Dependency <Task(BashOperator): delete_entry>, create_entry_gcs already registered for DAG: example_complex
[2023-01-10T11:05:35.760+0000] {logging_mixin.py:137} INFO - [2023-01-10T11:05:35.760+0000] {taskmixin.py:205} WARNING - Dependency <Task(BashOperator): create_tag>, delete_tag already registered for DAG: example_complex
[2023-01-10T11:05:35.760+0000] {logging_mixin.py:137} INFO - [2023-01-10T11:05:35.760+0000] {taskmixin.py:205} WARNING - Dependency <Task(BashOperator): delete_tag>, create_tag already registered for DAG: example_complex
[2023-01-10T11:05:35.766+0000] {processor.py:753} INFO - DAG(s) dict_keys(['example_complex']) retrieved from /home/airflow/.local/lib/python3.7/site-packages/airflow/example_dags/example_complex.py
[2023-01-10T11:05:35.806+0000] {logging_mixin.py:137} INFO - [2023-01-10T11:05:35.805+0000] {dag.py:2676} INFO - Sync 1 DAGs
[2023-01-10T11:05:35.827+0000] {logging_mixin.py:137} INFO - [2023-01-10T11:05:35.827+0000] {dag.py:3427} INFO - Setting next_dagrun for example_complex to None, run_after=None
[2023-01-10T11:05:35.844+0000] {processor.py:175} INFO - Processing /home/airflow/.local/lib/python3.7/site-packages/airflow/example_dags/example_complex.py took 0.097 seconds
[2023-01-10T11:06:05.920+0000] {processor.py:153} INFO - Started process (PID=1896) to work on /home/airflow/.local/lib/python3.7/site-packages/airflow/example_dags/example_complex.py
[2023-01-10T11:06:05.921+0000] {processor.py:743} INFO - Processing file /home/airflow/.local/lib/python3.7/site-packages/airflow/example_dags/example_complex.py for tasks to queue
[2023-01-10T11:06:05.921+0000] {logging_mixin.py:137} INFO - [2023-01-10T11:06:05.921+0000] {dagbag.py:538} INFO - Filling up the DagBag from /home/airflow/.local/lib/python3.7/site-packages/airflow/example_dags/example_complex.py
[2023-01-10T11:06:05.930+0000] {logging_mixin.py:137} INFO - [2023-01-10T11:06:05.930+0000] {taskmixin.py:205} WARNING - Dependency <Task(BashOperator): create_entry_group>, delete_entry_group already registered for DAG: example_complex
[2023-01-10T11:06:05.930+0000] {logging_mixin.py:137} INFO - [2023-01-10T11:06:05.930+0000] {taskmixin.py:205} WARNING - Dependency <Task(BashOperator): delete_entry_group>, create_entry_group already registered for DAG: example_complex
[2023-01-10T11:06:05.930+0000] {logging_mixin.py:137} INFO - [2023-01-10T11:06:05.930+0000] {taskmixin.py:205} WARNING - Dependency <Task(BashOperator): create_entry_gcs>, delete_entry already registered for DAG: example_complex
[2023-01-10T11:06:05.930+0000] {logging_mixin.py:137} INFO - [2023-01-10T11:06:05.930+0000] {taskmixin.py:205} WARNING - Dependency <Task(BashOperator): delete_entry>, create_entry_gcs already registered for DAG: example_complex
[2023-01-10T11:06:05.930+0000] {logging_mixin.py:137} INFO - [2023-01-10T11:06:05.930+0000] {taskmixin.py:205} WARNING - Dependency <Task(BashOperator): create_tag>, delete_tag already registered for DAG: example_complex
[2023-01-10T11:06:05.931+0000] {logging_mixin.py:137} INFO - [2023-01-10T11:06:05.931+0000] {taskmixin.py:205} WARNING - Dependency <Task(BashOperator): delete_tag>, create_tag already registered for DAG: example_complex
[2023-01-10T11:06:05.936+0000] {processor.py:753} INFO - DAG(s) dict_keys(['example_complex']) retrieved from /home/airflow/.local/lib/python3.7/site-packages/airflow/example_dags/example_complex.py
[2023-01-10T11:06:05.968+0000] {logging_mixin.py:137} INFO - [2023-01-10T11:06:05.968+0000] {dag.py:2676} INFO - Sync 1 DAGs
[2023-01-10T11:06:05.987+0000] {logging_mixin.py:137} INFO - [2023-01-10T11:06:05.986+0000] {dag.py:3427} INFO - Setting next_dagrun for example_complex to None, run_after=None
[2023-01-10T11:06:06.000+0000] {processor.py:175} INFO - Processing /home/airflow/.local/lib/python3.7/site-packages/airflow/example_dags/example_complex.py took 0.082 seconds
[2023-01-10T11:06:36.403+0000] {processor.py:153} INFO - Started process (PID=1982) to work on /home/airflow/.local/lib/python3.7/site-packages/airflow/example_dags/example_complex.py
[2023-01-10T11:06:36.404+0000] {processor.py:743} INFO - Processing file /home/airflow/.local/lib/python3.7/site-packages/airflow/example_dags/example_complex.py for tasks to queue
[2023-01-10T11:06:36.404+0000] {logging_mixin.py:137} INFO - [2023-01-10T11:06:36.404+0000] {dagbag.py:538} INFO - Filling up the DagBag from /home/airflow/.local/lib/python3.7/site-packages/airflow/example_dags/example_complex.py
[2023-01-10T11:06:36.413+0000] {logging_mixin.py:137} INFO - [2023-01-10T11:06:36.413+0000] {taskmixin.py:205} WARNING - Dependency <Task(BashOperator): create_entry_group>, delete_entry_group already registered for DAG: example_complex
[2023-01-10T11:06:36.414+0000] {logging_mixin.py:137} INFO - [2023-01-10T11:06:36.414+0000] {taskmixin.py:205} WARNING - Dependency <Task(BashOperator): delete_entry_group>, create_entry_group already registered for DAG: example_complex
[2023-01-10T11:06:36.414+0000] {logging_mixin.py:137} INFO - [2023-01-10T11:06:36.414+0000] {taskmixin.py:205} WARNING - Dependency <Task(BashOperator): create_entry_gcs>, delete_entry already registered for DAG: example_complex
[2023-01-10T11:06:36.414+0000] {logging_mixin.py:137} INFO - [2023-01-10T11:06:36.414+0000] {taskmixin.py:205} WARNING - Dependency <Task(BashOperator): delete_entry>, create_entry_gcs already registered for DAG: example_complex
[2023-01-10T11:06:36.414+0000] {logging_mixin.py:137} INFO - [2023-01-10T11:06:36.414+0000] {taskmixin.py:205} WARNING - Dependency <Task(BashOperator): create_tag>, delete_tag already registered for DAG: example_complex
[2023-01-10T11:06:36.414+0000] {logging_mixin.py:137} INFO - [2023-01-10T11:06:36.414+0000] {taskmixin.py:205} WARNING - Dependency <Task(BashOperator): delete_tag>, create_tag already registered for DAG: example_complex
[2023-01-10T11:06:36.421+0000] {processor.py:753} INFO - DAG(s) dict_keys(['example_complex']) retrieved from /home/airflow/.local/lib/python3.7/site-packages/airflow/example_dags/example_complex.py
[2023-01-10T11:06:36.463+0000] {logging_mixin.py:137} INFO - [2023-01-10T11:06:36.463+0000] {dag.py:2676} INFO - Sync 1 DAGs
[2023-01-10T11:06:36.490+0000] {logging_mixin.py:137} INFO - [2023-01-10T11:06:36.490+0000] {dag.py:3427} INFO - Setting next_dagrun for example_complex to None, run_after=None
[2023-01-10T11:06:36.506+0000] {processor.py:175} INFO - Processing /home/airflow/.local/lib/python3.7/site-packages/airflow/example_dags/example_complex.py took 0.105 seconds
[2023-01-10T11:07:06.811+0000] {processor.py:153} INFO - Started process (PID=2052) to work on /home/airflow/.local/lib/python3.7/site-packages/airflow/example_dags/example_complex.py
[2023-01-10T11:07:06.812+0000] {processor.py:743} INFO - Processing file /home/airflow/.local/lib/python3.7/site-packages/airflow/example_dags/example_complex.py for tasks to queue
[2023-01-10T11:07:06.813+0000] {logging_mixin.py:137} INFO - [2023-01-10T11:07:06.813+0000] {dagbag.py:538} INFO - Filling up the DagBag from /home/airflow/.local/lib/python3.7/site-packages/airflow/example_dags/example_complex.py
[2023-01-10T11:07:06.823+0000] {logging_mixin.py:137} INFO - [2023-01-10T11:07:06.823+0000] {taskmixin.py:205} WARNING - Dependency <Task(BashOperator): create_entry_group>, delete_entry_group already registered for DAG: example_complex
[2023-01-10T11:07:06.824+0000] {logging_mixin.py:137} INFO - [2023-01-10T11:07:06.823+0000] {taskmixin.py:205} WARNING - Dependency <Task(BashOperator): delete_entry_group>, create_entry_group already registered for DAG: example_complex
[2023-01-10T11:07:06.824+0000] {logging_mixin.py:137} INFO - [2023-01-10T11:07:06.824+0000] {taskmixin.py:205} WARNING - Dependency <Task(BashOperator): create_entry_gcs>, delete_entry already registered for DAG: example_complex
[2023-01-10T11:07:06.824+0000] {logging_mixin.py:137} INFO - [2023-01-10T11:07:06.824+0000] {taskmixin.py:205} WARNING - Dependency <Task(BashOperator): delete_entry>, create_entry_gcs already registered for DAG: example_complex
[2023-01-10T11:07:06.824+0000] {logging_mixin.py:137} INFO - [2023-01-10T11:07:06.824+0000] {taskmixin.py:205} WARNING - Dependency <Task(BashOperator): create_tag>, delete_tag already registered for DAG: example_complex
[2023-01-10T11:07:06.824+0000] {logging_mixin.py:137} INFO - [2023-01-10T11:07:06.824+0000] {taskmixin.py:205} WARNING - Dependency <Task(BashOperator): delete_tag>, create_tag already registered for DAG: example_complex
[2023-01-10T11:07:06.833+0000] {processor.py:753} INFO - DAG(s) dict_keys(['example_complex']) retrieved from /home/airflow/.local/lib/python3.7/site-packages/airflow/example_dags/example_complex.py
[2023-01-10T11:07:06.872+0000] {logging_mixin.py:137} INFO - [2023-01-10T11:07:06.872+0000] {dag.py:2676} INFO - Sync 1 DAGs
[2023-01-10T11:07:06.898+0000] {logging_mixin.py:137} INFO - [2023-01-10T11:07:06.898+0000] {dag.py:3427} INFO - Setting next_dagrun for example_complex to None, run_after=None
[2023-01-10T11:07:06.912+0000] {processor.py:175} INFO - Processing /home/airflow/.local/lib/python3.7/site-packages/airflow/example_dags/example_complex.py took 0.104 seconds
[2023-01-10T11:07:36.937+0000] {processor.py:153} INFO - Started process (PID=2140) to work on /home/airflow/.local/lib/python3.7/site-packages/airflow/example_dags/example_complex.py
[2023-01-10T11:07:36.938+0000] {processor.py:743} INFO - Processing file /home/airflow/.local/lib/python3.7/site-packages/airflow/example_dags/example_complex.py for tasks to queue
[2023-01-10T11:07:36.938+0000] {logging_mixin.py:137} INFO - [2023-01-10T11:07:36.938+0000] {dagbag.py:538} INFO - Filling up the DagBag from /home/airflow/.local/lib/python3.7/site-packages/airflow/example_dags/example_complex.py
[2023-01-10T11:07:36.947+0000] {logging_mixin.py:137} INFO - [2023-01-10T11:07:36.946+0000] {taskmixin.py:205} WARNING - Dependency <Task(BashOperator): create_entry_group>, delete_entry_group already registered for DAG: example_complex
[2023-01-10T11:07:36.947+0000] {logging_mixin.py:137} INFO - [2023-01-10T11:07:36.947+0000] {taskmixin.py:205} WARNING - Dependency <Task(BashOperator): delete_entry_group>, create_entry_group already registered for DAG: example_complex
[2023-01-10T11:07:36.947+0000] {logging_mixin.py:137} INFO - [2023-01-10T11:07:36.947+0000] {taskmixin.py:205} WARNING - Dependency <Task(BashOperator): create_entry_gcs>, delete_entry already registered for DAG: example_complex
[2023-01-10T11:07:36.947+0000] {logging_mixin.py:137} INFO - [2023-01-10T11:07:36.947+0000] {taskmixin.py:205} WARNING - Dependency <Task(BashOperator): delete_entry>, create_entry_gcs already registered for DAG: example_complex
[2023-01-10T11:07:36.947+0000] {logging_mixin.py:137} INFO - [2023-01-10T11:07:36.947+0000] {taskmixin.py:205} WARNING - Dependency <Task(BashOperator): create_tag>, delete_tag already registered for DAG: example_complex
[2023-01-10T11:07:36.947+0000] {logging_mixin.py:137} INFO - [2023-01-10T11:07:36.947+0000] {taskmixin.py:205} WARNING - Dependency <Task(BashOperator): delete_tag>, create_tag already registered for DAG: example_complex
[2023-01-10T11:07:36.953+0000] {processor.py:753} INFO - DAG(s) dict_keys(['example_complex']) retrieved from /home/airflow/.local/lib/python3.7/site-packages/airflow/example_dags/example_complex.py
[2023-01-10T11:07:36.986+0000] {logging_mixin.py:137} INFO - [2023-01-10T11:07:36.986+0000] {dag.py:2676} INFO - Sync 1 DAGs
[2023-01-10T11:07:37.003+0000] {logging_mixin.py:137} INFO - [2023-01-10T11:07:37.003+0000] {dag.py:3427} INFO - Setting next_dagrun for example_complex to None, run_after=None
[2023-01-10T11:07:37.016+0000] {processor.py:175} INFO - Processing /home/airflow/.local/lib/python3.7/site-packages/airflow/example_dags/example_complex.py took 0.080 seconds
[2023-01-10T11:08:07.093+0000] {processor.py:153} INFO - Started process (PID=2208) to work on /home/airflow/.local/lib/python3.7/site-packages/airflow/example_dags/example_complex.py
[2023-01-10T11:08:07.094+0000] {processor.py:743} INFO - Processing file /home/airflow/.local/lib/python3.7/site-packages/airflow/example_dags/example_complex.py for tasks to queue
[2023-01-10T11:08:07.094+0000] {logging_mixin.py:137} INFO - [2023-01-10T11:08:07.094+0000] {dagbag.py:538} INFO - Filling up the DagBag from /home/airflow/.local/lib/python3.7/site-packages/airflow/example_dags/example_complex.py
[2023-01-10T11:08:07.103+0000] {logging_mixin.py:137} INFO - [2023-01-10T11:08:07.103+0000] {taskmixin.py:205} WARNING - Dependency <Task(BashOperator): create_entry_group>, delete_entry_group already registered for DAG: example_complex
[2023-01-10T11:08:07.103+0000] {logging_mixin.py:137} INFO - [2023-01-10T11:08:07.103+0000] {taskmixin.py:205} WARNING - Dependency <Task(BashOperator): delete_entry_group>, create_entry_group already registered for DAG: example_complex
[2023-01-10T11:08:07.103+0000] {logging_mixin.py:137} INFO - [2023-01-10T11:08:07.103+0000] {taskmixin.py:205} WARNING - Dependency <Task(BashOperator): create_entry_gcs>, delete_entry already registered for DAG: example_complex
[2023-01-10T11:08:07.103+0000] {logging_mixin.py:137} INFO - [2023-01-10T11:08:07.103+0000] {taskmixin.py:205} WARNING - Dependency <Task(BashOperator): delete_entry>, create_entry_gcs already registered for DAG: example_complex
[2023-01-10T11:08:07.103+0000] {logging_mixin.py:137} INFO - [2023-01-10T11:08:07.103+0000] {taskmixin.py:205} WARNING - Dependency <Task(BashOperator): create_tag>, delete_tag already registered for DAG: example_complex
[2023-01-10T11:08:07.103+0000] {logging_mixin.py:137} INFO - [2023-01-10T11:08:07.103+0000] {taskmixin.py:205} WARNING - Dependency <Task(BashOperator): delete_tag>, create_tag already registered for DAG: example_complex
[2023-01-10T11:08:07.109+0000] {processor.py:753} INFO - DAG(s) dict_keys(['example_complex']) retrieved from /home/airflow/.local/lib/python3.7/site-packages/airflow/example_dags/example_complex.py
[2023-01-10T11:08:07.142+0000] {logging_mixin.py:137} INFO - [2023-01-10T11:08:07.141+0000] {dag.py:2676} INFO - Sync 1 DAGs
[2023-01-10T11:08:07.162+0000] {logging_mixin.py:137} INFO - [2023-01-10T11:08:07.162+0000] {dag.py:3427} INFO - Setting next_dagrun for example_complex to None, run_after=None
[2023-01-10T11:08:07.176+0000] {processor.py:175} INFO - Processing /home/airflow/.local/lib/python3.7/site-packages/airflow/example_dags/example_complex.py took 0.086 seconds
[2023-01-10T11:08:37.276+0000] {processor.py:153} INFO - Started process (PID=2294) to work on /home/airflow/.local/lib/python3.7/site-packages/airflow/example_dags/example_complex.py
[2023-01-10T11:08:37.277+0000] {processor.py:743} INFO - Processing file /home/airflow/.local/lib/python3.7/site-packages/airflow/example_dags/example_complex.py for tasks to queue
[2023-01-10T11:08:37.277+0000] {logging_mixin.py:137} INFO - [2023-01-10T11:08:37.277+0000] {dagbag.py:538} INFO - Filling up the DagBag from /home/airflow/.local/lib/python3.7/site-packages/airflow/example_dags/example_complex.py
[2023-01-10T11:08:37.287+0000] {logging_mixin.py:137} INFO - [2023-01-10T11:08:37.287+0000] {taskmixin.py:205} WARNING - Dependency <Task(BashOperator): create_entry_group>, delete_entry_group already registered for DAG: example_complex
[2023-01-10T11:08:37.287+0000] {logging_mixin.py:137} INFO - [2023-01-10T11:08:37.287+0000] {taskmixin.py:205} WARNING - Dependency <Task(BashOperator): delete_entry_group>, create_entry_group already registered for DAG: example_complex
[2023-01-10T11:08:37.287+0000] {logging_mixin.py:137} INFO - [2023-01-10T11:08:37.287+0000] {taskmixin.py:205} WARNING - Dependency <Task(BashOperator): create_entry_gcs>, delete_entry already registered for DAG: example_complex
[2023-01-10T11:08:37.287+0000] {logging_mixin.py:137} INFO - [2023-01-10T11:08:37.287+0000] {taskmixin.py:205} WARNING - Dependency <Task(BashOperator): delete_entry>, create_entry_gcs already registered for DAG: example_complex
[2023-01-10T11:08:37.288+0000] {logging_mixin.py:137} INFO - [2023-01-10T11:08:37.288+0000] {taskmixin.py:205} WARNING - Dependency <Task(BashOperator): create_tag>, delete_tag already registered for DAG: example_complex
[2023-01-10T11:08:37.288+0000] {logging_mixin.py:137} INFO - [2023-01-10T11:08:37.288+0000] {taskmixin.py:205} WARNING - Dependency <Task(BashOperator): delete_tag>, create_tag already registered for DAG: example_complex
[2023-01-10T11:08:37.295+0000] {processor.py:753} INFO - DAG(s) dict_keys(['example_complex']) retrieved from /home/airflow/.local/lib/python3.7/site-packages/airflow/example_dags/example_complex.py
[2023-01-10T11:08:37.328+0000] {logging_mixin.py:137} INFO - [2023-01-10T11:08:37.328+0000] {dag.py:2676} INFO - Sync 1 DAGs
[2023-01-10T11:08:37.349+0000] {logging_mixin.py:137} INFO - [2023-01-10T11:08:37.349+0000] {dag.py:3427} INFO - Setting next_dagrun for example_complex to None, run_after=None
[2023-01-10T11:08:37.361+0000] {processor.py:175} INFO - Processing /home/airflow/.local/lib/python3.7/site-packages/airflow/example_dags/example_complex.py took 0.088 seconds
[2023-01-10T11:09:07.732+0000] {processor.py:153} INFO - Started process (PID=2364) to work on /home/airflow/.local/lib/python3.7/site-packages/airflow/example_dags/example_complex.py
[2023-01-10T11:09:07.733+0000] {processor.py:743} INFO - Processing file /home/airflow/.local/lib/python3.7/site-packages/airflow/example_dags/example_complex.py for tasks to queue
[2023-01-10T11:09:07.733+0000] {logging_mixin.py:137} INFO - [2023-01-10T11:09:07.733+0000] {dagbag.py:538} INFO - Filling up the DagBag from /home/airflow/.local/lib/python3.7/site-packages/airflow/example_dags/example_complex.py
[2023-01-10T11:09:07.741+0000] {logging_mixin.py:137} INFO - [2023-01-10T11:09:07.741+0000] {taskmixin.py:205} WARNING - Dependency <Task(BashOperator): create_entry_group>, delete_entry_group already registered for DAG: example_complex
[2023-01-10T11:09:07.742+0000] {logging_mixin.py:137} INFO - [2023-01-10T11:09:07.742+0000] {taskmixin.py:205} WARNING - Dependency <Task(BashOperator): delete_entry_group>, create_entry_group already registered for DAG: example_complex
[2023-01-10T11:09:07.742+0000] {logging_mixin.py:137} INFO - [2023-01-10T11:09:07.742+0000] {taskmixin.py:205} WARNING - Dependency <Task(BashOperator): create_entry_gcs>, delete_entry already registered for DAG: example_complex
[2023-01-10T11:09:07.742+0000] {logging_mixin.py:137} INFO - [2023-01-10T11:09:07.742+0000] {taskmixin.py:205} WARNING - Dependency <Task(BashOperator): delete_entry>, create_entry_gcs already registered for DAG: example_complex
[2023-01-10T11:09:07.742+0000] {logging_mixin.py:137} INFO - [2023-01-10T11:09:07.742+0000] {taskmixin.py:205} WARNING - Dependency <Task(BashOperator): create_tag>, delete_tag already registered for DAG: example_complex
[2023-01-10T11:09:07.742+0000] {logging_mixin.py:137} INFO - [2023-01-10T11:09:07.742+0000] {taskmixin.py:205} WARNING - Dependency <Task(BashOperator): delete_tag>, create_tag already registered for DAG: example_complex
[2023-01-10T11:09:07.748+0000] {processor.py:753} INFO - DAG(s) dict_keys(['example_complex']) retrieved from /home/airflow/.local/lib/python3.7/site-packages/airflow/example_dags/example_complex.py
[2023-01-10T11:09:07.784+0000] {logging_mixin.py:137} INFO - [2023-01-10T11:09:07.784+0000] {dag.py:2676} INFO - Sync 1 DAGs
[2023-01-10T11:09:07.804+0000] {logging_mixin.py:137} INFO - [2023-01-10T11:09:07.804+0000] {dag.py:3427} INFO - Setting next_dagrun for example_complex to None, run_after=None
[2023-01-10T11:09:07.819+0000] {processor.py:175} INFO - Processing /home/airflow/.local/lib/python3.7/site-packages/airflow/example_dags/example_complex.py took 0.089 seconds
[2023-01-10T11:09:37.931+0000] {processor.py:153} INFO - Started process (PID=2449) to work on /home/airflow/.local/lib/python3.7/site-packages/airflow/example_dags/example_complex.py
[2023-01-10T11:09:37.931+0000] {processor.py:743} INFO - Processing file /home/airflow/.local/lib/python3.7/site-packages/airflow/example_dags/example_complex.py for tasks to queue
[2023-01-10T11:09:37.932+0000] {logging_mixin.py:137} INFO - [2023-01-10T11:09:37.932+0000] {dagbag.py:538} INFO - Filling up the DagBag from /home/airflow/.local/lib/python3.7/site-packages/airflow/example_dags/example_complex.py
[2023-01-10T11:09:37.941+0000] {logging_mixin.py:137} INFO - [2023-01-10T11:09:37.941+0000] {taskmixin.py:205} WARNING - Dependency <Task(BashOperator): create_entry_group>, delete_entry_group already registered for DAG: example_complex
[2023-01-10T11:09:37.941+0000] {logging_mixin.py:137} INFO - [2023-01-10T11:09:37.941+0000] {taskmixin.py:205} WARNING - Dependency <Task(BashOperator): delete_entry_group>, create_entry_group already registered for DAG: example_complex
[2023-01-10T11:09:37.941+0000] {logging_mixin.py:137} INFO - [2023-01-10T11:09:37.941+0000] {taskmixin.py:205} WARNING - Dependency <Task(BashOperator): create_entry_gcs>, delete_entry already registered for DAG: example_complex
[2023-01-10T11:09:37.942+0000] {logging_mixin.py:137} INFO - [2023-01-10T11:09:37.941+0000] {taskmixin.py:205} WARNING - Dependency <Task(BashOperator): delete_entry>, create_entry_gcs already registered for DAG: example_complex
[2023-01-10T11:09:37.942+0000] {logging_mixin.py:137} INFO - [2023-01-10T11:09:37.942+0000] {taskmixin.py:205} WARNING - Dependency <Task(BashOperator): create_tag>, delete_tag already registered for DAG: example_complex
[2023-01-10T11:09:37.942+0000] {logging_mixin.py:137} INFO - [2023-01-10T11:09:37.942+0000] {taskmixin.py:205} WARNING - Dependency <Task(BashOperator): delete_tag>, create_tag already registered for DAG: example_complex
[2023-01-10T11:09:37.948+0000] {processor.py:753} INFO - DAG(s) dict_keys(['example_complex']) retrieved from /home/airflow/.local/lib/python3.7/site-packages/airflow/example_dags/example_complex.py
[2023-01-10T11:09:37.983+0000] {logging_mixin.py:137} INFO - [2023-01-10T11:09:37.983+0000] {dag.py:2676} INFO - Sync 1 DAGs
[2023-01-10T11:09:38.003+0000] {logging_mixin.py:137} INFO - [2023-01-10T11:09:38.003+0000] {dag.py:3427} INFO - Setting next_dagrun for example_complex to None, run_after=None
[2023-01-10T11:09:38.017+0000] {processor.py:175} INFO - Processing /home/airflow/.local/lib/python3.7/site-packages/airflow/example_dags/example_complex.py took 0.088 seconds
[2023-01-10T11:10:08.903+0000] {processor.py:153} INFO - Started process (PID=2519) to work on /home/airflow/.local/lib/python3.7/site-packages/airflow/example_dags/example_complex.py
[2023-01-10T11:10:08.903+0000] {processor.py:743} INFO - Processing file /home/airflow/.local/lib/python3.7/site-packages/airflow/example_dags/example_complex.py for tasks to queue
[2023-01-10T11:10:08.904+0000] {logging_mixin.py:137} INFO - [2023-01-10T11:10:08.904+0000] {dagbag.py:538} INFO - Filling up the DagBag from /home/airflow/.local/lib/python3.7/site-packages/airflow/example_dags/example_complex.py
[2023-01-10T11:10:08.914+0000] {logging_mixin.py:137} INFO - [2023-01-10T11:10:08.914+0000] {taskmixin.py:205} WARNING - Dependency <Task(BashOperator): create_entry_group>, delete_entry_group already registered for DAG: example_complex
[2023-01-10T11:10:08.914+0000] {logging_mixin.py:137} INFO - [2023-01-10T11:10:08.914+0000] {taskmixin.py:205} WARNING - Dependency <Task(BashOperator): delete_entry_group>, create_entry_group already registered for DAG: example_complex
[2023-01-10T11:10:08.914+0000] {logging_mixin.py:137} INFO - [2023-01-10T11:10:08.914+0000] {taskmixin.py:205} WARNING - Dependency <Task(BashOperator): create_entry_gcs>, delete_entry already registered for DAG: example_complex
[2023-01-10T11:10:08.914+0000] {logging_mixin.py:137} INFO - [2023-01-10T11:10:08.914+0000] {taskmixin.py:205} WARNING - Dependency <Task(BashOperator): delete_entry>, create_entry_gcs already registered for DAG: example_complex
[2023-01-10T11:10:08.914+0000] {logging_mixin.py:137} INFO - [2023-01-10T11:10:08.914+0000] {taskmixin.py:205} WARNING - Dependency <Task(BashOperator): create_tag>, delete_tag already registered for DAG: example_complex
[2023-01-10T11:10:08.915+0000] {logging_mixin.py:137} INFO - [2023-01-10T11:10:08.915+0000] {taskmixin.py:205} WARNING - Dependency <Task(BashOperator): delete_tag>, create_tag already registered for DAG: example_complex
[2023-01-10T11:10:08.920+0000] {processor.py:753} INFO - DAG(s) dict_keys(['example_complex']) retrieved from /home/airflow/.local/lib/python3.7/site-packages/airflow/example_dags/example_complex.py
[2023-01-10T11:10:08.953+0000] {logging_mixin.py:137} INFO - [2023-01-10T11:10:08.953+0000] {dag.py:2676} INFO - Sync 1 DAGs
[2023-01-10T11:10:08.975+0000] {logging_mixin.py:137} INFO - [2023-01-10T11:10:08.974+0000] {dag.py:3427} INFO - Setting next_dagrun for example_complex to None, run_after=None
[2023-01-10T11:10:08.990+0000] {processor.py:175} INFO - Processing /home/airflow/.local/lib/python3.7/site-packages/airflow/example_dags/example_complex.py took 0.089 seconds
