[2023-01-10T10:54:22.505+0000] {processor.py:153} INFO - Started process (PID=71) to work on /home/airflow/.local/lib/python3.7/site-packages/airflow/example_dags/example_xcomargs.py
[2023-01-10T10:54:22.506+0000] {processor.py:743} INFO - Processing file /home/airflow/.local/lib/python3.7/site-packages/airflow/example_dags/example_xcomargs.py for tasks to queue
[2023-01-10T10:54:22.507+0000] {logging_mixin.py:137} INFO - [2023-01-10T10:54:22.507+0000] {dagbag.py:538} INFO - Filling up the DagBag from /home/airflow/.local/lib/python3.7/site-packages/airflow/example_dags/example_xcomargs.py
[2023-01-10T10:54:22.536+0000] {processor.py:753} INFO - DAG(s) dict_keys(['example_xcom_args', 'example_xcom_args_with_operators']) retrieved from /home/airflow/.local/lib/python3.7/site-packages/airflow/example_dags/example_xcomargs.py
[2023-01-10T10:54:22.675+0000] {logging_mixin.py:137} INFO - [2023-01-10T10:54:22.675+0000] {manager.py:504} INFO - Created Permission View: can delete on DAG:example_xcom_args
[2023-01-10T10:54:22.685+0000] {logging_mixin.py:137} INFO - [2023-01-10T10:54:22.685+0000] {manager.py:504} INFO - Created Permission View: can read on DAG:example_xcom_args
[2023-01-10T10:54:22.694+0000] {logging_mixin.py:137} INFO - [2023-01-10T10:54:22.694+0000] {manager.py:504} INFO - Created Permission View: can edit on DAG:example_xcom_args
[2023-01-10T10:54:22.708+0000] {logging_mixin.py:137} INFO - [2023-01-10T10:54:22.708+0000] {manager.py:504} INFO - Created Permission View: can delete on DAG:example_xcom_args_with_operators
[2023-01-10T10:54:22.715+0000] {logging_mixin.py:137} INFO - [2023-01-10T10:54:22.714+0000] {manager.py:504} INFO - Created Permission View: can read on DAG:example_xcom_args_with_operators
[2023-01-10T10:54:22.721+0000] {logging_mixin.py:137} INFO - [2023-01-10T10:54:22.721+0000] {manager.py:504} INFO - Created Permission View: can edit on DAG:example_xcom_args_with_operators
[2023-01-10T10:54:22.721+0000] {logging_mixin.py:137} INFO - [2023-01-10T10:54:22.721+0000] {dag.py:2676} INFO - Sync 2 DAGs
[2023-01-10T10:54:22.737+0000] {logging_mixin.py:137} INFO - [2023-01-10T10:54:22.737+0000] {dag.py:2697} INFO - Creating ORM DAG for example_xcom_args
[2023-01-10T10:54:22.738+0000] {logging_mixin.py:137} INFO - [2023-01-10T10:54:22.738+0000] {dag.py:2697} INFO - Creating ORM DAG for example_xcom_args_with_operators
[2023-01-10T10:54:22.752+0000] {logging_mixin.py:137} INFO - [2023-01-10T10:54:22.752+0000] {dag.py:3427} INFO - Setting next_dagrun for example_xcom_args to None, run_after=None
[2023-01-10T10:54:22.752+0000] {logging_mixin.py:137} INFO - [2023-01-10T10:54:22.752+0000] {dag.py:3427} INFO - Setting next_dagrun for example_xcom_args_with_operators to None, run_after=None
[2023-01-10T10:54:22.773+0000] {processor.py:175} INFO - Processing /home/airflow/.local/lib/python3.7/site-packages/airflow/example_dags/example_xcomargs.py took 0.271 seconds
[2023-01-10T10:54:52.944+0000] {processor.py:153} INFO - Started process (PID=141) to work on /home/airflow/.local/lib/python3.7/site-packages/airflow/example_dags/example_xcomargs.py
[2023-01-10T10:54:52.945+0000] {processor.py:743} INFO - Processing file /home/airflow/.local/lib/python3.7/site-packages/airflow/example_dags/example_xcomargs.py for tasks to queue
[2023-01-10T10:54:52.945+0000] {logging_mixin.py:137} INFO - [2023-01-10T10:54:52.945+0000] {dagbag.py:538} INFO - Filling up the DagBag from /home/airflow/.local/lib/python3.7/site-packages/airflow/example_dags/example_xcomargs.py
[2023-01-10T10:54:52.965+0000] {processor.py:753} INFO - DAG(s) dict_keys(['example_xcom_args', 'example_xcom_args_with_operators']) retrieved from /home/airflow/.local/lib/python3.7/site-packages/airflow/example_dags/example_xcomargs.py
[2023-01-10T10:54:52.998+0000] {logging_mixin.py:137} INFO - [2023-01-10T10:54:52.998+0000] {dag.py:2676} INFO - Sync 2 DAGs
[2023-01-10T10:54:53.018+0000] {logging_mixin.py:137} INFO - [2023-01-10T10:54:53.018+0000] {dag.py:3427} INFO - Setting next_dagrun for example_xcom_args to None, run_after=None
[2023-01-10T10:54:53.020+0000] {logging_mixin.py:137} INFO - [2023-01-10T10:54:53.020+0000] {dag.py:3427} INFO - Setting next_dagrun for example_xcom_args_with_operators to None, run_after=None
[2023-01-10T10:54:53.033+0000] {processor.py:175} INFO - Processing /home/airflow/.local/lib/python3.7/site-packages/airflow/example_dags/example_xcomargs.py took 0.090 seconds
[2023-01-10T10:55:24.226+0000] {processor.py:153} INFO - Started process (PID=228) to work on /home/airflow/.local/lib/python3.7/site-packages/airflow/example_dags/example_xcomargs.py
[2023-01-10T10:55:24.232+0000] {processor.py:743} INFO - Processing file /home/airflow/.local/lib/python3.7/site-packages/airflow/example_dags/example_xcomargs.py for tasks to queue
[2023-01-10T10:55:24.232+0000] {logging_mixin.py:137} INFO - [2023-01-10T10:55:24.232+0000] {dagbag.py:538} INFO - Filling up the DagBag from /home/airflow/.local/lib/python3.7/site-packages/airflow/example_dags/example_xcomargs.py
[2023-01-10T10:55:24.277+0000] {processor.py:753} INFO - DAG(s) dict_keys(['example_xcom_args', 'example_xcom_args_with_operators']) retrieved from /home/airflow/.local/lib/python3.7/site-packages/airflow/example_dags/example_xcomargs.py
[2023-01-10T10:55:24.419+0000] {logging_mixin.py:137} INFO - [2023-01-10T10:55:24.419+0000] {dag.py:2676} INFO - Sync 2 DAGs
[2023-01-10T10:55:24.459+0000] {logging_mixin.py:137} INFO - [2023-01-10T10:55:24.459+0000] {dag.py:3427} INFO - Setting next_dagrun for example_xcom_args to None, run_after=None
[2023-01-10T10:55:24.465+0000] {logging_mixin.py:137} INFO - [2023-01-10T10:55:24.465+0000] {dag.py:3427} INFO - Setting next_dagrun for example_xcom_args_with_operators to None, run_after=None
[2023-01-10T10:55:24.494+0000] {processor.py:175} INFO - Processing /home/airflow/.local/lib/python3.7/site-packages/airflow/example_dags/example_xcomargs.py took 0.271 seconds
[2023-01-10T10:55:54.606+0000] {processor.py:153} INFO - Started process (PID=299) to work on /home/airflow/.local/lib/python3.7/site-packages/airflow/example_dags/example_xcomargs.py
[2023-01-10T10:55:54.607+0000] {processor.py:743} INFO - Processing file /home/airflow/.local/lib/python3.7/site-packages/airflow/example_dags/example_xcomargs.py for tasks to queue
[2023-01-10T10:55:54.607+0000] {logging_mixin.py:137} INFO - [2023-01-10T10:55:54.607+0000] {dagbag.py:538} INFO - Filling up the DagBag from /home/airflow/.local/lib/python3.7/site-packages/airflow/example_dags/example_xcomargs.py
[2023-01-10T10:55:54.624+0000] {processor.py:753} INFO - DAG(s) dict_keys(['example_xcom_args_with_operators', 'example_xcom_args']) retrieved from /home/airflow/.local/lib/python3.7/site-packages/airflow/example_dags/example_xcomargs.py
[2023-01-10T10:55:54.655+0000] {logging_mixin.py:137} INFO - [2023-01-10T10:55:54.655+0000] {dag.py:2676} INFO - Sync 2 DAGs
[2023-01-10T10:55:54.677+0000] {logging_mixin.py:137} INFO - [2023-01-10T10:55:54.676+0000] {dag.py:3427} INFO - Setting next_dagrun for example_xcom_args to None, run_after=None
[2023-01-10T10:55:54.680+0000] {logging_mixin.py:137} INFO - [2023-01-10T10:55:54.680+0000] {dag.py:3427} INFO - Setting next_dagrun for example_xcom_args_with_operators to None, run_after=None
[2023-01-10T10:55:54.694+0000] {processor.py:175} INFO - Processing /home/airflow/.local/lib/python3.7/site-packages/airflow/example_dags/example_xcomargs.py took 0.090 seconds
[2023-01-10T10:56:24.824+0000] {processor.py:153} INFO - Started process (PID=385) to work on /home/airflow/.local/lib/python3.7/site-packages/airflow/example_dags/example_xcomargs.py
[2023-01-10T10:56:24.825+0000] {processor.py:743} INFO - Processing file /home/airflow/.local/lib/python3.7/site-packages/airflow/example_dags/example_xcomargs.py for tasks to queue
[2023-01-10T10:56:24.826+0000] {logging_mixin.py:137} INFO - [2023-01-10T10:56:24.825+0000] {dagbag.py:538} INFO - Filling up the DagBag from /home/airflow/.local/lib/python3.7/site-packages/airflow/example_dags/example_xcomargs.py
[2023-01-10T10:56:24.844+0000] {processor.py:753} INFO - DAG(s) dict_keys(['example_xcom_args', 'example_xcom_args_with_operators']) retrieved from /home/airflow/.local/lib/python3.7/site-packages/airflow/example_dags/example_xcomargs.py
[2023-01-10T10:56:24.880+0000] {logging_mixin.py:137} INFO - [2023-01-10T10:56:24.880+0000] {dag.py:2676} INFO - Sync 2 DAGs
[2023-01-10T10:56:24.900+0000] {logging_mixin.py:137} INFO - [2023-01-10T10:56:24.900+0000] {dag.py:3427} INFO - Setting next_dagrun for example_xcom_args to None, run_after=None
[2023-01-10T10:56:24.904+0000] {logging_mixin.py:137} INFO - [2023-01-10T10:56:24.904+0000] {dag.py:3427} INFO - Setting next_dagrun for example_xcom_args_with_operators to None, run_after=None
[2023-01-10T10:56:24.919+0000] {processor.py:175} INFO - Processing /home/airflow/.local/lib/python3.7/site-packages/airflow/example_dags/example_xcomargs.py took 0.097 seconds
[2023-01-10T10:56:55.810+0000] {processor.py:153} INFO - Started process (PID=455) to work on /home/airflow/.local/lib/python3.7/site-packages/airflow/example_dags/example_xcomargs.py
[2023-01-10T10:56:55.810+0000] {processor.py:743} INFO - Processing file /home/airflow/.local/lib/python3.7/site-packages/airflow/example_dags/example_xcomargs.py for tasks to queue
[2023-01-10T10:56:55.811+0000] {logging_mixin.py:137} INFO - [2023-01-10T10:56:55.811+0000] {dagbag.py:538} INFO - Filling up the DagBag from /home/airflow/.local/lib/python3.7/site-packages/airflow/example_dags/example_xcomargs.py
[2023-01-10T10:56:55.829+0000] {processor.py:753} INFO - DAG(s) dict_keys(['example_xcom_args', 'example_xcom_args_with_operators']) retrieved from /home/airflow/.local/lib/python3.7/site-packages/airflow/example_dags/example_xcomargs.py
[2023-01-10T10:56:55.860+0000] {logging_mixin.py:137} INFO - [2023-01-10T10:56:55.860+0000] {dag.py:2676} INFO - Sync 2 DAGs
[2023-01-10T10:56:55.887+0000] {logging_mixin.py:137} INFO - [2023-01-10T10:56:55.887+0000] {dag.py:3427} INFO - Setting next_dagrun for example_xcom_args to None, run_after=None
[2023-01-10T10:56:55.890+0000] {logging_mixin.py:137} INFO - [2023-01-10T10:56:55.889+0000] {dag.py:3427} INFO - Setting next_dagrun for example_xcom_args_with_operators to None, run_after=None
[2023-01-10T10:56:55.902+0000] {processor.py:175} INFO - Processing /home/airflow/.local/lib/python3.7/site-packages/airflow/example_dags/example_xcomargs.py took 0.095 seconds
[2023-01-10T10:57:26.119+0000] {processor.py:153} INFO - Started process (PID=541) to work on /home/airflow/.local/lib/python3.7/site-packages/airflow/example_dags/example_xcomargs.py
[2023-01-10T10:57:26.120+0000] {processor.py:743} INFO - Processing file /home/airflow/.local/lib/python3.7/site-packages/airflow/example_dags/example_xcomargs.py for tasks to queue
[2023-01-10T10:57:26.120+0000] {logging_mixin.py:137} INFO - [2023-01-10T10:57:26.120+0000] {dagbag.py:538} INFO - Filling up the DagBag from /home/airflow/.local/lib/python3.7/site-packages/airflow/example_dags/example_xcomargs.py
[2023-01-10T10:57:26.138+0000] {processor.py:753} INFO - DAG(s) dict_keys(['example_xcom_args', 'example_xcom_args_with_operators']) retrieved from /home/airflow/.local/lib/python3.7/site-packages/airflow/example_dags/example_xcomargs.py
[2023-01-10T10:57:26.172+0000] {logging_mixin.py:137} INFO - [2023-01-10T10:57:26.172+0000] {dag.py:2676} INFO - Sync 2 DAGs
[2023-01-10T10:57:26.192+0000] {logging_mixin.py:137} INFO - [2023-01-10T10:57:26.192+0000] {dag.py:3427} INFO - Setting next_dagrun for example_xcom_args to None, run_after=None
[2023-01-10T10:57:26.195+0000] {logging_mixin.py:137} INFO - [2023-01-10T10:57:26.195+0000] {dag.py:3427} INFO - Setting next_dagrun for example_xcom_args_with_operators to None, run_after=None
[2023-01-10T10:57:26.207+0000] {processor.py:175} INFO - Processing /home/airflow/.local/lib/python3.7/site-packages/airflow/example_dags/example_xcomargs.py took 0.090 seconds
[2023-01-10T10:57:57.119+0000] {processor.py:153} INFO - Started process (PID=611) to work on /home/airflow/.local/lib/python3.7/site-packages/airflow/example_dags/example_xcomargs.py
[2023-01-10T10:57:57.120+0000] {processor.py:743} INFO - Processing file /home/airflow/.local/lib/python3.7/site-packages/airflow/example_dags/example_xcomargs.py for tasks to queue
[2023-01-10T10:57:57.120+0000] {logging_mixin.py:137} INFO - [2023-01-10T10:57:57.120+0000] {dagbag.py:538} INFO - Filling up the DagBag from /home/airflow/.local/lib/python3.7/site-packages/airflow/example_dags/example_xcomargs.py
[2023-01-10T10:57:57.139+0000] {processor.py:753} INFO - DAG(s) dict_keys(['example_xcom_args', 'example_xcom_args_with_operators']) retrieved from /home/airflow/.local/lib/python3.7/site-packages/airflow/example_dags/example_xcomargs.py
[2023-01-10T10:57:57.171+0000] {logging_mixin.py:137} INFO - [2023-01-10T10:57:57.171+0000] {dag.py:2676} INFO - Sync 2 DAGs
[2023-01-10T10:57:57.191+0000] {logging_mixin.py:137} INFO - [2023-01-10T10:57:57.191+0000] {dag.py:3427} INFO - Setting next_dagrun for example_xcom_args to None, run_after=None
[2023-01-10T10:57:57.194+0000] {logging_mixin.py:137} INFO - [2023-01-10T10:57:57.194+0000] {dag.py:3427} INFO - Setting next_dagrun for example_xcom_args_with_operators to None, run_after=None
[2023-01-10T10:57:57.206+0000] {processor.py:175} INFO - Processing /home/airflow/.local/lib/python3.7/site-packages/airflow/example_dags/example_xcomargs.py took 0.089 seconds
[2023-01-10T10:58:28.075+0000] {processor.py:153} INFO - Started process (PID=697) to work on /home/airflow/.local/lib/python3.7/site-packages/airflow/example_dags/example_xcomargs.py
[2023-01-10T10:58:28.076+0000] {processor.py:743} INFO - Processing file /home/airflow/.local/lib/python3.7/site-packages/airflow/example_dags/example_xcomargs.py for tasks to queue
[2023-01-10T10:58:28.076+0000] {logging_mixin.py:137} INFO - [2023-01-10T10:58:28.076+0000] {dagbag.py:538} INFO - Filling up the DagBag from /home/airflow/.local/lib/python3.7/site-packages/airflow/example_dags/example_xcomargs.py
[2023-01-10T10:58:28.095+0000] {processor.py:753} INFO - DAG(s) dict_keys(['example_xcom_args', 'example_xcom_args_with_operators']) retrieved from /home/airflow/.local/lib/python3.7/site-packages/airflow/example_dags/example_xcomargs.py
[2023-01-10T10:58:28.126+0000] {logging_mixin.py:137} INFO - [2023-01-10T10:58:28.126+0000] {dag.py:2676} INFO - Sync 2 DAGs
[2023-01-10T10:58:28.147+0000] {logging_mixin.py:137} INFO - [2023-01-10T10:58:28.147+0000] {dag.py:3427} INFO - Setting next_dagrun for example_xcom_args to None, run_after=None
[2023-01-10T10:58:28.150+0000] {logging_mixin.py:137} INFO - [2023-01-10T10:58:28.150+0000] {dag.py:3427} INFO - Setting next_dagrun for example_xcom_args_with_operators to None, run_after=None
[2023-01-10T10:58:28.166+0000] {processor.py:175} INFO - Processing /home/airflow/.local/lib/python3.7/site-packages/airflow/example_dags/example_xcomargs.py took 0.093 seconds
[2023-01-10T10:58:59.115+0000] {processor.py:153} INFO - Started process (PID=773) to work on /home/airflow/.local/lib/python3.7/site-packages/airflow/example_dags/example_xcomargs.py
[2023-01-10T10:58:59.115+0000] {processor.py:743} INFO - Processing file /home/airflow/.local/lib/python3.7/site-packages/airflow/example_dags/example_xcomargs.py for tasks to queue
[2023-01-10T10:58:59.116+0000] {logging_mixin.py:137} INFO - [2023-01-10T10:58:59.116+0000] {dagbag.py:538} INFO - Filling up the DagBag from /home/airflow/.local/lib/python3.7/site-packages/airflow/example_dags/example_xcomargs.py
[2023-01-10T10:58:59.142+0000] {processor.py:753} INFO - DAG(s) dict_keys(['example_xcom_args', 'example_xcom_args_with_operators']) retrieved from /home/airflow/.local/lib/python3.7/site-packages/airflow/example_dags/example_xcomargs.py
[2023-01-10T10:58:59.187+0000] {logging_mixin.py:137} INFO - [2023-01-10T10:58:59.187+0000] {dag.py:2676} INFO - Sync 2 DAGs
[2023-01-10T10:58:59.215+0000] {logging_mixin.py:137} INFO - [2023-01-10T10:58:59.215+0000] {dag.py:3427} INFO - Setting next_dagrun for example_xcom_args to None, run_after=None
[2023-01-10T10:58:59.219+0000] {logging_mixin.py:137} INFO - [2023-01-10T10:58:59.219+0000] {dag.py:3427} INFO - Setting next_dagrun for example_xcom_args_with_operators to None, run_after=None
[2023-01-10T10:58:59.235+0000] {processor.py:175} INFO - Processing /home/airflow/.local/lib/python3.7/site-packages/airflow/example_dags/example_xcomargs.py took 0.122 seconds
[2023-01-10T10:59:29.594+0000] {processor.py:153} INFO - Started process (PID=852) to work on /home/airflow/.local/lib/python3.7/site-packages/airflow/example_dags/example_xcomargs.py
[2023-01-10T10:59:29.595+0000] {processor.py:743} INFO - Processing file /home/airflow/.local/lib/python3.7/site-packages/airflow/example_dags/example_xcomargs.py for tasks to queue
[2023-01-10T10:59:29.596+0000] {logging_mixin.py:137} INFO - [2023-01-10T10:59:29.596+0000] {dagbag.py:538} INFO - Filling up the DagBag from /home/airflow/.local/lib/python3.7/site-packages/airflow/example_dags/example_xcomargs.py
[2023-01-10T10:59:29.613+0000] {processor.py:753} INFO - DAG(s) dict_keys(['example_xcom_args_with_operators', 'example_xcom_args']) retrieved from /home/airflow/.local/lib/python3.7/site-packages/airflow/example_dags/example_xcomargs.py
[2023-01-10T10:59:29.649+0000] {logging_mixin.py:137} INFO - [2023-01-10T10:59:29.648+0000] {dag.py:2676} INFO - Sync 2 DAGs
[2023-01-10T10:59:29.670+0000] {logging_mixin.py:137} INFO - [2023-01-10T10:59:29.670+0000] {dag.py:3427} INFO - Setting next_dagrun for example_xcom_args to None, run_after=None
[2023-01-10T10:59:29.673+0000] {logging_mixin.py:137} INFO - [2023-01-10T10:59:29.673+0000] {dag.py:3427} INFO - Setting next_dagrun for example_xcom_args_with_operators to None, run_after=None
[2023-01-10T10:59:29.687+0000] {processor.py:175} INFO - Processing /home/airflow/.local/lib/python3.7/site-packages/airflow/example_dags/example_xcomargs.py took 0.095 seconds
[2023-01-10T10:59:59.766+0000] {processor.py:153} INFO - Started process (PID=939) to work on /home/airflow/.local/lib/python3.7/site-packages/airflow/example_dags/example_xcomargs.py
[2023-01-10T10:59:59.767+0000] {processor.py:743} INFO - Processing file /home/airflow/.local/lib/python3.7/site-packages/airflow/example_dags/example_xcomargs.py for tasks to queue
[2023-01-10T10:59:59.767+0000] {logging_mixin.py:137} INFO - [2023-01-10T10:59:59.767+0000] {dagbag.py:538} INFO - Filling up the DagBag from /home/airflow/.local/lib/python3.7/site-packages/airflow/example_dags/example_xcomargs.py
[2023-01-10T10:59:59.785+0000] {processor.py:753} INFO - DAG(s) dict_keys(['example_xcom_args_with_operators', 'example_xcom_args']) retrieved from /home/airflow/.local/lib/python3.7/site-packages/airflow/example_dags/example_xcomargs.py
[2023-01-10T10:59:59.817+0000] {logging_mixin.py:137} INFO - [2023-01-10T10:59:59.817+0000] {dag.py:2676} INFO - Sync 2 DAGs
[2023-01-10T10:59:59.836+0000] {logging_mixin.py:137} INFO - [2023-01-10T10:59:59.836+0000] {dag.py:3427} INFO - Setting next_dagrun for example_xcom_args to None, run_after=None
[2023-01-10T10:59:59.839+0000] {logging_mixin.py:137} INFO - [2023-01-10T10:59:59.838+0000] {dag.py:3427} INFO - Setting next_dagrun for example_xcom_args_with_operators to None, run_after=None
[2023-01-10T10:59:59.854+0000] {processor.py:175} INFO - Processing /home/airflow/.local/lib/python3.7/site-packages/airflow/example_dags/example_xcomargs.py took 0.090 seconds
[2023-01-10T11:00:29.957+0000] {processor.py:153} INFO - Started process (PID=1009) to work on /home/airflow/.local/lib/python3.7/site-packages/airflow/example_dags/example_xcomargs.py
[2023-01-10T11:00:29.958+0000] {processor.py:743} INFO - Processing file /home/airflow/.local/lib/python3.7/site-packages/airflow/example_dags/example_xcomargs.py for tasks to queue
[2023-01-10T11:00:29.958+0000] {logging_mixin.py:137} INFO - [2023-01-10T11:00:29.958+0000] {dagbag.py:538} INFO - Filling up the DagBag from /home/airflow/.local/lib/python3.7/site-packages/airflow/example_dags/example_xcomargs.py
[2023-01-10T11:00:29.981+0000] {processor.py:753} INFO - DAG(s) dict_keys(['example_xcom_args', 'example_xcom_args_with_operators']) retrieved from /home/airflow/.local/lib/python3.7/site-packages/airflow/example_dags/example_xcomargs.py
[2023-01-10T11:00:30.015+0000] {logging_mixin.py:137} INFO - [2023-01-10T11:00:30.015+0000] {dag.py:2676} INFO - Sync 2 DAGs
[2023-01-10T11:00:30.038+0000] {logging_mixin.py:137} INFO - [2023-01-10T11:00:30.038+0000] {dag.py:3427} INFO - Setting next_dagrun for example_xcom_args to None, run_after=None
[2023-01-10T11:00:30.041+0000] {logging_mixin.py:137} INFO - [2023-01-10T11:00:30.041+0000] {dag.py:3427} INFO - Setting next_dagrun for example_xcom_args_with_operators to None, run_after=None
[2023-01-10T11:00:30.056+0000] {processor.py:175} INFO - Processing /home/airflow/.local/lib/python3.7/site-packages/airflow/example_dags/example_xcomargs.py took 0.102 seconds
[2023-01-10T11:01:00.118+0000] {processor.py:153} INFO - Started process (PID=1095) to work on /home/airflow/.local/lib/python3.7/site-packages/airflow/example_dags/example_xcomargs.py
[2023-01-10T11:01:00.119+0000] {processor.py:743} INFO - Processing file /home/airflow/.local/lib/python3.7/site-packages/airflow/example_dags/example_xcomargs.py for tasks to queue
[2023-01-10T11:01:00.119+0000] {logging_mixin.py:137} INFO - [2023-01-10T11:01:00.119+0000] {dagbag.py:538} INFO - Filling up the DagBag from /home/airflow/.local/lib/python3.7/site-packages/airflow/example_dags/example_xcomargs.py
[2023-01-10T11:01:00.140+0000] {processor.py:753} INFO - DAG(s) dict_keys(['example_xcom_args', 'example_xcom_args_with_operators']) retrieved from /home/airflow/.local/lib/python3.7/site-packages/airflow/example_dags/example_xcomargs.py
[2023-01-10T11:01:00.175+0000] {logging_mixin.py:137} INFO - [2023-01-10T11:01:00.174+0000] {dag.py:2676} INFO - Sync 2 DAGs
[2023-01-10T11:01:00.197+0000] {logging_mixin.py:137} INFO - [2023-01-10T11:01:00.196+0000] {dag.py:3427} INFO - Setting next_dagrun for example_xcom_args to None, run_after=None
[2023-01-10T11:01:00.200+0000] {logging_mixin.py:137} INFO - [2023-01-10T11:01:00.199+0000] {dag.py:3427} INFO - Setting next_dagrun for example_xcom_args_with_operators to None, run_after=None
[2023-01-10T11:01:00.213+0000] {processor.py:175} INFO - Processing /home/airflow/.local/lib/python3.7/site-packages/airflow/example_dags/example_xcomargs.py took 0.097 seconds
[2023-01-10T11:01:30.302+0000] {processor.py:153} INFO - Started process (PID=1165) to work on /home/airflow/.local/lib/python3.7/site-packages/airflow/example_dags/example_xcomargs.py
[2023-01-10T11:01:30.303+0000] {processor.py:743} INFO - Processing file /home/airflow/.local/lib/python3.7/site-packages/airflow/example_dags/example_xcomargs.py for tasks to queue
[2023-01-10T11:01:30.303+0000] {logging_mixin.py:137} INFO - [2023-01-10T11:01:30.303+0000] {dagbag.py:538} INFO - Filling up the DagBag from /home/airflow/.local/lib/python3.7/site-packages/airflow/example_dags/example_xcomargs.py
[2023-01-10T11:01:30.323+0000] {processor.py:753} INFO - DAG(s) dict_keys(['example_xcom_args_with_operators', 'example_xcom_args']) retrieved from /home/airflow/.local/lib/python3.7/site-packages/airflow/example_dags/example_xcomargs.py
[2023-01-10T11:01:30.356+0000] {logging_mixin.py:137} INFO - [2023-01-10T11:01:30.356+0000] {dag.py:2676} INFO - Sync 2 DAGs
[2023-01-10T11:01:30.376+0000] {logging_mixin.py:137} INFO - [2023-01-10T11:01:30.376+0000] {dag.py:3427} INFO - Setting next_dagrun for example_xcom_args to None, run_after=None
[2023-01-10T11:01:30.380+0000] {logging_mixin.py:137} INFO - [2023-01-10T11:01:30.379+0000] {dag.py:3427} INFO - Setting next_dagrun for example_xcom_args_with_operators to None, run_after=None
[2023-01-10T11:01:30.391+0000] {processor.py:175} INFO - Processing /home/airflow/.local/lib/python3.7/site-packages/airflow/example_dags/example_xcomargs.py took 0.091 seconds
[2023-01-10T11:02:00.642+0000] {processor.py:153} INFO - Started process (PID=1252) to work on /home/airflow/.local/lib/python3.7/site-packages/airflow/example_dags/example_xcomargs.py
[2023-01-10T11:02:00.642+0000] {processor.py:743} INFO - Processing file /home/airflow/.local/lib/python3.7/site-packages/airflow/example_dags/example_xcomargs.py for tasks to queue
[2023-01-10T11:02:00.643+0000] {logging_mixin.py:137} INFO - [2023-01-10T11:02:00.643+0000] {dagbag.py:538} INFO - Filling up the DagBag from /home/airflow/.local/lib/python3.7/site-packages/airflow/example_dags/example_xcomargs.py
[2023-01-10T11:02:00.662+0000] {processor.py:753} INFO - DAG(s) dict_keys(['example_xcom_args_with_operators', 'example_xcom_args']) retrieved from /home/airflow/.local/lib/python3.7/site-packages/airflow/example_dags/example_xcomargs.py
[2023-01-10T11:02:00.705+0000] {logging_mixin.py:137} INFO - [2023-01-10T11:02:00.704+0000] {dag.py:2676} INFO - Sync 2 DAGs
[2023-01-10T11:02:00.730+0000] {logging_mixin.py:137} INFO - [2023-01-10T11:02:00.730+0000] {dag.py:3427} INFO - Setting next_dagrun for example_xcom_args to None, run_after=None
[2023-01-10T11:02:00.734+0000] {logging_mixin.py:137} INFO - [2023-01-10T11:02:00.734+0000] {dag.py:3427} INFO - Setting next_dagrun for example_xcom_args_with_operators to None, run_after=None
[2023-01-10T11:02:00.752+0000] {processor.py:175} INFO - Processing /home/airflow/.local/lib/python3.7/site-packages/airflow/example_dags/example_xcomargs.py took 0.113 seconds
[2023-01-10T11:02:30.795+0000] {processor.py:153} INFO - Started process (PID=1322) to work on /home/airflow/.local/lib/python3.7/site-packages/airflow/example_dags/example_xcomargs.py
[2023-01-10T11:02:30.796+0000] {processor.py:743} INFO - Processing file /home/airflow/.local/lib/python3.7/site-packages/airflow/example_dags/example_xcomargs.py for tasks to queue
[2023-01-10T11:02:30.796+0000] {logging_mixin.py:137} INFO - [2023-01-10T11:02:30.796+0000] {dagbag.py:538} INFO - Filling up the DagBag from /home/airflow/.local/lib/python3.7/site-packages/airflow/example_dags/example_xcomargs.py
[2023-01-10T11:02:30.814+0000] {processor.py:753} INFO - DAG(s) dict_keys(['example_xcom_args', 'example_xcom_args_with_operators']) retrieved from /home/airflow/.local/lib/python3.7/site-packages/airflow/example_dags/example_xcomargs.py
[2023-01-10T11:02:30.850+0000] {logging_mixin.py:137} INFO - [2023-01-10T11:02:30.849+0000] {dag.py:2676} INFO - Sync 2 DAGs
[2023-01-10T11:02:30.874+0000] {logging_mixin.py:137} INFO - [2023-01-10T11:02:30.874+0000] {dag.py:3427} INFO - Setting next_dagrun for example_xcom_args to None, run_after=None
[2023-01-10T11:02:30.877+0000] {logging_mixin.py:137} INFO - [2023-01-10T11:02:30.877+0000] {dag.py:3427} INFO - Setting next_dagrun for example_xcom_args_with_operators to None, run_after=None
[2023-01-10T11:02:30.887+0000] {processor.py:175} INFO - Processing /home/airflow/.local/lib/python3.7/site-packages/airflow/example_dags/example_xcomargs.py took 0.094 seconds
[2023-01-10T11:03:01.041+0000] {processor.py:153} INFO - Started process (PID=1408) to work on /home/airflow/.local/lib/python3.7/site-packages/airflow/example_dags/example_xcomargs.py
[2023-01-10T11:03:01.042+0000] {processor.py:743} INFO - Processing file /home/airflow/.local/lib/python3.7/site-packages/airflow/example_dags/example_xcomargs.py for tasks to queue
[2023-01-10T11:03:01.042+0000] {logging_mixin.py:137} INFO - [2023-01-10T11:03:01.042+0000] {dagbag.py:538} INFO - Filling up the DagBag from /home/airflow/.local/lib/python3.7/site-packages/airflow/example_dags/example_xcomargs.py
[2023-01-10T11:03:01.060+0000] {processor.py:753} INFO - DAG(s) dict_keys(['example_xcom_args_with_operators', 'example_xcom_args']) retrieved from /home/airflow/.local/lib/python3.7/site-packages/airflow/example_dags/example_xcomargs.py
[2023-01-10T11:03:01.093+0000] {logging_mixin.py:137} INFO - [2023-01-10T11:03:01.092+0000] {dag.py:2676} INFO - Sync 2 DAGs
[2023-01-10T11:03:01.112+0000] {logging_mixin.py:137} INFO - [2023-01-10T11:03:01.112+0000] {dag.py:3427} INFO - Setting next_dagrun for example_xcom_args to None, run_after=None
[2023-01-10T11:03:01.115+0000] {logging_mixin.py:137} INFO - [2023-01-10T11:03:01.115+0000] {dag.py:3427} INFO - Setting next_dagrun for example_xcom_args_with_operators to None, run_after=None
[2023-01-10T11:03:01.127+0000] {processor.py:175} INFO - Processing /home/airflow/.local/lib/python3.7/site-packages/airflow/example_dags/example_xcomargs.py took 0.088 seconds
[2023-01-10T11:03:31.936+0000] {processor.py:153} INFO - Started process (PID=1479) to work on /home/airflow/.local/lib/python3.7/site-packages/airflow/example_dags/example_xcomargs.py
[2023-01-10T11:03:31.937+0000] {processor.py:743} INFO - Processing file /home/airflow/.local/lib/python3.7/site-packages/airflow/example_dags/example_xcomargs.py for tasks to queue
[2023-01-10T11:03:31.937+0000] {logging_mixin.py:137} INFO - [2023-01-10T11:03:31.937+0000] {dagbag.py:538} INFO - Filling up the DagBag from /home/airflow/.local/lib/python3.7/site-packages/airflow/example_dags/example_xcomargs.py
[2023-01-10T11:03:31.959+0000] {processor.py:753} INFO - DAG(s) dict_keys(['example_xcom_args', 'example_xcom_args_with_operators']) retrieved from /home/airflow/.local/lib/python3.7/site-packages/airflow/example_dags/example_xcomargs.py
[2023-01-10T11:03:31.995+0000] {logging_mixin.py:137} INFO - [2023-01-10T11:03:31.995+0000] {dag.py:2676} INFO - Sync 2 DAGs
[2023-01-10T11:03:32.017+0000] {logging_mixin.py:137} INFO - [2023-01-10T11:03:32.017+0000] {dag.py:3427} INFO - Setting next_dagrun for example_xcom_args to None, run_after=None
[2023-01-10T11:03:32.020+0000] {logging_mixin.py:137} INFO - [2023-01-10T11:03:32.020+0000] {dag.py:3427} INFO - Setting next_dagrun for example_xcom_args_with_operators to None, run_after=None
[2023-01-10T11:03:32.032+0000] {processor.py:175} INFO - Processing /home/airflow/.local/lib/python3.7/site-packages/airflow/example_dags/example_xcomargs.py took 0.097 seconds
[2023-01-10T11:04:02.403+0000] {processor.py:153} INFO - Started process (PID=1565) to work on /home/airflow/.local/lib/python3.7/site-packages/airflow/example_dags/example_xcomargs.py
[2023-01-10T11:04:02.404+0000] {processor.py:743} INFO - Processing file /home/airflow/.local/lib/python3.7/site-packages/airflow/example_dags/example_xcomargs.py for tasks to queue
[2023-01-10T11:04:02.405+0000] {logging_mixin.py:137} INFO - [2023-01-10T11:04:02.404+0000] {dagbag.py:538} INFO - Filling up the DagBag from /home/airflow/.local/lib/python3.7/site-packages/airflow/example_dags/example_xcomargs.py
[2023-01-10T11:04:02.425+0000] {processor.py:753} INFO - DAG(s) dict_keys(['example_xcom_args_with_operators', 'example_xcom_args']) retrieved from /home/airflow/.local/lib/python3.7/site-packages/airflow/example_dags/example_xcomargs.py
[2023-01-10T11:04:02.461+0000] {logging_mixin.py:137} INFO - [2023-01-10T11:04:02.461+0000] {dag.py:2676} INFO - Sync 2 DAGs
[2023-01-10T11:04:02.482+0000] {logging_mixin.py:137} INFO - [2023-01-10T11:04:02.481+0000] {dag.py:3427} INFO - Setting next_dagrun for example_xcom_args to None, run_after=None
[2023-01-10T11:04:02.484+0000] {logging_mixin.py:137} INFO - [2023-01-10T11:04:02.484+0000] {dag.py:3427} INFO - Setting next_dagrun for example_xcom_args_with_operators to None, run_after=None
[2023-01-10T11:04:02.499+0000] {processor.py:175} INFO - Processing /home/airflow/.local/lib/python3.7/site-packages/airflow/example_dags/example_xcomargs.py took 0.098 seconds
[2023-01-10T11:04:33.363+0000] {processor.py:153} INFO - Started process (PID=1635) to work on /home/airflow/.local/lib/python3.7/site-packages/airflow/example_dags/example_xcomargs.py
[2023-01-10T11:04:33.364+0000] {processor.py:743} INFO - Processing file /home/airflow/.local/lib/python3.7/site-packages/airflow/example_dags/example_xcomargs.py for tasks to queue
[2023-01-10T11:04:33.365+0000] {logging_mixin.py:137} INFO - [2023-01-10T11:04:33.365+0000] {dagbag.py:538} INFO - Filling up the DagBag from /home/airflow/.local/lib/python3.7/site-packages/airflow/example_dags/example_xcomargs.py
[2023-01-10T11:04:33.385+0000] {processor.py:753} INFO - DAG(s) dict_keys(['example_xcom_args_with_operators', 'example_xcom_args']) retrieved from /home/airflow/.local/lib/python3.7/site-packages/airflow/example_dags/example_xcomargs.py
[2023-01-10T11:04:33.421+0000] {logging_mixin.py:137} INFO - [2023-01-10T11:04:33.421+0000] {dag.py:2676} INFO - Sync 2 DAGs
[2023-01-10T11:04:33.448+0000] {logging_mixin.py:137} INFO - [2023-01-10T11:04:33.448+0000] {dag.py:3427} INFO - Setting next_dagrun for example_xcom_args to None, run_after=None
[2023-01-10T11:04:33.451+0000] {logging_mixin.py:137} INFO - [2023-01-10T11:04:33.451+0000] {dag.py:3427} INFO - Setting next_dagrun for example_xcom_args_with_operators to None, run_after=None
[2023-01-10T11:04:33.471+0000] {processor.py:175} INFO - Processing /home/airflow/.local/lib/python3.7/site-packages/airflow/example_dags/example_xcomargs.py took 0.111 seconds
[2023-01-10T11:05:03.539+0000] {processor.py:153} INFO - Started process (PID=1721) to work on /home/airflow/.local/lib/python3.7/site-packages/airflow/example_dags/example_xcomargs.py
[2023-01-10T11:05:03.540+0000] {processor.py:743} INFO - Processing file /home/airflow/.local/lib/python3.7/site-packages/airflow/example_dags/example_xcomargs.py for tasks to queue
[2023-01-10T11:05:03.540+0000] {logging_mixin.py:137} INFO - [2023-01-10T11:05:03.540+0000] {dagbag.py:538} INFO - Filling up the DagBag from /home/airflow/.local/lib/python3.7/site-packages/airflow/example_dags/example_xcomargs.py
[2023-01-10T11:05:03.559+0000] {processor.py:753} INFO - DAG(s) dict_keys(['example_xcom_args', 'example_xcom_args_with_operators']) retrieved from /home/airflow/.local/lib/python3.7/site-packages/airflow/example_dags/example_xcomargs.py
[2023-01-10T11:05:03.589+0000] {logging_mixin.py:137} INFO - [2023-01-10T11:05:03.589+0000] {dag.py:2676} INFO - Sync 2 DAGs
[2023-01-10T11:05:03.609+0000] {logging_mixin.py:137} INFO - [2023-01-10T11:05:03.609+0000] {dag.py:3427} INFO - Setting next_dagrun for example_xcom_args to None, run_after=None
[2023-01-10T11:05:03.612+0000] {logging_mixin.py:137} INFO - [2023-01-10T11:05:03.612+0000] {dag.py:3427} INFO - Setting next_dagrun for example_xcom_args_with_operators to None, run_after=None
[2023-01-10T11:05:03.625+0000] {processor.py:175} INFO - Processing /home/airflow/.local/lib/python3.7/site-packages/airflow/example_dags/example_xcomargs.py took 0.088 seconds
[2023-01-10T11:05:33.718+0000] {processor.py:153} INFO - Started process (PID=1791) to work on /home/airflow/.local/lib/python3.7/site-packages/airflow/example_dags/example_xcomargs.py
[2023-01-10T11:05:33.719+0000] {processor.py:743} INFO - Processing file /home/airflow/.local/lib/python3.7/site-packages/airflow/example_dags/example_xcomargs.py for tasks to queue
[2023-01-10T11:05:33.719+0000] {logging_mixin.py:137} INFO - [2023-01-10T11:05:33.719+0000] {dagbag.py:538} INFO - Filling up the DagBag from /home/airflow/.local/lib/python3.7/site-packages/airflow/example_dags/example_xcomargs.py
[2023-01-10T11:05:33.738+0000] {processor.py:753} INFO - DAG(s) dict_keys(['example_xcom_args', 'example_xcom_args_with_operators']) retrieved from /home/airflow/.local/lib/python3.7/site-packages/airflow/example_dags/example_xcomargs.py
[2023-01-10T11:05:33.768+0000] {logging_mixin.py:137} INFO - [2023-01-10T11:05:33.768+0000] {dag.py:2676} INFO - Sync 2 DAGs
[2023-01-10T11:05:33.789+0000] {logging_mixin.py:137} INFO - [2023-01-10T11:05:33.789+0000] {dag.py:3427} INFO - Setting next_dagrun for example_xcom_args to None, run_after=None
[2023-01-10T11:05:33.792+0000] {logging_mixin.py:137} INFO - [2023-01-10T11:05:33.792+0000] {dag.py:3427} INFO - Setting next_dagrun for example_xcom_args_with_operators to None, run_after=None
[2023-01-10T11:05:33.804+0000] {processor.py:175} INFO - Processing /home/airflow/.local/lib/python3.7/site-packages/airflow/example_dags/example_xcomargs.py took 0.088 seconds
[2023-01-10T11:06:03.876+0000] {processor.py:153} INFO - Started process (PID=1877) to work on /home/airflow/.local/lib/python3.7/site-packages/airflow/example_dags/example_xcomargs.py
[2023-01-10T11:06:03.877+0000] {processor.py:743} INFO - Processing file /home/airflow/.local/lib/python3.7/site-packages/airflow/example_dags/example_xcomargs.py for tasks to queue
[2023-01-10T11:06:03.877+0000] {logging_mixin.py:137} INFO - [2023-01-10T11:06:03.877+0000] {dagbag.py:538} INFO - Filling up the DagBag from /home/airflow/.local/lib/python3.7/site-packages/airflow/example_dags/example_xcomargs.py
[2023-01-10T11:06:03.896+0000] {processor.py:753} INFO - DAG(s) dict_keys(['example_xcom_args', 'example_xcom_args_with_operators']) retrieved from /home/airflow/.local/lib/python3.7/site-packages/airflow/example_dags/example_xcomargs.py
[2023-01-10T11:06:03.927+0000] {logging_mixin.py:137} INFO - [2023-01-10T11:06:03.927+0000] {dag.py:2676} INFO - Sync 2 DAGs
[2023-01-10T11:06:03.948+0000] {logging_mixin.py:137} INFO - [2023-01-10T11:06:03.948+0000] {dag.py:3427} INFO - Setting next_dagrun for example_xcom_args to None, run_after=None
[2023-01-10T11:06:03.951+0000] {logging_mixin.py:137} INFO - [2023-01-10T11:06:03.951+0000] {dag.py:3427} INFO - Setting next_dagrun for example_xcom_args_with_operators to None, run_after=None
[2023-01-10T11:06:03.963+0000] {processor.py:175} INFO - Processing /home/airflow/.local/lib/python3.7/site-packages/airflow/example_dags/example_xcomargs.py took 0.089 seconds
[2023-01-10T11:06:34.207+0000] {processor.py:153} INFO - Started process (PID=1956) to work on /home/airflow/.local/lib/python3.7/site-packages/airflow/example_dags/example_xcomargs.py
[2023-01-10T11:06:34.212+0000] {processor.py:743} INFO - Processing file /home/airflow/.local/lib/python3.7/site-packages/airflow/example_dags/example_xcomargs.py for tasks to queue
[2023-01-10T11:06:34.213+0000] {logging_mixin.py:137} INFO - [2023-01-10T11:06:34.212+0000] {dagbag.py:538} INFO - Filling up the DagBag from /home/airflow/.local/lib/python3.7/site-packages/airflow/example_dags/example_xcomargs.py
[2023-01-10T11:06:34.238+0000] {processor.py:753} INFO - DAG(s) dict_keys(['example_xcom_args_with_operators', 'example_xcom_args']) retrieved from /home/airflow/.local/lib/python3.7/site-packages/airflow/example_dags/example_xcomargs.py
[2023-01-10T11:06:34.280+0000] {logging_mixin.py:137} INFO - [2023-01-10T11:06:34.280+0000] {dag.py:2676} INFO - Sync 2 DAGs
[2023-01-10T11:06:34.305+0000] {logging_mixin.py:137} INFO - [2023-01-10T11:06:34.305+0000] {dag.py:3427} INFO - Setting next_dagrun for example_xcom_args to None, run_after=None
[2023-01-10T11:06:34.309+0000] {logging_mixin.py:137} INFO - [2023-01-10T11:06:34.309+0000] {dag.py:3427} INFO - Setting next_dagrun for example_xcom_args_with_operators to None, run_after=None
[2023-01-10T11:06:34.326+0000] {processor.py:175} INFO - Processing /home/airflow/.local/lib/python3.7/site-packages/airflow/example_dags/example_xcomargs.py took 0.130 seconds
[2023-01-10T11:07:04.392+0000] {processor.py:153} INFO - Started process (PID=2033) to work on /home/airflow/.local/lib/python3.7/site-packages/airflow/example_dags/example_xcomargs.py
[2023-01-10T11:07:04.393+0000] {processor.py:743} INFO - Processing file /home/airflow/.local/lib/python3.7/site-packages/airflow/example_dags/example_xcomargs.py for tasks to queue
[2023-01-10T11:07:04.394+0000] {logging_mixin.py:137} INFO - [2023-01-10T11:07:04.394+0000] {dagbag.py:538} INFO - Filling up the DagBag from /home/airflow/.local/lib/python3.7/site-packages/airflow/example_dags/example_xcomargs.py
[2023-01-10T11:07:04.416+0000] {processor.py:753} INFO - DAG(s) dict_keys(['example_xcom_args', 'example_xcom_args_with_operators']) retrieved from /home/airflow/.local/lib/python3.7/site-packages/airflow/example_dags/example_xcomargs.py
[2023-01-10T11:07:04.451+0000] {logging_mixin.py:137} INFO - [2023-01-10T11:07:04.451+0000] {dag.py:2676} INFO - Sync 2 DAGs
[2023-01-10T11:07:04.477+0000] {logging_mixin.py:137} INFO - [2023-01-10T11:07:04.476+0000] {dag.py:3427} INFO - Setting next_dagrun for example_xcom_args to None, run_after=None
[2023-01-10T11:07:04.481+0000] {logging_mixin.py:137} INFO - [2023-01-10T11:07:04.480+0000] {dag.py:3427} INFO - Setting next_dagrun for example_xcom_args_with_operators to None, run_after=None
[2023-01-10T11:07:04.494+0000] {processor.py:175} INFO - Processing /home/airflow/.local/lib/python3.7/site-packages/airflow/example_dags/example_xcomargs.py took 0.105 seconds
[2023-01-10T11:07:34.920+0000] {processor.py:153} INFO - Started process (PID=2119) to work on /home/airflow/.local/lib/python3.7/site-packages/airflow/example_dags/example_xcomargs.py
[2023-01-10T11:07:34.921+0000] {processor.py:743} INFO - Processing file /home/airflow/.local/lib/python3.7/site-packages/airflow/example_dags/example_xcomargs.py for tasks to queue
[2023-01-10T11:07:34.921+0000] {logging_mixin.py:137} INFO - [2023-01-10T11:07:34.921+0000] {dagbag.py:538} INFO - Filling up the DagBag from /home/airflow/.local/lib/python3.7/site-packages/airflow/example_dags/example_xcomargs.py
[2023-01-10T11:07:34.940+0000] {processor.py:753} INFO - DAG(s) dict_keys(['example_xcom_args_with_operators', 'example_xcom_args']) retrieved from /home/airflow/.local/lib/python3.7/site-packages/airflow/example_dags/example_xcomargs.py
[2023-01-10T11:07:34.973+0000] {logging_mixin.py:137} INFO - [2023-01-10T11:07:34.973+0000] {dag.py:2676} INFO - Sync 2 DAGs
[2023-01-10T11:07:34.997+0000] {logging_mixin.py:137} INFO - [2023-01-10T11:07:34.997+0000] {dag.py:3427} INFO - Setting next_dagrun for example_xcom_args to None, run_after=None
[2023-01-10T11:07:35.001+0000] {logging_mixin.py:137} INFO - [2023-01-10T11:07:35.001+0000] {dag.py:3427} INFO - Setting next_dagrun for example_xcom_args_with_operators to None, run_after=None
[2023-01-10T11:07:35.013+0000] {processor.py:175} INFO - Processing /home/airflow/.local/lib/python3.7/site-packages/airflow/example_dags/example_xcomargs.py took 0.095 seconds
[2023-01-10T11:08:05.080+0000] {processor.py:153} INFO - Started process (PID=2189) to work on /home/airflow/.local/lib/python3.7/site-packages/airflow/example_dags/example_xcomargs.py
[2023-01-10T11:08:05.080+0000] {processor.py:743} INFO - Processing file /home/airflow/.local/lib/python3.7/site-packages/airflow/example_dags/example_xcomargs.py for tasks to queue
[2023-01-10T11:08:05.081+0000] {logging_mixin.py:137} INFO - [2023-01-10T11:08:05.081+0000] {dagbag.py:538} INFO - Filling up the DagBag from /home/airflow/.local/lib/python3.7/site-packages/airflow/example_dags/example_xcomargs.py
[2023-01-10T11:08:05.098+0000] {processor.py:753} INFO - DAG(s) dict_keys(['example_xcom_args_with_operators', 'example_xcom_args']) retrieved from /home/airflow/.local/lib/python3.7/site-packages/airflow/example_dags/example_xcomargs.py
[2023-01-10T11:08:05.133+0000] {logging_mixin.py:137} INFO - [2023-01-10T11:08:05.133+0000] {dag.py:2676} INFO - Sync 2 DAGs
[2023-01-10T11:08:05.155+0000] {logging_mixin.py:137} INFO - [2023-01-10T11:08:05.155+0000] {dag.py:3427} INFO - Setting next_dagrun for example_xcom_args to None, run_after=None
[2023-01-10T11:08:05.161+0000] {logging_mixin.py:137} INFO - [2023-01-10T11:08:05.160+0000] {dag.py:3427} INFO - Setting next_dagrun for example_xcom_args_with_operators to None, run_after=None
[2023-01-10T11:08:05.176+0000] {processor.py:175} INFO - Processing /home/airflow/.local/lib/python3.7/site-packages/airflow/example_dags/example_xcomargs.py took 0.099 seconds
[2023-01-10T11:08:35.287+0000] {processor.py:153} INFO - Started process (PID=2275) to work on /home/airflow/.local/lib/python3.7/site-packages/airflow/example_dags/example_xcomargs.py
[2023-01-10T11:08:35.287+0000] {processor.py:743} INFO - Processing file /home/airflow/.local/lib/python3.7/site-packages/airflow/example_dags/example_xcomargs.py for tasks to queue
[2023-01-10T11:08:35.288+0000] {logging_mixin.py:137} INFO - [2023-01-10T11:08:35.288+0000] {dagbag.py:538} INFO - Filling up the DagBag from /home/airflow/.local/lib/python3.7/site-packages/airflow/example_dags/example_xcomargs.py
[2023-01-10T11:08:35.305+0000] {processor.py:753} INFO - DAG(s) dict_keys(['example_xcom_args', 'example_xcom_args_with_operators']) retrieved from /home/airflow/.local/lib/python3.7/site-packages/airflow/example_dags/example_xcomargs.py
[2023-01-10T11:08:35.336+0000] {logging_mixin.py:137} INFO - [2023-01-10T11:08:35.336+0000] {dag.py:2676} INFO - Sync 2 DAGs
[2023-01-10T11:08:35.355+0000] {logging_mixin.py:137} INFO - [2023-01-10T11:08:35.355+0000] {dag.py:3427} INFO - Setting next_dagrun for example_xcom_args to None, run_after=None
[2023-01-10T11:08:35.357+0000] {logging_mixin.py:137} INFO - [2023-01-10T11:08:35.357+0000] {dag.py:3427} INFO - Setting next_dagrun for example_xcom_args_with_operators to None, run_after=None
[2023-01-10T11:08:35.370+0000] {processor.py:175} INFO - Processing /home/airflow/.local/lib/python3.7/site-packages/airflow/example_dags/example_xcomargs.py took 0.085 seconds
[2023-01-10T11:09:05.581+0000] {processor.py:153} INFO - Started process (PID=2345) to work on /home/airflow/.local/lib/python3.7/site-packages/airflow/example_dags/example_xcomargs.py
[2023-01-10T11:09:05.582+0000] {processor.py:743} INFO - Processing file /home/airflow/.local/lib/python3.7/site-packages/airflow/example_dags/example_xcomargs.py for tasks to queue
[2023-01-10T11:09:05.582+0000] {logging_mixin.py:137} INFO - [2023-01-10T11:09:05.582+0000] {dagbag.py:538} INFO - Filling up the DagBag from /home/airflow/.local/lib/python3.7/site-packages/airflow/example_dags/example_xcomargs.py
[2023-01-10T11:09:05.603+0000] {processor.py:753} INFO - DAG(s) dict_keys(['example_xcom_args_with_operators', 'example_xcom_args']) retrieved from /home/airflow/.local/lib/python3.7/site-packages/airflow/example_dags/example_xcomargs.py
[2023-01-10T11:09:05.644+0000] {logging_mixin.py:137} INFO - [2023-01-10T11:09:05.644+0000] {dag.py:2676} INFO - Sync 2 DAGs
[2023-01-10T11:09:05.667+0000] {logging_mixin.py:137} INFO - [2023-01-10T11:09:05.666+0000] {dag.py:3427} INFO - Setting next_dagrun for example_xcom_args to None, run_after=None
[2023-01-10T11:09:05.670+0000] {logging_mixin.py:137} INFO - [2023-01-10T11:09:05.670+0000] {dag.py:3427} INFO - Setting next_dagrun for example_xcom_args_with_operators to None, run_after=None
[2023-01-10T11:09:05.684+0000] {processor.py:175} INFO - Processing /home/airflow/.local/lib/python3.7/site-packages/airflow/example_dags/example_xcomargs.py took 0.105 seconds
[2023-01-10T11:09:35.873+0000] {processor.py:153} INFO - Started process (PID=2430) to work on /home/airflow/.local/lib/python3.7/site-packages/airflow/example_dags/example_xcomargs.py
[2023-01-10T11:09:35.874+0000] {processor.py:743} INFO - Processing file /home/airflow/.local/lib/python3.7/site-packages/airflow/example_dags/example_xcomargs.py for tasks to queue
[2023-01-10T11:09:35.874+0000] {logging_mixin.py:137} INFO - [2023-01-10T11:09:35.874+0000] {dagbag.py:538} INFO - Filling up the DagBag from /home/airflow/.local/lib/python3.7/site-packages/airflow/example_dags/example_xcomargs.py
[2023-01-10T11:09:35.895+0000] {processor.py:753} INFO - DAG(s) dict_keys(['example_xcom_args', 'example_xcom_args_with_operators']) retrieved from /home/airflow/.local/lib/python3.7/site-packages/airflow/example_dags/example_xcomargs.py
[2023-01-10T11:09:35.928+0000] {logging_mixin.py:137} INFO - [2023-01-10T11:09:35.928+0000] {dag.py:2676} INFO - Sync 2 DAGs
[2023-01-10T11:09:35.951+0000] {logging_mixin.py:137} INFO - [2023-01-10T11:09:35.951+0000] {dag.py:3427} INFO - Setting next_dagrun for example_xcom_args to None, run_after=None
[2023-01-10T11:09:35.954+0000] {logging_mixin.py:137} INFO - [2023-01-10T11:09:35.953+0000] {dag.py:3427} INFO - Setting next_dagrun for example_xcom_args_with_operators to None, run_after=None
[2023-01-10T11:09:35.967+0000] {processor.py:175} INFO - Processing /home/airflow/.local/lib/python3.7/site-packages/airflow/example_dags/example_xcomargs.py took 0.095 seconds
[2023-01-10T11:10:06.871+0000] {processor.py:153} INFO - Started process (PID=2500) to work on /home/airflow/.local/lib/python3.7/site-packages/airflow/example_dags/example_xcomargs.py
[2023-01-10T11:10:06.871+0000] {processor.py:743} INFO - Processing file /home/airflow/.local/lib/python3.7/site-packages/airflow/example_dags/example_xcomargs.py for tasks to queue
[2023-01-10T11:10:06.871+0000] {logging_mixin.py:137} INFO - [2023-01-10T11:10:06.871+0000] {dagbag.py:538} INFO - Filling up the DagBag from /home/airflow/.local/lib/python3.7/site-packages/airflow/example_dags/example_xcomargs.py
[2023-01-10T11:10:06.888+0000] {processor.py:753} INFO - DAG(s) dict_keys(['example_xcom_args', 'example_xcom_args_with_operators']) retrieved from /home/airflow/.local/lib/python3.7/site-packages/airflow/example_dags/example_xcomargs.py
[2023-01-10T11:10:06.919+0000] {logging_mixin.py:137} INFO - [2023-01-10T11:10:06.918+0000] {dag.py:2676} INFO - Sync 2 DAGs
[2023-01-10T11:10:06.941+0000] {logging_mixin.py:137} INFO - [2023-01-10T11:10:06.940+0000] {dag.py:3427} INFO - Setting next_dagrun for example_xcom_args to None, run_after=None
[2023-01-10T11:10:06.944+0000] {logging_mixin.py:137} INFO - [2023-01-10T11:10:06.944+0000] {dag.py:3427} INFO - Setting next_dagrun for example_xcom_args_with_operators to None, run_after=None
[2023-01-10T11:10:06.955+0000] {processor.py:175} INFO - Processing /home/airflow/.local/lib/python3.7/site-packages/airflow/example_dags/example_xcomargs.py took 0.086 seconds
