[2023-01-10T10:54:23.537+0000] {processor.py:153} INFO - Started process (PID=79) to work on /home/airflow/.local/lib/python3.7/site-packages/airflow/example_dags/example_branch_operator_decorator.py
[2023-01-10T10:54:23.538+0000] {processor.py:743} INFO - Processing file /home/airflow/.local/lib/python3.7/site-packages/airflow/example_dags/example_branch_operator_decorator.py for tasks to queue
[2023-01-10T10:54:23.538+0000] {logging_mixin.py:137} INFO - [2023-01-10T10:54:23.538+0000] {dagbag.py:538} INFO - Filling up the DagBag from /home/airflow/.local/lib/python3.7/site-packages/airflow/example_dags/example_branch_operator_decorator.py
[2023-01-10T10:54:23.560+0000] {processor.py:753} INFO - DAG(s) dict_keys(['example_branch_python_operator_decorator']) retrieved from /home/airflow/.local/lib/python3.7/site-packages/airflow/example_dags/example_branch_operator_decorator.py
[2023-01-10T10:54:23.658+0000] {logging_mixin.py:137} INFO - [2023-01-10T10:54:23.657+0000] {manager.py:504} INFO - Created Permission View: can delete on DAG:example_branch_python_operator_decorator
[2023-01-10T10:54:23.667+0000] {logging_mixin.py:137} INFO - [2023-01-10T10:54:23.667+0000] {manager.py:504} INFO - Created Permission View: can read on DAG:example_branch_python_operator_decorator
[2023-01-10T10:54:23.675+0000] {logging_mixin.py:137} INFO - [2023-01-10T10:54:23.675+0000] {manager.py:504} INFO - Created Permission View: can edit on DAG:example_branch_python_operator_decorator
[2023-01-10T10:54:23.675+0000] {logging_mixin.py:137} INFO - [2023-01-10T10:54:23.675+0000] {dag.py:2676} INFO - Sync 1 DAGs
[2023-01-10T10:54:23.690+0000] {logging_mixin.py:137} INFO - [2023-01-10T10:54:23.689+0000] {dag.py:2697} INFO - Creating ORM DAG for example_branch_python_operator_decorator
[2023-01-10T10:54:23.706+0000] {logging_mixin.py:137} INFO - [2023-01-10T10:54:23.705+0000] {dag.py:3427} INFO - Setting next_dagrun for example_branch_python_operator_decorator to 2023-01-09T00:00:00+00:00, run_after=2023-01-10T00:00:00+00:00
[2023-01-10T10:54:23.729+0000] {processor.py:175} INFO - Processing /home/airflow/.local/lib/python3.7/site-packages/airflow/example_dags/example_branch_operator_decorator.py took 0.194 seconds
[2023-01-10T10:54:54.299+0000] {processor.py:153} INFO - Started process (PID=149) to work on /home/airflow/.local/lib/python3.7/site-packages/airflow/example_dags/example_branch_operator_decorator.py
[2023-01-10T10:54:54.300+0000] {processor.py:743} INFO - Processing file /home/airflow/.local/lib/python3.7/site-packages/airflow/example_dags/example_branch_operator_decorator.py for tasks to queue
[2023-01-10T10:54:54.301+0000] {logging_mixin.py:137} INFO - [2023-01-10T10:54:54.301+0000] {dagbag.py:538} INFO - Filling up the DagBag from /home/airflow/.local/lib/python3.7/site-packages/airflow/example_dags/example_branch_operator_decorator.py
[2023-01-10T10:54:54.329+0000] {processor.py:753} INFO - DAG(s) dict_keys(['example_branch_python_operator_decorator']) retrieved from /home/airflow/.local/lib/python3.7/site-packages/airflow/example_dags/example_branch_operator_decorator.py
[2023-01-10T10:54:54.358+0000] {logging_mixin.py:137} INFO - [2023-01-10T10:54:54.357+0000] {dag.py:2676} INFO - Sync 1 DAGs
[2023-01-10T10:54:54.380+0000] {logging_mixin.py:137} INFO - [2023-01-10T10:54:54.380+0000] {dag.py:3427} INFO - Setting next_dagrun for example_branch_python_operator_decorator to 2023-01-09T00:00:00+00:00, run_after=2023-01-10T00:00:00+00:00
[2023-01-10T10:54:54.393+0000] {processor.py:175} INFO - Processing /home/airflow/.local/lib/python3.7/site-packages/airflow/example_dags/example_branch_operator_decorator.py took 0.097 seconds
[2023-01-10T10:55:24.911+0000] {processor.py:153} INFO - Started process (PID=236) to work on /home/airflow/.local/lib/python3.7/site-packages/airflow/example_dags/example_branch_operator_decorator.py
[2023-01-10T10:55:24.912+0000] {processor.py:743} INFO - Processing file /home/airflow/.local/lib/python3.7/site-packages/airflow/example_dags/example_branch_operator_decorator.py for tasks to queue
[2023-01-10T10:55:24.913+0000] {logging_mixin.py:137} INFO - [2023-01-10T10:55:24.913+0000] {dagbag.py:538} INFO - Filling up the DagBag from /home/airflow/.local/lib/python3.7/site-packages/airflow/example_dags/example_branch_operator_decorator.py
[2023-01-10T10:55:24.948+0000] {processor.py:753} INFO - DAG(s) dict_keys(['example_branch_python_operator_decorator']) retrieved from /home/airflow/.local/lib/python3.7/site-packages/airflow/example_dags/example_branch_operator_decorator.py
[2023-01-10T10:55:25.004+0000] {logging_mixin.py:137} INFO - [2023-01-10T10:55:25.004+0000] {dag.py:2676} INFO - Sync 1 DAGs
[2023-01-10T10:55:25.030+0000] {logging_mixin.py:137} INFO - [2023-01-10T10:55:25.030+0000] {dag.py:3427} INFO - Setting next_dagrun for example_branch_python_operator_decorator to 2023-01-09T00:00:00+00:00, run_after=2023-01-10T00:00:00+00:00
[2023-01-10T10:55:25.053+0000] {processor.py:175} INFO - Processing /home/airflow/.local/lib/python3.7/site-packages/airflow/example_dags/example_branch_operator_decorator.py took 0.145 seconds
[2023-01-10T10:55:55.107+0000] {processor.py:153} INFO - Started process (PID=307) to work on /home/airflow/.local/lib/python3.7/site-packages/airflow/example_dags/example_branch_operator_decorator.py
[2023-01-10T10:55:55.107+0000] {processor.py:743} INFO - Processing file /home/airflow/.local/lib/python3.7/site-packages/airflow/example_dags/example_branch_operator_decorator.py for tasks to queue
[2023-01-10T10:55:55.108+0000] {logging_mixin.py:137} INFO - [2023-01-10T10:55:55.108+0000] {dagbag.py:538} INFO - Filling up the DagBag from /home/airflow/.local/lib/python3.7/site-packages/airflow/example_dags/example_branch_operator_decorator.py
[2023-01-10T10:55:55.126+0000] {processor.py:753} INFO - DAG(s) dict_keys(['example_branch_python_operator_decorator']) retrieved from /home/airflow/.local/lib/python3.7/site-packages/airflow/example_dags/example_branch_operator_decorator.py
[2023-01-10T10:55:55.153+0000] {logging_mixin.py:137} INFO - [2023-01-10T10:55:55.152+0000] {dag.py:2676} INFO - Sync 1 DAGs
[2023-01-10T10:55:55.171+0000] {logging_mixin.py:137} INFO - [2023-01-10T10:55:55.171+0000] {dag.py:3427} INFO - Setting next_dagrun for example_branch_python_operator_decorator to 2023-01-09T00:00:00+00:00, run_after=2023-01-10T00:00:00+00:00
[2023-01-10T10:55:55.185+0000] {processor.py:175} INFO - Processing /home/airflow/.local/lib/python3.7/site-packages/airflow/example_dags/example_branch_operator_decorator.py took 0.080 seconds
[2023-01-10T10:56:25.249+0000] {processor.py:153} INFO - Started process (PID=393) to work on /home/airflow/.local/lib/python3.7/site-packages/airflow/example_dags/example_branch_operator_decorator.py
[2023-01-10T10:56:25.250+0000] {processor.py:743} INFO - Processing file /home/airflow/.local/lib/python3.7/site-packages/airflow/example_dags/example_branch_operator_decorator.py for tasks to queue
[2023-01-10T10:56:25.250+0000] {logging_mixin.py:137} INFO - [2023-01-10T10:56:25.250+0000] {dagbag.py:538} INFO - Filling up the DagBag from /home/airflow/.local/lib/python3.7/site-packages/airflow/example_dags/example_branch_operator_decorator.py
[2023-01-10T10:56:25.270+0000] {processor.py:753} INFO - DAG(s) dict_keys(['example_branch_python_operator_decorator']) retrieved from /home/airflow/.local/lib/python3.7/site-packages/airflow/example_dags/example_branch_operator_decorator.py
[2023-01-10T10:56:25.297+0000] {logging_mixin.py:137} INFO - [2023-01-10T10:56:25.297+0000] {dag.py:2676} INFO - Sync 1 DAGs
[2023-01-10T10:56:25.318+0000] {logging_mixin.py:137} INFO - [2023-01-10T10:56:25.318+0000] {dag.py:3427} INFO - Setting next_dagrun for example_branch_python_operator_decorator to 2023-01-09T00:00:00+00:00, run_after=2023-01-10T00:00:00+00:00
[2023-01-10T10:56:25.335+0000] {processor.py:175} INFO - Processing /home/airflow/.local/lib/python3.7/site-packages/airflow/example_dags/example_branch_operator_decorator.py took 0.087 seconds
[2023-01-10T10:56:56.246+0000] {processor.py:153} INFO - Started process (PID=463) to work on /home/airflow/.local/lib/python3.7/site-packages/airflow/example_dags/example_branch_operator_decorator.py
[2023-01-10T10:56:56.247+0000] {processor.py:743} INFO - Processing file /home/airflow/.local/lib/python3.7/site-packages/airflow/example_dags/example_branch_operator_decorator.py for tasks to queue
[2023-01-10T10:56:56.247+0000] {logging_mixin.py:137} INFO - [2023-01-10T10:56:56.247+0000] {dagbag.py:538} INFO - Filling up the DagBag from /home/airflow/.local/lib/python3.7/site-packages/airflow/example_dags/example_branch_operator_decorator.py
[2023-01-10T10:56:56.270+0000] {processor.py:753} INFO - DAG(s) dict_keys(['example_branch_python_operator_decorator']) retrieved from /home/airflow/.local/lib/python3.7/site-packages/airflow/example_dags/example_branch_operator_decorator.py
[2023-01-10T10:56:56.301+0000] {logging_mixin.py:137} INFO - [2023-01-10T10:56:56.300+0000] {dag.py:2676} INFO - Sync 1 DAGs
[2023-01-10T10:56:56.324+0000] {logging_mixin.py:137} INFO - [2023-01-10T10:56:56.324+0000] {dag.py:3427} INFO - Setting next_dagrun for example_branch_python_operator_decorator to 2023-01-09T00:00:00+00:00, run_after=2023-01-10T00:00:00+00:00
[2023-01-10T10:56:56.338+0000] {processor.py:175} INFO - Processing /home/airflow/.local/lib/python3.7/site-packages/airflow/example_dags/example_branch_operator_decorator.py took 0.094 seconds
[2023-01-10T10:57:26.540+0000] {processor.py:153} INFO - Started process (PID=549) to work on /home/airflow/.local/lib/python3.7/site-packages/airflow/example_dags/example_branch_operator_decorator.py
[2023-01-10T10:57:26.540+0000] {processor.py:743} INFO - Processing file /home/airflow/.local/lib/python3.7/site-packages/airflow/example_dags/example_branch_operator_decorator.py for tasks to queue
[2023-01-10T10:57:26.541+0000] {logging_mixin.py:137} INFO - [2023-01-10T10:57:26.541+0000] {dagbag.py:538} INFO - Filling up the DagBag from /home/airflow/.local/lib/python3.7/site-packages/airflow/example_dags/example_branch_operator_decorator.py
[2023-01-10T10:57:26.563+0000] {processor.py:753} INFO - DAG(s) dict_keys(['example_branch_python_operator_decorator']) retrieved from /home/airflow/.local/lib/python3.7/site-packages/airflow/example_dags/example_branch_operator_decorator.py
[2023-01-10T10:57:26.594+0000] {logging_mixin.py:137} INFO - [2023-01-10T10:57:26.594+0000] {dag.py:2676} INFO - Sync 1 DAGs
[2023-01-10T10:57:26.615+0000] {logging_mixin.py:137} INFO - [2023-01-10T10:57:26.615+0000] {dag.py:3427} INFO - Setting next_dagrun for example_branch_python_operator_decorator to 2023-01-09T00:00:00+00:00, run_after=2023-01-10T00:00:00+00:00
[2023-01-10T10:57:26.631+0000] {processor.py:175} INFO - Processing /home/airflow/.local/lib/python3.7/site-packages/airflow/example_dags/example_branch_operator_decorator.py took 0.093 seconds
[2023-01-10T10:57:57.529+0000] {processor.py:153} INFO - Started process (PID=619) to work on /home/airflow/.local/lib/python3.7/site-packages/airflow/example_dags/example_branch_operator_decorator.py
[2023-01-10T10:57:57.529+0000] {processor.py:743} INFO - Processing file /home/airflow/.local/lib/python3.7/site-packages/airflow/example_dags/example_branch_operator_decorator.py for tasks to queue
[2023-01-10T10:57:57.530+0000] {logging_mixin.py:137} INFO - [2023-01-10T10:57:57.530+0000] {dagbag.py:538} INFO - Filling up the DagBag from /home/airflow/.local/lib/python3.7/site-packages/airflow/example_dags/example_branch_operator_decorator.py
[2023-01-10T10:57:57.549+0000] {processor.py:753} INFO - DAG(s) dict_keys(['example_branch_python_operator_decorator']) retrieved from /home/airflow/.local/lib/python3.7/site-packages/airflow/example_dags/example_branch_operator_decorator.py
[2023-01-10T10:57:57.579+0000] {logging_mixin.py:137} INFO - [2023-01-10T10:57:57.579+0000] {dag.py:2676} INFO - Sync 1 DAGs
[2023-01-10T10:57:57.599+0000] {logging_mixin.py:137} INFO - [2023-01-10T10:57:57.599+0000] {dag.py:3427} INFO - Setting next_dagrun for example_branch_python_operator_decorator to 2023-01-09T00:00:00+00:00, run_after=2023-01-10T00:00:00+00:00
[2023-01-10T10:57:57.613+0000] {processor.py:175} INFO - Processing /home/airflow/.local/lib/python3.7/site-packages/airflow/example_dags/example_branch_operator_decorator.py took 0.086 seconds
[2023-01-10T10:58:28.479+0000] {processor.py:153} INFO - Started process (PID=705) to work on /home/airflow/.local/lib/python3.7/site-packages/airflow/example_dags/example_branch_operator_decorator.py
[2023-01-10T10:58:28.480+0000] {processor.py:743} INFO - Processing file /home/airflow/.local/lib/python3.7/site-packages/airflow/example_dags/example_branch_operator_decorator.py for tasks to queue
[2023-01-10T10:58:28.481+0000] {logging_mixin.py:137} INFO - [2023-01-10T10:58:28.481+0000] {dagbag.py:538} INFO - Filling up the DagBag from /home/airflow/.local/lib/python3.7/site-packages/airflow/example_dags/example_branch_operator_decorator.py
[2023-01-10T10:58:28.503+0000] {processor.py:753} INFO - DAG(s) dict_keys(['example_branch_python_operator_decorator']) retrieved from /home/airflow/.local/lib/python3.7/site-packages/airflow/example_dags/example_branch_operator_decorator.py
[2023-01-10T10:58:28.563+0000] {logging_mixin.py:137} INFO - [2023-01-10T10:58:28.563+0000] {dag.py:2676} INFO - Sync 1 DAGs
[2023-01-10T10:58:28.586+0000] {logging_mixin.py:137} INFO - [2023-01-10T10:58:28.586+0000] {dag.py:3427} INFO - Setting next_dagrun for example_branch_python_operator_decorator to 2023-01-09T00:00:00+00:00, run_after=2023-01-10T00:00:00+00:00
[2023-01-10T10:58:28.601+0000] {processor.py:175} INFO - Processing /home/airflow/.local/lib/python3.7/site-packages/airflow/example_dags/example_branch_operator_decorator.py took 0.125 seconds
[2023-01-10T10:58:59.670+0000] {processor.py:153} INFO - Started process (PID=783) to work on /home/airflow/.local/lib/python3.7/site-packages/airflow/example_dags/example_branch_operator_decorator.py
[2023-01-10T10:58:59.670+0000] {processor.py:743} INFO - Processing file /home/airflow/.local/lib/python3.7/site-packages/airflow/example_dags/example_branch_operator_decorator.py for tasks to queue
[2023-01-10T10:58:59.671+0000] {logging_mixin.py:137} INFO - [2023-01-10T10:58:59.671+0000] {dagbag.py:538} INFO - Filling up the DagBag from /home/airflow/.local/lib/python3.7/site-packages/airflow/example_dags/example_branch_operator_decorator.py
[2023-01-10T10:58:59.692+0000] {processor.py:753} INFO - DAG(s) dict_keys(['example_branch_python_operator_decorator']) retrieved from /home/airflow/.local/lib/python3.7/site-packages/airflow/example_dags/example_branch_operator_decorator.py
[2023-01-10T10:58:59.730+0000] {logging_mixin.py:137} INFO - [2023-01-10T10:58:59.730+0000] {dag.py:2676} INFO - Sync 1 DAGs
[2023-01-10T10:58:59.766+0000] {logging_mixin.py:137} INFO - [2023-01-10T10:58:59.765+0000] {dag.py:3427} INFO - Setting next_dagrun for example_branch_python_operator_decorator to 2023-01-09T00:00:00+00:00, run_after=2023-01-10T00:00:00+00:00
[2023-01-10T10:58:59.793+0000] {processor.py:175} INFO - Processing /home/airflow/.local/lib/python3.7/site-packages/airflow/example_dags/example_branch_operator_decorator.py took 0.126 seconds
[2023-01-10T10:59:30.050+0000] {processor.py:153} INFO - Started process (PID=860) to work on /home/airflow/.local/lib/python3.7/site-packages/airflow/example_dags/example_branch_operator_decorator.py
[2023-01-10T10:59:30.051+0000] {processor.py:743} INFO - Processing file /home/airflow/.local/lib/python3.7/site-packages/airflow/example_dags/example_branch_operator_decorator.py for tasks to queue
[2023-01-10T10:59:30.051+0000] {logging_mixin.py:137} INFO - [2023-01-10T10:59:30.051+0000] {dagbag.py:538} INFO - Filling up the DagBag from /home/airflow/.local/lib/python3.7/site-packages/airflow/example_dags/example_branch_operator_decorator.py
[2023-01-10T10:59:30.071+0000] {processor.py:753} INFO - DAG(s) dict_keys(['example_branch_python_operator_decorator']) retrieved from /home/airflow/.local/lib/python3.7/site-packages/airflow/example_dags/example_branch_operator_decorator.py
[2023-01-10T10:59:30.101+0000] {logging_mixin.py:137} INFO - [2023-01-10T10:59:30.101+0000] {dag.py:2676} INFO - Sync 1 DAGs
[2023-01-10T10:59:30.123+0000] {logging_mixin.py:137} INFO - [2023-01-10T10:59:30.123+0000] {dag.py:3427} INFO - Setting next_dagrun for example_branch_python_operator_decorator to 2023-01-09T00:00:00+00:00, run_after=2023-01-10T00:00:00+00:00
[2023-01-10T10:59:30.136+0000] {processor.py:175} INFO - Processing /home/airflow/.local/lib/python3.7/site-packages/airflow/example_dags/example_branch_operator_decorator.py took 0.089 seconds
[2023-01-10T11:00:00.204+0000] {processor.py:153} INFO - Started process (PID=947) to work on /home/airflow/.local/lib/python3.7/site-packages/airflow/example_dags/example_branch_operator_decorator.py
[2023-01-10T11:00:00.205+0000] {processor.py:743} INFO - Processing file /home/airflow/.local/lib/python3.7/site-packages/airflow/example_dags/example_branch_operator_decorator.py for tasks to queue
[2023-01-10T11:00:00.205+0000] {logging_mixin.py:137} INFO - [2023-01-10T11:00:00.205+0000] {dagbag.py:538} INFO - Filling up the DagBag from /home/airflow/.local/lib/python3.7/site-packages/airflow/example_dags/example_branch_operator_decorator.py
[2023-01-10T11:00:00.226+0000] {processor.py:753} INFO - DAG(s) dict_keys(['example_branch_python_operator_decorator']) retrieved from /home/airflow/.local/lib/python3.7/site-packages/airflow/example_dags/example_branch_operator_decorator.py
[2023-01-10T11:00:00.259+0000] {logging_mixin.py:137} INFO - [2023-01-10T11:00:00.259+0000] {dag.py:2676} INFO - Sync 1 DAGs
[2023-01-10T11:00:00.282+0000] {logging_mixin.py:137} INFO - [2023-01-10T11:00:00.282+0000] {dag.py:3427} INFO - Setting next_dagrun for example_branch_python_operator_decorator to 2023-01-09T00:00:00+00:00, run_after=2023-01-10T00:00:00+00:00
[2023-01-10T11:00:00.300+0000] {processor.py:175} INFO - Processing /home/airflow/.local/lib/python3.7/site-packages/airflow/example_dags/example_branch_operator_decorator.py took 0.098 seconds
[2023-01-10T11:00:30.410+0000] {processor.py:153} INFO - Started process (PID=1017) to work on /home/airflow/.local/lib/python3.7/site-packages/airflow/example_dags/example_branch_operator_decorator.py
[2023-01-10T11:00:30.411+0000] {processor.py:743} INFO - Processing file /home/airflow/.local/lib/python3.7/site-packages/airflow/example_dags/example_branch_operator_decorator.py for tasks to queue
[2023-01-10T11:00:30.412+0000] {logging_mixin.py:137} INFO - [2023-01-10T11:00:30.412+0000] {dagbag.py:538} INFO - Filling up the DagBag from /home/airflow/.local/lib/python3.7/site-packages/airflow/example_dags/example_branch_operator_decorator.py
[2023-01-10T11:00:30.436+0000] {processor.py:753} INFO - DAG(s) dict_keys(['example_branch_python_operator_decorator']) retrieved from /home/airflow/.local/lib/python3.7/site-packages/airflow/example_dags/example_branch_operator_decorator.py
[2023-01-10T11:00:30.468+0000] {logging_mixin.py:137} INFO - [2023-01-10T11:00:30.467+0000] {dag.py:2676} INFO - Sync 1 DAGs
[2023-01-10T11:00:30.489+0000] {logging_mixin.py:137} INFO - [2023-01-10T11:00:30.489+0000] {dag.py:3427} INFO - Setting next_dagrun for example_branch_python_operator_decorator to 2023-01-09T00:00:00+00:00, run_after=2023-01-10T00:00:00+00:00
[2023-01-10T11:00:30.508+0000] {processor.py:175} INFO - Processing /home/airflow/.local/lib/python3.7/site-packages/airflow/example_dags/example_branch_operator_decorator.py took 0.100 seconds
[2023-01-10T11:01:00.604+0000] {processor.py:153} INFO - Started process (PID=1103) to work on /home/airflow/.local/lib/python3.7/site-packages/airflow/example_dags/example_branch_operator_decorator.py
[2023-01-10T11:01:00.604+0000] {processor.py:743} INFO - Processing file /home/airflow/.local/lib/python3.7/site-packages/airflow/example_dags/example_branch_operator_decorator.py for tasks to queue
[2023-01-10T11:01:00.605+0000] {logging_mixin.py:137} INFO - [2023-01-10T11:01:00.605+0000] {dagbag.py:538} INFO - Filling up the DagBag from /home/airflow/.local/lib/python3.7/site-packages/airflow/example_dags/example_branch_operator_decorator.py
[2023-01-10T11:01:00.634+0000] {processor.py:753} INFO - DAG(s) dict_keys(['example_branch_python_operator_decorator']) retrieved from /home/airflow/.local/lib/python3.7/site-packages/airflow/example_dags/example_branch_operator_decorator.py
[2023-01-10T11:01:00.669+0000] {logging_mixin.py:137} INFO - [2023-01-10T11:01:00.669+0000] {dag.py:2676} INFO - Sync 1 DAGs
[2023-01-10T11:01:00.692+0000] {logging_mixin.py:137} INFO - [2023-01-10T11:01:00.692+0000] {dag.py:3427} INFO - Setting next_dagrun for example_branch_python_operator_decorator to 2023-01-09T00:00:00+00:00, run_after=2023-01-10T00:00:00+00:00
[2023-01-10T11:01:00.705+0000] {processor.py:175} INFO - Processing /home/airflow/.local/lib/python3.7/site-packages/airflow/example_dags/example_branch_operator_decorator.py took 0.105 seconds
[2023-01-10T11:01:30.787+0000] {processor.py:153} INFO - Started process (PID=1173) to work on /home/airflow/.local/lib/python3.7/site-packages/airflow/example_dags/example_branch_operator_decorator.py
[2023-01-10T11:01:30.787+0000] {processor.py:743} INFO - Processing file /home/airflow/.local/lib/python3.7/site-packages/airflow/example_dags/example_branch_operator_decorator.py for tasks to queue
[2023-01-10T11:01:30.788+0000] {logging_mixin.py:137} INFO - [2023-01-10T11:01:30.787+0000] {dagbag.py:538} INFO - Filling up the DagBag from /home/airflow/.local/lib/python3.7/site-packages/airflow/example_dags/example_branch_operator_decorator.py
[2023-01-10T11:01:30.805+0000] {processor.py:753} INFO - DAG(s) dict_keys(['example_branch_python_operator_decorator']) retrieved from /home/airflow/.local/lib/python3.7/site-packages/airflow/example_dags/example_branch_operator_decorator.py
[2023-01-10T11:01:30.839+0000] {logging_mixin.py:137} INFO - [2023-01-10T11:01:30.839+0000] {dag.py:2676} INFO - Sync 1 DAGs
[2023-01-10T11:01:30.865+0000] {logging_mixin.py:137} INFO - [2023-01-10T11:01:30.865+0000] {dag.py:3427} INFO - Setting next_dagrun for example_branch_python_operator_decorator to 2023-01-09T00:00:00+00:00, run_after=2023-01-10T00:00:00+00:00
[2023-01-10T11:01:30.879+0000] {processor.py:175} INFO - Processing /home/airflow/.local/lib/python3.7/site-packages/airflow/example_dags/example_branch_operator_decorator.py took 0.095 seconds
[2023-01-10T11:02:01.129+0000] {processor.py:153} INFO - Started process (PID=1260) to work on /home/airflow/.local/lib/python3.7/site-packages/airflow/example_dags/example_branch_operator_decorator.py
[2023-01-10T11:02:01.130+0000] {processor.py:743} INFO - Processing file /home/airflow/.local/lib/python3.7/site-packages/airflow/example_dags/example_branch_operator_decorator.py for tasks to queue
[2023-01-10T11:02:01.130+0000] {logging_mixin.py:137} INFO - [2023-01-10T11:02:01.130+0000] {dagbag.py:538} INFO - Filling up the DagBag from /home/airflow/.local/lib/python3.7/site-packages/airflow/example_dags/example_branch_operator_decorator.py
[2023-01-10T11:02:01.150+0000] {processor.py:753} INFO - DAG(s) dict_keys(['example_branch_python_operator_decorator']) retrieved from /home/airflow/.local/lib/python3.7/site-packages/airflow/example_dags/example_branch_operator_decorator.py
[2023-01-10T11:02:01.179+0000] {logging_mixin.py:137} INFO - [2023-01-10T11:02:01.179+0000] {dag.py:2676} INFO - Sync 1 DAGs
[2023-01-10T11:02:01.200+0000] {logging_mixin.py:137} INFO - [2023-01-10T11:02:01.200+0000] {dag.py:3427} INFO - Setting next_dagrun for example_branch_python_operator_decorator to 2023-01-09T00:00:00+00:00, run_after=2023-01-10T00:00:00+00:00
[2023-01-10T11:02:01.214+0000] {processor.py:175} INFO - Processing /home/airflow/.local/lib/python3.7/site-packages/airflow/example_dags/example_branch_operator_decorator.py took 0.088 seconds
[2023-01-10T11:02:32.180+0000] {processor.py:153} INFO - Started process (PID=1330) to work on /home/airflow/.local/lib/python3.7/site-packages/airflow/example_dags/example_branch_operator_decorator.py
[2023-01-10T11:02:32.180+0000] {processor.py:743} INFO - Processing file /home/airflow/.local/lib/python3.7/site-packages/airflow/example_dags/example_branch_operator_decorator.py for tasks to queue
[2023-01-10T11:02:32.181+0000] {logging_mixin.py:137} INFO - [2023-01-10T11:02:32.181+0000] {dagbag.py:538} INFO - Filling up the DagBag from /home/airflow/.local/lib/python3.7/site-packages/airflow/example_dags/example_branch_operator_decorator.py
[2023-01-10T11:02:32.202+0000] {processor.py:753} INFO - DAG(s) dict_keys(['example_branch_python_operator_decorator']) retrieved from /home/airflow/.local/lib/python3.7/site-packages/airflow/example_dags/example_branch_operator_decorator.py
[2023-01-10T11:02:32.231+0000] {logging_mixin.py:137} INFO - [2023-01-10T11:02:32.231+0000] {dag.py:2676} INFO - Sync 1 DAGs
[2023-01-10T11:02:32.255+0000] {logging_mixin.py:137} INFO - [2023-01-10T11:02:32.255+0000] {dag.py:3427} INFO - Setting next_dagrun for example_branch_python_operator_decorator to 2023-01-09T00:00:00+00:00, run_after=2023-01-10T00:00:00+00:00
[2023-01-10T11:02:32.270+0000] {processor.py:175} INFO - Processing /home/airflow/.local/lib/python3.7/site-packages/airflow/example_dags/example_branch_operator_decorator.py took 0.092 seconds
[2023-01-10T11:03:02.372+0000] {processor.py:153} INFO - Started process (PID=1416) to work on /home/airflow/.local/lib/python3.7/site-packages/airflow/example_dags/example_branch_operator_decorator.py
[2023-01-10T11:03:02.372+0000] {processor.py:743} INFO - Processing file /home/airflow/.local/lib/python3.7/site-packages/airflow/example_dags/example_branch_operator_decorator.py for tasks to queue
[2023-01-10T11:03:02.372+0000] {logging_mixin.py:137} INFO - [2023-01-10T11:03:02.372+0000] {dagbag.py:538} INFO - Filling up the DagBag from /home/airflow/.local/lib/python3.7/site-packages/airflow/example_dags/example_branch_operator_decorator.py
[2023-01-10T11:03:02.394+0000] {processor.py:753} INFO - DAG(s) dict_keys(['example_branch_python_operator_decorator']) retrieved from /home/airflow/.local/lib/python3.7/site-packages/airflow/example_dags/example_branch_operator_decorator.py
[2023-01-10T11:03:02.429+0000] {logging_mixin.py:137} INFO - [2023-01-10T11:03:02.429+0000] {dag.py:2676} INFO - Sync 1 DAGs
[2023-01-10T11:03:02.451+0000] {logging_mixin.py:137} INFO - [2023-01-10T11:03:02.451+0000] {dag.py:3427} INFO - Setting next_dagrun for example_branch_python_operator_decorator to 2023-01-09T00:00:00+00:00, run_after=2023-01-10T00:00:00+00:00
[2023-01-10T11:03:02.467+0000] {processor.py:175} INFO - Processing /home/airflow/.local/lib/python3.7/site-packages/airflow/example_dags/example_branch_operator_decorator.py took 0.098 seconds
[2023-01-10T11:03:33.366+0000] {processor.py:153} INFO - Started process (PID=1487) to work on /home/airflow/.local/lib/python3.7/site-packages/airflow/example_dags/example_branch_operator_decorator.py
[2023-01-10T11:03:33.367+0000] {processor.py:743} INFO - Processing file /home/airflow/.local/lib/python3.7/site-packages/airflow/example_dags/example_branch_operator_decorator.py for tasks to queue
[2023-01-10T11:03:33.368+0000] {logging_mixin.py:137} INFO - [2023-01-10T11:03:33.368+0000] {dagbag.py:538} INFO - Filling up the DagBag from /home/airflow/.local/lib/python3.7/site-packages/airflow/example_dags/example_branch_operator_decorator.py
[2023-01-10T11:03:33.399+0000] {processor.py:753} INFO - DAG(s) dict_keys(['example_branch_python_operator_decorator']) retrieved from /home/airflow/.local/lib/python3.7/site-packages/airflow/example_dags/example_branch_operator_decorator.py
[2023-01-10T11:03:33.444+0000] {logging_mixin.py:137} INFO - [2023-01-10T11:03:33.444+0000] {dag.py:2676} INFO - Sync 1 DAGs
[2023-01-10T11:03:33.478+0000] {logging_mixin.py:137} INFO - [2023-01-10T11:03:33.477+0000] {dag.py:3427} INFO - Setting next_dagrun for example_branch_python_operator_decorator to 2023-01-09T00:00:00+00:00, run_after=2023-01-10T00:00:00+00:00
[2023-01-10T11:03:33.507+0000] {processor.py:175} INFO - Processing /home/airflow/.local/lib/python3.7/site-packages/airflow/example_dags/example_branch_operator_decorator.py took 0.143 seconds
[2023-01-10T11:04:03.771+0000] {processor.py:153} INFO - Started process (PID=1573) to work on /home/airflow/.local/lib/python3.7/site-packages/airflow/example_dags/example_branch_operator_decorator.py
[2023-01-10T11:04:03.771+0000] {processor.py:743} INFO - Processing file /home/airflow/.local/lib/python3.7/site-packages/airflow/example_dags/example_branch_operator_decorator.py for tasks to queue
[2023-01-10T11:04:03.772+0000] {logging_mixin.py:137} INFO - [2023-01-10T11:04:03.772+0000] {dagbag.py:538} INFO - Filling up the DagBag from /home/airflow/.local/lib/python3.7/site-packages/airflow/example_dags/example_branch_operator_decorator.py
[2023-01-10T11:04:03.795+0000] {processor.py:753} INFO - DAG(s) dict_keys(['example_branch_python_operator_decorator']) retrieved from /home/airflow/.local/lib/python3.7/site-packages/airflow/example_dags/example_branch_operator_decorator.py
[2023-01-10T11:04:03.822+0000] {logging_mixin.py:137} INFO - [2023-01-10T11:04:03.822+0000] {dag.py:2676} INFO - Sync 1 DAGs
[2023-01-10T11:04:03.845+0000] {logging_mixin.py:137} INFO - [2023-01-10T11:04:03.844+0000] {dag.py:3427} INFO - Setting next_dagrun for example_branch_python_operator_decorator to 2023-01-09T00:00:00+00:00, run_after=2023-01-10T00:00:00+00:00
[2023-01-10T11:04:03.860+0000] {processor.py:175} INFO - Processing /home/airflow/.local/lib/python3.7/site-packages/airflow/example_dags/example_branch_operator_decorator.py took 0.091 seconds
[2023-01-10T11:04:34.787+0000] {processor.py:153} INFO - Started process (PID=1643) to work on /home/airflow/.local/lib/python3.7/site-packages/airflow/example_dags/example_branch_operator_decorator.py
[2023-01-10T11:04:34.788+0000] {processor.py:743} INFO - Processing file /home/airflow/.local/lib/python3.7/site-packages/airflow/example_dags/example_branch_operator_decorator.py for tasks to queue
[2023-01-10T11:04:34.788+0000] {logging_mixin.py:137} INFO - [2023-01-10T11:04:34.788+0000] {dagbag.py:538} INFO - Filling up the DagBag from /home/airflow/.local/lib/python3.7/site-packages/airflow/example_dags/example_branch_operator_decorator.py
[2023-01-10T11:04:34.808+0000] {processor.py:753} INFO - DAG(s) dict_keys(['example_branch_python_operator_decorator']) retrieved from /home/airflow/.local/lib/python3.7/site-packages/airflow/example_dags/example_branch_operator_decorator.py
[2023-01-10T11:04:34.839+0000] {logging_mixin.py:137} INFO - [2023-01-10T11:04:34.839+0000] {dag.py:2676} INFO - Sync 1 DAGs
[2023-01-10T11:04:34.869+0000] {logging_mixin.py:137} INFO - [2023-01-10T11:04:34.869+0000] {dag.py:3427} INFO - Setting next_dagrun for example_branch_python_operator_decorator to 2023-01-09T00:00:00+00:00, run_after=2023-01-10T00:00:00+00:00
[2023-01-10T11:04:34.884+0000] {processor.py:175} INFO - Processing /home/airflow/.local/lib/python3.7/site-packages/airflow/example_dags/example_branch_operator_decorator.py took 0.100 seconds
[2023-01-10T11:05:04.904+0000] {processor.py:153} INFO - Started process (PID=1728) to work on /home/airflow/.local/lib/python3.7/site-packages/airflow/example_dags/example_branch_operator_decorator.py
[2023-01-10T11:05:04.905+0000] {processor.py:743} INFO - Processing file /home/airflow/.local/lib/python3.7/site-packages/airflow/example_dags/example_branch_operator_decorator.py for tasks to queue
[2023-01-10T11:05:04.905+0000] {logging_mixin.py:137} INFO - [2023-01-10T11:05:04.905+0000] {dagbag.py:538} INFO - Filling up the DagBag from /home/airflow/.local/lib/python3.7/site-packages/airflow/example_dags/example_branch_operator_decorator.py
[2023-01-10T11:05:04.924+0000] {processor.py:753} INFO - DAG(s) dict_keys(['example_branch_python_operator_decorator']) retrieved from /home/airflow/.local/lib/python3.7/site-packages/airflow/example_dags/example_branch_operator_decorator.py
[2023-01-10T11:05:04.951+0000] {logging_mixin.py:137} INFO - [2023-01-10T11:05:04.951+0000] {dag.py:2676} INFO - Sync 1 DAGs
[2023-01-10T11:05:04.970+0000] {logging_mixin.py:137} INFO - [2023-01-10T11:05:04.970+0000] {dag.py:3427} INFO - Setting next_dagrun for example_branch_python_operator_decorator to 2023-01-09T00:00:00+00:00, run_after=2023-01-10T00:00:00+00:00
[2023-01-10T11:05:04.984+0000] {processor.py:175} INFO - Processing /home/airflow/.local/lib/python3.7/site-packages/airflow/example_dags/example_branch_operator_decorator.py took 0.081 seconds
[2023-01-10T11:05:35.086+0000] {processor.py:153} INFO - Started process (PID=1814) to work on /home/airflow/.local/lib/python3.7/site-packages/airflow/example_dags/example_branch_operator_decorator.py
[2023-01-10T11:05:35.087+0000] {processor.py:743} INFO - Processing file /home/airflow/.local/lib/python3.7/site-packages/airflow/example_dags/example_branch_operator_decorator.py for tasks to queue
[2023-01-10T11:05:35.087+0000] {logging_mixin.py:137} INFO - [2023-01-10T11:05:35.087+0000] {dagbag.py:538} INFO - Filling up the DagBag from /home/airflow/.local/lib/python3.7/site-packages/airflow/example_dags/example_branch_operator_decorator.py
[2023-01-10T11:05:35.106+0000] {processor.py:753} INFO - DAG(s) dict_keys(['example_branch_python_operator_decorator']) retrieved from /home/airflow/.local/lib/python3.7/site-packages/airflow/example_dags/example_branch_operator_decorator.py
[2023-01-10T11:05:35.137+0000] {logging_mixin.py:137} INFO - [2023-01-10T11:05:35.137+0000] {dag.py:2676} INFO - Sync 1 DAGs
[2023-01-10T11:05:35.161+0000] {logging_mixin.py:137} INFO - [2023-01-10T11:05:35.161+0000] {dag.py:3427} INFO - Setting next_dagrun for example_branch_python_operator_decorator to 2023-01-09T00:00:00+00:00, run_after=2023-01-10T00:00:00+00:00
[2023-01-10T11:05:35.179+0000] {processor.py:175} INFO - Processing /home/airflow/.local/lib/python3.7/site-packages/airflow/example_dags/example_branch_operator_decorator.py took 0.095 seconds
[2023-01-10T11:06:05.212+0000] {processor.py:153} INFO - Started process (PID=1884) to work on /home/airflow/.local/lib/python3.7/site-packages/airflow/example_dags/example_branch_operator_decorator.py
[2023-01-10T11:06:05.213+0000] {processor.py:743} INFO - Processing file /home/airflow/.local/lib/python3.7/site-packages/airflow/example_dags/example_branch_operator_decorator.py for tasks to queue
[2023-01-10T11:06:05.213+0000] {logging_mixin.py:137} INFO - [2023-01-10T11:06:05.213+0000] {dagbag.py:538} INFO - Filling up the DagBag from /home/airflow/.local/lib/python3.7/site-packages/airflow/example_dags/example_branch_operator_decorator.py
[2023-01-10T11:06:05.234+0000] {processor.py:753} INFO - DAG(s) dict_keys(['example_branch_python_operator_decorator']) retrieved from /home/airflow/.local/lib/python3.7/site-packages/airflow/example_dags/example_branch_operator_decorator.py
[2023-01-10T11:06:05.265+0000] {logging_mixin.py:137} INFO - [2023-01-10T11:06:05.265+0000] {dag.py:2676} INFO - Sync 1 DAGs
[2023-01-10T11:06:05.285+0000] {logging_mixin.py:137} INFO - [2023-01-10T11:06:05.285+0000] {dag.py:3427} INFO - Setting next_dagrun for example_branch_python_operator_decorator to 2023-01-09T00:00:00+00:00, run_after=2023-01-10T00:00:00+00:00
[2023-01-10T11:06:05.300+0000] {processor.py:175} INFO - Processing /home/airflow/.local/lib/python3.7/site-packages/airflow/example_dags/example_branch_operator_decorator.py took 0.091 seconds
[2023-01-10T11:06:35.740+0000] {processor.py:153} INFO - Started process (PID=1971) to work on /home/airflow/.local/lib/python3.7/site-packages/airflow/example_dags/example_branch_operator_decorator.py
[2023-01-10T11:06:35.741+0000] {processor.py:743} INFO - Processing file /home/airflow/.local/lib/python3.7/site-packages/airflow/example_dags/example_branch_operator_decorator.py for tasks to queue
[2023-01-10T11:06:35.742+0000] {logging_mixin.py:137} INFO - [2023-01-10T11:06:35.742+0000] {dagbag.py:538} INFO - Filling up the DagBag from /home/airflow/.local/lib/python3.7/site-packages/airflow/example_dags/example_branch_operator_decorator.py
[2023-01-10T11:06:35.766+0000] {processor.py:753} INFO - DAG(s) dict_keys(['example_branch_python_operator_decorator']) retrieved from /home/airflow/.local/lib/python3.7/site-packages/airflow/example_dags/example_branch_operator_decorator.py
[2023-01-10T11:06:35.807+0000] {logging_mixin.py:137} INFO - [2023-01-10T11:06:35.806+0000] {dag.py:2676} INFO - Sync 1 DAGs
[2023-01-10T11:06:35.845+0000] {logging_mixin.py:137} INFO - [2023-01-10T11:06:35.844+0000] {dag.py:3427} INFO - Setting next_dagrun for example_branch_python_operator_decorator to 2023-01-09T00:00:00+00:00, run_after=2023-01-10T00:00:00+00:00
[2023-01-10T11:06:35.866+0000] {processor.py:175} INFO - Processing /home/airflow/.local/lib/python3.7/site-packages/airflow/example_dags/example_branch_operator_decorator.py took 0.130 seconds
[2023-01-10T11:07:05.931+0000] {processor.py:153} INFO - Started process (PID=2041) to work on /home/airflow/.local/lib/python3.7/site-packages/airflow/example_dags/example_branch_operator_decorator.py
[2023-01-10T11:07:05.931+0000] {processor.py:743} INFO - Processing file /home/airflow/.local/lib/python3.7/site-packages/airflow/example_dags/example_branch_operator_decorator.py for tasks to queue
[2023-01-10T11:07:05.932+0000] {logging_mixin.py:137} INFO - [2023-01-10T11:07:05.932+0000] {dagbag.py:538} INFO - Filling up the DagBag from /home/airflow/.local/lib/python3.7/site-packages/airflow/example_dags/example_branch_operator_decorator.py
[2023-01-10T11:07:05.949+0000] {processor.py:753} INFO - DAG(s) dict_keys(['example_branch_python_operator_decorator']) retrieved from /home/airflow/.local/lib/python3.7/site-packages/airflow/example_dags/example_branch_operator_decorator.py
[2023-01-10T11:07:05.979+0000] {logging_mixin.py:137} INFO - [2023-01-10T11:07:05.979+0000] {dag.py:2676} INFO - Sync 1 DAGs
[2023-01-10T11:07:06.000+0000] {logging_mixin.py:137} INFO - [2023-01-10T11:07:06.000+0000] {dag.py:3427} INFO - Setting next_dagrun for example_branch_python_operator_decorator to 2023-01-09T00:00:00+00:00, run_after=2023-01-10T00:00:00+00:00
[2023-01-10T11:07:06.017+0000] {processor.py:175} INFO - Processing /home/airflow/.local/lib/python3.7/site-packages/airflow/example_dags/example_branch_operator_decorator.py took 0.089 seconds
[2023-01-10T11:07:36.316+0000] {processor.py:153} INFO - Started process (PID=2127) to work on /home/airflow/.local/lib/python3.7/site-packages/airflow/example_dags/example_branch_operator_decorator.py
[2023-01-10T11:07:36.316+0000] {processor.py:743} INFO - Processing file /home/airflow/.local/lib/python3.7/site-packages/airflow/example_dags/example_branch_operator_decorator.py for tasks to queue
[2023-01-10T11:07:36.317+0000] {logging_mixin.py:137} INFO - [2023-01-10T11:07:36.317+0000] {dagbag.py:538} INFO - Filling up the DagBag from /home/airflow/.local/lib/python3.7/site-packages/airflow/example_dags/example_branch_operator_decorator.py
[2023-01-10T11:07:36.337+0000] {processor.py:753} INFO - DAG(s) dict_keys(['example_branch_python_operator_decorator']) retrieved from /home/airflow/.local/lib/python3.7/site-packages/airflow/example_dags/example_branch_operator_decorator.py
[2023-01-10T11:07:36.364+0000] {logging_mixin.py:137} INFO - [2023-01-10T11:07:36.364+0000] {dag.py:2676} INFO - Sync 1 DAGs
[2023-01-10T11:07:36.385+0000] {logging_mixin.py:137} INFO - [2023-01-10T11:07:36.385+0000] {dag.py:3427} INFO - Setting next_dagrun for example_branch_python_operator_decorator to 2023-01-09T00:00:00+00:00, run_after=2023-01-10T00:00:00+00:00
[2023-01-10T11:07:36.398+0000] {processor.py:175} INFO - Processing /home/airflow/.local/lib/python3.7/site-packages/airflow/example_dags/example_branch_operator_decorator.py took 0.084 seconds
[2023-01-10T11:08:06.539+0000] {processor.py:153} INFO - Started process (PID=2197) to work on /home/airflow/.local/lib/python3.7/site-packages/airflow/example_dags/example_branch_operator_decorator.py
[2023-01-10T11:08:06.540+0000] {processor.py:743} INFO - Processing file /home/airflow/.local/lib/python3.7/site-packages/airflow/example_dags/example_branch_operator_decorator.py for tasks to queue
[2023-01-10T11:08:06.540+0000] {logging_mixin.py:137} INFO - [2023-01-10T11:08:06.540+0000] {dagbag.py:538} INFO - Filling up the DagBag from /home/airflow/.local/lib/python3.7/site-packages/airflow/example_dags/example_branch_operator_decorator.py
[2023-01-10T11:08:06.560+0000] {processor.py:753} INFO - DAG(s) dict_keys(['example_branch_python_operator_decorator']) retrieved from /home/airflow/.local/lib/python3.7/site-packages/airflow/example_dags/example_branch_operator_decorator.py
[2023-01-10T11:08:06.587+0000] {logging_mixin.py:137} INFO - [2023-01-10T11:08:06.587+0000] {dag.py:2676} INFO - Sync 1 DAGs
[2023-01-10T11:08:06.608+0000] {logging_mixin.py:137} INFO - [2023-01-10T11:08:06.608+0000] {dag.py:3427} INFO - Setting next_dagrun for example_branch_python_operator_decorator to 2023-01-09T00:00:00+00:00, run_after=2023-01-10T00:00:00+00:00
[2023-01-10T11:08:06.623+0000] {processor.py:175} INFO - Processing /home/airflow/.local/lib/python3.7/site-packages/airflow/example_dags/example_branch_operator_decorator.py took 0.086 seconds
[2023-01-10T11:08:36.682+0000] {processor.py:153} INFO - Started process (PID=2283) to work on /home/airflow/.local/lib/python3.7/site-packages/airflow/example_dags/example_branch_operator_decorator.py
[2023-01-10T11:08:36.682+0000] {processor.py:743} INFO - Processing file /home/airflow/.local/lib/python3.7/site-packages/airflow/example_dags/example_branch_operator_decorator.py for tasks to queue
[2023-01-10T11:08:36.683+0000] {logging_mixin.py:137} INFO - [2023-01-10T11:08:36.682+0000] {dagbag.py:538} INFO - Filling up the DagBag from /home/airflow/.local/lib/python3.7/site-packages/airflow/example_dags/example_branch_operator_decorator.py
[2023-01-10T11:08:36.702+0000] {processor.py:753} INFO - DAG(s) dict_keys(['example_branch_python_operator_decorator']) retrieved from /home/airflow/.local/lib/python3.7/site-packages/airflow/example_dags/example_branch_operator_decorator.py
[2023-01-10T11:08:36.731+0000] {logging_mixin.py:137} INFO - [2023-01-10T11:08:36.731+0000] {dag.py:2676} INFO - Sync 1 DAGs
[2023-01-10T11:08:36.754+0000] {logging_mixin.py:137} INFO - [2023-01-10T11:08:36.754+0000] {dag.py:3427} INFO - Setting next_dagrun for example_branch_python_operator_decorator to 2023-01-09T00:00:00+00:00, run_after=2023-01-10T00:00:00+00:00
[2023-01-10T11:08:36.769+0000] {processor.py:175} INFO - Processing /home/airflow/.local/lib/python3.7/site-packages/airflow/example_dags/example_branch_operator_decorator.py took 0.090 seconds
[2023-01-10T11:09:06.900+0000] {processor.py:153} INFO - Started process (PID=2353) to work on /home/airflow/.local/lib/python3.7/site-packages/airflow/example_dags/example_branch_operator_decorator.py
[2023-01-10T11:09:06.901+0000] {processor.py:743} INFO - Processing file /home/airflow/.local/lib/python3.7/site-packages/airflow/example_dags/example_branch_operator_decorator.py for tasks to queue
[2023-01-10T11:09:06.901+0000] {logging_mixin.py:137} INFO - [2023-01-10T11:09:06.901+0000] {dagbag.py:538} INFO - Filling up the DagBag from /home/airflow/.local/lib/python3.7/site-packages/airflow/example_dags/example_branch_operator_decorator.py
[2023-01-10T11:09:06.922+0000] {processor.py:753} INFO - DAG(s) dict_keys(['example_branch_python_operator_decorator']) retrieved from /home/airflow/.local/lib/python3.7/site-packages/airflow/example_dags/example_branch_operator_decorator.py
[2023-01-10T11:09:06.952+0000] {logging_mixin.py:137} INFO - [2023-01-10T11:09:06.952+0000] {dag.py:2676} INFO - Sync 1 DAGs
[2023-01-10T11:09:06.972+0000] {logging_mixin.py:137} INFO - [2023-01-10T11:09:06.972+0000] {dag.py:3427} INFO - Setting next_dagrun for example_branch_python_operator_decorator to 2023-01-09T00:00:00+00:00, run_after=2023-01-10T00:00:00+00:00
[2023-01-10T11:09:06.986+0000] {processor.py:175} INFO - Processing /home/airflow/.local/lib/python3.7/site-packages/airflow/example_dags/example_branch_operator_decorator.py took 0.089 seconds
[2023-01-10T11:09:37.329+0000] {processor.py:153} INFO - Started process (PID=2438) to work on /home/airflow/.local/lib/python3.7/site-packages/airflow/example_dags/example_branch_operator_decorator.py
[2023-01-10T11:09:37.329+0000] {processor.py:743} INFO - Processing file /home/airflow/.local/lib/python3.7/site-packages/airflow/example_dags/example_branch_operator_decorator.py for tasks to queue
[2023-01-10T11:09:37.330+0000] {logging_mixin.py:137} INFO - [2023-01-10T11:09:37.330+0000] {dagbag.py:538} INFO - Filling up the DagBag from /home/airflow/.local/lib/python3.7/site-packages/airflow/example_dags/example_branch_operator_decorator.py
[2023-01-10T11:09:37.348+0000] {processor.py:753} INFO - DAG(s) dict_keys(['example_branch_python_operator_decorator']) retrieved from /home/airflow/.local/lib/python3.7/site-packages/airflow/example_dags/example_branch_operator_decorator.py
[2023-01-10T11:09:37.377+0000] {logging_mixin.py:137} INFO - [2023-01-10T11:09:37.377+0000] {dag.py:2676} INFO - Sync 1 DAGs
[2023-01-10T11:09:37.398+0000] {logging_mixin.py:137} INFO - [2023-01-10T11:09:37.398+0000] {dag.py:3427} INFO - Setting next_dagrun for example_branch_python_operator_decorator to 2023-01-09T00:00:00+00:00, run_after=2023-01-10T00:00:00+00:00
[2023-01-10T11:09:37.412+0000] {processor.py:175} INFO - Processing /home/airflow/.local/lib/python3.7/site-packages/airflow/example_dags/example_branch_operator_decorator.py took 0.085 seconds
[2023-01-10T11:10:08.289+0000] {processor.py:153} INFO - Started process (PID=2508) to work on /home/airflow/.local/lib/python3.7/site-packages/airflow/example_dags/example_branch_operator_decorator.py
[2023-01-10T11:10:08.290+0000] {processor.py:743} INFO - Processing file /home/airflow/.local/lib/python3.7/site-packages/airflow/example_dags/example_branch_operator_decorator.py for tasks to queue
[2023-01-10T11:10:08.290+0000] {logging_mixin.py:137} INFO - [2023-01-10T11:10:08.290+0000] {dagbag.py:538} INFO - Filling up the DagBag from /home/airflow/.local/lib/python3.7/site-packages/airflow/example_dags/example_branch_operator_decorator.py
[2023-01-10T11:10:08.308+0000] {processor.py:753} INFO - DAG(s) dict_keys(['example_branch_python_operator_decorator']) retrieved from /home/airflow/.local/lib/python3.7/site-packages/airflow/example_dags/example_branch_operator_decorator.py
[2023-01-10T11:10:08.337+0000] {logging_mixin.py:137} INFO - [2023-01-10T11:10:08.337+0000] {dag.py:2676} INFO - Sync 1 DAGs
[2023-01-10T11:10:08.359+0000] {logging_mixin.py:137} INFO - [2023-01-10T11:10:08.359+0000] {dag.py:3427} INFO - Setting next_dagrun for example_branch_python_operator_decorator to 2023-01-09T00:00:00+00:00, run_after=2023-01-10T00:00:00+00:00
[2023-01-10T11:10:08.375+0000] {processor.py:175} INFO - Processing /home/airflow/.local/lib/python3.7/site-packages/airflow/example_dags/example_branch_operator_decorator.py took 0.088 seconds
