[2023-01-10T10:54:22.500+0000] {processor.py:153} INFO - Started process (PID=70) to work on /home/airflow/.local/lib/python3.7/site-packages/airflow/example_dags/example_branch_python_dop_operator_3.py
[2023-01-10T10:54:22.500+0000] {processor.py:743} INFO - Processing file /home/airflow/.local/lib/python3.7/site-packages/airflow/example_dags/example_branch_python_dop_operator_3.py for tasks to queue
[2023-01-10T10:54:22.501+0000] {logging_mixin.py:137} INFO - [2023-01-10T10:54:22.501+0000] {dagbag.py:538} INFO - Filling up the DagBag from /home/airflow/.local/lib/python3.7/site-packages/airflow/example_dags/example_branch_python_dop_operator_3.py
[2023-01-10T10:54:22.525+0000] {processor.py:753} INFO - DAG(s) dict_keys(['example_branch_dop_operator_v3']) retrieved from /home/airflow/.local/lib/python3.7/site-packages/airflow/example_dags/example_branch_python_dop_operator_3.py
[2023-01-10T10:54:22.628+0000] {logging_mixin.py:137} INFO - [2023-01-10T10:54:22.628+0000] {manager.py:504} INFO - Created Permission View: can delete on DAG:example_branch_dop_operator_v3
[2023-01-10T10:54:22.637+0000] {logging_mixin.py:137} INFO - [2023-01-10T10:54:22.637+0000] {manager.py:504} INFO - Created Permission View: can read on DAG:example_branch_dop_operator_v3
[2023-01-10T10:54:22.642+0000] {logging_mixin.py:137} INFO - [2023-01-10T10:54:22.642+0000] {manager.py:504} INFO - Created Permission View: can edit on DAG:example_branch_dop_operator_v3
[2023-01-10T10:54:22.642+0000] {logging_mixin.py:137} INFO - [2023-01-10T10:54:22.642+0000] {dag.py:2676} INFO - Sync 1 DAGs
[2023-01-10T10:54:22.655+0000] {logging_mixin.py:137} INFO - [2023-01-10T10:54:22.655+0000] {dag.py:2697} INFO - Creating ORM DAG for example_branch_dop_operator_v3
[2023-01-10T10:54:22.670+0000] {logging_mixin.py:137} INFO - [2023-01-10T10:54:22.669+0000] {dag.py:3427} INFO - Setting next_dagrun for example_branch_dop_operator_v3 to 2023-01-10T10:53:00+00:00, run_after=2023-01-10T10:54:00+00:00
[2023-01-10T10:54:22.689+0000] {processor.py:175} INFO - Processing /home/airflow/.local/lib/python3.7/site-packages/airflow/example_dags/example_branch_python_dop_operator_3.py took 0.193 seconds
[2023-01-10T10:54:52.883+0000] {processor.py:153} INFO - Started process (PID=140) to work on /home/airflow/.local/lib/python3.7/site-packages/airflow/example_dags/example_branch_python_dop_operator_3.py
[2023-01-10T10:54:52.883+0000] {processor.py:743} INFO - Processing file /home/airflow/.local/lib/python3.7/site-packages/airflow/example_dags/example_branch_python_dop_operator_3.py for tasks to queue
[2023-01-10T10:54:52.884+0000] {logging_mixin.py:137} INFO - [2023-01-10T10:54:52.884+0000] {dagbag.py:538} INFO - Filling up the DagBag from /home/airflow/.local/lib/python3.7/site-packages/airflow/example_dags/example_branch_python_dop_operator_3.py
[2023-01-10T10:54:52.904+0000] {processor.py:753} INFO - DAG(s) dict_keys(['example_branch_dop_operator_v3']) retrieved from /home/airflow/.local/lib/python3.7/site-packages/airflow/example_dags/example_branch_python_dop_operator_3.py
[2023-01-10T10:54:52.930+0000] {logging_mixin.py:137} INFO - [2023-01-10T10:54:52.930+0000] {dag.py:2676} INFO - Sync 1 DAGs
[2023-01-10T10:54:52.954+0000] {logging_mixin.py:137} INFO - [2023-01-10T10:54:52.954+0000] {dag.py:3427} INFO - Setting next_dagrun for example_branch_dop_operator_v3 to 2023-01-10T10:53:00+00:00, run_after=2023-01-10T10:54:00+00:00
[2023-01-10T10:54:52.968+0000] {processor.py:175} INFO - Processing /home/airflow/.local/lib/python3.7/site-packages/airflow/example_dags/example_branch_python_dop_operator_3.py took 0.087 seconds
[2023-01-10T10:55:24.001+0000] {processor.py:153} INFO - Started process (PID=227) to work on /home/airflow/.local/lib/python3.7/site-packages/airflow/example_dags/example_branch_python_dop_operator_3.py
[2023-01-10T10:55:24.009+0000] {processor.py:743} INFO - Processing file /home/airflow/.local/lib/python3.7/site-packages/airflow/example_dags/example_branch_python_dop_operator_3.py for tasks to queue
[2023-01-10T10:55:24.010+0000] {logging_mixin.py:137} INFO - [2023-01-10T10:55:24.010+0000] {dagbag.py:538} INFO - Filling up the DagBag from /home/airflow/.local/lib/python3.7/site-packages/airflow/example_dags/example_branch_python_dop_operator_3.py
[2023-01-10T10:55:24.068+0000] {processor.py:753} INFO - DAG(s) dict_keys(['example_branch_dop_operator_v3']) retrieved from /home/airflow/.local/lib/python3.7/site-packages/airflow/example_dags/example_branch_python_dop_operator_3.py
[2023-01-10T10:55:24.124+0000] {logging_mixin.py:137} INFO - [2023-01-10T10:55:24.124+0000] {dag.py:2676} INFO - Sync 1 DAGs
[2023-01-10T10:55:24.165+0000] {logging_mixin.py:137} INFO - [2023-01-10T10:55:24.165+0000] {dag.py:3427} INFO - Setting next_dagrun for example_branch_dop_operator_v3 to 2023-01-10T10:54:00+00:00, run_after=2023-01-10T10:55:00+00:00
[2023-01-10T10:55:24.223+0000] {processor.py:175} INFO - Processing /home/airflow/.local/lib/python3.7/site-packages/airflow/example_dags/example_branch_python_dop_operator_3.py took 0.226 seconds
[2023-01-10T10:55:54.547+0000] {processor.py:153} INFO - Started process (PID=298) to work on /home/airflow/.local/lib/python3.7/site-packages/airflow/example_dags/example_branch_python_dop_operator_3.py
[2023-01-10T10:55:54.547+0000] {processor.py:743} INFO - Processing file /home/airflow/.local/lib/python3.7/site-packages/airflow/example_dags/example_branch_python_dop_operator_3.py for tasks to queue
[2023-01-10T10:55:54.548+0000] {logging_mixin.py:137} INFO - [2023-01-10T10:55:54.547+0000] {dagbag.py:538} INFO - Filling up the DagBag from /home/airflow/.local/lib/python3.7/site-packages/airflow/example_dags/example_branch_python_dop_operator_3.py
[2023-01-10T10:55:54.565+0000] {processor.py:753} INFO - DAG(s) dict_keys(['example_branch_dop_operator_v3']) retrieved from /home/airflow/.local/lib/python3.7/site-packages/airflow/example_dags/example_branch_python_dop_operator_3.py
[2023-01-10T10:55:54.590+0000] {logging_mixin.py:137} INFO - [2023-01-10T10:55:54.590+0000] {dag.py:2676} INFO - Sync 1 DAGs
[2023-01-10T10:55:54.613+0000] {logging_mixin.py:137} INFO - [2023-01-10T10:55:54.613+0000] {dag.py:3427} INFO - Setting next_dagrun for example_branch_dop_operator_v3 to 2023-01-10T10:54:00+00:00, run_after=2023-01-10T10:55:00+00:00
[2023-01-10T10:55:54.626+0000] {processor.py:175} INFO - Processing /home/airflow/.local/lib/python3.7/site-packages/airflow/example_dags/example_branch_python_dop_operator_3.py took 0.081 seconds
[2023-01-10T10:56:24.816+0000] {processor.py:153} INFO - Started process (PID=384) to work on /home/airflow/.local/lib/python3.7/site-packages/airflow/example_dags/example_branch_python_dop_operator_3.py
[2023-01-10T10:56:24.816+0000] {processor.py:743} INFO - Processing file /home/airflow/.local/lib/python3.7/site-packages/airflow/example_dags/example_branch_python_dop_operator_3.py for tasks to queue
[2023-01-10T10:56:24.817+0000] {logging_mixin.py:137} INFO - [2023-01-10T10:56:24.817+0000] {dagbag.py:538} INFO - Filling up the DagBag from /home/airflow/.local/lib/python3.7/site-packages/airflow/example_dags/example_branch_python_dop_operator_3.py
[2023-01-10T10:56:24.836+0000] {processor.py:753} INFO - DAG(s) dict_keys(['example_branch_dop_operator_v3']) retrieved from /home/airflow/.local/lib/python3.7/site-packages/airflow/example_dags/example_branch_python_dop_operator_3.py
[2023-01-10T10:56:24.863+0000] {logging_mixin.py:137} INFO - [2023-01-10T10:56:24.862+0000] {dag.py:2676} INFO - Sync 1 DAGs
[2023-01-10T10:56:24.884+0000] {logging_mixin.py:137} INFO - [2023-01-10T10:56:24.884+0000] {dag.py:3427} INFO - Setting next_dagrun for example_branch_dop_operator_v3 to 2023-01-10T10:55:00+00:00, run_after=2023-01-10T10:56:00+00:00
[2023-01-10T10:56:24.901+0000] {processor.py:175} INFO - Processing /home/airflow/.local/lib/python3.7/site-packages/airflow/example_dags/example_branch_python_dop_operator_3.py took 0.087 seconds
[2023-01-10T10:56:55.776+0000] {processor.py:153} INFO - Started process (PID=454) to work on /home/airflow/.local/lib/python3.7/site-packages/airflow/example_dags/example_branch_python_dop_operator_3.py
[2023-01-10T10:56:55.777+0000] {processor.py:743} INFO - Processing file /home/airflow/.local/lib/python3.7/site-packages/airflow/example_dags/example_branch_python_dop_operator_3.py for tasks to queue
[2023-01-10T10:56:55.778+0000] {logging_mixin.py:137} INFO - [2023-01-10T10:56:55.778+0000] {dagbag.py:538} INFO - Filling up the DagBag from /home/airflow/.local/lib/python3.7/site-packages/airflow/example_dags/example_branch_python_dop_operator_3.py
[2023-01-10T10:56:55.797+0000] {processor.py:753} INFO - DAG(s) dict_keys(['example_branch_dop_operator_v3']) retrieved from /home/airflow/.local/lib/python3.7/site-packages/airflow/example_dags/example_branch_python_dop_operator_3.py
[2023-01-10T10:56:55.826+0000] {logging_mixin.py:137} INFO - [2023-01-10T10:56:55.826+0000] {dag.py:2676} INFO - Sync 1 DAGs
[2023-01-10T10:56:55.851+0000] {logging_mixin.py:137} INFO - [2023-01-10T10:56:55.851+0000] {dag.py:3427} INFO - Setting next_dagrun for example_branch_dop_operator_v3 to 2023-01-10T10:55:00+00:00, run_after=2023-01-10T10:56:00+00:00
[2023-01-10T10:56:55.866+0000] {processor.py:175} INFO - Processing /home/airflow/.local/lib/python3.7/site-packages/airflow/example_dags/example_branch_python_dop_operator_3.py took 0.092 seconds
[2023-01-10T10:57:26.078+0000] {processor.py:153} INFO - Started process (PID=540) to work on /home/airflow/.local/lib/python3.7/site-packages/airflow/example_dags/example_branch_python_dop_operator_3.py
[2023-01-10T10:57:26.078+0000] {processor.py:743} INFO - Processing file /home/airflow/.local/lib/python3.7/site-packages/airflow/example_dags/example_branch_python_dop_operator_3.py for tasks to queue
[2023-01-10T10:57:26.079+0000] {logging_mixin.py:137} INFO - [2023-01-10T10:57:26.079+0000] {dagbag.py:538} INFO - Filling up the DagBag from /home/airflow/.local/lib/python3.7/site-packages/airflow/example_dags/example_branch_python_dop_operator_3.py
[2023-01-10T10:57:26.098+0000] {processor.py:753} INFO - DAG(s) dict_keys(['example_branch_dop_operator_v3']) retrieved from /home/airflow/.local/lib/python3.7/site-packages/airflow/example_dags/example_branch_python_dop_operator_3.py
[2023-01-10T10:57:26.128+0000] {logging_mixin.py:137} INFO - [2023-01-10T10:57:26.128+0000] {dag.py:2676} INFO - Sync 1 DAGs
[2023-01-10T10:57:26.151+0000] {logging_mixin.py:137} INFO - [2023-01-10T10:57:26.151+0000] {dag.py:3427} INFO - Setting next_dagrun for example_branch_dop_operator_v3 to 2023-01-10T10:56:00+00:00, run_after=2023-01-10T10:57:00+00:00
[2023-01-10T10:57:26.166+0000] {processor.py:175} INFO - Processing /home/airflow/.local/lib/python3.7/site-packages/airflow/example_dags/example_branch_python_dop_operator_3.py took 0.092 seconds
[2023-01-10T10:57:57.081+0000] {processor.py:153} INFO - Started process (PID=610) to work on /home/airflow/.local/lib/python3.7/site-packages/airflow/example_dags/example_branch_python_dop_operator_3.py
[2023-01-10T10:57:57.082+0000] {processor.py:743} INFO - Processing file /home/airflow/.local/lib/python3.7/site-packages/airflow/example_dags/example_branch_python_dop_operator_3.py for tasks to queue
[2023-01-10T10:57:57.082+0000] {logging_mixin.py:137} INFO - [2023-01-10T10:57:57.082+0000] {dagbag.py:538} INFO - Filling up the DagBag from /home/airflow/.local/lib/python3.7/site-packages/airflow/example_dags/example_branch_python_dop_operator_3.py
[2023-01-10T10:57:57.101+0000] {processor.py:753} INFO - DAG(s) dict_keys(['example_branch_dop_operator_v3']) retrieved from /home/airflow/.local/lib/python3.7/site-packages/airflow/example_dags/example_branch_python_dop_operator_3.py
[2023-01-10T10:57:57.128+0000] {logging_mixin.py:137} INFO - [2023-01-10T10:57:57.128+0000] {dag.py:2676} INFO - Sync 1 DAGs
[2023-01-10T10:57:57.152+0000] {logging_mixin.py:137} INFO - [2023-01-10T10:57:57.151+0000] {dag.py:3427} INFO - Setting next_dagrun for example_branch_dop_operator_v3 to 2023-01-10T10:56:00+00:00, run_after=2023-01-10T10:57:00+00:00
[2023-01-10T10:57:57.166+0000] {processor.py:175} INFO - Processing /home/airflow/.local/lib/python3.7/site-packages/airflow/example_dags/example_branch_python_dop_operator_3.py took 0.086 seconds
[2023-01-10T10:58:28.035+0000] {processor.py:153} INFO - Started process (PID=696) to work on /home/airflow/.local/lib/python3.7/site-packages/airflow/example_dags/example_branch_python_dop_operator_3.py
[2023-01-10T10:58:28.036+0000] {processor.py:743} INFO - Processing file /home/airflow/.local/lib/python3.7/site-packages/airflow/example_dags/example_branch_python_dop_operator_3.py for tasks to queue
[2023-01-10T10:58:28.037+0000] {logging_mixin.py:137} INFO - [2023-01-10T10:58:28.036+0000] {dagbag.py:538} INFO - Filling up the DagBag from /home/airflow/.local/lib/python3.7/site-packages/airflow/example_dags/example_branch_python_dop_operator_3.py
[2023-01-10T10:58:28.055+0000] {processor.py:753} INFO - DAG(s) dict_keys(['example_branch_dop_operator_v3']) retrieved from /home/airflow/.local/lib/python3.7/site-packages/airflow/example_dags/example_branch_python_dop_operator_3.py
[2023-01-10T10:58:28.082+0000] {logging_mixin.py:137} INFO - [2023-01-10T10:58:28.081+0000] {dag.py:2676} INFO - Sync 1 DAGs
[2023-01-10T10:58:28.105+0000] {logging_mixin.py:137} INFO - [2023-01-10T10:58:28.104+0000] {dag.py:3427} INFO - Setting next_dagrun for example_branch_dop_operator_v3 to 2023-01-10T10:57:00+00:00, run_after=2023-01-10T10:58:00+00:00
[2023-01-10T10:58:28.119+0000] {processor.py:175} INFO - Processing /home/airflow/.local/lib/python3.7/site-packages/airflow/example_dags/example_branch_python_dop_operator_3.py took 0.086 seconds
[2023-01-10T10:58:59.053+0000] {processor.py:153} INFO - Started process (PID=772) to work on /home/airflow/.local/lib/python3.7/site-packages/airflow/example_dags/example_branch_python_dop_operator_3.py
[2023-01-10T10:58:59.054+0000] {processor.py:743} INFO - Processing file /home/airflow/.local/lib/python3.7/site-packages/airflow/example_dags/example_branch_python_dop_operator_3.py for tasks to queue
[2023-01-10T10:58:59.055+0000] {logging_mixin.py:137} INFO - [2023-01-10T10:58:59.054+0000] {dagbag.py:538} INFO - Filling up the DagBag from /home/airflow/.local/lib/python3.7/site-packages/airflow/example_dags/example_branch_python_dop_operator_3.py
[2023-01-10T10:58:59.074+0000] {processor.py:753} INFO - DAG(s) dict_keys(['example_branch_dop_operator_v3']) retrieved from /home/airflow/.local/lib/python3.7/site-packages/airflow/example_dags/example_branch_python_dop_operator_3.py
[2023-01-10T10:58:59.107+0000] {logging_mixin.py:137} INFO - [2023-01-10T10:58:59.107+0000] {dag.py:2676} INFO - Sync 1 DAGs
[2023-01-10T10:58:59.143+0000] {logging_mixin.py:137} INFO - [2023-01-10T10:58:59.143+0000] {dag.py:3427} INFO - Setting next_dagrun for example_branch_dop_operator_v3 to 2023-01-10T10:57:00+00:00, run_after=2023-01-10T10:58:00+00:00
[2023-01-10T10:58:59.162+0000] {processor.py:175} INFO - Processing /home/airflow/.local/lib/python3.7/site-packages/airflow/example_dags/example_branch_python_dop_operator_3.py took 0.112 seconds
[2023-01-10T10:59:29.492+0000] {processor.py:153} INFO - Started process (PID=851) to work on /home/airflow/.local/lib/python3.7/site-packages/airflow/example_dags/example_branch_python_dop_operator_3.py
[2023-01-10T10:59:29.493+0000] {processor.py:743} INFO - Processing file /home/airflow/.local/lib/python3.7/site-packages/airflow/example_dags/example_branch_python_dop_operator_3.py for tasks to queue
[2023-01-10T10:59:29.494+0000] {logging_mixin.py:137} INFO - [2023-01-10T10:59:29.494+0000] {dagbag.py:538} INFO - Filling up the DagBag from /home/airflow/.local/lib/python3.7/site-packages/airflow/example_dags/example_branch_python_dop_operator_3.py
[2023-01-10T10:59:29.513+0000] {processor.py:753} INFO - DAG(s) dict_keys(['example_branch_dop_operator_v3']) retrieved from /home/airflow/.local/lib/python3.7/site-packages/airflow/example_dags/example_branch_python_dop_operator_3.py
[2023-01-10T10:59:29.541+0000] {logging_mixin.py:137} INFO - [2023-01-10T10:59:29.541+0000] {dag.py:2676} INFO - Sync 1 DAGs
[2023-01-10T10:59:29.563+0000] {logging_mixin.py:137} INFO - [2023-01-10T10:59:29.563+0000] {dag.py:3427} INFO - Setting next_dagrun for example_branch_dop_operator_v3 to 2023-01-10T10:58:00+00:00, run_after=2023-01-10T10:59:00+00:00
[2023-01-10T10:59:29.578+0000] {processor.py:175} INFO - Processing /home/airflow/.local/lib/python3.7/site-packages/airflow/example_dags/example_branch_python_dop_operator_3.py took 0.088 seconds
[2023-01-10T10:59:59.733+0000] {processor.py:153} INFO - Started process (PID=938) to work on /home/airflow/.local/lib/python3.7/site-packages/airflow/example_dags/example_branch_python_dop_operator_3.py
[2023-01-10T10:59:59.734+0000] {processor.py:743} INFO - Processing file /home/airflow/.local/lib/python3.7/site-packages/airflow/example_dags/example_branch_python_dop_operator_3.py for tasks to queue
[2023-01-10T10:59:59.734+0000] {logging_mixin.py:137} INFO - [2023-01-10T10:59:59.734+0000] {dagbag.py:538} INFO - Filling up the DagBag from /home/airflow/.local/lib/python3.7/site-packages/airflow/example_dags/example_branch_python_dop_operator_3.py
[2023-01-10T10:59:59.754+0000] {processor.py:753} INFO - DAG(s) dict_keys(['example_branch_dop_operator_v3']) retrieved from /home/airflow/.local/lib/python3.7/site-packages/airflow/example_dags/example_branch_python_dop_operator_3.py
[2023-01-10T10:59:59.788+0000] {logging_mixin.py:137} INFO - [2023-01-10T10:59:59.788+0000] {dag.py:2676} INFO - Sync 1 DAGs
[2023-01-10T10:59:59.823+0000] {logging_mixin.py:137} INFO - [2023-01-10T10:59:59.823+0000] {dag.py:3427} INFO - Setting next_dagrun for example_branch_dop_operator_v3 to 2023-01-10T10:58:00+00:00, run_after=2023-01-10T10:59:00+00:00
[2023-01-10T10:59:59.842+0000] {processor.py:175} INFO - Processing /home/airflow/.local/lib/python3.7/site-packages/airflow/example_dags/example_branch_python_dop_operator_3.py took 0.111 seconds
[2023-01-10T11:00:29.924+0000] {processor.py:153} INFO - Started process (PID=1008) to work on /home/airflow/.local/lib/python3.7/site-packages/airflow/example_dags/example_branch_python_dop_operator_3.py
[2023-01-10T11:00:29.924+0000] {processor.py:743} INFO - Processing file /home/airflow/.local/lib/python3.7/site-packages/airflow/example_dags/example_branch_python_dop_operator_3.py for tasks to queue
[2023-01-10T11:00:29.925+0000] {logging_mixin.py:137} INFO - [2023-01-10T11:00:29.924+0000] {dagbag.py:538} INFO - Filling up the DagBag from /home/airflow/.local/lib/python3.7/site-packages/airflow/example_dags/example_branch_python_dop_operator_3.py
[2023-01-10T11:00:29.946+0000] {processor.py:753} INFO - DAG(s) dict_keys(['example_branch_dop_operator_v3']) retrieved from /home/airflow/.local/lib/python3.7/site-packages/airflow/example_dags/example_branch_python_dop_operator_3.py
[2023-01-10T11:00:29.978+0000] {logging_mixin.py:137} INFO - [2023-01-10T11:00:29.978+0000] {dag.py:2676} INFO - Sync 1 DAGs
[2023-01-10T11:00:30.005+0000] {logging_mixin.py:137} INFO - [2023-01-10T11:00:30.005+0000] {dag.py:3427} INFO - Setting next_dagrun for example_branch_dop_operator_v3 to 2023-01-10T10:59:00+00:00, run_after=2023-01-10T11:00:00+00:00
[2023-01-10T11:00:30.022+0000] {processor.py:175} INFO - Processing /home/airflow/.local/lib/python3.7/site-packages/airflow/example_dags/example_branch_python_dop_operator_3.py took 0.101 seconds
[2023-01-10T11:01:00.075+0000] {processor.py:153} INFO - Started process (PID=1094) to work on /home/airflow/.local/lib/python3.7/site-packages/airflow/example_dags/example_branch_python_dop_operator_3.py
[2023-01-10T11:01:00.075+0000] {processor.py:743} INFO - Processing file /home/airflow/.local/lib/python3.7/site-packages/airflow/example_dags/example_branch_python_dop_operator_3.py for tasks to queue
[2023-01-10T11:01:00.076+0000] {logging_mixin.py:137} INFO - [2023-01-10T11:01:00.076+0000] {dagbag.py:538} INFO - Filling up the DagBag from /home/airflow/.local/lib/python3.7/site-packages/airflow/example_dags/example_branch_python_dop_operator_3.py
[2023-01-10T11:01:00.094+0000] {processor.py:753} INFO - DAG(s) dict_keys(['example_branch_dop_operator_v3']) retrieved from /home/airflow/.local/lib/python3.7/site-packages/airflow/example_dags/example_branch_python_dop_operator_3.py
[2023-01-10T11:01:00.123+0000] {logging_mixin.py:137} INFO - [2023-01-10T11:01:00.123+0000] {dag.py:2676} INFO - Sync 1 DAGs
[2023-01-10T11:01:00.149+0000] {logging_mixin.py:137} INFO - [2023-01-10T11:01:00.149+0000] {dag.py:3427} INFO - Setting next_dagrun for example_branch_dop_operator_v3 to 2023-01-10T11:00:00+00:00, run_after=2023-01-10T11:01:00+00:00
[2023-01-10T11:01:00.169+0000] {processor.py:175} INFO - Processing /home/airflow/.local/lib/python3.7/site-packages/airflow/example_dags/example_branch_python_dop_operator_3.py took 0.097 seconds
[2023-01-10T11:01:30.226+0000] {processor.py:153} INFO - Started process (PID=1164) to work on /home/airflow/.local/lib/python3.7/site-packages/airflow/example_dags/example_branch_python_dop_operator_3.py
[2023-01-10T11:01:30.226+0000] {processor.py:743} INFO - Processing file /home/airflow/.local/lib/python3.7/site-packages/airflow/example_dags/example_branch_python_dop_operator_3.py for tasks to queue
[2023-01-10T11:01:30.227+0000] {logging_mixin.py:137} INFO - [2023-01-10T11:01:30.226+0000] {dagbag.py:538} INFO - Filling up the DagBag from /home/airflow/.local/lib/python3.7/site-packages/airflow/example_dags/example_branch_python_dop_operator_3.py
[2023-01-10T11:01:30.247+0000] {processor.py:753} INFO - DAG(s) dict_keys(['example_branch_dop_operator_v3']) retrieved from /home/airflow/.local/lib/python3.7/site-packages/airflow/example_dags/example_branch_python_dop_operator_3.py
[2023-01-10T11:01:30.275+0000] {logging_mixin.py:137} INFO - [2023-01-10T11:01:30.274+0000] {dag.py:2676} INFO - Sync 1 DAGs
[2023-01-10T11:01:30.302+0000] {logging_mixin.py:137} INFO - [2023-01-10T11:01:30.301+0000] {dag.py:3427} INFO - Setting next_dagrun for example_branch_dop_operator_v3 to 2023-01-10T11:00:00+00:00, run_after=2023-01-10T11:01:00+00:00
[2023-01-10T11:01:30.317+0000] {processor.py:175} INFO - Processing /home/airflow/.local/lib/python3.7/site-packages/airflow/example_dags/example_branch_python_dop_operator_3.py took 0.093 seconds
[2023-01-10T11:02:00.562+0000] {processor.py:153} INFO - Started process (PID=1251) to work on /home/airflow/.local/lib/python3.7/site-packages/airflow/example_dags/example_branch_python_dop_operator_3.py
[2023-01-10T11:02:00.563+0000] {processor.py:743} INFO - Processing file /home/airflow/.local/lib/python3.7/site-packages/airflow/example_dags/example_branch_python_dop_operator_3.py for tasks to queue
[2023-01-10T11:02:00.563+0000] {logging_mixin.py:137} INFO - [2023-01-10T11:02:00.563+0000] {dagbag.py:538} INFO - Filling up the DagBag from /home/airflow/.local/lib/python3.7/site-packages/airflow/example_dags/example_branch_python_dop_operator_3.py
[2023-01-10T11:02:00.582+0000] {processor.py:753} INFO - DAG(s) dict_keys(['example_branch_dop_operator_v3']) retrieved from /home/airflow/.local/lib/python3.7/site-packages/airflow/example_dags/example_branch_python_dop_operator_3.py
[2023-01-10T11:02:00.615+0000] {logging_mixin.py:137} INFO - [2023-01-10T11:02:00.615+0000] {dag.py:2676} INFO - Sync 1 DAGs
[2023-01-10T11:02:00.644+0000] {logging_mixin.py:137} INFO - [2023-01-10T11:02:00.644+0000] {dag.py:3427} INFO - Setting next_dagrun for example_branch_dop_operator_v3 to 2023-01-10T11:01:00+00:00, run_after=2023-01-10T11:02:00+00:00
[2023-01-10T11:02:00.662+0000] {processor.py:175} INFO - Processing /home/airflow/.local/lib/python3.7/site-packages/airflow/example_dags/example_branch_python_dop_operator_3.py took 0.102 seconds
[2023-01-10T11:02:30.762+0000] {processor.py:153} INFO - Started process (PID=1321) to work on /home/airflow/.local/lib/python3.7/site-packages/airflow/example_dags/example_branch_python_dop_operator_3.py
[2023-01-10T11:02:30.763+0000] {processor.py:743} INFO - Processing file /home/airflow/.local/lib/python3.7/site-packages/airflow/example_dags/example_branch_python_dop_operator_3.py for tasks to queue
[2023-01-10T11:02:30.764+0000] {logging_mixin.py:137} INFO - [2023-01-10T11:02:30.763+0000] {dagbag.py:538} INFO - Filling up the DagBag from /home/airflow/.local/lib/python3.7/site-packages/airflow/example_dags/example_branch_python_dop_operator_3.py
[2023-01-10T11:02:30.784+0000] {processor.py:753} INFO - DAG(s) dict_keys(['example_branch_dop_operator_v3']) retrieved from /home/airflow/.local/lib/python3.7/site-packages/airflow/example_dags/example_branch_python_dop_operator_3.py
[2023-01-10T11:02:30.811+0000] {logging_mixin.py:137} INFO - [2023-01-10T11:02:30.810+0000] {dag.py:2676} INFO - Sync 1 DAGs
[2023-01-10T11:02:30.838+0000] {logging_mixin.py:137} INFO - [2023-01-10T11:02:30.838+0000] {dag.py:3427} INFO - Setting next_dagrun for example_branch_dop_operator_v3 to 2023-01-10T11:01:00+00:00, run_after=2023-01-10T11:02:00+00:00
[2023-01-10T11:02:30.856+0000] {processor.py:175} INFO - Processing /home/airflow/.local/lib/python3.7/site-packages/airflow/example_dags/example_branch_python_dop_operator_3.py took 0.096 seconds
[2023-01-10T11:03:00.963+0000] {processor.py:153} INFO - Started process (PID=1407) to work on /home/airflow/.local/lib/python3.7/site-packages/airflow/example_dags/example_branch_python_dop_operator_3.py
[2023-01-10T11:03:00.964+0000] {processor.py:743} INFO - Processing file /home/airflow/.local/lib/python3.7/site-packages/airflow/example_dags/example_branch_python_dop_operator_3.py for tasks to queue
[2023-01-10T11:03:00.964+0000] {logging_mixin.py:137} INFO - [2023-01-10T11:03:00.964+0000] {dagbag.py:538} INFO - Filling up the DagBag from /home/airflow/.local/lib/python3.7/site-packages/airflow/example_dags/example_branch_python_dop_operator_3.py
[2023-01-10T11:03:00.984+0000] {processor.py:753} INFO - DAG(s) dict_keys(['example_branch_dop_operator_v3']) retrieved from /home/airflow/.local/lib/python3.7/site-packages/airflow/example_dags/example_branch_python_dop_operator_3.py
[2023-01-10T11:03:01.013+0000] {logging_mixin.py:137} INFO - [2023-01-10T11:03:01.013+0000] {dag.py:2676} INFO - Sync 1 DAGs
[2023-01-10T11:03:01.038+0000] {logging_mixin.py:137} INFO - [2023-01-10T11:03:01.038+0000] {dag.py:3427} INFO - Setting next_dagrun for example_branch_dop_operator_v3 to 2023-01-10T11:02:00+00:00, run_after=2023-01-10T11:03:00+00:00
[2023-01-10T11:03:01.052+0000] {processor.py:175} INFO - Processing /home/airflow/.local/lib/python3.7/site-packages/airflow/example_dags/example_branch_python_dop_operator_3.py took 0.090 seconds
[2023-01-10T11:03:31.894+0000] {processor.py:153} INFO - Started process (PID=1478) to work on /home/airflow/.local/lib/python3.7/site-packages/airflow/example_dags/example_branch_python_dop_operator_3.py
[2023-01-10T11:03:31.895+0000] {processor.py:743} INFO - Processing file /home/airflow/.local/lib/python3.7/site-packages/airflow/example_dags/example_branch_python_dop_operator_3.py for tasks to queue
[2023-01-10T11:03:31.896+0000] {logging_mixin.py:137} INFO - [2023-01-10T11:03:31.896+0000] {dagbag.py:538} INFO - Filling up the DagBag from /home/airflow/.local/lib/python3.7/site-packages/airflow/example_dags/example_branch_python_dop_operator_3.py
[2023-01-10T11:03:31.916+0000] {processor.py:753} INFO - DAG(s) dict_keys(['example_branch_dop_operator_v3']) retrieved from /home/airflow/.local/lib/python3.7/site-packages/airflow/example_dags/example_branch_python_dop_operator_3.py
[2023-01-10T11:03:31.945+0000] {logging_mixin.py:137} INFO - [2023-01-10T11:03:31.945+0000] {dag.py:2676} INFO - Sync 1 DAGs
[2023-01-10T11:03:31.971+0000] {logging_mixin.py:137} INFO - [2023-01-10T11:03:31.971+0000] {dag.py:3427} INFO - Setting next_dagrun for example_branch_dop_operator_v3 to 2023-01-10T11:02:00+00:00, run_after=2023-01-10T11:03:00+00:00
[2023-01-10T11:03:31.988+0000] {processor.py:175} INFO - Processing /home/airflow/.local/lib/python3.7/site-packages/airflow/example_dags/example_branch_python_dop_operator_3.py took 0.095 seconds
[2023-01-10T11:04:02.363+0000] {processor.py:153} INFO - Started process (PID=1564) to work on /home/airflow/.local/lib/python3.7/site-packages/airflow/example_dags/example_branch_python_dop_operator_3.py
[2023-01-10T11:04:02.363+0000] {processor.py:743} INFO - Processing file /home/airflow/.local/lib/python3.7/site-packages/airflow/example_dags/example_branch_python_dop_operator_3.py for tasks to queue
[2023-01-10T11:04:02.364+0000] {logging_mixin.py:137} INFO - [2023-01-10T11:04:02.364+0000] {dagbag.py:538} INFO - Filling up the DagBag from /home/airflow/.local/lib/python3.7/site-packages/airflow/example_dags/example_branch_python_dop_operator_3.py
[2023-01-10T11:04:02.383+0000] {processor.py:753} INFO - DAG(s) dict_keys(['example_branch_dop_operator_v3']) retrieved from /home/airflow/.local/lib/python3.7/site-packages/airflow/example_dags/example_branch_python_dop_operator_3.py
[2023-01-10T11:04:02.412+0000] {logging_mixin.py:137} INFO - [2023-01-10T11:04:02.412+0000] {dag.py:2676} INFO - Sync 1 DAGs
[2023-01-10T11:04:02.436+0000] {logging_mixin.py:137} INFO - [2023-01-10T11:04:02.436+0000] {dag.py:3427} INFO - Setting next_dagrun for example_branch_dop_operator_v3 to 2023-01-10T11:03:00+00:00, run_after=2023-01-10T11:04:00+00:00
[2023-01-10T11:04:02.456+0000] {processor.py:175} INFO - Processing /home/airflow/.local/lib/python3.7/site-packages/airflow/example_dags/example_branch_python_dop_operator_3.py took 0.096 seconds
[2023-01-10T11:04:33.324+0000] {processor.py:153} INFO - Started process (PID=1634) to work on /home/airflow/.local/lib/python3.7/site-packages/airflow/example_dags/example_branch_python_dop_operator_3.py
[2023-01-10T11:04:33.325+0000] {processor.py:743} INFO - Processing file /home/airflow/.local/lib/python3.7/site-packages/airflow/example_dags/example_branch_python_dop_operator_3.py for tasks to queue
[2023-01-10T11:04:33.325+0000] {logging_mixin.py:137} INFO - [2023-01-10T11:04:33.325+0000] {dagbag.py:538} INFO - Filling up the DagBag from /home/airflow/.local/lib/python3.7/site-packages/airflow/example_dags/example_branch_python_dop_operator_3.py
[2023-01-10T11:04:33.347+0000] {processor.py:753} INFO - DAG(s) dict_keys(['example_branch_dop_operator_v3']) retrieved from /home/airflow/.local/lib/python3.7/site-packages/airflow/example_dags/example_branch_python_dop_operator_3.py
[2023-01-10T11:04:33.379+0000] {logging_mixin.py:137} INFO - [2023-01-10T11:04:33.379+0000] {dag.py:2676} INFO - Sync 1 DAGs
[2023-01-10T11:04:33.406+0000] {logging_mixin.py:137} INFO - [2023-01-10T11:04:33.405+0000] {dag.py:3427} INFO - Setting next_dagrun for example_branch_dop_operator_v3 to 2023-01-10T11:03:00+00:00, run_after=2023-01-10T11:04:00+00:00
[2023-01-10T11:04:33.423+0000] {processor.py:175} INFO - Processing /home/airflow/.local/lib/python3.7/site-packages/airflow/example_dags/example_branch_python_dop_operator_3.py took 0.101 seconds
[2023-01-10T11:05:03.503+0000] {processor.py:153} INFO - Started process (PID=1720) to work on /home/airflow/.local/lib/python3.7/site-packages/airflow/example_dags/example_branch_python_dop_operator_3.py
[2023-01-10T11:05:03.503+0000] {processor.py:743} INFO - Processing file /home/airflow/.local/lib/python3.7/site-packages/airflow/example_dags/example_branch_python_dop_operator_3.py for tasks to queue
[2023-01-10T11:05:03.504+0000] {logging_mixin.py:137} INFO - [2023-01-10T11:05:03.504+0000] {dagbag.py:538} INFO - Filling up the DagBag from /home/airflow/.local/lib/python3.7/site-packages/airflow/example_dags/example_branch_python_dop_operator_3.py
[2023-01-10T11:05:03.522+0000] {processor.py:753} INFO - DAG(s) dict_keys(['example_branch_dop_operator_v3']) retrieved from /home/airflow/.local/lib/python3.7/site-packages/airflow/example_dags/example_branch_python_dop_operator_3.py
[2023-01-10T11:05:03.550+0000] {logging_mixin.py:137} INFO - [2023-01-10T11:05:03.550+0000] {dag.py:2676} INFO - Sync 1 DAGs
[2023-01-10T11:05:03.573+0000] {logging_mixin.py:137} INFO - [2023-01-10T11:05:03.573+0000] {dag.py:3427} INFO - Setting next_dagrun for example_branch_dop_operator_v3 to 2023-01-10T11:04:00+00:00, run_after=2023-01-10T11:05:00+00:00
[2023-01-10T11:05:03.587+0000] {processor.py:175} INFO - Processing /home/airflow/.local/lib/python3.7/site-packages/airflow/example_dags/example_branch_python_dop_operator_3.py took 0.087 seconds
[2023-01-10T11:05:33.684+0000] {processor.py:153} INFO - Started process (PID=1790) to work on /home/airflow/.local/lib/python3.7/site-packages/airflow/example_dags/example_branch_python_dop_operator_3.py
[2023-01-10T11:05:33.685+0000] {processor.py:743} INFO - Processing file /home/airflow/.local/lib/python3.7/site-packages/airflow/example_dags/example_branch_python_dop_operator_3.py for tasks to queue
[2023-01-10T11:05:33.685+0000] {logging_mixin.py:137} INFO - [2023-01-10T11:05:33.685+0000] {dagbag.py:538} INFO - Filling up the DagBag from /home/airflow/.local/lib/python3.7/site-packages/airflow/example_dags/example_branch_python_dop_operator_3.py
[2023-01-10T11:05:33.704+0000] {processor.py:753} INFO - DAG(s) dict_keys(['example_branch_dop_operator_v3']) retrieved from /home/airflow/.local/lib/python3.7/site-packages/airflow/example_dags/example_branch_python_dop_operator_3.py
[2023-01-10T11:05:33.732+0000] {logging_mixin.py:137} INFO - [2023-01-10T11:05:33.732+0000] {dag.py:2676} INFO - Sync 1 DAGs
[2023-01-10T11:05:33.757+0000] {logging_mixin.py:137} INFO - [2023-01-10T11:05:33.757+0000] {dag.py:3427} INFO - Setting next_dagrun for example_branch_dop_operator_v3 to 2023-01-10T11:04:00+00:00, run_after=2023-01-10T11:05:00+00:00
[2023-01-10T11:05:33.771+0000] {processor.py:175} INFO - Processing /home/airflow/.local/lib/python3.7/site-packages/airflow/example_dags/example_branch_python_dop_operator_3.py took 0.089 seconds
[2023-01-10T11:06:03.840+0000] {processor.py:153} INFO - Started process (PID=1876) to work on /home/airflow/.local/lib/python3.7/site-packages/airflow/example_dags/example_branch_python_dop_operator_3.py
[2023-01-10T11:06:03.841+0000] {processor.py:743} INFO - Processing file /home/airflow/.local/lib/python3.7/site-packages/airflow/example_dags/example_branch_python_dop_operator_3.py for tasks to queue
[2023-01-10T11:06:03.841+0000] {logging_mixin.py:137} INFO - [2023-01-10T11:06:03.841+0000] {dagbag.py:538} INFO - Filling up the DagBag from /home/airflow/.local/lib/python3.7/site-packages/airflow/example_dags/example_branch_python_dop_operator_3.py
[2023-01-10T11:06:03.860+0000] {processor.py:753} INFO - DAG(s) dict_keys(['example_branch_dop_operator_v3']) retrieved from /home/airflow/.local/lib/python3.7/site-packages/airflow/example_dags/example_branch_python_dop_operator_3.py
[2023-01-10T11:06:03.887+0000] {logging_mixin.py:137} INFO - [2023-01-10T11:06:03.887+0000] {dag.py:2676} INFO - Sync 1 DAGs
[2023-01-10T11:06:03.911+0000] {logging_mixin.py:137} INFO - [2023-01-10T11:06:03.910+0000] {dag.py:3427} INFO - Setting next_dagrun for example_branch_dop_operator_v3 to 2023-01-10T11:05:00+00:00, run_after=2023-01-10T11:06:00+00:00
[2023-01-10T11:06:03.925+0000] {processor.py:175} INFO - Processing /home/airflow/.local/lib/python3.7/site-packages/airflow/example_dags/example_branch_python_dop_operator_3.py took 0.086 seconds
[2023-01-10T11:06:34.155+0000] {processor.py:153} INFO - Started process (PID=1955) to work on /home/airflow/.local/lib/python3.7/site-packages/airflow/example_dags/example_branch_python_dop_operator_3.py
[2023-01-10T11:06:34.156+0000] {processor.py:743} INFO - Processing file /home/airflow/.local/lib/python3.7/site-packages/airflow/example_dags/example_branch_python_dop_operator_3.py for tasks to queue
[2023-01-10T11:06:34.157+0000] {logging_mixin.py:137} INFO - [2023-01-10T11:06:34.157+0000] {dagbag.py:538} INFO - Filling up the DagBag from /home/airflow/.local/lib/python3.7/site-packages/airflow/example_dags/example_branch_python_dop_operator_3.py
[2023-01-10T11:06:34.188+0000] {processor.py:753} INFO - DAG(s) dict_keys(['example_branch_dop_operator_v3']) retrieved from /home/airflow/.local/lib/python3.7/site-packages/airflow/example_dags/example_branch_python_dop_operator_3.py
[2023-01-10T11:06:34.255+0000] {logging_mixin.py:137} INFO - [2023-01-10T11:06:34.255+0000] {dag.py:2676} INFO - Sync 1 DAGs
[2023-01-10T11:06:34.297+0000] {logging_mixin.py:137} INFO - [2023-01-10T11:06:34.297+0000] {dag.py:3427} INFO - Setting next_dagrun for example_branch_dop_operator_v3 to 2023-01-10T11:05:00+00:00, run_after=2023-01-10T11:06:00+00:00
[2023-01-10T11:06:34.319+0000] {processor.py:175} INFO - Processing /home/airflow/.local/lib/python3.7/site-packages/airflow/example_dags/example_branch_python_dop_operator_3.py took 0.166 seconds
[2023-01-10T11:07:04.350+0000] {processor.py:153} INFO - Started process (PID=2032) to work on /home/airflow/.local/lib/python3.7/site-packages/airflow/example_dags/example_branch_python_dop_operator_3.py
[2023-01-10T11:07:04.351+0000] {processor.py:743} INFO - Processing file /home/airflow/.local/lib/python3.7/site-packages/airflow/example_dags/example_branch_python_dop_operator_3.py for tasks to queue
[2023-01-10T11:07:04.351+0000] {logging_mixin.py:137} INFO - [2023-01-10T11:07:04.351+0000] {dagbag.py:538} INFO - Filling up the DagBag from /home/airflow/.local/lib/python3.7/site-packages/airflow/example_dags/example_branch_python_dop_operator_3.py
[2023-01-10T11:07:04.371+0000] {processor.py:753} INFO - DAG(s) dict_keys(['example_branch_dop_operator_v3']) retrieved from /home/airflow/.local/lib/python3.7/site-packages/airflow/example_dags/example_branch_python_dop_operator_3.py
[2023-01-10T11:07:04.403+0000] {logging_mixin.py:137} INFO - [2023-01-10T11:07:04.403+0000] {dag.py:2676} INFO - Sync 1 DAGs
[2023-01-10T11:07:04.430+0000] {logging_mixin.py:137} INFO - [2023-01-10T11:07:04.430+0000] {dag.py:3427} INFO - Setting next_dagrun for example_branch_dop_operator_v3 to 2023-01-10T11:06:00+00:00, run_after=2023-01-10T11:07:00+00:00
[2023-01-10T11:07:04.446+0000] {processor.py:175} INFO - Processing /home/airflow/.local/lib/python3.7/site-packages/airflow/example_dags/example_branch_python_dop_operator_3.py took 0.099 seconds
[2023-01-10T11:07:34.887+0000] {processor.py:153} INFO - Started process (PID=2118) to work on /home/airflow/.local/lib/python3.7/site-packages/airflow/example_dags/example_branch_python_dop_operator_3.py
[2023-01-10T11:07:34.888+0000] {processor.py:743} INFO - Processing file /home/airflow/.local/lib/python3.7/site-packages/airflow/example_dags/example_branch_python_dop_operator_3.py for tasks to queue
[2023-01-10T11:07:34.888+0000] {logging_mixin.py:137} INFO - [2023-01-10T11:07:34.888+0000] {dagbag.py:538} INFO - Filling up the DagBag from /home/airflow/.local/lib/python3.7/site-packages/airflow/example_dags/example_branch_python_dop_operator_3.py
[2023-01-10T11:07:34.908+0000] {processor.py:753} INFO - DAG(s) dict_keys(['example_branch_dop_operator_v3']) retrieved from /home/airflow/.local/lib/python3.7/site-packages/airflow/example_dags/example_branch_python_dop_operator_3.py
[2023-01-10T11:07:34.937+0000] {logging_mixin.py:137} INFO - [2023-01-10T11:07:34.936+0000] {dag.py:2676} INFO - Sync 1 DAGs
[2023-01-10T11:07:34.962+0000] {logging_mixin.py:137} INFO - [2023-01-10T11:07:34.962+0000] {dag.py:3427} INFO - Setting next_dagrun for example_branch_dop_operator_v3 to 2023-01-10T11:06:00+00:00, run_after=2023-01-10T11:07:00+00:00
[2023-01-10T11:07:34.977+0000] {processor.py:175} INFO - Processing /home/airflow/.local/lib/python3.7/site-packages/airflow/example_dags/example_branch_python_dop_operator_3.py took 0.093 seconds
[2023-01-10T11:08:05.013+0000] {processor.py:153} INFO - Started process (PID=2188) to work on /home/airflow/.local/lib/python3.7/site-packages/airflow/example_dags/example_branch_python_dop_operator_3.py
[2023-01-10T11:08:05.014+0000] {processor.py:743} INFO - Processing file /home/airflow/.local/lib/python3.7/site-packages/airflow/example_dags/example_branch_python_dop_operator_3.py for tasks to queue
[2023-01-10T11:08:05.014+0000] {logging_mixin.py:137} INFO - [2023-01-10T11:08:05.014+0000] {dagbag.py:538} INFO - Filling up the DagBag from /home/airflow/.local/lib/python3.7/site-packages/airflow/example_dags/example_branch_python_dop_operator_3.py
[2023-01-10T11:08:05.033+0000] {processor.py:753} INFO - DAG(s) dict_keys(['example_branch_dop_operator_v3']) retrieved from /home/airflow/.local/lib/python3.7/site-packages/airflow/example_dags/example_branch_python_dop_operator_3.py
[2023-01-10T11:08:05.061+0000] {logging_mixin.py:137} INFO - [2023-01-10T11:08:05.061+0000] {dag.py:2676} INFO - Sync 1 DAGs
[2023-01-10T11:08:05.086+0000] {logging_mixin.py:137} INFO - [2023-01-10T11:08:05.086+0000] {dag.py:3427} INFO - Setting next_dagrun for example_branch_dop_operator_v3 to 2023-01-10T11:07:00+00:00, run_after=2023-01-10T11:08:00+00:00
[2023-01-10T11:08:05.101+0000] {processor.py:175} INFO - Processing /home/airflow/.local/lib/python3.7/site-packages/airflow/example_dags/example_branch_python_dop_operator_3.py took 0.090 seconds
[2023-01-10T11:08:35.224+0000] {processor.py:153} INFO - Started process (PID=2274) to work on /home/airflow/.local/lib/python3.7/site-packages/airflow/example_dags/example_branch_python_dop_operator_3.py
[2023-01-10T11:08:35.225+0000] {processor.py:743} INFO - Processing file /home/airflow/.local/lib/python3.7/site-packages/airflow/example_dags/example_branch_python_dop_operator_3.py for tasks to queue
[2023-01-10T11:08:35.225+0000] {logging_mixin.py:137} INFO - [2023-01-10T11:08:35.225+0000] {dagbag.py:538} INFO - Filling up the DagBag from /home/airflow/.local/lib/python3.7/site-packages/airflow/example_dags/example_branch_python_dop_operator_3.py
[2023-01-10T11:08:35.243+0000] {processor.py:753} INFO - DAG(s) dict_keys(['example_branch_dop_operator_v3']) retrieved from /home/airflow/.local/lib/python3.7/site-packages/airflow/example_dags/example_branch_python_dop_operator_3.py
[2023-01-10T11:08:35.270+0000] {logging_mixin.py:137} INFO - [2023-01-10T11:08:35.270+0000] {dag.py:2676} INFO - Sync 1 DAGs
[2023-01-10T11:08:35.295+0000] {logging_mixin.py:137} INFO - [2023-01-10T11:08:35.295+0000] {dag.py:3427} INFO - Setting next_dagrun for example_branch_dop_operator_v3 to 2023-01-10T11:07:00+00:00, run_after=2023-01-10T11:08:00+00:00
[2023-01-10T11:08:35.308+0000] {processor.py:175} INFO - Processing /home/airflow/.local/lib/python3.7/site-packages/airflow/example_dags/example_branch_python_dop_operator_3.py took 0.086 seconds
[2023-01-10T11:09:05.484+0000] {processor.py:153} INFO - Started process (PID=2344) to work on /home/airflow/.local/lib/python3.7/site-packages/airflow/example_dags/example_branch_python_dop_operator_3.py
[2023-01-10T11:09:05.485+0000] {processor.py:743} INFO - Processing file /home/airflow/.local/lib/python3.7/site-packages/airflow/example_dags/example_branch_python_dop_operator_3.py for tasks to queue
[2023-01-10T11:09:05.485+0000] {logging_mixin.py:137} INFO - [2023-01-10T11:09:05.485+0000] {dagbag.py:538} INFO - Filling up the DagBag from /home/airflow/.local/lib/python3.7/site-packages/airflow/example_dags/example_branch_python_dop_operator_3.py
[2023-01-10T11:09:05.505+0000] {processor.py:753} INFO - DAG(s) dict_keys(['example_branch_dop_operator_v3']) retrieved from /home/airflow/.local/lib/python3.7/site-packages/airflow/example_dags/example_branch_python_dop_operator_3.py
[2023-01-10T11:09:05.534+0000] {logging_mixin.py:137} INFO - [2023-01-10T11:09:05.534+0000] {dag.py:2676} INFO - Sync 1 DAGs
[2023-01-10T11:09:05.562+0000] {logging_mixin.py:137} INFO - [2023-01-10T11:09:05.562+0000] {dag.py:3427} INFO - Setting next_dagrun for example_branch_dop_operator_v3 to 2023-01-10T11:08:00+00:00, run_after=2023-01-10T11:09:00+00:00
[2023-01-10T11:09:05.579+0000] {processor.py:175} INFO - Processing /home/airflow/.local/lib/python3.7/site-packages/airflow/example_dags/example_branch_python_dop_operator_3.py took 0.097 seconds
[2023-01-10T11:09:35.836+0000] {processor.py:153} INFO - Started process (PID=2429) to work on /home/airflow/.local/lib/python3.7/site-packages/airflow/example_dags/example_branch_python_dop_operator_3.py
[2023-01-10T11:09:35.837+0000] {processor.py:743} INFO - Processing file /home/airflow/.local/lib/python3.7/site-packages/airflow/example_dags/example_branch_python_dop_operator_3.py for tasks to queue
[2023-01-10T11:09:35.838+0000] {logging_mixin.py:137} INFO - [2023-01-10T11:09:35.838+0000] {dagbag.py:538} INFO - Filling up the DagBag from /home/airflow/.local/lib/python3.7/site-packages/airflow/example_dags/example_branch_python_dop_operator_3.py
[2023-01-10T11:09:35.858+0000] {processor.py:753} INFO - DAG(s) dict_keys(['example_branch_dop_operator_v3']) retrieved from /home/airflow/.local/lib/python3.7/site-packages/airflow/example_dags/example_branch_python_dop_operator_3.py
[2023-01-10T11:09:35.890+0000] {logging_mixin.py:137} INFO - [2023-01-10T11:09:35.889+0000] {dag.py:2676} INFO - Sync 1 DAGs
[2023-01-10T11:09:35.915+0000] {logging_mixin.py:137} INFO - [2023-01-10T11:09:35.914+0000] {dag.py:3427} INFO - Setting next_dagrun for example_branch_dop_operator_v3 to 2023-01-10T11:08:00+00:00, run_after=2023-01-10T11:09:00+00:00
[2023-01-10T11:09:35.931+0000] {processor.py:175} INFO - Processing /home/airflow/.local/lib/python3.7/site-packages/airflow/example_dags/example_branch_python_dop_operator_3.py took 0.097 seconds
[2023-01-10T11:10:06.838+0000] {processor.py:153} INFO - Started process (PID=2499) to work on /home/airflow/.local/lib/python3.7/site-packages/airflow/example_dags/example_branch_python_dop_operator_3.py
[2023-01-10T11:10:06.839+0000] {processor.py:743} INFO - Processing file /home/airflow/.local/lib/python3.7/site-packages/airflow/example_dags/example_branch_python_dop_operator_3.py for tasks to queue
[2023-01-10T11:10:06.839+0000] {logging_mixin.py:137} INFO - [2023-01-10T11:10:06.839+0000] {dagbag.py:538} INFO - Filling up the DagBag from /home/airflow/.local/lib/python3.7/site-packages/airflow/example_dags/example_branch_python_dop_operator_3.py
[2023-01-10T11:10:06.858+0000] {processor.py:753} INFO - DAG(s) dict_keys(['example_branch_dop_operator_v3']) retrieved from /home/airflow/.local/lib/python3.7/site-packages/airflow/example_dags/example_branch_python_dop_operator_3.py
[2023-01-10T11:10:06.884+0000] {logging_mixin.py:137} INFO - [2023-01-10T11:10:06.884+0000] {dag.py:2676} INFO - Sync 1 DAGs
[2023-01-10T11:10:06.908+0000] {logging_mixin.py:137} INFO - [2023-01-10T11:10:06.907+0000] {dag.py:3427} INFO - Setting next_dagrun for example_branch_dop_operator_v3 to 2023-01-10T11:09:00+00:00, run_after=2023-01-10T11:10:00+00:00
[2023-01-10T11:10:06.922+0000] {processor.py:175} INFO - Processing /home/airflow/.local/lib/python3.7/site-packages/airflow/example_dags/example_branch_python_dop_operator_3.py took 0.086 seconds
