[2023-01-10T10:54:24.706+0000] {processor.py:153} INFO - Started process (PID=88) to work on /home/airflow/.local/lib/python3.7/site-packages/airflow/example_dags/example_subdag_operator.py
[2023-01-10T10:54:24.707+0000] {processor.py:743} INFO - Processing file /home/airflow/.local/lib/python3.7/site-packages/airflow/example_dags/example_subdag_operator.py for tasks to queue
[2023-01-10T10:54:24.707+0000] {logging_mixin.py:137} INFO - [2023-01-10T10:54:24.707+0000] {dagbag.py:538} INFO - Filling up the DagBag from /home/airflow/.local/lib/python3.7/site-packages/airflow/example_dags/example_subdag_operator.py
[2023-01-10T10:54:24.736+0000] {processor.py:753} INFO - DAG(s) dict_keys(['example_subdag_operator.section-1', 'example_subdag_operator.section-2', 'example_subdag_operator']) retrieved from /home/airflow/.local/lib/python3.7/site-packages/airflow/example_dags/example_subdag_operator.py
[2023-01-10T10:54:24.825+0000] {logging_mixin.py:137} INFO - [2023-01-10T10:54:24.825+0000] {manager.py:504} INFO - Created Permission View: can delete on DAG:example_subdag_operator
[2023-01-10T10:54:24.831+0000] {logging_mixin.py:137} INFO - [2023-01-10T10:54:24.831+0000] {manager.py:504} INFO - Created Permission View: can read on DAG:example_subdag_operator
[2023-01-10T10:54:24.836+0000] {logging_mixin.py:137} INFO - [2023-01-10T10:54:24.835+0000] {manager.py:504} INFO - Created Permission View: can edit on DAG:example_subdag_operator
[2023-01-10T10:54:24.836+0000] {logging_mixin.py:137} INFO - [2023-01-10T10:54:24.836+0000] {dag.py:2676} INFO - Sync 3 DAGs
[2023-01-10T10:54:24.846+0000] {logging_mixin.py:137} INFO - [2023-01-10T10:54:24.845+0000] {dag.py:2697} INFO - Creating ORM DAG for example_subdag_operator.section-1
[2023-01-10T10:54:24.846+0000] {logging_mixin.py:137} INFO - [2023-01-10T10:54:24.846+0000] {dag.py:2697} INFO - Creating ORM DAG for example_subdag_operator.section-2
[2023-01-10T10:54:24.846+0000] {logging_mixin.py:137} INFO - [2023-01-10T10:54:24.846+0000] {dag.py:2697} INFO - Creating ORM DAG for example_subdag_operator
[2023-01-10T10:54:24.855+0000] {logging_mixin.py:137} INFO - [2023-01-10T10:54:24.854+0000] {dag.py:3427} INFO - Setting next_dagrun for example_subdag_operator to 2022-01-01T00:00:00+00:00, run_after=2022-01-01T00:00:00+00:00
[2023-01-10T10:54:24.855+0000] {logging_mixin.py:137} INFO - [2023-01-10T10:54:24.855+0000] {dag.py:3427} INFO - Setting next_dagrun for example_subdag_operator.section-1 to None, run_after=None
[2023-01-10T10:54:24.855+0000] {logging_mixin.py:137} INFO - [2023-01-10T10:54:24.855+0000] {dag.py:3427} INFO - Setting next_dagrun for example_subdag_operator.section-2 to None, run_after=None
[2023-01-10T10:54:24.866+0000] {logging_mixin.py:137} INFO - [2023-01-10T10:54:24.866+0000] {dag.py:2676} INFO - Sync 2 DAGs
[2023-01-10T10:54:24.872+0000] {logging_mixin.py:137} INFO - [2023-01-10T10:54:24.872+0000] {dag.py:3427} INFO - Setting next_dagrun for example_subdag_operator.section-1 to None, run_after=None
[2023-01-10T10:54:24.876+0000] {logging_mixin.py:137} INFO - [2023-01-10T10:54:24.875+0000] {dag.py:3427} INFO - Setting next_dagrun for example_subdag_operator.section-2 to None, run_after=None
[2023-01-10T10:54:24.886+0000] {processor.py:175} INFO - Processing /home/airflow/.local/lib/python3.7/site-packages/airflow/example_dags/example_subdag_operator.py took 0.183 seconds
[2023-01-10T10:54:55.755+0000] {processor.py:153} INFO - Started process (PID=158) to work on /home/airflow/.local/lib/python3.7/site-packages/airflow/example_dags/example_subdag_operator.py
[2023-01-10T10:54:55.755+0000] {processor.py:743} INFO - Processing file /home/airflow/.local/lib/python3.7/site-packages/airflow/example_dags/example_subdag_operator.py for tasks to queue
[2023-01-10T10:54:55.755+0000] {logging_mixin.py:137} INFO - [2023-01-10T10:54:55.755+0000] {dagbag.py:538} INFO - Filling up the DagBag from /home/airflow/.local/lib/python3.7/site-packages/airflow/example_dags/example_subdag_operator.py
[2023-01-10T10:54:55.778+0000] {processor.py:753} INFO - DAG(s) dict_keys(['example_subdag_operator.section-1', 'example_subdag_operator.section-2', 'example_subdag_operator']) retrieved from /home/airflow/.local/lib/python3.7/site-packages/airflow/example_dags/example_subdag_operator.py
[2023-01-10T10:54:55.800+0000] {logging_mixin.py:137} INFO - [2023-01-10T10:54:55.800+0000] {dag.py:2676} INFO - Sync 3 DAGs
[2023-01-10T10:54:55.820+0000] {logging_mixin.py:137} INFO - [2023-01-10T10:54:55.819+0000] {dag.py:3427} INFO - Setting next_dagrun for example_subdag_operator to 2022-01-01T00:00:00+00:00, run_after=2022-01-01T00:00:00+00:00
[2023-01-10T10:54:55.822+0000] {logging_mixin.py:137} INFO - [2023-01-10T10:54:55.822+0000] {dag.py:3427} INFO - Setting next_dagrun for example_subdag_operator.section-1 to None, run_after=None
[2023-01-10T10:54:55.823+0000] {logging_mixin.py:137} INFO - [2023-01-10T10:54:55.823+0000] {dag.py:3427} INFO - Setting next_dagrun for example_subdag_operator.section-2 to None, run_after=None
[2023-01-10T10:54:55.828+0000] {logging_mixin.py:137} INFO - [2023-01-10T10:54:55.828+0000] {dag.py:2676} INFO - Sync 2 DAGs
[2023-01-10T10:54:55.833+0000] {logging_mixin.py:137} INFO - [2023-01-10T10:54:55.832+0000] {dag.py:3427} INFO - Setting next_dagrun for example_subdag_operator.section-1 to None, run_after=None
[2023-01-10T10:54:55.833+0000] {logging_mixin.py:137} INFO - [2023-01-10T10:54:55.833+0000] {dag.py:3427} INFO - Setting next_dagrun for example_subdag_operator.section-2 to None, run_after=None
[2023-01-10T10:54:55.840+0000] {processor.py:175} INFO - Processing /home/airflow/.local/lib/python3.7/site-packages/airflow/example_dags/example_subdag_operator.py took 0.087 seconds
[2023-01-10T10:55:26.554+0000] {processor.py:153} INFO - Started process (PID=245) to work on /home/airflow/.local/lib/python3.7/site-packages/airflow/example_dags/example_subdag_operator.py
[2023-01-10T10:55:26.555+0000] {processor.py:743} INFO - Processing file /home/airflow/.local/lib/python3.7/site-packages/airflow/example_dags/example_subdag_operator.py for tasks to queue
[2023-01-10T10:55:26.555+0000] {logging_mixin.py:137} INFO - [2023-01-10T10:55:26.555+0000] {dagbag.py:538} INFO - Filling up the DagBag from /home/airflow/.local/lib/python3.7/site-packages/airflow/example_dags/example_subdag_operator.py
[2023-01-10T10:55:26.587+0000] {processor.py:753} INFO - DAG(s) dict_keys(['example_subdag_operator.section-1', 'example_subdag_operator.section-2', 'example_subdag_operator']) retrieved from /home/airflow/.local/lib/python3.7/site-packages/airflow/example_dags/example_subdag_operator.py
[2023-01-10T10:55:26.617+0000] {logging_mixin.py:137} INFO - [2023-01-10T10:55:26.616+0000] {dag.py:2676} INFO - Sync 3 DAGs
[2023-01-10T10:55:26.643+0000] {logging_mixin.py:137} INFO - [2023-01-10T10:55:26.643+0000] {dag.py:3427} INFO - Setting next_dagrun for example_subdag_operator to 2022-01-01T00:00:00+00:00, run_after=2022-01-01T00:00:00+00:00
[2023-01-10T10:55:26.646+0000] {logging_mixin.py:137} INFO - [2023-01-10T10:55:26.646+0000] {dag.py:3427} INFO - Setting next_dagrun for example_subdag_operator.section-1 to None, run_after=None
[2023-01-10T10:55:26.647+0000] {logging_mixin.py:137} INFO - [2023-01-10T10:55:26.647+0000] {dag.py:3427} INFO - Setting next_dagrun for example_subdag_operator.section-2 to None, run_after=None
[2023-01-10T10:55:26.654+0000] {logging_mixin.py:137} INFO - [2023-01-10T10:55:26.654+0000] {dag.py:2676} INFO - Sync 2 DAGs
[2023-01-10T10:55:26.659+0000] {logging_mixin.py:137} INFO - [2023-01-10T10:55:26.659+0000] {dag.py:3427} INFO - Setting next_dagrun for example_subdag_operator.section-1 to None, run_after=None
[2023-01-10T10:55:26.660+0000] {logging_mixin.py:137} INFO - [2023-01-10T10:55:26.660+0000] {dag.py:3427} INFO - Setting next_dagrun for example_subdag_operator.section-2 to None, run_after=None
[2023-01-10T10:55:26.671+0000] {processor.py:175} INFO - Processing /home/airflow/.local/lib/python3.7/site-packages/airflow/example_dags/example_subdag_operator.py took 0.120 seconds
[2023-01-10T10:55:57.529+0000] {processor.py:153} INFO - Started process (PID=316) to work on /home/airflow/.local/lib/python3.7/site-packages/airflow/example_dags/example_subdag_operator.py
[2023-01-10T10:55:57.530+0000] {processor.py:743} INFO - Processing file /home/airflow/.local/lib/python3.7/site-packages/airflow/example_dags/example_subdag_operator.py for tasks to queue
[2023-01-10T10:55:57.530+0000] {logging_mixin.py:137} INFO - [2023-01-10T10:55:57.530+0000] {dagbag.py:538} INFO - Filling up the DagBag from /home/airflow/.local/lib/python3.7/site-packages/airflow/example_dags/example_subdag_operator.py
[2023-01-10T10:55:57.553+0000] {processor.py:753} INFO - DAG(s) dict_keys(['example_subdag_operator.section-1', 'example_subdag_operator.section-2', 'example_subdag_operator']) retrieved from /home/airflow/.local/lib/python3.7/site-packages/airflow/example_dags/example_subdag_operator.py
[2023-01-10T10:55:57.575+0000] {logging_mixin.py:137} INFO - [2023-01-10T10:55:57.575+0000] {dag.py:2676} INFO - Sync 3 DAGs
[2023-01-10T10:55:57.594+0000] {logging_mixin.py:137} INFO - [2023-01-10T10:55:57.594+0000] {dag.py:3427} INFO - Setting next_dagrun for example_subdag_operator to 2022-01-01T00:00:00+00:00, run_after=2022-01-01T00:00:00+00:00
[2023-01-10T10:55:57.597+0000] {logging_mixin.py:137} INFO - [2023-01-10T10:55:57.597+0000] {dag.py:3427} INFO - Setting next_dagrun for example_subdag_operator.section-1 to None, run_after=None
[2023-01-10T10:55:57.598+0000] {logging_mixin.py:137} INFO - [2023-01-10T10:55:57.598+0000] {dag.py:3427} INFO - Setting next_dagrun for example_subdag_operator.section-2 to None, run_after=None
[2023-01-10T10:55:57.605+0000] {logging_mixin.py:137} INFO - [2023-01-10T10:55:57.604+0000] {dag.py:2676} INFO - Sync 2 DAGs
[2023-01-10T10:55:57.610+0000] {logging_mixin.py:137} INFO - [2023-01-10T10:55:57.610+0000] {dag.py:3427} INFO - Setting next_dagrun for example_subdag_operator.section-1 to None, run_after=None
[2023-01-10T10:55:57.610+0000] {logging_mixin.py:137} INFO - [2023-01-10T10:55:57.610+0000] {dag.py:3427} INFO - Setting next_dagrun for example_subdag_operator.section-2 to None, run_after=None
[2023-01-10T10:55:57.619+0000] {processor.py:175} INFO - Processing /home/airflow/.local/lib/python3.7/site-packages/airflow/example_dags/example_subdag_operator.py took 0.092 seconds
[2023-01-10T10:56:27.790+0000] {processor.py:153} INFO - Started process (PID=402) to work on /home/airflow/.local/lib/python3.7/site-packages/airflow/example_dags/example_subdag_operator.py
[2023-01-10T10:56:27.790+0000] {processor.py:743} INFO - Processing file /home/airflow/.local/lib/python3.7/site-packages/airflow/example_dags/example_subdag_operator.py for tasks to queue
[2023-01-10T10:56:27.791+0000] {logging_mixin.py:137} INFO - [2023-01-10T10:56:27.791+0000] {dagbag.py:538} INFO - Filling up the DagBag from /home/airflow/.local/lib/python3.7/site-packages/airflow/example_dags/example_subdag_operator.py
[2023-01-10T10:56:27.815+0000] {processor.py:753} INFO - DAG(s) dict_keys(['example_subdag_operator.section-1', 'example_subdag_operator.section-2', 'example_subdag_operator']) retrieved from /home/airflow/.local/lib/python3.7/site-packages/airflow/example_dags/example_subdag_operator.py
[2023-01-10T10:56:27.840+0000] {logging_mixin.py:137} INFO - [2023-01-10T10:56:27.840+0000] {dag.py:2676} INFO - Sync 3 DAGs
[2023-01-10T10:56:27.861+0000] {logging_mixin.py:137} INFO - [2023-01-10T10:56:27.860+0000] {dag.py:3427} INFO - Setting next_dagrun for example_subdag_operator to 2022-01-01T00:00:00+00:00, run_after=2022-01-01T00:00:00+00:00
[2023-01-10T10:56:27.864+0000] {logging_mixin.py:137} INFO - [2023-01-10T10:56:27.864+0000] {dag.py:3427} INFO - Setting next_dagrun for example_subdag_operator.section-1 to None, run_after=None
[2023-01-10T10:56:27.865+0000] {logging_mixin.py:137} INFO - [2023-01-10T10:56:27.865+0000] {dag.py:3427} INFO - Setting next_dagrun for example_subdag_operator.section-2 to None, run_after=None
[2023-01-10T10:56:27.871+0000] {logging_mixin.py:137} INFO - [2023-01-10T10:56:27.871+0000] {dag.py:2676} INFO - Sync 2 DAGs
[2023-01-10T10:56:27.875+0000] {logging_mixin.py:137} INFO - [2023-01-10T10:56:27.875+0000] {dag.py:3427} INFO - Setting next_dagrun for example_subdag_operator.section-1 to None, run_after=None
[2023-01-10T10:56:27.876+0000] {logging_mixin.py:137} INFO - [2023-01-10T10:56:27.876+0000] {dag.py:3427} INFO - Setting next_dagrun for example_subdag_operator.section-2 to None, run_after=None
[2023-01-10T10:56:27.883+0000] {processor.py:175} INFO - Processing /home/airflow/.local/lib/python3.7/site-packages/airflow/example_dags/example_subdag_operator.py took 0.095 seconds
[2023-01-10T10:56:58.839+0000] {processor.py:153} INFO - Started process (PID=472) to work on /home/airflow/.local/lib/python3.7/site-packages/airflow/example_dags/example_subdag_operator.py
[2023-01-10T10:56:58.840+0000] {processor.py:743} INFO - Processing file /home/airflow/.local/lib/python3.7/site-packages/airflow/example_dags/example_subdag_operator.py for tasks to queue
[2023-01-10T10:56:58.840+0000] {logging_mixin.py:137} INFO - [2023-01-10T10:56:58.840+0000] {dagbag.py:538} INFO - Filling up the DagBag from /home/airflow/.local/lib/python3.7/site-packages/airflow/example_dags/example_subdag_operator.py
[2023-01-10T10:56:58.863+0000] {processor.py:753} INFO - DAG(s) dict_keys(['example_subdag_operator.section-1', 'example_subdag_operator.section-2', 'example_subdag_operator']) retrieved from /home/airflow/.local/lib/python3.7/site-packages/airflow/example_dags/example_subdag_operator.py
[2023-01-10T10:56:58.891+0000] {logging_mixin.py:137} INFO - [2023-01-10T10:56:58.891+0000] {dag.py:2676} INFO - Sync 3 DAGs
[2023-01-10T10:56:58.911+0000] {logging_mixin.py:137} INFO - [2023-01-10T10:56:58.911+0000] {dag.py:3427} INFO - Setting next_dagrun for example_subdag_operator to 2022-01-01T00:00:00+00:00, run_after=2022-01-01T00:00:00+00:00
[2023-01-10T10:56:58.914+0000] {logging_mixin.py:137} INFO - [2023-01-10T10:56:58.914+0000] {dag.py:3427} INFO - Setting next_dagrun for example_subdag_operator.section-1 to None, run_after=None
[2023-01-10T10:56:58.915+0000] {logging_mixin.py:137} INFO - [2023-01-10T10:56:58.915+0000] {dag.py:3427} INFO - Setting next_dagrun for example_subdag_operator.section-2 to None, run_after=None
[2023-01-10T10:56:58.923+0000] {logging_mixin.py:137} INFO - [2023-01-10T10:56:58.923+0000] {dag.py:2676} INFO - Sync 2 DAGs
[2023-01-10T10:56:58.928+0000] {logging_mixin.py:137} INFO - [2023-01-10T10:56:58.927+0000] {dag.py:3427} INFO - Setting next_dagrun for example_subdag_operator.section-1 to None, run_after=None
[2023-01-10T10:56:58.928+0000] {logging_mixin.py:137} INFO - [2023-01-10T10:56:58.928+0000] {dag.py:3427} INFO - Setting next_dagrun for example_subdag_operator.section-2 to None, run_after=None
[2023-01-10T10:56:58.935+0000] {processor.py:175} INFO - Processing /home/airflow/.local/lib/python3.7/site-packages/airflow/example_dags/example_subdag_operator.py took 0.098 seconds
[2023-01-10T10:57:29.053+0000] {processor.py:153} INFO - Started process (PID=558) to work on /home/airflow/.local/lib/python3.7/site-packages/airflow/example_dags/example_subdag_operator.py
[2023-01-10T10:57:29.053+0000] {processor.py:743} INFO - Processing file /home/airflow/.local/lib/python3.7/site-packages/airflow/example_dags/example_subdag_operator.py for tasks to queue
[2023-01-10T10:57:29.054+0000] {logging_mixin.py:137} INFO - [2023-01-10T10:57:29.054+0000] {dagbag.py:538} INFO - Filling up the DagBag from /home/airflow/.local/lib/python3.7/site-packages/airflow/example_dags/example_subdag_operator.py
[2023-01-10T10:57:29.077+0000] {processor.py:753} INFO - DAG(s) dict_keys(['example_subdag_operator.section-1', 'example_subdag_operator.section-2', 'example_subdag_operator']) retrieved from /home/airflow/.local/lib/python3.7/site-packages/airflow/example_dags/example_subdag_operator.py
[2023-01-10T10:57:29.101+0000] {logging_mixin.py:137} INFO - [2023-01-10T10:57:29.101+0000] {dag.py:2676} INFO - Sync 3 DAGs
[2023-01-10T10:57:29.119+0000] {logging_mixin.py:137} INFO - [2023-01-10T10:57:29.119+0000] {dag.py:3427} INFO - Setting next_dagrun for example_subdag_operator to 2022-01-01T00:00:00+00:00, run_after=2022-01-01T00:00:00+00:00
[2023-01-10T10:57:29.121+0000] {logging_mixin.py:137} INFO - [2023-01-10T10:57:29.121+0000] {dag.py:3427} INFO - Setting next_dagrun for example_subdag_operator.section-1 to None, run_after=None
[2023-01-10T10:57:29.122+0000] {logging_mixin.py:137} INFO - [2023-01-10T10:57:29.122+0000] {dag.py:3427} INFO - Setting next_dagrun for example_subdag_operator.section-2 to None, run_after=None
[2023-01-10T10:57:29.127+0000] {logging_mixin.py:137} INFO - [2023-01-10T10:57:29.127+0000] {dag.py:2676} INFO - Sync 2 DAGs
[2023-01-10T10:57:29.132+0000] {logging_mixin.py:137} INFO - [2023-01-10T10:57:29.131+0000] {dag.py:3427} INFO - Setting next_dagrun for example_subdag_operator.section-1 to None, run_after=None
[2023-01-10T10:57:29.132+0000] {logging_mixin.py:137} INFO - [2023-01-10T10:57:29.132+0000] {dag.py:3427} INFO - Setting next_dagrun for example_subdag_operator.section-2 to None, run_after=None
[2023-01-10T10:57:29.141+0000] {processor.py:175} INFO - Processing /home/airflow/.local/lib/python3.7/site-packages/airflow/example_dags/example_subdag_operator.py took 0.091 seconds
[2023-01-10T10:57:59.969+0000] {processor.py:153} INFO - Started process (PID=637) to work on /home/airflow/.local/lib/python3.7/site-packages/airflow/example_dags/example_subdag_operator.py
[2023-01-10T10:57:59.970+0000] {processor.py:743} INFO - Processing file /home/airflow/.local/lib/python3.7/site-packages/airflow/example_dags/example_subdag_operator.py for tasks to queue
[2023-01-10T10:57:59.971+0000] {logging_mixin.py:137} INFO - [2023-01-10T10:57:59.970+0000] {dagbag.py:538} INFO - Filling up the DagBag from /home/airflow/.local/lib/python3.7/site-packages/airflow/example_dags/example_subdag_operator.py
[2023-01-10T10:58:00.000+0000] {processor.py:753} INFO - DAG(s) dict_keys(['example_subdag_operator.section-1', 'example_subdag_operator.section-2', 'example_subdag_operator']) retrieved from /home/airflow/.local/lib/python3.7/site-packages/airflow/example_dags/example_subdag_operator.py
[2023-01-10T10:58:00.029+0000] {logging_mixin.py:137} INFO - [2023-01-10T10:58:00.028+0000] {dag.py:2676} INFO - Sync 3 DAGs
[2023-01-10T10:58:00.052+0000] {logging_mixin.py:137} INFO - [2023-01-10T10:58:00.052+0000] {dag.py:3427} INFO - Setting next_dagrun for example_subdag_operator to 2022-01-01T00:00:00+00:00, run_after=2022-01-01T00:00:00+00:00
[2023-01-10T10:58:00.055+0000] {logging_mixin.py:137} INFO - [2023-01-10T10:58:00.055+0000] {dag.py:3427} INFO - Setting next_dagrun for example_subdag_operator.section-1 to None, run_after=None
[2023-01-10T10:58:00.056+0000] {logging_mixin.py:137} INFO - [2023-01-10T10:58:00.056+0000] {dag.py:3427} INFO - Setting next_dagrun for example_subdag_operator.section-2 to None, run_after=None
[2023-01-10T10:58:00.063+0000] {logging_mixin.py:137} INFO - [2023-01-10T10:58:00.062+0000] {dag.py:2676} INFO - Sync 2 DAGs
[2023-01-10T10:58:00.068+0000] {logging_mixin.py:137} INFO - [2023-01-10T10:58:00.067+0000] {dag.py:3427} INFO - Setting next_dagrun for example_subdag_operator.section-1 to None, run_after=None
[2023-01-10T10:58:00.068+0000] {logging_mixin.py:137} INFO - [2023-01-10T10:58:00.068+0000] {dag.py:3427} INFO - Setting next_dagrun for example_subdag_operator.section-2 to None, run_after=None
[2023-01-10T10:58:00.079+0000] {processor.py:175} INFO - Processing /home/airflow/.local/lib/python3.7/site-packages/airflow/example_dags/example_subdag_operator.py took 0.112 seconds
[2023-01-10T10:58:30.933+0000] {processor.py:153} INFO - Started process (PID=714) to work on /home/airflow/.local/lib/python3.7/site-packages/airflow/example_dags/example_subdag_operator.py
[2023-01-10T10:58:30.934+0000] {processor.py:743} INFO - Processing file /home/airflow/.local/lib/python3.7/site-packages/airflow/example_dags/example_subdag_operator.py for tasks to queue
[2023-01-10T10:58:30.935+0000] {logging_mixin.py:137} INFO - [2023-01-10T10:58:30.935+0000] {dagbag.py:538} INFO - Filling up the DagBag from /home/airflow/.local/lib/python3.7/site-packages/airflow/example_dags/example_subdag_operator.py
[2023-01-10T10:58:30.959+0000] {processor.py:753} INFO - DAG(s) dict_keys(['example_subdag_operator.section-1', 'example_subdag_operator.section-2', 'example_subdag_operator']) retrieved from /home/airflow/.local/lib/python3.7/site-packages/airflow/example_dags/example_subdag_operator.py
[2023-01-10T10:58:30.983+0000] {logging_mixin.py:137} INFO - [2023-01-10T10:58:30.983+0000] {dag.py:2676} INFO - Sync 3 DAGs
[2023-01-10T10:58:31.004+0000] {logging_mixin.py:137} INFO - [2023-01-10T10:58:31.004+0000] {dag.py:3427} INFO - Setting next_dagrun for example_subdag_operator to 2022-01-01T00:00:00+00:00, run_after=2022-01-01T00:00:00+00:00
[2023-01-10T10:58:31.007+0000] {logging_mixin.py:137} INFO - [2023-01-10T10:58:31.007+0000] {dag.py:3427} INFO - Setting next_dagrun for example_subdag_operator.section-1 to None, run_after=None
[2023-01-10T10:58:31.008+0000] {logging_mixin.py:137} INFO - [2023-01-10T10:58:31.008+0000] {dag.py:3427} INFO - Setting next_dagrun for example_subdag_operator.section-2 to None, run_after=None
[2023-01-10T10:58:31.015+0000] {logging_mixin.py:137} INFO - [2023-01-10T10:58:31.015+0000] {dag.py:2676} INFO - Sync 2 DAGs
[2023-01-10T10:58:31.020+0000] {logging_mixin.py:137} INFO - [2023-01-10T10:58:31.020+0000] {dag.py:3427} INFO - Setting next_dagrun for example_subdag_operator.section-1 to None, run_after=None
[2023-01-10T10:58:31.020+0000] {logging_mixin.py:137} INFO - [2023-01-10T10:58:31.020+0000] {dag.py:3427} INFO - Setting next_dagrun for example_subdag_operator.section-2 to None, run_after=None
[2023-01-10T10:58:31.028+0000] {processor.py:175} INFO - Processing /home/airflow/.local/lib/python3.7/site-packages/airflow/example_dags/example_subdag_operator.py took 0.096 seconds
[2023-01-10T10:59:01.317+0000] {processor.py:153} INFO - Started process (PID=799) to work on /home/airflow/.local/lib/python3.7/site-packages/airflow/example_dags/example_subdag_operator.py
[2023-01-10T10:59:01.318+0000] {processor.py:743} INFO - Processing file /home/airflow/.local/lib/python3.7/site-packages/airflow/example_dags/example_subdag_operator.py for tasks to queue
[2023-01-10T10:59:01.318+0000] {logging_mixin.py:137} INFO - [2023-01-10T10:59:01.318+0000] {dagbag.py:538} INFO - Filling up the DagBag from /home/airflow/.local/lib/python3.7/site-packages/airflow/example_dags/example_subdag_operator.py
[2023-01-10T10:59:01.343+0000] {processor.py:753} INFO - DAG(s) dict_keys(['example_subdag_operator.section-1', 'example_subdag_operator.section-2', 'example_subdag_operator']) retrieved from /home/airflow/.local/lib/python3.7/site-packages/airflow/example_dags/example_subdag_operator.py
[2023-01-10T10:59:01.365+0000] {logging_mixin.py:137} INFO - [2023-01-10T10:59:01.365+0000] {dag.py:2676} INFO - Sync 3 DAGs
[2023-01-10T10:59:01.387+0000] {logging_mixin.py:137} INFO - [2023-01-10T10:59:01.387+0000] {dag.py:3427} INFO - Setting next_dagrun for example_subdag_operator to 2022-01-01T00:00:00+00:00, run_after=2022-01-01T00:00:00+00:00
[2023-01-10T10:59:01.390+0000] {logging_mixin.py:137} INFO - [2023-01-10T10:59:01.390+0000] {dag.py:3427} INFO - Setting next_dagrun for example_subdag_operator.section-1 to None, run_after=None
[2023-01-10T10:59:01.391+0000] {logging_mixin.py:137} INFO - [2023-01-10T10:59:01.391+0000] {dag.py:3427} INFO - Setting next_dagrun for example_subdag_operator.section-2 to None, run_after=None
[2023-01-10T10:59:01.396+0000] {logging_mixin.py:137} INFO - [2023-01-10T10:59:01.396+0000] {dag.py:2676} INFO - Sync 2 DAGs
[2023-01-10T10:59:01.401+0000] {logging_mixin.py:137} INFO - [2023-01-10T10:59:01.401+0000] {dag.py:3427} INFO - Setting next_dagrun for example_subdag_operator.section-1 to None, run_after=None
[2023-01-10T10:59:01.401+0000] {logging_mixin.py:137} INFO - [2023-01-10T10:59:01.401+0000] {dag.py:3427} INFO - Setting next_dagrun for example_subdag_operator.section-2 to None, run_after=None
[2023-01-10T10:59:01.411+0000] {processor.py:175} INFO - Processing /home/airflow/.local/lib/python3.7/site-packages/airflow/example_dags/example_subdag_operator.py took 0.097 seconds
[2023-01-10T10:59:31.552+0000] {processor.py:153} INFO - Started process (PID=869) to work on /home/airflow/.local/lib/python3.7/site-packages/airflow/example_dags/example_subdag_operator.py
[2023-01-10T10:59:31.552+0000] {processor.py:743} INFO - Processing file /home/airflow/.local/lib/python3.7/site-packages/airflow/example_dags/example_subdag_operator.py for tasks to queue
[2023-01-10T10:59:31.553+0000] {logging_mixin.py:137} INFO - [2023-01-10T10:59:31.553+0000] {dagbag.py:538} INFO - Filling up the DagBag from /home/airflow/.local/lib/python3.7/site-packages/airflow/example_dags/example_subdag_operator.py
[2023-01-10T10:59:31.577+0000] {processor.py:753} INFO - DAG(s) dict_keys(['example_subdag_operator.section-1', 'example_subdag_operator.section-2', 'example_subdag_operator']) retrieved from /home/airflow/.local/lib/python3.7/site-packages/airflow/example_dags/example_subdag_operator.py
[2023-01-10T10:59:31.602+0000] {logging_mixin.py:137} INFO - [2023-01-10T10:59:31.602+0000] {dag.py:2676} INFO - Sync 3 DAGs
[2023-01-10T10:59:31.623+0000] {logging_mixin.py:137} INFO - [2023-01-10T10:59:31.622+0000] {dag.py:3427} INFO - Setting next_dagrun for example_subdag_operator to 2022-01-01T00:00:00+00:00, run_after=2022-01-01T00:00:00+00:00
[2023-01-10T10:59:31.625+0000] {logging_mixin.py:137} INFO - [2023-01-10T10:59:31.625+0000] {dag.py:3427} INFO - Setting next_dagrun for example_subdag_operator.section-1 to None, run_after=None
[2023-01-10T10:59:31.626+0000] {logging_mixin.py:137} INFO - [2023-01-10T10:59:31.626+0000] {dag.py:3427} INFO - Setting next_dagrun for example_subdag_operator.section-2 to None, run_after=None
[2023-01-10T10:59:31.633+0000] {logging_mixin.py:137} INFO - [2023-01-10T10:59:31.633+0000] {dag.py:2676} INFO - Sync 2 DAGs
[2023-01-10T10:59:31.637+0000] {logging_mixin.py:137} INFO - [2023-01-10T10:59:31.637+0000] {dag.py:3427} INFO - Setting next_dagrun for example_subdag_operator.section-1 to None, run_after=None
[2023-01-10T10:59:31.637+0000] {logging_mixin.py:137} INFO - [2023-01-10T10:59:31.637+0000] {dag.py:3427} INFO - Setting next_dagrun for example_subdag_operator.section-2 to None, run_after=None
[2023-01-10T10:59:31.645+0000] {processor.py:175} INFO - Processing /home/airflow/.local/lib/python3.7/site-packages/airflow/example_dags/example_subdag_operator.py took 0.095 seconds
[2023-01-10T11:00:01.766+0000] {processor.py:153} INFO - Started process (PID=956) to work on /home/airflow/.local/lib/python3.7/site-packages/airflow/example_dags/example_subdag_operator.py
[2023-01-10T11:00:01.767+0000] {processor.py:743} INFO - Processing file /home/airflow/.local/lib/python3.7/site-packages/airflow/example_dags/example_subdag_operator.py for tasks to queue
[2023-01-10T11:00:01.767+0000] {logging_mixin.py:137} INFO - [2023-01-10T11:00:01.767+0000] {dagbag.py:538} INFO - Filling up the DagBag from /home/airflow/.local/lib/python3.7/site-packages/airflow/example_dags/example_subdag_operator.py
[2023-01-10T11:00:01.792+0000] {processor.py:753} INFO - DAG(s) dict_keys(['example_subdag_operator.section-1', 'example_subdag_operator.section-2', 'example_subdag_operator']) retrieved from /home/airflow/.local/lib/python3.7/site-packages/airflow/example_dags/example_subdag_operator.py
[2023-01-10T11:00:01.817+0000] {logging_mixin.py:137} INFO - [2023-01-10T11:00:01.817+0000] {dag.py:2676} INFO - Sync 3 DAGs
[2023-01-10T11:00:01.839+0000] {logging_mixin.py:137} INFO - [2023-01-10T11:00:01.838+0000] {dag.py:3427} INFO - Setting next_dagrun for example_subdag_operator to 2022-01-01T00:00:00+00:00, run_after=2022-01-01T00:00:00+00:00
[2023-01-10T11:00:01.842+0000] {logging_mixin.py:137} INFO - [2023-01-10T11:00:01.842+0000] {dag.py:3427} INFO - Setting next_dagrun for example_subdag_operator.section-1 to None, run_after=None
[2023-01-10T11:00:01.843+0000] {logging_mixin.py:137} INFO - [2023-01-10T11:00:01.843+0000] {dag.py:3427} INFO - Setting next_dagrun for example_subdag_operator.section-2 to None, run_after=None
[2023-01-10T11:00:01.850+0000] {logging_mixin.py:137} INFO - [2023-01-10T11:00:01.849+0000] {dag.py:2676} INFO - Sync 2 DAGs
[2023-01-10T11:00:01.854+0000] {logging_mixin.py:137} INFO - [2023-01-10T11:00:01.853+0000] {dag.py:3427} INFO - Setting next_dagrun for example_subdag_operator.section-1 to None, run_after=None
[2023-01-10T11:00:01.854+0000] {logging_mixin.py:137} INFO - [2023-01-10T11:00:01.854+0000] {dag.py:3427} INFO - Setting next_dagrun for example_subdag_operator.section-2 to None, run_after=None
[2023-01-10T11:00:01.862+0000] {processor.py:175} INFO - Processing /home/airflow/.local/lib/python3.7/site-packages/airflow/example_dags/example_subdag_operator.py took 0.098 seconds
[2023-01-10T11:00:31.899+0000] {processor.py:153} INFO - Started process (PID=1026) to work on /home/airflow/.local/lib/python3.7/site-packages/airflow/example_dags/example_subdag_operator.py
[2023-01-10T11:00:31.900+0000] {processor.py:743} INFO - Processing file /home/airflow/.local/lib/python3.7/site-packages/airflow/example_dags/example_subdag_operator.py for tasks to queue
[2023-01-10T11:00:31.900+0000] {logging_mixin.py:137} INFO - [2023-01-10T11:00:31.900+0000] {dagbag.py:538} INFO - Filling up the DagBag from /home/airflow/.local/lib/python3.7/site-packages/airflow/example_dags/example_subdag_operator.py
[2023-01-10T11:00:31.926+0000] {processor.py:753} INFO - DAG(s) dict_keys(['example_subdag_operator.section-1', 'example_subdag_operator.section-2', 'example_subdag_operator']) retrieved from /home/airflow/.local/lib/python3.7/site-packages/airflow/example_dags/example_subdag_operator.py
[2023-01-10T11:00:31.956+0000] {logging_mixin.py:137} INFO - [2023-01-10T11:00:31.956+0000] {dag.py:2676} INFO - Sync 3 DAGs
[2023-01-10T11:00:31.976+0000] {logging_mixin.py:137} INFO - [2023-01-10T11:00:31.976+0000] {dag.py:3427} INFO - Setting next_dagrun for example_subdag_operator to 2022-01-01T00:00:00+00:00, run_after=2022-01-01T00:00:00+00:00
[2023-01-10T11:00:31.980+0000] {logging_mixin.py:137} INFO - [2023-01-10T11:00:31.980+0000] {dag.py:3427} INFO - Setting next_dagrun for example_subdag_operator.section-1 to None, run_after=None
[2023-01-10T11:00:31.981+0000] {logging_mixin.py:137} INFO - [2023-01-10T11:00:31.981+0000] {dag.py:3427} INFO - Setting next_dagrun for example_subdag_operator.section-2 to None, run_after=None
[2023-01-10T11:00:31.987+0000] {logging_mixin.py:137} INFO - [2023-01-10T11:00:31.987+0000] {dag.py:2676} INFO - Sync 2 DAGs
[2023-01-10T11:00:31.992+0000] {logging_mixin.py:137} INFO - [2023-01-10T11:00:31.992+0000] {dag.py:3427} INFO - Setting next_dagrun for example_subdag_operator.section-1 to None, run_after=None
[2023-01-10T11:00:31.992+0000] {logging_mixin.py:137} INFO - [2023-01-10T11:00:31.992+0000] {dag.py:3427} INFO - Setting next_dagrun for example_subdag_operator.section-2 to None, run_after=None
[2023-01-10T11:00:32.002+0000] {processor.py:175} INFO - Processing /home/airflow/.local/lib/python3.7/site-packages/airflow/example_dags/example_subdag_operator.py took 0.105 seconds
[2023-01-10T11:01:02.080+0000] {processor.py:153} INFO - Started process (PID=1112) to work on /home/airflow/.local/lib/python3.7/site-packages/airflow/example_dags/example_subdag_operator.py
[2023-01-10T11:01:02.080+0000] {processor.py:743} INFO - Processing file /home/airflow/.local/lib/python3.7/site-packages/airflow/example_dags/example_subdag_operator.py for tasks to queue
[2023-01-10T11:01:02.081+0000] {logging_mixin.py:137} INFO - [2023-01-10T11:01:02.081+0000] {dagbag.py:538} INFO - Filling up the DagBag from /home/airflow/.local/lib/python3.7/site-packages/airflow/example_dags/example_subdag_operator.py
[2023-01-10T11:01:02.109+0000] {processor.py:753} INFO - DAG(s) dict_keys(['example_subdag_operator.section-1', 'example_subdag_operator.section-2', 'example_subdag_operator']) retrieved from /home/airflow/.local/lib/python3.7/site-packages/airflow/example_dags/example_subdag_operator.py
[2023-01-10T11:01:02.133+0000] {logging_mixin.py:137} INFO - [2023-01-10T11:01:02.133+0000] {dag.py:2676} INFO - Sync 3 DAGs
[2023-01-10T11:01:02.157+0000] {logging_mixin.py:137} INFO - [2023-01-10T11:01:02.157+0000] {dag.py:3427} INFO - Setting next_dagrun for example_subdag_operator to 2022-01-01T00:00:00+00:00, run_after=2022-01-01T00:00:00+00:00
[2023-01-10T11:01:02.161+0000] {logging_mixin.py:137} INFO - [2023-01-10T11:01:02.161+0000] {dag.py:3427} INFO - Setting next_dagrun for example_subdag_operator.section-1 to None, run_after=None
[2023-01-10T11:01:02.163+0000] {logging_mixin.py:137} INFO - [2023-01-10T11:01:02.163+0000] {dag.py:3427} INFO - Setting next_dagrun for example_subdag_operator.section-2 to None, run_after=None
[2023-01-10T11:01:02.173+0000] {logging_mixin.py:137} INFO - [2023-01-10T11:01:02.173+0000] {dag.py:2676} INFO - Sync 2 DAGs
[2023-01-10T11:01:02.179+0000] {logging_mixin.py:137} INFO - [2023-01-10T11:01:02.179+0000] {dag.py:3427} INFO - Setting next_dagrun for example_subdag_operator.section-1 to None, run_after=None
[2023-01-10T11:01:02.179+0000] {logging_mixin.py:137} INFO - [2023-01-10T11:01:02.179+0000] {dag.py:3427} INFO - Setting next_dagrun for example_subdag_operator.section-2 to None, run_after=None
[2023-01-10T11:01:02.186+0000] {processor.py:175} INFO - Processing /home/airflow/.local/lib/python3.7/site-packages/airflow/example_dags/example_subdag_operator.py took 0.108 seconds
[2023-01-10T11:01:32.315+0000] {processor.py:153} INFO - Started process (PID=1182) to work on /home/airflow/.local/lib/python3.7/site-packages/airflow/example_dags/example_subdag_operator.py
[2023-01-10T11:01:32.316+0000] {processor.py:743} INFO - Processing file /home/airflow/.local/lib/python3.7/site-packages/airflow/example_dags/example_subdag_operator.py for tasks to queue
[2023-01-10T11:01:32.316+0000] {logging_mixin.py:137} INFO - [2023-01-10T11:01:32.316+0000] {dagbag.py:538} INFO - Filling up the DagBag from /home/airflow/.local/lib/python3.7/site-packages/airflow/example_dags/example_subdag_operator.py
[2023-01-10T11:01:32.342+0000] {processor.py:753} INFO - DAG(s) dict_keys(['example_subdag_operator.section-1', 'example_subdag_operator.section-2', 'example_subdag_operator']) retrieved from /home/airflow/.local/lib/python3.7/site-packages/airflow/example_dags/example_subdag_operator.py
[2023-01-10T11:01:32.373+0000] {logging_mixin.py:137} INFO - [2023-01-10T11:01:32.373+0000] {dag.py:2676} INFO - Sync 3 DAGs
[2023-01-10T11:01:32.404+0000] {logging_mixin.py:137} INFO - [2023-01-10T11:01:32.404+0000] {dag.py:3427} INFO - Setting next_dagrun for example_subdag_operator to 2022-01-01T00:00:00+00:00, run_after=2022-01-01T00:00:00+00:00
[2023-01-10T11:01:32.409+0000] {logging_mixin.py:137} INFO - [2023-01-10T11:01:32.409+0000] {dag.py:3427} INFO - Setting next_dagrun for example_subdag_operator.section-1 to None, run_after=None
[2023-01-10T11:01:32.418+0000] {logging_mixin.py:137} INFO - [2023-01-10T11:01:32.417+0000] {dag.py:3427} INFO - Setting next_dagrun for example_subdag_operator.section-2 to None, run_after=None
[2023-01-10T11:01:32.436+0000] {logging_mixin.py:137} INFO - [2023-01-10T11:01:32.435+0000] {dag.py:2676} INFO - Sync 2 DAGs
[2023-01-10T11:01:32.450+0000] {logging_mixin.py:137} INFO - [2023-01-10T11:01:32.449+0000] {dag.py:3427} INFO - Setting next_dagrun for example_subdag_operator.section-1 to None, run_after=None
[2023-01-10T11:01:32.450+0000] {logging_mixin.py:137} INFO - [2023-01-10T11:01:32.450+0000] {dag.py:3427} INFO - Setting next_dagrun for example_subdag_operator.section-2 to None, run_after=None
[2023-01-10T11:01:32.466+0000] {processor.py:175} INFO - Processing /home/airflow/.local/lib/python3.7/site-packages/airflow/example_dags/example_subdag_operator.py took 0.154 seconds
[2023-01-10T11:02:02.697+0000] {processor.py:153} INFO - Started process (PID=1269) to work on /home/airflow/.local/lib/python3.7/site-packages/airflow/example_dags/example_subdag_operator.py
[2023-01-10T11:02:02.698+0000] {processor.py:743} INFO - Processing file /home/airflow/.local/lib/python3.7/site-packages/airflow/example_dags/example_subdag_operator.py for tasks to queue
[2023-01-10T11:02:02.698+0000] {logging_mixin.py:137} INFO - [2023-01-10T11:02:02.698+0000] {dagbag.py:538} INFO - Filling up the DagBag from /home/airflow/.local/lib/python3.7/site-packages/airflow/example_dags/example_subdag_operator.py
[2023-01-10T11:02:02.724+0000] {processor.py:753} INFO - DAG(s) dict_keys(['example_subdag_operator.section-1', 'example_subdag_operator.section-2', 'example_subdag_operator']) retrieved from /home/airflow/.local/lib/python3.7/site-packages/airflow/example_dags/example_subdag_operator.py
[2023-01-10T11:02:02.749+0000] {logging_mixin.py:137} INFO - [2023-01-10T11:02:02.749+0000] {dag.py:2676} INFO - Sync 3 DAGs
[2023-01-10T11:02:02.768+0000] {logging_mixin.py:137} INFO - [2023-01-10T11:02:02.768+0000] {dag.py:3427} INFO - Setting next_dagrun for example_subdag_operator to 2022-01-01T00:00:00+00:00, run_after=2022-01-01T00:00:00+00:00
[2023-01-10T11:02:02.772+0000] {logging_mixin.py:137} INFO - [2023-01-10T11:02:02.772+0000] {dag.py:3427} INFO - Setting next_dagrun for example_subdag_operator.section-1 to None, run_after=None
[2023-01-10T11:02:02.773+0000] {logging_mixin.py:137} INFO - [2023-01-10T11:02:02.773+0000] {dag.py:3427} INFO - Setting next_dagrun for example_subdag_operator.section-2 to None, run_after=None
[2023-01-10T11:02:02.779+0000] {logging_mixin.py:137} INFO - [2023-01-10T11:02:02.779+0000] {dag.py:2676} INFO - Sync 2 DAGs
[2023-01-10T11:02:02.783+0000] {logging_mixin.py:137} INFO - [2023-01-10T11:02:02.783+0000] {dag.py:3427} INFO - Setting next_dagrun for example_subdag_operator.section-1 to None, run_after=None
[2023-01-10T11:02:02.783+0000] {logging_mixin.py:137} INFO - [2023-01-10T11:02:02.783+0000] {dag.py:3427} INFO - Setting next_dagrun for example_subdag_operator.section-2 to None, run_after=None
[2023-01-10T11:02:02.793+0000] {processor.py:175} INFO - Processing /home/airflow/.local/lib/python3.7/site-packages/airflow/example_dags/example_subdag_operator.py took 0.097 seconds
[2023-01-10T11:02:33.716+0000] {processor.py:153} INFO - Started process (PID=1339) to work on /home/airflow/.local/lib/python3.7/site-packages/airflow/example_dags/example_subdag_operator.py
[2023-01-10T11:02:33.717+0000] {processor.py:743} INFO - Processing file /home/airflow/.local/lib/python3.7/site-packages/airflow/example_dags/example_subdag_operator.py for tasks to queue
[2023-01-10T11:02:33.718+0000] {logging_mixin.py:137} INFO - [2023-01-10T11:02:33.718+0000] {dagbag.py:538} INFO - Filling up the DagBag from /home/airflow/.local/lib/python3.7/site-packages/airflow/example_dags/example_subdag_operator.py
[2023-01-10T11:02:33.748+0000] {processor.py:753} INFO - DAG(s) dict_keys(['example_subdag_operator.section-1', 'example_subdag_operator.section-2', 'example_subdag_operator']) retrieved from /home/airflow/.local/lib/python3.7/site-packages/airflow/example_dags/example_subdag_operator.py
[2023-01-10T11:02:33.774+0000] {logging_mixin.py:137} INFO - [2023-01-10T11:02:33.774+0000] {dag.py:2676} INFO - Sync 3 DAGs
[2023-01-10T11:02:33.794+0000] {logging_mixin.py:137} INFO - [2023-01-10T11:02:33.794+0000] {dag.py:3427} INFO - Setting next_dagrun for example_subdag_operator to 2022-01-01T00:00:00+00:00, run_after=2022-01-01T00:00:00+00:00
[2023-01-10T11:02:33.800+0000] {logging_mixin.py:137} INFO - [2023-01-10T11:02:33.799+0000] {dag.py:3427} INFO - Setting next_dagrun for example_subdag_operator.section-1 to None, run_after=None
[2023-01-10T11:02:33.801+0000] {logging_mixin.py:137} INFO - [2023-01-10T11:02:33.801+0000] {dag.py:3427} INFO - Setting next_dagrun for example_subdag_operator.section-2 to None, run_after=None
[2023-01-10T11:02:33.807+0000] {logging_mixin.py:137} INFO - [2023-01-10T11:02:33.807+0000] {dag.py:2676} INFO - Sync 2 DAGs
[2023-01-10T11:02:33.812+0000] {logging_mixin.py:137} INFO - [2023-01-10T11:02:33.812+0000] {dag.py:3427} INFO - Setting next_dagrun for example_subdag_operator.section-1 to None, run_after=None
[2023-01-10T11:02:33.812+0000] {logging_mixin.py:137} INFO - [2023-01-10T11:02:33.812+0000] {dag.py:3427} INFO - Setting next_dagrun for example_subdag_operator.section-2 to None, run_after=None
[2023-01-10T11:02:33.822+0000] {processor.py:175} INFO - Processing /home/airflow/.local/lib/python3.7/site-packages/airflow/example_dags/example_subdag_operator.py took 0.108 seconds
[2023-01-10T11:03:03.895+0000] {processor.py:153} INFO - Started process (PID=1425) to work on /home/airflow/.local/lib/python3.7/site-packages/airflow/example_dags/example_subdag_operator.py
[2023-01-10T11:03:03.896+0000] {processor.py:743} INFO - Processing file /home/airflow/.local/lib/python3.7/site-packages/airflow/example_dags/example_subdag_operator.py for tasks to queue
[2023-01-10T11:03:03.896+0000] {logging_mixin.py:137} INFO - [2023-01-10T11:03:03.896+0000] {dagbag.py:538} INFO - Filling up the DagBag from /home/airflow/.local/lib/python3.7/site-packages/airflow/example_dags/example_subdag_operator.py
[2023-01-10T11:03:03.920+0000] {processor.py:753} INFO - DAG(s) dict_keys(['example_subdag_operator.section-1', 'example_subdag_operator.section-2', 'example_subdag_operator']) retrieved from /home/airflow/.local/lib/python3.7/site-packages/airflow/example_dags/example_subdag_operator.py
[2023-01-10T11:03:03.946+0000] {logging_mixin.py:137} INFO - [2023-01-10T11:03:03.945+0000] {dag.py:2676} INFO - Sync 3 DAGs
[2023-01-10T11:03:03.965+0000] {logging_mixin.py:137} INFO - [2023-01-10T11:03:03.965+0000] {dag.py:3427} INFO - Setting next_dagrun for example_subdag_operator to 2022-01-01T00:00:00+00:00, run_after=2022-01-01T00:00:00+00:00
[2023-01-10T11:03:03.968+0000] {logging_mixin.py:137} INFO - [2023-01-10T11:03:03.968+0000] {dag.py:3427} INFO - Setting next_dagrun for example_subdag_operator.section-1 to None, run_after=None
[2023-01-10T11:03:03.969+0000] {logging_mixin.py:137} INFO - [2023-01-10T11:03:03.969+0000] {dag.py:3427} INFO - Setting next_dagrun for example_subdag_operator.section-2 to None, run_after=None
[2023-01-10T11:03:03.975+0000] {logging_mixin.py:137} INFO - [2023-01-10T11:03:03.975+0000] {dag.py:2676} INFO - Sync 2 DAGs
[2023-01-10T11:03:03.979+0000] {logging_mixin.py:137} INFO - [2023-01-10T11:03:03.979+0000] {dag.py:3427} INFO - Setting next_dagrun for example_subdag_operator.section-1 to None, run_after=None
[2023-01-10T11:03:03.979+0000] {logging_mixin.py:137} INFO - [2023-01-10T11:03:03.979+0000] {dag.py:3427} INFO - Setting next_dagrun for example_subdag_operator.section-2 to None, run_after=None
[2023-01-10T11:03:03.987+0000] {processor.py:175} INFO - Processing /home/airflow/.local/lib/python3.7/site-packages/airflow/example_dags/example_subdag_operator.py took 0.093 seconds
[2023-01-10T11:03:34.129+0000] {processor.py:153} INFO - Started process (PID=1496) to work on /home/airflow/.local/lib/python3.7/site-packages/airflow/example_dags/example_subdag_operator.py
[2023-01-10T11:03:34.130+0000] {processor.py:743} INFO - Processing file /home/airflow/.local/lib/python3.7/site-packages/airflow/example_dags/example_subdag_operator.py for tasks to queue
[2023-01-10T11:03:34.131+0000] {logging_mixin.py:137} INFO - [2023-01-10T11:03:34.130+0000] {dagbag.py:538} INFO - Filling up the DagBag from /home/airflow/.local/lib/python3.7/site-packages/airflow/example_dags/example_subdag_operator.py
[2023-01-10T11:03:34.161+0000] {processor.py:753} INFO - DAG(s) dict_keys(['example_subdag_operator.section-1', 'example_subdag_operator.section-2', 'example_subdag_operator']) retrieved from /home/airflow/.local/lib/python3.7/site-packages/airflow/example_dags/example_subdag_operator.py
[2023-01-10T11:03:34.196+0000] {logging_mixin.py:137} INFO - [2023-01-10T11:03:34.196+0000] {dag.py:2676} INFO - Sync 3 DAGs
[2023-01-10T11:03:34.249+0000] {logging_mixin.py:137} INFO - [2023-01-10T11:03:34.248+0000] {dag.py:3427} INFO - Setting next_dagrun for example_subdag_operator to 2022-01-01T00:00:00+00:00, run_after=2022-01-01T00:00:00+00:00
[2023-01-10T11:03:34.253+0000] {logging_mixin.py:137} INFO - [2023-01-10T11:03:34.252+0000] {dag.py:3427} INFO - Setting next_dagrun for example_subdag_operator.section-1 to None, run_after=None
[2023-01-10T11:03:34.254+0000] {logging_mixin.py:137} INFO - [2023-01-10T11:03:34.254+0000] {dag.py:3427} INFO - Setting next_dagrun for example_subdag_operator.section-2 to None, run_after=None
[2023-01-10T11:03:34.262+0000] {logging_mixin.py:137} INFO - [2023-01-10T11:03:34.262+0000] {dag.py:2676} INFO - Sync 2 DAGs
[2023-01-10T11:03:34.268+0000] {logging_mixin.py:137} INFO - [2023-01-10T11:03:34.268+0000] {dag.py:3427} INFO - Setting next_dagrun for example_subdag_operator.section-1 to None, run_after=None
[2023-01-10T11:03:34.268+0000] {logging_mixin.py:137} INFO - [2023-01-10T11:03:34.268+0000] {dag.py:3427} INFO - Setting next_dagrun for example_subdag_operator.section-2 to None, run_after=None
[2023-01-10T11:03:34.280+0000] {processor.py:175} INFO - Processing /home/airflow/.local/lib/python3.7/site-packages/airflow/example_dags/example_subdag_operator.py took 0.153 seconds
[2023-01-10T11:04:04.313+0000] {processor.py:153} INFO - Started process (PID=1582) to work on /home/airflow/.local/lib/python3.7/site-packages/airflow/example_dags/example_subdag_operator.py
[2023-01-10T11:04:04.314+0000] {processor.py:743} INFO - Processing file /home/airflow/.local/lib/python3.7/site-packages/airflow/example_dags/example_subdag_operator.py for tasks to queue
[2023-01-10T11:04:04.314+0000] {logging_mixin.py:137} INFO - [2023-01-10T11:04:04.314+0000] {dagbag.py:538} INFO - Filling up the DagBag from /home/airflow/.local/lib/python3.7/site-packages/airflow/example_dags/example_subdag_operator.py
[2023-01-10T11:04:04.336+0000] {processor.py:753} INFO - DAG(s) dict_keys(['example_subdag_operator.section-1', 'example_subdag_operator.section-2', 'example_subdag_operator']) retrieved from /home/airflow/.local/lib/python3.7/site-packages/airflow/example_dags/example_subdag_operator.py
[2023-01-10T11:04:04.358+0000] {logging_mixin.py:137} INFO - [2023-01-10T11:04:04.358+0000] {dag.py:2676} INFO - Sync 3 DAGs
[2023-01-10T11:04:04.376+0000] {logging_mixin.py:137} INFO - [2023-01-10T11:04:04.376+0000] {dag.py:3427} INFO - Setting next_dagrun for example_subdag_operator to 2022-01-01T00:00:00+00:00, run_after=2022-01-01T00:00:00+00:00
[2023-01-10T11:04:04.378+0000] {logging_mixin.py:137} INFO - [2023-01-10T11:04:04.378+0000] {dag.py:3427} INFO - Setting next_dagrun for example_subdag_operator.section-1 to None, run_after=None
[2023-01-10T11:04:04.379+0000] {logging_mixin.py:137} INFO - [2023-01-10T11:04:04.379+0000] {dag.py:3427} INFO - Setting next_dagrun for example_subdag_operator.section-2 to None, run_after=None
[2023-01-10T11:04:04.384+0000] {logging_mixin.py:137} INFO - [2023-01-10T11:04:04.384+0000] {dag.py:2676} INFO - Sync 2 DAGs
[2023-01-10T11:04:04.387+0000] {logging_mixin.py:137} INFO - [2023-01-10T11:04:04.387+0000] {dag.py:3427} INFO - Setting next_dagrun for example_subdag_operator.section-1 to None, run_after=None
[2023-01-10T11:04:04.387+0000] {logging_mixin.py:137} INFO - [2023-01-10T11:04:04.387+0000] {dag.py:3427} INFO - Setting next_dagrun for example_subdag_operator.section-2 to None, run_after=None
[2023-01-10T11:04:04.395+0000] {processor.py:175} INFO - Processing /home/airflow/.local/lib/python3.7/site-packages/airflow/example_dags/example_subdag_operator.py took 0.083 seconds
[2023-01-10T11:04:35.323+0000] {processor.py:153} INFO - Started process (PID=1661) to work on /home/airflow/.local/lib/python3.7/site-packages/airflow/example_dags/example_subdag_operator.py
[2023-01-10T11:04:35.324+0000] {processor.py:743} INFO - Processing file /home/airflow/.local/lib/python3.7/site-packages/airflow/example_dags/example_subdag_operator.py for tasks to queue
[2023-01-10T11:04:35.324+0000] {logging_mixin.py:137} INFO - [2023-01-10T11:04:35.324+0000] {dagbag.py:538} INFO - Filling up the DagBag from /home/airflow/.local/lib/python3.7/site-packages/airflow/example_dags/example_subdag_operator.py
[2023-01-10T11:04:35.354+0000] {processor.py:753} INFO - DAG(s) dict_keys(['example_subdag_operator.section-1', 'example_subdag_operator.section-2', 'example_subdag_operator']) retrieved from /home/airflow/.local/lib/python3.7/site-packages/airflow/example_dags/example_subdag_operator.py
[2023-01-10T11:04:35.378+0000] {logging_mixin.py:137} INFO - [2023-01-10T11:04:35.377+0000] {dag.py:2676} INFO - Sync 3 DAGs
[2023-01-10T11:04:35.400+0000] {logging_mixin.py:137} INFO - [2023-01-10T11:04:35.400+0000] {dag.py:3427} INFO - Setting next_dagrun for example_subdag_operator to 2022-01-01T00:00:00+00:00, run_after=2022-01-01T00:00:00+00:00
[2023-01-10T11:04:35.404+0000] {logging_mixin.py:137} INFO - [2023-01-10T11:04:35.404+0000] {dag.py:3427} INFO - Setting next_dagrun for example_subdag_operator.section-1 to None, run_after=None
[2023-01-10T11:04:35.405+0000] {logging_mixin.py:137} INFO - [2023-01-10T11:04:35.405+0000] {dag.py:3427} INFO - Setting next_dagrun for example_subdag_operator.section-2 to None, run_after=None
[2023-01-10T11:04:35.410+0000] {logging_mixin.py:137} INFO - [2023-01-10T11:04:35.410+0000] {dag.py:2676} INFO - Sync 2 DAGs
[2023-01-10T11:04:35.415+0000] {logging_mixin.py:137} INFO - [2023-01-10T11:04:35.415+0000] {dag.py:3427} INFO - Setting next_dagrun for example_subdag_operator.section-1 to None, run_after=None
[2023-01-10T11:04:35.416+0000] {logging_mixin.py:137} INFO - [2023-01-10T11:04:35.416+0000] {dag.py:3427} INFO - Setting next_dagrun for example_subdag_operator.section-2 to None, run_after=None
[2023-01-10T11:04:35.423+0000] {processor.py:175} INFO - Processing /home/airflow/.local/lib/python3.7/site-packages/airflow/example_dags/example_subdag_operator.py took 0.103 seconds
[2023-01-10T11:05:05.493+0000] {processor.py:153} INFO - Started process (PID=1738) to work on /home/airflow/.local/lib/python3.7/site-packages/airflow/example_dags/example_subdag_operator.py
[2023-01-10T11:05:05.493+0000] {processor.py:743} INFO - Processing file /home/airflow/.local/lib/python3.7/site-packages/airflow/example_dags/example_subdag_operator.py for tasks to queue
[2023-01-10T11:05:05.494+0000] {logging_mixin.py:137} INFO - [2023-01-10T11:05:05.494+0000] {dagbag.py:538} INFO - Filling up the DagBag from /home/airflow/.local/lib/python3.7/site-packages/airflow/example_dags/example_subdag_operator.py
[2023-01-10T11:05:05.516+0000] {processor.py:753} INFO - DAG(s) dict_keys(['example_subdag_operator.section-1', 'example_subdag_operator.section-2', 'example_subdag_operator']) retrieved from /home/airflow/.local/lib/python3.7/site-packages/airflow/example_dags/example_subdag_operator.py
[2023-01-10T11:05:05.539+0000] {logging_mixin.py:137} INFO - [2023-01-10T11:05:05.539+0000] {dag.py:2676} INFO - Sync 3 DAGs
[2023-01-10T11:05:05.559+0000] {logging_mixin.py:137} INFO - [2023-01-10T11:05:05.559+0000] {dag.py:3427} INFO - Setting next_dagrun for example_subdag_operator to 2022-01-01T00:00:00+00:00, run_after=2022-01-01T00:00:00+00:00
[2023-01-10T11:05:05.562+0000] {logging_mixin.py:137} INFO - [2023-01-10T11:05:05.562+0000] {dag.py:3427} INFO - Setting next_dagrun for example_subdag_operator.section-1 to None, run_after=None
[2023-01-10T11:05:05.563+0000] {logging_mixin.py:137} INFO - [2023-01-10T11:05:05.563+0000] {dag.py:3427} INFO - Setting next_dagrun for example_subdag_operator.section-2 to None, run_after=None
[2023-01-10T11:05:05.568+0000] {logging_mixin.py:137} INFO - [2023-01-10T11:05:05.568+0000] {dag.py:2676} INFO - Sync 2 DAGs
[2023-01-10T11:05:05.572+0000] {logging_mixin.py:137} INFO - [2023-01-10T11:05:05.572+0000] {dag.py:3427} INFO - Setting next_dagrun for example_subdag_operator.section-1 to None, run_after=None
[2023-01-10T11:05:05.572+0000] {logging_mixin.py:137} INFO - [2023-01-10T11:05:05.572+0000] {dag.py:3427} INFO - Setting next_dagrun for example_subdag_operator.section-2 to None, run_after=None
[2023-01-10T11:05:05.581+0000] {processor.py:175} INFO - Processing /home/airflow/.local/lib/python3.7/site-packages/airflow/example_dags/example_subdag_operator.py took 0.091 seconds
[2023-01-10T11:05:35.600+0000] {processor.py:153} INFO - Started process (PID=1823) to work on /home/airflow/.local/lib/python3.7/site-packages/airflow/example_dags/example_subdag_operator.py
[2023-01-10T11:05:35.601+0000] {processor.py:743} INFO - Processing file /home/airflow/.local/lib/python3.7/site-packages/airflow/example_dags/example_subdag_operator.py for tasks to queue
[2023-01-10T11:05:35.602+0000] {logging_mixin.py:137} INFO - [2023-01-10T11:05:35.601+0000] {dagbag.py:538} INFO - Filling up the DagBag from /home/airflow/.local/lib/python3.7/site-packages/airflow/example_dags/example_subdag_operator.py
[2023-01-10T11:05:35.629+0000] {processor.py:753} INFO - DAG(s) dict_keys(['example_subdag_operator.section-1', 'example_subdag_operator.section-2', 'example_subdag_operator']) retrieved from /home/airflow/.local/lib/python3.7/site-packages/airflow/example_dags/example_subdag_operator.py
[2023-01-10T11:05:35.663+0000] {logging_mixin.py:137} INFO - [2023-01-10T11:05:35.662+0000] {dag.py:2676} INFO - Sync 3 DAGs
[2023-01-10T11:05:35.689+0000] {logging_mixin.py:137} INFO - [2023-01-10T11:05:35.689+0000] {dag.py:3427} INFO - Setting next_dagrun for example_subdag_operator to 2022-01-01T00:00:00+00:00, run_after=2022-01-01T00:00:00+00:00
[2023-01-10T11:05:35.693+0000] {logging_mixin.py:137} INFO - [2023-01-10T11:05:35.693+0000] {dag.py:3427} INFO - Setting next_dagrun for example_subdag_operator.section-1 to None, run_after=None
[2023-01-10T11:05:35.695+0000] {logging_mixin.py:137} INFO - [2023-01-10T11:05:35.694+0000] {dag.py:3427} INFO - Setting next_dagrun for example_subdag_operator.section-2 to None, run_after=None
[2023-01-10T11:05:35.703+0000] {logging_mixin.py:137} INFO - [2023-01-10T11:05:35.703+0000] {dag.py:2676} INFO - Sync 2 DAGs
[2023-01-10T11:05:35.709+0000] {logging_mixin.py:137} INFO - [2023-01-10T11:05:35.708+0000] {dag.py:3427} INFO - Setting next_dagrun for example_subdag_operator.section-1 to None, run_after=None
[2023-01-10T11:05:35.709+0000] {logging_mixin.py:137} INFO - [2023-01-10T11:05:35.709+0000] {dag.py:3427} INFO - Setting next_dagrun for example_subdag_operator.section-2 to None, run_after=None
[2023-01-10T11:05:35.718+0000] {processor.py:175} INFO - Processing /home/airflow/.local/lib/python3.7/site-packages/airflow/example_dags/example_subdag_operator.py took 0.120 seconds
[2023-01-10T11:06:05.805+0000] {processor.py:153} INFO - Started process (PID=1894) to work on /home/airflow/.local/lib/python3.7/site-packages/airflow/example_dags/example_subdag_operator.py
[2023-01-10T11:06:05.805+0000] {processor.py:743} INFO - Processing file /home/airflow/.local/lib/python3.7/site-packages/airflow/example_dags/example_subdag_operator.py for tasks to queue
[2023-01-10T11:06:05.806+0000] {logging_mixin.py:137} INFO - [2023-01-10T11:06:05.806+0000] {dagbag.py:538} INFO - Filling up the DagBag from /home/airflow/.local/lib/python3.7/site-packages/airflow/example_dags/example_subdag_operator.py
[2023-01-10T11:06:05.828+0000] {processor.py:753} INFO - DAG(s) dict_keys(['example_subdag_operator.section-1', 'example_subdag_operator.section-2', 'example_subdag_operator']) retrieved from /home/airflow/.local/lib/python3.7/site-packages/airflow/example_dags/example_subdag_operator.py
[2023-01-10T11:06:05.852+0000] {logging_mixin.py:137} INFO - [2023-01-10T11:06:05.852+0000] {dag.py:2676} INFO - Sync 3 DAGs
[2023-01-10T11:06:05.870+0000] {logging_mixin.py:137} INFO - [2023-01-10T11:06:05.870+0000] {dag.py:3427} INFO - Setting next_dagrun for example_subdag_operator to 2022-01-01T00:00:00+00:00, run_after=2022-01-01T00:00:00+00:00
[2023-01-10T11:06:05.872+0000] {logging_mixin.py:137} INFO - [2023-01-10T11:06:05.872+0000] {dag.py:3427} INFO - Setting next_dagrun for example_subdag_operator.section-1 to None, run_after=None
[2023-01-10T11:06:05.873+0000] {logging_mixin.py:137} INFO - [2023-01-10T11:06:05.873+0000] {dag.py:3427} INFO - Setting next_dagrun for example_subdag_operator.section-2 to None, run_after=None
[2023-01-10T11:06:05.879+0000] {logging_mixin.py:137} INFO - [2023-01-10T11:06:05.879+0000] {dag.py:2676} INFO - Sync 2 DAGs
[2023-01-10T11:06:05.883+0000] {logging_mixin.py:137} INFO - [2023-01-10T11:06:05.883+0000] {dag.py:3427} INFO - Setting next_dagrun for example_subdag_operator.section-1 to None, run_after=None
[2023-01-10T11:06:05.884+0000] {logging_mixin.py:137} INFO - [2023-01-10T11:06:05.883+0000] {dag.py:3427} INFO - Setting next_dagrun for example_subdag_operator.section-2 to None, run_after=None
[2023-01-10T11:06:05.891+0000] {processor.py:175} INFO - Processing /home/airflow/.local/lib/python3.7/site-packages/airflow/example_dags/example_subdag_operator.py took 0.087 seconds
[2023-01-10T11:06:36.276+0000] {processor.py:153} INFO - Started process (PID=1980) to work on /home/airflow/.local/lib/python3.7/site-packages/airflow/example_dags/example_subdag_operator.py
[2023-01-10T11:06:36.277+0000] {processor.py:743} INFO - Processing file /home/airflow/.local/lib/python3.7/site-packages/airflow/example_dags/example_subdag_operator.py for tasks to queue
[2023-01-10T11:06:36.277+0000] {logging_mixin.py:137} INFO - [2023-01-10T11:06:36.277+0000] {dagbag.py:538} INFO - Filling up the DagBag from /home/airflow/.local/lib/python3.7/site-packages/airflow/example_dags/example_subdag_operator.py
[2023-01-10T11:06:36.307+0000] {processor.py:753} INFO - DAG(s) dict_keys(['example_subdag_operator.section-1', 'example_subdag_operator.section-2', 'example_subdag_operator']) retrieved from /home/airflow/.local/lib/python3.7/site-packages/airflow/example_dags/example_subdag_operator.py
[2023-01-10T11:06:36.333+0000] {logging_mixin.py:137} INFO - [2023-01-10T11:06:36.333+0000] {dag.py:2676} INFO - Sync 3 DAGs
[2023-01-10T11:06:36.355+0000] {logging_mixin.py:137} INFO - [2023-01-10T11:06:36.355+0000] {dag.py:3427} INFO - Setting next_dagrun for example_subdag_operator to 2022-01-01T00:00:00+00:00, run_after=2022-01-01T00:00:00+00:00
[2023-01-10T11:06:36.358+0000] {logging_mixin.py:137} INFO - [2023-01-10T11:06:36.358+0000] {dag.py:3427} INFO - Setting next_dagrun for example_subdag_operator.section-1 to None, run_after=None
[2023-01-10T11:06:36.360+0000] {logging_mixin.py:137} INFO - [2023-01-10T11:06:36.359+0000] {dag.py:3427} INFO - Setting next_dagrun for example_subdag_operator.section-2 to None, run_after=None
[2023-01-10T11:06:36.367+0000] {logging_mixin.py:137} INFO - [2023-01-10T11:06:36.367+0000] {dag.py:2676} INFO - Sync 2 DAGs
[2023-01-10T11:06:36.374+0000] {logging_mixin.py:137} INFO - [2023-01-10T11:06:36.374+0000] {dag.py:3427} INFO - Setting next_dagrun for example_subdag_operator.section-1 to None, run_after=None
[2023-01-10T11:06:36.374+0000] {logging_mixin.py:137} INFO - [2023-01-10T11:06:36.374+0000] {dag.py:3427} INFO - Setting next_dagrun for example_subdag_operator.section-2 to None, run_after=None
[2023-01-10T11:06:36.385+0000] {processor.py:175} INFO - Processing /home/airflow/.local/lib/python3.7/site-packages/airflow/example_dags/example_subdag_operator.py took 0.112 seconds
[2023-01-10T11:07:06.537+0000] {processor.py:153} INFO - Started process (PID=2050) to work on /home/airflow/.local/lib/python3.7/site-packages/airflow/example_dags/example_subdag_operator.py
[2023-01-10T11:07:06.538+0000] {processor.py:743} INFO - Processing file /home/airflow/.local/lib/python3.7/site-packages/airflow/example_dags/example_subdag_operator.py for tasks to queue
[2023-01-10T11:07:06.538+0000] {logging_mixin.py:137} INFO - [2023-01-10T11:07:06.538+0000] {dagbag.py:538} INFO - Filling up the DagBag from /home/airflow/.local/lib/python3.7/site-packages/airflow/example_dags/example_subdag_operator.py
[2023-01-10T11:07:06.571+0000] {processor.py:753} INFO - DAG(s) dict_keys(['example_subdag_operator.section-1', 'example_subdag_operator.section-2', 'example_subdag_operator']) retrieved from /home/airflow/.local/lib/python3.7/site-packages/airflow/example_dags/example_subdag_operator.py
[2023-01-10T11:07:06.599+0000] {logging_mixin.py:137} INFO - [2023-01-10T11:07:06.598+0000] {dag.py:2676} INFO - Sync 3 DAGs
[2023-01-10T11:07:06.620+0000] {logging_mixin.py:137} INFO - [2023-01-10T11:07:06.620+0000] {dag.py:3427} INFO - Setting next_dagrun for example_subdag_operator to 2022-01-01T00:00:00+00:00, run_after=2022-01-01T00:00:00+00:00
[2023-01-10T11:07:06.623+0000] {logging_mixin.py:137} INFO - [2023-01-10T11:07:06.623+0000] {dag.py:3427} INFO - Setting next_dagrun for example_subdag_operator.section-1 to None, run_after=None
[2023-01-10T11:07:06.623+0000] {logging_mixin.py:137} INFO - [2023-01-10T11:07:06.623+0000] {dag.py:3427} INFO - Setting next_dagrun for example_subdag_operator.section-2 to None, run_after=None
[2023-01-10T11:07:06.631+0000] {logging_mixin.py:137} INFO - [2023-01-10T11:07:06.631+0000] {dag.py:2676} INFO - Sync 2 DAGs
[2023-01-10T11:07:06.636+0000] {logging_mixin.py:137} INFO - [2023-01-10T11:07:06.636+0000] {dag.py:3427} INFO - Setting next_dagrun for example_subdag_operator.section-1 to None, run_after=None
[2023-01-10T11:07:06.636+0000] {logging_mixin.py:137} INFO - [2023-01-10T11:07:06.636+0000] {dag.py:3427} INFO - Setting next_dagrun for example_subdag_operator.section-2 to None, run_after=None
[2023-01-10T11:07:06.647+0000] {processor.py:175} INFO - Processing /home/airflow/.local/lib/python3.7/site-packages/airflow/example_dags/example_subdag_operator.py took 0.113 seconds
[2023-01-10T11:07:36.710+0000] {processor.py:153} INFO - Started process (PID=2135) to work on /home/airflow/.local/lib/python3.7/site-packages/airflow/example_dags/example_subdag_operator.py
[2023-01-10T11:07:36.711+0000] {processor.py:743} INFO - Processing file /home/airflow/.local/lib/python3.7/site-packages/airflow/example_dags/example_subdag_operator.py for tasks to queue
[2023-01-10T11:07:36.711+0000] {logging_mixin.py:137} INFO - [2023-01-10T11:07:36.711+0000] {dagbag.py:538} INFO - Filling up the DagBag from /home/airflow/.local/lib/python3.7/site-packages/airflow/example_dags/example_subdag_operator.py
[2023-01-10T11:07:36.736+0000] {processor.py:753} INFO - DAG(s) dict_keys(['example_subdag_operator.section-1', 'example_subdag_operator.section-2', 'example_subdag_operator']) retrieved from /home/airflow/.local/lib/python3.7/site-packages/airflow/example_dags/example_subdag_operator.py
[2023-01-10T11:07:36.762+0000] {logging_mixin.py:137} INFO - [2023-01-10T11:07:36.762+0000] {dag.py:2676} INFO - Sync 3 DAGs
[2023-01-10T11:07:36.780+0000] {logging_mixin.py:137} INFO - [2023-01-10T11:07:36.780+0000] {dag.py:3427} INFO - Setting next_dagrun for example_subdag_operator to 2022-01-01T00:00:00+00:00, run_after=2022-01-01T00:00:00+00:00
[2023-01-10T11:07:36.783+0000] {logging_mixin.py:137} INFO - [2023-01-10T11:07:36.783+0000] {dag.py:3427} INFO - Setting next_dagrun for example_subdag_operator.section-1 to None, run_after=None
[2023-01-10T11:07:36.783+0000] {logging_mixin.py:137} INFO - [2023-01-10T11:07:36.783+0000] {dag.py:3427} INFO - Setting next_dagrun for example_subdag_operator.section-2 to None, run_after=None
[2023-01-10T11:07:36.790+0000] {logging_mixin.py:137} INFO - [2023-01-10T11:07:36.790+0000] {dag.py:2676} INFO - Sync 2 DAGs
[2023-01-10T11:07:36.795+0000] {logging_mixin.py:137} INFO - [2023-01-10T11:07:36.794+0000] {dag.py:3427} INFO - Setting next_dagrun for example_subdag_operator.section-1 to None, run_after=None
[2023-01-10T11:07:36.795+0000] {logging_mixin.py:137} INFO - [2023-01-10T11:07:36.795+0000] {dag.py:3427} INFO - Setting next_dagrun for example_subdag_operator.section-2 to None, run_after=None
[2023-01-10T11:07:36.803+0000] {processor.py:175} INFO - Processing /home/airflow/.local/lib/python3.7/site-packages/airflow/example_dags/example_subdag_operator.py took 0.095 seconds
[2023-01-10T11:08:06.988+0000] {processor.py:153} INFO - Started process (PID=2206) to work on /home/airflow/.local/lib/python3.7/site-packages/airflow/example_dags/example_subdag_operator.py
[2023-01-10T11:08:06.989+0000] {processor.py:743} INFO - Processing file /home/airflow/.local/lib/python3.7/site-packages/airflow/example_dags/example_subdag_operator.py for tasks to queue
[2023-01-10T11:08:06.989+0000] {logging_mixin.py:137} INFO - [2023-01-10T11:08:06.989+0000] {dagbag.py:538} INFO - Filling up the DagBag from /home/airflow/.local/lib/python3.7/site-packages/airflow/example_dags/example_subdag_operator.py
[2023-01-10T11:08:07.012+0000] {processor.py:753} INFO - DAG(s) dict_keys(['example_subdag_operator.section-1', 'example_subdag_operator.section-2', 'example_subdag_operator']) retrieved from /home/airflow/.local/lib/python3.7/site-packages/airflow/example_dags/example_subdag_operator.py
[2023-01-10T11:08:07.034+0000] {logging_mixin.py:137} INFO - [2023-01-10T11:08:07.034+0000] {dag.py:2676} INFO - Sync 3 DAGs
[2023-01-10T11:08:07.054+0000] {logging_mixin.py:137} INFO - [2023-01-10T11:08:07.054+0000] {dag.py:3427} INFO - Setting next_dagrun for example_subdag_operator to 2022-01-01T00:00:00+00:00, run_after=2022-01-01T00:00:00+00:00
[2023-01-10T11:08:07.057+0000] {logging_mixin.py:137} INFO - [2023-01-10T11:08:07.057+0000] {dag.py:3427} INFO - Setting next_dagrun for example_subdag_operator.section-1 to None, run_after=None
[2023-01-10T11:08:07.058+0000] {logging_mixin.py:137} INFO - [2023-01-10T11:08:07.058+0000] {dag.py:3427} INFO - Setting next_dagrun for example_subdag_operator.section-2 to None, run_after=None
[2023-01-10T11:08:07.064+0000] {logging_mixin.py:137} INFO - [2023-01-10T11:08:07.064+0000] {dag.py:2676} INFO - Sync 2 DAGs
[2023-01-10T11:08:07.069+0000] {logging_mixin.py:137} INFO - [2023-01-10T11:08:07.069+0000] {dag.py:3427} INFO - Setting next_dagrun for example_subdag_operator.section-1 to None, run_after=None
[2023-01-10T11:08:07.069+0000] {logging_mixin.py:137} INFO - [2023-01-10T11:08:07.069+0000] {dag.py:3427} INFO - Setting next_dagrun for example_subdag_operator.section-2 to None, run_after=None
[2023-01-10T11:08:07.077+0000] {processor.py:175} INFO - Processing /home/airflow/.local/lib/python3.7/site-packages/airflow/example_dags/example_subdag_operator.py took 0.090 seconds
[2023-01-10T11:08:37.162+0000] {processor.py:153} INFO - Started process (PID=2292) to work on /home/airflow/.local/lib/python3.7/site-packages/airflow/example_dags/example_subdag_operator.py
[2023-01-10T11:08:37.163+0000] {processor.py:743} INFO - Processing file /home/airflow/.local/lib/python3.7/site-packages/airflow/example_dags/example_subdag_operator.py for tasks to queue
[2023-01-10T11:08:37.163+0000] {logging_mixin.py:137} INFO - [2023-01-10T11:08:37.163+0000] {dagbag.py:538} INFO - Filling up the DagBag from /home/airflow/.local/lib/python3.7/site-packages/airflow/example_dags/example_subdag_operator.py
[2023-01-10T11:08:37.188+0000] {processor.py:753} INFO - DAG(s) dict_keys(['example_subdag_operator.section-1', 'example_subdag_operator.section-2', 'example_subdag_operator']) retrieved from /home/airflow/.local/lib/python3.7/site-packages/airflow/example_dags/example_subdag_operator.py
[2023-01-10T11:08:37.215+0000] {logging_mixin.py:137} INFO - [2023-01-10T11:08:37.215+0000] {dag.py:2676} INFO - Sync 3 DAGs
[2023-01-10T11:08:37.237+0000] {logging_mixin.py:137} INFO - [2023-01-10T11:08:37.236+0000] {dag.py:3427} INFO - Setting next_dagrun for example_subdag_operator to 2022-01-01T00:00:00+00:00, run_after=2022-01-01T00:00:00+00:00
[2023-01-10T11:08:37.239+0000] {logging_mixin.py:137} INFO - [2023-01-10T11:08:37.239+0000] {dag.py:3427} INFO - Setting next_dagrun for example_subdag_operator.section-1 to None, run_after=None
[2023-01-10T11:08:37.240+0000] {logging_mixin.py:137} INFO - [2023-01-10T11:08:37.240+0000] {dag.py:3427} INFO - Setting next_dagrun for example_subdag_operator.section-2 to None, run_after=None
[2023-01-10T11:08:37.246+0000] {logging_mixin.py:137} INFO - [2023-01-10T11:08:37.246+0000] {dag.py:2676} INFO - Sync 2 DAGs
[2023-01-10T11:08:37.250+0000] {logging_mixin.py:137} INFO - [2023-01-10T11:08:37.250+0000] {dag.py:3427} INFO - Setting next_dagrun for example_subdag_operator.section-1 to None, run_after=None
[2023-01-10T11:08:37.251+0000] {logging_mixin.py:137} INFO - [2023-01-10T11:08:37.251+0000] {dag.py:3427} INFO - Setting next_dagrun for example_subdag_operator.section-2 to None, run_after=None
[2023-01-10T11:08:37.259+0000] {processor.py:175} INFO - Processing /home/airflow/.local/lib/python3.7/site-packages/airflow/example_dags/example_subdag_operator.py took 0.099 seconds
[2023-01-10T11:09:07.520+0000] {processor.py:153} INFO - Started process (PID=2362) to work on /home/airflow/.local/lib/python3.7/site-packages/airflow/example_dags/example_subdag_operator.py
[2023-01-10T11:09:07.520+0000] {processor.py:743} INFO - Processing file /home/airflow/.local/lib/python3.7/site-packages/airflow/example_dags/example_subdag_operator.py for tasks to queue
[2023-01-10T11:09:07.521+0000] {logging_mixin.py:137} INFO - [2023-01-10T11:09:07.521+0000] {dagbag.py:538} INFO - Filling up the DagBag from /home/airflow/.local/lib/python3.7/site-packages/airflow/example_dags/example_subdag_operator.py
[2023-01-10T11:09:07.546+0000] {processor.py:753} INFO - DAG(s) dict_keys(['example_subdag_operator.section-1', 'example_subdag_operator.section-2', 'example_subdag_operator']) retrieved from /home/airflow/.local/lib/python3.7/site-packages/airflow/example_dags/example_subdag_operator.py
[2023-01-10T11:09:07.574+0000] {logging_mixin.py:137} INFO - [2023-01-10T11:09:07.574+0000] {dag.py:2676} INFO - Sync 3 DAGs
[2023-01-10T11:09:07.596+0000] {logging_mixin.py:137} INFO - [2023-01-10T11:09:07.596+0000] {dag.py:3427} INFO - Setting next_dagrun for example_subdag_operator to 2022-01-01T00:00:00+00:00, run_after=2022-01-01T00:00:00+00:00
[2023-01-10T11:09:07.599+0000] {logging_mixin.py:137} INFO - [2023-01-10T11:09:07.599+0000] {dag.py:3427} INFO - Setting next_dagrun for example_subdag_operator.section-1 to None, run_after=None
[2023-01-10T11:09:07.600+0000] {logging_mixin.py:137} INFO - [2023-01-10T11:09:07.600+0000] {dag.py:3427} INFO - Setting next_dagrun for example_subdag_operator.section-2 to None, run_after=None
[2023-01-10T11:09:07.608+0000] {logging_mixin.py:137} INFO - [2023-01-10T11:09:07.608+0000] {dag.py:2676} INFO - Sync 2 DAGs
[2023-01-10T11:09:07.613+0000] {logging_mixin.py:137} INFO - [2023-01-10T11:09:07.613+0000] {dag.py:3427} INFO - Setting next_dagrun for example_subdag_operator.section-1 to None, run_after=None
[2023-01-10T11:09:07.613+0000] {logging_mixin.py:137} INFO - [2023-01-10T11:09:07.613+0000] {dag.py:3427} INFO - Setting next_dagrun for example_subdag_operator.section-2 to None, run_after=None
[2023-01-10T11:09:07.621+0000] {processor.py:175} INFO - Processing /home/airflow/.local/lib/python3.7/site-packages/airflow/example_dags/example_subdag_operator.py took 0.103 seconds
[2023-01-10T11:09:37.816+0000] {processor.py:153} INFO - Started process (PID=2447) to work on /home/airflow/.local/lib/python3.7/site-packages/airflow/example_dags/example_subdag_operator.py
[2023-01-10T11:09:37.817+0000] {processor.py:743} INFO - Processing file /home/airflow/.local/lib/python3.7/site-packages/airflow/example_dags/example_subdag_operator.py for tasks to queue
[2023-01-10T11:09:37.818+0000] {logging_mixin.py:137} INFO - [2023-01-10T11:09:37.818+0000] {dagbag.py:538} INFO - Filling up the DagBag from /home/airflow/.local/lib/python3.7/site-packages/airflow/example_dags/example_subdag_operator.py
[2023-01-10T11:09:37.842+0000] {processor.py:753} INFO - DAG(s) dict_keys(['example_subdag_operator.section-1', 'example_subdag_operator.section-2', 'example_subdag_operator']) retrieved from /home/airflow/.local/lib/python3.7/site-packages/airflow/example_dags/example_subdag_operator.py
[2023-01-10T11:09:37.871+0000] {logging_mixin.py:137} INFO - [2023-01-10T11:09:37.870+0000] {dag.py:2676} INFO - Sync 3 DAGs
[2023-01-10T11:09:37.892+0000] {logging_mixin.py:137} INFO - [2023-01-10T11:09:37.891+0000] {dag.py:3427} INFO - Setting next_dagrun for example_subdag_operator to 2022-01-01T00:00:00+00:00, run_after=2022-01-01T00:00:00+00:00
[2023-01-10T11:09:37.895+0000] {logging_mixin.py:137} INFO - [2023-01-10T11:09:37.894+0000] {dag.py:3427} INFO - Setting next_dagrun for example_subdag_operator.section-1 to None, run_after=None
[2023-01-10T11:09:37.895+0000] {logging_mixin.py:137} INFO - [2023-01-10T11:09:37.895+0000] {dag.py:3427} INFO - Setting next_dagrun for example_subdag_operator.section-2 to None, run_after=None
[2023-01-10T11:09:37.901+0000] {logging_mixin.py:137} INFO - [2023-01-10T11:09:37.901+0000] {dag.py:2676} INFO - Sync 2 DAGs
[2023-01-10T11:09:37.906+0000] {logging_mixin.py:137} INFO - [2023-01-10T11:09:37.906+0000] {dag.py:3427} INFO - Setting next_dagrun for example_subdag_operator.section-1 to None, run_after=None
[2023-01-10T11:09:37.907+0000] {logging_mixin.py:137} INFO - [2023-01-10T11:09:37.907+0000] {dag.py:3427} INFO - Setting next_dagrun for example_subdag_operator.section-2 to None, run_after=None
[2023-01-10T11:09:37.914+0000] {processor.py:175} INFO - Processing /home/airflow/.local/lib/python3.7/site-packages/airflow/example_dags/example_subdag_operator.py took 0.100 seconds
[2023-01-10T11:10:08.795+0000] {processor.py:153} INFO - Started process (PID=2517) to work on /home/airflow/.local/lib/python3.7/site-packages/airflow/example_dags/example_subdag_operator.py
[2023-01-10T11:10:08.796+0000] {processor.py:743} INFO - Processing file /home/airflow/.local/lib/python3.7/site-packages/airflow/example_dags/example_subdag_operator.py for tasks to queue
[2023-01-10T11:10:08.796+0000] {logging_mixin.py:137} INFO - [2023-01-10T11:10:08.796+0000] {dagbag.py:538} INFO - Filling up the DagBag from /home/airflow/.local/lib/python3.7/site-packages/airflow/example_dags/example_subdag_operator.py
[2023-01-10T11:10:08.820+0000] {processor.py:753} INFO - DAG(s) dict_keys(['example_subdag_operator.section-1', 'example_subdag_operator.section-2', 'example_subdag_operator']) retrieved from /home/airflow/.local/lib/python3.7/site-packages/airflow/example_dags/example_subdag_operator.py
[2023-01-10T11:10:08.844+0000] {logging_mixin.py:137} INFO - [2023-01-10T11:10:08.844+0000] {dag.py:2676} INFO - Sync 3 DAGs
[2023-01-10T11:10:08.864+0000] {logging_mixin.py:137} INFO - [2023-01-10T11:10:08.864+0000] {dag.py:3427} INFO - Setting next_dagrun for example_subdag_operator to 2022-01-01T00:00:00+00:00, run_after=2022-01-01T00:00:00+00:00
[2023-01-10T11:10:08.867+0000] {logging_mixin.py:137} INFO - [2023-01-10T11:10:08.867+0000] {dag.py:3427} INFO - Setting next_dagrun for example_subdag_operator.section-1 to None, run_after=None
[2023-01-10T11:10:08.868+0000] {logging_mixin.py:137} INFO - [2023-01-10T11:10:08.868+0000] {dag.py:3427} INFO - Setting next_dagrun for example_subdag_operator.section-2 to None, run_after=None
[2023-01-10T11:10:08.874+0000] {logging_mixin.py:137} INFO - [2023-01-10T11:10:08.874+0000] {dag.py:2676} INFO - Sync 2 DAGs
[2023-01-10T11:10:08.880+0000] {logging_mixin.py:137} INFO - [2023-01-10T11:10:08.879+0000] {dag.py:3427} INFO - Setting next_dagrun for example_subdag_operator.section-1 to None, run_after=None
[2023-01-10T11:10:08.880+0000] {logging_mixin.py:137} INFO - [2023-01-10T11:10:08.880+0000] {dag.py:3427} INFO - Setting next_dagrun for example_subdag_operator.section-2 to None, run_after=None
[2023-01-10T11:10:08.888+0000] {processor.py:175} INFO - Processing /home/airflow/.local/lib/python3.7/site-packages/airflow/example_dags/example_subdag_operator.py took 0.096 seconds
