[2023-01-10T10:54:21.191+0000] {processor.py:153} INFO - Started process (PID=55) to work on /home/airflow/.local/lib/python3.7/site-packages/airflow/example_dags/example_xcom.py
[2023-01-10T10:54:21.192+0000] {processor.py:743} INFO - Processing file /home/airflow/.local/lib/python3.7/site-packages/airflow/example_dags/example_xcom.py for tasks to queue
[2023-01-10T10:54:21.193+0000] {logging_mixin.py:137} INFO - [2023-01-10T10:54:21.192+0000] {dagbag.py:538} INFO - Filling up the DagBag from /home/airflow/.local/lib/python3.7/site-packages/airflow/example_dags/example_xcom.py
[2023-01-10T10:54:21.257+0000] {processor.py:753} INFO - DAG(s) dict_keys(['example_xcom']) retrieved from /home/airflow/.local/lib/python3.7/site-packages/airflow/example_dags/example_xcom.py
[2023-01-10T10:54:21.442+0000] {logging_mixin.py:137} INFO - [2023-01-10T10:54:21.442+0000] {manager.py:504} INFO - Created Permission View: can delete on DAG:example_xcom
[2023-01-10T10:54:21.453+0000] {logging_mixin.py:137} INFO - [2023-01-10T10:54:21.453+0000] {manager.py:504} INFO - Created Permission View: can read on DAG:example_xcom
[2023-01-10T10:54:21.460+0000] {logging_mixin.py:137} INFO - [2023-01-10T10:54:21.460+0000] {manager.py:504} INFO - Created Permission View: can edit on DAG:example_xcom
[2023-01-10T10:54:21.460+0000] {logging_mixin.py:137} INFO - [2023-01-10T10:54:21.460+0000] {dag.py:2676} INFO - Sync 1 DAGs
[2023-01-10T10:54:21.472+0000] {logging_mixin.py:137} INFO - [2023-01-10T10:54:21.472+0000] {dag.py:2697} INFO - Creating ORM DAG for example_xcom
[2023-01-10T10:54:21.490+0000] {logging_mixin.py:137} INFO - [2023-01-10T10:54:21.490+0000] {dag.py:3427} INFO - Setting next_dagrun for example_xcom to 2021-01-01T00:00:00+00:00, run_after=2021-01-01T00:00:00+00:00
[2023-01-10T10:54:21.513+0000] {processor.py:175} INFO - Processing /home/airflow/.local/lib/python3.7/site-packages/airflow/example_dags/example_xcom.py took 0.328 seconds
[2023-01-10T10:54:51.561+0000] {processor.py:153} INFO - Started process (PID=134) to work on /home/airflow/.local/lib/python3.7/site-packages/airflow/example_dags/example_xcom.py
[2023-01-10T10:54:51.562+0000] {processor.py:743} INFO - Processing file /home/airflow/.local/lib/python3.7/site-packages/airflow/example_dags/example_xcom.py for tasks to queue
[2023-01-10T10:54:51.562+0000] {logging_mixin.py:137} INFO - [2023-01-10T10:54:51.562+0000] {dagbag.py:538} INFO - Filling up the DagBag from /home/airflow/.local/lib/python3.7/site-packages/airflow/example_dags/example_xcom.py
[2023-01-10T10:54:51.580+0000] {processor.py:753} INFO - DAG(s) dict_keys(['example_xcom']) retrieved from /home/airflow/.local/lib/python3.7/site-packages/airflow/example_dags/example_xcom.py
[2023-01-10T10:54:51.606+0000] {logging_mixin.py:137} INFO - [2023-01-10T10:54:51.606+0000] {dag.py:2676} INFO - Sync 1 DAGs
[2023-01-10T10:54:51.625+0000] {logging_mixin.py:137} INFO - [2023-01-10T10:54:51.624+0000] {dag.py:3427} INFO - Setting next_dagrun for example_xcom to 2021-01-01T00:00:00+00:00, run_after=2021-01-01T00:00:00+00:00
[2023-01-10T10:54:51.637+0000] {processor.py:175} INFO - Processing /home/airflow/.local/lib/python3.7/site-packages/airflow/example_dags/example_xcom.py took 0.078 seconds
[2023-01-10T10:55:22.409+0000] {processor.py:153} INFO - Started process (PID=204) to work on /home/airflow/.local/lib/python3.7/site-packages/airflow/example_dags/example_xcom.py
[2023-01-10T10:55:22.410+0000] {processor.py:743} INFO - Processing file /home/airflow/.local/lib/python3.7/site-packages/airflow/example_dags/example_xcom.py for tasks to queue
[2023-01-10T10:55:22.410+0000] {logging_mixin.py:137} INFO - [2023-01-10T10:55:22.410+0000] {dagbag.py:538} INFO - Filling up the DagBag from /home/airflow/.local/lib/python3.7/site-packages/airflow/example_dags/example_xcom.py
[2023-01-10T10:55:22.435+0000] {processor.py:753} INFO - DAG(s) dict_keys(['example_xcom']) retrieved from /home/airflow/.local/lib/python3.7/site-packages/airflow/example_dags/example_xcom.py
[2023-01-10T10:55:22.472+0000] {logging_mixin.py:137} INFO - [2023-01-10T10:55:22.472+0000] {dag.py:2676} INFO - Sync 1 DAGs
[2023-01-10T10:55:22.499+0000] {logging_mixin.py:137} INFO - [2023-01-10T10:55:22.499+0000] {dag.py:3427} INFO - Setting next_dagrun for example_xcom to 2021-01-01T00:00:00+00:00, run_after=2021-01-01T00:00:00+00:00
[2023-01-10T10:55:22.517+0000] {processor.py:175} INFO - Processing /home/airflow/.local/lib/python3.7/site-packages/airflow/example_dags/example_xcom.py took 0.111 seconds
[2023-01-10T10:55:53.231+0000] {processor.py:153} INFO - Started process (PID=292) to work on /home/airflow/.local/lib/python3.7/site-packages/airflow/example_dags/example_xcom.py
[2023-01-10T10:55:53.232+0000] {processor.py:743} INFO - Processing file /home/airflow/.local/lib/python3.7/site-packages/airflow/example_dags/example_xcom.py for tasks to queue
[2023-01-10T10:55:53.232+0000] {logging_mixin.py:137} INFO - [2023-01-10T10:55:53.232+0000] {dagbag.py:538} INFO - Filling up the DagBag from /home/airflow/.local/lib/python3.7/site-packages/airflow/example_dags/example_xcom.py
[2023-01-10T10:55:53.249+0000] {processor.py:753} INFO - DAG(s) dict_keys(['example_xcom']) retrieved from /home/airflow/.local/lib/python3.7/site-packages/airflow/example_dags/example_xcom.py
[2023-01-10T10:55:53.277+0000] {logging_mixin.py:137} INFO - [2023-01-10T10:55:53.277+0000] {dag.py:2676} INFO - Sync 1 DAGs
[2023-01-10T10:55:53.295+0000] {logging_mixin.py:137} INFO - [2023-01-10T10:55:53.295+0000] {dag.py:3427} INFO - Setting next_dagrun for example_xcom to 2021-01-01T00:00:00+00:00, run_after=2021-01-01T00:00:00+00:00
[2023-01-10T10:55:53.308+0000] {processor.py:175} INFO - Processing /home/airflow/.local/lib/python3.7/site-packages/airflow/example_dags/example_xcom.py took 0.079 seconds
[2023-01-10T10:56:24.293+0000] {processor.py:153} INFO - Started process (PID=371) to work on /home/airflow/.local/lib/python3.7/site-packages/airflow/example_dags/example_xcom.py
[2023-01-10T10:56:24.293+0000] {processor.py:743} INFO - Processing file /home/airflow/.local/lib/python3.7/site-packages/airflow/example_dags/example_xcom.py for tasks to queue
[2023-01-10T10:56:24.294+0000] {logging_mixin.py:137} INFO - [2023-01-10T10:56:24.294+0000] {dagbag.py:538} INFO - Filling up the DagBag from /home/airflow/.local/lib/python3.7/site-packages/airflow/example_dags/example_xcom.py
[2023-01-10T10:56:24.313+0000] {processor.py:753} INFO - DAG(s) dict_keys(['example_xcom']) retrieved from /home/airflow/.local/lib/python3.7/site-packages/airflow/example_dags/example_xcom.py
[2023-01-10T10:56:24.351+0000] {logging_mixin.py:137} INFO - [2023-01-10T10:56:24.350+0000] {dag.py:2676} INFO - Sync 1 DAGs
[2023-01-10T10:56:24.385+0000] {logging_mixin.py:137} INFO - [2023-01-10T10:56:24.385+0000] {dag.py:3427} INFO - Setting next_dagrun for example_xcom to 2021-01-01T00:00:00+00:00, run_after=2021-01-01T00:00:00+00:00
[2023-01-10T10:56:24.407+0000] {processor.py:175} INFO - Processing /home/airflow/.local/lib/python3.7/site-packages/airflow/example_dags/example_xcom.py took 0.117 seconds
[2023-01-10T10:56:54.467+0000] {processor.py:153} INFO - Started process (PID=448) to work on /home/airflow/.local/lib/python3.7/site-packages/airflow/example_dags/example_xcom.py
[2023-01-10T10:56:54.468+0000] {processor.py:743} INFO - Processing file /home/airflow/.local/lib/python3.7/site-packages/airflow/example_dags/example_xcom.py for tasks to queue
[2023-01-10T10:56:54.468+0000] {logging_mixin.py:137} INFO - [2023-01-10T10:56:54.468+0000] {dagbag.py:538} INFO - Filling up the DagBag from /home/airflow/.local/lib/python3.7/site-packages/airflow/example_dags/example_xcom.py
[2023-01-10T10:56:54.485+0000] {processor.py:753} INFO - DAG(s) dict_keys(['example_xcom']) retrieved from /home/airflow/.local/lib/python3.7/site-packages/airflow/example_dags/example_xcom.py
[2023-01-10T10:56:54.511+0000] {logging_mixin.py:137} INFO - [2023-01-10T10:56:54.511+0000] {dag.py:2676} INFO - Sync 1 DAGs
[2023-01-10T10:56:54.530+0000] {logging_mixin.py:137} INFO - [2023-01-10T10:56:54.529+0000] {dag.py:3427} INFO - Setting next_dagrun for example_xcom to 2021-01-01T00:00:00+00:00, run_after=2021-01-01T00:00:00+00:00
[2023-01-10T10:56:54.542+0000] {processor.py:175} INFO - Processing /home/airflow/.local/lib/python3.7/site-packages/airflow/example_dags/example_xcom.py took 0.078 seconds
[2023-01-10T10:57:24.764+0000] {processor.py:153} INFO - Started process (PID=534) to work on /home/airflow/.local/lib/python3.7/site-packages/airflow/example_dags/example_xcom.py
[2023-01-10T10:57:24.764+0000] {processor.py:743} INFO - Processing file /home/airflow/.local/lib/python3.7/site-packages/airflow/example_dags/example_xcom.py for tasks to queue
[2023-01-10T10:57:24.764+0000] {logging_mixin.py:137} INFO - [2023-01-10T10:57:24.764+0000] {dagbag.py:538} INFO - Filling up the DagBag from /home/airflow/.local/lib/python3.7/site-packages/airflow/example_dags/example_xcom.py
[2023-01-10T10:57:24.783+0000] {processor.py:753} INFO - DAG(s) dict_keys(['example_xcom']) retrieved from /home/airflow/.local/lib/python3.7/site-packages/airflow/example_dags/example_xcom.py
[2023-01-10T10:57:24.814+0000] {logging_mixin.py:137} INFO - [2023-01-10T10:57:24.814+0000] {dag.py:2676} INFO - Sync 1 DAGs
[2023-01-10T10:57:24.835+0000] {logging_mixin.py:137} INFO - [2023-01-10T10:57:24.835+0000] {dag.py:3427} INFO - Setting next_dagrun for example_xcom to 2021-01-01T00:00:00+00:00, run_after=2021-01-01T00:00:00+00:00
[2023-01-10T10:57:24.853+0000] {processor.py:175} INFO - Processing /home/airflow/.local/lib/python3.7/site-packages/airflow/example_dags/example_xcom.py took 0.091 seconds
[2023-01-10T10:57:55.770+0000] {processor.py:153} INFO - Started process (PID=604) to work on /home/airflow/.local/lib/python3.7/site-packages/airflow/example_dags/example_xcom.py
[2023-01-10T10:57:55.771+0000] {processor.py:743} INFO - Processing file /home/airflow/.local/lib/python3.7/site-packages/airflow/example_dags/example_xcom.py for tasks to queue
[2023-01-10T10:57:55.771+0000] {logging_mixin.py:137} INFO - [2023-01-10T10:57:55.771+0000] {dagbag.py:538} INFO - Filling up the DagBag from /home/airflow/.local/lib/python3.7/site-packages/airflow/example_dags/example_xcom.py
[2023-01-10T10:57:55.789+0000] {processor.py:753} INFO - DAG(s) dict_keys(['example_xcom']) retrieved from /home/airflow/.local/lib/python3.7/site-packages/airflow/example_dags/example_xcom.py
[2023-01-10T10:57:55.821+0000] {logging_mixin.py:137} INFO - [2023-01-10T10:57:55.820+0000] {dag.py:2676} INFO - Sync 1 DAGs
[2023-01-10T10:57:55.839+0000] {logging_mixin.py:137} INFO - [2023-01-10T10:57:55.839+0000] {dag.py:3427} INFO - Setting next_dagrun for example_xcom to 2021-01-01T00:00:00+00:00, run_after=2021-01-01T00:00:00+00:00
[2023-01-10T10:57:55.855+0000] {processor.py:175} INFO - Processing /home/airflow/.local/lib/python3.7/site-packages/airflow/example_dags/example_xcom.py took 0.087 seconds
[2023-01-10T10:58:26.818+0000] {processor.py:153} INFO - Started process (PID=690) to work on /home/airflow/.local/lib/python3.7/site-packages/airflow/example_dags/example_xcom.py
[2023-01-10T10:58:26.818+0000] {processor.py:743} INFO - Processing file /home/airflow/.local/lib/python3.7/site-packages/airflow/example_dags/example_xcom.py for tasks to queue
[2023-01-10T10:58:26.819+0000] {logging_mixin.py:137} INFO - [2023-01-10T10:58:26.819+0000] {dagbag.py:538} INFO - Filling up the DagBag from /home/airflow/.local/lib/python3.7/site-packages/airflow/example_dags/example_xcom.py
[2023-01-10T10:58:26.838+0000] {processor.py:753} INFO - DAG(s) dict_keys(['example_xcom']) retrieved from /home/airflow/.local/lib/python3.7/site-packages/airflow/example_dags/example_xcom.py
[2023-01-10T10:58:26.867+0000] {logging_mixin.py:137} INFO - [2023-01-10T10:58:26.867+0000] {dag.py:2676} INFO - Sync 1 DAGs
[2023-01-10T10:58:26.888+0000] {logging_mixin.py:137} INFO - [2023-01-10T10:58:26.888+0000] {dag.py:3427} INFO - Setting next_dagrun for example_xcom to 2021-01-01T00:00:00+00:00, run_after=2021-01-01T00:00:00+00:00
[2023-01-10T10:58:26.901+0000] {processor.py:175} INFO - Processing /home/airflow/.local/lib/python3.7/site-packages/airflow/example_dags/example_xcom.py took 0.085 seconds
[2023-01-10T10:58:57.709+0000] {processor.py:153} INFO - Started process (PID=759) to work on /home/airflow/.local/lib/python3.7/site-packages/airflow/example_dags/example_xcom.py
[2023-01-10T10:58:57.709+0000] {processor.py:743} INFO - Processing file /home/airflow/.local/lib/python3.7/site-packages/airflow/example_dags/example_xcom.py for tasks to queue
[2023-01-10T10:58:57.710+0000] {logging_mixin.py:137} INFO - [2023-01-10T10:58:57.710+0000] {dagbag.py:538} INFO - Filling up the DagBag from /home/airflow/.local/lib/python3.7/site-packages/airflow/example_dags/example_xcom.py
[2023-01-10T10:58:57.726+0000] {processor.py:753} INFO - DAG(s) dict_keys(['example_xcom']) retrieved from /home/airflow/.local/lib/python3.7/site-packages/airflow/example_dags/example_xcom.py
[2023-01-10T10:58:57.752+0000] {logging_mixin.py:137} INFO - [2023-01-10T10:58:57.752+0000] {dag.py:2676} INFO - Sync 1 DAGs
[2023-01-10T10:58:57.772+0000] {logging_mixin.py:137} INFO - [2023-01-10T10:58:57.772+0000] {dag.py:3427} INFO - Setting next_dagrun for example_xcom to 2021-01-01T00:00:00+00:00, run_after=2021-01-01T00:00:00+00:00
[2023-01-10T10:58:57.784+0000] {processor.py:175} INFO - Processing /home/airflow/.local/lib/python3.7/site-packages/airflow/example_dags/example_xcom.py took 0.077 seconds
[2023-01-10T10:59:28.095+0000] {processor.py:153} INFO - Started process (PID=845) to work on /home/airflow/.local/lib/python3.7/site-packages/airflow/example_dags/example_xcom.py
[2023-01-10T10:59:28.095+0000] {processor.py:743} INFO - Processing file /home/airflow/.local/lib/python3.7/site-packages/airflow/example_dags/example_xcom.py for tasks to queue
[2023-01-10T10:59:28.096+0000] {logging_mixin.py:137} INFO - [2023-01-10T10:59:28.096+0000] {dagbag.py:538} INFO - Filling up the DagBag from /home/airflow/.local/lib/python3.7/site-packages/airflow/example_dags/example_xcom.py
[2023-01-10T10:59:28.112+0000] {processor.py:753} INFO - DAG(s) dict_keys(['example_xcom']) retrieved from /home/airflow/.local/lib/python3.7/site-packages/airflow/example_dags/example_xcom.py
[2023-01-10T10:59:28.140+0000] {logging_mixin.py:137} INFO - [2023-01-10T10:59:28.140+0000] {dag.py:2676} INFO - Sync 1 DAGs
[2023-01-10T10:59:28.160+0000] {logging_mixin.py:137} INFO - [2023-01-10T10:59:28.160+0000] {dag.py:3427} INFO - Setting next_dagrun for example_xcom to 2021-01-01T00:00:00+00:00, run_after=2021-01-01T00:00:00+00:00
[2023-01-10T10:59:28.172+0000] {processor.py:175} INFO - Processing /home/airflow/.local/lib/python3.7/site-packages/airflow/example_dags/example_xcom.py took 0.080 seconds
[2023-01-10T10:59:58.374+0000] {processor.py:153} INFO - Started process (PID=916) to work on /home/airflow/.local/lib/python3.7/site-packages/airflow/example_dags/example_xcom.py
[2023-01-10T10:59:58.374+0000] {processor.py:743} INFO - Processing file /home/airflow/.local/lib/python3.7/site-packages/airflow/example_dags/example_xcom.py for tasks to queue
[2023-01-10T10:59:58.375+0000] {logging_mixin.py:137} INFO - [2023-01-10T10:59:58.375+0000] {dagbag.py:538} INFO - Filling up the DagBag from /home/airflow/.local/lib/python3.7/site-packages/airflow/example_dags/example_xcom.py
[2023-01-10T10:59:58.396+0000] {processor.py:753} INFO - DAG(s) dict_keys(['example_xcom']) retrieved from /home/airflow/.local/lib/python3.7/site-packages/airflow/example_dags/example_xcom.py
[2023-01-10T10:59:58.431+0000] {logging_mixin.py:137} INFO - [2023-01-10T10:59:58.431+0000] {dag.py:2676} INFO - Sync 1 DAGs
[2023-01-10T10:59:58.456+0000] {logging_mixin.py:137} INFO - [2023-01-10T10:59:58.456+0000] {dag.py:3427} INFO - Setting next_dagrun for example_xcom to 2021-01-01T00:00:00+00:00, run_after=2021-01-01T00:00:00+00:00
[2023-01-10T10:59:58.472+0000] {processor.py:175} INFO - Processing /home/airflow/.local/lib/python3.7/site-packages/airflow/example_dags/example_xcom.py took 0.101 seconds
[2023-01-10T11:00:28.507+0000] {processor.py:153} INFO - Started process (PID=1002) to work on /home/airflow/.local/lib/python3.7/site-packages/airflow/example_dags/example_xcom.py
[2023-01-10T11:00:28.508+0000] {processor.py:743} INFO - Processing file /home/airflow/.local/lib/python3.7/site-packages/airflow/example_dags/example_xcom.py for tasks to queue
[2023-01-10T11:00:28.508+0000] {logging_mixin.py:137} INFO - [2023-01-10T11:00:28.508+0000] {dagbag.py:538} INFO - Filling up the DagBag from /home/airflow/.local/lib/python3.7/site-packages/airflow/example_dags/example_xcom.py
[2023-01-10T11:00:28.524+0000] {processor.py:753} INFO - DAG(s) dict_keys(['example_xcom']) retrieved from /home/airflow/.local/lib/python3.7/site-packages/airflow/example_dags/example_xcom.py
[2023-01-10T11:00:28.553+0000] {logging_mixin.py:137} INFO - [2023-01-10T11:00:28.553+0000] {dag.py:2676} INFO - Sync 1 DAGs
[2023-01-10T11:00:28.573+0000] {logging_mixin.py:137} INFO - [2023-01-10T11:00:28.573+0000] {dag.py:3427} INFO - Setting next_dagrun for example_xcom to 2021-01-01T00:00:00+00:00, run_after=2021-01-01T00:00:00+00:00
[2023-01-10T11:00:28.586+0000] {processor.py:175} INFO - Processing /home/airflow/.local/lib/python3.7/site-packages/airflow/example_dags/example_xcom.py took 0.081 seconds
[2023-01-10T11:00:58.742+0000] {processor.py:153} INFO - Started process (PID=1079) to work on /home/airflow/.local/lib/python3.7/site-packages/airflow/example_dags/example_xcom.py
[2023-01-10T11:00:58.743+0000] {processor.py:743} INFO - Processing file /home/airflow/.local/lib/python3.7/site-packages/airflow/example_dags/example_xcom.py for tasks to queue
[2023-01-10T11:00:58.743+0000] {logging_mixin.py:137} INFO - [2023-01-10T11:00:58.743+0000] {dagbag.py:538} INFO - Filling up the DagBag from /home/airflow/.local/lib/python3.7/site-packages/airflow/example_dags/example_xcom.py
[2023-01-10T11:00:58.761+0000] {processor.py:753} INFO - DAG(s) dict_keys(['example_xcom']) retrieved from /home/airflow/.local/lib/python3.7/site-packages/airflow/example_dags/example_xcom.py
[2023-01-10T11:00:58.788+0000] {logging_mixin.py:137} INFO - [2023-01-10T11:00:58.788+0000] {dag.py:2676} INFO - Sync 1 DAGs
[2023-01-10T11:00:58.810+0000] {logging_mixin.py:137} INFO - [2023-01-10T11:00:58.810+0000] {dag.py:3427} INFO - Setting next_dagrun for example_xcom to 2021-01-01T00:00:00+00:00, run_after=2021-01-01T00:00:00+00:00
[2023-01-10T11:00:58.828+0000] {processor.py:175} INFO - Processing /home/airflow/.local/lib/python3.7/site-packages/airflow/example_dags/example_xcom.py took 0.088 seconds
[2023-01-10T11:01:28.887+0000] {processor.py:153} INFO - Started process (PID=1158) to work on /home/airflow/.local/lib/python3.7/site-packages/airflow/example_dags/example_xcom.py
[2023-01-10T11:01:28.888+0000] {processor.py:743} INFO - Processing file /home/airflow/.local/lib/python3.7/site-packages/airflow/example_dags/example_xcom.py for tasks to queue
[2023-01-10T11:01:28.888+0000] {logging_mixin.py:137} INFO - [2023-01-10T11:01:28.888+0000] {dagbag.py:538} INFO - Filling up the DagBag from /home/airflow/.local/lib/python3.7/site-packages/airflow/example_dags/example_xcom.py
[2023-01-10T11:01:28.906+0000] {processor.py:753} INFO - DAG(s) dict_keys(['example_xcom']) retrieved from /home/airflow/.local/lib/python3.7/site-packages/airflow/example_dags/example_xcom.py
[2023-01-10T11:01:28.935+0000] {logging_mixin.py:137} INFO - [2023-01-10T11:01:28.935+0000] {dag.py:2676} INFO - Sync 1 DAGs
[2023-01-10T11:01:28.954+0000] {logging_mixin.py:137} INFO - [2023-01-10T11:01:28.954+0000] {dag.py:3427} INFO - Setting next_dagrun for example_xcom to 2021-01-01T00:00:00+00:00, run_after=2021-01-01T00:00:00+00:00
[2023-01-10T11:01:28.966+0000] {processor.py:175} INFO - Processing /home/airflow/.local/lib/python3.7/site-packages/airflow/example_dags/example_xcom.py took 0.081 seconds
[2023-01-10T11:01:59.210+0000] {processor.py:153} INFO - Started process (PID=1236) to work on /home/airflow/.local/lib/python3.7/site-packages/airflow/example_dags/example_xcom.py
[2023-01-10T11:01:59.211+0000] {processor.py:743} INFO - Processing file /home/airflow/.local/lib/python3.7/site-packages/airflow/example_dags/example_xcom.py for tasks to queue
[2023-01-10T11:01:59.211+0000] {logging_mixin.py:137} INFO - [2023-01-10T11:01:59.211+0000] {dagbag.py:538} INFO - Filling up the DagBag from /home/airflow/.local/lib/python3.7/site-packages/airflow/example_dags/example_xcom.py
[2023-01-10T11:01:59.229+0000] {processor.py:753} INFO - DAG(s) dict_keys(['example_xcom']) retrieved from /home/airflow/.local/lib/python3.7/site-packages/airflow/example_dags/example_xcom.py
[2023-01-10T11:01:59.264+0000] {logging_mixin.py:137} INFO - [2023-01-10T11:01:59.264+0000] {dag.py:2676} INFO - Sync 1 DAGs
[2023-01-10T11:01:59.283+0000] {logging_mixin.py:137} INFO - [2023-01-10T11:01:59.283+0000] {dag.py:3427} INFO - Setting next_dagrun for example_xcom to 2021-01-01T00:00:00+00:00, run_after=2021-01-01T00:00:00+00:00
[2023-01-10T11:01:59.300+0000] {processor.py:175} INFO - Processing /home/airflow/.local/lib/python3.7/site-packages/airflow/example_dags/example_xcom.py took 0.092 seconds
[2023-01-10T11:02:29.530+0000] {processor.py:153} INFO - Started process (PID=1315) to work on /home/airflow/.local/lib/python3.7/site-packages/airflow/example_dags/example_xcom.py
[2023-01-10T11:02:29.531+0000] {processor.py:743} INFO - Processing file /home/airflow/.local/lib/python3.7/site-packages/airflow/example_dags/example_xcom.py for tasks to queue
[2023-01-10T11:02:29.531+0000] {logging_mixin.py:137} INFO - [2023-01-10T11:02:29.531+0000] {dagbag.py:538} INFO - Filling up the DagBag from /home/airflow/.local/lib/python3.7/site-packages/airflow/example_dags/example_xcom.py
[2023-01-10T11:02:29.549+0000] {processor.py:753} INFO - DAG(s) dict_keys(['example_xcom']) retrieved from /home/airflow/.local/lib/python3.7/site-packages/airflow/example_dags/example_xcom.py
[2023-01-10T11:02:29.579+0000] {logging_mixin.py:137} INFO - [2023-01-10T11:02:29.578+0000] {dag.py:2676} INFO - Sync 1 DAGs
[2023-01-10T11:02:29.598+0000] {logging_mixin.py:137} INFO - [2023-01-10T11:02:29.598+0000] {dag.py:3427} INFO - Setting next_dagrun for example_xcom to 2021-01-01T00:00:00+00:00, run_after=2021-01-01T00:00:00+00:00
[2023-01-10T11:02:29.611+0000] {processor.py:175} INFO - Processing /home/airflow/.local/lib/python3.7/site-packages/airflow/example_dags/example_xcom.py took 0.083 seconds
[2023-01-10T11:02:59.668+0000] {processor.py:153} INFO - Started process (PID=1394) to work on /home/airflow/.local/lib/python3.7/site-packages/airflow/example_dags/example_xcom.py
[2023-01-10T11:02:59.669+0000] {processor.py:743} INFO - Processing file /home/airflow/.local/lib/python3.7/site-packages/airflow/example_dags/example_xcom.py for tasks to queue
[2023-01-10T11:02:59.669+0000] {logging_mixin.py:137} INFO - [2023-01-10T11:02:59.669+0000] {dagbag.py:538} INFO - Filling up the DagBag from /home/airflow/.local/lib/python3.7/site-packages/airflow/example_dags/example_xcom.py
[2023-01-10T11:02:59.687+0000] {processor.py:753} INFO - DAG(s) dict_keys(['example_xcom']) retrieved from /home/airflow/.local/lib/python3.7/site-packages/airflow/example_dags/example_xcom.py
[2023-01-10T11:02:59.722+0000] {logging_mixin.py:137} INFO - [2023-01-10T11:02:59.721+0000] {dag.py:2676} INFO - Sync 1 DAGs
[2023-01-10T11:02:59.748+0000] {logging_mixin.py:137} INFO - [2023-01-10T11:02:59.748+0000] {dag.py:3427} INFO - Setting next_dagrun for example_xcom to 2021-01-01T00:00:00+00:00, run_after=2021-01-01T00:00:00+00:00
[2023-01-10T11:02:59.767+0000] {processor.py:175} INFO - Processing /home/airflow/.local/lib/python3.7/site-packages/airflow/example_dags/example_xcom.py took 0.101 seconds
[2023-01-10T11:03:30.672+0000] {processor.py:153} INFO - Started process (PID=1472) to work on /home/airflow/.local/lib/python3.7/site-packages/airflow/example_dags/example_xcom.py
[2023-01-10T11:03:30.673+0000] {processor.py:743} INFO - Processing file /home/airflow/.local/lib/python3.7/site-packages/airflow/example_dags/example_xcom.py for tasks to queue
[2023-01-10T11:03:30.673+0000] {logging_mixin.py:137} INFO - [2023-01-10T11:03:30.673+0000] {dagbag.py:538} INFO - Filling up the DagBag from /home/airflow/.local/lib/python3.7/site-packages/airflow/example_dags/example_xcom.py
[2023-01-10T11:03:30.692+0000] {processor.py:753} INFO - DAG(s) dict_keys(['example_xcom']) retrieved from /home/airflow/.local/lib/python3.7/site-packages/airflow/example_dags/example_xcom.py
[2023-01-10T11:03:30.722+0000] {logging_mixin.py:137} INFO - [2023-01-10T11:03:30.722+0000] {dag.py:2676} INFO - Sync 1 DAGs
[2023-01-10T11:03:30.748+0000] {logging_mixin.py:137} INFO - [2023-01-10T11:03:30.747+0000] {dag.py:3427} INFO - Setting next_dagrun for example_xcom to 2021-01-01T00:00:00+00:00, run_after=2021-01-01T00:00:00+00:00
[2023-01-10T11:03:30.760+0000] {processor.py:175} INFO - Processing /home/airflow/.local/lib/python3.7/site-packages/airflow/example_dags/example_xcom.py took 0.090 seconds
[2023-01-10T11:04:01.059+0000] {processor.py:153} INFO - Started process (PID=1558) to work on /home/airflow/.local/lib/python3.7/site-packages/airflow/example_dags/example_xcom.py
[2023-01-10T11:04:01.059+0000] {processor.py:743} INFO - Processing file /home/airflow/.local/lib/python3.7/site-packages/airflow/example_dags/example_xcom.py for tasks to queue
[2023-01-10T11:04:01.060+0000] {logging_mixin.py:137} INFO - [2023-01-10T11:04:01.060+0000] {dagbag.py:538} INFO - Filling up the DagBag from /home/airflow/.local/lib/python3.7/site-packages/airflow/example_dags/example_xcom.py
[2023-01-10T11:04:01.078+0000] {processor.py:753} INFO - DAG(s) dict_keys(['example_xcom']) retrieved from /home/airflow/.local/lib/python3.7/site-packages/airflow/example_dags/example_xcom.py
[2023-01-10T11:04:01.105+0000] {logging_mixin.py:137} INFO - [2023-01-10T11:04:01.105+0000] {dag.py:2676} INFO - Sync 1 DAGs
[2023-01-10T11:04:01.123+0000] {logging_mixin.py:137} INFO - [2023-01-10T11:04:01.123+0000] {dag.py:3427} INFO - Setting next_dagrun for example_xcom to 2021-01-01T00:00:00+00:00, run_after=2021-01-01T00:00:00+00:00
[2023-01-10T11:04:01.138+0000] {processor.py:175} INFO - Processing /home/airflow/.local/lib/python3.7/site-packages/airflow/example_dags/example_xcom.py took 0.081 seconds
[2023-01-10T11:04:32.038+0000] {processor.py:153} INFO - Started process (PID=1628) to work on /home/airflow/.local/lib/python3.7/site-packages/airflow/example_dags/example_xcom.py
[2023-01-10T11:04:32.038+0000] {processor.py:743} INFO - Processing file /home/airflow/.local/lib/python3.7/site-packages/airflow/example_dags/example_xcom.py for tasks to queue
[2023-01-10T11:04:32.039+0000] {logging_mixin.py:137} INFO - [2023-01-10T11:04:32.039+0000] {dagbag.py:538} INFO - Filling up the DagBag from /home/airflow/.local/lib/python3.7/site-packages/airflow/example_dags/example_xcom.py
[2023-01-10T11:04:32.057+0000] {processor.py:753} INFO - DAG(s) dict_keys(['example_xcom']) retrieved from /home/airflow/.local/lib/python3.7/site-packages/airflow/example_dags/example_xcom.py
[2023-01-10T11:04:32.087+0000] {logging_mixin.py:137} INFO - [2023-01-10T11:04:32.087+0000] {dag.py:2676} INFO - Sync 1 DAGs
[2023-01-10T11:04:32.108+0000] {logging_mixin.py:137} INFO - [2023-01-10T11:04:32.108+0000] {dag.py:3427} INFO - Setting next_dagrun for example_xcom to 2021-01-01T00:00:00+00:00, run_after=2021-01-01T00:00:00+00:00
[2023-01-10T11:04:32.126+0000] {processor.py:175} INFO - Processing /home/airflow/.local/lib/python3.7/site-packages/airflow/example_dags/example_xcom.py took 0.090 seconds
[2023-01-10T11:05:02.181+0000] {processor.py:153} INFO - Started process (PID=1714) to work on /home/airflow/.local/lib/python3.7/site-packages/airflow/example_dags/example_xcom.py
[2023-01-10T11:05:02.182+0000] {processor.py:743} INFO - Processing file /home/airflow/.local/lib/python3.7/site-packages/airflow/example_dags/example_xcom.py for tasks to queue
[2023-01-10T11:05:02.182+0000] {logging_mixin.py:137} INFO - [2023-01-10T11:05:02.182+0000] {dagbag.py:538} INFO - Filling up the DagBag from /home/airflow/.local/lib/python3.7/site-packages/airflow/example_dags/example_xcom.py
[2023-01-10T11:05:02.201+0000] {processor.py:753} INFO - DAG(s) dict_keys(['example_xcom']) retrieved from /home/airflow/.local/lib/python3.7/site-packages/airflow/example_dags/example_xcom.py
[2023-01-10T11:05:02.229+0000] {logging_mixin.py:137} INFO - [2023-01-10T11:05:02.229+0000] {dag.py:2676} INFO - Sync 1 DAGs
[2023-01-10T11:05:02.248+0000] {logging_mixin.py:137} INFO - [2023-01-10T11:05:02.248+0000] {dag.py:3427} INFO - Setting next_dagrun for example_xcom to 2021-01-01T00:00:00+00:00, run_after=2021-01-01T00:00:00+00:00
[2023-01-10T11:05:02.262+0000] {processor.py:175} INFO - Processing /home/airflow/.local/lib/python3.7/site-packages/airflow/example_dags/example_xcom.py took 0.082 seconds
[2023-01-10T11:05:32.317+0000] {processor.py:153} INFO - Started process (PID=1784) to work on /home/airflow/.local/lib/python3.7/site-packages/airflow/example_dags/example_xcom.py
[2023-01-10T11:05:32.318+0000] {processor.py:743} INFO - Processing file /home/airflow/.local/lib/python3.7/site-packages/airflow/example_dags/example_xcom.py for tasks to queue
[2023-01-10T11:05:32.319+0000] {logging_mixin.py:137} INFO - [2023-01-10T11:05:32.319+0000] {dagbag.py:538} INFO - Filling up the DagBag from /home/airflow/.local/lib/python3.7/site-packages/airflow/example_dags/example_xcom.py
[2023-01-10T11:05:32.338+0000] {processor.py:753} INFO - DAG(s) dict_keys(['example_xcom']) retrieved from /home/airflow/.local/lib/python3.7/site-packages/airflow/example_dags/example_xcom.py
[2023-01-10T11:05:32.373+0000] {logging_mixin.py:137} INFO - [2023-01-10T11:05:32.373+0000] {dag.py:2676} INFO - Sync 1 DAGs
[2023-01-10T11:05:32.401+0000] {logging_mixin.py:137} INFO - [2023-01-10T11:05:32.401+0000] {dag.py:3427} INFO - Setting next_dagrun for example_xcom to 2021-01-01T00:00:00+00:00, run_after=2021-01-01T00:00:00+00:00
[2023-01-10T11:05:32.420+0000] {processor.py:175} INFO - Processing /home/airflow/.local/lib/python3.7/site-packages/airflow/example_dags/example_xcom.py took 0.104 seconds
[2023-01-10T11:06:02.536+0000] {processor.py:153} INFO - Started process (PID=1870) to work on /home/airflow/.local/lib/python3.7/site-packages/airflow/example_dags/example_xcom.py
[2023-01-10T11:06:02.537+0000] {processor.py:743} INFO - Processing file /home/airflow/.local/lib/python3.7/site-packages/airflow/example_dags/example_xcom.py for tasks to queue
[2023-01-10T11:06:02.537+0000] {logging_mixin.py:137} INFO - [2023-01-10T11:06:02.537+0000] {dagbag.py:538} INFO - Filling up the DagBag from /home/airflow/.local/lib/python3.7/site-packages/airflow/example_dags/example_xcom.py
[2023-01-10T11:06:02.555+0000] {processor.py:753} INFO - DAG(s) dict_keys(['example_xcom']) retrieved from /home/airflow/.local/lib/python3.7/site-packages/airflow/example_dags/example_xcom.py
[2023-01-10T11:06:02.582+0000] {logging_mixin.py:137} INFO - [2023-01-10T11:06:02.582+0000] {dag.py:2676} INFO - Sync 1 DAGs
[2023-01-10T11:06:02.601+0000] {logging_mixin.py:137} INFO - [2023-01-10T11:06:02.601+0000] {dag.py:3427} INFO - Setting next_dagrun for example_xcom to 2021-01-01T00:00:00+00:00, run_after=2021-01-01T00:00:00+00:00
[2023-01-10T11:06:02.616+0000] {processor.py:175} INFO - Processing /home/airflow/.local/lib/python3.7/site-packages/airflow/example_dags/example_xcom.py took 0.081 seconds
[2023-01-10T11:06:32.761+0000] {processor.py:153} INFO - Started process (PID=1940) to work on /home/airflow/.local/lib/python3.7/site-packages/airflow/example_dags/example_xcom.py
[2023-01-10T11:06:32.761+0000] {processor.py:743} INFO - Processing file /home/airflow/.local/lib/python3.7/site-packages/airflow/example_dags/example_xcom.py for tasks to queue
[2023-01-10T11:06:32.762+0000] {logging_mixin.py:137} INFO - [2023-01-10T11:06:32.762+0000] {dagbag.py:538} INFO - Filling up the DagBag from /home/airflow/.local/lib/python3.7/site-packages/airflow/example_dags/example_xcom.py
[2023-01-10T11:06:32.784+0000] {processor.py:753} INFO - DAG(s) dict_keys(['example_xcom']) retrieved from /home/airflow/.local/lib/python3.7/site-packages/airflow/example_dags/example_xcom.py
[2023-01-10T11:06:32.816+0000] {logging_mixin.py:137} INFO - [2023-01-10T11:06:32.816+0000] {dag.py:2676} INFO - Sync 1 DAGs
[2023-01-10T11:06:32.842+0000] {logging_mixin.py:137} INFO - [2023-01-10T11:06:32.842+0000] {dag.py:3427} INFO - Setting next_dagrun for example_xcom to 2021-01-01T00:00:00+00:00, run_after=2021-01-01T00:00:00+00:00
[2023-01-10T11:06:32.858+0000] {processor.py:175} INFO - Processing /home/airflow/.local/lib/python3.7/site-packages/airflow/example_dags/example_xcom.py took 0.099 seconds
[2023-01-10T11:07:03.095+0000] {processor.py:153} INFO - Started process (PID=2026) to work on /home/airflow/.local/lib/python3.7/site-packages/airflow/example_dags/example_xcom.py
[2023-01-10T11:07:03.096+0000] {processor.py:743} INFO - Processing file /home/airflow/.local/lib/python3.7/site-packages/airflow/example_dags/example_xcom.py for tasks to queue
[2023-01-10T11:07:03.097+0000] {logging_mixin.py:137} INFO - [2023-01-10T11:07:03.096+0000] {dagbag.py:538} INFO - Filling up the DagBag from /home/airflow/.local/lib/python3.7/site-packages/airflow/example_dags/example_xcom.py
[2023-01-10T11:07:03.119+0000] {processor.py:753} INFO - DAG(s) dict_keys(['example_xcom']) retrieved from /home/airflow/.local/lib/python3.7/site-packages/airflow/example_dags/example_xcom.py
[2023-01-10T11:07:03.156+0000] {logging_mixin.py:137} INFO - [2023-01-10T11:07:03.156+0000] {dag.py:2676} INFO - Sync 1 DAGs
[2023-01-10T11:07:03.180+0000] {logging_mixin.py:137} INFO - [2023-01-10T11:07:03.179+0000] {dag.py:3427} INFO - Setting next_dagrun for example_xcom to 2021-01-01T00:00:00+00:00, run_after=2021-01-01T00:00:00+00:00
[2023-01-10T11:07:03.197+0000] {processor.py:175} INFO - Processing /home/airflow/.local/lib/python3.7/site-packages/airflow/example_dags/example_xcom.py took 0.104 seconds
[2023-01-10T11:07:33.501+0000] {processor.py:153} INFO - Started process (PID=2096) to work on /home/airflow/.local/lib/python3.7/site-packages/airflow/example_dags/example_xcom.py
[2023-01-10T11:07:33.501+0000] {processor.py:743} INFO - Processing file /home/airflow/.local/lib/python3.7/site-packages/airflow/example_dags/example_xcom.py for tasks to queue
[2023-01-10T11:07:33.502+0000] {logging_mixin.py:137} INFO - [2023-01-10T11:07:33.502+0000] {dagbag.py:538} INFO - Filling up the DagBag from /home/airflow/.local/lib/python3.7/site-packages/airflow/example_dags/example_xcom.py
[2023-01-10T11:07:33.521+0000] {processor.py:753} INFO - DAG(s) dict_keys(['example_xcom']) retrieved from /home/airflow/.local/lib/python3.7/site-packages/airflow/example_dags/example_xcom.py
[2023-01-10T11:07:33.551+0000] {logging_mixin.py:137} INFO - [2023-01-10T11:07:33.551+0000] {dag.py:2676} INFO - Sync 1 DAGs
[2023-01-10T11:07:33.570+0000] {logging_mixin.py:137} INFO - [2023-01-10T11:07:33.570+0000] {dag.py:3427} INFO - Setting next_dagrun for example_xcom to 2021-01-01T00:00:00+00:00, run_after=2021-01-01T00:00:00+00:00
[2023-01-10T11:07:33.583+0000] {processor.py:175} INFO - Processing /home/airflow/.local/lib/python3.7/site-packages/airflow/example_dags/example_xcom.py took 0.084 seconds
[2023-01-10T11:08:03.678+0000] {processor.py:153} INFO - Started process (PID=2182) to work on /home/airflow/.local/lib/python3.7/site-packages/airflow/example_dags/example_xcom.py
[2023-01-10T11:08:03.678+0000] {processor.py:743} INFO - Processing file /home/airflow/.local/lib/python3.7/site-packages/airflow/example_dags/example_xcom.py for tasks to queue
[2023-01-10T11:08:03.679+0000] {logging_mixin.py:137} INFO - [2023-01-10T11:08:03.679+0000] {dagbag.py:538} INFO - Filling up the DagBag from /home/airflow/.local/lib/python3.7/site-packages/airflow/example_dags/example_xcom.py
[2023-01-10T11:08:03.696+0000] {processor.py:753} INFO - DAG(s) dict_keys(['example_xcom']) retrieved from /home/airflow/.local/lib/python3.7/site-packages/airflow/example_dags/example_xcom.py
[2023-01-10T11:08:03.724+0000] {logging_mixin.py:137} INFO - [2023-01-10T11:08:03.724+0000] {dag.py:2676} INFO - Sync 1 DAGs
[2023-01-10T11:08:03.743+0000] {logging_mixin.py:137} INFO - [2023-01-10T11:08:03.743+0000] {dag.py:3427} INFO - Setting next_dagrun for example_xcom to 2021-01-01T00:00:00+00:00, run_after=2021-01-01T00:00:00+00:00
[2023-01-10T11:08:03.758+0000] {processor.py:175} INFO - Processing /home/airflow/.local/lib/python3.7/site-packages/airflow/example_dags/example_xcom.py took 0.083 seconds
[2023-01-10T11:08:33.827+0000] {processor.py:153} INFO - Started process (PID=2261) to work on /home/airflow/.local/lib/python3.7/site-packages/airflow/example_dags/example_xcom.py
[2023-01-10T11:08:33.828+0000] {processor.py:743} INFO - Processing file /home/airflow/.local/lib/python3.7/site-packages/airflow/example_dags/example_xcom.py for tasks to queue
[2023-01-10T11:08:33.829+0000] {logging_mixin.py:137} INFO - [2023-01-10T11:08:33.828+0000] {dagbag.py:538} INFO - Filling up the DagBag from /home/airflow/.local/lib/python3.7/site-packages/airflow/example_dags/example_xcom.py
[2023-01-10T11:08:33.851+0000] {processor.py:753} INFO - DAG(s) dict_keys(['example_xcom']) retrieved from /home/airflow/.local/lib/python3.7/site-packages/airflow/example_dags/example_xcom.py
[2023-01-10T11:08:33.884+0000] {logging_mixin.py:137} INFO - [2023-01-10T11:08:33.884+0000] {dag.py:2676} INFO - Sync 1 DAGs
[2023-01-10T11:08:33.908+0000] {logging_mixin.py:137} INFO - [2023-01-10T11:08:33.908+0000] {dag.py:3427} INFO - Setting next_dagrun for example_xcom to 2021-01-01T00:00:00+00:00, run_after=2021-01-01T00:00:00+00:00
[2023-01-10T11:08:33.927+0000] {processor.py:175} INFO - Processing /home/airflow/.local/lib/python3.7/site-packages/airflow/example_dags/example_xcom.py took 0.102 seconds
[2023-01-10T11:09:04.086+0000] {processor.py:153} INFO - Started process (PID=2338) to work on /home/airflow/.local/lib/python3.7/site-packages/airflow/example_dags/example_xcom.py
[2023-01-10T11:09:04.086+0000] {processor.py:743} INFO - Processing file /home/airflow/.local/lib/python3.7/site-packages/airflow/example_dags/example_xcom.py for tasks to queue
[2023-01-10T11:09:04.087+0000] {logging_mixin.py:137} INFO - [2023-01-10T11:09:04.087+0000] {dagbag.py:538} INFO - Filling up the DagBag from /home/airflow/.local/lib/python3.7/site-packages/airflow/example_dags/example_xcom.py
[2023-01-10T11:09:04.122+0000] {processor.py:753} INFO - DAG(s) dict_keys(['example_xcom']) retrieved from /home/airflow/.local/lib/python3.7/site-packages/airflow/example_dags/example_xcom.py
[2023-01-10T11:09:04.181+0000] {logging_mixin.py:137} INFO - [2023-01-10T11:09:04.181+0000] {dag.py:2676} INFO - Sync 1 DAGs
[2023-01-10T11:09:04.208+0000] {logging_mixin.py:137} INFO - [2023-01-10T11:09:04.207+0000] {dag.py:3427} INFO - Setting next_dagrun for example_xcom to 2021-01-01T00:00:00+00:00, run_after=2021-01-01T00:00:00+00:00
[2023-01-10T11:09:04.229+0000] {processor.py:175} INFO - Processing /home/airflow/.local/lib/python3.7/site-packages/airflow/example_dags/example_xcom.py took 0.147 seconds
[2023-01-10T11:09:34.488+0000] {processor.py:153} INFO - Started process (PID=2423) to work on /home/airflow/.local/lib/python3.7/site-packages/airflow/example_dags/example_xcom.py
[2023-01-10T11:09:34.489+0000] {processor.py:743} INFO - Processing file /home/airflow/.local/lib/python3.7/site-packages/airflow/example_dags/example_xcom.py for tasks to queue
[2023-01-10T11:09:34.489+0000] {logging_mixin.py:137} INFO - [2023-01-10T11:09:34.489+0000] {dagbag.py:538} INFO - Filling up the DagBag from /home/airflow/.local/lib/python3.7/site-packages/airflow/example_dags/example_xcom.py
[2023-01-10T11:09:34.507+0000] {processor.py:753} INFO - DAG(s) dict_keys(['example_xcom']) retrieved from /home/airflow/.local/lib/python3.7/site-packages/airflow/example_dags/example_xcom.py
[2023-01-10T11:09:34.542+0000] {logging_mixin.py:137} INFO - [2023-01-10T11:09:34.542+0000] {dag.py:2676} INFO - Sync 1 DAGs
[2023-01-10T11:09:34.566+0000] {logging_mixin.py:137} INFO - [2023-01-10T11:09:34.566+0000] {dag.py:3427} INFO - Setting next_dagrun for example_xcom to 2021-01-01T00:00:00+00:00, run_after=2021-01-01T00:00:00+00:00
[2023-01-10T11:09:34.585+0000] {processor.py:175} INFO - Processing /home/airflow/.local/lib/python3.7/site-packages/airflow/example_dags/example_xcom.py took 0.099 seconds
[2023-01-10T11:10:04.615+0000] {processor.py:153} INFO - Started process (PID=2493) to work on /home/airflow/.local/lib/python3.7/site-packages/airflow/example_dags/example_xcom.py
[2023-01-10T11:10:04.616+0000] {processor.py:743} INFO - Processing file /home/airflow/.local/lib/python3.7/site-packages/airflow/example_dags/example_xcom.py for tasks to queue
[2023-01-10T11:10:04.616+0000] {logging_mixin.py:137} INFO - [2023-01-10T11:10:04.616+0000] {dagbag.py:538} INFO - Filling up the DagBag from /home/airflow/.local/lib/python3.7/site-packages/airflow/example_dags/example_xcom.py
[2023-01-10T11:10:04.634+0000] {processor.py:753} INFO - DAG(s) dict_keys(['example_xcom']) retrieved from /home/airflow/.local/lib/python3.7/site-packages/airflow/example_dags/example_xcom.py
[2023-01-10T11:10:04.665+0000] {logging_mixin.py:137} INFO - [2023-01-10T11:10:04.665+0000] {dag.py:2676} INFO - Sync 1 DAGs
[2023-01-10T11:10:04.694+0000] {logging_mixin.py:137} INFO - [2023-01-10T11:10:04.694+0000] {dag.py:3427} INFO - Setting next_dagrun for example_xcom to 2021-01-01T00:00:00+00:00, run_after=2021-01-01T00:00:00+00:00
[2023-01-10T11:10:04.708+0000] {processor.py:175} INFO - Processing /home/airflow/.local/lib/python3.7/site-packages/airflow/example_dags/example_xcom.py took 0.095 seconds
