[2023-01-10T10:54:23.315+0000] {processor.py:153} INFO - Started process (PID=77) to work on /home/airflow/.local/lib/python3.7/site-packages/airflow/example_dags/example_task_group_decorator.py
[2023-01-10T10:54:23.316+0000] {processor.py:743} INFO - Processing file /home/airflow/.local/lib/python3.7/site-packages/airflow/example_dags/example_task_group_decorator.py for tasks to queue
[2023-01-10T10:54:23.316+0000] {logging_mixin.py:137} INFO - [2023-01-10T10:54:23.316+0000] {dagbag.py:538} INFO - Filling up the DagBag from /home/airflow/.local/lib/python3.7/site-packages/airflow/example_dags/example_task_group_decorator.py
[2023-01-10T10:54:23.346+0000] {processor.py:753} INFO - DAG(s) dict_keys(['example_task_group_decorator']) retrieved from /home/airflow/.local/lib/python3.7/site-packages/airflow/example_dags/example_task_group_decorator.py
[2023-01-10T10:54:23.463+0000] {logging_mixin.py:137} INFO - [2023-01-10T10:54:23.463+0000] {manager.py:504} INFO - Created Permission View: can delete on DAG:example_task_group_decorator
[2023-01-10T10:54:23.471+0000] {logging_mixin.py:137} INFO - [2023-01-10T10:54:23.470+0000] {manager.py:504} INFO - Created Permission View: can read on DAG:example_task_group_decorator
[2023-01-10T10:54:23.477+0000] {logging_mixin.py:137} INFO - [2023-01-10T10:54:23.476+0000] {manager.py:504} INFO - Created Permission View: can edit on DAG:example_task_group_decorator
[2023-01-10T10:54:23.477+0000] {logging_mixin.py:137} INFO - [2023-01-10T10:54:23.477+0000] {dag.py:2676} INFO - Sync 1 DAGs
[2023-01-10T10:54:23.492+0000] {logging_mixin.py:137} INFO - [2023-01-10T10:54:23.492+0000] {dag.py:2697} INFO - Creating ORM DAG for example_task_group_decorator
[2023-01-10T10:54:23.504+0000] {logging_mixin.py:137} INFO - [2023-01-10T10:54:23.503+0000] {dag.py:3427} INFO - Setting next_dagrun for example_task_group_decorator to 2023-01-09T10:54:23.503679+00:00, run_after=2023-01-10T10:54:23.503679+00:00
[2023-01-10T10:54:23.521+0000] {processor.py:175} INFO - Processing /home/airflow/.local/lib/python3.7/site-packages/airflow/example_dags/example_task_group_decorator.py took 0.208 seconds
[2023-01-10T10:54:54.185+0000] {processor.py:153} INFO - Started process (PID=147) to work on /home/airflow/.local/lib/python3.7/site-packages/airflow/example_dags/example_task_group_decorator.py
[2023-01-10T10:54:54.186+0000] {processor.py:743} INFO - Processing file /home/airflow/.local/lib/python3.7/site-packages/airflow/example_dags/example_task_group_decorator.py for tasks to queue
[2023-01-10T10:54:54.186+0000] {logging_mixin.py:137} INFO - [2023-01-10T10:54:54.186+0000] {dagbag.py:538} INFO - Filling up the DagBag from /home/airflow/.local/lib/python3.7/site-packages/airflow/example_dags/example_task_group_decorator.py
[2023-01-10T10:54:54.209+0000] {processor.py:753} INFO - DAG(s) dict_keys(['example_task_group_decorator']) retrieved from /home/airflow/.local/lib/python3.7/site-packages/airflow/example_dags/example_task_group_decorator.py
[2023-01-10T10:54:54.236+0000] {logging_mixin.py:137} INFO - [2023-01-10T10:54:54.236+0000] {dag.py:2676} INFO - Sync 1 DAGs
[2023-01-10T10:54:54.256+0000] {logging_mixin.py:137} INFO - [2023-01-10T10:54:54.255+0000] {dag.py:3427} INFO - Setting next_dagrun for example_task_group_decorator to 2023-01-09T10:54:54.255802+00:00, run_after=2023-01-10T10:54:54.255802+00:00
[2023-01-10T10:54:54.270+0000] {processor.py:175} INFO - Processing /home/airflow/.local/lib/python3.7/site-packages/airflow/example_dags/example_task_group_decorator.py took 0.087 seconds
[2023-01-10T10:55:24.765+0000] {processor.py:153} INFO - Started process (PID=234) to work on /home/airflow/.local/lib/python3.7/site-packages/airflow/example_dags/example_task_group_decorator.py
[2023-01-10T10:55:24.766+0000] {processor.py:743} INFO - Processing file /home/airflow/.local/lib/python3.7/site-packages/airflow/example_dags/example_task_group_decorator.py for tasks to queue
[2023-01-10T10:55:24.766+0000] {logging_mixin.py:137} INFO - [2023-01-10T10:55:24.766+0000] {dagbag.py:538} INFO - Filling up the DagBag from /home/airflow/.local/lib/python3.7/site-packages/airflow/example_dags/example_task_group_decorator.py
[2023-01-10T10:55:24.797+0000] {processor.py:753} INFO - DAG(s) dict_keys(['example_task_group_decorator']) retrieved from /home/airflow/.local/lib/python3.7/site-packages/airflow/example_dags/example_task_group_decorator.py
[2023-01-10T10:55:24.834+0000] {logging_mixin.py:137} INFO - [2023-01-10T10:55:24.834+0000] {dag.py:2676} INFO - Sync 1 DAGs
[2023-01-10T10:55:24.861+0000] {logging_mixin.py:137} INFO - [2023-01-10T10:55:24.860+0000] {dag.py:3427} INFO - Setting next_dagrun for example_task_group_decorator to 2023-01-09T10:55:24.860401+00:00, run_after=2023-01-10T10:55:24.860401+00:00
[2023-01-10T10:55:24.885+0000] {processor.py:175} INFO - Processing /home/airflow/.local/lib/python3.7/site-packages/airflow/example_dags/example_task_group_decorator.py took 0.122 seconds
[2023-01-10T10:55:54.913+0000] {processor.py:153} INFO - Started process (PID=305) to work on /home/airflow/.local/lib/python3.7/site-packages/airflow/example_dags/example_task_group_decorator.py
[2023-01-10T10:55:54.914+0000] {processor.py:743} INFO - Processing file /home/airflow/.local/lib/python3.7/site-packages/airflow/example_dags/example_task_group_decorator.py for tasks to queue
[2023-01-10T10:55:54.915+0000] {logging_mixin.py:137} INFO - [2023-01-10T10:55:54.915+0000] {dagbag.py:538} INFO - Filling up the DagBag from /home/airflow/.local/lib/python3.7/site-packages/airflow/example_dags/example_task_group_decorator.py
[2023-01-10T10:55:54.941+0000] {processor.py:753} INFO - DAG(s) dict_keys(['example_task_group_decorator']) retrieved from /home/airflow/.local/lib/python3.7/site-packages/airflow/example_dags/example_task_group_decorator.py
[2023-01-10T10:55:54.972+0000] {logging_mixin.py:137} INFO - [2023-01-10T10:55:54.972+0000] {dag.py:2676} INFO - Sync 1 DAGs
[2023-01-10T10:55:54.991+0000] {logging_mixin.py:137} INFO - [2023-01-10T10:55:54.991+0000] {dag.py:3427} INFO - Setting next_dagrun for example_task_group_decorator to 2023-01-09T10:55:54.991693+00:00, run_after=2023-01-10T10:55:54.991693+00:00
[2023-01-10T10:55:55.005+0000] {processor.py:175} INFO - Processing /home/airflow/.local/lib/python3.7/site-packages/airflow/example_dags/example_task_group_decorator.py took 0.094 seconds
[2023-01-10T10:56:25.143+0000] {processor.py:153} INFO - Started process (PID=391) to work on /home/airflow/.local/lib/python3.7/site-packages/airflow/example_dags/example_task_group_decorator.py
[2023-01-10T10:56:25.144+0000] {processor.py:743} INFO - Processing file /home/airflow/.local/lib/python3.7/site-packages/airflow/example_dags/example_task_group_decorator.py for tasks to queue
[2023-01-10T10:56:25.145+0000] {logging_mixin.py:137} INFO - [2023-01-10T10:56:25.144+0000] {dagbag.py:538} INFO - Filling up the DagBag from /home/airflow/.local/lib/python3.7/site-packages/airflow/example_dags/example_task_group_decorator.py
[2023-01-10T10:56:25.169+0000] {processor.py:753} INFO - DAG(s) dict_keys(['example_task_group_decorator']) retrieved from /home/airflow/.local/lib/python3.7/site-packages/airflow/example_dags/example_task_group_decorator.py
[2023-01-10T10:56:25.200+0000] {logging_mixin.py:137} INFO - [2023-01-10T10:56:25.200+0000] {dag.py:2676} INFO - Sync 1 DAGs
[2023-01-10T10:56:25.220+0000] {logging_mixin.py:137} INFO - [2023-01-10T10:56:25.220+0000] {dag.py:3427} INFO - Setting next_dagrun for example_task_group_decorator to 2023-01-09T10:56:25.220637+00:00, run_after=2023-01-10T10:56:25.220637+00:00
[2023-01-10T10:56:25.234+0000] {processor.py:175} INFO - Processing /home/airflow/.local/lib/python3.7/site-packages/airflow/example_dags/example_task_group_decorator.py took 0.093 seconds
[2023-01-10T10:56:56.131+0000] {processor.py:153} INFO - Started process (PID=461) to work on /home/airflow/.local/lib/python3.7/site-packages/airflow/example_dags/example_task_group_decorator.py
[2023-01-10T10:56:56.132+0000] {processor.py:743} INFO - Processing file /home/airflow/.local/lib/python3.7/site-packages/airflow/example_dags/example_task_group_decorator.py for tasks to queue
[2023-01-10T10:56:56.132+0000] {logging_mixin.py:137} INFO - [2023-01-10T10:56:56.132+0000] {dagbag.py:538} INFO - Filling up the DagBag from /home/airflow/.local/lib/python3.7/site-packages/airflow/example_dags/example_task_group_decorator.py
[2023-01-10T10:56:56.156+0000] {processor.py:753} INFO - DAG(s) dict_keys(['example_task_group_decorator']) retrieved from /home/airflow/.local/lib/python3.7/site-packages/airflow/example_dags/example_task_group_decorator.py
[2023-01-10T10:56:56.189+0000] {logging_mixin.py:137} INFO - [2023-01-10T10:56:56.189+0000] {dag.py:2676} INFO - Sync 1 DAGs
[2023-01-10T10:56:56.211+0000] {logging_mixin.py:137} INFO - [2023-01-10T10:56:56.211+0000] {dag.py:3427} INFO - Setting next_dagrun for example_task_group_decorator to 2023-01-09T10:56:56.211699+00:00, run_after=2023-01-10T10:56:56.211699+00:00
[2023-01-10T10:56:56.228+0000] {processor.py:175} INFO - Processing /home/airflow/.local/lib/python3.7/site-packages/airflow/example_dags/example_task_group_decorator.py took 0.099 seconds
[2023-01-10T10:57:26.431+0000] {processor.py:153} INFO - Started process (PID=547) to work on /home/airflow/.local/lib/python3.7/site-packages/airflow/example_dags/example_task_group_decorator.py
[2023-01-10T10:57:26.432+0000] {processor.py:743} INFO - Processing file /home/airflow/.local/lib/python3.7/site-packages/airflow/example_dags/example_task_group_decorator.py for tasks to queue
[2023-01-10T10:57:26.432+0000] {logging_mixin.py:137} INFO - [2023-01-10T10:57:26.432+0000] {dagbag.py:538} INFO - Filling up the DagBag from /home/airflow/.local/lib/python3.7/site-packages/airflow/example_dags/example_task_group_decorator.py
[2023-01-10T10:57:26.453+0000] {processor.py:753} INFO - DAG(s) dict_keys(['example_task_group_decorator']) retrieved from /home/airflow/.local/lib/python3.7/site-packages/airflow/example_dags/example_task_group_decorator.py
[2023-01-10T10:57:26.487+0000] {logging_mixin.py:137} INFO - [2023-01-10T10:57:26.487+0000] {dag.py:2676} INFO - Sync 1 DAGs
[2023-01-10T10:57:26.510+0000] {logging_mixin.py:137} INFO - [2023-01-10T10:57:26.510+0000] {dag.py:3427} INFO - Setting next_dagrun for example_task_group_decorator to 2023-01-09T10:57:26.510043+00:00, run_after=2023-01-10T10:57:26.510043+00:00
[2023-01-10T10:57:26.525+0000] {processor.py:175} INFO - Processing /home/airflow/.local/lib/python3.7/site-packages/airflow/example_dags/example_task_group_decorator.py took 0.096 seconds
[2023-01-10T10:57:57.420+0000] {processor.py:153} INFO - Started process (PID=617) to work on /home/airflow/.local/lib/python3.7/site-packages/airflow/example_dags/example_task_group_decorator.py
[2023-01-10T10:57:57.421+0000] {processor.py:743} INFO - Processing file /home/airflow/.local/lib/python3.7/site-packages/airflow/example_dags/example_task_group_decorator.py for tasks to queue
[2023-01-10T10:57:57.421+0000] {logging_mixin.py:137} INFO - [2023-01-10T10:57:57.421+0000] {dagbag.py:538} INFO - Filling up the DagBag from /home/airflow/.local/lib/python3.7/site-packages/airflow/example_dags/example_task_group_decorator.py
[2023-01-10T10:57:57.444+0000] {processor.py:753} INFO - DAG(s) dict_keys(['example_task_group_decorator']) retrieved from /home/airflow/.local/lib/python3.7/site-packages/airflow/example_dags/example_task_group_decorator.py
[2023-01-10T10:57:57.475+0000] {logging_mixin.py:137} INFO - [2023-01-10T10:57:57.475+0000] {dag.py:2676} INFO - Sync 1 DAGs
[2023-01-10T10:57:57.496+0000] {logging_mixin.py:137} INFO - [2023-01-10T10:57:57.495+0000] {dag.py:3427} INFO - Setting next_dagrun for example_task_group_decorator to 2023-01-09T10:57:57.495713+00:00, run_after=2023-01-10T10:57:57.495713+00:00
[2023-01-10T10:57:57.510+0000] {processor.py:175} INFO - Processing /home/airflow/.local/lib/python3.7/site-packages/airflow/example_dags/example_task_group_decorator.py took 0.093 seconds
[2023-01-10T10:58:28.373+0000] {processor.py:153} INFO - Started process (PID=703) to work on /home/airflow/.local/lib/python3.7/site-packages/airflow/example_dags/example_task_group_decorator.py
[2023-01-10T10:58:28.374+0000] {processor.py:743} INFO - Processing file /home/airflow/.local/lib/python3.7/site-packages/airflow/example_dags/example_task_group_decorator.py for tasks to queue
[2023-01-10T10:58:28.374+0000] {logging_mixin.py:137} INFO - [2023-01-10T10:58:28.374+0000] {dagbag.py:538} INFO - Filling up the DagBag from /home/airflow/.local/lib/python3.7/site-packages/airflow/example_dags/example_task_group_decorator.py
[2023-01-10T10:58:28.396+0000] {processor.py:753} INFO - DAG(s) dict_keys(['example_task_group_decorator']) retrieved from /home/airflow/.local/lib/python3.7/site-packages/airflow/example_dags/example_task_group_decorator.py
[2023-01-10T10:58:28.426+0000] {logging_mixin.py:137} INFO - [2023-01-10T10:58:28.426+0000] {dag.py:2676} INFO - Sync 1 DAGs
[2023-01-10T10:58:28.449+0000] {logging_mixin.py:137} INFO - [2023-01-10T10:58:28.449+0000] {dag.py:3427} INFO - Setting next_dagrun for example_task_group_decorator to 2023-01-09T10:58:28.448925+00:00, run_after=2023-01-10T10:58:28.448925+00:00
[2023-01-10T10:58:28.463+0000] {processor.py:175} INFO - Processing /home/airflow/.local/lib/python3.7/site-packages/airflow/example_dags/example_task_group_decorator.py took 0.092 seconds
[2023-01-10T10:58:59.528+0000] {processor.py:153} INFO - Started process (PID=781) to work on /home/airflow/.local/lib/python3.7/site-packages/airflow/example_dags/example_task_group_decorator.py
[2023-01-10T10:58:59.529+0000] {processor.py:743} INFO - Processing file /home/airflow/.local/lib/python3.7/site-packages/airflow/example_dags/example_task_group_decorator.py for tasks to queue
[2023-01-10T10:58:59.529+0000] {logging_mixin.py:137} INFO - [2023-01-10T10:58:59.529+0000] {dagbag.py:538} INFO - Filling up the DagBag from /home/airflow/.local/lib/python3.7/site-packages/airflow/example_dags/example_task_group_decorator.py
[2023-01-10T10:58:59.552+0000] {processor.py:753} INFO - DAG(s) dict_keys(['example_task_group_decorator']) retrieved from /home/airflow/.local/lib/python3.7/site-packages/airflow/example_dags/example_task_group_decorator.py
[2023-01-10T10:58:59.597+0000] {logging_mixin.py:137} INFO - [2023-01-10T10:58:59.596+0000] {dag.py:2676} INFO - Sync 1 DAGs
[2023-01-10T10:58:59.628+0000] {logging_mixin.py:137} INFO - [2023-01-10T10:58:59.627+0000] {dag.py:3427} INFO - Setting next_dagrun for example_task_group_decorator to 2023-01-09T10:58:59.627757+00:00, run_after=2023-01-10T10:58:59.627757+00:00
[2023-01-10T10:58:59.646+0000] {processor.py:175} INFO - Processing /home/airflow/.local/lib/python3.7/site-packages/airflow/example_dags/example_task_group_decorator.py took 0.120 seconds
[2023-01-10T10:59:29.905+0000] {processor.py:153} INFO - Started process (PID=858) to work on /home/airflow/.local/lib/python3.7/site-packages/airflow/example_dags/example_task_group_decorator.py
[2023-01-10T10:59:29.905+0000] {processor.py:743} INFO - Processing file /home/airflow/.local/lib/python3.7/site-packages/airflow/example_dags/example_task_group_decorator.py for tasks to queue
[2023-01-10T10:59:29.906+0000] {logging_mixin.py:137} INFO - [2023-01-10T10:59:29.906+0000] {dagbag.py:538} INFO - Filling up the DagBag from /home/airflow/.local/lib/python3.7/site-packages/airflow/example_dags/example_task_group_decorator.py
[2023-01-10T10:59:29.930+0000] {processor.py:753} INFO - DAG(s) dict_keys(['example_task_group_decorator']) retrieved from /home/airflow/.local/lib/python3.7/site-packages/airflow/example_dags/example_task_group_decorator.py
[2023-01-10T10:59:29.961+0000] {logging_mixin.py:137} INFO - [2023-01-10T10:59:29.961+0000] {dag.py:2676} INFO - Sync 1 DAGs
[2023-01-10T10:59:29.982+0000] {logging_mixin.py:137} INFO - [2023-01-10T10:59:29.982+0000] {dag.py:3427} INFO - Setting next_dagrun for example_task_group_decorator to 2023-01-09T10:59:29.981850+00:00, run_after=2023-01-10T10:59:29.981850+00:00
[2023-01-10T10:59:29.999+0000] {processor.py:175} INFO - Processing /home/airflow/.local/lib/python3.7/site-packages/airflow/example_dags/example_task_group_decorator.py took 0.097 seconds
[2023-01-10T11:00:00.091+0000] {processor.py:153} INFO - Started process (PID=945) to work on /home/airflow/.local/lib/python3.7/site-packages/airflow/example_dags/example_task_group_decorator.py
[2023-01-10T11:00:00.092+0000] {processor.py:743} INFO - Processing file /home/airflow/.local/lib/python3.7/site-packages/airflow/example_dags/example_task_group_decorator.py for tasks to queue
[2023-01-10T11:00:00.092+0000] {logging_mixin.py:137} INFO - [2023-01-10T11:00:00.092+0000] {dagbag.py:538} INFO - Filling up the DagBag from /home/airflow/.local/lib/python3.7/site-packages/airflow/example_dags/example_task_group_decorator.py
[2023-01-10T11:00:00.115+0000] {processor.py:753} INFO - DAG(s) dict_keys(['example_task_group_decorator']) retrieved from /home/airflow/.local/lib/python3.7/site-packages/airflow/example_dags/example_task_group_decorator.py
[2023-01-10T11:00:00.145+0000] {logging_mixin.py:137} INFO - [2023-01-10T11:00:00.145+0000] {dag.py:2676} INFO - Sync 1 DAGs
[2023-01-10T11:00:00.166+0000] {logging_mixin.py:137} INFO - [2023-01-10T11:00:00.166+0000] {dag.py:3427} INFO - Setting next_dagrun for example_task_group_decorator to 2023-01-09T11:00:00.166482+00:00, run_after=2023-01-10T11:00:00.166482+00:00
[2023-01-10T11:00:00.187+0000] {processor.py:175} INFO - Processing /home/airflow/.local/lib/python3.7/site-packages/airflow/example_dags/example_task_group_decorator.py took 0.099 seconds
[2023-01-10T11:00:30.277+0000] {processor.py:153} INFO - Started process (PID=1015) to work on /home/airflow/.local/lib/python3.7/site-packages/airflow/example_dags/example_task_group_decorator.py
[2023-01-10T11:00:30.278+0000] {processor.py:743} INFO - Processing file /home/airflow/.local/lib/python3.7/site-packages/airflow/example_dags/example_task_group_decorator.py for tasks to queue
[2023-01-10T11:00:30.278+0000] {logging_mixin.py:137} INFO - [2023-01-10T11:00:30.278+0000] {dagbag.py:538} INFO - Filling up the DagBag from /home/airflow/.local/lib/python3.7/site-packages/airflow/example_dags/example_task_group_decorator.py
[2023-01-10T11:00:30.301+0000] {processor.py:753} INFO - DAG(s) dict_keys(['example_task_group_decorator']) retrieved from /home/airflow/.local/lib/python3.7/site-packages/airflow/example_dags/example_task_group_decorator.py
[2023-01-10T11:00:30.330+0000] {logging_mixin.py:137} INFO - [2023-01-10T11:00:30.330+0000] {dag.py:2676} INFO - Sync 1 DAGs
[2023-01-10T11:00:30.355+0000] {logging_mixin.py:137} INFO - [2023-01-10T11:00:30.355+0000] {dag.py:3427} INFO - Setting next_dagrun for example_task_group_decorator to 2023-01-09T11:00:30.354756+00:00, run_after=2023-01-10T11:00:30.354756+00:00
[2023-01-10T11:00:30.376+0000] {processor.py:175} INFO - Processing /home/airflow/.local/lib/python3.7/site-packages/airflow/example_dags/example_task_group_decorator.py took 0.101 seconds
[2023-01-10T11:01:00.461+0000] {processor.py:153} INFO - Started process (PID=1101) to work on /home/airflow/.local/lib/python3.7/site-packages/airflow/example_dags/example_task_group_decorator.py
[2023-01-10T11:01:00.462+0000] {processor.py:743} INFO - Processing file /home/airflow/.local/lib/python3.7/site-packages/airflow/example_dags/example_task_group_decorator.py for tasks to queue
[2023-01-10T11:01:00.462+0000] {logging_mixin.py:137} INFO - [2023-01-10T11:01:00.462+0000] {dagbag.py:538} INFO - Filling up the DagBag from /home/airflow/.local/lib/python3.7/site-packages/airflow/example_dags/example_task_group_decorator.py
[2023-01-10T11:01:00.492+0000] {processor.py:753} INFO - DAG(s) dict_keys(['example_task_group_decorator']) retrieved from /home/airflow/.local/lib/python3.7/site-packages/airflow/example_dags/example_task_group_decorator.py
[2023-01-10T11:01:00.525+0000] {logging_mixin.py:137} INFO - [2023-01-10T11:01:00.524+0000] {dag.py:2676} INFO - Sync 1 DAGs
[2023-01-10T11:01:00.550+0000] {logging_mixin.py:137} INFO - [2023-01-10T11:01:00.550+0000] {dag.py:3427} INFO - Setting next_dagrun for example_task_group_decorator to 2023-01-09T11:01:00.550080+00:00, run_after=2023-01-10T11:01:00.550080+00:00
[2023-01-10T11:01:00.575+0000] {processor.py:175} INFO - Processing /home/airflow/.local/lib/python3.7/site-packages/airflow/example_dags/example_task_group_decorator.py took 0.117 seconds
[2023-01-10T11:01:30.596+0000] {processor.py:153} INFO - Started process (PID=1171) to work on /home/airflow/.local/lib/python3.7/site-packages/airflow/example_dags/example_task_group_decorator.py
[2023-01-10T11:01:30.597+0000] {processor.py:743} INFO - Processing file /home/airflow/.local/lib/python3.7/site-packages/airflow/example_dags/example_task_group_decorator.py for tasks to queue
[2023-01-10T11:01:30.597+0000] {logging_mixin.py:137} INFO - [2023-01-10T11:01:30.597+0000] {dagbag.py:538} INFO - Filling up the DagBag from /home/airflow/.local/lib/python3.7/site-packages/airflow/example_dags/example_task_group_decorator.py
[2023-01-10T11:01:30.620+0000] {processor.py:753} INFO - DAG(s) dict_keys(['example_task_group_decorator']) retrieved from /home/airflow/.local/lib/python3.7/site-packages/airflow/example_dags/example_task_group_decorator.py
[2023-01-10T11:01:30.648+0000] {logging_mixin.py:137} INFO - [2023-01-10T11:01:30.648+0000] {dag.py:2676} INFO - Sync 1 DAGs
[2023-01-10T11:01:30.666+0000] {logging_mixin.py:137} INFO - [2023-01-10T11:01:30.666+0000] {dag.py:3427} INFO - Setting next_dagrun for example_task_group_decorator to 2023-01-09T11:01:30.666552+00:00, run_after=2023-01-10T11:01:30.666552+00:00
[2023-01-10T11:01:30.679+0000] {processor.py:175} INFO - Processing /home/airflow/.local/lib/python3.7/site-packages/airflow/example_dags/example_task_group_decorator.py took 0.085 seconds
[2023-01-10T11:02:01.002+0000] {processor.py:153} INFO - Started process (PID=1258) to work on /home/airflow/.local/lib/python3.7/site-packages/airflow/example_dags/example_task_group_decorator.py
[2023-01-10T11:02:01.003+0000] {processor.py:743} INFO - Processing file /home/airflow/.local/lib/python3.7/site-packages/airflow/example_dags/example_task_group_decorator.py for tasks to queue
[2023-01-10T11:02:01.003+0000] {logging_mixin.py:137} INFO - [2023-01-10T11:02:01.003+0000] {dagbag.py:538} INFO - Filling up the DagBag from /home/airflow/.local/lib/python3.7/site-packages/airflow/example_dags/example_task_group_decorator.py
[2023-01-10T11:02:01.029+0000] {processor.py:753} INFO - DAG(s) dict_keys(['example_task_group_decorator']) retrieved from /home/airflow/.local/lib/python3.7/site-packages/airflow/example_dags/example_task_group_decorator.py
[2023-01-10T11:02:01.067+0000] {logging_mixin.py:137} INFO - [2023-01-10T11:02:01.067+0000] {dag.py:2676} INFO - Sync 1 DAGs
[2023-01-10T11:02:01.093+0000] {logging_mixin.py:137} INFO - [2023-01-10T11:02:01.093+0000] {dag.py:3427} INFO - Setting next_dagrun for example_task_group_decorator to 2023-01-09T11:02:01.093016+00:00, run_after=2023-01-10T11:02:01.093016+00:00
[2023-01-10T11:02:01.113+0000] {processor.py:175} INFO - Processing /home/airflow/.local/lib/python3.7/site-packages/airflow/example_dags/example_task_group_decorator.py took 0.112 seconds
[2023-01-10T11:02:32.061+0000] {processor.py:153} INFO - Started process (PID=1328) to work on /home/airflow/.local/lib/python3.7/site-packages/airflow/example_dags/example_task_group_decorator.py
[2023-01-10T11:02:32.068+0000] {processor.py:743} INFO - Processing file /home/airflow/.local/lib/python3.7/site-packages/airflow/example_dags/example_task_group_decorator.py for tasks to queue
[2023-01-10T11:02:32.069+0000] {logging_mixin.py:137} INFO - [2023-01-10T11:02:32.069+0000] {dagbag.py:538} INFO - Filling up the DagBag from /home/airflow/.local/lib/python3.7/site-packages/airflow/example_dags/example_task_group_decorator.py
[2023-01-10T11:02:32.092+0000] {processor.py:753} INFO - DAG(s) dict_keys(['example_task_group_decorator']) retrieved from /home/airflow/.local/lib/python3.7/site-packages/airflow/example_dags/example_task_group_decorator.py
[2023-01-10T11:02:32.123+0000] {logging_mixin.py:137} INFO - [2023-01-10T11:02:32.123+0000] {dag.py:2676} INFO - Sync 1 DAGs
[2023-01-10T11:02:32.144+0000] {logging_mixin.py:137} INFO - [2023-01-10T11:02:32.144+0000] {dag.py:3427} INFO - Setting next_dagrun for example_task_group_decorator to 2023-01-09T11:02:32.144725+00:00, run_after=2023-01-10T11:02:32.144725+00:00
[2023-01-10T11:02:32.161+0000] {processor.py:175} INFO - Processing /home/airflow/.local/lib/python3.7/site-packages/airflow/example_dags/example_task_group_decorator.py took 0.102 seconds
[2023-01-10T11:03:02.263+0000] {processor.py:153} INFO - Started process (PID=1414) to work on /home/airflow/.local/lib/python3.7/site-packages/airflow/example_dags/example_task_group_decorator.py
[2023-01-10T11:03:02.264+0000] {processor.py:743} INFO - Processing file /home/airflow/.local/lib/python3.7/site-packages/airflow/example_dags/example_task_group_decorator.py for tasks to queue
[2023-01-10T11:03:02.264+0000] {logging_mixin.py:137} INFO - [2023-01-10T11:03:02.264+0000] {dagbag.py:538} INFO - Filling up the DagBag from /home/airflow/.local/lib/python3.7/site-packages/airflow/example_dags/example_task_group_decorator.py
[2023-01-10T11:03:02.286+0000] {processor.py:753} INFO - DAG(s) dict_keys(['example_task_group_decorator']) retrieved from /home/airflow/.local/lib/python3.7/site-packages/airflow/example_dags/example_task_group_decorator.py
[2023-01-10T11:03:02.317+0000] {logging_mixin.py:137} INFO - [2023-01-10T11:03:02.317+0000] {dag.py:2676} INFO - Sync 1 DAGs
[2023-01-10T11:03:02.339+0000] {logging_mixin.py:137} INFO - [2023-01-10T11:03:02.338+0000] {dag.py:3427} INFO - Setting next_dagrun for example_task_group_decorator to 2023-01-09T11:03:02.338432+00:00, run_after=2023-01-10T11:03:02.338432+00:00
[2023-01-10T11:03:02.353+0000] {processor.py:175} INFO - Processing /home/airflow/.local/lib/python3.7/site-packages/airflow/example_dags/example_task_group_decorator.py took 0.091 seconds
[2023-01-10T11:03:33.234+0000] {processor.py:153} INFO - Started process (PID=1485) to work on /home/airflow/.local/lib/python3.7/site-packages/airflow/example_dags/example_task_group_decorator.py
[2023-01-10T11:03:33.240+0000] {processor.py:743} INFO - Processing file /home/airflow/.local/lib/python3.7/site-packages/airflow/example_dags/example_task_group_decorator.py for tasks to queue
[2023-01-10T11:03:33.241+0000] {logging_mixin.py:137} INFO - [2023-01-10T11:03:33.241+0000] {dagbag.py:538} INFO - Filling up the DagBag from /home/airflow/.local/lib/python3.7/site-packages/airflow/example_dags/example_task_group_decorator.py
[2023-01-10T11:03:33.266+0000] {processor.py:753} INFO - DAG(s) dict_keys(['example_task_group_decorator']) retrieved from /home/airflow/.local/lib/python3.7/site-packages/airflow/example_dags/example_task_group_decorator.py
[2023-01-10T11:03:33.302+0000] {logging_mixin.py:137} INFO - [2023-01-10T11:03:33.302+0000] {dag.py:2676} INFO - Sync 1 DAGs
[2023-01-10T11:03:33.325+0000] {logging_mixin.py:137} INFO - [2023-01-10T11:03:33.325+0000] {dag.py:3427} INFO - Setting next_dagrun for example_task_group_decorator to 2023-01-09T11:03:33.325147+00:00, run_after=2023-01-10T11:03:33.325147+00:00
[2023-01-10T11:03:33.349+0000] {processor.py:175} INFO - Processing /home/airflow/.local/lib/python3.7/site-packages/airflow/example_dags/example_task_group_decorator.py took 0.117 seconds
[2023-01-10T11:04:03.670+0000] {processor.py:153} INFO - Started process (PID=1571) to work on /home/airflow/.local/lib/python3.7/site-packages/airflow/example_dags/example_task_group_decorator.py
[2023-01-10T11:04:03.670+0000] {processor.py:743} INFO - Processing file /home/airflow/.local/lib/python3.7/site-packages/airflow/example_dags/example_task_group_decorator.py for tasks to queue
[2023-01-10T11:04:03.671+0000] {logging_mixin.py:137} INFO - [2023-01-10T11:04:03.671+0000] {dagbag.py:538} INFO - Filling up the DagBag from /home/airflow/.local/lib/python3.7/site-packages/airflow/example_dags/example_task_group_decorator.py
[2023-01-10T11:04:03.692+0000] {processor.py:753} INFO - DAG(s) dict_keys(['example_task_group_decorator']) retrieved from /home/airflow/.local/lib/python3.7/site-packages/airflow/example_dags/example_task_group_decorator.py
[2023-01-10T11:04:03.722+0000] {logging_mixin.py:137} INFO - [2023-01-10T11:04:03.722+0000] {dag.py:2676} INFO - Sync 1 DAGs
[2023-01-10T11:04:03.742+0000] {logging_mixin.py:137} INFO - [2023-01-10T11:04:03.742+0000] {dag.py:3427} INFO - Setting next_dagrun for example_task_group_decorator to 2023-01-09T11:04:03.741813+00:00, run_after=2023-01-10T11:04:03.741813+00:00
[2023-01-10T11:04:03.756+0000] {processor.py:175} INFO - Processing /home/airflow/.local/lib/python3.7/site-packages/airflow/example_dags/example_task_group_decorator.py took 0.088 seconds
[2023-01-10T11:04:34.664+0000] {processor.py:153} INFO - Started process (PID=1641) to work on /home/airflow/.local/lib/python3.7/site-packages/airflow/example_dags/example_task_group_decorator.py
[2023-01-10T11:04:34.670+0000] {processor.py:743} INFO - Processing file /home/airflow/.local/lib/python3.7/site-packages/airflow/example_dags/example_task_group_decorator.py for tasks to queue
[2023-01-10T11:04:34.671+0000] {logging_mixin.py:137} INFO - [2023-01-10T11:04:34.671+0000] {dagbag.py:538} INFO - Filling up the DagBag from /home/airflow/.local/lib/python3.7/site-packages/airflow/example_dags/example_task_group_decorator.py
[2023-01-10T11:04:34.696+0000] {processor.py:753} INFO - DAG(s) dict_keys(['example_task_group_decorator']) retrieved from /home/airflow/.local/lib/python3.7/site-packages/airflow/example_dags/example_task_group_decorator.py
[2023-01-10T11:04:34.728+0000] {logging_mixin.py:137} INFO - [2023-01-10T11:04:34.728+0000] {dag.py:2676} INFO - Sync 1 DAGs
[2023-01-10T11:04:34.752+0000] {logging_mixin.py:137} INFO - [2023-01-10T11:04:34.752+0000] {dag.py:3427} INFO - Setting next_dagrun for example_task_group_decorator to 2023-01-09T11:04:34.751850+00:00, run_after=2023-01-10T11:04:34.751850+00:00
[2023-01-10T11:04:34.769+0000] {processor.py:175} INFO - Processing /home/airflow/.local/lib/python3.7/site-packages/airflow/example_dags/example_task_group_decorator.py took 0.107 seconds
[2023-01-10T11:05:04.786+0000] {processor.py:153} INFO - Started process (PID=1727) to work on /home/airflow/.local/lib/python3.7/site-packages/airflow/example_dags/example_task_group_decorator.py
[2023-01-10T11:05:04.794+0000] {processor.py:743} INFO - Processing file /home/airflow/.local/lib/python3.7/site-packages/airflow/example_dags/example_task_group_decorator.py for tasks to queue
[2023-01-10T11:05:04.795+0000] {logging_mixin.py:137} INFO - [2023-01-10T11:05:04.795+0000] {dagbag.py:538} INFO - Filling up the DagBag from /home/airflow/.local/lib/python3.7/site-packages/airflow/example_dags/example_task_group_decorator.py
[2023-01-10T11:05:04.817+0000] {processor.py:753} INFO - DAG(s) dict_keys(['example_task_group_decorator']) retrieved from /home/airflow/.local/lib/python3.7/site-packages/airflow/example_dags/example_task_group_decorator.py
[2023-01-10T11:05:04.847+0000] {logging_mixin.py:137} INFO - [2023-01-10T11:05:04.847+0000] {dag.py:2676} INFO - Sync 1 DAGs
[2023-01-10T11:05:04.872+0000] {logging_mixin.py:137} INFO - [2023-01-10T11:05:04.871+0000] {dag.py:3427} INFO - Setting next_dagrun for example_task_group_decorator to 2023-01-09T11:05:04.871781+00:00, run_after=2023-01-10T11:05:04.871781+00:00
[2023-01-10T11:05:04.888+0000] {processor.py:175} INFO - Processing /home/airflow/.local/lib/python3.7/site-packages/airflow/example_dags/example_task_group_decorator.py took 0.104 seconds
[2023-01-10T11:05:35.001+0000] {processor.py:153} INFO - Started process (PID=1813) to work on /home/airflow/.local/lib/python3.7/site-packages/airflow/example_dags/example_task_group_decorator.py
[2023-01-10T11:05:35.001+0000] {processor.py:743} INFO - Processing file /home/airflow/.local/lib/python3.7/site-packages/airflow/example_dags/example_task_group_decorator.py for tasks to queue
[2023-01-10T11:05:35.002+0000] {logging_mixin.py:137} INFO - [2023-01-10T11:05:35.002+0000] {dagbag.py:538} INFO - Filling up the DagBag from /home/airflow/.local/lib/python3.7/site-packages/airflow/example_dags/example_task_group_decorator.py
[2023-01-10T11:05:35.024+0000] {processor.py:753} INFO - DAG(s) dict_keys(['example_task_group_decorator']) retrieved from /home/airflow/.local/lib/python3.7/site-packages/airflow/example_dags/example_task_group_decorator.py
[2023-01-10T11:05:35.062+0000] {logging_mixin.py:137} INFO - [2023-01-10T11:05:35.062+0000] {dag.py:2676} INFO - Sync 1 DAGs
[2023-01-10T11:05:35.090+0000] {logging_mixin.py:137} INFO - [2023-01-10T11:05:35.090+0000] {dag.py:3427} INFO - Setting next_dagrun for example_task_group_decorator to 2023-01-09T11:05:35.090232+00:00, run_after=2023-01-10T11:05:35.090232+00:00
[2023-01-10T11:05:35.106+0000] {processor.py:175} INFO - Processing /home/airflow/.local/lib/python3.7/site-packages/airflow/example_dags/example_task_group_decorator.py took 0.108 seconds
[2023-01-10T11:06:05.133+0000] {processor.py:153} INFO - Started process (PID=1883) to work on /home/airflow/.local/lib/python3.7/site-packages/airflow/example_dags/example_task_group_decorator.py
[2023-01-10T11:06:05.134+0000] {processor.py:743} INFO - Processing file /home/airflow/.local/lib/python3.7/site-packages/airflow/example_dags/example_task_group_decorator.py for tasks to queue
[2023-01-10T11:06:05.134+0000] {logging_mixin.py:137} INFO - [2023-01-10T11:06:05.134+0000] {dagbag.py:538} INFO - Filling up the DagBag from /home/airflow/.local/lib/python3.7/site-packages/airflow/example_dags/example_task_group_decorator.py
[2023-01-10T11:06:05.157+0000] {processor.py:753} INFO - DAG(s) dict_keys(['example_task_group_decorator']) retrieved from /home/airflow/.local/lib/python3.7/site-packages/airflow/example_dags/example_task_group_decorator.py
[2023-01-10T11:06:05.186+0000] {logging_mixin.py:137} INFO - [2023-01-10T11:06:05.186+0000] {dag.py:2676} INFO - Sync 1 DAGs
[2023-01-10T11:06:05.205+0000] {logging_mixin.py:137} INFO - [2023-01-10T11:06:05.205+0000] {dag.py:3427} INFO - Setting next_dagrun for example_task_group_decorator to 2023-01-09T11:06:05.205602+00:00, run_after=2023-01-10T11:06:05.205602+00:00
[2023-01-10T11:06:05.221+0000] {processor.py:175} INFO - Processing /home/airflow/.local/lib/python3.7/site-packages/airflow/example_dags/example_task_group_decorator.py took 0.090 seconds
[2023-01-10T11:06:35.601+0000] {processor.py:153} INFO - Started process (PID=1969) to work on /home/airflow/.local/lib/python3.7/site-packages/airflow/example_dags/example_task_group_decorator.py
[2023-01-10T11:06:35.608+0000] {processor.py:743} INFO - Processing file /home/airflow/.local/lib/python3.7/site-packages/airflow/example_dags/example_task_group_decorator.py for tasks to queue
[2023-01-10T11:06:35.608+0000] {logging_mixin.py:137} INFO - [2023-01-10T11:06:35.608+0000] {dagbag.py:538} INFO - Filling up the DagBag from /home/airflow/.local/lib/python3.7/site-packages/airflow/example_dags/example_task_group_decorator.py
[2023-01-10T11:06:35.633+0000] {processor.py:753} INFO - DAG(s) dict_keys(['example_task_group_decorator']) retrieved from /home/airflow/.local/lib/python3.7/site-packages/airflow/example_dags/example_task_group_decorator.py
[2023-01-10T11:06:35.669+0000] {logging_mixin.py:137} INFO - [2023-01-10T11:06:35.669+0000] {dag.py:2676} INFO - Sync 1 DAGs
[2023-01-10T11:06:35.693+0000] {logging_mixin.py:137} INFO - [2023-01-10T11:06:35.693+0000] {dag.py:3427} INFO - Setting next_dagrun for example_task_group_decorator to 2023-01-09T11:06:35.693461+00:00, run_after=2023-01-10T11:06:35.693461+00:00
[2023-01-10T11:06:35.715+0000] {processor.py:175} INFO - Processing /home/airflow/.local/lib/python3.7/site-packages/airflow/example_dags/example_task_group_decorator.py took 0.117 seconds
[2023-01-10T11:07:05.817+0000] {processor.py:153} INFO - Started process (PID=2039) to work on /home/airflow/.local/lib/python3.7/site-packages/airflow/example_dags/example_task_group_decorator.py
[2023-01-10T11:07:05.818+0000] {processor.py:743} INFO - Processing file /home/airflow/.local/lib/python3.7/site-packages/airflow/example_dags/example_task_group_decorator.py for tasks to queue
[2023-01-10T11:07:05.818+0000] {logging_mixin.py:137} INFO - [2023-01-10T11:07:05.818+0000] {dagbag.py:538} INFO - Filling up the DagBag from /home/airflow/.local/lib/python3.7/site-packages/airflow/example_dags/example_task_group_decorator.py
[2023-01-10T11:07:05.843+0000] {processor.py:753} INFO - DAG(s) dict_keys(['example_task_group_decorator']) retrieved from /home/airflow/.local/lib/python3.7/site-packages/airflow/example_dags/example_task_group_decorator.py
[2023-01-10T11:07:05.877+0000] {logging_mixin.py:137} INFO - [2023-01-10T11:07:05.877+0000] {dag.py:2676} INFO - Sync 1 DAGs
[2023-01-10T11:07:05.897+0000] {logging_mixin.py:137} INFO - [2023-01-10T11:07:05.896+0000] {dag.py:3427} INFO - Setting next_dagrun for example_task_group_decorator to 2023-01-09T11:07:05.896815+00:00, run_after=2023-01-10T11:07:05.896815+00:00
[2023-01-10T11:07:05.909+0000] {processor.py:175} INFO - Processing /home/airflow/.local/lib/python3.7/site-packages/airflow/example_dags/example_task_group_decorator.py took 0.094 seconds
[2023-01-10T11:07:36.215+0000] {processor.py:153} INFO - Started process (PID=2125) to work on /home/airflow/.local/lib/python3.7/site-packages/airflow/example_dags/example_task_group_decorator.py
[2023-01-10T11:07:36.216+0000] {processor.py:743} INFO - Processing file /home/airflow/.local/lib/python3.7/site-packages/airflow/example_dags/example_task_group_decorator.py for tasks to queue
[2023-01-10T11:07:36.217+0000] {logging_mixin.py:137} INFO - [2023-01-10T11:07:36.217+0000] {dagbag.py:538} INFO - Filling up the DagBag from /home/airflow/.local/lib/python3.7/site-packages/airflow/example_dags/example_task_group_decorator.py
[2023-01-10T11:07:36.237+0000] {processor.py:753} INFO - DAG(s) dict_keys(['example_task_group_decorator']) retrieved from /home/airflow/.local/lib/python3.7/site-packages/airflow/example_dags/example_task_group_decorator.py
[2023-01-10T11:07:36.268+0000] {logging_mixin.py:137} INFO - [2023-01-10T11:07:36.268+0000] {dag.py:2676} INFO - Sync 1 DAGs
[2023-01-10T11:07:36.287+0000] {logging_mixin.py:137} INFO - [2023-01-10T11:07:36.286+0000] {dag.py:3427} INFO - Setting next_dagrun for example_task_group_decorator to 2023-01-09T11:07:36.286644+00:00, run_after=2023-01-10T11:07:36.286644+00:00
[2023-01-10T11:07:36.301+0000] {processor.py:175} INFO - Processing /home/airflow/.local/lib/python3.7/site-packages/airflow/example_dags/example_task_group_decorator.py took 0.088 seconds
[2023-01-10T11:08:06.423+0000] {processor.py:153} INFO - Started process (PID=2195) to work on /home/airflow/.local/lib/python3.7/site-packages/airflow/example_dags/example_task_group_decorator.py
[2023-01-10T11:08:06.424+0000] {processor.py:743} INFO - Processing file /home/airflow/.local/lib/python3.7/site-packages/airflow/example_dags/example_task_group_decorator.py for tasks to queue
[2023-01-10T11:08:06.425+0000] {logging_mixin.py:137} INFO - [2023-01-10T11:08:06.425+0000] {dagbag.py:538} INFO - Filling up the DagBag from /home/airflow/.local/lib/python3.7/site-packages/airflow/example_dags/example_task_group_decorator.py
[2023-01-10T11:08:06.452+0000] {processor.py:753} INFO - DAG(s) dict_keys(['example_task_group_decorator']) retrieved from /home/airflow/.local/lib/python3.7/site-packages/airflow/example_dags/example_task_group_decorator.py
[2023-01-10T11:08:06.482+0000] {logging_mixin.py:137} INFO - [2023-01-10T11:08:06.482+0000] {dag.py:2676} INFO - Sync 1 DAGs
[2023-01-10T11:08:06.509+0000] {logging_mixin.py:137} INFO - [2023-01-10T11:08:06.508+0000] {dag.py:3427} INFO - Setting next_dagrun for example_task_group_decorator to 2023-01-09T11:08:06.508339+00:00, run_after=2023-01-10T11:08:06.508339+00:00
[2023-01-10T11:08:06.524+0000] {processor.py:175} INFO - Processing /home/airflow/.local/lib/python3.7/site-packages/airflow/example_dags/example_task_group_decorator.py took 0.104 seconds
[2023-01-10T11:08:36.578+0000] {processor.py:153} INFO - Started process (PID=2281) to work on /home/airflow/.local/lib/python3.7/site-packages/airflow/example_dags/example_task_group_decorator.py
[2023-01-10T11:08:36.578+0000] {processor.py:743} INFO - Processing file /home/airflow/.local/lib/python3.7/site-packages/airflow/example_dags/example_task_group_decorator.py for tasks to queue
[2023-01-10T11:08:36.579+0000] {logging_mixin.py:137} INFO - [2023-01-10T11:08:36.579+0000] {dagbag.py:538} INFO - Filling up the DagBag from /home/airflow/.local/lib/python3.7/site-packages/airflow/example_dags/example_task_group_decorator.py
[2023-01-10T11:08:36.601+0000] {processor.py:753} INFO - DAG(s) dict_keys(['example_task_group_decorator']) retrieved from /home/airflow/.local/lib/python3.7/site-packages/airflow/example_dags/example_task_group_decorator.py
[2023-01-10T11:08:36.630+0000] {logging_mixin.py:137} INFO - [2023-01-10T11:08:36.630+0000] {dag.py:2676} INFO - Sync 1 DAGs
[2023-01-10T11:08:36.650+0000] {logging_mixin.py:137} INFO - [2023-01-10T11:08:36.650+0000] {dag.py:3427} INFO - Setting next_dagrun for example_task_group_decorator to 2023-01-09T11:08:36.650604+00:00, run_after=2023-01-10T11:08:36.650604+00:00
[2023-01-10T11:08:36.665+0000] {processor.py:175} INFO - Processing /home/airflow/.local/lib/python3.7/site-packages/airflow/example_dags/example_task_group_decorator.py took 0.091 seconds
[2023-01-10T11:09:06.795+0000] {processor.py:153} INFO - Started process (PID=2351) to work on /home/airflow/.local/lib/python3.7/site-packages/airflow/example_dags/example_task_group_decorator.py
[2023-01-10T11:09:06.795+0000] {processor.py:743} INFO - Processing file /home/airflow/.local/lib/python3.7/site-packages/airflow/example_dags/example_task_group_decorator.py for tasks to queue
[2023-01-10T11:09:06.796+0000] {logging_mixin.py:137} INFO - [2023-01-10T11:09:06.796+0000] {dagbag.py:538} INFO - Filling up the DagBag from /home/airflow/.local/lib/python3.7/site-packages/airflow/example_dags/example_task_group_decorator.py
[2023-01-10T11:09:06.819+0000] {processor.py:753} INFO - DAG(s) dict_keys(['example_task_group_decorator']) retrieved from /home/airflow/.local/lib/python3.7/site-packages/airflow/example_dags/example_task_group_decorator.py
[2023-01-10T11:09:06.849+0000] {logging_mixin.py:137} INFO - [2023-01-10T11:09:06.849+0000] {dag.py:2676} INFO - Sync 1 DAGs
[2023-01-10T11:09:06.870+0000] {logging_mixin.py:137} INFO - [2023-01-10T11:09:06.870+0000] {dag.py:3427} INFO - Setting next_dagrun for example_task_group_decorator to 2023-01-09T11:09:06.869937+00:00, run_after=2023-01-10T11:09:06.869937+00:00
[2023-01-10T11:09:06.884+0000] {processor.py:175} INFO - Processing /home/airflow/.local/lib/python3.7/site-packages/airflow/example_dags/example_task_group_decorator.py took 0.093 seconds
[2023-01-10T11:09:37.215+0000] {processor.py:153} INFO - Started process (PID=2436) to work on /home/airflow/.local/lib/python3.7/site-packages/airflow/example_dags/example_task_group_decorator.py
[2023-01-10T11:09:37.216+0000] {processor.py:743} INFO - Processing file /home/airflow/.local/lib/python3.7/site-packages/airflow/example_dags/example_task_group_decorator.py for tasks to queue
[2023-01-10T11:09:37.216+0000] {logging_mixin.py:137} INFO - [2023-01-10T11:09:37.216+0000] {dagbag.py:538} INFO - Filling up the DagBag from /home/airflow/.local/lib/python3.7/site-packages/airflow/example_dags/example_task_group_decorator.py
[2023-01-10T11:09:37.245+0000] {processor.py:753} INFO - DAG(s) dict_keys(['example_task_group_decorator']) retrieved from /home/airflow/.local/lib/python3.7/site-packages/airflow/example_dags/example_task_group_decorator.py
[2023-01-10T11:09:37.276+0000] {logging_mixin.py:137} INFO - [2023-01-10T11:09:37.276+0000] {dag.py:2676} INFO - Sync 1 DAGs
[2023-01-10T11:09:37.295+0000] {logging_mixin.py:137} INFO - [2023-01-10T11:09:37.294+0000] {dag.py:3427} INFO - Setting next_dagrun for example_task_group_decorator to 2023-01-09T11:09:37.294753+00:00, run_after=2023-01-10T11:09:37.294753+00:00
[2023-01-10T11:09:37.311+0000] {processor.py:175} INFO - Processing /home/airflow/.local/lib/python3.7/site-packages/airflow/example_dags/example_task_group_decorator.py took 0.098 seconds
[2023-01-10T11:10:08.175+0000] {processor.py:153} INFO - Started process (PID=2506) to work on /home/airflow/.local/lib/python3.7/site-packages/airflow/example_dags/example_task_group_decorator.py
[2023-01-10T11:10:08.176+0000] {processor.py:743} INFO - Processing file /home/airflow/.local/lib/python3.7/site-packages/airflow/example_dags/example_task_group_decorator.py for tasks to queue
[2023-01-10T11:10:08.176+0000] {logging_mixin.py:137} INFO - [2023-01-10T11:10:08.176+0000] {dagbag.py:538} INFO - Filling up the DagBag from /home/airflow/.local/lib/python3.7/site-packages/airflow/example_dags/example_task_group_decorator.py
[2023-01-10T11:10:08.200+0000] {processor.py:753} INFO - DAG(s) dict_keys(['example_task_group_decorator']) retrieved from /home/airflow/.local/lib/python3.7/site-packages/airflow/example_dags/example_task_group_decorator.py
[2023-01-10T11:10:08.237+0000] {logging_mixin.py:137} INFO - [2023-01-10T11:10:08.237+0000] {dag.py:2676} INFO - Sync 1 DAGs
[2023-01-10T11:10:08.258+0000] {logging_mixin.py:137} INFO - [2023-01-10T11:10:08.258+0000] {dag.py:3427} INFO - Setting next_dagrun for example_task_group_decorator to 2023-01-09T11:10:08.258257+00:00, run_after=2023-01-10T11:10:08.258257+00:00
[2023-01-10T11:10:08.273+0000] {processor.py:175} INFO - Processing /home/airflow/.local/lib/python3.7/site-packages/airflow/example_dags/example_task_group_decorator.py took 0.100 seconds
