[2023-01-10T10:54:20.831+0000] {processor.py:153} INFO - Started process (PID=46) to work on /home/airflow/.local/lib/python3.7/site-packages/airflow/example_dags/example_branch_day_of_week_operator.py
[2023-01-10T10:54:20.831+0000] {processor.py:743} INFO - Processing file /home/airflow/.local/lib/python3.7/site-packages/airflow/example_dags/example_branch_day_of_week_operator.py for tasks to queue
[2023-01-10T10:54:20.832+0000] {logging_mixin.py:137} INFO - [2023-01-10T10:54:20.832+0000] {dagbag.py:538} INFO - Filling up the DagBag from /home/airflow/.local/lib/python3.7/site-packages/airflow/example_dags/example_branch_day_of_week_operator.py
[2023-01-10T10:54:20.850+0000] {processor.py:753} INFO - DAG(s) dict_keys(['example_weekday_branch_operator']) retrieved from /home/airflow/.local/lib/python3.7/site-packages/airflow/example_dags/example_branch_day_of_week_operator.py
[2023-01-10T10:54:21.081+0000] {logging_mixin.py:137} INFO - [2023-01-10T10:54:21.081+0000] {manager.py:504} INFO - Created Permission View: can delete on DAG:example_weekday_branch_operator
[2023-01-10T10:54:21.093+0000] {logging_mixin.py:137} INFO - [2023-01-10T10:54:21.093+0000] {manager.py:504} INFO - Created Permission View: can read on DAG:example_weekday_branch_operator
[2023-01-10T10:54:21.102+0000] {logging_mixin.py:137} INFO - [2023-01-10T10:54:21.102+0000] {manager.py:504} INFO - Created Permission View: can edit on DAG:example_weekday_branch_operator
[2023-01-10T10:54:21.102+0000] {logging_mixin.py:137} INFO - [2023-01-10T10:54:21.102+0000] {dag.py:2676} INFO - Sync 1 DAGs
[2023-01-10T10:54:21.120+0000] {logging_mixin.py:137} INFO - [2023-01-10T10:54:21.120+0000] {dag.py:2697} INFO - Creating ORM DAG for example_weekday_branch_operator
[2023-01-10T10:54:21.138+0000] {logging_mixin.py:137} INFO - [2023-01-10T10:54:21.138+0000] {dag.py:3427} INFO - Setting next_dagrun for example_weekday_branch_operator to 2023-01-09T00:00:00+00:00, run_after=2023-01-10T00:00:00+00:00
[2023-01-10T10:54:21.163+0000] {processor.py:175} INFO - Processing /home/airflow/.local/lib/python3.7/site-packages/airflow/example_dags/example_branch_day_of_week_operator.py took 0.335 seconds
[2023-01-10T10:54:51.475+0000] {processor.py:153} INFO - Started process (PID=132) to work on /home/airflow/.local/lib/python3.7/site-packages/airflow/example_dags/example_branch_day_of_week_operator.py
[2023-01-10T10:54:51.476+0000] {processor.py:743} INFO - Processing file /home/airflow/.local/lib/python3.7/site-packages/airflow/example_dags/example_branch_day_of_week_operator.py for tasks to queue
[2023-01-10T10:54:51.476+0000] {logging_mixin.py:137} INFO - [2023-01-10T10:54:51.476+0000] {dagbag.py:538} INFO - Filling up the DagBag from /home/airflow/.local/lib/python3.7/site-packages/airflow/example_dags/example_branch_day_of_week_operator.py
[2023-01-10T10:54:51.488+0000] {processor.py:753} INFO - DAG(s) dict_keys(['example_weekday_branch_operator']) retrieved from /home/airflow/.local/lib/python3.7/site-packages/airflow/example_dags/example_branch_day_of_week_operator.py
[2023-01-10T10:54:51.513+0000] {logging_mixin.py:137} INFO - [2023-01-10T10:54:51.513+0000] {dag.py:2676} INFO - Sync 1 DAGs
[2023-01-10T10:54:51.532+0000] {logging_mixin.py:137} INFO - [2023-01-10T10:54:51.532+0000] {dag.py:3427} INFO - Setting next_dagrun for example_weekday_branch_operator to 2023-01-09T00:00:00+00:00, run_after=2023-01-10T00:00:00+00:00
[2023-01-10T10:54:51.545+0000] {processor.py:175} INFO - Processing /home/airflow/.local/lib/python3.7/site-packages/airflow/example_dags/example_branch_day_of_week_operator.py took 0.072 seconds
[2023-01-10T10:55:22.259+0000] {processor.py:153} INFO - Started process (PID=202) to work on /home/airflow/.local/lib/python3.7/site-packages/airflow/example_dags/example_branch_day_of_week_operator.py
[2023-01-10T10:55:22.260+0000] {processor.py:743} INFO - Processing file /home/airflow/.local/lib/python3.7/site-packages/airflow/example_dags/example_branch_day_of_week_operator.py for tasks to queue
[2023-01-10T10:55:22.260+0000] {logging_mixin.py:137} INFO - [2023-01-10T10:55:22.260+0000] {dagbag.py:538} INFO - Filling up the DagBag from /home/airflow/.local/lib/python3.7/site-packages/airflow/example_dags/example_branch_day_of_week_operator.py
[2023-01-10T10:55:22.274+0000] {processor.py:753} INFO - DAG(s) dict_keys(['example_weekday_branch_operator']) retrieved from /home/airflow/.local/lib/python3.7/site-packages/airflow/example_dags/example_branch_day_of_week_operator.py
[2023-01-10T10:55:22.338+0000] {logging_mixin.py:137} INFO - [2023-01-10T10:55:22.338+0000] {dag.py:2676} INFO - Sync 1 DAGs
[2023-01-10T10:55:22.371+0000] {logging_mixin.py:137} INFO - [2023-01-10T10:55:22.371+0000] {dag.py:3427} INFO - Setting next_dagrun for example_weekday_branch_operator to 2023-01-09T00:00:00+00:00, run_after=2023-01-10T00:00:00+00:00
[2023-01-10T10:55:22.389+0000] {processor.py:175} INFO - Processing /home/airflow/.local/lib/python3.7/site-packages/airflow/example_dags/example_branch_day_of_week_operator.py took 0.132 seconds
[2023-01-10T10:55:53.142+0000] {processor.py:153} INFO - Started process (PID=290) to work on /home/airflow/.local/lib/python3.7/site-packages/airflow/example_dags/example_branch_day_of_week_operator.py
[2023-01-10T10:55:53.142+0000] {processor.py:743} INFO - Processing file /home/airflow/.local/lib/python3.7/site-packages/airflow/example_dags/example_branch_day_of_week_operator.py for tasks to queue
[2023-01-10T10:55:53.143+0000] {logging_mixin.py:137} INFO - [2023-01-10T10:55:53.143+0000] {dagbag.py:538} INFO - Filling up the DagBag from /home/airflow/.local/lib/python3.7/site-packages/airflow/example_dags/example_branch_day_of_week_operator.py
[2023-01-10T10:55:53.154+0000] {processor.py:753} INFO - DAG(s) dict_keys(['example_weekday_branch_operator']) retrieved from /home/airflow/.local/lib/python3.7/site-packages/airflow/example_dags/example_branch_day_of_week_operator.py
[2023-01-10T10:55:53.181+0000] {logging_mixin.py:137} INFO - [2023-01-10T10:55:53.181+0000] {dag.py:2676} INFO - Sync 1 DAGs
[2023-01-10T10:55:53.204+0000] {logging_mixin.py:137} INFO - [2023-01-10T10:55:53.204+0000] {dag.py:3427} INFO - Setting next_dagrun for example_weekday_branch_operator to 2023-01-09T00:00:00+00:00, run_after=2023-01-10T00:00:00+00:00
[2023-01-10T10:55:53.216+0000] {processor.py:175} INFO - Processing /home/airflow/.local/lib/python3.7/site-packages/airflow/example_dags/example_branch_day_of_week_operator.py took 0.076 seconds
[2023-01-10T10:56:24.170+0000] {processor.py:153} INFO - Started process (PID=369) to work on /home/airflow/.local/lib/python3.7/site-packages/airflow/example_dags/example_branch_day_of_week_operator.py
[2023-01-10T10:56:24.171+0000] {processor.py:743} INFO - Processing file /home/airflow/.local/lib/python3.7/site-packages/airflow/example_dags/example_branch_day_of_week_operator.py for tasks to queue
[2023-01-10T10:56:24.172+0000] {logging_mixin.py:137} INFO - [2023-01-10T10:56:24.172+0000] {dagbag.py:538} INFO - Filling up the DagBag from /home/airflow/.local/lib/python3.7/site-packages/airflow/example_dags/example_branch_day_of_week_operator.py
[2023-01-10T10:56:24.189+0000] {processor.py:753} INFO - DAG(s) dict_keys(['example_weekday_branch_operator']) retrieved from /home/airflow/.local/lib/python3.7/site-packages/airflow/example_dags/example_branch_day_of_week_operator.py
[2023-01-10T10:56:24.225+0000] {logging_mixin.py:137} INFO - [2023-01-10T10:56:24.225+0000] {dag.py:2676} INFO - Sync 1 DAGs
[2023-01-10T10:56:24.253+0000] {logging_mixin.py:137} INFO - [2023-01-10T10:56:24.252+0000] {dag.py:3427} INFO - Setting next_dagrun for example_weekday_branch_operator to 2023-01-09T00:00:00+00:00, run_after=2023-01-10T00:00:00+00:00
[2023-01-10T10:56:24.272+0000] {processor.py:175} INFO - Processing /home/airflow/.local/lib/python3.7/site-packages/airflow/example_dags/example_branch_day_of_week_operator.py took 0.105 seconds
[2023-01-10T10:56:54.297+0000] {processor.py:153} INFO - Started process (PID=446) to work on /home/airflow/.local/lib/python3.7/site-packages/airflow/example_dags/example_branch_day_of_week_operator.py
[2023-01-10T10:56:54.297+0000] {processor.py:743} INFO - Processing file /home/airflow/.local/lib/python3.7/site-packages/airflow/example_dags/example_branch_day_of_week_operator.py for tasks to queue
[2023-01-10T10:56:54.297+0000] {logging_mixin.py:137} INFO - [2023-01-10T10:56:54.297+0000] {dagbag.py:538} INFO - Filling up the DagBag from /home/airflow/.local/lib/python3.7/site-packages/airflow/example_dags/example_branch_day_of_week_operator.py
[2023-01-10T10:56:54.310+0000] {processor.py:753} INFO - DAG(s) dict_keys(['example_weekday_branch_operator']) retrieved from /home/airflow/.local/lib/python3.7/site-packages/airflow/example_dags/example_branch_day_of_week_operator.py
[2023-01-10T10:56:54.338+0000] {logging_mixin.py:137} INFO - [2023-01-10T10:56:54.338+0000] {dag.py:2676} INFO - Sync 1 DAGs
[2023-01-10T10:56:54.360+0000] {logging_mixin.py:137} INFO - [2023-01-10T10:56:54.360+0000] {dag.py:3427} INFO - Setting next_dagrun for example_weekday_branch_operator to 2023-01-09T00:00:00+00:00, run_after=2023-01-10T00:00:00+00:00
[2023-01-10T10:56:54.374+0000] {processor.py:175} INFO - Processing /home/airflow/.local/lib/python3.7/site-packages/airflow/example_dags/example_branch_day_of_week_operator.py took 0.079 seconds
[2023-01-10T10:57:24.667+0000] {processor.py:153} INFO - Started process (PID=532) to work on /home/airflow/.local/lib/python3.7/site-packages/airflow/example_dags/example_branch_day_of_week_operator.py
[2023-01-10T10:57:24.667+0000] {processor.py:743} INFO - Processing file /home/airflow/.local/lib/python3.7/site-packages/airflow/example_dags/example_branch_day_of_week_operator.py for tasks to queue
[2023-01-10T10:57:24.668+0000] {logging_mixin.py:137} INFO - [2023-01-10T10:57:24.667+0000] {dagbag.py:538} INFO - Filling up the DagBag from /home/airflow/.local/lib/python3.7/site-packages/airflow/example_dags/example_branch_day_of_week_operator.py
[2023-01-10T10:57:24.680+0000] {processor.py:753} INFO - DAG(s) dict_keys(['example_weekday_branch_operator']) retrieved from /home/airflow/.local/lib/python3.7/site-packages/airflow/example_dags/example_branch_day_of_week_operator.py
[2023-01-10T10:57:24.709+0000] {logging_mixin.py:137} INFO - [2023-01-10T10:57:24.709+0000] {dag.py:2676} INFO - Sync 1 DAGs
[2023-01-10T10:57:24.732+0000] {logging_mixin.py:137} INFO - [2023-01-10T10:57:24.732+0000] {dag.py:3427} INFO - Setting next_dagrun for example_weekday_branch_operator to 2023-01-09T00:00:00+00:00, run_after=2023-01-10T00:00:00+00:00
[2023-01-10T10:57:24.746+0000] {processor.py:175} INFO - Processing /home/airflow/.local/lib/python3.7/site-packages/airflow/example_dags/example_branch_day_of_week_operator.py took 0.082 seconds
[2023-01-10T10:57:55.653+0000] {processor.py:153} INFO - Started process (PID=602) to work on /home/airflow/.local/lib/python3.7/site-packages/airflow/example_dags/example_branch_day_of_week_operator.py
[2023-01-10T10:57:55.654+0000] {processor.py:743} INFO - Processing file /home/airflow/.local/lib/python3.7/site-packages/airflow/example_dags/example_branch_day_of_week_operator.py for tasks to queue
[2023-01-10T10:57:55.655+0000] {logging_mixin.py:137} INFO - [2023-01-10T10:57:55.654+0000] {dagbag.py:538} INFO - Filling up the DagBag from /home/airflow/.local/lib/python3.7/site-packages/airflow/example_dags/example_branch_day_of_week_operator.py
[2023-01-10T10:57:55.668+0000] {processor.py:753} INFO - DAG(s) dict_keys(['example_weekday_branch_operator']) retrieved from /home/airflow/.local/lib/python3.7/site-packages/airflow/example_dags/example_branch_day_of_week_operator.py
[2023-01-10T10:57:55.705+0000] {logging_mixin.py:137} INFO - [2023-01-10T10:57:55.705+0000] {dag.py:2676} INFO - Sync 1 DAGs
[2023-01-10T10:57:55.734+0000] {logging_mixin.py:137} INFO - [2023-01-10T10:57:55.734+0000] {dag.py:3427} INFO - Setting next_dagrun for example_weekday_branch_operator to 2023-01-09T00:00:00+00:00, run_after=2023-01-10T00:00:00+00:00
[2023-01-10T10:57:55.751+0000] {processor.py:175} INFO - Processing /home/airflow/.local/lib/python3.7/site-packages/airflow/example_dags/example_branch_day_of_week_operator.py took 0.100 seconds
[2023-01-10T10:58:26.711+0000] {processor.py:153} INFO - Started process (PID=688) to work on /home/airflow/.local/lib/python3.7/site-packages/airflow/example_dags/example_branch_day_of_week_operator.py
[2023-01-10T10:58:26.711+0000] {processor.py:743} INFO - Processing file /home/airflow/.local/lib/python3.7/site-packages/airflow/example_dags/example_branch_day_of_week_operator.py for tasks to queue
[2023-01-10T10:58:26.712+0000] {logging_mixin.py:137} INFO - [2023-01-10T10:58:26.712+0000] {dagbag.py:538} INFO - Filling up the DagBag from /home/airflow/.local/lib/python3.7/site-packages/airflow/example_dags/example_branch_day_of_week_operator.py
[2023-01-10T10:58:26.723+0000] {processor.py:753} INFO - DAG(s) dict_keys(['example_weekday_branch_operator']) retrieved from /home/airflow/.local/lib/python3.7/site-packages/airflow/example_dags/example_branch_day_of_week_operator.py
[2023-01-10T10:58:26.760+0000] {logging_mixin.py:137} INFO - [2023-01-10T10:58:26.760+0000] {dag.py:2676} INFO - Sync 1 DAGs
[2023-01-10T10:58:26.782+0000] {logging_mixin.py:137} INFO - [2023-01-10T10:58:26.782+0000] {dag.py:3427} INFO - Setting next_dagrun for example_weekday_branch_operator to 2023-01-09T00:00:00+00:00, run_after=2023-01-10T00:00:00+00:00
[2023-01-10T10:58:26.801+0000] {processor.py:175} INFO - Processing /home/airflow/.local/lib/python3.7/site-packages/airflow/example_dags/example_branch_day_of_week_operator.py took 0.094 seconds
[2023-01-10T10:58:57.617+0000] {processor.py:153} INFO - Started process (PID=757) to work on /home/airflow/.local/lib/python3.7/site-packages/airflow/example_dags/example_branch_day_of_week_operator.py
[2023-01-10T10:58:57.618+0000] {processor.py:743} INFO - Processing file /home/airflow/.local/lib/python3.7/site-packages/airflow/example_dags/example_branch_day_of_week_operator.py for tasks to queue
[2023-01-10T10:58:57.618+0000] {logging_mixin.py:137} INFO - [2023-01-10T10:58:57.618+0000] {dagbag.py:538} INFO - Filling up the DagBag from /home/airflow/.local/lib/python3.7/site-packages/airflow/example_dags/example_branch_day_of_week_operator.py
[2023-01-10T10:58:57.629+0000] {processor.py:753} INFO - DAG(s) dict_keys(['example_weekday_branch_operator']) retrieved from /home/airflow/.local/lib/python3.7/site-packages/airflow/example_dags/example_branch_day_of_week_operator.py
[2023-01-10T10:58:57.658+0000] {logging_mixin.py:137} INFO - [2023-01-10T10:58:57.658+0000] {dag.py:2676} INFO - Sync 1 DAGs
[2023-01-10T10:58:57.680+0000] {logging_mixin.py:137} INFO - [2023-01-10T10:58:57.680+0000] {dag.py:3427} INFO - Setting next_dagrun for example_weekday_branch_operator to 2023-01-09T00:00:00+00:00, run_after=2023-01-10T00:00:00+00:00
[2023-01-10T10:58:57.695+0000] {processor.py:175} INFO - Processing /home/airflow/.local/lib/python3.7/site-packages/airflow/example_dags/example_branch_day_of_week_operator.py took 0.080 seconds
[2023-01-10T10:59:28.004+0000] {processor.py:153} INFO - Started process (PID=843) to work on /home/airflow/.local/lib/python3.7/site-packages/airflow/example_dags/example_branch_day_of_week_operator.py
[2023-01-10T10:59:28.004+0000] {processor.py:743} INFO - Processing file /home/airflow/.local/lib/python3.7/site-packages/airflow/example_dags/example_branch_day_of_week_operator.py for tasks to queue
[2023-01-10T10:59:28.005+0000] {logging_mixin.py:137} INFO - [2023-01-10T10:59:28.005+0000] {dagbag.py:538} INFO - Filling up the DagBag from /home/airflow/.local/lib/python3.7/site-packages/airflow/example_dags/example_branch_day_of_week_operator.py
[2023-01-10T10:59:28.016+0000] {processor.py:753} INFO - DAG(s) dict_keys(['example_weekday_branch_operator']) retrieved from /home/airflow/.local/lib/python3.7/site-packages/airflow/example_dags/example_branch_day_of_week_operator.py
[2023-01-10T10:59:28.045+0000] {logging_mixin.py:137} INFO - [2023-01-10T10:59:28.045+0000] {dag.py:2676} INFO - Sync 1 DAGs
[2023-01-10T10:59:28.068+0000] {logging_mixin.py:137} INFO - [2023-01-10T10:59:28.068+0000] {dag.py:3427} INFO - Setting next_dagrun for example_weekday_branch_operator to 2023-01-09T00:00:00+00:00, run_after=2023-01-10T00:00:00+00:00
[2023-01-10T10:59:28.081+0000] {processor.py:175} INFO - Processing /home/airflow/.local/lib/python3.7/site-packages/airflow/example_dags/example_branch_day_of_week_operator.py took 0.079 seconds
[2023-01-10T10:59:58.267+0000] {processor.py:153} INFO - Started process (PID=914) to work on /home/airflow/.local/lib/python3.7/site-packages/airflow/example_dags/example_branch_day_of_week_operator.py
[2023-01-10T10:59:58.268+0000] {processor.py:743} INFO - Processing file /home/airflow/.local/lib/python3.7/site-packages/airflow/example_dags/example_branch_day_of_week_operator.py for tasks to queue
[2023-01-10T10:59:58.268+0000] {logging_mixin.py:137} INFO - [2023-01-10T10:59:58.268+0000] {dagbag.py:538} INFO - Filling up the DagBag from /home/airflow/.local/lib/python3.7/site-packages/airflow/example_dags/example_branch_day_of_week_operator.py
[2023-01-10T10:59:58.279+0000] {processor.py:753} INFO - DAG(s) dict_keys(['example_weekday_branch_operator']) retrieved from /home/airflow/.local/lib/python3.7/site-packages/airflow/example_dags/example_branch_day_of_week_operator.py
[2023-01-10T10:59:58.310+0000] {logging_mixin.py:137} INFO - [2023-01-10T10:59:58.310+0000] {dag.py:2676} INFO - Sync 1 DAGs
[2023-01-10T10:59:58.332+0000] {logging_mixin.py:137} INFO - [2023-01-10T10:59:58.332+0000] {dag.py:3427} INFO - Setting next_dagrun for example_weekday_branch_operator to 2023-01-09T00:00:00+00:00, run_after=2023-01-10T00:00:00+00:00
[2023-01-10T10:59:58.352+0000] {processor.py:175} INFO - Processing /home/airflow/.local/lib/python3.7/site-packages/airflow/example_dags/example_branch_day_of_week_operator.py took 0.087 seconds
[2023-01-10T11:00:28.405+0000] {processor.py:153} INFO - Started process (PID=1000) to work on /home/airflow/.local/lib/python3.7/site-packages/airflow/example_dags/example_branch_day_of_week_operator.py
[2023-01-10T11:00:28.406+0000] {processor.py:743} INFO - Processing file /home/airflow/.local/lib/python3.7/site-packages/airflow/example_dags/example_branch_day_of_week_operator.py for tasks to queue
[2023-01-10T11:00:28.406+0000] {logging_mixin.py:137} INFO - [2023-01-10T11:00:28.406+0000] {dagbag.py:538} INFO - Filling up the DagBag from /home/airflow/.local/lib/python3.7/site-packages/airflow/example_dags/example_branch_day_of_week_operator.py
[2023-01-10T11:00:28.420+0000] {processor.py:753} INFO - DAG(s) dict_keys(['example_weekday_branch_operator']) retrieved from /home/airflow/.local/lib/python3.7/site-packages/airflow/example_dags/example_branch_day_of_week_operator.py
[2023-01-10T11:00:28.451+0000] {logging_mixin.py:137} INFO - [2023-01-10T11:00:28.451+0000] {dag.py:2676} INFO - Sync 1 DAGs
[2023-01-10T11:00:28.473+0000] {logging_mixin.py:137} INFO - [2023-01-10T11:00:28.473+0000] {dag.py:3427} INFO - Setting next_dagrun for example_weekday_branch_operator to 2023-01-09T00:00:00+00:00, run_after=2023-01-10T00:00:00+00:00
[2023-01-10T11:00:28.490+0000] {processor.py:175} INFO - Processing /home/airflow/.local/lib/python3.7/site-packages/airflow/example_dags/example_branch_day_of_week_operator.py took 0.087 seconds
[2023-01-10T11:00:58.547+0000] {processor.py:153} INFO - Started process (PID=1070) to work on /home/airflow/.local/lib/python3.7/site-packages/airflow/example_dags/example_branch_day_of_week_operator.py
[2023-01-10T11:00:58.548+0000] {processor.py:743} INFO - Processing file /home/airflow/.local/lib/python3.7/site-packages/airflow/example_dags/example_branch_day_of_week_operator.py for tasks to queue
[2023-01-10T11:00:58.548+0000] {logging_mixin.py:137} INFO - [2023-01-10T11:00:58.548+0000] {dagbag.py:538} INFO - Filling up the DagBag from /home/airflow/.local/lib/python3.7/site-packages/airflow/example_dags/example_branch_day_of_week_operator.py
[2023-01-10T11:00:58.559+0000] {processor.py:753} INFO - DAG(s) dict_keys(['example_weekday_branch_operator']) retrieved from /home/airflow/.local/lib/python3.7/site-packages/airflow/example_dags/example_branch_day_of_week_operator.py
[2023-01-10T11:00:58.588+0000] {logging_mixin.py:137} INFO - [2023-01-10T11:00:58.588+0000] {dag.py:2676} INFO - Sync 1 DAGs
[2023-01-10T11:00:58.608+0000] {logging_mixin.py:137} INFO - [2023-01-10T11:00:58.608+0000] {dag.py:3427} INFO - Setting next_dagrun for example_weekday_branch_operator to 2023-01-09T00:00:00+00:00, run_after=2023-01-10T00:00:00+00:00
[2023-01-10T11:00:58.627+0000] {processor.py:175} INFO - Processing /home/airflow/.local/lib/python3.7/site-packages/airflow/example_dags/example_branch_day_of_week_operator.py took 0.081 seconds
[2023-01-10T11:01:28.716+0000] {processor.py:153} INFO - Started process (PID=1156) to work on /home/airflow/.local/lib/python3.7/site-packages/airflow/example_dags/example_branch_day_of_week_operator.py
[2023-01-10T11:01:28.717+0000] {processor.py:743} INFO - Processing file /home/airflow/.local/lib/python3.7/site-packages/airflow/example_dags/example_branch_day_of_week_operator.py for tasks to queue
[2023-01-10T11:01:28.717+0000] {logging_mixin.py:137} INFO - [2023-01-10T11:01:28.717+0000] {dagbag.py:538} INFO - Filling up the DagBag from /home/airflow/.local/lib/python3.7/site-packages/airflow/example_dags/example_branch_day_of_week_operator.py
[2023-01-10T11:01:28.729+0000] {processor.py:753} INFO - DAG(s) dict_keys(['example_weekday_branch_operator']) retrieved from /home/airflow/.local/lib/python3.7/site-packages/airflow/example_dags/example_branch_day_of_week_operator.py
[2023-01-10T11:01:28.759+0000] {logging_mixin.py:137} INFO - [2023-01-10T11:01:28.759+0000] {dag.py:2676} INFO - Sync 1 DAGs
[2023-01-10T11:01:28.781+0000] {logging_mixin.py:137} INFO - [2023-01-10T11:01:28.781+0000] {dag.py:3427} INFO - Setting next_dagrun for example_weekday_branch_operator to 2023-01-09T00:00:00+00:00, run_after=2023-01-10T00:00:00+00:00
[2023-01-10T11:01:28.794+0000] {processor.py:175} INFO - Processing /home/airflow/.local/lib/python3.7/site-packages/airflow/example_dags/example_branch_day_of_week_operator.py took 0.080 seconds
[2023-01-10T11:01:59.016+0000] {processor.py:153} INFO - Started process (PID=1227) to work on /home/airflow/.local/lib/python3.7/site-packages/airflow/example_dags/example_branch_day_of_week_operator.py
[2023-01-10T11:01:59.017+0000] {processor.py:743} INFO - Processing file /home/airflow/.local/lib/python3.7/site-packages/airflow/example_dags/example_branch_day_of_week_operator.py for tasks to queue
[2023-01-10T11:01:59.017+0000] {logging_mixin.py:137} INFO - [2023-01-10T11:01:59.017+0000] {dagbag.py:538} INFO - Filling up the DagBag from /home/airflow/.local/lib/python3.7/site-packages/airflow/example_dags/example_branch_day_of_week_operator.py
[2023-01-10T11:01:59.029+0000] {processor.py:753} INFO - DAG(s) dict_keys(['example_weekday_branch_operator']) retrieved from /home/airflow/.local/lib/python3.7/site-packages/airflow/example_dags/example_branch_day_of_week_operator.py
[2023-01-10T11:01:59.062+0000] {logging_mixin.py:137} INFO - [2023-01-10T11:01:59.062+0000] {dag.py:2676} INFO - Sync 1 DAGs
[2023-01-10T11:01:59.090+0000] {logging_mixin.py:137} INFO - [2023-01-10T11:01:59.089+0000] {dag.py:3427} INFO - Setting next_dagrun for example_weekday_branch_operator to 2023-01-09T00:00:00+00:00, run_after=2023-01-10T00:00:00+00:00
[2023-01-10T11:01:59.107+0000] {processor.py:175} INFO - Processing /home/airflow/.local/lib/python3.7/site-packages/airflow/example_dags/example_branch_day_of_week_operator.py took 0.093 seconds
[2023-01-10T11:02:29.435+0000] {processor.py:153} INFO - Started process (PID=1313) to work on /home/airflow/.local/lib/python3.7/site-packages/airflow/example_dags/example_branch_day_of_week_operator.py
[2023-01-10T11:02:29.435+0000] {processor.py:743} INFO - Processing file /home/airflow/.local/lib/python3.7/site-packages/airflow/example_dags/example_branch_day_of_week_operator.py for tasks to queue
[2023-01-10T11:02:29.436+0000] {logging_mixin.py:137} INFO - [2023-01-10T11:02:29.436+0000] {dagbag.py:538} INFO - Filling up the DagBag from /home/airflow/.local/lib/python3.7/site-packages/airflow/example_dags/example_branch_day_of_week_operator.py
[2023-01-10T11:02:29.448+0000] {processor.py:753} INFO - DAG(s) dict_keys(['example_weekday_branch_operator']) retrieved from /home/airflow/.local/lib/python3.7/site-packages/airflow/example_dags/example_branch_day_of_week_operator.py
[2023-01-10T11:02:29.479+0000] {logging_mixin.py:137} INFO - [2023-01-10T11:02:29.478+0000] {dag.py:2676} INFO - Sync 1 DAGs
[2023-01-10T11:02:29.500+0000] {logging_mixin.py:137} INFO - [2023-01-10T11:02:29.499+0000] {dag.py:3427} INFO - Setting next_dagrun for example_weekday_branch_operator to 2023-01-09T00:00:00+00:00, run_after=2023-01-10T00:00:00+00:00
[2023-01-10T11:02:29.514+0000] {processor.py:175} INFO - Processing /home/airflow/.local/lib/python3.7/site-packages/airflow/example_dags/example_branch_day_of_week_operator.py took 0.081 seconds
[2023-01-10T11:02:59.562+0000] {processor.py:153} INFO - Started process (PID=1392) to work on /home/airflow/.local/lib/python3.7/site-packages/airflow/example_dags/example_branch_day_of_week_operator.py
[2023-01-10T11:02:59.563+0000] {processor.py:743} INFO - Processing file /home/airflow/.local/lib/python3.7/site-packages/airflow/example_dags/example_branch_day_of_week_operator.py for tasks to queue
[2023-01-10T11:02:59.564+0000] {logging_mixin.py:137} INFO - [2023-01-10T11:02:59.564+0000] {dagbag.py:538} INFO - Filling up the DagBag from /home/airflow/.local/lib/python3.7/site-packages/airflow/example_dags/example_branch_day_of_week_operator.py
[2023-01-10T11:02:59.577+0000] {processor.py:753} INFO - DAG(s) dict_keys(['example_weekday_branch_operator']) retrieved from /home/airflow/.local/lib/python3.7/site-packages/airflow/example_dags/example_branch_day_of_week_operator.py
[2023-01-10T11:02:59.610+0000] {logging_mixin.py:137} INFO - [2023-01-10T11:02:59.609+0000] {dag.py:2676} INFO - Sync 1 DAGs
[2023-01-10T11:02:59.633+0000] {logging_mixin.py:137} INFO - [2023-01-10T11:02:59.633+0000] {dag.py:3427} INFO - Setting next_dagrun for example_weekday_branch_operator to 2023-01-09T00:00:00+00:00, run_after=2023-01-10T00:00:00+00:00
[2023-01-10T11:02:59.648+0000] {processor.py:175} INFO - Processing /home/airflow/.local/lib/python3.7/site-packages/airflow/example_dags/example_branch_day_of_week_operator.py took 0.088 seconds
[2023-01-10T11:03:30.580+0000] {processor.py:153} INFO - Started process (PID=1470) to work on /home/airflow/.local/lib/python3.7/site-packages/airflow/example_dags/example_branch_day_of_week_operator.py
[2023-01-10T11:03:30.581+0000] {processor.py:743} INFO - Processing file /home/airflow/.local/lib/python3.7/site-packages/airflow/example_dags/example_branch_day_of_week_operator.py for tasks to queue
[2023-01-10T11:03:30.581+0000] {logging_mixin.py:137} INFO - [2023-01-10T11:03:30.581+0000] {dagbag.py:538} INFO - Filling up the DagBag from /home/airflow/.local/lib/python3.7/site-packages/airflow/example_dags/example_branch_day_of_week_operator.py
[2023-01-10T11:03:30.592+0000] {processor.py:753} INFO - DAG(s) dict_keys(['example_weekday_branch_operator']) retrieved from /home/airflow/.local/lib/python3.7/site-packages/airflow/example_dags/example_branch_day_of_week_operator.py
[2023-01-10T11:03:30.623+0000] {logging_mixin.py:137} INFO - [2023-01-10T11:03:30.622+0000] {dag.py:2676} INFO - Sync 1 DAGs
[2023-01-10T11:03:30.644+0000] {logging_mixin.py:137} INFO - [2023-01-10T11:03:30.643+0000] {dag.py:3427} INFO - Setting next_dagrun for example_weekday_branch_operator to 2023-01-09T00:00:00+00:00, run_after=2023-01-10T00:00:00+00:00
[2023-01-10T11:03:30.658+0000] {processor.py:175} INFO - Processing /home/airflow/.local/lib/python3.7/site-packages/airflow/example_dags/example_branch_day_of_week_operator.py took 0.080 seconds
[2023-01-10T11:04:00.941+0000] {processor.py:153} INFO - Started process (PID=1556) to work on /home/airflow/.local/lib/python3.7/site-packages/airflow/example_dags/example_branch_day_of_week_operator.py
[2023-01-10T11:04:00.952+0000] {processor.py:743} INFO - Processing file /home/airflow/.local/lib/python3.7/site-packages/airflow/example_dags/example_branch_day_of_week_operator.py for tasks to queue
[2023-01-10T11:04:00.952+0000] {logging_mixin.py:137} INFO - [2023-01-10T11:04:00.952+0000] {dagbag.py:538} INFO - Filling up the DagBag from /home/airflow/.local/lib/python3.7/site-packages/airflow/example_dags/example_branch_day_of_week_operator.py
[2023-01-10T11:04:00.966+0000] {processor.py:753} INFO - DAG(s) dict_keys(['example_weekday_branch_operator']) retrieved from /home/airflow/.local/lib/python3.7/site-packages/airflow/example_dags/example_branch_day_of_week_operator.py
[2023-01-10T11:04:01.001+0000] {logging_mixin.py:137} INFO - [2023-01-10T11:04:01.001+0000] {dag.py:2676} INFO - Sync 1 DAGs
[2023-01-10T11:04:01.025+0000] {logging_mixin.py:137} INFO - [2023-01-10T11:04:01.025+0000] {dag.py:3427} INFO - Setting next_dagrun for example_weekday_branch_operator to 2023-01-09T00:00:00+00:00, run_after=2023-01-10T00:00:00+00:00
[2023-01-10T11:04:01.039+0000] {processor.py:175} INFO - Processing /home/airflow/.local/lib/python3.7/site-packages/airflow/example_dags/example_branch_day_of_week_operator.py took 0.100 seconds
[2023-01-10T11:04:31.944+0000] {processor.py:153} INFO - Started process (PID=1626) to work on /home/airflow/.local/lib/python3.7/site-packages/airflow/example_dags/example_branch_day_of_week_operator.py
[2023-01-10T11:04:31.944+0000] {processor.py:743} INFO - Processing file /home/airflow/.local/lib/python3.7/site-packages/airflow/example_dags/example_branch_day_of_week_operator.py for tasks to queue
[2023-01-10T11:04:31.945+0000] {logging_mixin.py:137} INFO - [2023-01-10T11:04:31.944+0000] {dagbag.py:538} INFO - Filling up the DagBag from /home/airflow/.local/lib/python3.7/site-packages/airflow/example_dags/example_branch_day_of_week_operator.py
[2023-01-10T11:04:31.957+0000] {processor.py:753} INFO - DAG(s) dict_keys(['example_weekday_branch_operator']) retrieved from /home/airflow/.local/lib/python3.7/site-packages/airflow/example_dags/example_branch_day_of_week_operator.py
[2023-01-10T11:04:31.986+0000] {logging_mixin.py:137} INFO - [2023-01-10T11:04:31.986+0000] {dag.py:2676} INFO - Sync 1 DAGs
[2023-01-10T11:04:32.006+0000] {logging_mixin.py:137} INFO - [2023-01-10T11:04:32.006+0000] {dag.py:3427} INFO - Setting next_dagrun for example_weekday_branch_operator to 2023-01-09T00:00:00+00:00, run_after=2023-01-10T00:00:00+00:00
[2023-01-10T11:04:32.022+0000] {processor.py:175} INFO - Processing /home/airflow/.local/lib/python3.7/site-packages/airflow/example_dags/example_branch_day_of_week_operator.py took 0.081 seconds
[2023-01-10T11:05:02.074+0000] {processor.py:153} INFO - Started process (PID=1712) to work on /home/airflow/.local/lib/python3.7/site-packages/airflow/example_dags/example_branch_day_of_week_operator.py
[2023-01-10T11:05:02.085+0000] {processor.py:743} INFO - Processing file /home/airflow/.local/lib/python3.7/site-packages/airflow/example_dags/example_branch_day_of_week_operator.py for tasks to queue
[2023-01-10T11:05:02.085+0000] {logging_mixin.py:137} INFO - [2023-01-10T11:05:02.085+0000] {dagbag.py:538} INFO - Filling up the DagBag from /home/airflow/.local/lib/python3.7/site-packages/airflow/example_dags/example_branch_day_of_week_operator.py
[2023-01-10T11:05:02.098+0000] {processor.py:753} INFO - DAG(s) dict_keys(['example_weekday_branch_operator']) retrieved from /home/airflow/.local/lib/python3.7/site-packages/airflow/example_dags/example_branch_day_of_week_operator.py
[2023-01-10T11:05:02.127+0000] {logging_mixin.py:137} INFO - [2023-01-10T11:05:02.127+0000] {dag.py:2676} INFO - Sync 1 DAGs
[2023-01-10T11:05:02.150+0000] {logging_mixin.py:137} INFO - [2023-01-10T11:05:02.150+0000] {dag.py:3427} INFO - Setting next_dagrun for example_weekday_branch_operator to 2023-01-09T00:00:00+00:00, run_after=2023-01-10T00:00:00+00:00
[2023-01-10T11:05:02.166+0000] {processor.py:175} INFO - Processing /home/airflow/.local/lib/python3.7/site-packages/airflow/example_dags/example_branch_day_of_week_operator.py took 0.095 seconds
[2023-01-10T11:05:32.213+0000] {processor.py:153} INFO - Started process (PID=1782) to work on /home/airflow/.local/lib/python3.7/site-packages/airflow/example_dags/example_branch_day_of_week_operator.py
[2023-01-10T11:05:32.214+0000] {processor.py:743} INFO - Processing file /home/airflow/.local/lib/python3.7/site-packages/airflow/example_dags/example_branch_day_of_week_operator.py for tasks to queue
[2023-01-10T11:05:32.214+0000] {logging_mixin.py:137} INFO - [2023-01-10T11:05:32.214+0000] {dagbag.py:538} INFO - Filling up the DagBag from /home/airflow/.local/lib/python3.7/site-packages/airflow/example_dags/example_branch_day_of_week_operator.py
[2023-01-10T11:05:32.227+0000] {processor.py:753} INFO - DAG(s) dict_keys(['example_weekday_branch_operator']) retrieved from /home/airflow/.local/lib/python3.7/site-packages/airflow/example_dags/example_branch_day_of_week_operator.py
[2023-01-10T11:05:32.262+0000] {logging_mixin.py:137} INFO - [2023-01-10T11:05:32.261+0000] {dag.py:2676} INFO - Sync 1 DAGs
[2023-01-10T11:05:32.285+0000] {logging_mixin.py:137} INFO - [2023-01-10T11:05:32.285+0000] {dag.py:3427} INFO - Setting next_dagrun for example_weekday_branch_operator to 2023-01-09T00:00:00+00:00, run_after=2023-01-10T00:00:00+00:00
[2023-01-10T11:05:32.300+0000] {processor.py:175} INFO - Processing /home/airflow/.local/lib/python3.7/site-packages/airflow/example_dags/example_branch_day_of_week_operator.py took 0.090 seconds
[2023-01-10T11:06:02.359+0000] {processor.py:153} INFO - Started process (PID=1868) to work on /home/airflow/.local/lib/python3.7/site-packages/airflow/example_dags/example_branch_day_of_week_operator.py
[2023-01-10T11:06:02.359+0000] {processor.py:743} INFO - Processing file /home/airflow/.local/lib/python3.7/site-packages/airflow/example_dags/example_branch_day_of_week_operator.py for tasks to queue
[2023-01-10T11:06:02.360+0000] {logging_mixin.py:137} INFO - [2023-01-10T11:06:02.360+0000] {dagbag.py:538} INFO - Filling up the DagBag from /home/airflow/.local/lib/python3.7/site-packages/airflow/example_dags/example_branch_day_of_week_operator.py
[2023-01-10T11:06:02.371+0000] {processor.py:753} INFO - DAG(s) dict_keys(['example_weekday_branch_operator']) retrieved from /home/airflow/.local/lib/python3.7/site-packages/airflow/example_dags/example_branch_day_of_week_operator.py
[2023-01-10T11:06:02.398+0000] {logging_mixin.py:137} INFO - [2023-01-10T11:06:02.398+0000] {dag.py:2676} INFO - Sync 1 DAGs
[2023-01-10T11:06:02.418+0000] {logging_mixin.py:137} INFO - [2023-01-10T11:06:02.418+0000] {dag.py:3427} INFO - Setting next_dagrun for example_weekday_branch_operator to 2023-01-09T00:00:00+00:00, run_after=2023-01-10T00:00:00+00:00
[2023-01-10T11:06:02.430+0000] {processor.py:175} INFO - Processing /home/airflow/.local/lib/python3.7/site-packages/airflow/example_dags/example_branch_day_of_week_operator.py took 0.074 seconds
[2023-01-10T11:06:32.651+0000] {processor.py:153} INFO - Started process (PID=1938) to work on /home/airflow/.local/lib/python3.7/site-packages/airflow/example_dags/example_branch_day_of_week_operator.py
[2023-01-10T11:06:32.652+0000] {processor.py:743} INFO - Processing file /home/airflow/.local/lib/python3.7/site-packages/airflow/example_dags/example_branch_day_of_week_operator.py for tasks to queue
[2023-01-10T11:06:32.653+0000] {logging_mixin.py:137} INFO - [2023-01-10T11:06:32.653+0000] {dagbag.py:538} INFO - Filling up the DagBag from /home/airflow/.local/lib/python3.7/site-packages/airflow/example_dags/example_branch_day_of_week_operator.py
[2023-01-10T11:06:32.669+0000] {processor.py:753} INFO - DAG(s) dict_keys(['example_weekday_branch_operator']) retrieved from /home/airflow/.local/lib/python3.7/site-packages/airflow/example_dags/example_branch_day_of_week_operator.py
[2023-01-10T11:06:32.704+0000] {logging_mixin.py:137} INFO - [2023-01-10T11:06:32.704+0000] {dag.py:2676} INFO - Sync 1 DAGs
[2023-01-10T11:06:32.727+0000] {logging_mixin.py:137} INFO - [2023-01-10T11:06:32.727+0000] {dag.py:3427} INFO - Setting next_dagrun for example_weekday_branch_operator to 2023-01-09T00:00:00+00:00, run_after=2023-01-10T00:00:00+00:00
[2023-01-10T11:06:32.744+0000] {processor.py:175} INFO - Processing /home/airflow/.local/lib/python3.7/site-packages/airflow/example_dags/example_branch_day_of_week_operator.py took 0.096 seconds
[2023-01-10T11:07:02.986+0000] {processor.py:153} INFO - Started process (PID=2024) to work on /home/airflow/.local/lib/python3.7/site-packages/airflow/example_dags/example_branch_day_of_week_operator.py
[2023-01-10T11:07:02.987+0000] {processor.py:743} INFO - Processing file /home/airflow/.local/lib/python3.7/site-packages/airflow/example_dags/example_branch_day_of_week_operator.py for tasks to queue
[2023-01-10T11:07:02.987+0000] {logging_mixin.py:137} INFO - [2023-01-10T11:07:02.987+0000] {dagbag.py:538} INFO - Filling up the DagBag from /home/airflow/.local/lib/python3.7/site-packages/airflow/example_dags/example_branch_day_of_week_operator.py
[2023-01-10T11:07:03.001+0000] {processor.py:753} INFO - DAG(s) dict_keys(['example_weekday_branch_operator']) retrieved from /home/airflow/.local/lib/python3.7/site-packages/airflow/example_dags/example_branch_day_of_week_operator.py
[2023-01-10T11:07:03.033+0000] {logging_mixin.py:137} INFO - [2023-01-10T11:07:03.032+0000] {dag.py:2676} INFO - Sync 1 DAGs
[2023-01-10T11:07:03.060+0000] {logging_mixin.py:137} INFO - [2023-01-10T11:07:03.059+0000] {dag.py:3427} INFO - Setting next_dagrun for example_weekday_branch_operator to 2023-01-09T00:00:00+00:00, run_after=2023-01-10T00:00:00+00:00
[2023-01-10T11:07:03.076+0000] {processor.py:175} INFO - Processing /home/airflow/.local/lib/python3.7/site-packages/airflow/example_dags/example_branch_day_of_week_operator.py took 0.092 seconds
[2023-01-10T11:07:33.399+0000] {processor.py:153} INFO - Started process (PID=2094) to work on /home/airflow/.local/lib/python3.7/site-packages/airflow/example_dags/example_branch_day_of_week_operator.py
[2023-01-10T11:07:33.410+0000] {processor.py:743} INFO - Processing file /home/airflow/.local/lib/python3.7/site-packages/airflow/example_dags/example_branch_day_of_week_operator.py for tasks to queue
[2023-01-10T11:07:33.410+0000] {logging_mixin.py:137} INFO - [2023-01-10T11:07:33.410+0000] {dagbag.py:538} INFO - Filling up the DagBag from /home/airflow/.local/lib/python3.7/site-packages/airflow/example_dags/example_branch_day_of_week_operator.py
[2023-01-10T11:07:33.421+0000] {processor.py:753} INFO - DAG(s) dict_keys(['example_weekday_branch_operator']) retrieved from /home/airflow/.local/lib/python3.7/site-packages/airflow/example_dags/example_branch_day_of_week_operator.py
[2023-01-10T11:07:33.451+0000] {logging_mixin.py:137} INFO - [2023-01-10T11:07:33.451+0000] {dag.py:2676} INFO - Sync 1 DAGs
[2023-01-10T11:07:33.472+0000] {logging_mixin.py:137} INFO - [2023-01-10T11:07:33.471+0000] {dag.py:3427} INFO - Setting next_dagrun for example_weekday_branch_operator to 2023-01-09T00:00:00+00:00, run_after=2023-01-10T00:00:00+00:00
[2023-01-10T11:07:33.486+0000] {processor.py:175} INFO - Processing /home/airflow/.local/lib/python3.7/site-packages/airflow/example_dags/example_branch_day_of_week_operator.py took 0.089 seconds
[2023-01-10T11:08:03.499+0000] {processor.py:153} INFO - Started process (PID=2180) to work on /home/airflow/.local/lib/python3.7/site-packages/airflow/example_dags/example_branch_day_of_week_operator.py
[2023-01-10T11:08:03.509+0000] {processor.py:743} INFO - Processing file /home/airflow/.local/lib/python3.7/site-packages/airflow/example_dags/example_branch_day_of_week_operator.py for tasks to queue
[2023-01-10T11:08:03.510+0000] {logging_mixin.py:137} INFO - [2023-01-10T11:08:03.510+0000] {dagbag.py:538} INFO - Filling up the DagBag from /home/airflow/.local/lib/python3.7/site-packages/airflow/example_dags/example_branch_day_of_week_operator.py
[2023-01-10T11:08:03.521+0000] {processor.py:753} INFO - DAG(s) dict_keys(['example_weekday_branch_operator']) retrieved from /home/airflow/.local/lib/python3.7/site-packages/airflow/example_dags/example_branch_day_of_week_operator.py
[2023-01-10T11:08:03.548+0000] {logging_mixin.py:137} INFO - [2023-01-10T11:08:03.548+0000] {dag.py:2676} INFO - Sync 1 DAGs
[2023-01-10T11:08:03.568+0000] {logging_mixin.py:137} INFO - [2023-01-10T11:08:03.567+0000] {dag.py:3427} INFO - Setting next_dagrun for example_weekday_branch_operator to 2023-01-09T00:00:00+00:00, run_after=2023-01-10T00:00:00+00:00
[2023-01-10T11:08:03.580+0000] {processor.py:175} INFO - Processing /home/airflow/.local/lib/python3.7/site-packages/airflow/example_dags/example_branch_day_of_week_operator.py took 0.083 seconds
[2023-01-10T11:08:33.716+0000] {processor.py:153} INFO - Started process (PID=2259) to work on /home/airflow/.local/lib/python3.7/site-packages/airflow/example_dags/example_branch_day_of_week_operator.py
[2023-01-10T11:08:33.726+0000] {processor.py:743} INFO - Processing file /home/airflow/.local/lib/python3.7/site-packages/airflow/example_dags/example_branch_day_of_week_operator.py for tasks to queue
[2023-01-10T11:08:33.727+0000] {logging_mixin.py:137} INFO - [2023-01-10T11:08:33.727+0000] {dagbag.py:538} INFO - Filling up the DagBag from /home/airflow/.local/lib/python3.7/site-packages/airflow/example_dags/example_branch_day_of_week_operator.py
[2023-01-10T11:08:33.740+0000] {processor.py:753} INFO - DAG(s) dict_keys(['example_weekday_branch_operator']) retrieved from /home/airflow/.local/lib/python3.7/site-packages/airflow/example_dags/example_branch_day_of_week_operator.py
[2023-01-10T11:08:33.773+0000] {logging_mixin.py:137} INFO - [2023-01-10T11:08:33.773+0000] {dag.py:2676} INFO - Sync 1 DAGs
[2023-01-10T11:08:33.796+0000] {logging_mixin.py:137} INFO - [2023-01-10T11:08:33.795+0000] {dag.py:3427} INFO - Setting next_dagrun for example_weekday_branch_operator to 2023-01-09T00:00:00+00:00, run_after=2023-01-10T00:00:00+00:00
[2023-01-10T11:08:33.811+0000] {processor.py:175} INFO - Processing /home/airflow/.local/lib/python3.7/site-packages/airflow/example_dags/example_branch_day_of_week_operator.py took 0.097 seconds
[2023-01-10T11:09:03.906+0000] {processor.py:153} INFO - Started process (PID=2336) to work on /home/airflow/.local/lib/python3.7/site-packages/airflow/example_dags/example_branch_day_of_week_operator.py
[2023-01-10T11:09:03.917+0000] {processor.py:743} INFO - Processing file /home/airflow/.local/lib/python3.7/site-packages/airflow/example_dags/example_branch_day_of_week_operator.py for tasks to queue
[2023-01-10T11:09:03.918+0000] {logging_mixin.py:137} INFO - [2023-01-10T11:09:03.918+0000] {dagbag.py:538} INFO - Filling up the DagBag from /home/airflow/.local/lib/python3.7/site-packages/airflow/example_dags/example_branch_day_of_week_operator.py
[2023-01-10T11:09:03.944+0000] {processor.py:753} INFO - DAG(s) dict_keys(['example_weekday_branch_operator']) retrieved from /home/airflow/.local/lib/python3.7/site-packages/airflow/example_dags/example_branch_day_of_week_operator.py
[2023-01-10T11:09:03.999+0000] {logging_mixin.py:137} INFO - [2023-01-10T11:09:03.998+0000] {dag.py:2676} INFO - Sync 1 DAGs
[2023-01-10T11:09:04.031+0000] {logging_mixin.py:137} INFO - [2023-01-10T11:09:04.031+0000] {dag.py:3427} INFO - Setting next_dagrun for example_weekday_branch_operator to 2023-01-09T00:00:00+00:00, run_after=2023-01-10T00:00:00+00:00
[2023-01-10T11:09:04.066+0000] {processor.py:175} INFO - Processing /home/airflow/.local/lib/python3.7/site-packages/airflow/example_dags/example_branch_day_of_week_operator.py took 0.164 seconds
[2023-01-10T11:09:34.399+0000] {processor.py:153} INFO - Started process (PID=2421) to work on /home/airflow/.local/lib/python3.7/site-packages/airflow/example_dags/example_branch_day_of_week_operator.py
[2023-01-10T11:09:34.399+0000] {processor.py:743} INFO - Processing file /home/airflow/.local/lib/python3.7/site-packages/airflow/example_dags/example_branch_day_of_week_operator.py for tasks to queue
[2023-01-10T11:09:34.400+0000] {logging_mixin.py:137} INFO - [2023-01-10T11:09:34.400+0000] {dagbag.py:538} INFO - Filling up the DagBag from /home/airflow/.local/lib/python3.7/site-packages/airflow/example_dags/example_branch_day_of_week_operator.py
[2023-01-10T11:09:34.411+0000] {processor.py:753} INFO - DAG(s) dict_keys(['example_weekday_branch_operator']) retrieved from /home/airflow/.local/lib/python3.7/site-packages/airflow/example_dags/example_branch_day_of_week_operator.py
[2023-01-10T11:09:34.439+0000] {logging_mixin.py:137} INFO - [2023-01-10T11:09:34.439+0000] {dag.py:2676} INFO - Sync 1 DAGs
[2023-01-10T11:09:34.458+0000] {logging_mixin.py:137} INFO - [2023-01-10T11:09:34.458+0000] {dag.py:3427} INFO - Setting next_dagrun for example_weekday_branch_operator to 2023-01-09T00:00:00+00:00, run_after=2023-01-10T00:00:00+00:00
[2023-01-10T11:09:34.471+0000] {processor.py:175} INFO - Processing /home/airflow/.local/lib/python3.7/site-packages/airflow/example_dags/example_branch_day_of_week_operator.py took 0.075 seconds
[2023-01-10T11:10:04.528+0000] {processor.py:153} INFO - Started process (PID=2491) to work on /home/airflow/.local/lib/python3.7/site-packages/airflow/example_dags/example_branch_day_of_week_operator.py
[2023-01-10T11:10:04.529+0000] {processor.py:743} INFO - Processing file /home/airflow/.local/lib/python3.7/site-packages/airflow/example_dags/example_branch_day_of_week_operator.py for tasks to queue
[2023-01-10T11:10:04.529+0000] {logging_mixin.py:137} INFO - [2023-01-10T11:10:04.529+0000] {dagbag.py:538} INFO - Filling up the DagBag from /home/airflow/.local/lib/python3.7/site-packages/airflow/example_dags/example_branch_day_of_week_operator.py
[2023-01-10T11:10:04.540+0000] {processor.py:753} INFO - DAG(s) dict_keys(['example_weekday_branch_operator']) retrieved from /home/airflow/.local/lib/python3.7/site-packages/airflow/example_dags/example_branch_day_of_week_operator.py
[2023-01-10T11:10:04.567+0000] {logging_mixin.py:137} INFO - [2023-01-10T11:10:04.567+0000] {dag.py:2676} INFO - Sync 1 DAGs
[2023-01-10T11:10:04.586+0000] {logging_mixin.py:137} INFO - [2023-01-10T11:10:04.586+0000] {dag.py:3427} INFO - Setting next_dagrun for example_weekday_branch_operator to 2023-01-09T00:00:00+00:00, run_after=2023-01-10T00:00:00+00:00
[2023-01-10T11:10:04.600+0000] {processor.py:175} INFO - Processing /home/airflow/.local/lib/python3.7/site-packages/airflow/example_dags/example_branch_day_of_week_operator.py took 0.074 seconds
