[2023-01-10T10:54:20.373+0000] {processor.py:153} INFO - Started process (PID=43) to work on /home/airflow/.local/lib/python3.7/site-packages/airflow/example_dags/example_skip_dag.py
[2023-01-10T10:54:20.374+0000] {processor.py:743} INFO - Processing file /home/airflow/.local/lib/python3.7/site-packages/airflow/example_dags/example_skip_dag.py for tasks to queue
[2023-01-10T10:54:20.374+0000] {logging_mixin.py:137} INFO - [2023-01-10T10:54:20.374+0000] {dagbag.py:538} INFO - Filling up the DagBag from /home/airflow/.local/lib/python3.7/site-packages/airflow/example_dags/example_skip_dag.py
[2023-01-10T10:54:20.386+0000] {processor.py:753} INFO - DAG(s) dict_keys(['example_skip_dag']) retrieved from /home/airflow/.local/lib/python3.7/site-packages/airflow/example_dags/example_skip_dag.py
[2023-01-10T10:54:20.497+0000] {logging_mixin.py:137} INFO - [2023-01-10T10:54:20.497+0000] {manager.py:504} INFO - Created Permission View: can delete on DAG:example_skip_dag
[2023-01-10T10:54:20.506+0000] {logging_mixin.py:137} INFO - [2023-01-10T10:54:20.505+0000] {manager.py:504} INFO - Created Permission View: can read on DAG:example_skip_dag
[2023-01-10T10:54:20.512+0000] {logging_mixin.py:137} INFO - [2023-01-10T10:54:20.512+0000] {manager.py:504} INFO - Created Permission View: can edit on DAG:example_skip_dag
[2023-01-10T10:54:20.512+0000] {logging_mixin.py:137} INFO - [2023-01-10T10:54:20.512+0000] {dag.py:2676} INFO - Sync 1 DAGs
[2023-01-10T10:54:20.523+0000] {logging_mixin.py:137} INFO - [2023-01-10T10:54:20.523+0000] {dag.py:2697} INFO - Creating ORM DAG for example_skip_dag
[2023-01-10T10:54:20.536+0000] {logging_mixin.py:137} INFO - [2023-01-10T10:54:20.536+0000] {dag.py:3427} INFO - Setting next_dagrun for example_skip_dag to 2023-01-09T10:54:20.536168+00:00, run_after=2023-01-10T10:54:20.536168+00:00
[2023-01-10T10:54:20.556+0000] {processor.py:175} INFO - Processing /home/airflow/.local/lib/python3.7/site-packages/airflow/example_dags/example_skip_dag.py took 0.186 seconds
[2023-01-10T10:54:51.275+0000] {processor.py:153} INFO - Started process (PID=129) to work on /home/airflow/.local/lib/python3.7/site-packages/airflow/example_dags/example_skip_dag.py
[2023-01-10T10:54:51.276+0000] {processor.py:743} INFO - Processing file /home/airflow/.local/lib/python3.7/site-packages/airflow/example_dags/example_skip_dag.py for tasks to queue
[2023-01-10T10:54:51.276+0000] {logging_mixin.py:137} INFO - [2023-01-10T10:54:51.276+0000] {dagbag.py:538} INFO - Filling up the DagBag from /home/airflow/.local/lib/python3.7/site-packages/airflow/example_dags/example_skip_dag.py
[2023-01-10T10:54:51.289+0000] {processor.py:753} INFO - DAG(s) dict_keys(['example_skip_dag']) retrieved from /home/airflow/.local/lib/python3.7/site-packages/airflow/example_dags/example_skip_dag.py
[2023-01-10T10:54:51.316+0000] {logging_mixin.py:137} INFO - [2023-01-10T10:54:51.316+0000] {dag.py:2676} INFO - Sync 1 DAGs
[2023-01-10T10:54:51.340+0000] {logging_mixin.py:137} INFO - [2023-01-10T10:54:51.339+0000] {dag.py:3427} INFO - Setting next_dagrun for example_skip_dag to 2023-01-09T10:54:51.339693+00:00, run_after=2023-01-10T10:54:51.339693+00:00
[2023-01-10T10:54:51.356+0000] {processor.py:175} INFO - Processing /home/airflow/.local/lib/python3.7/site-packages/airflow/example_dags/example_skip_dag.py took 0.083 seconds
[2023-01-10T10:55:22.146+0000] {processor.py:153} INFO - Started process (PID=199) to work on /home/airflow/.local/lib/python3.7/site-packages/airflow/example_dags/example_skip_dag.py
[2023-01-10T10:55:22.147+0000] {processor.py:743} INFO - Processing file /home/airflow/.local/lib/python3.7/site-packages/airflow/example_dags/example_skip_dag.py for tasks to queue
[2023-01-10T10:55:22.147+0000] {logging_mixin.py:137} INFO - [2023-01-10T10:55:22.147+0000] {dagbag.py:538} INFO - Filling up the DagBag from /home/airflow/.local/lib/python3.7/site-packages/airflow/example_dags/example_skip_dag.py
[2023-01-10T10:55:22.159+0000] {processor.py:753} INFO - DAG(s) dict_keys(['example_skip_dag']) retrieved from /home/airflow/.local/lib/python3.7/site-packages/airflow/example_dags/example_skip_dag.py
[2023-01-10T10:55:22.192+0000] {logging_mixin.py:137} INFO - [2023-01-10T10:55:22.192+0000] {dag.py:2676} INFO - Sync 1 DAGs
[2023-01-10T10:55:22.213+0000] {logging_mixin.py:137} INFO - [2023-01-10T10:55:22.213+0000] {dag.py:3427} INFO - Setting next_dagrun for example_skip_dag to 2023-01-09T10:55:22.213165+00:00, run_after=2023-01-10T10:55:22.213165+00:00
[2023-01-10T10:55:22.227+0000] {processor.py:175} INFO - Processing /home/airflow/.local/lib/python3.7/site-packages/airflow/example_dags/example_skip_dag.py took 0.084 seconds
[2023-01-10T10:55:53.036+0000] {processor.py:153} INFO - Started process (PID=287) to work on /home/airflow/.local/lib/python3.7/site-packages/airflow/example_dags/example_skip_dag.py
[2023-01-10T10:55:53.036+0000] {processor.py:743} INFO - Processing file /home/airflow/.local/lib/python3.7/site-packages/airflow/example_dags/example_skip_dag.py for tasks to queue
[2023-01-10T10:55:53.037+0000] {logging_mixin.py:137} INFO - [2023-01-10T10:55:53.037+0000] {dagbag.py:538} INFO - Filling up the DagBag from /home/airflow/.local/lib/python3.7/site-packages/airflow/example_dags/example_skip_dag.py
[2023-01-10T10:55:53.047+0000] {processor.py:753} INFO - DAG(s) dict_keys(['example_skip_dag']) retrieved from /home/airflow/.local/lib/python3.7/site-packages/airflow/example_dags/example_skip_dag.py
[2023-01-10T10:55:53.074+0000] {logging_mixin.py:137} INFO - [2023-01-10T10:55:53.073+0000] {dag.py:2676} INFO - Sync 1 DAGs
[2023-01-10T10:55:53.094+0000] {logging_mixin.py:137} INFO - [2023-01-10T10:55:53.094+0000] {dag.py:3427} INFO - Setting next_dagrun for example_skip_dag to 2023-01-09T10:55:53.094246+00:00, run_after=2023-01-10T10:55:53.094246+00:00
[2023-01-10T10:55:53.108+0000] {processor.py:175} INFO - Processing /home/airflow/.local/lib/python3.7/site-packages/airflow/example_dags/example_skip_dag.py took 0.074 seconds
[2023-01-10T10:56:24.023+0000] {processor.py:153} INFO - Started process (PID=366) to work on /home/airflow/.local/lib/python3.7/site-packages/airflow/example_dags/example_skip_dag.py
[2023-01-10T10:56:24.024+0000] {processor.py:743} INFO - Processing file /home/airflow/.local/lib/python3.7/site-packages/airflow/example_dags/example_skip_dag.py for tasks to queue
[2023-01-10T10:56:24.024+0000] {logging_mixin.py:137} INFO - [2023-01-10T10:56:24.024+0000] {dagbag.py:538} INFO - Filling up the DagBag from /home/airflow/.local/lib/python3.7/site-packages/airflow/example_dags/example_skip_dag.py
[2023-01-10T10:56:24.037+0000] {processor.py:753} INFO - DAG(s) dict_keys(['example_skip_dag']) retrieved from /home/airflow/.local/lib/python3.7/site-packages/airflow/example_dags/example_skip_dag.py
[2023-01-10T10:56:24.066+0000] {logging_mixin.py:137} INFO - [2023-01-10T10:56:24.066+0000] {dag.py:2676} INFO - Sync 1 DAGs
[2023-01-10T10:56:24.089+0000] {logging_mixin.py:137} INFO - [2023-01-10T10:56:24.088+0000] {dag.py:3427} INFO - Setting next_dagrun for example_skip_dag to 2023-01-09T10:56:24.088343+00:00, run_after=2023-01-10T10:56:24.088343+00:00
[2023-01-10T10:56:24.109+0000] {processor.py:175} INFO - Processing /home/airflow/.local/lib/python3.7/site-packages/airflow/example_dags/example_skip_dag.py took 0.089 seconds
[2023-01-10T10:56:54.178+0000] {processor.py:153} INFO - Started process (PID=443) to work on /home/airflow/.local/lib/python3.7/site-packages/airflow/example_dags/example_skip_dag.py
[2023-01-10T10:56:54.179+0000] {processor.py:743} INFO - Processing file /home/airflow/.local/lib/python3.7/site-packages/airflow/example_dags/example_skip_dag.py for tasks to queue
[2023-01-10T10:56:54.179+0000] {logging_mixin.py:137} INFO - [2023-01-10T10:56:54.179+0000] {dagbag.py:538} INFO - Filling up the DagBag from /home/airflow/.local/lib/python3.7/site-packages/airflow/example_dags/example_skip_dag.py
[2023-01-10T10:56:54.191+0000] {processor.py:753} INFO - DAG(s) dict_keys(['example_skip_dag']) retrieved from /home/airflow/.local/lib/python3.7/site-packages/airflow/example_dags/example_skip_dag.py
[2023-01-10T10:56:54.222+0000] {logging_mixin.py:137} INFO - [2023-01-10T10:56:54.222+0000] {dag.py:2676} INFO - Sync 1 DAGs
[2023-01-10T10:56:54.248+0000] {logging_mixin.py:137} INFO - [2023-01-10T10:56:54.248+0000] {dag.py:3427} INFO - Setting next_dagrun for example_skip_dag to 2023-01-09T10:56:54.248337+00:00, run_after=2023-01-10T10:56:54.248337+00:00
[2023-01-10T10:56:54.268+0000] {processor.py:175} INFO - Processing /home/airflow/.local/lib/python3.7/site-packages/airflow/example_dags/example_skip_dag.py took 0.093 seconds
[2023-01-10T10:57:24.518+0000] {processor.py:153} INFO - Started process (PID=529) to work on /home/airflow/.local/lib/python3.7/site-packages/airflow/example_dags/example_skip_dag.py
[2023-01-10T10:57:24.519+0000] {processor.py:743} INFO - Processing file /home/airflow/.local/lib/python3.7/site-packages/airflow/example_dags/example_skip_dag.py for tasks to queue
[2023-01-10T10:57:24.519+0000] {logging_mixin.py:137} INFO - [2023-01-10T10:57:24.519+0000] {dagbag.py:538} INFO - Filling up the DagBag from /home/airflow/.local/lib/python3.7/site-packages/airflow/example_dags/example_skip_dag.py
[2023-01-10T10:57:24.557+0000] {processor.py:753} INFO - DAG(s) dict_keys(['example_skip_dag']) retrieved from /home/airflow/.local/lib/python3.7/site-packages/airflow/example_dags/example_skip_dag.py
[2023-01-10T10:57:24.612+0000] {logging_mixin.py:137} INFO - [2023-01-10T10:57:24.612+0000] {dag.py:2676} INFO - Sync 1 DAGs
[2023-01-10T10:57:24.634+0000] {logging_mixin.py:137} INFO - [2023-01-10T10:57:24.634+0000] {dag.py:3427} INFO - Setting next_dagrun for example_skip_dag to 2023-01-09T10:57:24.633986+00:00, run_after=2023-01-10T10:57:24.633986+00:00
[2023-01-10T10:57:24.651+0000] {processor.py:175} INFO - Processing /home/airflow/.local/lib/python3.7/site-packages/airflow/example_dags/example_skip_dag.py took 0.135 seconds
[2023-01-10T10:57:55.516+0000] {processor.py:153} INFO - Started process (PID=599) to work on /home/airflow/.local/lib/python3.7/site-packages/airflow/example_dags/example_skip_dag.py
[2023-01-10T10:57:55.527+0000] {processor.py:743} INFO - Processing file /home/airflow/.local/lib/python3.7/site-packages/airflow/example_dags/example_skip_dag.py for tasks to queue
[2023-01-10T10:57:55.527+0000] {logging_mixin.py:137} INFO - [2023-01-10T10:57:55.527+0000] {dagbag.py:538} INFO - Filling up the DagBag from /home/airflow/.local/lib/python3.7/site-packages/airflow/example_dags/example_skip_dag.py
[2023-01-10T10:57:55.541+0000] {processor.py:753} INFO - DAG(s) dict_keys(['example_skip_dag']) retrieved from /home/airflow/.local/lib/python3.7/site-packages/airflow/example_dags/example_skip_dag.py
[2023-01-10T10:57:55.578+0000] {logging_mixin.py:137} INFO - [2023-01-10T10:57:55.578+0000] {dag.py:2676} INFO - Sync 1 DAGs
[2023-01-10T10:57:55.606+0000] {logging_mixin.py:137} INFO - [2023-01-10T10:57:55.606+0000] {dag.py:3427} INFO - Setting next_dagrun for example_skip_dag to 2023-01-09T10:57:55.606244+00:00, run_after=2023-01-10T10:57:55.606244+00:00
[2023-01-10T10:57:55.620+0000] {processor.py:175} INFO - Processing /home/airflow/.local/lib/python3.7/site-packages/airflow/example_dags/example_skip_dag.py took 0.107 seconds
[2023-01-10T10:58:26.516+0000] {processor.py:153} INFO - Started process (PID=685) to work on /home/airflow/.local/lib/python3.7/site-packages/airflow/example_dags/example_skip_dag.py
[2023-01-10T10:58:26.527+0000] {processor.py:743} INFO - Processing file /home/airflow/.local/lib/python3.7/site-packages/airflow/example_dags/example_skip_dag.py for tasks to queue
[2023-01-10T10:58:26.527+0000] {logging_mixin.py:137} INFO - [2023-01-10T10:58:26.527+0000] {dagbag.py:538} INFO - Filling up the DagBag from /home/airflow/.local/lib/python3.7/site-packages/airflow/example_dags/example_skip_dag.py
[2023-01-10T10:58:26.538+0000] {processor.py:753} INFO - DAG(s) dict_keys(['example_skip_dag']) retrieved from /home/airflow/.local/lib/python3.7/site-packages/airflow/example_dags/example_skip_dag.py
[2023-01-10T10:58:26.567+0000] {logging_mixin.py:137} INFO - [2023-01-10T10:58:26.567+0000] {dag.py:2676} INFO - Sync 1 DAGs
[2023-01-10T10:58:26.589+0000] {logging_mixin.py:137} INFO - [2023-01-10T10:58:26.589+0000] {dag.py:3427} INFO - Setting next_dagrun for example_skip_dag to 2023-01-09T10:58:26.588766+00:00, run_after=2023-01-10T10:58:26.588766+00:00
[2023-01-10T10:58:26.603+0000] {processor.py:175} INFO - Processing /home/airflow/.local/lib/python3.7/site-packages/airflow/example_dags/example_skip_dag.py took 0.089 seconds
[2023-01-10T10:58:57.426+0000] {processor.py:153} INFO - Started process (PID=754) to work on /home/airflow/.local/lib/python3.7/site-packages/airflow/example_dags/example_skip_dag.py
[2023-01-10T10:58:57.436+0000] {processor.py:743} INFO - Processing file /home/airflow/.local/lib/python3.7/site-packages/airflow/example_dags/example_skip_dag.py for tasks to queue
[2023-01-10T10:58:57.437+0000] {logging_mixin.py:137} INFO - [2023-01-10T10:58:57.437+0000] {dagbag.py:538} INFO - Filling up the DagBag from /home/airflow/.local/lib/python3.7/site-packages/airflow/example_dags/example_skip_dag.py
[2023-01-10T10:58:57.447+0000] {processor.py:753} INFO - DAG(s) dict_keys(['example_skip_dag']) retrieved from /home/airflow/.local/lib/python3.7/site-packages/airflow/example_dags/example_skip_dag.py
[2023-01-10T10:58:57.478+0000] {logging_mixin.py:137} INFO - [2023-01-10T10:58:57.478+0000] {dag.py:2676} INFO - Sync 1 DAGs
[2023-01-10T10:58:57.498+0000] {logging_mixin.py:137} INFO - [2023-01-10T10:58:57.498+0000] {dag.py:3427} INFO - Setting next_dagrun for example_skip_dag to 2023-01-09T10:58:57.497875+00:00, run_after=2023-01-10T10:58:57.497875+00:00
[2023-01-10T10:58:57.514+0000] {processor.py:175} INFO - Processing /home/airflow/.local/lib/python3.7/site-packages/airflow/example_dags/example_skip_dag.py took 0.090 seconds
[2023-01-10T10:59:27.819+0000] {processor.py:153} INFO - Started process (PID=840) to work on /home/airflow/.local/lib/python3.7/site-packages/airflow/example_dags/example_skip_dag.py
[2023-01-10T10:59:27.830+0000] {processor.py:743} INFO - Processing file /home/airflow/.local/lib/python3.7/site-packages/airflow/example_dags/example_skip_dag.py for tasks to queue
[2023-01-10T10:59:27.830+0000] {logging_mixin.py:137} INFO - [2023-01-10T10:59:27.830+0000] {dagbag.py:538} INFO - Filling up the DagBag from /home/airflow/.local/lib/python3.7/site-packages/airflow/example_dags/example_skip_dag.py
[2023-01-10T10:59:27.840+0000] {processor.py:753} INFO - DAG(s) dict_keys(['example_skip_dag']) retrieved from /home/airflow/.local/lib/python3.7/site-packages/airflow/example_dags/example_skip_dag.py
[2023-01-10T10:59:27.870+0000] {logging_mixin.py:137} INFO - [2023-01-10T10:59:27.870+0000] {dag.py:2676} INFO - Sync 1 DAGs
[2023-01-10T10:59:27.888+0000] {logging_mixin.py:137} INFO - [2023-01-10T10:59:27.888+0000] {dag.py:3427} INFO - Setting next_dagrun for example_skip_dag to 2023-01-09T10:59:27.888633+00:00, run_after=2023-01-10T10:59:27.888633+00:00
[2023-01-10T10:59:27.902+0000] {processor.py:175} INFO - Processing /home/airflow/.local/lib/python3.7/site-packages/airflow/example_dags/example_skip_dag.py took 0.085 seconds
[2023-01-10T10:59:58.047+0000] {processor.py:153} INFO - Started process (PID=911) to work on /home/airflow/.local/lib/python3.7/site-packages/airflow/example_dags/example_skip_dag.py
[2023-01-10T10:59:58.047+0000] {processor.py:743} INFO - Processing file /home/airflow/.local/lib/python3.7/site-packages/airflow/example_dags/example_skip_dag.py for tasks to queue
[2023-01-10T10:59:58.048+0000] {logging_mixin.py:137} INFO - [2023-01-10T10:59:58.048+0000] {dagbag.py:538} INFO - Filling up the DagBag from /home/airflow/.local/lib/python3.7/site-packages/airflow/example_dags/example_skip_dag.py
[2023-01-10T10:59:58.059+0000] {processor.py:753} INFO - DAG(s) dict_keys(['example_skip_dag']) retrieved from /home/airflow/.local/lib/python3.7/site-packages/airflow/example_dags/example_skip_dag.py
[2023-01-10T10:59:58.092+0000] {logging_mixin.py:137} INFO - [2023-01-10T10:59:58.092+0000] {dag.py:2676} INFO - Sync 1 DAGs
[2023-01-10T10:59:58.120+0000] {logging_mixin.py:137} INFO - [2023-01-10T10:59:58.120+0000] {dag.py:3427} INFO - Setting next_dagrun for example_skip_dag to 2023-01-09T10:59:58.119888+00:00, run_after=2023-01-10T10:59:58.119888+00:00
[2023-01-10T10:59:58.140+0000] {processor.py:175} INFO - Processing /home/airflow/.local/lib/python3.7/site-packages/airflow/example_dags/example_skip_dag.py took 0.095 seconds
[2023-01-10T11:00:28.282+0000] {processor.py:153} INFO - Started process (PID=997) to work on /home/airflow/.local/lib/python3.7/site-packages/airflow/example_dags/example_skip_dag.py
[2023-01-10T11:00:28.293+0000] {processor.py:743} INFO - Processing file /home/airflow/.local/lib/python3.7/site-packages/airflow/example_dags/example_skip_dag.py for tasks to queue
[2023-01-10T11:00:28.294+0000] {logging_mixin.py:137} INFO - [2023-01-10T11:00:28.293+0000] {dagbag.py:538} INFO - Filling up the DagBag from /home/airflow/.local/lib/python3.7/site-packages/airflow/example_dags/example_skip_dag.py
[2023-01-10T11:00:28.306+0000] {processor.py:753} INFO - DAG(s) dict_keys(['example_skip_dag']) retrieved from /home/airflow/.local/lib/python3.7/site-packages/airflow/example_dags/example_skip_dag.py
[2023-01-10T11:00:28.338+0000] {logging_mixin.py:137} INFO - [2023-01-10T11:00:28.338+0000] {dag.py:2676} INFO - Sync 1 DAGs
[2023-01-10T11:00:28.361+0000] {logging_mixin.py:137} INFO - [2023-01-10T11:00:28.361+0000] {dag.py:3427} INFO - Setting next_dagrun for example_skip_dag to 2023-01-09T11:00:28.360888+00:00, run_after=2023-01-10T11:00:28.360888+00:00
[2023-01-10T11:00:28.379+0000] {processor.py:175} INFO - Processing /home/airflow/.local/lib/python3.7/site-packages/airflow/example_dags/example_skip_dag.py took 0.099 seconds
[2023-01-10T11:00:58.438+0000] {processor.py:153} INFO - Started process (PID=1067) to work on /home/airflow/.local/lib/python3.7/site-packages/airflow/example_dags/example_skip_dag.py
[2023-01-10T11:00:58.448+0000] {processor.py:743} INFO - Processing file /home/airflow/.local/lib/python3.7/site-packages/airflow/example_dags/example_skip_dag.py for tasks to queue
[2023-01-10T11:00:58.448+0000] {logging_mixin.py:137} INFO - [2023-01-10T11:00:58.448+0000] {dagbag.py:538} INFO - Filling up the DagBag from /home/airflow/.local/lib/python3.7/site-packages/airflow/example_dags/example_skip_dag.py
[2023-01-10T11:00:58.460+0000] {processor.py:753} INFO - DAG(s) dict_keys(['example_skip_dag']) retrieved from /home/airflow/.local/lib/python3.7/site-packages/airflow/example_dags/example_skip_dag.py
[2023-01-10T11:00:58.487+0000] {logging_mixin.py:137} INFO - [2023-01-10T11:00:58.487+0000] {dag.py:2676} INFO - Sync 1 DAGs
[2023-01-10T11:00:58.509+0000] {logging_mixin.py:137} INFO - [2023-01-10T11:00:58.509+0000] {dag.py:3427} INFO - Setting next_dagrun for example_skip_dag to 2023-01-09T11:00:58.509097+00:00, run_after=2023-01-10T11:00:58.509097+00:00
[2023-01-10T11:00:58.522+0000] {processor.py:175} INFO - Processing /home/airflow/.local/lib/python3.7/site-packages/airflow/example_dags/example_skip_dag.py took 0.087 seconds
[2023-01-10T11:01:28.610+0000] {processor.py:153} INFO - Started process (PID=1153) to work on /home/airflow/.local/lib/python3.7/site-packages/airflow/example_dags/example_skip_dag.py
[2023-01-10T11:01:28.620+0000] {processor.py:743} INFO - Processing file /home/airflow/.local/lib/python3.7/site-packages/airflow/example_dags/example_skip_dag.py for tasks to queue
[2023-01-10T11:01:28.621+0000] {logging_mixin.py:137} INFO - [2023-01-10T11:01:28.621+0000] {dagbag.py:538} INFO - Filling up the DagBag from /home/airflow/.local/lib/python3.7/site-packages/airflow/example_dags/example_skip_dag.py
[2023-01-10T11:01:28.631+0000] {processor.py:753} INFO - DAG(s) dict_keys(['example_skip_dag']) retrieved from /home/airflow/.local/lib/python3.7/site-packages/airflow/example_dags/example_skip_dag.py
[2023-01-10T11:01:28.658+0000] {logging_mixin.py:137} INFO - [2023-01-10T11:01:28.658+0000] {dag.py:2676} INFO - Sync 1 DAGs
[2023-01-10T11:01:28.678+0000] {logging_mixin.py:137} INFO - [2023-01-10T11:01:28.678+0000] {dag.py:3427} INFO - Setting next_dagrun for example_skip_dag to 2023-01-09T11:01:28.678355+00:00, run_after=2023-01-10T11:01:28.678355+00:00
[2023-01-10T11:01:28.692+0000] {processor.py:175} INFO - Processing /home/airflow/.local/lib/python3.7/site-packages/airflow/example_dags/example_skip_dag.py took 0.085 seconds
[2023-01-10T11:01:58.912+0000] {processor.py:153} INFO - Started process (PID=1224) to work on /home/airflow/.local/lib/python3.7/site-packages/airflow/example_dags/example_skip_dag.py
[2023-01-10T11:01:58.922+0000] {processor.py:743} INFO - Processing file /home/airflow/.local/lib/python3.7/site-packages/airflow/example_dags/example_skip_dag.py for tasks to queue
[2023-01-10T11:01:58.923+0000] {logging_mixin.py:137} INFO - [2023-01-10T11:01:58.922+0000] {dagbag.py:538} INFO - Filling up the DagBag from /home/airflow/.local/lib/python3.7/site-packages/airflow/example_dags/example_skip_dag.py
[2023-01-10T11:01:58.932+0000] {processor.py:753} INFO - DAG(s) dict_keys(['example_skip_dag']) retrieved from /home/airflow/.local/lib/python3.7/site-packages/airflow/example_dags/example_skip_dag.py
[2023-01-10T11:01:58.962+0000] {logging_mixin.py:137} INFO - [2023-01-10T11:01:58.962+0000] {dag.py:2676} INFO - Sync 1 DAGs
[2023-01-10T11:01:58.982+0000] {logging_mixin.py:137} INFO - [2023-01-10T11:01:58.982+0000] {dag.py:3427} INFO - Setting next_dagrun for example_skip_dag to 2023-01-09T11:01:58.982476+00:00, run_after=2023-01-10T11:01:58.982476+00:00
[2023-01-10T11:01:58.995+0000] {processor.py:175} INFO - Processing /home/airflow/.local/lib/python3.7/site-packages/airflow/example_dags/example_skip_dag.py took 0.085 seconds
[2023-01-10T11:02:29.241+0000] {processor.py:153} INFO - Started process (PID=1310) to work on /home/airflow/.local/lib/python3.7/site-packages/airflow/example_dags/example_skip_dag.py
[2023-01-10T11:02:29.252+0000] {processor.py:743} INFO - Processing file /home/airflow/.local/lib/python3.7/site-packages/airflow/example_dags/example_skip_dag.py for tasks to queue
[2023-01-10T11:02:29.252+0000] {logging_mixin.py:137} INFO - [2023-01-10T11:02:29.252+0000] {dagbag.py:538} INFO - Filling up the DagBag from /home/airflow/.local/lib/python3.7/site-packages/airflow/example_dags/example_skip_dag.py
[2023-01-10T11:02:29.263+0000] {processor.py:753} INFO - DAG(s) dict_keys(['example_skip_dag']) retrieved from /home/airflow/.local/lib/python3.7/site-packages/airflow/example_dags/example_skip_dag.py
[2023-01-10T11:02:29.294+0000] {logging_mixin.py:137} INFO - [2023-01-10T11:02:29.294+0000] {dag.py:2676} INFO - Sync 1 DAGs
[2023-01-10T11:02:29.316+0000] {logging_mixin.py:137} INFO - [2023-01-10T11:02:29.315+0000] {dag.py:3427} INFO - Setting next_dagrun for example_skip_dag to 2023-01-09T11:02:29.315749+00:00, run_after=2023-01-10T11:02:29.315749+00:00
[2023-01-10T11:02:29.331+0000] {processor.py:175} INFO - Processing /home/airflow/.local/lib/python3.7/site-packages/airflow/example_dags/example_skip_dag.py took 0.092 seconds
[2023-01-10T11:02:59.350+0000] {processor.py:153} INFO - Started process (PID=1389) to work on /home/airflow/.local/lib/python3.7/site-packages/airflow/example_dags/example_skip_dag.py
[2023-01-10T11:02:59.351+0000] {processor.py:743} INFO - Processing file /home/airflow/.local/lib/python3.7/site-packages/airflow/example_dags/example_skip_dag.py for tasks to queue
[2023-01-10T11:02:59.352+0000] {logging_mixin.py:137} INFO - [2023-01-10T11:02:59.351+0000] {dagbag.py:538} INFO - Filling up the DagBag from /home/airflow/.local/lib/python3.7/site-packages/airflow/example_dags/example_skip_dag.py
[2023-01-10T11:02:59.363+0000] {processor.py:753} INFO - DAG(s) dict_keys(['example_skip_dag']) retrieved from /home/airflow/.local/lib/python3.7/site-packages/airflow/example_dags/example_skip_dag.py
[2023-01-10T11:02:59.395+0000] {logging_mixin.py:137} INFO - [2023-01-10T11:02:59.395+0000] {dag.py:2676} INFO - Sync 1 DAGs
[2023-01-10T11:02:59.420+0000] {logging_mixin.py:137} INFO - [2023-01-10T11:02:59.420+0000] {dag.py:3427} INFO - Setting next_dagrun for example_skip_dag to 2023-01-09T11:02:59.420314+00:00, run_after=2023-01-10T11:02:59.420314+00:00
[2023-01-10T11:02:59.440+0000] {processor.py:175} INFO - Processing /home/airflow/.local/lib/python3.7/site-packages/airflow/example_dags/example_skip_dag.py took 0.091 seconds
[2023-01-10T11:03:29.470+0000] {processor.py:153} INFO - Started process (PID=1467) to work on /home/airflow/.local/lib/python3.7/site-packages/airflow/example_dags/example_skip_dag.py
[2023-01-10T11:03:29.470+0000] {processor.py:743} INFO - Processing file /home/airflow/.local/lib/python3.7/site-packages/airflow/example_dags/example_skip_dag.py for tasks to queue
[2023-01-10T11:03:29.471+0000] {logging_mixin.py:137} INFO - [2023-01-10T11:03:29.471+0000] {dagbag.py:538} INFO - Filling up the DagBag from /home/airflow/.local/lib/python3.7/site-packages/airflow/example_dags/example_skip_dag.py
[2023-01-10T11:03:29.482+0000] {processor.py:753} INFO - DAG(s) dict_keys(['example_skip_dag']) retrieved from /home/airflow/.local/lib/python3.7/site-packages/airflow/example_dags/example_skip_dag.py
[2023-01-10T11:03:29.508+0000] {logging_mixin.py:137} INFO - [2023-01-10T11:03:29.508+0000] {dag.py:2676} INFO - Sync 1 DAGs
[2023-01-10T11:03:29.528+0000] {logging_mixin.py:137} INFO - [2023-01-10T11:03:29.528+0000] {dag.py:3427} INFO - Setting next_dagrun for example_skip_dag to 2023-01-09T11:03:29.528118+00:00, run_after=2023-01-10T11:03:29.528118+00:00
[2023-01-10T11:03:29.545+0000] {processor.py:175} INFO - Processing /home/airflow/.local/lib/python3.7/site-packages/airflow/example_dags/example_skip_dag.py took 0.077 seconds
[2023-01-10T11:03:59.824+0000] {processor.py:153} INFO - Started process (PID=1546) to work on /home/airflow/.local/lib/python3.7/site-packages/airflow/example_dags/example_skip_dag.py
[2023-01-10T11:03:59.825+0000] {processor.py:743} INFO - Processing file /home/airflow/.local/lib/python3.7/site-packages/airflow/example_dags/example_skip_dag.py for tasks to queue
[2023-01-10T11:03:59.825+0000] {logging_mixin.py:137} INFO - [2023-01-10T11:03:59.825+0000] {dagbag.py:538} INFO - Filling up the DagBag from /home/airflow/.local/lib/python3.7/site-packages/airflow/example_dags/example_skip_dag.py
[2023-01-10T11:03:59.839+0000] {processor.py:753} INFO - DAG(s) dict_keys(['example_skip_dag']) retrieved from /home/airflow/.local/lib/python3.7/site-packages/airflow/example_dags/example_skip_dag.py
[2023-01-10T11:03:59.872+0000] {logging_mixin.py:137} INFO - [2023-01-10T11:03:59.872+0000] {dag.py:2676} INFO - Sync 1 DAGs
[2023-01-10T11:03:59.898+0000] {logging_mixin.py:137} INFO - [2023-01-10T11:03:59.898+0000] {dag.py:3427} INFO - Setting next_dagrun for example_skip_dag to 2023-01-09T11:03:59.898230+00:00, run_after=2023-01-10T11:03:59.898230+00:00
[2023-01-10T11:03:59.913+0000] {processor.py:175} INFO - Processing /home/airflow/.local/lib/python3.7/site-packages/airflow/example_dags/example_skip_dag.py took 0.091 seconds
[2023-01-10T11:04:30.836+0000] {processor.py:153} INFO - Started process (PID=1623) to work on /home/airflow/.local/lib/python3.7/site-packages/airflow/example_dags/example_skip_dag.py
[2023-01-10T11:04:30.836+0000] {processor.py:743} INFO - Processing file /home/airflow/.local/lib/python3.7/site-packages/airflow/example_dags/example_skip_dag.py for tasks to queue
[2023-01-10T11:04:30.837+0000] {logging_mixin.py:137} INFO - [2023-01-10T11:04:30.836+0000] {dagbag.py:538} INFO - Filling up the DagBag from /home/airflow/.local/lib/python3.7/site-packages/airflow/example_dags/example_skip_dag.py
[2023-01-10T11:04:30.847+0000] {processor.py:753} INFO - DAG(s) dict_keys(['example_skip_dag']) retrieved from /home/airflow/.local/lib/python3.7/site-packages/airflow/example_dags/example_skip_dag.py
[2023-01-10T11:04:30.874+0000] {logging_mixin.py:137} INFO - [2023-01-10T11:04:30.874+0000] {dag.py:2676} INFO - Sync 1 DAGs
[2023-01-10T11:04:30.895+0000] {logging_mixin.py:137} INFO - [2023-01-10T11:04:30.894+0000] {dag.py:3427} INFO - Setting next_dagrun for example_skip_dag to 2023-01-09T11:04:30.894617+00:00, run_after=2023-01-10T11:04:30.894617+00:00
[2023-01-10T11:04:30.911+0000] {processor.py:175} INFO - Processing /home/airflow/.local/lib/python3.7/site-packages/airflow/example_dags/example_skip_dag.py took 0.078 seconds
[2023-01-10T11:05:00.968+0000] {processor.py:153} INFO - Started process (PID=1709) to work on /home/airflow/.local/lib/python3.7/site-packages/airflow/example_dags/example_skip_dag.py
[2023-01-10T11:05:00.969+0000] {processor.py:743} INFO - Processing file /home/airflow/.local/lib/python3.7/site-packages/airflow/example_dags/example_skip_dag.py for tasks to queue
[2023-01-10T11:05:00.970+0000] {logging_mixin.py:137} INFO - [2023-01-10T11:05:00.970+0000] {dagbag.py:538} INFO - Filling up the DagBag from /home/airflow/.local/lib/python3.7/site-packages/airflow/example_dags/example_skip_dag.py
[2023-01-10T11:05:00.980+0000] {processor.py:753} INFO - DAG(s) dict_keys(['example_skip_dag']) retrieved from /home/airflow/.local/lib/python3.7/site-packages/airflow/example_dags/example_skip_dag.py
[2023-01-10T11:05:01.006+0000] {logging_mixin.py:137} INFO - [2023-01-10T11:05:01.006+0000] {dag.py:2676} INFO - Sync 1 DAGs
[2023-01-10T11:05:01.027+0000] {logging_mixin.py:137} INFO - [2023-01-10T11:05:01.027+0000] {dag.py:3427} INFO - Setting next_dagrun for example_skip_dag to 2023-01-09T11:05:01.027065+00:00, run_after=2023-01-10T11:05:01.027065+00:00
[2023-01-10T11:05:01.040+0000] {processor.py:175} INFO - Processing /home/airflow/.local/lib/python3.7/site-packages/airflow/example_dags/example_skip_dag.py took 0.074 seconds
[2023-01-10T11:05:31.110+0000] {processor.py:153} INFO - Started process (PID=1779) to work on /home/airflow/.local/lib/python3.7/site-packages/airflow/example_dags/example_skip_dag.py
[2023-01-10T11:05:31.111+0000] {processor.py:743} INFO - Processing file /home/airflow/.local/lib/python3.7/site-packages/airflow/example_dags/example_skip_dag.py for tasks to queue
[2023-01-10T11:05:31.111+0000] {logging_mixin.py:137} INFO - [2023-01-10T11:05:31.111+0000] {dagbag.py:538} INFO - Filling up the DagBag from /home/airflow/.local/lib/python3.7/site-packages/airflow/example_dags/example_skip_dag.py
[2023-01-10T11:05:31.122+0000] {processor.py:753} INFO - DAG(s) dict_keys(['example_skip_dag']) retrieved from /home/airflow/.local/lib/python3.7/site-packages/airflow/example_dags/example_skip_dag.py
[2023-01-10T11:05:31.150+0000] {logging_mixin.py:137} INFO - [2023-01-10T11:05:31.149+0000] {dag.py:2676} INFO - Sync 1 DAGs
[2023-01-10T11:05:31.170+0000] {logging_mixin.py:137} INFO - [2023-01-10T11:05:31.170+0000] {dag.py:3427} INFO - Setting next_dagrun for example_skip_dag to 2023-01-09T11:05:31.169875+00:00, run_after=2023-01-10T11:05:31.169875+00:00
[2023-01-10T11:05:31.183+0000] {processor.py:175} INFO - Processing /home/airflow/.local/lib/python3.7/site-packages/airflow/example_dags/example_skip_dag.py took 0.075 seconds
[2023-01-10T11:06:01.261+0000] {processor.py:153} INFO - Started process (PID=1865) to work on /home/airflow/.local/lib/python3.7/site-packages/airflow/example_dags/example_skip_dag.py
[2023-01-10T11:06:01.262+0000] {processor.py:743} INFO - Processing file /home/airflow/.local/lib/python3.7/site-packages/airflow/example_dags/example_skip_dag.py for tasks to queue
[2023-01-10T11:06:01.262+0000] {logging_mixin.py:137} INFO - [2023-01-10T11:06:01.262+0000] {dagbag.py:538} INFO - Filling up the DagBag from /home/airflow/.local/lib/python3.7/site-packages/airflow/example_dags/example_skip_dag.py
[2023-01-10T11:06:01.272+0000] {processor.py:753} INFO - DAG(s) dict_keys(['example_skip_dag']) retrieved from /home/airflow/.local/lib/python3.7/site-packages/airflow/example_dags/example_skip_dag.py
[2023-01-10T11:06:01.301+0000] {logging_mixin.py:137} INFO - [2023-01-10T11:06:01.301+0000] {dag.py:2676} INFO - Sync 1 DAGs
[2023-01-10T11:06:01.323+0000] {logging_mixin.py:137} INFO - [2023-01-10T11:06:01.323+0000] {dag.py:3427} INFO - Setting next_dagrun for example_skip_dag to 2023-01-09T11:06:01.323082+00:00, run_after=2023-01-10T11:06:01.323082+00:00
[2023-01-10T11:06:01.336+0000] {processor.py:175} INFO - Processing /home/airflow/.local/lib/python3.7/site-packages/airflow/example_dags/example_skip_dag.py took 0.078 seconds
[2023-01-10T11:06:31.494+0000] {processor.py:153} INFO - Started process (PID=1935) to work on /home/airflow/.local/lib/python3.7/site-packages/airflow/example_dags/example_skip_dag.py
[2023-01-10T11:06:31.494+0000] {processor.py:743} INFO - Processing file /home/airflow/.local/lib/python3.7/site-packages/airflow/example_dags/example_skip_dag.py for tasks to queue
[2023-01-10T11:06:31.495+0000] {logging_mixin.py:137} INFO - [2023-01-10T11:06:31.495+0000] {dagbag.py:538} INFO - Filling up the DagBag from /home/airflow/.local/lib/python3.7/site-packages/airflow/example_dags/example_skip_dag.py
[2023-01-10T11:06:31.508+0000] {processor.py:753} INFO - DAG(s) dict_keys(['example_skip_dag']) retrieved from /home/airflow/.local/lib/python3.7/site-packages/airflow/example_dags/example_skip_dag.py
[2023-01-10T11:06:31.541+0000] {logging_mixin.py:137} INFO - [2023-01-10T11:06:31.541+0000] {dag.py:2676} INFO - Sync 1 DAGs
[2023-01-10T11:06:31.565+0000] {logging_mixin.py:137} INFO - [2023-01-10T11:06:31.565+0000] {dag.py:3427} INFO - Setting next_dagrun for example_skip_dag to 2023-01-09T11:06:31.564834+00:00, run_after=2023-01-10T11:06:31.564834+00:00
[2023-01-10T11:06:31.587+0000] {processor.py:175} INFO - Processing /home/airflow/.local/lib/python3.7/site-packages/airflow/example_dags/example_skip_dag.py took 0.095 seconds
[2023-01-10T11:07:01.853+0000] {processor.py:153} INFO - Started process (PID=2021) to work on /home/airflow/.local/lib/python3.7/site-packages/airflow/example_dags/example_skip_dag.py
[2023-01-10T11:07:01.854+0000] {processor.py:743} INFO - Processing file /home/airflow/.local/lib/python3.7/site-packages/airflow/example_dags/example_skip_dag.py for tasks to queue
[2023-01-10T11:07:01.854+0000] {logging_mixin.py:137} INFO - [2023-01-10T11:07:01.854+0000] {dagbag.py:538} INFO - Filling up the DagBag from /home/airflow/.local/lib/python3.7/site-packages/airflow/example_dags/example_skip_dag.py
[2023-01-10T11:07:01.867+0000] {processor.py:753} INFO - DAG(s) dict_keys(['example_skip_dag']) retrieved from /home/airflow/.local/lib/python3.7/site-packages/airflow/example_dags/example_skip_dag.py
[2023-01-10T11:07:01.899+0000] {logging_mixin.py:137} INFO - [2023-01-10T11:07:01.899+0000] {dag.py:2676} INFO - Sync 1 DAGs
[2023-01-10T11:07:01.921+0000] {logging_mixin.py:137} INFO - [2023-01-10T11:07:01.921+0000] {dag.py:3427} INFO - Setting next_dagrun for example_skip_dag to 2023-01-09T11:07:01.921005+00:00, run_after=2023-01-10T11:07:01.921005+00:00
[2023-01-10T11:07:01.937+0000] {processor.py:175} INFO - Processing /home/airflow/.local/lib/python3.7/site-packages/airflow/example_dags/example_skip_dag.py took 0.086 seconds
[2023-01-10T11:07:32.191+0000] {processor.py:153} INFO - Started process (PID=2091) to work on /home/airflow/.local/lib/python3.7/site-packages/airflow/example_dags/example_skip_dag.py
[2023-01-10T11:07:32.192+0000] {processor.py:743} INFO - Processing file /home/airflow/.local/lib/python3.7/site-packages/airflow/example_dags/example_skip_dag.py for tasks to queue
[2023-01-10T11:07:32.192+0000] {logging_mixin.py:137} INFO - [2023-01-10T11:07:32.192+0000] {dagbag.py:538} INFO - Filling up the DagBag from /home/airflow/.local/lib/python3.7/site-packages/airflow/example_dags/example_skip_dag.py
[2023-01-10T11:07:32.205+0000] {processor.py:753} INFO - DAG(s) dict_keys(['example_skip_dag']) retrieved from /home/airflow/.local/lib/python3.7/site-packages/airflow/example_dags/example_skip_dag.py
[2023-01-10T11:07:32.240+0000] {logging_mixin.py:137} INFO - [2023-01-10T11:07:32.240+0000] {dag.py:2676} INFO - Sync 1 DAGs
[2023-01-10T11:07:32.261+0000] {logging_mixin.py:137} INFO - [2023-01-10T11:07:32.261+0000] {dag.py:3427} INFO - Setting next_dagrun for example_skip_dag to 2023-01-09T11:07:32.260663+00:00, run_after=2023-01-10T11:07:32.260663+00:00
[2023-01-10T11:07:32.276+0000] {processor.py:175} INFO - Processing /home/airflow/.local/lib/python3.7/site-packages/airflow/example_dags/example_skip_dag.py took 0.088 seconds
[2023-01-10T11:08:02.302+0000] {processor.py:153} INFO - Started process (PID=2176) to work on /home/airflow/.local/lib/python3.7/site-packages/airflow/example_dags/example_skip_dag.py
[2023-01-10T11:08:02.302+0000] {processor.py:743} INFO - Processing file /home/airflow/.local/lib/python3.7/site-packages/airflow/example_dags/example_skip_dag.py for tasks to queue
[2023-01-10T11:08:02.303+0000] {logging_mixin.py:137} INFO - [2023-01-10T11:08:02.302+0000] {dagbag.py:538} INFO - Filling up the DagBag from /home/airflow/.local/lib/python3.7/site-packages/airflow/example_dags/example_skip_dag.py
[2023-01-10T11:08:02.312+0000] {processor.py:753} INFO - DAG(s) dict_keys(['example_skip_dag']) retrieved from /home/airflow/.local/lib/python3.7/site-packages/airflow/example_dags/example_skip_dag.py
[2023-01-10T11:08:02.340+0000] {logging_mixin.py:137} INFO - [2023-01-10T11:08:02.340+0000] {dag.py:2676} INFO - Sync 1 DAGs
[2023-01-10T11:08:02.358+0000] {logging_mixin.py:137} INFO - [2023-01-10T11:08:02.358+0000] {dag.py:3427} INFO - Setting next_dagrun for example_skip_dag to 2023-01-09T11:08:02.358208+00:00, run_after=2023-01-10T11:08:02.358208+00:00
[2023-01-10T11:08:02.372+0000] {processor.py:175} INFO - Processing /home/airflow/.local/lib/python3.7/site-packages/airflow/example_dags/example_skip_dag.py took 0.072 seconds
[2023-01-10T11:08:32.521+0000] {processor.py:153} INFO - Started process (PID=2247) to work on /home/airflow/.local/lib/python3.7/site-packages/airflow/example_dags/example_skip_dag.py
[2023-01-10T11:08:32.522+0000] {processor.py:743} INFO - Processing file /home/airflow/.local/lib/python3.7/site-packages/airflow/example_dags/example_skip_dag.py for tasks to queue
[2023-01-10T11:08:32.522+0000] {logging_mixin.py:137} INFO - [2023-01-10T11:08:32.522+0000] {dagbag.py:538} INFO - Filling up the DagBag from /home/airflow/.local/lib/python3.7/site-packages/airflow/example_dags/example_skip_dag.py
[2023-01-10T11:08:32.532+0000] {processor.py:753} INFO - DAG(s) dict_keys(['example_skip_dag']) retrieved from /home/airflow/.local/lib/python3.7/site-packages/airflow/example_dags/example_skip_dag.py
[2023-01-10T11:08:32.559+0000] {logging_mixin.py:137} INFO - [2023-01-10T11:08:32.559+0000] {dag.py:2676} INFO - Sync 1 DAGs
[2023-01-10T11:08:32.578+0000] {logging_mixin.py:137} INFO - [2023-01-10T11:08:32.578+0000] {dag.py:3427} INFO - Setting next_dagrun for example_skip_dag to 2023-01-09T11:08:32.578112+00:00, run_after=2023-01-10T11:08:32.578112+00:00
[2023-01-10T11:08:32.592+0000] {processor.py:175} INFO - Processing /home/airflow/.local/lib/python3.7/site-packages/airflow/example_dags/example_skip_dag.py took 0.073 seconds
[2023-01-10T11:09:02.679+0000] {processor.py:153} INFO - Started process (PID=2333) to work on /home/airflow/.local/lib/python3.7/site-packages/airflow/example_dags/example_skip_dag.py
[2023-01-10T11:09:02.680+0000] {processor.py:743} INFO - Processing file /home/airflow/.local/lib/python3.7/site-packages/airflow/example_dags/example_skip_dag.py for tasks to queue
[2023-01-10T11:09:02.681+0000] {logging_mixin.py:137} INFO - [2023-01-10T11:09:02.681+0000] {dagbag.py:538} INFO - Filling up the DagBag from /home/airflow/.local/lib/python3.7/site-packages/airflow/example_dags/example_skip_dag.py
[2023-01-10T11:09:02.693+0000] {processor.py:753} INFO - DAG(s) dict_keys(['example_skip_dag']) retrieved from /home/airflow/.local/lib/python3.7/site-packages/airflow/example_dags/example_skip_dag.py
[2023-01-10T11:09:02.728+0000] {logging_mixin.py:137} INFO - [2023-01-10T11:09:02.728+0000] {dag.py:2676} INFO - Sync 1 DAGs
[2023-01-10T11:09:02.752+0000] {logging_mixin.py:137} INFO - [2023-01-10T11:09:02.752+0000] {dag.py:3427} INFO - Setting next_dagrun for example_skip_dag to 2023-01-09T11:09:02.752475+00:00, run_after=2023-01-10T11:09:02.752475+00:00
[2023-01-10T11:09:02.769+0000] {processor.py:175} INFO - Processing /home/airflow/.local/lib/python3.7/site-packages/airflow/example_dags/example_skip_dag.py took 0.093 seconds
[2023-01-10T11:09:33.142+0000] {processor.py:153} INFO - Started process (PID=2402) to work on /home/airflow/.local/lib/python3.7/site-packages/airflow/example_dags/example_skip_dag.py
[2023-01-10T11:09:33.147+0000] {processor.py:743} INFO - Processing file /home/airflow/.local/lib/python3.7/site-packages/airflow/example_dags/example_skip_dag.py for tasks to queue
[2023-01-10T11:09:33.148+0000] {logging_mixin.py:137} INFO - [2023-01-10T11:09:33.148+0000] {dagbag.py:538} INFO - Filling up the DagBag from /home/airflow/.local/lib/python3.7/site-packages/airflow/example_dags/example_skip_dag.py
[2023-01-10T11:09:33.173+0000] {processor.py:753} INFO - DAG(s) dict_keys(['example_skip_dag']) retrieved from /home/airflow/.local/lib/python3.7/site-packages/airflow/example_dags/example_skip_dag.py
[2023-01-10T11:09:33.221+0000] {logging_mixin.py:137} INFO - [2023-01-10T11:09:33.221+0000] {dag.py:2676} INFO - Sync 1 DAGs
[2023-01-10T11:09:33.247+0000] {logging_mixin.py:137} INFO - [2023-01-10T11:09:33.247+0000] {dag.py:3427} INFO - Setting next_dagrun for example_skip_dag to 2023-01-09T11:09:33.247217+00:00, run_after=2023-01-10T11:09:33.247217+00:00
[2023-01-10T11:09:33.262+0000] {processor.py:175} INFO - Processing /home/airflow/.local/lib/python3.7/site-packages/airflow/example_dags/example_skip_dag.py took 0.123 seconds
[2023-01-10T11:10:03.306+0000] {processor.py:153} INFO - Started process (PID=2488) to work on /home/airflow/.local/lib/python3.7/site-packages/airflow/example_dags/example_skip_dag.py
[2023-01-10T11:10:03.306+0000] {processor.py:743} INFO - Processing file /home/airflow/.local/lib/python3.7/site-packages/airflow/example_dags/example_skip_dag.py for tasks to queue
[2023-01-10T11:10:03.307+0000] {logging_mixin.py:137} INFO - [2023-01-10T11:10:03.306+0000] {dagbag.py:538} INFO - Filling up the DagBag from /home/airflow/.local/lib/python3.7/site-packages/airflow/example_dags/example_skip_dag.py
[2023-01-10T11:10:03.316+0000] {processor.py:753} INFO - DAG(s) dict_keys(['example_skip_dag']) retrieved from /home/airflow/.local/lib/python3.7/site-packages/airflow/example_dags/example_skip_dag.py
[2023-01-10T11:10:03.348+0000] {logging_mixin.py:137} INFO - [2023-01-10T11:10:03.348+0000] {dag.py:2676} INFO - Sync 1 DAGs
[2023-01-10T11:10:03.379+0000] {logging_mixin.py:137} INFO - [2023-01-10T11:10:03.379+0000] {dag.py:3427} INFO - Setting next_dagrun for example_skip_dag to 2023-01-09T11:10:03.379120+00:00, run_after=2023-01-10T11:10:03.379120+00:00
[2023-01-10T11:10:03.396+0000] {processor.py:175} INFO - Processing /home/airflow/.local/lib/python3.7/site-packages/airflow/example_dags/example_skip_dag.py took 0.093 seconds
