[2023-01-10T10:54:23.398+0000] {processor.py:153} INFO - Started process (PID=78) to work on /home/airflow/.local/lib/python3.7/site-packages/airflow/example_dags/example_sla_dag.py
[2023-01-10T10:54:23.398+0000] {processor.py:743} INFO - Processing file /home/airflow/.local/lib/python3.7/site-packages/airflow/example_dags/example_sla_dag.py for tasks to queue
[2023-01-10T10:54:23.398+0000] {logging_mixin.py:137} INFO - [2023-01-10T10:54:23.398+0000] {dagbag.py:538} INFO - Filling up the DagBag from /home/airflow/.local/lib/python3.7/site-packages/airflow/example_dags/example_sla_dag.py
[2023-01-10T10:54:23.420+0000] {processor.py:753} INFO - DAG(s) dict_keys(['example_sla_dag']) retrieved from /home/airflow/.local/lib/python3.7/site-packages/airflow/example_dags/example_sla_dag.py
[2023-01-10T10:54:23.530+0000] {logging_mixin.py:137} INFO - [2023-01-10T10:54:23.530+0000] {manager.py:504} INFO - Created Permission View: can delete on DAG:example_sla_dag
[2023-01-10T10:54:23.540+0000] {logging_mixin.py:137} INFO - [2023-01-10T10:54:23.540+0000] {manager.py:504} INFO - Created Permission View: can read on DAG:example_sla_dag
[2023-01-10T10:54:23.548+0000] {logging_mixin.py:137} INFO - [2023-01-10T10:54:23.547+0000] {manager.py:504} INFO - Created Permission View: can edit on DAG:example_sla_dag
[2023-01-10T10:54:23.548+0000] {logging_mixin.py:137} INFO - [2023-01-10T10:54:23.548+0000] {dag.py:2676} INFO - Sync 1 DAGs
[2023-01-10T10:54:23.562+0000] {logging_mixin.py:137} INFO - [2023-01-10T10:54:23.561+0000] {dag.py:2697} INFO - Creating ORM DAG for example_sla_dag
[2023-01-10T10:54:23.579+0000] {logging_mixin.py:137} INFO - [2023-01-10T10:54:23.579+0000] {dag.py:3427} INFO - Setting next_dagrun for example_sla_dag to 2023-01-10T10:52:00+00:00, run_after=2023-01-10T10:54:00+00:00
[2023-01-10T10:54:23.595+0000] {processor.py:175} INFO - Processing /home/airflow/.local/lib/python3.7/site-packages/airflow/example_dags/example_sla_dag.py took 0.200 seconds
[2023-01-10T10:54:54.260+0000] {processor.py:153} INFO - Started process (PID=148) to work on /home/airflow/.local/lib/python3.7/site-packages/airflow/example_dags/example_sla_dag.py
[2023-01-10T10:54:54.260+0000] {processor.py:743} INFO - Processing file /home/airflow/.local/lib/python3.7/site-packages/airflow/example_dags/example_sla_dag.py for tasks to queue
[2023-01-10T10:54:54.261+0000] {logging_mixin.py:137} INFO - [2023-01-10T10:54:54.261+0000] {dagbag.py:538} INFO - Filling up the DagBag from /home/airflow/.local/lib/python3.7/site-packages/airflow/example_dags/example_sla_dag.py
[2023-01-10T10:54:54.286+0000] {processor.py:753} INFO - DAG(s) dict_keys(['example_sla_dag']) retrieved from /home/airflow/.local/lib/python3.7/site-packages/airflow/example_dags/example_sla_dag.py
[2023-01-10T10:54:54.329+0000] {logging_mixin.py:137} INFO - [2023-01-10T10:54:54.329+0000] {dag.py:2676} INFO - Sync 1 DAGs
[2023-01-10T10:54:54.352+0000] {logging_mixin.py:137} INFO - [2023-01-10T10:54:54.352+0000] {dag.py:3427} INFO - Setting next_dagrun for example_sla_dag to 2023-01-10T10:52:00+00:00, run_after=2023-01-10T10:54:00+00:00
[2023-01-10T10:54:54.364+0000] {processor.py:175} INFO - Processing /home/airflow/.local/lib/python3.7/site-packages/airflow/example_dags/example_sla_dag.py took 0.106 seconds
[2023-01-10T10:55:24.809+0000] {processor.py:153} INFO - Started process (PID=235) to work on /home/airflow/.local/lib/python3.7/site-packages/airflow/example_dags/example_sla_dag.py
[2023-01-10T10:55:24.810+0000] {processor.py:743} INFO - Processing file /home/airflow/.local/lib/python3.7/site-packages/airflow/example_dags/example_sla_dag.py for tasks to queue
[2023-01-10T10:55:24.811+0000] {logging_mixin.py:137} INFO - [2023-01-10T10:55:24.811+0000] {dagbag.py:538} INFO - Filling up the DagBag from /home/airflow/.local/lib/python3.7/site-packages/airflow/example_dags/example_sla_dag.py
[2023-01-10T10:55:24.833+0000] {processor.py:753} INFO - DAG(s) dict_keys(['example_sla_dag']) retrieved from /home/airflow/.local/lib/python3.7/site-packages/airflow/example_dags/example_sla_dag.py
[2023-01-10T10:55:24.871+0000] {logging_mixin.py:137} INFO - [2023-01-10T10:55:24.870+0000] {dag.py:2676} INFO - Sync 1 DAGs
[2023-01-10T10:55:24.899+0000] {logging_mixin.py:137} INFO - [2023-01-10T10:55:24.899+0000] {dag.py:3427} INFO - Setting next_dagrun for example_sla_dag to 2023-01-10T10:52:00+00:00, run_after=2023-01-10T10:54:00+00:00
[2023-01-10T10:55:24.921+0000] {processor.py:175} INFO - Processing /home/airflow/.local/lib/python3.7/site-packages/airflow/example_dags/example_sla_dag.py took 0.115 seconds
[2023-01-10T10:55:55.018+0000] {processor.py:153} INFO - Started process (PID=306) to work on /home/airflow/.local/lib/python3.7/site-packages/airflow/example_dags/example_sla_dag.py
[2023-01-10T10:55:55.019+0000] {processor.py:743} INFO - Processing file /home/airflow/.local/lib/python3.7/site-packages/airflow/example_dags/example_sla_dag.py for tasks to queue
[2023-01-10T10:55:55.019+0000] {logging_mixin.py:137} INFO - [2023-01-10T10:55:55.019+0000] {dagbag.py:538} INFO - Filling up the DagBag from /home/airflow/.local/lib/python3.7/site-packages/airflow/example_dags/example_sla_dag.py
[2023-01-10T10:55:55.035+0000] {processor.py:753} INFO - DAG(s) dict_keys(['example_sla_dag']) retrieved from /home/airflow/.local/lib/python3.7/site-packages/airflow/example_dags/example_sla_dag.py
[2023-01-10T10:55:55.060+0000] {logging_mixin.py:137} INFO - [2023-01-10T10:55:55.060+0000] {dag.py:2676} INFO - Sync 1 DAGs
[2023-01-10T10:55:55.080+0000] {logging_mixin.py:137} INFO - [2023-01-10T10:55:55.079+0000] {dag.py:3427} INFO - Setting next_dagrun for example_sla_dag to 2023-01-10T10:52:00+00:00, run_after=2023-01-10T10:54:00+00:00
[2023-01-10T10:55:55.092+0000] {processor.py:175} INFO - Processing /home/airflow/.local/lib/python3.7/site-packages/airflow/example_dags/example_sla_dag.py took 0.076 seconds
[2023-01-10T10:56:25.190+0000] {processor.py:153} INFO - Started process (PID=392) to work on /home/airflow/.local/lib/python3.7/site-packages/airflow/example_dags/example_sla_dag.py
[2023-01-10T10:56:25.191+0000] {processor.py:743} INFO - Processing file /home/airflow/.local/lib/python3.7/site-packages/airflow/example_dags/example_sla_dag.py for tasks to queue
[2023-01-10T10:56:25.191+0000] {logging_mixin.py:137} INFO - [2023-01-10T10:56:25.191+0000] {dagbag.py:538} INFO - Filling up the DagBag from /home/airflow/.local/lib/python3.7/site-packages/airflow/example_dags/example_sla_dag.py
[2023-01-10T10:56:25.210+0000] {processor.py:753} INFO - DAG(s) dict_keys(['example_sla_dag']) retrieved from /home/airflow/.local/lib/python3.7/site-packages/airflow/example_dags/example_sla_dag.py
[2023-01-10T10:56:25.242+0000] {logging_mixin.py:137} INFO - [2023-01-10T10:56:25.241+0000] {dag.py:2676} INFO - Sync 1 DAGs
[2023-01-10T10:56:25.275+0000] {logging_mixin.py:137} INFO - [2023-01-10T10:56:25.275+0000] {dag.py:3427} INFO - Setting next_dagrun for example_sla_dag to 2023-01-10T10:54:00+00:00, run_after=2023-01-10T10:56:00+00:00
[2023-01-10T10:56:25.292+0000] {processor.py:175} INFO - Processing /home/airflow/.local/lib/python3.7/site-packages/airflow/example_dags/example_sla_dag.py took 0.104 seconds
[2023-01-10T10:56:56.194+0000] {processor.py:153} INFO - Started process (PID=462) to work on /home/airflow/.local/lib/python3.7/site-packages/airflow/example_dags/example_sla_dag.py
[2023-01-10T10:56:56.195+0000] {processor.py:743} INFO - Processing file /home/airflow/.local/lib/python3.7/site-packages/airflow/example_dags/example_sla_dag.py for tasks to queue
[2023-01-10T10:56:56.195+0000] {logging_mixin.py:137} INFO - [2023-01-10T10:56:56.195+0000] {dagbag.py:538} INFO - Filling up the DagBag from /home/airflow/.local/lib/python3.7/site-packages/airflow/example_dags/example_sla_dag.py
[2023-01-10T10:56:56.214+0000] {processor.py:753} INFO - DAG(s) dict_keys(['example_sla_dag']) retrieved from /home/airflow/.local/lib/python3.7/site-packages/airflow/example_dags/example_sla_dag.py
[2023-01-10T10:56:56.246+0000] {logging_mixin.py:137} INFO - [2023-01-10T10:56:56.246+0000] {dag.py:2676} INFO - Sync 1 DAGs
[2023-01-10T10:56:56.272+0000] {logging_mixin.py:137} INFO - [2023-01-10T10:56:56.272+0000] {dag.py:3427} INFO - Setting next_dagrun for example_sla_dag to 2023-01-10T10:54:00+00:00, run_after=2023-01-10T10:56:00+00:00
[2023-01-10T10:56:56.286+0000] {processor.py:175} INFO - Processing /home/airflow/.local/lib/python3.7/site-packages/airflow/example_dags/example_sla_dag.py took 0.094 seconds
[2023-01-10T10:57:26.481+0000] {processor.py:153} INFO - Started process (PID=548) to work on /home/airflow/.local/lib/python3.7/site-packages/airflow/example_dags/example_sla_dag.py
[2023-01-10T10:57:26.482+0000] {processor.py:743} INFO - Processing file /home/airflow/.local/lib/python3.7/site-packages/airflow/example_dags/example_sla_dag.py for tasks to queue
[2023-01-10T10:57:26.482+0000] {logging_mixin.py:137} INFO - [2023-01-10T10:57:26.482+0000] {dagbag.py:538} INFO - Filling up the DagBag from /home/airflow/.local/lib/python3.7/site-packages/airflow/example_dags/example_sla_dag.py
[2023-01-10T10:57:26.499+0000] {processor.py:753} INFO - DAG(s) dict_keys(['example_sla_dag']) retrieved from /home/airflow/.local/lib/python3.7/site-packages/airflow/example_dags/example_sla_dag.py
[2023-01-10T10:57:26.529+0000] {logging_mixin.py:137} INFO - [2023-01-10T10:57:26.529+0000] {dag.py:2676} INFO - Sync 1 DAGs
[2023-01-10T10:57:26.553+0000] {logging_mixin.py:137} INFO - [2023-01-10T10:57:26.552+0000] {dag.py:3427} INFO - Setting next_dagrun for example_sla_dag to 2023-01-10T10:54:00+00:00, run_after=2023-01-10T10:56:00+00:00
[2023-01-10T10:57:26.567+0000] {processor.py:175} INFO - Processing /home/airflow/.local/lib/python3.7/site-packages/airflow/example_dags/example_sla_dag.py took 0.088 seconds
[2023-01-10T10:57:57.467+0000] {processor.py:153} INFO - Started process (PID=618) to work on /home/airflow/.local/lib/python3.7/site-packages/airflow/example_dags/example_sla_dag.py
[2023-01-10T10:57:57.468+0000] {processor.py:743} INFO - Processing file /home/airflow/.local/lib/python3.7/site-packages/airflow/example_dags/example_sla_dag.py for tasks to queue
[2023-01-10T10:57:57.469+0000] {logging_mixin.py:137} INFO - [2023-01-10T10:57:57.469+0000] {dagbag.py:538} INFO - Filling up the DagBag from /home/airflow/.local/lib/python3.7/site-packages/airflow/example_dags/example_sla_dag.py
[2023-01-10T10:57:57.487+0000] {processor.py:753} INFO - DAG(s) dict_keys(['example_sla_dag']) retrieved from /home/airflow/.local/lib/python3.7/site-packages/airflow/example_dags/example_sla_dag.py
[2023-01-10T10:57:57.520+0000] {logging_mixin.py:137} INFO - [2023-01-10T10:57:57.520+0000] {dag.py:2676} INFO - Sync 1 DAGs
[2023-01-10T10:57:57.544+0000] {logging_mixin.py:137} INFO - [2023-01-10T10:57:57.544+0000] {dag.py:3427} INFO - Setting next_dagrun for example_sla_dag to 2023-01-10T10:54:00+00:00, run_after=2023-01-10T10:56:00+00:00
[2023-01-10T10:57:57.561+0000] {processor.py:175} INFO - Processing /home/airflow/.local/lib/python3.7/site-packages/airflow/example_dags/example_sla_dag.py took 0.097 seconds
[2023-01-10T10:58:28.414+0000] {processor.py:153} INFO - Started process (PID=704) to work on /home/airflow/.local/lib/python3.7/site-packages/airflow/example_dags/example_sla_dag.py
[2023-01-10T10:58:28.415+0000] {processor.py:743} INFO - Processing file /home/airflow/.local/lib/python3.7/site-packages/airflow/example_dags/example_sla_dag.py for tasks to queue
[2023-01-10T10:58:28.415+0000] {logging_mixin.py:137} INFO - [2023-01-10T10:58:28.415+0000] {dagbag.py:538} INFO - Filling up the DagBag from /home/airflow/.local/lib/python3.7/site-packages/airflow/example_dags/example_sla_dag.py
[2023-01-10T10:58:28.432+0000] {processor.py:753} INFO - DAG(s) dict_keys(['example_sla_dag']) retrieved from /home/airflow/.local/lib/python3.7/site-packages/airflow/example_dags/example_sla_dag.py
[2023-01-10T10:58:28.460+0000] {logging_mixin.py:137} INFO - [2023-01-10T10:58:28.460+0000] {dag.py:2676} INFO - Sync 1 DAGs
[2023-01-10T10:58:28.486+0000] {logging_mixin.py:137} INFO - [2023-01-10T10:58:28.486+0000] {dag.py:3427} INFO - Setting next_dagrun for example_sla_dag to 2023-01-10T10:56:00+00:00, run_after=2023-01-10T10:58:00+00:00
[2023-01-10T10:58:28.505+0000] {processor.py:175} INFO - Processing /home/airflow/.local/lib/python3.7/site-packages/airflow/example_dags/example_sla_dag.py took 0.093 seconds
[2023-01-10T10:58:59.664+0000] {processor.py:153} INFO - Started process (PID=782) to work on /home/airflow/.local/lib/python3.7/site-packages/airflow/example_dags/example_sla_dag.py
[2023-01-10T10:58:59.665+0000] {processor.py:743} INFO - Processing file /home/airflow/.local/lib/python3.7/site-packages/airflow/example_dags/example_sla_dag.py for tasks to queue
[2023-01-10T10:58:59.665+0000] {logging_mixin.py:137} INFO - [2023-01-10T10:58:59.665+0000] {dagbag.py:538} INFO - Filling up the DagBag from /home/airflow/.local/lib/python3.7/site-packages/airflow/example_dags/example_sla_dag.py
[2023-01-10T10:58:59.686+0000] {processor.py:753} INFO - DAG(s) dict_keys(['example_sla_dag']) retrieved from /home/airflow/.local/lib/python3.7/site-packages/airflow/example_dags/example_sla_dag.py
[2023-01-10T10:58:59.717+0000] {logging_mixin.py:137} INFO - [2023-01-10T10:58:59.717+0000] {dag.py:2676} INFO - Sync 1 DAGs
[2023-01-10T10:58:59.745+0000] {logging_mixin.py:137} INFO - [2023-01-10T10:58:59.745+0000] {dag.py:3427} INFO - Setting next_dagrun for example_sla_dag to 2023-01-10T10:56:00+00:00, run_after=2023-01-10T10:58:00+00:00
[2023-01-10T10:58:59.762+0000] {processor.py:175} INFO - Processing /home/airflow/.local/lib/python3.7/site-packages/airflow/example_dags/example_sla_dag.py took 0.101 seconds
[2023-01-10T10:59:29.927+0000] {processor.py:153} INFO - Started process (PID=859) to work on /home/airflow/.local/lib/python3.7/site-packages/airflow/example_dags/example_sla_dag.py
[2023-01-10T10:59:29.927+0000] {processor.py:743} INFO - Processing file /home/airflow/.local/lib/python3.7/site-packages/airflow/example_dags/example_sla_dag.py for tasks to queue
[2023-01-10T10:59:29.928+0000] {logging_mixin.py:137} INFO - [2023-01-10T10:59:29.928+0000] {dagbag.py:538} INFO - Filling up the DagBag from /home/airflow/.local/lib/python3.7/site-packages/airflow/example_dags/example_sla_dag.py
[2023-01-10T10:59:29.947+0000] {processor.py:753} INFO - DAG(s) dict_keys(['example_sla_dag']) retrieved from /home/airflow/.local/lib/python3.7/site-packages/airflow/example_dags/example_sla_dag.py
[2023-01-10T10:59:29.975+0000] {logging_mixin.py:137} INFO - [2023-01-10T10:59:29.975+0000] {dag.py:2676} INFO - Sync 1 DAGs
[2023-01-10T10:59:30.000+0000] {logging_mixin.py:137} INFO - [2023-01-10T10:59:30.000+0000] {dag.py:3427} INFO - Setting next_dagrun for example_sla_dag to 2023-01-10T10:56:00+00:00, run_after=2023-01-10T10:58:00+00:00
[2023-01-10T10:59:30.018+0000] {processor.py:175} INFO - Processing /home/airflow/.local/lib/python3.7/site-packages/airflow/example_dags/example_sla_dag.py took 0.094 seconds
[2023-01-10T11:00:00.184+0000] {processor.py:153} INFO - Started process (PID=946) to work on /home/airflow/.local/lib/python3.7/site-packages/airflow/example_dags/example_sla_dag.py
[2023-01-10T11:00:00.185+0000] {processor.py:743} INFO - Processing file /home/airflow/.local/lib/python3.7/site-packages/airflow/example_dags/example_sla_dag.py for tasks to queue
[2023-01-10T11:00:00.186+0000] {logging_mixin.py:137} INFO - [2023-01-10T11:00:00.186+0000] {dagbag.py:538} INFO - Filling up the DagBag from /home/airflow/.local/lib/python3.7/site-packages/airflow/example_dags/example_sla_dag.py
[2023-01-10T11:00:00.207+0000] {processor.py:753} INFO - DAG(s) dict_keys(['example_sla_dag']) retrieved from /home/airflow/.local/lib/python3.7/site-packages/airflow/example_dags/example_sla_dag.py
[2023-01-10T11:00:00.237+0000] {logging_mixin.py:137} INFO - [2023-01-10T11:00:00.236+0000] {dag.py:2676} INFO - Sync 1 DAGs
[2023-01-10T11:00:00.264+0000] {logging_mixin.py:137} INFO - [2023-01-10T11:00:00.263+0000] {dag.py:3427} INFO - Setting next_dagrun for example_sla_dag to 2023-01-10T10:58:00+00:00, run_after=2023-01-10T11:00:00+00:00
[2023-01-10T11:00:00.279+0000] {processor.py:175} INFO - Processing /home/airflow/.local/lib/python3.7/site-packages/airflow/example_dags/example_sla_dag.py took 0.097 seconds
[2023-01-10T11:00:30.337+0000] {processor.py:153} INFO - Started process (PID=1016) to work on /home/airflow/.local/lib/python3.7/site-packages/airflow/example_dags/example_sla_dag.py
[2023-01-10T11:00:30.338+0000] {processor.py:743} INFO - Processing file /home/airflow/.local/lib/python3.7/site-packages/airflow/example_dags/example_sla_dag.py for tasks to queue
[2023-01-10T11:00:30.338+0000] {logging_mixin.py:137} INFO - [2023-01-10T11:00:30.338+0000] {dagbag.py:538} INFO - Filling up the DagBag from /home/airflow/.local/lib/python3.7/site-packages/airflow/example_dags/example_sla_dag.py
[2023-01-10T11:00:30.359+0000] {processor.py:753} INFO - DAG(s) dict_keys(['example_sla_dag']) retrieved from /home/airflow/.local/lib/python3.7/site-packages/airflow/example_dags/example_sla_dag.py
[2023-01-10T11:00:30.401+0000] {logging_mixin.py:137} INFO - [2023-01-10T11:00:30.401+0000] {dag.py:2676} INFO - Sync 1 DAGs
[2023-01-10T11:00:30.426+0000] {logging_mixin.py:137} INFO - [2023-01-10T11:00:30.426+0000] {dag.py:3427} INFO - Setting next_dagrun for example_sla_dag to 2023-01-10T10:58:00+00:00, run_after=2023-01-10T11:00:00+00:00
[2023-01-10T11:00:30.440+0000] {processor.py:175} INFO - Processing /home/airflow/.local/lib/python3.7/site-packages/airflow/example_dags/example_sla_dag.py took 0.105 seconds
[2023-01-10T11:01:00.500+0000] {processor.py:153} INFO - Started process (PID=1102) to work on /home/airflow/.local/lib/python3.7/site-packages/airflow/example_dags/example_sla_dag.py
[2023-01-10T11:01:00.500+0000] {processor.py:743} INFO - Processing file /home/airflow/.local/lib/python3.7/site-packages/airflow/example_dags/example_sla_dag.py for tasks to queue
[2023-01-10T11:01:00.501+0000] {logging_mixin.py:137} INFO - [2023-01-10T11:01:00.500+0000] {dagbag.py:538} INFO - Filling up the DagBag from /home/airflow/.local/lib/python3.7/site-packages/airflow/example_dags/example_sla_dag.py
[2023-01-10T11:01:00.520+0000] {processor.py:753} INFO - DAG(s) dict_keys(['example_sla_dag']) retrieved from /home/airflow/.local/lib/python3.7/site-packages/airflow/example_dags/example_sla_dag.py
[2023-01-10T11:01:00.555+0000] {logging_mixin.py:137} INFO - [2023-01-10T11:01:00.555+0000] {dag.py:2676} INFO - Sync 1 DAGs
[2023-01-10T11:01:00.591+0000] {logging_mixin.py:137} INFO - [2023-01-10T11:01:00.591+0000] {dag.py:3427} INFO - Setting next_dagrun for example_sla_dag to 2023-01-10T10:58:00+00:00, run_after=2023-01-10T11:00:00+00:00
[2023-01-10T11:01:00.613+0000] {processor.py:175} INFO - Processing /home/airflow/.local/lib/python3.7/site-packages/airflow/example_dags/example_sla_dag.py took 0.115 seconds
[2023-01-10T11:01:30.693+0000] {processor.py:153} INFO - Started process (PID=1172) to work on /home/airflow/.local/lib/python3.7/site-packages/airflow/example_dags/example_sla_dag.py
[2023-01-10T11:01:30.693+0000] {processor.py:743} INFO - Processing file /home/airflow/.local/lib/python3.7/site-packages/airflow/example_dags/example_sla_dag.py for tasks to queue
[2023-01-10T11:01:30.694+0000] {logging_mixin.py:137} INFO - [2023-01-10T11:01:30.694+0000] {dagbag.py:538} INFO - Filling up the DagBag from /home/airflow/.local/lib/python3.7/site-packages/airflow/example_dags/example_sla_dag.py
[2023-01-10T11:01:30.711+0000] {processor.py:753} INFO - DAG(s) dict_keys(['example_sla_dag']) retrieved from /home/airflow/.local/lib/python3.7/site-packages/airflow/example_dags/example_sla_dag.py
[2023-01-10T11:01:30.739+0000] {logging_mixin.py:137} INFO - [2023-01-10T11:01:30.738+0000] {dag.py:2676} INFO - Sync 1 DAGs
[2023-01-10T11:01:30.758+0000] {logging_mixin.py:137} INFO - [2023-01-10T11:01:30.758+0000] {dag.py:3427} INFO - Setting next_dagrun for example_sla_dag to 2023-01-10T10:58:00+00:00, run_after=2023-01-10T11:00:00+00:00
[2023-01-10T11:01:30.771+0000] {processor.py:175} INFO - Processing /home/airflow/.local/lib/python3.7/site-packages/airflow/example_dags/example_sla_dag.py took 0.080 seconds
[2023-01-10T11:02:01.110+0000] {processor.py:153} INFO - Started process (PID=1259) to work on /home/airflow/.local/lib/python3.7/site-packages/airflow/example_dags/example_sla_dag.py
[2023-01-10T11:02:01.110+0000] {processor.py:743} INFO - Processing file /home/airflow/.local/lib/python3.7/site-packages/airflow/example_dags/example_sla_dag.py for tasks to queue
[2023-01-10T11:02:01.111+0000] {logging_mixin.py:137} INFO - [2023-01-10T11:02:01.111+0000] {dagbag.py:538} INFO - Filling up the DagBag from /home/airflow/.local/lib/python3.7/site-packages/airflow/example_dags/example_sla_dag.py
[2023-01-10T11:02:01.129+0000] {processor.py:753} INFO - DAG(s) dict_keys(['example_sla_dag']) retrieved from /home/airflow/.local/lib/python3.7/site-packages/airflow/example_dags/example_sla_dag.py
[2023-01-10T11:02:01.163+0000] {logging_mixin.py:137} INFO - [2023-01-10T11:02:01.163+0000] {dag.py:2676} INFO - Sync 1 DAGs
[2023-01-10T11:02:01.193+0000] {logging_mixin.py:137} INFO - [2023-01-10T11:02:01.193+0000] {dag.py:3427} INFO - Setting next_dagrun for example_sla_dag to 2023-01-10T11:00:00+00:00, run_after=2023-01-10T11:02:00+00:00
[2023-01-10T11:02:01.210+0000] {processor.py:175} INFO - Processing /home/airflow/.local/lib/python3.7/site-packages/airflow/example_dags/example_sla_dag.py took 0.103 seconds
[2023-01-10T11:02:32.159+0000] {processor.py:153} INFO - Started process (PID=1329) to work on /home/airflow/.local/lib/python3.7/site-packages/airflow/example_dags/example_sla_dag.py
[2023-01-10T11:02:32.159+0000] {processor.py:743} INFO - Processing file /home/airflow/.local/lib/python3.7/site-packages/airflow/example_dags/example_sla_dag.py for tasks to queue
[2023-01-10T11:02:32.160+0000] {logging_mixin.py:137} INFO - [2023-01-10T11:02:32.159+0000] {dagbag.py:538} INFO - Filling up the DagBag from /home/airflow/.local/lib/python3.7/site-packages/airflow/example_dags/example_sla_dag.py
[2023-01-10T11:02:32.179+0000] {processor.py:753} INFO - DAG(s) dict_keys(['example_sla_dag']) retrieved from /home/airflow/.local/lib/python3.7/site-packages/airflow/example_dags/example_sla_dag.py
[2023-01-10T11:02:32.208+0000] {logging_mixin.py:137} INFO - [2023-01-10T11:02:32.208+0000] {dag.py:2676} INFO - Sync 1 DAGs
[2023-01-10T11:02:32.232+0000] {logging_mixin.py:137} INFO - [2023-01-10T11:02:32.232+0000] {dag.py:3427} INFO - Setting next_dagrun for example_sla_dag to 2023-01-10T11:00:00+00:00, run_after=2023-01-10T11:02:00+00:00
[2023-01-10T11:02:32.244+0000] {processor.py:175} INFO - Processing /home/airflow/.local/lib/python3.7/site-packages/airflow/example_dags/example_sla_dag.py took 0.088 seconds
[2023-01-10T11:03:02.352+0000] {processor.py:153} INFO - Started process (PID=1415) to work on /home/airflow/.local/lib/python3.7/site-packages/airflow/example_dags/example_sla_dag.py
[2023-01-10T11:03:02.352+0000] {processor.py:743} INFO - Processing file /home/airflow/.local/lib/python3.7/site-packages/airflow/example_dags/example_sla_dag.py for tasks to queue
[2023-01-10T11:03:02.353+0000] {logging_mixin.py:137} INFO - [2023-01-10T11:03:02.353+0000] {dagbag.py:538} INFO - Filling up the DagBag from /home/airflow/.local/lib/python3.7/site-packages/airflow/example_dags/example_sla_dag.py
[2023-01-10T11:03:02.372+0000] {processor.py:753} INFO - DAG(s) dict_keys(['example_sla_dag']) retrieved from /home/airflow/.local/lib/python3.7/site-packages/airflow/example_dags/example_sla_dag.py
[2023-01-10T11:03:02.402+0000] {logging_mixin.py:137} INFO - [2023-01-10T11:03:02.402+0000] {dag.py:2676} INFO - Sync 1 DAGs
[2023-01-10T11:03:02.432+0000] {logging_mixin.py:137} INFO - [2023-01-10T11:03:02.432+0000] {dag.py:3427} INFO - Setting next_dagrun for example_sla_dag to 2023-01-10T11:00:00+00:00, run_after=2023-01-10T11:02:00+00:00
[2023-01-10T11:03:02.447+0000] {processor.py:175} INFO - Processing /home/airflow/.local/lib/python3.7/site-packages/airflow/example_dags/example_sla_dag.py took 0.097 seconds
[2023-01-10T11:03:33.339+0000] {processor.py:153} INFO - Started process (PID=1486) to work on /home/airflow/.local/lib/python3.7/site-packages/airflow/example_dags/example_sla_dag.py
[2023-01-10T11:03:33.340+0000] {processor.py:743} INFO - Processing file /home/airflow/.local/lib/python3.7/site-packages/airflow/example_dags/example_sla_dag.py for tasks to queue
[2023-01-10T11:03:33.340+0000] {logging_mixin.py:137} INFO - [2023-01-10T11:03:33.340+0000] {dagbag.py:538} INFO - Filling up the DagBag from /home/airflow/.local/lib/python3.7/site-packages/airflow/example_dags/example_sla_dag.py
[2023-01-10T11:03:33.359+0000] {processor.py:753} INFO - DAG(s) dict_keys(['example_sla_dag']) retrieved from /home/airflow/.local/lib/python3.7/site-packages/airflow/example_dags/example_sla_dag.py
[2023-01-10T11:03:33.400+0000] {logging_mixin.py:137} INFO - [2023-01-10T11:03:33.400+0000] {dag.py:2676} INFO - Sync 1 DAGs
[2023-01-10T11:03:33.432+0000] {logging_mixin.py:137} INFO - [2023-01-10T11:03:33.431+0000] {dag.py:3427} INFO - Setting next_dagrun for example_sla_dag to 2023-01-10T11:00:00+00:00, run_after=2023-01-10T11:02:00+00:00
[2023-01-10T11:03:33.455+0000] {processor.py:175} INFO - Processing /home/airflow/.local/lib/python3.7/site-packages/airflow/example_dags/example_sla_dag.py took 0.119 seconds
[2023-01-10T11:04:03.751+0000] {processor.py:153} INFO - Started process (PID=1572) to work on /home/airflow/.local/lib/python3.7/site-packages/airflow/example_dags/example_sla_dag.py
[2023-01-10T11:04:03.751+0000] {processor.py:743} INFO - Processing file /home/airflow/.local/lib/python3.7/site-packages/airflow/example_dags/example_sla_dag.py for tasks to queue
[2023-01-10T11:04:03.752+0000] {logging_mixin.py:137} INFO - [2023-01-10T11:04:03.752+0000] {dagbag.py:538} INFO - Filling up the DagBag from /home/airflow/.local/lib/python3.7/site-packages/airflow/example_dags/example_sla_dag.py
[2023-01-10T11:04:03.770+0000] {processor.py:753} INFO - DAG(s) dict_keys(['example_sla_dag']) retrieved from /home/airflow/.local/lib/python3.7/site-packages/airflow/example_dags/example_sla_dag.py
[2023-01-10T11:04:03.797+0000] {logging_mixin.py:137} INFO - [2023-01-10T11:04:03.797+0000] {dag.py:2676} INFO - Sync 1 DAGs
[2023-01-10T11:04:03.818+0000] {logging_mixin.py:137} INFO - [2023-01-10T11:04:03.817+0000] {dag.py:3427} INFO - Setting next_dagrun for example_sla_dag to 2023-01-10T11:02:00+00:00, run_after=2023-01-10T11:04:00+00:00
[2023-01-10T11:04:03.832+0000] {processor.py:175} INFO - Processing /home/airflow/.local/lib/python3.7/site-packages/airflow/example_dags/example_sla_dag.py took 0.083 seconds
[2023-01-10T11:04:34.765+0000] {processor.py:153} INFO - Started process (PID=1642) to work on /home/airflow/.local/lib/python3.7/site-packages/airflow/example_dags/example_sla_dag.py
[2023-01-10T11:04:34.766+0000] {processor.py:743} INFO - Processing file /home/airflow/.local/lib/python3.7/site-packages/airflow/example_dags/example_sla_dag.py for tasks to queue
[2023-01-10T11:04:34.767+0000] {logging_mixin.py:137} INFO - [2023-01-10T11:04:34.767+0000] {dagbag.py:538} INFO - Filling up the DagBag from /home/airflow/.local/lib/python3.7/site-packages/airflow/example_dags/example_sla_dag.py
[2023-01-10T11:04:34.787+0000] {processor.py:753} INFO - DAG(s) dict_keys(['example_sla_dag']) retrieved from /home/airflow/.local/lib/python3.7/site-packages/airflow/example_dags/example_sla_dag.py
[2023-01-10T11:04:34.813+0000] {logging_mixin.py:137} INFO - [2023-01-10T11:04:34.813+0000] {dag.py:2676} INFO - Sync 1 DAGs
[2023-01-10T11:04:34.838+0000] {logging_mixin.py:137} INFO - [2023-01-10T11:04:34.838+0000] {dag.py:3427} INFO - Setting next_dagrun for example_sla_dag to 2023-01-10T11:02:00+00:00, run_after=2023-01-10T11:04:00+00:00
[2023-01-10T11:04:34.855+0000] {processor.py:175} INFO - Processing /home/airflow/.local/lib/python3.7/site-packages/airflow/example_dags/example_sla_dag.py took 0.092 seconds
[2023-01-10T11:05:04.997+0000] {processor.py:153} INFO - Started process (PID=1729) to work on /home/airflow/.local/lib/python3.7/site-packages/airflow/example_dags/example_sla_dag.py
[2023-01-10T11:05:04.998+0000] {processor.py:743} INFO - Processing file /home/airflow/.local/lib/python3.7/site-packages/airflow/example_dags/example_sla_dag.py for tasks to queue
[2023-01-10T11:05:04.998+0000] {logging_mixin.py:137} INFO - [2023-01-10T11:05:04.998+0000] {dagbag.py:538} INFO - Filling up the DagBag from /home/airflow/.local/lib/python3.7/site-packages/airflow/example_dags/example_sla_dag.py
[2023-01-10T11:05:05.016+0000] {processor.py:753} INFO - DAG(s) dict_keys(['example_sla_dag']) retrieved from /home/airflow/.local/lib/python3.7/site-packages/airflow/example_dags/example_sla_dag.py
[2023-01-10T11:05:05.049+0000] {logging_mixin.py:137} INFO - [2023-01-10T11:05:05.048+0000] {dag.py:2676} INFO - Sync 1 DAGs
[2023-01-10T11:05:05.077+0000] {logging_mixin.py:137} INFO - [2023-01-10T11:05:05.077+0000] {dag.py:3427} INFO - Setting next_dagrun for example_sla_dag to 2023-01-10T11:02:00+00:00, run_after=2023-01-10T11:04:00+00:00
[2023-01-10T11:05:05.093+0000] {processor.py:175} INFO - Processing /home/airflow/.local/lib/python3.7/site-packages/airflow/example_dags/example_sla_dag.py took 0.098 seconds
[2023-01-10T11:05:35.124+0000] {processor.py:153} INFO - Started process (PID=1815) to work on /home/airflow/.local/lib/python3.7/site-packages/airflow/example_dags/example_sla_dag.py
[2023-01-10T11:05:35.124+0000] {processor.py:743} INFO - Processing file /home/airflow/.local/lib/python3.7/site-packages/airflow/example_dags/example_sla_dag.py for tasks to queue
[2023-01-10T11:05:35.125+0000] {logging_mixin.py:137} INFO - [2023-01-10T11:05:35.125+0000] {dagbag.py:538} INFO - Filling up the DagBag from /home/airflow/.local/lib/python3.7/site-packages/airflow/example_dags/example_sla_dag.py
[2023-01-10T11:05:35.142+0000] {processor.py:753} INFO - DAG(s) dict_keys(['example_sla_dag']) retrieved from /home/airflow/.local/lib/python3.7/site-packages/airflow/example_dags/example_sla_dag.py
[2023-01-10T11:05:35.176+0000] {logging_mixin.py:137} INFO - [2023-01-10T11:05:35.176+0000] {dag.py:2676} INFO - Sync 1 DAGs
[2023-01-10T11:05:35.201+0000] {logging_mixin.py:137} INFO - [2023-01-10T11:05:35.201+0000] {dag.py:3427} INFO - Setting next_dagrun for example_sla_dag to 2023-01-10T11:02:00+00:00, run_after=2023-01-10T11:04:00+00:00
[2023-01-10T11:05:35.215+0000] {processor.py:175} INFO - Processing /home/airflow/.local/lib/python3.7/site-packages/airflow/example_dags/example_sla_dag.py took 0.093 seconds
[2023-01-10T11:06:05.238+0000] {processor.py:153} INFO - Started process (PID=1885) to work on /home/airflow/.local/lib/python3.7/site-packages/airflow/example_dags/example_sla_dag.py
[2023-01-10T11:06:05.238+0000] {processor.py:743} INFO - Processing file /home/airflow/.local/lib/python3.7/site-packages/airflow/example_dags/example_sla_dag.py for tasks to queue
[2023-01-10T11:06:05.239+0000] {logging_mixin.py:137} INFO - [2023-01-10T11:06:05.239+0000] {dagbag.py:538} INFO - Filling up the DagBag from /home/airflow/.local/lib/python3.7/site-packages/airflow/example_dags/example_sla_dag.py
[2023-01-10T11:06:05.258+0000] {processor.py:753} INFO - DAG(s) dict_keys(['example_sla_dag']) retrieved from /home/airflow/.local/lib/python3.7/site-packages/airflow/example_dags/example_sla_dag.py
[2023-01-10T11:06:05.284+0000] {logging_mixin.py:137} INFO - [2023-01-10T11:06:05.284+0000] {dag.py:2676} INFO - Sync 1 DAGs
[2023-01-10T11:06:05.307+0000] {logging_mixin.py:137} INFO - [2023-01-10T11:06:05.307+0000] {dag.py:3427} INFO - Setting next_dagrun for example_sla_dag to 2023-01-10T11:04:00+00:00, run_after=2023-01-10T11:06:00+00:00
[2023-01-10T11:06:05.323+0000] {processor.py:175} INFO - Processing /home/airflow/.local/lib/python3.7/site-packages/airflow/example_dags/example_sla_dag.py took 0.087 seconds
[2023-01-10T11:06:35.713+0000] {processor.py:153} INFO - Started process (PID=1970) to work on /home/airflow/.local/lib/python3.7/site-packages/airflow/example_dags/example_sla_dag.py
[2023-01-10T11:06:35.714+0000] {processor.py:743} INFO - Processing file /home/airflow/.local/lib/python3.7/site-packages/airflow/example_dags/example_sla_dag.py for tasks to queue
[2023-01-10T11:06:35.714+0000] {logging_mixin.py:137} INFO - [2023-01-10T11:06:35.714+0000] {dagbag.py:538} INFO - Filling up the DagBag from /home/airflow/.local/lib/python3.7/site-packages/airflow/example_dags/example_sla_dag.py
[2023-01-10T11:06:35.740+0000] {processor.py:753} INFO - DAG(s) dict_keys(['example_sla_dag']) retrieved from /home/airflow/.local/lib/python3.7/site-packages/airflow/example_dags/example_sla_dag.py
[2023-01-10T11:06:35.774+0000] {logging_mixin.py:137} INFO - [2023-01-10T11:06:35.774+0000] {dag.py:2676} INFO - Sync 1 DAGs
[2023-01-10T11:06:35.800+0000] {logging_mixin.py:137} INFO - [2023-01-10T11:06:35.799+0000] {dag.py:3427} INFO - Setting next_dagrun for example_sla_dag to 2023-01-10T11:04:00+00:00, run_after=2023-01-10T11:06:00+00:00
[2023-01-10T11:06:35.815+0000] {processor.py:175} INFO - Processing /home/airflow/.local/lib/python3.7/site-packages/airflow/example_dags/example_sla_dag.py took 0.104 seconds
[2023-01-10T11:07:05.927+0000] {processor.py:153} INFO - Started process (PID=2040) to work on /home/airflow/.local/lib/python3.7/site-packages/airflow/example_dags/example_sla_dag.py
[2023-01-10T11:07:05.927+0000] {processor.py:743} INFO - Processing file /home/airflow/.local/lib/python3.7/site-packages/airflow/example_dags/example_sla_dag.py for tasks to queue
[2023-01-10T11:07:05.928+0000] {logging_mixin.py:137} INFO - [2023-01-10T11:07:05.928+0000] {dagbag.py:538} INFO - Filling up the DagBag from /home/airflow/.local/lib/python3.7/site-packages/airflow/example_dags/example_sla_dag.py
[2023-01-10T11:07:05.944+0000] {processor.py:753} INFO - DAG(s) dict_keys(['example_sla_dag']) retrieved from /home/airflow/.local/lib/python3.7/site-packages/airflow/example_dags/example_sla_dag.py
[2023-01-10T11:07:05.974+0000] {logging_mixin.py:137} INFO - [2023-01-10T11:07:05.974+0000] {dag.py:2676} INFO - Sync 1 DAGs
[2023-01-10T11:07:05.999+0000] {logging_mixin.py:137} INFO - [2023-01-10T11:07:05.999+0000] {dag.py:3427} INFO - Setting next_dagrun for example_sla_dag to 2023-01-10T11:04:00+00:00, run_after=2023-01-10T11:06:00+00:00
[2023-01-10T11:07:06.016+0000] {processor.py:175} INFO - Processing /home/airflow/.local/lib/python3.7/site-packages/airflow/example_dags/example_sla_dag.py took 0.092 seconds
[2023-01-10T11:07:36.301+0000] {processor.py:153} INFO - Started process (PID=2126) to work on /home/airflow/.local/lib/python3.7/site-packages/airflow/example_dags/example_sla_dag.py
[2023-01-10T11:07:36.302+0000] {processor.py:743} INFO - Processing file /home/airflow/.local/lib/python3.7/site-packages/airflow/example_dags/example_sla_dag.py for tasks to queue
[2023-01-10T11:07:36.302+0000] {logging_mixin.py:137} INFO - [2023-01-10T11:07:36.302+0000] {dagbag.py:538} INFO - Filling up the DagBag from /home/airflow/.local/lib/python3.7/site-packages/airflow/example_dags/example_sla_dag.py
[2023-01-10T11:07:36.318+0000] {processor.py:753} INFO - DAG(s) dict_keys(['example_sla_dag']) retrieved from /home/airflow/.local/lib/python3.7/site-packages/airflow/example_dags/example_sla_dag.py
[2023-01-10T11:07:36.347+0000] {logging_mixin.py:137} INFO - [2023-01-10T11:07:36.347+0000] {dag.py:2676} INFO - Sync 1 DAGs
[2023-01-10T11:07:36.368+0000] {logging_mixin.py:137} INFO - [2023-01-10T11:07:36.368+0000] {dag.py:3427} INFO - Setting next_dagrun for example_sla_dag to 2023-01-10T11:04:00+00:00, run_after=2023-01-10T11:06:00+00:00
[2023-01-10T11:07:36.381+0000] {processor.py:175} INFO - Processing /home/airflow/.local/lib/python3.7/site-packages/airflow/example_dags/example_sla_dag.py took 0.083 seconds
[2023-01-10T11:08:06.519+0000] {processor.py:153} INFO - Started process (PID=2196) to work on /home/airflow/.local/lib/python3.7/site-packages/airflow/example_dags/example_sla_dag.py
[2023-01-10T11:08:06.520+0000] {processor.py:743} INFO - Processing file /home/airflow/.local/lib/python3.7/site-packages/airflow/example_dags/example_sla_dag.py for tasks to queue
[2023-01-10T11:08:06.520+0000] {logging_mixin.py:137} INFO - [2023-01-10T11:08:06.520+0000] {dagbag.py:538} INFO - Filling up the DagBag from /home/airflow/.local/lib/python3.7/site-packages/airflow/example_dags/example_sla_dag.py
[2023-01-10T11:08:06.537+0000] {processor.py:753} INFO - DAG(s) dict_keys(['example_sla_dag']) retrieved from /home/airflow/.local/lib/python3.7/site-packages/airflow/example_dags/example_sla_dag.py
[2023-01-10T11:08:06.565+0000] {logging_mixin.py:137} INFO - [2023-01-10T11:08:06.564+0000] {dag.py:2676} INFO - Sync 1 DAGs
[2023-01-10T11:08:06.585+0000] {logging_mixin.py:137} INFO - [2023-01-10T11:08:06.585+0000] {dag.py:3427} INFO - Setting next_dagrun for example_sla_dag to 2023-01-10T11:06:00+00:00, run_after=2023-01-10T11:08:00+00:00
[2023-01-10T11:08:06.600+0000] {processor.py:175} INFO - Processing /home/airflow/.local/lib/python3.7/site-packages/airflow/example_dags/example_sla_dag.py took 0.083 seconds
[2023-01-10T11:08:36.658+0000] {processor.py:153} INFO - Started process (PID=2282) to work on /home/airflow/.local/lib/python3.7/site-packages/airflow/example_dags/example_sla_dag.py
[2023-01-10T11:08:36.658+0000] {processor.py:743} INFO - Processing file /home/airflow/.local/lib/python3.7/site-packages/airflow/example_dags/example_sla_dag.py for tasks to queue
[2023-01-10T11:08:36.658+0000] {logging_mixin.py:137} INFO - [2023-01-10T11:08:36.658+0000] {dagbag.py:538} INFO - Filling up the DagBag from /home/airflow/.local/lib/python3.7/site-packages/airflow/example_dags/example_sla_dag.py
[2023-01-10T11:08:36.678+0000] {processor.py:753} INFO - DAG(s) dict_keys(['example_sla_dag']) retrieved from /home/airflow/.local/lib/python3.7/site-packages/airflow/example_dags/example_sla_dag.py
[2023-01-10T11:08:36.704+0000] {logging_mixin.py:137} INFO - [2023-01-10T11:08:36.704+0000] {dag.py:2676} INFO - Sync 1 DAGs
[2023-01-10T11:08:36.728+0000] {logging_mixin.py:137} INFO - [2023-01-10T11:08:36.728+0000] {dag.py:3427} INFO - Setting next_dagrun for example_sla_dag to 2023-01-10T11:06:00+00:00, run_after=2023-01-10T11:08:00+00:00
[2023-01-10T11:08:36.741+0000] {processor.py:175} INFO - Processing /home/airflow/.local/lib/python3.7/site-packages/airflow/example_dags/example_sla_dag.py took 0.085 seconds
[2023-01-10T11:09:06.803+0000] {processor.py:153} INFO - Started process (PID=2352) to work on /home/airflow/.local/lib/python3.7/site-packages/airflow/example_dags/example_sla_dag.py
[2023-01-10T11:09:06.804+0000] {processor.py:743} INFO - Processing file /home/airflow/.local/lib/python3.7/site-packages/airflow/example_dags/example_sla_dag.py for tasks to queue
[2023-01-10T11:09:06.805+0000] {logging_mixin.py:137} INFO - [2023-01-10T11:09:06.804+0000] {dagbag.py:538} INFO - Filling up the DagBag from /home/airflow/.local/lib/python3.7/site-packages/airflow/example_dags/example_sla_dag.py
[2023-01-10T11:09:06.823+0000] {processor.py:753} INFO - DAG(s) dict_keys(['example_sla_dag']) retrieved from /home/airflow/.local/lib/python3.7/site-packages/airflow/example_dags/example_sla_dag.py
[2023-01-10T11:09:06.852+0000] {logging_mixin.py:137} INFO - [2023-01-10T11:09:06.852+0000] {dag.py:2676} INFO - Sync 1 DAGs
[2023-01-10T11:09:06.876+0000] {logging_mixin.py:137} INFO - [2023-01-10T11:09:06.876+0000] {dag.py:3427} INFO - Setting next_dagrun for example_sla_dag to 2023-01-10T11:06:00+00:00, run_after=2023-01-10T11:08:00+00:00
[2023-01-10T11:09:06.890+0000] {processor.py:175} INFO - Processing /home/airflow/.local/lib/python3.7/site-packages/airflow/example_dags/example_sla_dag.py took 0.088 seconds
[2023-01-10T11:09:37.308+0000] {processor.py:153} INFO - Started process (PID=2437) to work on /home/airflow/.local/lib/python3.7/site-packages/airflow/example_dags/example_sla_dag.py
[2023-01-10T11:09:37.309+0000] {processor.py:743} INFO - Processing file /home/airflow/.local/lib/python3.7/site-packages/airflow/example_dags/example_sla_dag.py for tasks to queue
[2023-01-10T11:09:37.310+0000] {logging_mixin.py:137} INFO - [2023-01-10T11:09:37.310+0000] {dagbag.py:538} INFO - Filling up the DagBag from /home/airflow/.local/lib/python3.7/site-packages/airflow/example_dags/example_sla_dag.py
[2023-01-10T11:09:37.329+0000] {processor.py:753} INFO - DAG(s) dict_keys(['example_sla_dag']) retrieved from /home/airflow/.local/lib/python3.7/site-packages/airflow/example_dags/example_sla_dag.py
[2023-01-10T11:09:37.356+0000] {logging_mixin.py:137} INFO - [2023-01-10T11:09:37.355+0000] {dag.py:2676} INFO - Sync 1 DAGs
[2023-01-10T11:09:37.377+0000] {logging_mixin.py:137} INFO - [2023-01-10T11:09:37.377+0000] {dag.py:3427} INFO - Setting next_dagrun for example_sla_dag to 2023-01-10T11:06:00+00:00, run_after=2023-01-10T11:08:00+00:00
[2023-01-10T11:09:37.391+0000] {processor.py:175} INFO - Processing /home/airflow/.local/lib/python3.7/site-packages/airflow/example_dags/example_sla_dag.py took 0.085 seconds
[2023-01-10T11:10:08.271+0000] {processor.py:153} INFO - Started process (PID=2507) to work on /home/airflow/.local/lib/python3.7/site-packages/airflow/example_dags/example_sla_dag.py
[2023-01-10T11:10:08.272+0000] {processor.py:743} INFO - Processing file /home/airflow/.local/lib/python3.7/site-packages/airflow/example_dags/example_sla_dag.py for tasks to queue
[2023-01-10T11:10:08.273+0000] {logging_mixin.py:137} INFO - [2023-01-10T11:10:08.272+0000] {dagbag.py:538} INFO - Filling up the DagBag from /home/airflow/.local/lib/python3.7/site-packages/airflow/example_dags/example_sla_dag.py
[2023-01-10T11:10:08.292+0000] {processor.py:753} INFO - DAG(s) dict_keys(['example_sla_dag']) retrieved from /home/airflow/.local/lib/python3.7/site-packages/airflow/example_dags/example_sla_dag.py
[2023-01-10T11:10:08.320+0000] {logging_mixin.py:137} INFO - [2023-01-10T11:10:08.320+0000] {dag.py:2676} INFO - Sync 1 DAGs
[2023-01-10T11:10:08.343+0000] {logging_mixin.py:137} INFO - [2023-01-10T11:10:08.343+0000] {dag.py:3427} INFO - Setting next_dagrun for example_sla_dag to 2023-01-10T11:08:00+00:00, run_after=2023-01-10T11:10:00+00:00
[2023-01-10T11:10:08.358+0000] {processor.py:175} INFO - Processing /home/airflow/.local/lib/python3.7/site-packages/airflow/example_dags/example_sla_dag.py took 0.089 seconds
