[2023-01-10T10:54:23.611+0000] {processor.py:153} INFO - Started process (PID=80) to work on /home/airflow/.local/lib/python3.7/site-packages/airflow/example_dags/example_branch_labels.py
[2023-01-10T10:54:23.612+0000] {processor.py:743} INFO - Processing file /home/airflow/.local/lib/python3.7/site-packages/airflow/example_dags/example_branch_labels.py for tasks to queue
[2023-01-10T10:54:23.612+0000] {logging_mixin.py:137} INFO - [2023-01-10T10:54:23.612+0000] {dagbag.py:538} INFO - Filling up the DagBag from /home/airflow/.local/lib/python3.7/site-packages/airflow/example_dags/example_branch_labels.py
[2023-01-10T10:54:23.623+0000] {processor.py:753} INFO - DAG(s) dict_keys(['example_branch_labels']) retrieved from /home/airflow/.local/lib/python3.7/site-packages/airflow/example_dags/example_branch_labels.py
[2023-01-10T10:54:23.719+0000] {logging_mixin.py:137} INFO - [2023-01-10T10:54:23.718+0000] {manager.py:504} INFO - Created Permission View: can delete on DAG:example_branch_labels
[2023-01-10T10:54:23.725+0000] {logging_mixin.py:137} INFO - [2023-01-10T10:54:23.725+0000] {manager.py:504} INFO - Created Permission View: can read on DAG:example_branch_labels
[2023-01-10T10:54:23.730+0000] {logging_mixin.py:137} INFO - [2023-01-10T10:54:23.730+0000] {manager.py:504} INFO - Created Permission View: can edit on DAG:example_branch_labels
[2023-01-10T10:54:23.730+0000] {logging_mixin.py:137} INFO - [2023-01-10T10:54:23.730+0000] {dag.py:2676} INFO - Sync 1 DAGs
[2023-01-10T10:54:23.744+0000] {logging_mixin.py:137} INFO - [2023-01-10T10:54:23.743+0000] {dag.py:2697} INFO - Creating ORM DAG for example_branch_labels
[2023-01-10T10:54:23.755+0000] {logging_mixin.py:137} INFO - [2023-01-10T10:54:23.755+0000] {dag.py:3427} INFO - Setting next_dagrun for example_branch_labels to 2023-01-09T00:00:00+00:00, run_after=2023-01-10T00:00:00+00:00
[2023-01-10T10:54:23.772+0000] {processor.py:175} INFO - Processing /home/airflow/.local/lib/python3.7/site-packages/airflow/example_dags/example_branch_labels.py took 0.162 seconds
[2023-01-10T10:54:54.379+0000] {processor.py:153} INFO - Started process (PID=150) to work on /home/airflow/.local/lib/python3.7/site-packages/airflow/example_dags/example_branch_labels.py
[2023-01-10T10:54:54.379+0000] {processor.py:743} INFO - Processing file /home/airflow/.local/lib/python3.7/site-packages/airflow/example_dags/example_branch_labels.py for tasks to queue
[2023-01-10T10:54:54.380+0000] {logging_mixin.py:137} INFO - [2023-01-10T10:54:54.380+0000] {dagbag.py:538} INFO - Filling up the DagBag from /home/airflow/.local/lib/python3.7/site-packages/airflow/example_dags/example_branch_labels.py
[2023-01-10T10:54:54.393+0000] {processor.py:753} INFO - DAG(s) dict_keys(['example_branch_labels']) retrieved from /home/airflow/.local/lib/python3.7/site-packages/airflow/example_dags/example_branch_labels.py
[2023-01-10T10:54:54.420+0000] {logging_mixin.py:137} INFO - [2023-01-10T10:54:54.420+0000] {dag.py:2676} INFO - Sync 1 DAGs
[2023-01-10T10:54:54.441+0000] {logging_mixin.py:137} INFO - [2023-01-10T10:54:54.441+0000] {dag.py:3427} INFO - Setting next_dagrun for example_branch_labels to 2023-01-09T00:00:00+00:00, run_after=2023-01-10T00:00:00+00:00
[2023-01-10T10:54:54.454+0000] {processor.py:175} INFO - Processing /home/airflow/.local/lib/python3.7/site-packages/airflow/example_dags/example_branch_labels.py took 0.077 seconds
[2023-01-10T10:55:24.942+0000] {processor.py:153} INFO - Started process (PID=237) to work on /home/airflow/.local/lib/python3.7/site-packages/airflow/example_dags/example_branch_labels.py
[2023-01-10T10:55:24.943+0000] {processor.py:743} INFO - Processing file /home/airflow/.local/lib/python3.7/site-packages/airflow/example_dags/example_branch_labels.py for tasks to queue
[2023-01-10T10:55:24.944+0000] {logging_mixin.py:137} INFO - [2023-01-10T10:55:24.944+0000] {dagbag.py:538} INFO - Filling up the DagBag from /home/airflow/.local/lib/python3.7/site-packages/airflow/example_dags/example_branch_labels.py
[2023-01-10T10:55:24.964+0000] {processor.py:753} INFO - DAG(s) dict_keys(['example_branch_labels']) retrieved from /home/airflow/.local/lib/python3.7/site-packages/airflow/example_dags/example_branch_labels.py
[2023-01-10T10:55:25.008+0000] {logging_mixin.py:137} INFO - [2023-01-10T10:55:25.007+0000] {dag.py:2676} INFO - Sync 1 DAGs
[2023-01-10T10:55:25.047+0000] {logging_mixin.py:137} INFO - [2023-01-10T10:55:25.047+0000] {dag.py:3427} INFO - Setting next_dagrun for example_branch_labels to 2023-01-09T00:00:00+00:00, run_after=2023-01-10T00:00:00+00:00
[2023-01-10T10:55:25.072+0000] {processor.py:175} INFO - Processing /home/airflow/.local/lib/python3.7/site-packages/airflow/example_dags/example_branch_labels.py took 0.133 seconds
[2023-01-10T10:55:55.110+0000] {processor.py:153} INFO - Started process (PID=308) to work on /home/airflow/.local/lib/python3.7/site-packages/airflow/example_dags/example_branch_labels.py
[2023-01-10T10:55:55.110+0000] {processor.py:743} INFO - Processing file /home/airflow/.local/lib/python3.7/site-packages/airflow/example_dags/example_branch_labels.py for tasks to queue
[2023-01-10T10:55:55.111+0000] {logging_mixin.py:137} INFO - [2023-01-10T10:55:55.111+0000] {dagbag.py:538} INFO - Filling up the DagBag from /home/airflow/.local/lib/python3.7/site-packages/airflow/example_dags/example_branch_labels.py
[2023-01-10T10:55:55.122+0000] {processor.py:753} INFO - DAG(s) dict_keys(['example_branch_labels']) retrieved from /home/airflow/.local/lib/python3.7/site-packages/airflow/example_dags/example_branch_labels.py
[2023-01-10T10:55:55.148+0000] {logging_mixin.py:137} INFO - [2023-01-10T10:55:55.148+0000] {dag.py:2676} INFO - Sync 1 DAGs
[2023-01-10T10:55:55.168+0000] {logging_mixin.py:137} INFO - [2023-01-10T10:55:55.168+0000] {dag.py:3427} INFO - Setting next_dagrun for example_branch_labels to 2023-01-09T00:00:00+00:00, run_after=2023-01-10T00:00:00+00:00
[2023-01-10T10:55:55.181+0000] {processor.py:175} INFO - Processing /home/airflow/.local/lib/python3.7/site-packages/airflow/example_dags/example_branch_labels.py took 0.072 seconds
[2023-01-10T10:56:25.307+0000] {processor.py:153} INFO - Started process (PID=394) to work on /home/airflow/.local/lib/python3.7/site-packages/airflow/example_dags/example_branch_labels.py
[2023-01-10T10:56:25.308+0000] {processor.py:743} INFO - Processing file /home/airflow/.local/lib/python3.7/site-packages/airflow/example_dags/example_branch_labels.py for tasks to queue
[2023-01-10T10:56:25.308+0000] {logging_mixin.py:137} INFO - [2023-01-10T10:56:25.308+0000] {dagbag.py:538} INFO - Filling up the DagBag from /home/airflow/.local/lib/python3.7/site-packages/airflow/example_dags/example_branch_labels.py
[2023-01-10T10:56:25.319+0000] {processor.py:753} INFO - DAG(s) dict_keys(['example_branch_labels']) retrieved from /home/airflow/.local/lib/python3.7/site-packages/airflow/example_dags/example_branch_labels.py
[2023-01-10T10:56:25.352+0000] {logging_mixin.py:137} INFO - [2023-01-10T10:56:25.352+0000] {dag.py:2676} INFO - Sync 1 DAGs
[2023-01-10T10:56:25.376+0000] {logging_mixin.py:137} INFO - [2023-01-10T10:56:25.375+0000] {dag.py:3427} INFO - Setting next_dagrun for example_branch_labels to 2023-01-09T00:00:00+00:00, run_after=2023-01-10T00:00:00+00:00
[2023-01-10T10:56:25.392+0000] {processor.py:175} INFO - Processing /home/airflow/.local/lib/python3.7/site-packages/airflow/example_dags/example_branch_labels.py took 0.087 seconds
[2023-01-10T10:56:56.302+0000] {processor.py:153} INFO - Started process (PID=464) to work on /home/airflow/.local/lib/python3.7/site-packages/airflow/example_dags/example_branch_labels.py
[2023-01-10T10:56:56.303+0000] {processor.py:743} INFO - Processing file /home/airflow/.local/lib/python3.7/site-packages/airflow/example_dags/example_branch_labels.py for tasks to queue
[2023-01-10T10:56:56.304+0000] {logging_mixin.py:137} INFO - [2023-01-10T10:56:56.304+0000] {dagbag.py:538} INFO - Filling up the DagBag from /home/airflow/.local/lib/python3.7/site-packages/airflow/example_dags/example_branch_labels.py
[2023-01-10T10:56:56.315+0000] {processor.py:753} INFO - DAG(s) dict_keys(['example_branch_labels']) retrieved from /home/airflow/.local/lib/python3.7/site-packages/airflow/example_dags/example_branch_labels.py
[2023-01-10T10:56:56.346+0000] {logging_mixin.py:137} INFO - [2023-01-10T10:56:56.345+0000] {dag.py:2676} INFO - Sync 1 DAGs
[2023-01-10T10:56:56.367+0000] {logging_mixin.py:137} INFO - [2023-01-10T10:56:56.367+0000] {dag.py:3427} INFO - Setting next_dagrun for example_branch_labels to 2023-01-09T00:00:00+00:00, run_after=2023-01-10T00:00:00+00:00
[2023-01-10T10:56:56.380+0000] {processor.py:175} INFO - Processing /home/airflow/.local/lib/python3.7/site-packages/airflow/example_dags/example_branch_labels.py took 0.081 seconds
[2023-01-10T10:57:26.583+0000] {processor.py:153} INFO - Started process (PID=550) to work on /home/airflow/.local/lib/python3.7/site-packages/airflow/example_dags/example_branch_labels.py
[2023-01-10T10:57:26.584+0000] {processor.py:743} INFO - Processing file /home/airflow/.local/lib/python3.7/site-packages/airflow/example_dags/example_branch_labels.py for tasks to queue
[2023-01-10T10:57:26.584+0000] {logging_mixin.py:137} INFO - [2023-01-10T10:57:26.584+0000] {dagbag.py:538} INFO - Filling up the DagBag from /home/airflow/.local/lib/python3.7/site-packages/airflow/example_dags/example_branch_labels.py
[2023-01-10T10:57:26.597+0000] {processor.py:753} INFO - DAG(s) dict_keys(['example_branch_labels']) retrieved from /home/airflow/.local/lib/python3.7/site-packages/airflow/example_dags/example_branch_labels.py
[2023-01-10T10:57:26.625+0000] {logging_mixin.py:137} INFO - [2023-01-10T10:57:26.625+0000] {dag.py:2676} INFO - Sync 1 DAGs
[2023-01-10T10:57:26.648+0000] {logging_mixin.py:137} INFO - [2023-01-10T10:57:26.648+0000] {dag.py:3427} INFO - Setting next_dagrun for example_branch_labels to 2023-01-09T00:00:00+00:00, run_after=2023-01-10T00:00:00+00:00
[2023-01-10T10:57:26.661+0000] {processor.py:175} INFO - Processing /home/airflow/.local/lib/python3.7/site-packages/airflow/example_dags/example_branch_labels.py took 0.080 seconds
[2023-01-10T10:57:57.579+0000] {processor.py:153} INFO - Started process (PID=620) to work on /home/airflow/.local/lib/python3.7/site-packages/airflow/example_dags/example_branch_labels.py
[2023-01-10T10:57:57.580+0000] {processor.py:743} INFO - Processing file /home/airflow/.local/lib/python3.7/site-packages/airflow/example_dags/example_branch_labels.py for tasks to queue
[2023-01-10T10:57:57.580+0000] {logging_mixin.py:137} INFO - [2023-01-10T10:57:57.580+0000] {dagbag.py:538} INFO - Filling up the DagBag from /home/airflow/.local/lib/python3.7/site-packages/airflow/example_dags/example_branch_labels.py
[2023-01-10T10:57:57.591+0000] {processor.py:753} INFO - DAG(s) dict_keys(['example_branch_labels']) retrieved from /home/airflow/.local/lib/python3.7/site-packages/airflow/example_dags/example_branch_labels.py
[2023-01-10T10:57:57.620+0000] {logging_mixin.py:137} INFO - [2023-01-10T10:57:57.620+0000] {dag.py:2676} INFO - Sync 1 DAGs
[2023-01-10T10:57:57.639+0000] {logging_mixin.py:137} INFO - [2023-01-10T10:57:57.639+0000] {dag.py:3427} INFO - Setting next_dagrun for example_branch_labels to 2023-01-09T00:00:00+00:00, run_after=2023-01-10T00:00:00+00:00
[2023-01-10T10:57:57.650+0000] {processor.py:175} INFO - Processing /home/airflow/.local/lib/python3.7/site-packages/airflow/example_dags/example_branch_labels.py took 0.072 seconds
[2023-01-10T10:58:28.550+0000] {processor.py:153} INFO - Started process (PID=706) to work on /home/airflow/.local/lib/python3.7/site-packages/airflow/example_dags/example_branch_labels.py
[2023-01-10T10:58:28.550+0000] {processor.py:743} INFO - Processing file /home/airflow/.local/lib/python3.7/site-packages/airflow/example_dags/example_branch_labels.py for tasks to queue
[2023-01-10T10:58:28.551+0000] {logging_mixin.py:137} INFO - [2023-01-10T10:58:28.551+0000] {dagbag.py:538} INFO - Filling up the DagBag from /home/airflow/.local/lib/python3.7/site-packages/airflow/example_dags/example_branch_labels.py
[2023-01-10T10:58:28.562+0000] {processor.py:753} INFO - DAG(s) dict_keys(['example_branch_labels']) retrieved from /home/airflow/.local/lib/python3.7/site-packages/airflow/example_dags/example_branch_labels.py
[2023-01-10T10:58:28.592+0000] {logging_mixin.py:137} INFO - [2023-01-10T10:58:28.591+0000] {dag.py:2676} INFO - Sync 1 DAGs
[2023-01-10T10:58:28.617+0000] {logging_mixin.py:137} INFO - [2023-01-10T10:58:28.617+0000] {dag.py:3427} INFO - Setting next_dagrun for example_branch_labels to 2023-01-09T00:00:00+00:00, run_after=2023-01-10T00:00:00+00:00
[2023-01-10T10:58:28.628+0000] {processor.py:175} INFO - Processing /home/airflow/.local/lib/python3.7/site-packages/airflow/example_dags/example_branch_labels.py took 0.081 seconds
[2023-01-10T10:58:59.782+0000] {processor.py:153} INFO - Started process (PID=784) to work on /home/airflow/.local/lib/python3.7/site-packages/airflow/example_dags/example_branch_labels.py
[2023-01-10T10:58:59.782+0000] {processor.py:743} INFO - Processing file /home/airflow/.local/lib/python3.7/site-packages/airflow/example_dags/example_branch_labels.py for tasks to queue
[2023-01-10T10:58:59.783+0000] {logging_mixin.py:137} INFO - [2023-01-10T10:58:59.783+0000] {dagbag.py:538} INFO - Filling up the DagBag from /home/airflow/.local/lib/python3.7/site-packages/airflow/example_dags/example_branch_labels.py
[2023-01-10T10:58:59.796+0000] {processor.py:753} INFO - DAG(s) dict_keys(['example_branch_labels']) retrieved from /home/airflow/.local/lib/python3.7/site-packages/airflow/example_dags/example_branch_labels.py
[2023-01-10T10:58:59.838+0000] {logging_mixin.py:137} INFO - [2023-01-10T10:58:59.838+0000] {dag.py:2676} INFO - Sync 1 DAGs
[2023-01-10T10:58:59.873+0000] {logging_mixin.py:137} INFO - [2023-01-10T10:58:59.873+0000] {dag.py:3427} INFO - Setting next_dagrun for example_branch_labels to 2023-01-09T00:00:00+00:00, run_after=2023-01-10T00:00:00+00:00
[2023-01-10T10:58:59.889+0000] {processor.py:175} INFO - Processing /home/airflow/.local/lib/python3.7/site-packages/airflow/example_dags/example_branch_labels.py took 0.109 seconds
[2023-01-10T10:59:30.063+0000] {processor.py:153} INFO - Started process (PID=861) to work on /home/airflow/.local/lib/python3.7/site-packages/airflow/example_dags/example_branch_labels.py
[2023-01-10T10:59:30.064+0000] {processor.py:743} INFO - Processing file /home/airflow/.local/lib/python3.7/site-packages/airflow/example_dags/example_branch_labels.py for tasks to queue
[2023-01-10T10:59:30.064+0000] {logging_mixin.py:137} INFO - [2023-01-10T10:59:30.064+0000] {dagbag.py:538} INFO - Filling up the DagBag from /home/airflow/.local/lib/python3.7/site-packages/airflow/example_dags/example_branch_labels.py
[2023-01-10T10:59:30.075+0000] {processor.py:753} INFO - DAG(s) dict_keys(['example_branch_labels']) retrieved from /home/airflow/.local/lib/python3.7/site-packages/airflow/example_dags/example_branch_labels.py
[2023-01-10T10:59:30.104+0000] {logging_mixin.py:137} INFO - [2023-01-10T10:59:30.104+0000] {dag.py:2676} INFO - Sync 1 DAGs
[2023-01-10T10:59:30.125+0000] {logging_mixin.py:137} INFO - [2023-01-10T10:59:30.125+0000] {dag.py:3427} INFO - Setting next_dagrun for example_branch_labels to 2023-01-09T00:00:00+00:00, run_after=2023-01-10T00:00:00+00:00
[2023-01-10T10:59:30.138+0000] {processor.py:175} INFO - Processing /home/airflow/.local/lib/python3.7/site-packages/airflow/example_dags/example_branch_labels.py took 0.079 seconds
[2023-01-10T11:00:00.296+0000] {processor.py:153} INFO - Started process (PID=948) to work on /home/airflow/.local/lib/python3.7/site-packages/airflow/example_dags/example_branch_labels.py
[2023-01-10T11:00:00.297+0000] {processor.py:743} INFO - Processing file /home/airflow/.local/lib/python3.7/site-packages/airflow/example_dags/example_branch_labels.py for tasks to queue
[2023-01-10T11:00:00.297+0000] {logging_mixin.py:137} INFO - [2023-01-10T11:00:00.297+0000] {dagbag.py:538} INFO - Filling up the DagBag from /home/airflow/.local/lib/python3.7/site-packages/airflow/example_dags/example_branch_labels.py
[2023-01-10T11:00:00.309+0000] {processor.py:753} INFO - DAG(s) dict_keys(['example_branch_labels']) retrieved from /home/airflow/.local/lib/python3.7/site-packages/airflow/example_dags/example_branch_labels.py
[2023-01-10T11:00:00.341+0000] {logging_mixin.py:137} INFO - [2023-01-10T11:00:00.341+0000] {dag.py:2676} INFO - Sync 1 DAGs
[2023-01-10T11:00:00.365+0000] {logging_mixin.py:137} INFO - [2023-01-10T11:00:00.365+0000] {dag.py:3427} INFO - Setting next_dagrun for example_branch_labels to 2023-01-09T00:00:00+00:00, run_after=2023-01-10T00:00:00+00:00
[2023-01-10T11:00:00.387+0000] {processor.py:175} INFO - Processing /home/airflow/.local/lib/python3.7/site-packages/airflow/example_dags/example_branch_labels.py took 0.093 seconds
[2023-01-10T11:00:30.457+0000] {processor.py:153} INFO - Started process (PID=1018) to work on /home/airflow/.local/lib/python3.7/site-packages/airflow/example_dags/example_branch_labels.py
[2023-01-10T11:00:30.458+0000] {processor.py:743} INFO - Processing file /home/airflow/.local/lib/python3.7/site-packages/airflow/example_dags/example_branch_labels.py for tasks to queue
[2023-01-10T11:00:30.458+0000] {logging_mixin.py:137} INFO - [2023-01-10T11:00:30.458+0000] {dagbag.py:538} INFO - Filling up the DagBag from /home/airflow/.local/lib/python3.7/site-packages/airflow/example_dags/example_branch_labels.py
[2023-01-10T11:00:30.471+0000] {processor.py:753} INFO - DAG(s) dict_keys(['example_branch_labels']) retrieved from /home/airflow/.local/lib/python3.7/site-packages/airflow/example_dags/example_branch_labels.py
[2023-01-10T11:00:30.502+0000] {logging_mixin.py:137} INFO - [2023-01-10T11:00:30.502+0000] {dag.py:2676} INFO - Sync 1 DAGs
[2023-01-10T11:00:30.525+0000] {logging_mixin.py:137} INFO - [2023-01-10T11:00:30.525+0000] {dag.py:3427} INFO - Setting next_dagrun for example_branch_labels to 2023-01-09T00:00:00+00:00, run_after=2023-01-10T00:00:00+00:00
[2023-01-10T11:00:30.543+0000] {processor.py:175} INFO - Processing /home/airflow/.local/lib/python3.7/site-packages/airflow/example_dags/example_branch_labels.py took 0.088 seconds
[2023-01-10T11:01:00.632+0000] {processor.py:153} INFO - Started process (PID=1104) to work on /home/airflow/.local/lib/python3.7/site-packages/airflow/example_dags/example_branch_labels.py
[2023-01-10T11:01:00.633+0000] {processor.py:743} INFO - Processing file /home/airflow/.local/lib/python3.7/site-packages/airflow/example_dags/example_branch_labels.py for tasks to queue
[2023-01-10T11:01:00.634+0000] {logging_mixin.py:137} INFO - [2023-01-10T11:01:00.633+0000] {dagbag.py:538} INFO - Filling up the DagBag from /home/airflow/.local/lib/python3.7/site-packages/airflow/example_dags/example_branch_labels.py
[2023-01-10T11:01:00.648+0000] {processor.py:753} INFO - DAG(s) dict_keys(['example_branch_labels']) retrieved from /home/airflow/.local/lib/python3.7/site-packages/airflow/example_dags/example_branch_labels.py
[2023-01-10T11:01:00.679+0000] {logging_mixin.py:137} INFO - [2023-01-10T11:01:00.679+0000] {dag.py:2676} INFO - Sync 1 DAGs
[2023-01-10T11:01:00.702+0000] {logging_mixin.py:137} INFO - [2023-01-10T11:01:00.702+0000] {dag.py:3427} INFO - Setting next_dagrun for example_branch_labels to 2023-01-09T00:00:00+00:00, run_after=2023-01-10T00:00:00+00:00
[2023-01-10T11:01:00.716+0000] {processor.py:175} INFO - Processing /home/airflow/.local/lib/python3.7/site-packages/airflow/example_dags/example_branch_labels.py took 0.086 seconds
[2023-01-10T11:01:30.790+0000] {processor.py:153} INFO - Started process (PID=1174) to work on /home/airflow/.local/lib/python3.7/site-packages/airflow/example_dags/example_branch_labels.py
[2023-01-10T11:01:30.790+0000] {processor.py:743} INFO - Processing file /home/airflow/.local/lib/python3.7/site-packages/airflow/example_dags/example_branch_labels.py for tasks to queue
[2023-01-10T11:01:30.791+0000] {logging_mixin.py:137} INFO - [2023-01-10T11:01:30.791+0000] {dagbag.py:538} INFO - Filling up the DagBag from /home/airflow/.local/lib/python3.7/site-packages/airflow/example_dags/example_branch_labels.py
[2023-01-10T11:01:30.801+0000] {processor.py:753} INFO - DAG(s) dict_keys(['example_branch_labels']) retrieved from /home/airflow/.local/lib/python3.7/site-packages/airflow/example_dags/example_branch_labels.py
[2023-01-10T11:01:30.834+0000] {logging_mixin.py:137} INFO - [2023-01-10T11:01:30.834+0000] {dag.py:2676} INFO - Sync 1 DAGs
[2023-01-10T11:01:30.863+0000] {logging_mixin.py:137} INFO - [2023-01-10T11:01:30.863+0000] {dag.py:3427} INFO - Setting next_dagrun for example_branch_labels to 2023-01-09T00:00:00+00:00, run_after=2023-01-10T00:00:00+00:00
[2023-01-10T11:01:30.879+0000] {processor.py:175} INFO - Processing /home/airflow/.local/lib/python3.7/site-packages/airflow/example_dags/example_branch_labels.py took 0.091 seconds
[2023-01-10T11:02:01.230+0000] {processor.py:153} INFO - Started process (PID=1261) to work on /home/airflow/.local/lib/python3.7/site-packages/airflow/example_dags/example_branch_labels.py
[2023-01-10T11:02:01.231+0000] {processor.py:743} INFO - Processing file /home/airflow/.local/lib/python3.7/site-packages/airflow/example_dags/example_branch_labels.py for tasks to queue
[2023-01-10T11:02:01.231+0000] {logging_mixin.py:137} INFO - [2023-01-10T11:02:01.231+0000] {dagbag.py:538} INFO - Filling up the DagBag from /home/airflow/.local/lib/python3.7/site-packages/airflow/example_dags/example_branch_labels.py
[2023-01-10T11:02:01.241+0000] {processor.py:753} INFO - DAG(s) dict_keys(['example_branch_labels']) retrieved from /home/airflow/.local/lib/python3.7/site-packages/airflow/example_dags/example_branch_labels.py
[2023-01-10T11:02:01.275+0000] {logging_mixin.py:137} INFO - [2023-01-10T11:02:01.275+0000] {dag.py:2676} INFO - Sync 1 DAGs
[2023-01-10T11:02:01.299+0000] {logging_mixin.py:137} INFO - [2023-01-10T11:02:01.299+0000] {dag.py:3427} INFO - Setting next_dagrun for example_branch_labels to 2023-01-09T00:00:00+00:00, run_after=2023-01-10T00:00:00+00:00
[2023-01-10T11:02:01.314+0000] {processor.py:175} INFO - Processing /home/airflow/.local/lib/python3.7/site-packages/airflow/example_dags/example_branch_labels.py took 0.086 seconds
[2023-01-10T11:02:32.261+0000] {processor.py:153} INFO - Started process (PID=1331) to work on /home/airflow/.local/lib/python3.7/site-packages/airflow/example_dags/example_branch_labels.py
[2023-01-10T11:02:32.262+0000] {processor.py:743} INFO - Processing file /home/airflow/.local/lib/python3.7/site-packages/airflow/example_dags/example_branch_labels.py for tasks to queue
[2023-01-10T11:02:32.263+0000] {logging_mixin.py:137} INFO - [2023-01-10T11:02:32.263+0000] {dagbag.py:538} INFO - Filling up the DagBag from /home/airflow/.local/lib/python3.7/site-packages/airflow/example_dags/example_branch_labels.py
[2023-01-10T11:02:32.275+0000] {processor.py:753} INFO - DAG(s) dict_keys(['example_branch_labels']) retrieved from /home/airflow/.local/lib/python3.7/site-packages/airflow/example_dags/example_branch_labels.py
[2023-01-10T11:02:32.304+0000] {logging_mixin.py:137} INFO - [2023-01-10T11:02:32.303+0000] {dag.py:2676} INFO - Sync 1 DAGs
[2023-01-10T11:02:32.325+0000] {logging_mixin.py:137} INFO - [2023-01-10T11:02:32.325+0000] {dag.py:3427} INFO - Setting next_dagrun for example_branch_labels to 2023-01-09T00:00:00+00:00, run_after=2023-01-10T00:00:00+00:00
[2023-01-10T11:02:32.342+0000] {processor.py:175} INFO - Processing /home/airflow/.local/lib/python3.7/site-packages/airflow/example_dags/example_branch_labels.py took 0.082 seconds
[2023-01-10T11:03:02.464+0000] {processor.py:153} INFO - Started process (PID=1417) to work on /home/airflow/.local/lib/python3.7/site-packages/airflow/example_dags/example_branch_labels.py
[2023-01-10T11:03:02.464+0000] {processor.py:743} INFO - Processing file /home/airflow/.local/lib/python3.7/site-packages/airflow/example_dags/example_branch_labels.py for tasks to queue
[2023-01-10T11:03:02.465+0000] {logging_mixin.py:137} INFO - [2023-01-10T11:03:02.465+0000] {dagbag.py:538} INFO - Filling up the DagBag from /home/airflow/.local/lib/python3.7/site-packages/airflow/example_dags/example_branch_labels.py
[2023-01-10T11:03:02.481+0000] {processor.py:753} INFO - DAG(s) dict_keys(['example_branch_labels']) retrieved from /home/airflow/.local/lib/python3.7/site-packages/airflow/example_dags/example_branch_labels.py
[2023-01-10T11:03:02.511+0000] {logging_mixin.py:137} INFO - [2023-01-10T11:03:02.511+0000] {dag.py:2676} INFO - Sync 1 DAGs
[2023-01-10T11:03:02.533+0000] {logging_mixin.py:137} INFO - [2023-01-10T11:03:02.533+0000] {dag.py:3427} INFO - Setting next_dagrun for example_branch_labels to 2023-01-09T00:00:00+00:00, run_after=2023-01-10T00:00:00+00:00
[2023-01-10T11:03:02.546+0000] {processor.py:175} INFO - Processing /home/airflow/.local/lib/python3.7/site-packages/airflow/example_dags/example_branch_labels.py took 0.084 seconds
[2023-01-10T11:03:33.477+0000] {processor.py:153} INFO - Started process (PID=1488) to work on /home/airflow/.local/lib/python3.7/site-packages/airflow/example_dags/example_branch_labels.py
[2023-01-10T11:03:33.478+0000] {processor.py:743} INFO - Processing file /home/airflow/.local/lib/python3.7/site-packages/airflow/example_dags/example_branch_labels.py for tasks to queue
[2023-01-10T11:03:33.478+0000] {logging_mixin.py:137} INFO - [2023-01-10T11:03:33.478+0000] {dagbag.py:538} INFO - Filling up the DagBag from /home/airflow/.local/lib/python3.7/site-packages/airflow/example_dags/example_branch_labels.py
[2023-01-10T11:03:33.495+0000] {processor.py:753} INFO - DAG(s) dict_keys(['example_branch_labels']) retrieved from /home/airflow/.local/lib/python3.7/site-packages/airflow/example_dags/example_branch_labels.py
[2023-01-10T11:03:33.539+0000] {logging_mixin.py:137} INFO - [2023-01-10T11:03:33.538+0000] {dag.py:2676} INFO - Sync 1 DAGs
[2023-01-10T11:03:33.570+0000] {logging_mixin.py:137} INFO - [2023-01-10T11:03:33.570+0000] {dag.py:3427} INFO - Setting next_dagrun for example_branch_labels to 2023-01-09T00:00:00+00:00, run_after=2023-01-10T00:00:00+00:00
[2023-01-10T11:03:33.589+0000] {processor.py:175} INFO - Processing /home/airflow/.local/lib/python3.7/site-packages/airflow/example_dags/example_branch_labels.py took 0.114 seconds
[2023-01-10T11:04:03.849+0000] {processor.py:153} INFO - Started process (PID=1574) to work on /home/airflow/.local/lib/python3.7/site-packages/airflow/example_dags/example_branch_labels.py
[2023-01-10T11:04:03.850+0000] {processor.py:743} INFO - Processing file /home/airflow/.local/lib/python3.7/site-packages/airflow/example_dags/example_branch_labels.py for tasks to queue
[2023-01-10T11:04:03.850+0000] {logging_mixin.py:137} INFO - [2023-01-10T11:04:03.850+0000] {dagbag.py:538} INFO - Filling up the DagBag from /home/airflow/.local/lib/python3.7/site-packages/airflow/example_dags/example_branch_labels.py
[2023-01-10T11:04:03.861+0000] {processor.py:753} INFO - DAG(s) dict_keys(['example_branch_labels']) retrieved from /home/airflow/.local/lib/python3.7/site-packages/airflow/example_dags/example_branch_labels.py
[2023-01-10T11:04:03.911+0000] {logging_mixin.py:137} INFO - [2023-01-10T11:04:03.911+0000] {dag.py:2676} INFO - Sync 1 DAGs
[2023-01-10T11:04:03.940+0000] {logging_mixin.py:137} INFO - [2023-01-10T11:04:03.940+0000] {dag.py:3427} INFO - Setting next_dagrun for example_branch_labels to 2023-01-09T00:00:00+00:00, run_after=2023-01-10T00:00:00+00:00
[2023-01-10T11:04:03.956+0000] {processor.py:175} INFO - Processing /home/airflow/.local/lib/python3.7/site-packages/airflow/example_dags/example_branch_labels.py took 0.110 seconds
[2023-01-10T11:04:34.907+0000] {processor.py:153} INFO - Started process (PID=1651) to work on /home/airflow/.local/lib/python3.7/site-packages/airflow/example_dags/example_branch_labels.py
[2023-01-10T11:04:34.907+0000] {processor.py:743} INFO - Processing file /home/airflow/.local/lib/python3.7/site-packages/airflow/example_dags/example_branch_labels.py for tasks to queue
[2023-01-10T11:04:34.908+0000] {logging_mixin.py:137} INFO - [2023-01-10T11:04:34.908+0000] {dagbag.py:538} INFO - Filling up the DagBag from /home/airflow/.local/lib/python3.7/site-packages/airflow/example_dags/example_branch_labels.py
[2023-01-10T11:04:34.918+0000] {processor.py:753} INFO - DAG(s) dict_keys(['example_branch_labels']) retrieved from /home/airflow/.local/lib/python3.7/site-packages/airflow/example_dags/example_branch_labels.py
[2023-01-10T11:04:34.944+0000] {logging_mixin.py:137} INFO - [2023-01-10T11:04:34.944+0000] {dag.py:2676} INFO - Sync 1 DAGs
[2023-01-10T11:04:34.964+0000] {logging_mixin.py:137} INFO - [2023-01-10T11:04:34.964+0000] {dag.py:3427} INFO - Setting next_dagrun for example_branch_labels to 2023-01-09T00:00:00+00:00, run_after=2023-01-10T00:00:00+00:00
[2023-01-10T11:04:34.983+0000] {processor.py:175} INFO - Processing /home/airflow/.local/lib/python3.7/site-packages/airflow/example_dags/example_branch_labels.py took 0.078 seconds
[2023-01-10T11:05:05.001+0000] {processor.py:153} INFO - Started process (PID=1730) to work on /home/airflow/.local/lib/python3.7/site-packages/airflow/example_dags/example_branch_labels.py
[2023-01-10T11:05:05.002+0000] {processor.py:743} INFO - Processing file /home/airflow/.local/lib/python3.7/site-packages/airflow/example_dags/example_branch_labels.py for tasks to queue
[2023-01-10T11:05:05.002+0000] {logging_mixin.py:137} INFO - [2023-01-10T11:05:05.002+0000] {dagbag.py:538} INFO - Filling up the DagBag from /home/airflow/.local/lib/python3.7/site-packages/airflow/example_dags/example_branch_labels.py
[2023-01-10T11:05:05.013+0000] {processor.py:753} INFO - DAG(s) dict_keys(['example_branch_labels']) retrieved from /home/airflow/.local/lib/python3.7/site-packages/airflow/example_dags/example_branch_labels.py
[2023-01-10T11:05:05.044+0000] {logging_mixin.py:137} INFO - [2023-01-10T11:05:05.044+0000] {dag.py:2676} INFO - Sync 1 DAGs
[2023-01-10T11:05:05.073+0000] {logging_mixin.py:137} INFO - [2023-01-10T11:05:05.073+0000] {dag.py:3427} INFO - Setting next_dagrun for example_branch_labels to 2023-01-09T00:00:00+00:00, run_after=2023-01-10T00:00:00+00:00
[2023-01-10T11:05:05.090+0000] {processor.py:175} INFO - Processing /home/airflow/.local/lib/python3.7/site-packages/airflow/example_dags/example_branch_labels.py took 0.092 seconds
[2023-01-10T11:05:35.196+0000] {processor.py:153} INFO - Started process (PID=1816) to work on /home/airflow/.local/lib/python3.7/site-packages/airflow/example_dags/example_branch_labels.py
[2023-01-10T11:05:35.197+0000] {processor.py:743} INFO - Processing file /home/airflow/.local/lib/python3.7/site-packages/airflow/example_dags/example_branch_labels.py for tasks to queue
[2023-01-10T11:05:35.197+0000] {logging_mixin.py:137} INFO - [2023-01-10T11:05:35.197+0000] {dagbag.py:538} INFO - Filling up the DagBag from /home/airflow/.local/lib/python3.7/site-packages/airflow/example_dags/example_branch_labels.py
[2023-01-10T11:05:35.209+0000] {processor.py:753} INFO - DAG(s) dict_keys(['example_branch_labels']) retrieved from /home/airflow/.local/lib/python3.7/site-packages/airflow/example_dags/example_branch_labels.py
[2023-01-10T11:05:35.238+0000] {logging_mixin.py:137} INFO - [2023-01-10T11:05:35.238+0000] {dag.py:2676} INFO - Sync 1 DAGs
[2023-01-10T11:05:35.261+0000] {logging_mixin.py:137} INFO - [2023-01-10T11:05:35.261+0000] {dag.py:3427} INFO - Setting next_dagrun for example_branch_labels to 2023-01-09T00:00:00+00:00, run_after=2023-01-10T00:00:00+00:00
[2023-01-10T11:05:35.276+0000] {processor.py:175} INFO - Processing /home/airflow/.local/lib/python3.7/site-packages/airflow/example_dags/example_branch_labels.py took 0.082 seconds
[2023-01-10T11:06:05.316+0000] {processor.py:153} INFO - Started process (PID=1886) to work on /home/airflow/.local/lib/python3.7/site-packages/airflow/example_dags/example_branch_labels.py
[2023-01-10T11:06:05.316+0000] {processor.py:743} INFO - Processing file /home/airflow/.local/lib/python3.7/site-packages/airflow/example_dags/example_branch_labels.py for tasks to queue
[2023-01-10T11:06:05.316+0000] {logging_mixin.py:137} INFO - [2023-01-10T11:06:05.316+0000] {dagbag.py:538} INFO - Filling up the DagBag from /home/airflow/.local/lib/python3.7/site-packages/airflow/example_dags/example_branch_labels.py
[2023-01-10T11:06:05.327+0000] {processor.py:753} INFO - DAG(s) dict_keys(['example_branch_labels']) retrieved from /home/airflow/.local/lib/python3.7/site-packages/airflow/example_dags/example_branch_labels.py
[2023-01-10T11:06:05.355+0000] {logging_mixin.py:137} INFO - [2023-01-10T11:06:05.355+0000] {dag.py:2676} INFO - Sync 1 DAGs
[2023-01-10T11:06:05.374+0000] {logging_mixin.py:137} INFO - [2023-01-10T11:06:05.373+0000] {dag.py:3427} INFO - Setting next_dagrun for example_branch_labels to 2023-01-09T00:00:00+00:00, run_after=2023-01-10T00:00:00+00:00
[2023-01-10T11:06:05.386+0000] {processor.py:175} INFO - Processing /home/airflow/.local/lib/python3.7/site-packages/airflow/example_dags/example_branch_labels.py took 0.073 seconds
[2023-01-10T11:06:35.835+0000] {processor.py:153} INFO - Started process (PID=1972) to work on /home/airflow/.local/lib/python3.7/site-packages/airflow/example_dags/example_branch_labels.py
[2023-01-10T11:06:35.836+0000] {processor.py:743} INFO - Processing file /home/airflow/.local/lib/python3.7/site-packages/airflow/example_dags/example_branch_labels.py for tasks to queue
[2023-01-10T11:06:35.837+0000] {logging_mixin.py:137} INFO - [2023-01-10T11:06:35.837+0000] {dagbag.py:538} INFO - Filling up the DagBag from /home/airflow/.local/lib/python3.7/site-packages/airflow/example_dags/example_branch_labels.py
[2023-01-10T11:06:35.848+0000] {processor.py:753} INFO - DAG(s) dict_keys(['example_branch_labels']) retrieved from /home/airflow/.local/lib/python3.7/site-packages/airflow/example_dags/example_branch_labels.py
[2023-01-10T11:06:35.881+0000] {logging_mixin.py:137} INFO - [2023-01-10T11:06:35.881+0000] {dag.py:2676} INFO - Sync 1 DAGs
[2023-01-10T11:06:35.903+0000] {logging_mixin.py:137} INFO - [2023-01-10T11:06:35.903+0000] {dag.py:3427} INFO - Setting next_dagrun for example_branch_labels to 2023-01-09T00:00:00+00:00, run_after=2023-01-10T00:00:00+00:00
[2023-01-10T11:06:35.920+0000] {processor.py:175} INFO - Processing /home/airflow/.local/lib/python3.7/site-packages/airflow/example_dags/example_branch_labels.py took 0.088 seconds
[2023-01-10T11:07:06.031+0000] {processor.py:153} INFO - Started process (PID=2042) to work on /home/airflow/.local/lib/python3.7/site-packages/airflow/example_dags/example_branch_labels.py
[2023-01-10T11:07:06.032+0000] {processor.py:743} INFO - Processing file /home/airflow/.local/lib/python3.7/site-packages/airflow/example_dags/example_branch_labels.py for tasks to queue
[2023-01-10T11:07:06.032+0000] {logging_mixin.py:137} INFO - [2023-01-10T11:07:06.032+0000] {dagbag.py:538} INFO - Filling up the DagBag from /home/airflow/.local/lib/python3.7/site-packages/airflow/example_dags/example_branch_labels.py
[2023-01-10T11:07:06.042+0000] {processor.py:753} INFO - DAG(s) dict_keys(['example_branch_labels']) retrieved from /home/airflow/.local/lib/python3.7/site-packages/airflow/example_dags/example_branch_labels.py
[2023-01-10T11:07:06.070+0000] {logging_mixin.py:137} INFO - [2023-01-10T11:07:06.070+0000] {dag.py:2676} INFO - Sync 1 DAGs
[2023-01-10T11:07:06.093+0000] {logging_mixin.py:137} INFO - [2023-01-10T11:07:06.093+0000] {dag.py:3427} INFO - Setting next_dagrun for example_branch_labels to 2023-01-09T00:00:00+00:00, run_after=2023-01-10T00:00:00+00:00
[2023-01-10T11:07:06.106+0000] {processor.py:175} INFO - Processing /home/airflow/.local/lib/python3.7/site-packages/airflow/example_dags/example_branch_labels.py took 0.077 seconds
[2023-01-10T11:07:36.396+0000] {processor.py:153} INFO - Started process (PID=2128) to work on /home/airflow/.local/lib/python3.7/site-packages/airflow/example_dags/example_branch_labels.py
[2023-01-10T11:07:36.397+0000] {processor.py:743} INFO - Processing file /home/airflow/.local/lib/python3.7/site-packages/airflow/example_dags/example_branch_labels.py for tasks to queue
[2023-01-10T11:07:36.397+0000] {logging_mixin.py:137} INFO - [2023-01-10T11:07:36.397+0000] {dagbag.py:538} INFO - Filling up the DagBag from /home/airflow/.local/lib/python3.7/site-packages/airflow/example_dags/example_branch_labels.py
[2023-01-10T11:07:36.409+0000] {processor.py:753} INFO - DAG(s) dict_keys(['example_branch_labels']) retrieved from /home/airflow/.local/lib/python3.7/site-packages/airflow/example_dags/example_branch_labels.py
[2023-01-10T11:07:36.436+0000] {logging_mixin.py:137} INFO - [2023-01-10T11:07:36.436+0000] {dag.py:2676} INFO - Sync 1 DAGs
[2023-01-10T11:07:36.456+0000] {logging_mixin.py:137} INFO - [2023-01-10T11:07:36.456+0000] {dag.py:3427} INFO - Setting next_dagrun for example_branch_labels to 2023-01-09T00:00:00+00:00, run_after=2023-01-10T00:00:00+00:00
[2023-01-10T11:07:36.470+0000] {processor.py:175} INFO - Processing /home/airflow/.local/lib/python3.7/site-packages/airflow/example_dags/example_branch_labels.py took 0.075 seconds
[2023-01-10T11:08:06.616+0000] {processor.py:153} INFO - Started process (PID=2198) to work on /home/airflow/.local/lib/python3.7/site-packages/airflow/example_dags/example_branch_labels.py
[2023-01-10T11:08:06.617+0000] {processor.py:743} INFO - Processing file /home/airflow/.local/lib/python3.7/site-packages/airflow/example_dags/example_branch_labels.py for tasks to queue
[2023-01-10T11:08:06.618+0000] {logging_mixin.py:137} INFO - [2023-01-10T11:08:06.617+0000] {dagbag.py:538} INFO - Filling up the DagBag from /home/airflow/.local/lib/python3.7/site-packages/airflow/example_dags/example_branch_labels.py
[2023-01-10T11:08:06.628+0000] {processor.py:753} INFO - DAG(s) dict_keys(['example_branch_labels']) retrieved from /home/airflow/.local/lib/python3.7/site-packages/airflow/example_dags/example_branch_labels.py
[2023-01-10T11:08:06.656+0000] {logging_mixin.py:137} INFO - [2023-01-10T11:08:06.656+0000] {dag.py:2676} INFO - Sync 1 DAGs
[2023-01-10T11:08:06.676+0000] {logging_mixin.py:137} INFO - [2023-01-10T11:08:06.676+0000] {dag.py:3427} INFO - Setting next_dagrun for example_branch_labels to 2023-01-09T00:00:00+00:00, run_after=2023-01-10T00:00:00+00:00
[2023-01-10T11:08:06.688+0000] {processor.py:175} INFO - Processing /home/airflow/.local/lib/python3.7/site-packages/airflow/example_dags/example_branch_labels.py took 0.075 seconds
[2023-01-10T11:08:36.758+0000] {processor.py:153} INFO - Started process (PID=2284) to work on /home/airflow/.local/lib/python3.7/site-packages/airflow/example_dags/example_branch_labels.py
[2023-01-10T11:08:36.758+0000] {processor.py:743} INFO - Processing file /home/airflow/.local/lib/python3.7/site-packages/airflow/example_dags/example_branch_labels.py for tasks to queue
[2023-01-10T11:08:36.759+0000] {logging_mixin.py:137} INFO - [2023-01-10T11:08:36.759+0000] {dagbag.py:538} INFO - Filling up the DagBag from /home/airflow/.local/lib/python3.7/site-packages/airflow/example_dags/example_branch_labels.py
[2023-01-10T11:08:36.770+0000] {processor.py:753} INFO - DAG(s) dict_keys(['example_branch_labels']) retrieved from /home/airflow/.local/lib/python3.7/site-packages/airflow/example_dags/example_branch_labels.py
[2023-01-10T11:08:36.798+0000] {logging_mixin.py:137} INFO - [2023-01-10T11:08:36.798+0000] {dag.py:2676} INFO - Sync 1 DAGs
[2023-01-10T11:08:36.818+0000] {logging_mixin.py:137} INFO - [2023-01-10T11:08:36.817+0000] {dag.py:3427} INFO - Setting next_dagrun for example_branch_labels to 2023-01-09T00:00:00+00:00, run_after=2023-01-10T00:00:00+00:00
[2023-01-10T11:08:36.833+0000] {processor.py:175} INFO - Processing /home/airflow/.local/lib/python3.7/site-packages/airflow/example_dags/example_branch_labels.py took 0.077 seconds
[2023-01-10T11:09:07.002+0000] {processor.py:153} INFO - Started process (PID=2354) to work on /home/airflow/.local/lib/python3.7/site-packages/airflow/example_dags/example_branch_labels.py
[2023-01-10T11:09:07.002+0000] {processor.py:743} INFO - Processing file /home/airflow/.local/lib/python3.7/site-packages/airflow/example_dags/example_branch_labels.py for tasks to queue
[2023-01-10T11:09:07.003+0000] {logging_mixin.py:137} INFO - [2023-01-10T11:09:07.003+0000] {dagbag.py:538} INFO - Filling up the DagBag from /home/airflow/.local/lib/python3.7/site-packages/airflow/example_dags/example_branch_labels.py
[2023-01-10T11:09:07.017+0000] {processor.py:753} INFO - DAG(s) dict_keys(['example_branch_labels']) retrieved from /home/airflow/.local/lib/python3.7/site-packages/airflow/example_dags/example_branch_labels.py
[2023-01-10T11:09:07.049+0000] {logging_mixin.py:137} INFO - [2023-01-10T11:09:07.048+0000] {dag.py:2676} INFO - Sync 1 DAGs
[2023-01-10T11:09:07.074+0000] {logging_mixin.py:137} INFO - [2023-01-10T11:09:07.074+0000] {dag.py:3427} INFO - Setting next_dagrun for example_branch_labels to 2023-01-09T00:00:00+00:00, run_after=2023-01-10T00:00:00+00:00
[2023-01-10T11:09:07.090+0000] {processor.py:175} INFO - Processing /home/airflow/.local/lib/python3.7/site-packages/airflow/example_dags/example_branch_labels.py took 0.091 seconds
[2023-01-10T11:09:37.407+0000] {processor.py:153} INFO - Started process (PID=2439) to work on /home/airflow/.local/lib/python3.7/site-packages/airflow/example_dags/example_branch_labels.py
[2023-01-10T11:09:37.407+0000] {processor.py:743} INFO - Processing file /home/airflow/.local/lib/python3.7/site-packages/airflow/example_dags/example_branch_labels.py for tasks to queue
[2023-01-10T11:09:37.408+0000] {logging_mixin.py:137} INFO - [2023-01-10T11:09:37.408+0000] {dagbag.py:538} INFO - Filling up the DagBag from /home/airflow/.local/lib/python3.7/site-packages/airflow/example_dags/example_branch_labels.py
[2023-01-10T11:09:37.418+0000] {processor.py:753} INFO - DAG(s) dict_keys(['example_branch_labels']) retrieved from /home/airflow/.local/lib/python3.7/site-packages/airflow/example_dags/example_branch_labels.py
[2023-01-10T11:09:37.447+0000] {logging_mixin.py:137} INFO - [2023-01-10T11:09:37.447+0000] {dag.py:2676} INFO - Sync 1 DAGs
[2023-01-10T11:09:37.467+0000] {logging_mixin.py:137} INFO - [2023-01-10T11:09:37.467+0000] {dag.py:3427} INFO - Setting next_dagrun for example_branch_labels to 2023-01-09T00:00:00+00:00, run_after=2023-01-10T00:00:00+00:00
[2023-01-10T11:09:37.481+0000] {processor.py:175} INFO - Processing /home/airflow/.local/lib/python3.7/site-packages/airflow/example_dags/example_branch_labels.py took 0.077 seconds
[2023-01-10T11:10:08.373+0000] {processor.py:153} INFO - Started process (PID=2509) to work on /home/airflow/.local/lib/python3.7/site-packages/airflow/example_dags/example_branch_labels.py
[2023-01-10T11:10:08.374+0000] {processor.py:743} INFO - Processing file /home/airflow/.local/lib/python3.7/site-packages/airflow/example_dags/example_branch_labels.py for tasks to queue
[2023-01-10T11:10:08.374+0000] {logging_mixin.py:137} INFO - [2023-01-10T11:10:08.374+0000] {dagbag.py:538} INFO - Filling up the DagBag from /home/airflow/.local/lib/python3.7/site-packages/airflow/example_dags/example_branch_labels.py
[2023-01-10T11:10:08.385+0000] {processor.py:753} INFO - DAG(s) dict_keys(['example_branch_labels']) retrieved from /home/airflow/.local/lib/python3.7/site-packages/airflow/example_dags/example_branch_labels.py
[2023-01-10T11:10:08.421+0000] {logging_mixin.py:137} INFO - [2023-01-10T11:10:08.421+0000] {dag.py:2676} INFO - Sync 1 DAGs
[2023-01-10T11:10:08.445+0000] {logging_mixin.py:137} INFO - [2023-01-10T11:10:08.445+0000] {dag.py:3427} INFO - Setting next_dagrun for example_branch_labels to 2023-01-09T00:00:00+00:00, run_after=2023-01-10T00:00:00+00:00
[2023-01-10T11:10:08.458+0000] {processor.py:175} INFO - Processing /home/airflow/.local/lib/python3.7/site-packages/airflow/example_dags/example_branch_labels.py took 0.087 seconds
