[2023-01-10T10:54:24.417+0000] {processor.py:153} INFO - Started process (PID=87) to work on /home/airflow/.local/lib/python3.7/site-packages/airflow/example_dags/example_datasets.py
[2023-01-10T10:54:24.418+0000] {processor.py:743} INFO - Processing file /home/airflow/.local/lib/python3.7/site-packages/airflow/example_dags/example_datasets.py for tasks to queue
[2023-01-10T10:54:24.419+0000] {logging_mixin.py:137} INFO - [2023-01-10T10:54:24.418+0000] {dagbag.py:538} INFO - Filling up the DagBag from /home/airflow/.local/lib/python3.7/site-packages/airflow/example_dags/example_datasets.py
[2023-01-10T10:54:24.445+0000] {processor.py:753} INFO - DAG(s) dict_keys(['dataset_produces_1', 'dataset_produces_2', 'dataset_consumes_1_never_scheduled', 'dataset_consumes_1_and_2', 'dataset_consumes_1', 'dataset_consumes_unknown_never_scheduled']) retrieved from /home/airflow/.local/lib/python3.7/site-packages/airflow/example_dags/example_datasets.py
[2023-01-10T10:54:24.613+0000] {logging_mixin.py:137} INFO - [2023-01-10T10:54:24.613+0000] {manager.py:504} INFO - Created Permission View: can delete on DAG:dataset_produces_1
[2023-01-10T10:54:24.627+0000] {logging_mixin.py:137} INFO - [2023-01-10T10:54:24.626+0000] {manager.py:504} INFO - Created Permission View: can read on DAG:dataset_produces_1
[2023-01-10T10:54:24.634+0000] {logging_mixin.py:137} INFO - [2023-01-10T10:54:24.633+0000] {manager.py:504} INFO - Created Permission View: can edit on DAG:dataset_produces_1
[2023-01-10T10:54:24.647+0000] {logging_mixin.py:137} INFO - [2023-01-10T10:54:24.647+0000] {manager.py:504} INFO - Created Permission View: can delete on DAG:dataset_produces_2
[2023-01-10T10:54:24.654+0000] {logging_mixin.py:137} INFO - [2023-01-10T10:54:24.654+0000] {manager.py:504} INFO - Created Permission View: can read on DAG:dataset_produces_2
[2023-01-10T10:54:24.660+0000] {logging_mixin.py:137} INFO - [2023-01-10T10:54:24.660+0000] {manager.py:504} INFO - Created Permission View: can edit on DAG:dataset_produces_2
[2023-01-10T10:54:24.671+0000] {logging_mixin.py:137} INFO - [2023-01-10T10:54:24.671+0000] {manager.py:504} INFO - Created Permission View: can delete on DAG:dataset_consumes_1_never_scheduled
[2023-01-10T10:54:24.678+0000] {logging_mixin.py:137} INFO - [2023-01-10T10:54:24.678+0000] {manager.py:504} INFO - Created Permission View: can read on DAG:dataset_consumes_1_never_scheduled
[2023-01-10T10:54:24.685+0000] {logging_mixin.py:137} INFO - [2023-01-10T10:54:24.685+0000] {manager.py:504} INFO - Created Permission View: can edit on DAG:dataset_consumes_1_never_scheduled
[2023-01-10T10:54:24.702+0000] {logging_mixin.py:137} INFO - [2023-01-10T10:54:24.701+0000] {manager.py:504} INFO - Created Permission View: can delete on DAG:dataset_consumes_1_and_2
[2023-01-10T10:54:24.707+0000] {logging_mixin.py:137} INFO - [2023-01-10T10:54:24.706+0000] {manager.py:504} INFO - Created Permission View: can read on DAG:dataset_consumes_1_and_2
[2023-01-10T10:54:24.714+0000] {logging_mixin.py:137} INFO - [2023-01-10T10:54:24.714+0000] {manager.py:504} INFO - Created Permission View: can edit on DAG:dataset_consumes_1_and_2
[2023-01-10T10:54:24.728+0000] {logging_mixin.py:137} INFO - [2023-01-10T10:54:24.728+0000] {manager.py:504} INFO - Created Permission View: can delete on DAG:dataset_consumes_1
[2023-01-10T10:54:24.735+0000] {logging_mixin.py:137} INFO - [2023-01-10T10:54:24.734+0000] {manager.py:504} INFO - Created Permission View: can read on DAG:dataset_consumes_1
[2023-01-10T10:54:24.740+0000] {logging_mixin.py:137} INFO - [2023-01-10T10:54:24.739+0000] {manager.py:504} INFO - Created Permission View: can edit on DAG:dataset_consumes_1
[2023-01-10T10:54:24.750+0000] {logging_mixin.py:137} INFO - [2023-01-10T10:54:24.750+0000] {manager.py:504} INFO - Created Permission View: can delete on DAG:dataset_consumes_unknown_never_scheduled
[2023-01-10T10:54:24.755+0000] {logging_mixin.py:137} INFO - [2023-01-10T10:54:24.754+0000] {manager.py:504} INFO - Created Permission View: can read on DAG:dataset_consumes_unknown_never_scheduled
[2023-01-10T10:54:24.760+0000] {logging_mixin.py:137} INFO - [2023-01-10T10:54:24.760+0000] {manager.py:504} INFO - Created Permission View: can edit on DAG:dataset_consumes_unknown_never_scheduled
[2023-01-10T10:54:24.760+0000] {logging_mixin.py:137} INFO - [2023-01-10T10:54:24.760+0000] {dag.py:2676} INFO - Sync 6 DAGs
[2023-01-10T10:54:24.771+0000] {logging_mixin.py:137} INFO - [2023-01-10T10:54:24.771+0000] {dag.py:2697} INFO - Creating ORM DAG for dataset_consumes_1_never_scheduled
[2023-01-10T10:54:24.772+0000] {logging_mixin.py:137} INFO - [2023-01-10T10:54:24.771+0000] {dag.py:2697} INFO - Creating ORM DAG for dataset_consumes_unknown_never_scheduled
[2023-01-10T10:54:24.772+0000] {logging_mixin.py:137} INFO - [2023-01-10T10:54:24.772+0000] {dag.py:2697} INFO - Creating ORM DAG for dataset_consumes_1
[2023-01-10T10:54:24.772+0000] {logging_mixin.py:137} INFO - [2023-01-10T10:54:24.772+0000] {dag.py:2697} INFO - Creating ORM DAG for dataset_produces_1
[2023-01-10T10:54:24.772+0000] {logging_mixin.py:137} INFO - [2023-01-10T10:54:24.772+0000] {dag.py:2697} INFO - Creating ORM DAG for dataset_consumes_1_and_2
[2023-01-10T10:54:24.772+0000] {logging_mixin.py:137} INFO - [2023-01-10T10:54:24.772+0000] {dag.py:2697} INFO - Creating ORM DAG for dataset_produces_2
[2023-01-10T10:54:24.782+0000] {logging_mixin.py:137} INFO - [2023-01-10T10:54:24.782+0000] {dag.py:3427} INFO - Setting next_dagrun for dataset_consumes_1 to None, run_after=None
[2023-01-10T10:54:24.783+0000] {logging_mixin.py:137} INFO - [2023-01-10T10:54:24.783+0000] {dag.py:3427} INFO - Setting next_dagrun for dataset_consumes_1_and_2 to None, run_after=None
[2023-01-10T10:54:24.784+0000] {logging_mixin.py:137} INFO - [2023-01-10T10:54:24.783+0000] {dag.py:3427} INFO - Setting next_dagrun for dataset_consumes_1_never_scheduled to None, run_after=None
[2023-01-10T10:54:24.784+0000] {logging_mixin.py:137} INFO - [2023-01-10T10:54:24.784+0000] {dag.py:3427} INFO - Setting next_dagrun for dataset_consumes_unknown_never_scheduled to None, run_after=None
[2023-01-10T10:54:24.786+0000] {logging_mixin.py:137} INFO - [2023-01-10T10:54:24.786+0000] {dag.py:3427} INFO - Setting next_dagrun for dataset_produces_1 to 2023-01-09T00:00:00+00:00, run_after=2023-01-10T00:00:00+00:00
[2023-01-10T10:54:24.787+0000] {logging_mixin.py:137} INFO - [2023-01-10T10:54:24.787+0000] {dag.py:3427} INFO - Setting next_dagrun for dataset_produces_2 to None, run_after=None
[2023-01-10T10:54:24.829+0000] {processor.py:175} INFO - Processing /home/airflow/.local/lib/python3.7/site-packages/airflow/example_dags/example_datasets.py took 0.415 seconds
[2023-01-10T10:54:55.666+0000] {processor.py:153} INFO - Started process (PID=157) to work on /home/airflow/.local/lib/python3.7/site-packages/airflow/example_dags/example_datasets.py
[2023-01-10T10:54:55.666+0000] {processor.py:743} INFO - Processing file /home/airflow/.local/lib/python3.7/site-packages/airflow/example_dags/example_datasets.py for tasks to queue
[2023-01-10T10:54:55.667+0000] {logging_mixin.py:137} INFO - [2023-01-10T10:54:55.667+0000] {dagbag.py:538} INFO - Filling up the DagBag from /home/airflow/.local/lib/python3.7/site-packages/airflow/example_dags/example_datasets.py
[2023-01-10T10:54:55.680+0000] {processor.py:753} INFO - DAG(s) dict_keys(['dataset_produces_2', 'dataset_consumes_1_and_2', 'dataset_consumes_unknown_never_scheduled', 'dataset_produces_1', 'dataset_consumes_1', 'dataset_consumes_1_never_scheduled']) retrieved from /home/airflow/.local/lib/python3.7/site-packages/airflow/example_dags/example_datasets.py
[2023-01-10T10:54:55.721+0000] {logging_mixin.py:137} INFO - [2023-01-10T10:54:55.721+0000] {dag.py:2676} INFO - Sync 6 DAGs
[2023-01-10T10:54:55.740+0000] {logging_mixin.py:137} INFO - [2023-01-10T10:54:55.740+0000] {dag.py:3427} INFO - Setting next_dagrun for dataset_consumes_1 to None, run_after=None
[2023-01-10T10:54:55.743+0000] {logging_mixin.py:137} INFO - [2023-01-10T10:54:55.743+0000] {dag.py:3427} INFO - Setting next_dagrun for dataset_consumes_1_and_2 to None, run_after=None
[2023-01-10T10:54:55.744+0000] {logging_mixin.py:137} INFO - [2023-01-10T10:54:55.744+0000] {dag.py:3427} INFO - Setting next_dagrun for dataset_consumes_1_never_scheduled to None, run_after=None
[2023-01-10T10:54:55.745+0000] {logging_mixin.py:137} INFO - [2023-01-10T10:54:55.745+0000] {dag.py:3427} INFO - Setting next_dagrun for dataset_consumes_unknown_never_scheduled to None, run_after=None
[2023-01-10T10:54:55.747+0000] {logging_mixin.py:137} INFO - [2023-01-10T10:54:55.747+0000] {dag.py:3427} INFO - Setting next_dagrun for dataset_produces_1 to 2023-01-09T00:00:00+00:00, run_after=2023-01-10T00:00:00+00:00
[2023-01-10T10:54:55.747+0000] {logging_mixin.py:137} INFO - [2023-01-10T10:54:55.747+0000] {dag.py:3427} INFO - Setting next_dagrun for dataset_produces_2 to None, run_after=None
[2023-01-10T10:54:55.770+0000] {processor.py:175} INFO - Processing /home/airflow/.local/lib/python3.7/site-packages/airflow/example_dags/example_datasets.py took 0.107 seconds
[2023-01-10T10:55:26.419+0000] {processor.py:153} INFO - Started process (PID=244) to work on /home/airflow/.local/lib/python3.7/site-packages/airflow/example_dags/example_datasets.py
[2023-01-10T10:55:26.420+0000] {processor.py:743} INFO - Processing file /home/airflow/.local/lib/python3.7/site-packages/airflow/example_dags/example_datasets.py for tasks to queue
[2023-01-10T10:55:26.420+0000] {logging_mixin.py:137} INFO - [2023-01-10T10:55:26.420+0000] {dagbag.py:538} INFO - Filling up the DagBag from /home/airflow/.local/lib/python3.7/site-packages/airflow/example_dags/example_datasets.py
[2023-01-10T10:55:26.436+0000] {processor.py:753} INFO - DAG(s) dict_keys(['dataset_consumes_unknown_never_scheduled', 'dataset_produces_1', 'dataset_consumes_1_never_scheduled', 'dataset_produces_2', 'dataset_consumes_1', 'dataset_consumes_1_and_2']) retrieved from /home/airflow/.local/lib/python3.7/site-packages/airflow/example_dags/example_datasets.py
[2023-01-10T10:55:26.487+0000] {logging_mixin.py:137} INFO - [2023-01-10T10:55:26.487+0000] {dag.py:2676} INFO - Sync 6 DAGs
[2023-01-10T10:55:26.507+0000] {logging_mixin.py:137} INFO - [2023-01-10T10:55:26.507+0000] {dag.py:3427} INFO - Setting next_dagrun for dataset_consumes_1 to None, run_after=None
[2023-01-10T10:55:26.510+0000] {logging_mixin.py:137} INFO - [2023-01-10T10:55:26.510+0000] {dag.py:3427} INFO - Setting next_dagrun for dataset_consumes_1_and_2 to None, run_after=None
[2023-01-10T10:55:26.511+0000] {logging_mixin.py:137} INFO - [2023-01-10T10:55:26.511+0000] {dag.py:3427} INFO - Setting next_dagrun for dataset_consumes_1_never_scheduled to None, run_after=None
[2023-01-10T10:55:26.512+0000] {logging_mixin.py:137} INFO - [2023-01-10T10:55:26.512+0000] {dag.py:3427} INFO - Setting next_dagrun for dataset_consumes_unknown_never_scheduled to None, run_after=None
[2023-01-10T10:55:26.514+0000] {logging_mixin.py:137} INFO - [2023-01-10T10:55:26.514+0000] {dag.py:3427} INFO - Setting next_dagrun for dataset_produces_1 to 2023-01-09T00:00:00+00:00, run_after=2023-01-10T00:00:00+00:00
[2023-01-10T10:55:26.515+0000] {logging_mixin.py:137} INFO - [2023-01-10T10:55:26.515+0000] {dag.py:3427} INFO - Setting next_dagrun for dataset_produces_2 to None, run_after=None
[2023-01-10T10:55:26.556+0000] {processor.py:175} INFO - Processing /home/airflow/.local/lib/python3.7/site-packages/airflow/example_dags/example_datasets.py took 0.140 seconds
[2023-01-10T10:55:57.419+0000] {processor.py:153} INFO - Started process (PID=315) to work on /home/airflow/.local/lib/python3.7/site-packages/airflow/example_dags/example_datasets.py
[2023-01-10T10:55:57.426+0000] {processor.py:743} INFO - Processing file /home/airflow/.local/lib/python3.7/site-packages/airflow/example_dags/example_datasets.py for tasks to queue
[2023-01-10T10:55:57.426+0000] {logging_mixin.py:137} INFO - [2023-01-10T10:55:57.426+0000] {dagbag.py:538} INFO - Filling up the DagBag from /home/airflow/.local/lib/python3.7/site-packages/airflow/example_dags/example_datasets.py
[2023-01-10T10:55:57.438+0000] {processor.py:753} INFO - DAG(s) dict_keys(['dataset_consumes_1_and_2', 'dataset_consumes_1', 'dataset_produces_2', 'dataset_consumes_unknown_never_scheduled', 'dataset_consumes_1_never_scheduled', 'dataset_produces_1']) retrieved from /home/airflow/.local/lib/python3.7/site-packages/airflow/example_dags/example_datasets.py
[2023-01-10T10:55:57.480+0000] {logging_mixin.py:137} INFO - [2023-01-10T10:55:57.480+0000] {dag.py:2676} INFO - Sync 6 DAGs
[2023-01-10T10:55:57.506+0000] {logging_mixin.py:137} INFO - [2023-01-10T10:55:57.506+0000] {dag.py:3427} INFO - Setting next_dagrun for dataset_consumes_1 to None, run_after=None
[2023-01-10T10:55:57.509+0000] {logging_mixin.py:137} INFO - [2023-01-10T10:55:57.509+0000] {dag.py:3427} INFO - Setting next_dagrun for dataset_consumes_1_and_2 to None, run_after=None
[2023-01-10T10:55:57.510+0000] {logging_mixin.py:137} INFO - [2023-01-10T10:55:57.510+0000] {dag.py:3427} INFO - Setting next_dagrun for dataset_consumes_1_never_scheduled to None, run_after=None
[2023-01-10T10:55:57.512+0000] {logging_mixin.py:137} INFO - [2023-01-10T10:55:57.511+0000] {dag.py:3427} INFO - Setting next_dagrun for dataset_consumes_unknown_never_scheduled to None, run_after=None
[2023-01-10T10:55:57.514+0000] {logging_mixin.py:137} INFO - [2023-01-10T10:55:57.514+0000] {dag.py:3427} INFO - Setting next_dagrun for dataset_produces_1 to 2023-01-09T00:00:00+00:00, run_after=2023-01-10T00:00:00+00:00
[2023-01-10T10:55:57.515+0000] {logging_mixin.py:137} INFO - [2023-01-10T10:55:57.515+0000] {dag.py:3427} INFO - Setting next_dagrun for dataset_produces_2 to None, run_after=None
[2023-01-10T10:55:57.540+0000] {processor.py:175} INFO - Processing /home/airflow/.local/lib/python3.7/site-packages/airflow/example_dags/example_datasets.py took 0.123 seconds
[2023-01-10T10:56:27.684+0000] {processor.py:153} INFO - Started process (PID=401) to work on /home/airflow/.local/lib/python3.7/site-packages/airflow/example_dags/example_datasets.py
[2023-01-10T10:56:27.690+0000] {processor.py:743} INFO - Processing file /home/airflow/.local/lib/python3.7/site-packages/airflow/example_dags/example_datasets.py for tasks to queue
[2023-01-10T10:56:27.690+0000] {logging_mixin.py:137} INFO - [2023-01-10T10:56:27.690+0000] {dagbag.py:538} INFO - Filling up the DagBag from /home/airflow/.local/lib/python3.7/site-packages/airflow/example_dags/example_datasets.py
[2023-01-10T10:56:27.704+0000] {processor.py:753} INFO - DAG(s) dict_keys(['dataset_produces_2', 'dataset_produces_1', 'dataset_consumes_1_never_scheduled', 'dataset_consumes_unknown_never_scheduled', 'dataset_consumes_1', 'dataset_consumes_1_and_2']) retrieved from /home/airflow/.local/lib/python3.7/site-packages/airflow/example_dags/example_datasets.py
[2023-01-10T10:56:27.745+0000] {logging_mixin.py:137} INFO - [2023-01-10T10:56:27.745+0000] {dag.py:2676} INFO - Sync 6 DAGs
[2023-01-10T10:56:27.766+0000] {logging_mixin.py:137} INFO - [2023-01-10T10:56:27.765+0000] {dag.py:3427} INFO - Setting next_dagrun for dataset_consumes_1 to None, run_after=None
[2023-01-10T10:56:27.768+0000] {logging_mixin.py:137} INFO - [2023-01-10T10:56:27.768+0000] {dag.py:3427} INFO - Setting next_dagrun for dataset_consumes_1_and_2 to None, run_after=None
[2023-01-10T10:56:27.769+0000] {logging_mixin.py:137} INFO - [2023-01-10T10:56:27.769+0000] {dag.py:3427} INFO - Setting next_dagrun for dataset_consumes_1_never_scheduled to None, run_after=None
[2023-01-10T10:56:27.770+0000] {logging_mixin.py:137} INFO - [2023-01-10T10:56:27.770+0000] {dag.py:3427} INFO - Setting next_dagrun for dataset_consumes_unknown_never_scheduled to None, run_after=None
[2023-01-10T10:56:27.772+0000] {logging_mixin.py:137} INFO - [2023-01-10T10:56:27.772+0000] {dag.py:3427} INFO - Setting next_dagrun for dataset_produces_1 to 2023-01-09T00:00:00+00:00, run_after=2023-01-10T00:00:00+00:00
[2023-01-10T10:56:27.773+0000] {logging_mixin.py:137} INFO - [2023-01-10T10:56:27.773+0000] {dag.py:3427} INFO - Setting next_dagrun for dataset_produces_2 to None, run_after=None
[2023-01-10T10:56:27.798+0000] {processor.py:175} INFO - Processing /home/airflow/.local/lib/python3.7/site-packages/airflow/example_dags/example_datasets.py took 0.116 seconds
[2023-01-10T10:56:58.733+0000] {processor.py:153} INFO - Started process (PID=471) to work on /home/airflow/.local/lib/python3.7/site-packages/airflow/example_dags/example_datasets.py
[2023-01-10T10:56:58.740+0000] {processor.py:743} INFO - Processing file /home/airflow/.local/lib/python3.7/site-packages/airflow/example_dags/example_datasets.py for tasks to queue
[2023-01-10T10:56:58.740+0000] {logging_mixin.py:137} INFO - [2023-01-10T10:56:58.740+0000] {dagbag.py:538} INFO - Filling up the DagBag from /home/airflow/.local/lib/python3.7/site-packages/airflow/example_dags/example_datasets.py
[2023-01-10T10:56:58.754+0000] {processor.py:753} INFO - DAG(s) dict_keys(['dataset_consumes_1_never_scheduled', 'dataset_consumes_unknown_never_scheduled', 'dataset_consumes_1', 'dataset_produces_2', 'dataset_produces_1', 'dataset_consumes_1_and_2']) retrieved from /home/airflow/.local/lib/python3.7/site-packages/airflow/example_dags/example_datasets.py
[2023-01-10T10:56:58.802+0000] {logging_mixin.py:137} INFO - [2023-01-10T10:56:58.802+0000] {dag.py:2676} INFO - Sync 6 DAGs
[2023-01-10T10:56:58.833+0000] {logging_mixin.py:137} INFO - [2023-01-10T10:56:58.833+0000] {dag.py:3427} INFO - Setting next_dagrun for dataset_consumes_1 to None, run_after=None
[2023-01-10T10:56:58.838+0000] {logging_mixin.py:137} INFO - [2023-01-10T10:56:58.838+0000] {dag.py:3427} INFO - Setting next_dagrun for dataset_consumes_1_and_2 to None, run_after=None
[2023-01-10T10:56:58.840+0000] {logging_mixin.py:137} INFO - [2023-01-10T10:56:58.840+0000] {dag.py:3427} INFO - Setting next_dagrun for dataset_consumes_1_never_scheduled to None, run_after=None
[2023-01-10T10:56:58.841+0000] {logging_mixin.py:137} INFO - [2023-01-10T10:56:58.841+0000] {dag.py:3427} INFO - Setting next_dagrun for dataset_consumes_unknown_never_scheduled to None, run_after=None
[2023-01-10T10:56:58.843+0000] {logging_mixin.py:137} INFO - [2023-01-10T10:56:58.843+0000] {dag.py:3427} INFO - Setting next_dagrun for dataset_produces_1 to 2023-01-09T00:00:00+00:00, run_after=2023-01-10T00:00:00+00:00
[2023-01-10T10:56:58.844+0000] {logging_mixin.py:137} INFO - [2023-01-10T10:56:58.844+0000] {dag.py:3427} INFO - Setting next_dagrun for dataset_produces_2 to None, run_after=None
[2023-01-10T10:56:58.869+0000] {processor.py:175} INFO - Processing /home/airflow/.local/lib/python3.7/site-packages/airflow/example_dags/example_datasets.py took 0.137 seconds
[2023-01-10T10:57:28.940+0000] {processor.py:153} INFO - Started process (PID=557) to work on /home/airflow/.local/lib/python3.7/site-packages/airflow/example_dags/example_datasets.py
[2023-01-10T10:57:28.940+0000] {processor.py:743} INFO - Processing file /home/airflow/.local/lib/python3.7/site-packages/airflow/example_dags/example_datasets.py for tasks to queue
[2023-01-10T10:57:28.940+0000] {logging_mixin.py:137} INFO - [2023-01-10T10:57:28.940+0000] {dagbag.py:538} INFO - Filling up the DagBag from /home/airflow/.local/lib/python3.7/site-packages/airflow/example_dags/example_datasets.py
[2023-01-10T10:57:28.953+0000] {processor.py:753} INFO - DAG(s) dict_keys(['dataset_produces_2', 'dataset_consumes_unknown_never_scheduled', 'dataset_consumes_1_never_scheduled', 'dataset_consumes_1_and_2', 'dataset_produces_1', 'dataset_consumes_1']) retrieved from /home/airflow/.local/lib/python3.7/site-packages/airflow/example_dags/example_datasets.py
[2023-01-10T10:57:28.991+0000] {logging_mixin.py:137} INFO - [2023-01-10T10:57:28.991+0000] {dag.py:2676} INFO - Sync 6 DAGs
[2023-01-10T10:57:29.010+0000] {logging_mixin.py:137} INFO - [2023-01-10T10:57:29.009+0000] {dag.py:3427} INFO - Setting next_dagrun for dataset_consumes_1 to None, run_after=None
[2023-01-10T10:57:29.012+0000] {logging_mixin.py:137} INFO - [2023-01-10T10:57:29.012+0000] {dag.py:3427} INFO - Setting next_dagrun for dataset_consumes_1_and_2 to None, run_after=None
[2023-01-10T10:57:29.013+0000] {logging_mixin.py:137} INFO - [2023-01-10T10:57:29.013+0000] {dag.py:3427} INFO - Setting next_dagrun for dataset_consumes_1_never_scheduled to None, run_after=None
[2023-01-10T10:57:29.014+0000] {logging_mixin.py:137} INFO - [2023-01-10T10:57:29.014+0000] {dag.py:3427} INFO - Setting next_dagrun for dataset_consumes_unknown_never_scheduled to None, run_after=None
[2023-01-10T10:57:29.016+0000] {logging_mixin.py:137} INFO - [2023-01-10T10:57:29.016+0000] {dag.py:3427} INFO - Setting next_dagrun for dataset_produces_1 to 2023-01-09T00:00:00+00:00, run_after=2023-01-10T00:00:00+00:00
[2023-01-10T10:57:29.016+0000] {logging_mixin.py:137} INFO - [2023-01-10T10:57:29.016+0000] {dag.py:3427} INFO - Setting next_dagrun for dataset_produces_2 to None, run_after=None
[2023-01-10T10:57:29.038+0000] {processor.py:175} INFO - Processing /home/airflow/.local/lib/python3.7/site-packages/airflow/example_dags/example_datasets.py took 0.100 seconds
[2023-01-10T10:57:59.842+0000] {processor.py:153} INFO - Started process (PID=636) to work on /home/airflow/.local/lib/python3.7/site-packages/airflow/example_dags/example_datasets.py
[2023-01-10T10:57:59.848+0000] {processor.py:743} INFO - Processing file /home/airflow/.local/lib/python3.7/site-packages/airflow/example_dags/example_datasets.py for tasks to queue
[2023-01-10T10:57:59.849+0000] {logging_mixin.py:137} INFO - [2023-01-10T10:57:59.849+0000] {dagbag.py:538} INFO - Filling up the DagBag from /home/airflow/.local/lib/python3.7/site-packages/airflow/example_dags/example_datasets.py
[2023-01-10T10:57:59.864+0000] {processor.py:753} INFO - DAG(s) dict_keys(['dataset_consumes_1_and_2', 'dataset_produces_1', 'dataset_produces_2', 'dataset_consumes_1', 'dataset_consumes_1_never_scheduled', 'dataset_consumes_unknown_never_scheduled']) retrieved from /home/airflow/.local/lib/python3.7/site-packages/airflow/example_dags/example_datasets.py
[2023-01-10T10:57:59.909+0000] {logging_mixin.py:137} INFO - [2023-01-10T10:57:59.909+0000] {dag.py:2676} INFO - Sync 6 DAGs
[2023-01-10T10:57:59.933+0000] {logging_mixin.py:137} INFO - [2023-01-10T10:57:59.932+0000] {dag.py:3427} INFO - Setting next_dagrun for dataset_consumes_1 to None, run_after=None
[2023-01-10T10:57:59.936+0000] {logging_mixin.py:137} INFO - [2023-01-10T10:57:59.936+0000] {dag.py:3427} INFO - Setting next_dagrun for dataset_consumes_1_and_2 to None, run_after=None
[2023-01-10T10:57:59.937+0000] {logging_mixin.py:137} INFO - [2023-01-10T10:57:59.937+0000] {dag.py:3427} INFO - Setting next_dagrun for dataset_consumes_1_never_scheduled to None, run_after=None
[2023-01-10T10:57:59.938+0000] {logging_mixin.py:137} INFO - [2023-01-10T10:57:59.938+0000] {dag.py:3427} INFO - Setting next_dagrun for dataset_consumes_unknown_never_scheduled to None, run_after=None
[2023-01-10T10:57:59.940+0000] {logging_mixin.py:137} INFO - [2023-01-10T10:57:59.940+0000] {dag.py:3427} INFO - Setting next_dagrun for dataset_produces_1 to 2023-01-09T00:00:00+00:00, run_after=2023-01-10T00:00:00+00:00
[2023-01-10T10:57:59.941+0000] {logging_mixin.py:137} INFO - [2023-01-10T10:57:59.941+0000] {dag.py:3427} INFO - Setting next_dagrun for dataset_produces_2 to None, run_after=None
[2023-01-10T10:57:59.971+0000] {processor.py:175} INFO - Processing /home/airflow/.local/lib/python3.7/site-packages/airflow/example_dags/example_datasets.py took 0.131 seconds
[2023-01-10T10:58:30.827+0000] {processor.py:153} INFO - Started process (PID=713) to work on /home/airflow/.local/lib/python3.7/site-packages/airflow/example_dags/example_datasets.py
[2023-01-10T10:58:30.828+0000] {processor.py:743} INFO - Processing file /home/airflow/.local/lib/python3.7/site-packages/airflow/example_dags/example_datasets.py for tasks to queue
[2023-01-10T10:58:30.829+0000] {logging_mixin.py:137} INFO - [2023-01-10T10:58:30.829+0000] {dagbag.py:538} INFO - Filling up the DagBag from /home/airflow/.local/lib/python3.7/site-packages/airflow/example_dags/example_datasets.py
[2023-01-10T10:58:30.841+0000] {processor.py:753} INFO - DAG(s) dict_keys(['dataset_produces_1', 'dataset_consumes_unknown_never_scheduled', 'dataset_consumes_1_never_scheduled', 'dataset_consumes_1_and_2', 'dataset_produces_2', 'dataset_consumes_1']) retrieved from /home/airflow/.local/lib/python3.7/site-packages/airflow/example_dags/example_datasets.py
[2023-01-10T10:58:30.882+0000] {logging_mixin.py:137} INFO - [2023-01-10T10:58:30.882+0000] {dag.py:2676} INFO - Sync 6 DAGs
[2023-01-10T10:58:30.909+0000] {logging_mixin.py:137} INFO - [2023-01-10T10:58:30.908+0000] {dag.py:3427} INFO - Setting next_dagrun for dataset_consumes_1 to None, run_after=None
[2023-01-10T10:58:30.913+0000] {logging_mixin.py:137} INFO - [2023-01-10T10:58:30.912+0000] {dag.py:3427} INFO - Setting next_dagrun for dataset_consumes_1_and_2 to None, run_after=None
[2023-01-10T10:58:30.915+0000] {logging_mixin.py:137} INFO - [2023-01-10T10:58:30.914+0000] {dag.py:3427} INFO - Setting next_dagrun for dataset_consumes_1_never_scheduled to None, run_after=None
[2023-01-10T10:58:30.916+0000] {logging_mixin.py:137} INFO - [2023-01-10T10:58:30.916+0000] {dag.py:3427} INFO - Setting next_dagrun for dataset_consumes_unknown_never_scheduled to None, run_after=None
[2023-01-10T10:58:30.919+0000] {logging_mixin.py:137} INFO - [2023-01-10T10:58:30.919+0000] {dag.py:3427} INFO - Setting next_dagrun for dataset_produces_1 to 2023-01-09T00:00:00+00:00, run_after=2023-01-10T00:00:00+00:00
[2023-01-10T10:58:30.920+0000] {logging_mixin.py:137} INFO - [2023-01-10T10:58:30.920+0000] {dag.py:3427} INFO - Setting next_dagrun for dataset_produces_2 to None, run_after=None
[2023-01-10T10:58:30.946+0000] {processor.py:175} INFO - Processing /home/airflow/.local/lib/python3.7/site-packages/airflow/example_dags/example_datasets.py took 0.121 seconds
[2023-01-10T10:59:01.213+0000] {processor.py:153} INFO - Started process (PID=798) to work on /home/airflow/.local/lib/python3.7/site-packages/airflow/example_dags/example_datasets.py
[2023-01-10T10:59:01.220+0000] {processor.py:743} INFO - Processing file /home/airflow/.local/lib/python3.7/site-packages/airflow/example_dags/example_datasets.py for tasks to queue
[2023-01-10T10:59:01.221+0000] {logging_mixin.py:137} INFO - [2023-01-10T10:59:01.220+0000] {dagbag.py:538} INFO - Filling up the DagBag from /home/airflow/.local/lib/python3.7/site-packages/airflow/example_dags/example_datasets.py
[2023-01-10T10:59:01.232+0000] {processor.py:753} INFO - DAG(s) dict_keys(['dataset_produces_2', 'dataset_consumes_1', 'dataset_consumes_unknown_never_scheduled', 'dataset_consumes_1_never_scheduled', 'dataset_consumes_1_and_2', 'dataset_produces_1']) retrieved from /home/airflow/.local/lib/python3.7/site-packages/airflow/example_dags/example_datasets.py
[2023-01-10T10:59:01.273+0000] {logging_mixin.py:137} INFO - [2023-01-10T10:59:01.273+0000] {dag.py:2676} INFO - Sync 6 DAGs
[2023-01-10T10:59:01.292+0000] {logging_mixin.py:137} INFO - [2023-01-10T10:59:01.292+0000] {dag.py:3427} INFO - Setting next_dagrun for dataset_consumes_1 to None, run_after=None
[2023-01-10T10:59:01.295+0000] {logging_mixin.py:137} INFO - [2023-01-10T10:59:01.295+0000] {dag.py:3427} INFO - Setting next_dagrun for dataset_consumes_1_and_2 to None, run_after=None
[2023-01-10T10:59:01.296+0000] {logging_mixin.py:137} INFO - [2023-01-10T10:59:01.296+0000] {dag.py:3427} INFO - Setting next_dagrun for dataset_consumes_1_never_scheduled to None, run_after=None
[2023-01-10T10:59:01.297+0000] {logging_mixin.py:137} INFO - [2023-01-10T10:59:01.297+0000] {dag.py:3427} INFO - Setting next_dagrun for dataset_consumes_unknown_never_scheduled to None, run_after=None
[2023-01-10T10:59:01.299+0000] {logging_mixin.py:137} INFO - [2023-01-10T10:59:01.299+0000] {dag.py:3427} INFO - Setting next_dagrun for dataset_produces_1 to 2023-01-09T00:00:00+00:00, run_after=2023-01-10T00:00:00+00:00
[2023-01-10T10:59:01.300+0000] {logging_mixin.py:137} INFO - [2023-01-10T10:59:01.300+0000] {dag.py:3427} INFO - Setting next_dagrun for dataset_produces_2 to None, run_after=None
[2023-01-10T10:59:01.325+0000] {processor.py:175} INFO - Processing /home/airflow/.local/lib/python3.7/site-packages/airflow/example_dags/example_datasets.py took 0.115 seconds
[2023-01-10T10:59:31.453+0000] {processor.py:153} INFO - Started process (PID=868) to work on /home/airflow/.local/lib/python3.7/site-packages/airflow/example_dags/example_datasets.py
[2023-01-10T10:59:31.454+0000] {processor.py:743} INFO - Processing file /home/airflow/.local/lib/python3.7/site-packages/airflow/example_dags/example_datasets.py for tasks to queue
[2023-01-10T10:59:31.454+0000] {logging_mixin.py:137} INFO - [2023-01-10T10:59:31.454+0000] {dagbag.py:538} INFO - Filling up the DagBag from /home/airflow/.local/lib/python3.7/site-packages/airflow/example_dags/example_datasets.py
[2023-01-10T10:59:31.468+0000] {processor.py:753} INFO - DAG(s) dict_keys(['dataset_produces_2', 'dataset_produces_1', 'dataset_consumes_1_never_scheduled', 'dataset_consumes_1_and_2', 'dataset_consumes_1', 'dataset_consumes_unknown_never_scheduled']) retrieved from /home/airflow/.local/lib/python3.7/site-packages/airflow/example_dags/example_datasets.py
[2023-01-10T10:59:31.510+0000] {logging_mixin.py:137} INFO - [2023-01-10T10:59:31.510+0000] {dag.py:2676} INFO - Sync 6 DAGs
[2023-01-10T10:59:31.533+0000] {logging_mixin.py:137} INFO - [2023-01-10T10:59:31.533+0000] {dag.py:3427} INFO - Setting next_dagrun for dataset_consumes_1 to None, run_after=None
[2023-01-10T10:59:31.536+0000] {logging_mixin.py:137} INFO - [2023-01-10T10:59:31.536+0000] {dag.py:3427} INFO - Setting next_dagrun for dataset_consumes_1_and_2 to None, run_after=None
[2023-01-10T10:59:31.537+0000] {logging_mixin.py:137} INFO - [2023-01-10T10:59:31.537+0000] {dag.py:3427} INFO - Setting next_dagrun for dataset_consumes_1_never_scheduled to None, run_after=None
[2023-01-10T10:59:31.538+0000] {logging_mixin.py:137} INFO - [2023-01-10T10:59:31.538+0000] {dag.py:3427} INFO - Setting next_dagrun for dataset_consumes_unknown_never_scheduled to None, run_after=None
[2023-01-10T10:59:31.540+0000] {logging_mixin.py:137} INFO - [2023-01-10T10:59:31.540+0000] {dag.py:3427} INFO - Setting next_dagrun for dataset_produces_1 to 2023-01-09T00:00:00+00:00, run_after=2023-01-10T00:00:00+00:00
[2023-01-10T10:59:31.541+0000] {logging_mixin.py:137} INFO - [2023-01-10T10:59:31.541+0000] {dag.py:3427} INFO - Setting next_dagrun for dataset_produces_2 to None, run_after=None
[2023-01-10T10:59:31.567+0000] {processor.py:175} INFO - Processing /home/airflow/.local/lib/python3.7/site-packages/airflow/example_dags/example_datasets.py took 0.117 seconds
[2023-01-10T11:00:01.652+0000] {processor.py:153} INFO - Started process (PID=955) to work on /home/airflow/.local/lib/python3.7/site-packages/airflow/example_dags/example_datasets.py
[2023-01-10T11:00:01.659+0000] {processor.py:743} INFO - Processing file /home/airflow/.local/lib/python3.7/site-packages/airflow/example_dags/example_datasets.py for tasks to queue
[2023-01-10T11:00:01.659+0000] {logging_mixin.py:137} INFO - [2023-01-10T11:00:01.659+0000] {dagbag.py:538} INFO - Filling up the DagBag from /home/airflow/.local/lib/python3.7/site-packages/airflow/example_dags/example_datasets.py
[2023-01-10T11:00:01.673+0000] {processor.py:753} INFO - DAG(s) dict_keys(['dataset_consumes_unknown_never_scheduled', 'dataset_produces_1', 'dataset_produces_2', 'dataset_consumes_1', 'dataset_consumes_1_never_scheduled', 'dataset_consumes_1_and_2']) retrieved from /home/airflow/.local/lib/python3.7/site-packages/airflow/example_dags/example_datasets.py
[2023-01-10T11:00:01.715+0000] {logging_mixin.py:137} INFO - [2023-01-10T11:00:01.715+0000] {dag.py:2676} INFO - Sync 6 DAGs
[2023-01-10T11:00:01.737+0000] {logging_mixin.py:137} INFO - [2023-01-10T11:00:01.736+0000] {dag.py:3427} INFO - Setting next_dagrun for dataset_consumes_1 to None, run_after=None
[2023-01-10T11:00:01.740+0000] {logging_mixin.py:137} INFO - [2023-01-10T11:00:01.740+0000] {dag.py:3427} INFO - Setting next_dagrun for dataset_consumes_1_and_2 to None, run_after=None
[2023-01-10T11:00:01.741+0000] {logging_mixin.py:137} INFO - [2023-01-10T11:00:01.741+0000] {dag.py:3427} INFO - Setting next_dagrun for dataset_consumes_1_never_scheduled to None, run_after=None
[2023-01-10T11:00:01.742+0000] {logging_mixin.py:137} INFO - [2023-01-10T11:00:01.741+0000] {dag.py:3427} INFO - Setting next_dagrun for dataset_consumes_unknown_never_scheduled to None, run_after=None
[2023-01-10T11:00:01.745+0000] {logging_mixin.py:137} INFO - [2023-01-10T11:00:01.744+0000] {dag.py:3427} INFO - Setting next_dagrun for dataset_produces_1 to 2023-01-09T00:00:00+00:00, run_after=2023-01-10T00:00:00+00:00
[2023-01-10T11:00:01.746+0000] {logging_mixin.py:137} INFO - [2023-01-10T11:00:01.746+0000] {dag.py:3427} INFO - Setting next_dagrun for dataset_produces_2 to None, run_after=None
[2023-01-10T11:00:01.773+0000] {processor.py:175} INFO - Processing /home/airflow/.local/lib/python3.7/site-packages/airflow/example_dags/example_datasets.py took 0.123 seconds
[2023-01-10T11:00:31.842+0000] {processor.py:153} INFO - Started process (PID=1025) to work on /home/airflow/.local/lib/python3.7/site-packages/airflow/example_dags/example_datasets.py
[2023-01-10T11:00:31.843+0000] {processor.py:743} INFO - Processing file /home/airflow/.local/lib/python3.7/site-packages/airflow/example_dags/example_datasets.py for tasks to queue
[2023-01-10T11:00:31.843+0000] {logging_mixin.py:137} INFO - [2023-01-10T11:00:31.843+0000] {dagbag.py:538} INFO - Filling up the DagBag from /home/airflow/.local/lib/python3.7/site-packages/airflow/example_dags/example_datasets.py
[2023-01-10T11:00:31.857+0000] {processor.py:753} INFO - DAG(s) dict_keys(['dataset_consumes_unknown_never_scheduled', 'dataset_consumes_1_and_2', 'dataset_produces_1', 'dataset_produces_2', 'dataset_consumes_1', 'dataset_consumes_1_never_scheduled']) retrieved from /home/airflow/.local/lib/python3.7/site-packages/airflow/example_dags/example_datasets.py
[2023-01-10T11:00:31.901+0000] {logging_mixin.py:137} INFO - [2023-01-10T11:00:31.901+0000] {dag.py:2676} INFO - Sync 6 DAGs
[2023-01-10T11:00:31.926+0000] {logging_mixin.py:137} INFO - [2023-01-10T11:00:31.926+0000] {dag.py:3427} INFO - Setting next_dagrun for dataset_consumes_1 to None, run_after=None
[2023-01-10T11:00:31.931+0000] {logging_mixin.py:137} INFO - [2023-01-10T11:00:31.931+0000] {dag.py:3427} INFO - Setting next_dagrun for dataset_consumes_1_and_2 to None, run_after=None
[2023-01-10T11:00:31.933+0000] {logging_mixin.py:137} INFO - [2023-01-10T11:00:31.933+0000] {dag.py:3427} INFO - Setting next_dagrun for dataset_consumes_1_never_scheduled to None, run_after=None
[2023-01-10T11:00:31.934+0000] {logging_mixin.py:137} INFO - [2023-01-10T11:00:31.934+0000] {dag.py:3427} INFO - Setting next_dagrun for dataset_consumes_unknown_never_scheduled to None, run_after=None
[2023-01-10T11:00:31.937+0000] {logging_mixin.py:137} INFO - [2023-01-10T11:00:31.937+0000] {dag.py:3427} INFO - Setting next_dagrun for dataset_produces_1 to 2023-01-09T00:00:00+00:00, run_after=2023-01-10T00:00:00+00:00
[2023-01-10T11:00:31.938+0000] {logging_mixin.py:137} INFO - [2023-01-10T11:00:31.938+0000] {dag.py:3427} INFO - Setting next_dagrun for dataset_produces_2 to None, run_after=None
[2023-01-10T11:00:31.965+0000] {processor.py:175} INFO - Processing /home/airflow/.local/lib/python3.7/site-packages/airflow/example_dags/example_datasets.py took 0.126 seconds
[2023-01-10T11:01:02.024+0000] {processor.py:153} INFO - Started process (PID=1111) to work on /home/airflow/.local/lib/python3.7/site-packages/airflow/example_dags/example_datasets.py
[2023-01-10T11:01:02.025+0000] {processor.py:743} INFO - Processing file /home/airflow/.local/lib/python3.7/site-packages/airflow/example_dags/example_datasets.py for tasks to queue
[2023-01-10T11:01:02.025+0000] {logging_mixin.py:137} INFO - [2023-01-10T11:01:02.025+0000] {dagbag.py:538} INFO - Filling up the DagBag from /home/airflow/.local/lib/python3.7/site-packages/airflow/example_dags/example_datasets.py
[2023-01-10T11:01:02.038+0000] {processor.py:753} INFO - DAG(s) dict_keys(['dataset_produces_1', 'dataset_consumes_1_and_2', 'dataset_consumes_1_never_scheduled', 'dataset_produces_2', 'dataset_consumes_1', 'dataset_consumes_unknown_never_scheduled']) retrieved from /home/airflow/.local/lib/python3.7/site-packages/airflow/example_dags/example_datasets.py
[2023-01-10T11:01:02.084+0000] {logging_mixin.py:137} INFO - [2023-01-10T11:01:02.084+0000] {dag.py:2676} INFO - Sync 6 DAGs
[2023-01-10T11:01:02.109+0000] {logging_mixin.py:137} INFO - [2023-01-10T11:01:02.109+0000] {dag.py:3427} INFO - Setting next_dagrun for dataset_consumes_1 to None, run_after=None
[2023-01-10T11:01:02.112+0000] {logging_mixin.py:137} INFO - [2023-01-10T11:01:02.112+0000] {dag.py:3427} INFO - Setting next_dagrun for dataset_consumes_1_and_2 to None, run_after=None
[2023-01-10T11:01:02.113+0000] {logging_mixin.py:137} INFO - [2023-01-10T11:01:02.112+0000] {dag.py:3427} INFO - Setting next_dagrun for dataset_consumes_1_never_scheduled to None, run_after=None
[2023-01-10T11:01:02.113+0000] {logging_mixin.py:137} INFO - [2023-01-10T11:01:02.113+0000] {dag.py:3427} INFO - Setting next_dagrun for dataset_consumes_unknown_never_scheduled to None, run_after=None
[2023-01-10T11:01:02.115+0000] {logging_mixin.py:137} INFO - [2023-01-10T11:01:02.115+0000] {dag.py:3427} INFO - Setting next_dagrun for dataset_produces_1 to 2023-01-09T00:00:00+00:00, run_after=2023-01-10T00:00:00+00:00
[2023-01-10T11:01:02.116+0000] {logging_mixin.py:137} INFO - [2023-01-10T11:01:02.116+0000] {dag.py:3427} INFO - Setting next_dagrun for dataset_produces_2 to None, run_after=None
[2023-01-10T11:01:02.145+0000] {processor.py:175} INFO - Processing /home/airflow/.local/lib/python3.7/site-packages/airflow/example_dags/example_datasets.py took 0.125 seconds
[2023-01-10T11:01:32.208+0000] {processor.py:153} INFO - Started process (PID=1181) to work on /home/airflow/.local/lib/python3.7/site-packages/airflow/example_dags/example_datasets.py
[2023-01-10T11:01:32.209+0000] {processor.py:743} INFO - Processing file /home/airflow/.local/lib/python3.7/site-packages/airflow/example_dags/example_datasets.py for tasks to queue
[2023-01-10T11:01:32.210+0000] {logging_mixin.py:137} INFO - [2023-01-10T11:01:32.210+0000] {dagbag.py:538} INFO - Filling up the DagBag from /home/airflow/.local/lib/python3.7/site-packages/airflow/example_dags/example_datasets.py
[2023-01-10T11:01:32.225+0000] {processor.py:753} INFO - DAG(s) dict_keys(['dataset_produces_1', 'dataset_produces_2', 'dataset_consumes_1', 'dataset_consumes_unknown_never_scheduled', 'dataset_consumes_1_never_scheduled', 'dataset_consumes_1_and_2']) retrieved from /home/airflow/.local/lib/python3.7/site-packages/airflow/example_dags/example_datasets.py
[2023-01-10T11:01:32.274+0000] {logging_mixin.py:137} INFO - [2023-01-10T11:01:32.274+0000] {dag.py:2676} INFO - Sync 6 DAGs
[2023-01-10T11:01:32.295+0000] {logging_mixin.py:137} INFO - [2023-01-10T11:01:32.295+0000] {dag.py:3427} INFO - Setting next_dagrun for dataset_consumes_1 to None, run_after=None
[2023-01-10T11:01:32.298+0000] {logging_mixin.py:137} INFO - [2023-01-10T11:01:32.298+0000] {dag.py:3427} INFO - Setting next_dagrun for dataset_consumes_1_and_2 to None, run_after=None
[2023-01-10T11:01:32.299+0000] {logging_mixin.py:137} INFO - [2023-01-10T11:01:32.299+0000] {dag.py:3427} INFO - Setting next_dagrun for dataset_consumes_1_never_scheduled to None, run_after=None
[2023-01-10T11:01:32.300+0000] {logging_mixin.py:137} INFO - [2023-01-10T11:01:32.300+0000] {dag.py:3427} INFO - Setting next_dagrun for dataset_consumes_unknown_never_scheduled to None, run_after=None
[2023-01-10T11:01:32.302+0000] {logging_mixin.py:137} INFO - [2023-01-10T11:01:32.302+0000] {dag.py:3427} INFO - Setting next_dagrun for dataset_produces_1 to 2023-01-09T00:00:00+00:00, run_after=2023-01-10T00:00:00+00:00
[2023-01-10T11:01:32.303+0000] {logging_mixin.py:137} INFO - [2023-01-10T11:01:32.303+0000] {dag.py:3427} INFO - Setting next_dagrun for dataset_produces_2 to None, run_after=None
[2023-01-10T11:01:32.327+0000] {processor.py:175} INFO - Processing /home/airflow/.local/lib/python3.7/site-packages/airflow/example_dags/example_datasets.py took 0.121 seconds
[2023-01-10T11:02:02.595+0000] {processor.py:153} INFO - Started process (PID=1268) to work on /home/airflow/.local/lib/python3.7/site-packages/airflow/example_dags/example_datasets.py
[2023-01-10T11:02:02.596+0000] {processor.py:743} INFO - Processing file /home/airflow/.local/lib/python3.7/site-packages/airflow/example_dags/example_datasets.py for tasks to queue
[2023-01-10T11:02:02.596+0000] {logging_mixin.py:137} INFO - [2023-01-10T11:02:02.596+0000] {dagbag.py:538} INFO - Filling up the DagBag from /home/airflow/.local/lib/python3.7/site-packages/airflow/example_dags/example_datasets.py
[2023-01-10T11:02:02.609+0000] {processor.py:753} INFO - DAG(s) dict_keys(['dataset_consumes_unknown_never_scheduled', 'dataset_consumes_1_and_2', 'dataset_consumes_1', 'dataset_produces_1', 'dataset_produces_2', 'dataset_consumes_1_never_scheduled']) retrieved from /home/airflow/.local/lib/python3.7/site-packages/airflow/example_dags/example_datasets.py
[2023-01-10T11:02:02.653+0000] {logging_mixin.py:137} INFO - [2023-01-10T11:02:02.653+0000] {dag.py:2676} INFO - Sync 6 DAGs
[2023-01-10T11:02:02.678+0000] {logging_mixin.py:137} INFO - [2023-01-10T11:02:02.678+0000] {dag.py:3427} INFO - Setting next_dagrun for dataset_consumes_1 to None, run_after=None
[2023-01-10T11:02:02.681+0000] {logging_mixin.py:137} INFO - [2023-01-10T11:02:02.680+0000] {dag.py:3427} INFO - Setting next_dagrun for dataset_consumes_1_and_2 to None, run_after=None
[2023-01-10T11:02:02.682+0000] {logging_mixin.py:137} INFO - [2023-01-10T11:02:02.682+0000] {dag.py:3427} INFO - Setting next_dagrun for dataset_consumes_1_never_scheduled to None, run_after=None
[2023-01-10T11:02:02.683+0000] {logging_mixin.py:137} INFO - [2023-01-10T11:02:02.683+0000] {dag.py:3427} INFO - Setting next_dagrun for dataset_consumes_unknown_never_scheduled to None, run_after=None
[2023-01-10T11:02:02.685+0000] {logging_mixin.py:137} INFO - [2023-01-10T11:02:02.685+0000] {dag.py:3427} INFO - Setting next_dagrun for dataset_produces_1 to 2023-01-09T00:00:00+00:00, run_after=2023-01-10T00:00:00+00:00
[2023-01-10T11:02:02.687+0000] {logging_mixin.py:137} INFO - [2023-01-10T11:02:02.687+0000] {dag.py:3427} INFO - Setting next_dagrun for dataset_produces_2 to None, run_after=None
[2023-01-10T11:02:02.713+0000] {processor.py:175} INFO - Processing /home/airflow/.local/lib/python3.7/site-packages/airflow/example_dags/example_datasets.py took 0.119 seconds
[2023-01-10T11:02:33.598+0000] {processor.py:153} INFO - Started process (PID=1338) to work on /home/airflow/.local/lib/python3.7/site-packages/airflow/example_dags/example_datasets.py
[2023-01-10T11:02:33.604+0000] {processor.py:743} INFO - Processing file /home/airflow/.local/lib/python3.7/site-packages/airflow/example_dags/example_datasets.py for tasks to queue
[2023-01-10T11:02:33.605+0000] {logging_mixin.py:137} INFO - [2023-01-10T11:02:33.605+0000] {dagbag.py:538} INFO - Filling up the DagBag from /home/airflow/.local/lib/python3.7/site-packages/airflow/example_dags/example_datasets.py
[2023-01-10T11:02:33.617+0000] {processor.py:753} INFO - DAG(s) dict_keys(['dataset_produces_2', 'dataset_consumes_1', 'dataset_consumes_1_and_2', 'dataset_consumes_1_never_scheduled', 'dataset_consumes_unknown_never_scheduled', 'dataset_produces_1']) retrieved from /home/airflow/.local/lib/python3.7/site-packages/airflow/example_dags/example_datasets.py
[2023-01-10T11:02:33.668+0000] {logging_mixin.py:137} INFO - [2023-01-10T11:02:33.668+0000] {dag.py:2676} INFO - Sync 6 DAGs
[2023-01-10T11:02:33.697+0000] {logging_mixin.py:137} INFO - [2023-01-10T11:02:33.696+0000] {dag.py:3427} INFO - Setting next_dagrun for dataset_consumes_1 to None, run_after=None
[2023-01-10T11:02:33.700+0000] {logging_mixin.py:137} INFO - [2023-01-10T11:02:33.700+0000] {dag.py:3427} INFO - Setting next_dagrun for dataset_consumes_1_and_2 to None, run_after=None
[2023-01-10T11:02:33.701+0000] {logging_mixin.py:137} INFO - [2023-01-10T11:02:33.701+0000] {dag.py:3427} INFO - Setting next_dagrun for dataset_consumes_1_never_scheduled to None, run_after=None
[2023-01-10T11:02:33.702+0000] {logging_mixin.py:137} INFO - [2023-01-10T11:02:33.701+0000] {dag.py:3427} INFO - Setting next_dagrun for dataset_consumes_unknown_never_scheduled to None, run_after=None
[2023-01-10T11:02:33.704+0000] {logging_mixin.py:137} INFO - [2023-01-10T11:02:33.704+0000] {dag.py:3427} INFO - Setting next_dagrun for dataset_produces_1 to 2023-01-09T00:00:00+00:00, run_after=2023-01-10T00:00:00+00:00
[2023-01-10T11:02:33.705+0000] {logging_mixin.py:137} INFO - [2023-01-10T11:02:33.705+0000] {dag.py:3427} INFO - Setting next_dagrun for dataset_produces_2 to None, run_after=None
[2023-01-10T11:02:33.733+0000] {processor.py:175} INFO - Processing /home/airflow/.local/lib/python3.7/site-packages/airflow/example_dags/example_datasets.py took 0.138 seconds
[2023-01-10T11:03:03.798+0000] {processor.py:153} INFO - Started process (PID=1424) to work on /home/airflow/.local/lib/python3.7/site-packages/airflow/example_dags/example_datasets.py
[2023-01-10T11:03:03.799+0000] {processor.py:743} INFO - Processing file /home/airflow/.local/lib/python3.7/site-packages/airflow/example_dags/example_datasets.py for tasks to queue
[2023-01-10T11:03:03.799+0000] {logging_mixin.py:137} INFO - [2023-01-10T11:03:03.799+0000] {dagbag.py:538} INFO - Filling up the DagBag from /home/airflow/.local/lib/python3.7/site-packages/airflow/example_dags/example_datasets.py
[2023-01-10T11:03:03.812+0000] {processor.py:753} INFO - DAG(s) dict_keys(['dataset_produces_2', 'dataset_consumes_1_and_2', 'dataset_consumes_1', 'dataset_consumes_1_never_scheduled', 'dataset_consumes_unknown_never_scheduled', 'dataset_produces_1']) retrieved from /home/airflow/.local/lib/python3.7/site-packages/airflow/example_dags/example_datasets.py
[2023-01-10T11:03:03.853+0000] {logging_mixin.py:137} INFO - [2023-01-10T11:03:03.853+0000] {dag.py:2676} INFO - Sync 6 DAGs
[2023-01-10T11:03:03.875+0000] {logging_mixin.py:137} INFO - [2023-01-10T11:03:03.875+0000] {dag.py:3427} INFO - Setting next_dagrun for dataset_consumes_1 to None, run_after=None
[2023-01-10T11:03:03.879+0000] {logging_mixin.py:137} INFO - [2023-01-10T11:03:03.879+0000] {dag.py:3427} INFO - Setting next_dagrun for dataset_consumes_1_and_2 to None, run_after=None
[2023-01-10T11:03:03.880+0000] {logging_mixin.py:137} INFO - [2023-01-10T11:03:03.880+0000] {dag.py:3427} INFO - Setting next_dagrun for dataset_consumes_1_never_scheduled to None, run_after=None
[2023-01-10T11:03:03.881+0000] {logging_mixin.py:137} INFO - [2023-01-10T11:03:03.881+0000] {dag.py:3427} INFO - Setting next_dagrun for dataset_consumes_unknown_never_scheduled to None, run_after=None
[2023-01-10T11:03:03.883+0000] {logging_mixin.py:137} INFO - [2023-01-10T11:03:03.883+0000] {dag.py:3427} INFO - Setting next_dagrun for dataset_produces_1 to 2023-01-09T00:00:00+00:00, run_after=2023-01-10T00:00:00+00:00
[2023-01-10T11:03:03.884+0000] {logging_mixin.py:137} INFO - [2023-01-10T11:03:03.884+0000] {dag.py:3427} INFO - Setting next_dagrun for dataset_produces_2 to None, run_after=None
[2023-01-10T11:03:03.911+0000] {processor.py:175} INFO - Processing /home/airflow/.local/lib/python3.7/site-packages/airflow/example_dags/example_datasets.py took 0.114 seconds
[2023-01-10T11:03:33.998+0000] {processor.py:153} INFO - Started process (PID=1495) to work on /home/airflow/.local/lib/python3.7/site-packages/airflow/example_dags/example_datasets.py
[2023-01-10T11:03:34.000+0000] {processor.py:743} INFO - Processing file /home/airflow/.local/lib/python3.7/site-packages/airflow/example_dags/example_datasets.py for tasks to queue
[2023-01-10T11:03:34.001+0000] {logging_mixin.py:137} INFO - [2023-01-10T11:03:34.000+0000] {dagbag.py:538} INFO - Filling up the DagBag from /home/airflow/.local/lib/python3.7/site-packages/airflow/example_dags/example_datasets.py
[2023-01-10T11:03:34.028+0000] {processor.py:753} INFO - DAG(s) dict_keys(['dataset_produces_2', 'dataset_consumes_1_and_2', 'dataset_consumes_1', 'dataset_consumes_unknown_never_scheduled', 'dataset_produces_1', 'dataset_consumes_1_never_scheduled']) retrieved from /home/airflow/.local/lib/python3.7/site-packages/airflow/example_dags/example_datasets.py
[2023-01-10T11:03:34.097+0000] {logging_mixin.py:137} INFO - [2023-01-10T11:03:34.096+0000] {dag.py:2676} INFO - Sync 6 DAGs
[2023-01-10T11:03:34.127+0000] {logging_mixin.py:137} INFO - [2023-01-10T11:03:34.127+0000] {dag.py:3427} INFO - Setting next_dagrun for dataset_consumes_1 to None, run_after=None
[2023-01-10T11:03:34.129+0000] {logging_mixin.py:137} INFO - [2023-01-10T11:03:34.129+0000] {dag.py:3427} INFO - Setting next_dagrun for dataset_consumes_1_and_2 to None, run_after=None
[2023-01-10T11:03:34.131+0000] {logging_mixin.py:137} INFO - [2023-01-10T11:03:34.131+0000] {dag.py:3427} INFO - Setting next_dagrun for dataset_consumes_1_never_scheduled to None, run_after=None
[2023-01-10T11:03:34.132+0000] {logging_mixin.py:137} INFO - [2023-01-10T11:03:34.132+0000] {dag.py:3427} INFO - Setting next_dagrun for dataset_consumes_unknown_never_scheduled to None, run_after=None
[2023-01-10T11:03:34.134+0000] {logging_mixin.py:137} INFO - [2023-01-10T11:03:34.134+0000] {dag.py:3427} INFO - Setting next_dagrun for dataset_produces_1 to 2023-01-09T00:00:00+00:00, run_after=2023-01-10T00:00:00+00:00
[2023-01-10T11:03:34.135+0000] {logging_mixin.py:137} INFO - [2023-01-10T11:03:34.135+0000] {dag.py:3427} INFO - Setting next_dagrun for dataset_produces_2 to None, run_after=None
[2023-01-10T11:03:34.165+0000] {processor.py:175} INFO - Processing /home/airflow/.local/lib/python3.7/site-packages/airflow/example_dags/example_datasets.py took 0.170 seconds
[2023-01-10T11:04:04.199+0000] {processor.py:153} INFO - Started process (PID=1581) to work on /home/airflow/.local/lib/python3.7/site-packages/airflow/example_dags/example_datasets.py
[2023-01-10T11:04:04.199+0000] {processor.py:743} INFO - Processing file /home/airflow/.local/lib/python3.7/site-packages/airflow/example_dags/example_datasets.py for tasks to queue
[2023-01-10T11:04:04.200+0000] {logging_mixin.py:137} INFO - [2023-01-10T11:04:04.200+0000] {dagbag.py:538} INFO - Filling up the DagBag from /home/airflow/.local/lib/python3.7/site-packages/airflow/example_dags/example_datasets.py
[2023-01-10T11:04:04.211+0000] {processor.py:753} INFO - DAG(s) dict_keys(['dataset_consumes_1', 'dataset_consumes_unknown_never_scheduled', 'dataset_consumes_1_never_scheduled', 'dataset_produces_2', 'dataset_produces_1', 'dataset_consumes_1_and_2']) retrieved from /home/airflow/.local/lib/python3.7/site-packages/airflow/example_dags/example_datasets.py
[2023-01-10T11:04:04.250+0000] {logging_mixin.py:137} INFO - [2023-01-10T11:04:04.250+0000] {dag.py:2676} INFO - Sync 6 DAGs
[2023-01-10T11:04:04.270+0000] {logging_mixin.py:137} INFO - [2023-01-10T11:04:04.270+0000] {dag.py:3427} INFO - Setting next_dagrun for dataset_consumes_1 to None, run_after=None
[2023-01-10T11:04:04.273+0000] {logging_mixin.py:137} INFO - [2023-01-10T11:04:04.273+0000] {dag.py:3427} INFO - Setting next_dagrun for dataset_consumes_1_and_2 to None, run_after=None
[2023-01-10T11:04:04.274+0000] {logging_mixin.py:137} INFO - [2023-01-10T11:04:04.273+0000] {dag.py:3427} INFO - Setting next_dagrun for dataset_consumes_1_never_scheduled to None, run_after=None
[2023-01-10T11:04:04.274+0000] {logging_mixin.py:137} INFO - [2023-01-10T11:04:04.274+0000] {dag.py:3427} INFO - Setting next_dagrun for dataset_consumes_unknown_never_scheduled to None, run_after=None
[2023-01-10T11:04:04.276+0000] {logging_mixin.py:137} INFO - [2023-01-10T11:04:04.276+0000] {dag.py:3427} INFO - Setting next_dagrun for dataset_produces_1 to 2023-01-09T00:00:00+00:00, run_after=2023-01-10T00:00:00+00:00
[2023-01-10T11:04:04.277+0000] {logging_mixin.py:137} INFO - [2023-01-10T11:04:04.277+0000] {dag.py:3427} INFO - Setting next_dagrun for dataset_produces_2 to None, run_after=None
[2023-01-10T11:04:04.300+0000] {processor.py:175} INFO - Processing /home/airflow/.local/lib/python3.7/site-packages/airflow/example_dags/example_datasets.py took 0.104 seconds
[2023-01-10T11:04:35.297+0000] {processor.py:153} INFO - Started process (PID=1660) to work on /home/airflow/.local/lib/python3.7/site-packages/airflow/example_dags/example_datasets.py
[2023-01-10T11:04:35.297+0000] {processor.py:743} INFO - Processing file /home/airflow/.local/lib/python3.7/site-packages/airflow/example_dags/example_datasets.py for tasks to queue
[2023-01-10T11:04:35.298+0000] {logging_mixin.py:137} INFO - [2023-01-10T11:04:35.298+0000] {dagbag.py:538} INFO - Filling up the DagBag from /home/airflow/.local/lib/python3.7/site-packages/airflow/example_dags/example_datasets.py
[2023-01-10T11:04:35.310+0000] {processor.py:753} INFO - DAG(s) dict_keys(['dataset_consumes_1_never_scheduled', 'dataset_produces_2', 'dataset_consumes_1_and_2', 'dataset_consumes_unknown_never_scheduled', 'dataset_produces_1', 'dataset_consumes_1']) retrieved from /home/airflow/.local/lib/python3.7/site-packages/airflow/example_dags/example_datasets.py
[2023-01-10T11:04:35.358+0000] {logging_mixin.py:137} INFO - [2023-01-10T11:04:35.358+0000] {dag.py:2676} INFO - Sync 6 DAGs
[2023-01-10T11:04:35.379+0000] {logging_mixin.py:137} INFO - [2023-01-10T11:04:35.379+0000] {dag.py:3427} INFO - Setting next_dagrun for dataset_consumes_1 to None, run_after=None
[2023-01-10T11:04:35.382+0000] {logging_mixin.py:137} INFO - [2023-01-10T11:04:35.382+0000] {dag.py:3427} INFO - Setting next_dagrun for dataset_consumes_1_and_2 to None, run_after=None
[2023-01-10T11:04:35.383+0000] {logging_mixin.py:137} INFO - [2023-01-10T11:04:35.383+0000] {dag.py:3427} INFO - Setting next_dagrun for dataset_consumes_1_never_scheduled to None, run_after=None
[2023-01-10T11:04:35.384+0000] {logging_mixin.py:137} INFO - [2023-01-10T11:04:35.383+0000] {dag.py:3427} INFO - Setting next_dagrun for dataset_consumes_unknown_never_scheduled to None, run_after=None
[2023-01-10T11:04:35.385+0000] {logging_mixin.py:137} INFO - [2023-01-10T11:04:35.385+0000] {dag.py:3427} INFO - Setting next_dagrun for dataset_produces_1 to 2023-01-09T00:00:00+00:00, run_after=2023-01-10T00:00:00+00:00
[2023-01-10T11:04:35.386+0000] {logging_mixin.py:137} INFO - [2023-01-10T11:04:35.386+0000] {dag.py:3427} INFO - Setting next_dagrun for dataset_produces_2 to None, run_after=None
[2023-01-10T11:04:35.412+0000] {processor.py:175} INFO - Processing /home/airflow/.local/lib/python3.7/site-packages/airflow/example_dags/example_datasets.py took 0.117 seconds
[2023-01-10T11:05:05.489+0000] {processor.py:153} INFO - Started process (PID=1737) to work on /home/airflow/.local/lib/python3.7/site-packages/airflow/example_dags/example_datasets.py
[2023-01-10T11:05:05.490+0000] {processor.py:743} INFO - Processing file /home/airflow/.local/lib/python3.7/site-packages/airflow/example_dags/example_datasets.py for tasks to queue
[2023-01-10T11:05:05.490+0000] {logging_mixin.py:137} INFO - [2023-01-10T11:05:05.490+0000] {dagbag.py:538} INFO - Filling up the DagBag from /home/airflow/.local/lib/python3.7/site-packages/airflow/example_dags/example_datasets.py
[2023-01-10T11:05:05.503+0000] {processor.py:753} INFO - DAG(s) dict_keys(['dataset_consumes_1', 'dataset_consumes_unknown_never_scheduled', 'dataset_consumes_1_and_2', 'dataset_produces_2', 'dataset_consumes_1_never_scheduled', 'dataset_produces_1']) retrieved from /home/airflow/.local/lib/python3.7/site-packages/airflow/example_dags/example_datasets.py
[2023-01-10T11:05:05.542+0000] {logging_mixin.py:137} INFO - [2023-01-10T11:05:05.542+0000] {dag.py:2676} INFO - Sync 6 DAGs
[2023-01-10T11:05:05.562+0000] {logging_mixin.py:137} INFO - [2023-01-10T11:05:05.562+0000] {dag.py:3427} INFO - Setting next_dagrun for dataset_consumes_1 to None, run_after=None
[2023-01-10T11:05:05.564+0000] {logging_mixin.py:137} INFO - [2023-01-10T11:05:05.564+0000] {dag.py:3427} INFO - Setting next_dagrun for dataset_consumes_1_and_2 to None, run_after=None
[2023-01-10T11:05:05.565+0000] {logging_mixin.py:137} INFO - [2023-01-10T11:05:05.565+0000] {dag.py:3427} INFO - Setting next_dagrun for dataset_consumes_1_never_scheduled to None, run_after=None
[2023-01-10T11:05:05.566+0000] {logging_mixin.py:137} INFO - [2023-01-10T11:05:05.566+0000] {dag.py:3427} INFO - Setting next_dagrun for dataset_consumes_unknown_never_scheduled to None, run_after=None
[2023-01-10T11:05:05.567+0000] {logging_mixin.py:137} INFO - [2023-01-10T11:05:05.567+0000] {dag.py:3427} INFO - Setting next_dagrun for dataset_produces_1 to 2023-01-09T00:00:00+00:00, run_after=2023-01-10T00:00:00+00:00
[2023-01-10T11:05:05.568+0000] {logging_mixin.py:137} INFO - [2023-01-10T11:05:05.568+0000] {dag.py:3427} INFO - Setting next_dagrun for dataset_produces_2 to None, run_after=None
[2023-01-10T11:05:05.594+0000] {processor.py:175} INFO - Processing /home/airflow/.local/lib/python3.7/site-packages/airflow/example_dags/example_datasets.py took 0.107 seconds
[2023-01-10T11:05:35.624+0000] {processor.py:153} INFO - Started process (PID=1824) to work on /home/airflow/.local/lib/python3.7/site-packages/airflow/example_dags/example_datasets.py
[2023-01-10T11:05:35.625+0000] {processor.py:743} INFO - Processing file /home/airflow/.local/lib/python3.7/site-packages/airflow/example_dags/example_datasets.py for tasks to queue
[2023-01-10T11:05:35.625+0000] {logging_mixin.py:137} INFO - [2023-01-10T11:05:35.625+0000] {dagbag.py:538} INFO - Filling up the DagBag from /home/airflow/.local/lib/python3.7/site-packages/airflow/example_dags/example_datasets.py
[2023-01-10T11:05:35.637+0000] {processor.py:753} INFO - DAG(s) dict_keys(['dataset_consumes_1', 'dataset_consumes_1_never_scheduled', 'dataset_consumes_unknown_never_scheduled', 'dataset_produces_2', 'dataset_produces_1', 'dataset_consumes_1_and_2']) retrieved from /home/airflow/.local/lib/python3.7/site-packages/airflow/example_dags/example_datasets.py
[2023-01-10T11:05:35.677+0000] {logging_mixin.py:137} INFO - [2023-01-10T11:05:35.676+0000] {dag.py:2676} INFO - Sync 6 DAGs
[2023-01-10T11:05:35.696+0000] {logging_mixin.py:137} INFO - [2023-01-10T11:05:35.696+0000] {dag.py:3427} INFO - Setting next_dagrun for dataset_consumes_1 to None, run_after=None
[2023-01-10T11:05:35.700+0000] {logging_mixin.py:137} INFO - [2023-01-10T11:05:35.699+0000] {dag.py:3427} INFO - Setting next_dagrun for dataset_consumes_1_and_2 to None, run_after=None
[2023-01-10T11:05:35.701+0000] {logging_mixin.py:137} INFO - [2023-01-10T11:05:35.701+0000] {dag.py:3427} INFO - Setting next_dagrun for dataset_consumes_1_never_scheduled to None, run_after=None
[2023-01-10T11:05:35.702+0000] {logging_mixin.py:137} INFO - [2023-01-10T11:05:35.702+0000] {dag.py:3427} INFO - Setting next_dagrun for dataset_consumes_unknown_never_scheduled to None, run_after=None
[2023-01-10T11:05:35.704+0000] {logging_mixin.py:137} INFO - [2023-01-10T11:05:35.704+0000] {dag.py:3427} INFO - Setting next_dagrun for dataset_produces_1 to 2023-01-09T00:00:00+00:00, run_after=2023-01-10T00:00:00+00:00
[2023-01-10T11:05:35.705+0000] {logging_mixin.py:137} INFO - [2023-01-10T11:05:35.705+0000] {dag.py:3427} INFO - Setting next_dagrun for dataset_produces_2 to None, run_after=None
[2023-01-10T11:05:35.730+0000] {processor.py:175} INFO - Processing /home/airflow/.local/lib/python3.7/site-packages/airflow/example_dags/example_datasets.py took 0.108 seconds
[2023-01-10T11:06:05.801+0000] {processor.py:153} INFO - Started process (PID=1893) to work on /home/airflow/.local/lib/python3.7/site-packages/airflow/example_dags/example_datasets.py
[2023-01-10T11:06:05.802+0000] {processor.py:743} INFO - Processing file /home/airflow/.local/lib/python3.7/site-packages/airflow/example_dags/example_datasets.py for tasks to queue
[2023-01-10T11:06:05.802+0000] {logging_mixin.py:137} INFO - [2023-01-10T11:06:05.802+0000] {dagbag.py:538} INFO - Filling up the DagBag from /home/airflow/.local/lib/python3.7/site-packages/airflow/example_dags/example_datasets.py
[2023-01-10T11:06:05.815+0000] {processor.py:753} INFO - DAG(s) dict_keys(['dataset_produces_2', 'dataset_consumes_1_and_2', 'dataset_consumes_1', 'dataset_produces_1', 'dataset_consumes_unknown_never_scheduled', 'dataset_consumes_1_never_scheduled']) retrieved from /home/airflow/.local/lib/python3.7/site-packages/airflow/example_dags/example_datasets.py
[2023-01-10T11:06:05.854+0000] {logging_mixin.py:137} INFO - [2023-01-10T11:06:05.854+0000] {dag.py:2676} INFO - Sync 6 DAGs
[2023-01-10T11:06:05.873+0000] {logging_mixin.py:137} INFO - [2023-01-10T11:06:05.873+0000] {dag.py:3427} INFO - Setting next_dagrun for dataset_consumes_1 to None, run_after=None
[2023-01-10T11:06:05.875+0000] {logging_mixin.py:137} INFO - [2023-01-10T11:06:05.875+0000] {dag.py:3427} INFO - Setting next_dagrun for dataset_consumes_1_and_2 to None, run_after=None
[2023-01-10T11:06:05.876+0000] {logging_mixin.py:137} INFO - [2023-01-10T11:06:05.876+0000] {dag.py:3427} INFO - Setting next_dagrun for dataset_consumes_1_never_scheduled to None, run_after=None
[2023-01-10T11:06:05.877+0000] {logging_mixin.py:137} INFO - [2023-01-10T11:06:05.877+0000] {dag.py:3427} INFO - Setting next_dagrun for dataset_consumes_unknown_never_scheduled to None, run_after=None
[2023-01-10T11:06:05.879+0000] {logging_mixin.py:137} INFO - [2023-01-10T11:06:05.879+0000] {dag.py:3427} INFO - Setting next_dagrun for dataset_produces_1 to 2023-01-09T00:00:00+00:00, run_after=2023-01-10T00:00:00+00:00
[2023-01-10T11:06:05.880+0000] {logging_mixin.py:137} INFO - [2023-01-10T11:06:05.880+0000] {dag.py:3427} INFO - Setting next_dagrun for dataset_produces_2 to None, run_after=None
[2023-01-10T11:06:05.905+0000] {processor.py:175} INFO - Processing /home/airflow/.local/lib/python3.7/site-packages/airflow/example_dags/example_datasets.py took 0.107 seconds
[2023-01-10T11:06:36.217+0000] {processor.py:153} INFO - Started process (PID=1979) to work on /home/airflow/.local/lib/python3.7/site-packages/airflow/example_dags/example_datasets.py
[2023-01-10T11:06:36.218+0000] {processor.py:743} INFO - Processing file /home/airflow/.local/lib/python3.7/site-packages/airflow/example_dags/example_datasets.py for tasks to queue
[2023-01-10T11:06:36.218+0000] {logging_mixin.py:137} INFO - [2023-01-10T11:06:36.218+0000] {dagbag.py:538} INFO - Filling up the DagBag from /home/airflow/.local/lib/python3.7/site-packages/airflow/example_dags/example_datasets.py
[2023-01-10T11:06:36.232+0000] {processor.py:753} INFO - DAG(s) dict_keys(['dataset_consumes_1_never_scheduled', 'dataset_consumes_1_and_2', 'dataset_produces_1', 'dataset_produces_2', 'dataset_consumes_unknown_never_scheduled', 'dataset_consumes_1']) retrieved from /home/airflow/.local/lib/python3.7/site-packages/airflow/example_dags/example_datasets.py
[2023-01-10T11:06:36.305+0000] {logging_mixin.py:137} INFO - [2023-01-10T11:06:36.304+0000] {dag.py:2676} INFO - Sync 6 DAGs
[2023-01-10T11:06:36.328+0000] {logging_mixin.py:137} INFO - [2023-01-10T11:06:36.328+0000] {dag.py:3427} INFO - Setting next_dagrun for dataset_consumes_1 to None, run_after=None
[2023-01-10T11:06:36.331+0000] {logging_mixin.py:137} INFO - [2023-01-10T11:06:36.331+0000] {dag.py:3427} INFO - Setting next_dagrun for dataset_consumes_1_and_2 to None, run_after=None
[2023-01-10T11:06:36.332+0000] {logging_mixin.py:137} INFO - [2023-01-10T11:06:36.332+0000] {dag.py:3427} INFO - Setting next_dagrun for dataset_consumes_1_never_scheduled to None, run_after=None
[2023-01-10T11:06:36.333+0000] {logging_mixin.py:137} INFO - [2023-01-10T11:06:36.333+0000] {dag.py:3427} INFO - Setting next_dagrun for dataset_consumes_unknown_never_scheduled to None, run_after=None
[2023-01-10T11:06:36.336+0000] {logging_mixin.py:137} INFO - [2023-01-10T11:06:36.336+0000] {dag.py:3427} INFO - Setting next_dagrun for dataset_produces_1 to 2023-01-09T00:00:00+00:00, run_after=2023-01-10T00:00:00+00:00
[2023-01-10T11:06:36.337+0000] {logging_mixin.py:137} INFO - [2023-01-10T11:06:36.337+0000] {dag.py:3427} INFO - Setting next_dagrun for dataset_produces_2 to None, run_after=None
[2023-01-10T11:06:36.363+0000] {processor.py:175} INFO - Processing /home/airflow/.local/lib/python3.7/site-packages/airflow/example_dags/example_datasets.py took 0.149 seconds
[2023-01-10T11:07:06.508+0000] {processor.py:153} INFO - Started process (PID=2049) to work on /home/airflow/.local/lib/python3.7/site-packages/airflow/example_dags/example_datasets.py
[2023-01-10T11:07:06.509+0000] {processor.py:743} INFO - Processing file /home/airflow/.local/lib/python3.7/site-packages/airflow/example_dags/example_datasets.py for tasks to queue
[2023-01-10T11:07:06.509+0000] {logging_mixin.py:137} INFO - [2023-01-10T11:07:06.509+0000] {dagbag.py:538} INFO - Filling up the DagBag from /home/airflow/.local/lib/python3.7/site-packages/airflow/example_dags/example_datasets.py
[2023-01-10T11:07:06.525+0000] {processor.py:753} INFO - DAG(s) dict_keys(['dataset_produces_2', 'dataset_produces_1', 'dataset_consumes_unknown_never_scheduled', 'dataset_consumes_1_and_2', 'dataset_consumes_1_never_scheduled', 'dataset_consumes_1']) retrieved from /home/airflow/.local/lib/python3.7/site-packages/airflow/example_dags/example_datasets.py
[2023-01-10T11:07:06.579+0000] {logging_mixin.py:137} INFO - [2023-01-10T11:07:06.579+0000] {dag.py:2676} INFO - Sync 6 DAGs
[2023-01-10T11:07:06.603+0000] {logging_mixin.py:137} INFO - [2023-01-10T11:07:06.603+0000] {dag.py:3427} INFO - Setting next_dagrun for dataset_consumes_1 to None, run_after=None
[2023-01-10T11:07:06.605+0000] {logging_mixin.py:137} INFO - [2023-01-10T11:07:06.605+0000] {dag.py:3427} INFO - Setting next_dagrun for dataset_consumes_1_and_2 to None, run_after=None
[2023-01-10T11:07:06.606+0000] {logging_mixin.py:137} INFO - [2023-01-10T11:07:06.606+0000] {dag.py:3427} INFO - Setting next_dagrun for dataset_consumes_1_never_scheduled to None, run_after=None
[2023-01-10T11:07:06.607+0000] {logging_mixin.py:137} INFO - [2023-01-10T11:07:06.607+0000] {dag.py:3427} INFO - Setting next_dagrun for dataset_consumes_unknown_never_scheduled to None, run_after=None
[2023-01-10T11:07:06.609+0000] {logging_mixin.py:137} INFO - [2023-01-10T11:07:06.609+0000] {dag.py:3427} INFO - Setting next_dagrun for dataset_produces_1 to 2023-01-09T00:00:00+00:00, run_after=2023-01-10T00:00:00+00:00
[2023-01-10T11:07:06.611+0000] {logging_mixin.py:137} INFO - [2023-01-10T11:07:06.611+0000] {dag.py:3427} INFO - Setting next_dagrun for dataset_produces_2 to None, run_after=None
[2023-01-10T11:07:06.649+0000] {processor.py:175} INFO - Processing /home/airflow/.local/lib/python3.7/site-packages/airflow/example_dags/example_datasets.py took 0.143 seconds
[2023-01-10T11:07:36.765+0000] {processor.py:153} INFO - Started process (PID=2136) to work on /home/airflow/.local/lib/python3.7/site-packages/airflow/example_dags/example_datasets.py
[2023-01-10T11:07:36.766+0000] {processor.py:743} INFO - Processing file /home/airflow/.local/lib/python3.7/site-packages/airflow/example_dags/example_datasets.py for tasks to queue
[2023-01-10T11:07:36.766+0000] {logging_mixin.py:137} INFO - [2023-01-10T11:07:36.766+0000] {dagbag.py:538} INFO - Filling up the DagBag from /home/airflow/.local/lib/python3.7/site-packages/airflow/example_dags/example_datasets.py
[2023-01-10T11:07:36.777+0000] {processor.py:753} INFO - DAG(s) dict_keys(['dataset_produces_2', 'dataset_consumes_1', 'dataset_consumes_1_and_2', 'dataset_consumes_1_never_scheduled', 'dataset_consumes_unknown_never_scheduled', 'dataset_produces_1']) retrieved from /home/airflow/.local/lib/python3.7/site-packages/airflow/example_dags/example_datasets.py
[2023-01-10T11:07:36.821+0000] {logging_mixin.py:137} INFO - [2023-01-10T11:07:36.821+0000] {dag.py:2676} INFO - Sync 6 DAGs
[2023-01-10T11:07:36.842+0000] {logging_mixin.py:137} INFO - [2023-01-10T11:07:36.842+0000] {dag.py:3427} INFO - Setting next_dagrun for dataset_consumes_1 to None, run_after=None
[2023-01-10T11:07:36.844+0000] {logging_mixin.py:137} INFO - [2023-01-10T11:07:36.844+0000] {dag.py:3427} INFO - Setting next_dagrun for dataset_consumes_1_and_2 to None, run_after=None
[2023-01-10T11:07:36.845+0000] {logging_mixin.py:137} INFO - [2023-01-10T11:07:36.845+0000] {dag.py:3427} INFO - Setting next_dagrun for dataset_consumes_1_never_scheduled to None, run_after=None
[2023-01-10T11:07:36.846+0000] {logging_mixin.py:137} INFO - [2023-01-10T11:07:36.846+0000] {dag.py:3427} INFO - Setting next_dagrun for dataset_consumes_unknown_never_scheduled to None, run_after=None
[2023-01-10T11:07:36.848+0000] {logging_mixin.py:137} INFO - [2023-01-10T11:07:36.848+0000] {dag.py:3427} INFO - Setting next_dagrun for dataset_produces_1 to 2023-01-09T00:00:00+00:00, run_after=2023-01-10T00:00:00+00:00
[2023-01-10T11:07:36.849+0000] {logging_mixin.py:137} INFO - [2023-01-10T11:07:36.849+0000] {dag.py:3427} INFO - Setting next_dagrun for dataset_produces_2 to None, run_after=None
[2023-01-10T11:07:36.872+0000] {processor.py:175} INFO - Processing /home/airflow/.local/lib/python3.7/site-packages/airflow/example_dags/example_datasets.py took 0.109 seconds
[2023-01-10T11:08:06.942+0000] {processor.py:153} INFO - Started process (PID=2205) to work on /home/airflow/.local/lib/python3.7/site-packages/airflow/example_dags/example_datasets.py
[2023-01-10T11:08:06.943+0000] {processor.py:743} INFO - Processing file /home/airflow/.local/lib/python3.7/site-packages/airflow/example_dags/example_datasets.py for tasks to queue
[2023-01-10T11:08:06.943+0000] {logging_mixin.py:137} INFO - [2023-01-10T11:08:06.943+0000] {dagbag.py:538} INFO - Filling up the DagBag from /home/airflow/.local/lib/python3.7/site-packages/airflow/example_dags/example_datasets.py
[2023-01-10T11:08:06.955+0000] {processor.py:753} INFO - DAG(s) dict_keys(['dataset_consumes_1_and_2', 'dataset_produces_2', 'dataset_consumes_unknown_never_scheduled', 'dataset_consumes_1', 'dataset_consumes_1_never_scheduled', 'dataset_produces_1']) retrieved from /home/airflow/.local/lib/python3.7/site-packages/airflow/example_dags/example_datasets.py
[2023-01-10T11:08:06.995+0000] {logging_mixin.py:137} INFO - [2023-01-10T11:08:06.995+0000] {dag.py:2676} INFO - Sync 6 DAGs
[2023-01-10T11:08:07.015+0000] {logging_mixin.py:137} INFO - [2023-01-10T11:08:07.015+0000] {dag.py:3427} INFO - Setting next_dagrun for dataset_consumes_1 to None, run_after=None
[2023-01-10T11:08:07.018+0000] {logging_mixin.py:137} INFO - [2023-01-10T11:08:07.018+0000] {dag.py:3427} INFO - Setting next_dagrun for dataset_consumes_1_and_2 to None, run_after=None
[2023-01-10T11:08:07.019+0000] {logging_mixin.py:137} INFO - [2023-01-10T11:08:07.019+0000] {dag.py:3427} INFO - Setting next_dagrun for dataset_consumes_1_never_scheduled to None, run_after=None
[2023-01-10T11:08:07.020+0000] {logging_mixin.py:137} INFO - [2023-01-10T11:08:07.020+0000] {dag.py:3427} INFO - Setting next_dagrun for dataset_consumes_unknown_never_scheduled to None, run_after=None
[2023-01-10T11:08:07.022+0000] {logging_mixin.py:137} INFO - [2023-01-10T11:08:07.021+0000] {dag.py:3427} INFO - Setting next_dagrun for dataset_produces_1 to 2023-01-09T00:00:00+00:00, run_after=2023-01-10T00:00:00+00:00
[2023-01-10T11:08:07.022+0000] {logging_mixin.py:137} INFO - [2023-01-10T11:08:07.022+0000] {dag.py:3427} INFO - Setting next_dagrun for dataset_produces_2 to None, run_after=None
[2023-01-10T11:08:07.046+0000] {processor.py:175} INFO - Processing /home/airflow/.local/lib/python3.7/site-packages/airflow/example_dags/example_datasets.py took 0.106 seconds
[2023-01-10T11:08:37.077+0000] {processor.py:153} INFO - Started process (PID=2291) to work on /home/airflow/.local/lib/python3.7/site-packages/airflow/example_dags/example_datasets.py
[2023-01-10T11:08:37.078+0000] {processor.py:743} INFO - Processing file /home/airflow/.local/lib/python3.7/site-packages/airflow/example_dags/example_datasets.py for tasks to queue
[2023-01-10T11:08:37.078+0000] {logging_mixin.py:137} INFO - [2023-01-10T11:08:37.078+0000] {dagbag.py:538} INFO - Filling up the DagBag from /home/airflow/.local/lib/python3.7/site-packages/airflow/example_dags/example_datasets.py
[2023-01-10T11:08:37.091+0000] {processor.py:753} INFO - DAG(s) dict_keys(['dataset_produces_1', 'dataset_produces_2', 'dataset_consumes_1_never_scheduled', 'dataset_consumes_unknown_never_scheduled', 'dataset_consumes_1_and_2', 'dataset_consumes_1']) retrieved from /home/airflow/.local/lib/python3.7/site-packages/airflow/example_dags/example_datasets.py
[2023-01-10T11:08:37.135+0000] {logging_mixin.py:137} INFO - [2023-01-10T11:08:37.134+0000] {dag.py:2676} INFO - Sync 6 DAGs
[2023-01-10T11:08:37.159+0000] {logging_mixin.py:137} INFO - [2023-01-10T11:08:37.158+0000] {dag.py:3427} INFO - Setting next_dagrun for dataset_consumes_1 to None, run_after=None
[2023-01-10T11:08:37.162+0000] {logging_mixin.py:137} INFO - [2023-01-10T11:08:37.162+0000] {dag.py:3427} INFO - Setting next_dagrun for dataset_consumes_1_and_2 to None, run_after=None
[2023-01-10T11:08:37.163+0000] {logging_mixin.py:137} INFO - [2023-01-10T11:08:37.163+0000] {dag.py:3427} INFO - Setting next_dagrun for dataset_consumes_1_never_scheduled to None, run_after=None
[2023-01-10T11:08:37.164+0000] {logging_mixin.py:137} INFO - [2023-01-10T11:08:37.164+0000] {dag.py:3427} INFO - Setting next_dagrun for dataset_consumes_unknown_never_scheduled to None, run_after=None
[2023-01-10T11:08:37.166+0000] {logging_mixin.py:137} INFO - [2023-01-10T11:08:37.166+0000] {dag.py:3427} INFO - Setting next_dagrun for dataset_produces_1 to 2023-01-09T00:00:00+00:00, run_after=2023-01-10T00:00:00+00:00
[2023-01-10T11:08:37.167+0000] {logging_mixin.py:137} INFO - [2023-01-10T11:08:37.167+0000] {dag.py:3427} INFO - Setting next_dagrun for dataset_produces_2 to None, run_after=None
[2023-01-10T11:08:37.192+0000] {processor.py:175} INFO - Processing /home/airflow/.local/lib/python3.7/site-packages/airflow/example_dags/example_datasets.py took 0.117 seconds
[2023-01-10T11:09:07.515+0000] {processor.py:153} INFO - Started process (PID=2361) to work on /home/airflow/.local/lib/python3.7/site-packages/airflow/example_dags/example_datasets.py
[2023-01-10T11:09:07.516+0000] {processor.py:743} INFO - Processing file /home/airflow/.local/lib/python3.7/site-packages/airflow/example_dags/example_datasets.py for tasks to queue
[2023-01-10T11:09:07.517+0000] {logging_mixin.py:137} INFO - [2023-01-10T11:09:07.516+0000] {dagbag.py:538} INFO - Filling up the DagBag from /home/airflow/.local/lib/python3.7/site-packages/airflow/example_dags/example_datasets.py
[2023-01-10T11:09:07.530+0000] {processor.py:753} INFO - DAG(s) dict_keys(['dataset_consumes_1_never_scheduled', 'dataset_consumes_unknown_never_scheduled', 'dataset_consumes_1_and_2', 'dataset_produces_1', 'dataset_consumes_1', 'dataset_produces_2']) retrieved from /home/airflow/.local/lib/python3.7/site-packages/airflow/example_dags/example_datasets.py
[2023-01-10T11:09:07.571+0000] {logging_mixin.py:137} INFO - [2023-01-10T11:09:07.571+0000] {dag.py:2676} INFO - Sync 6 DAGs
[2023-01-10T11:09:07.592+0000] {logging_mixin.py:137} INFO - [2023-01-10T11:09:07.592+0000] {dag.py:3427} INFO - Setting next_dagrun for dataset_consumes_1 to None, run_after=None
[2023-01-10T11:09:07.595+0000] {logging_mixin.py:137} INFO - [2023-01-10T11:09:07.594+0000] {dag.py:3427} INFO - Setting next_dagrun for dataset_consumes_1_and_2 to None, run_after=None
[2023-01-10T11:09:07.595+0000] {logging_mixin.py:137} INFO - [2023-01-10T11:09:07.595+0000] {dag.py:3427} INFO - Setting next_dagrun for dataset_consumes_1_never_scheduled to None, run_after=None
[2023-01-10T11:09:07.596+0000] {logging_mixin.py:137} INFO - [2023-01-10T11:09:07.596+0000] {dag.py:3427} INFO - Setting next_dagrun for dataset_consumes_unknown_never_scheduled to None, run_after=None
[2023-01-10T11:09:07.598+0000] {logging_mixin.py:137} INFO - [2023-01-10T11:09:07.598+0000] {dag.py:3427} INFO - Setting next_dagrun for dataset_produces_1 to 2023-01-09T00:00:00+00:00, run_after=2023-01-10T00:00:00+00:00
[2023-01-10T11:09:07.599+0000] {logging_mixin.py:137} INFO - [2023-01-10T11:09:07.599+0000] {dag.py:3427} INFO - Setting next_dagrun for dataset_produces_2 to None, run_after=None
[2023-01-10T11:09:07.625+0000] {processor.py:175} INFO - Processing /home/airflow/.local/lib/python3.7/site-packages/airflow/example_dags/example_datasets.py took 0.111 seconds
[2023-01-10T11:09:37.728+0000] {processor.py:153} INFO - Started process (PID=2446) to work on /home/airflow/.local/lib/python3.7/site-packages/airflow/example_dags/example_datasets.py
[2023-01-10T11:09:37.729+0000] {processor.py:743} INFO - Processing file /home/airflow/.local/lib/python3.7/site-packages/airflow/example_dags/example_datasets.py for tasks to queue
[2023-01-10T11:09:37.729+0000] {logging_mixin.py:137} INFO - [2023-01-10T11:09:37.729+0000] {dagbag.py:538} INFO - Filling up the DagBag from /home/airflow/.local/lib/python3.7/site-packages/airflow/example_dags/example_datasets.py
[2023-01-10T11:09:37.743+0000] {processor.py:753} INFO - DAG(s) dict_keys(['dataset_consumes_1_never_scheduled', 'dataset_produces_2', 'dataset_consumes_unknown_never_scheduled', 'dataset_produces_1', 'dataset_consumes_1_and_2', 'dataset_consumes_1']) retrieved from /home/airflow/.local/lib/python3.7/site-packages/airflow/example_dags/example_datasets.py
[2023-01-10T11:09:37.788+0000] {logging_mixin.py:137} INFO - [2023-01-10T11:09:37.788+0000] {dag.py:2676} INFO - Sync 6 DAGs
[2023-01-10T11:09:37.810+0000] {logging_mixin.py:137} INFO - [2023-01-10T11:09:37.810+0000] {dag.py:3427} INFO - Setting next_dagrun for dataset_consumes_1 to None, run_after=None
[2023-01-10T11:09:37.813+0000] {logging_mixin.py:137} INFO - [2023-01-10T11:09:37.813+0000] {dag.py:3427} INFO - Setting next_dagrun for dataset_consumes_1_and_2 to None, run_after=None
[2023-01-10T11:09:37.814+0000] {logging_mixin.py:137} INFO - [2023-01-10T11:09:37.814+0000] {dag.py:3427} INFO - Setting next_dagrun for dataset_consumes_1_never_scheduled to None, run_after=None
[2023-01-10T11:09:37.815+0000] {logging_mixin.py:137} INFO - [2023-01-10T11:09:37.815+0000] {dag.py:3427} INFO - Setting next_dagrun for dataset_consumes_unknown_never_scheduled to None, run_after=None
[2023-01-10T11:09:37.816+0000] {logging_mixin.py:137} INFO - [2023-01-10T11:09:37.816+0000] {dag.py:3427} INFO - Setting next_dagrun for dataset_produces_1 to 2023-01-09T00:00:00+00:00, run_after=2023-01-10T00:00:00+00:00
[2023-01-10T11:09:37.818+0000] {logging_mixin.py:137} INFO - [2023-01-10T11:09:37.818+0000] {dag.py:3427} INFO - Setting next_dagrun for dataset_produces_2 to None, run_after=None
[2023-01-10T11:09:37.844+0000] {processor.py:175} INFO - Processing /home/airflow/.local/lib/python3.7/site-packages/airflow/example_dags/example_datasets.py took 0.118 seconds
[2023-01-10T11:10:08.701+0000] {processor.py:153} INFO - Started process (PID=2516) to work on /home/airflow/.local/lib/python3.7/site-packages/airflow/example_dags/example_datasets.py
[2023-01-10T11:10:08.702+0000] {processor.py:743} INFO - Processing file /home/airflow/.local/lib/python3.7/site-packages/airflow/example_dags/example_datasets.py for tasks to queue
[2023-01-10T11:10:08.702+0000] {logging_mixin.py:137} INFO - [2023-01-10T11:10:08.702+0000] {dagbag.py:538} INFO - Filling up the DagBag from /home/airflow/.local/lib/python3.7/site-packages/airflow/example_dags/example_datasets.py
[2023-01-10T11:10:08.716+0000] {processor.py:753} INFO - DAG(s) dict_keys(['dataset_consumes_1_and_2', 'dataset_consumes_1_never_scheduled', 'dataset_consumes_unknown_never_scheduled', 'dataset_consumes_1', 'dataset_produces_2', 'dataset_produces_1']) retrieved from /home/airflow/.local/lib/python3.7/site-packages/airflow/example_dags/example_datasets.py
[2023-01-10T11:10:08.754+0000] {logging_mixin.py:137} INFO - [2023-01-10T11:10:08.754+0000] {dag.py:2676} INFO - Sync 6 DAGs
[2023-01-10T11:10:08.774+0000] {logging_mixin.py:137} INFO - [2023-01-10T11:10:08.774+0000] {dag.py:3427} INFO - Setting next_dagrun for dataset_consumes_1 to None, run_after=None
[2023-01-10T11:10:08.776+0000] {logging_mixin.py:137} INFO - [2023-01-10T11:10:08.776+0000] {dag.py:3427} INFO - Setting next_dagrun for dataset_consumes_1_and_2 to None, run_after=None
[2023-01-10T11:10:08.777+0000] {logging_mixin.py:137} INFO - [2023-01-10T11:10:08.777+0000] {dag.py:3427} INFO - Setting next_dagrun for dataset_consumes_1_never_scheduled to None, run_after=None
[2023-01-10T11:10:08.778+0000] {logging_mixin.py:137} INFO - [2023-01-10T11:10:08.778+0000] {dag.py:3427} INFO - Setting next_dagrun for dataset_consumes_unknown_never_scheduled to None, run_after=None
[2023-01-10T11:10:08.781+0000] {logging_mixin.py:137} INFO - [2023-01-10T11:10:08.781+0000] {dag.py:3427} INFO - Setting next_dagrun for dataset_produces_1 to 2023-01-09T00:00:00+00:00, run_after=2023-01-10T00:00:00+00:00
[2023-01-10T11:10:08.784+0000] {logging_mixin.py:137} INFO - [2023-01-10T11:10:08.783+0000] {dag.py:3427} INFO - Setting next_dagrun for dataset_produces_2 to None, run_after=None
[2023-01-10T11:10:08.810+0000] {processor.py:175} INFO - Processing /home/airflow/.local/lib/python3.7/site-packages/airflow/example_dags/example_datasets.py took 0.110 seconds
