[2023-01-10T10:54:23.071+0000] {processor.py:153} INFO - Started process (PID=75) to work on /home/airflow/.local/lib/python3.7/site-packages/airflow/example_dags/tutorial.py
[2023-01-10T10:54:23.071+0000] {processor.py:743} INFO - Processing file /home/airflow/.local/lib/python3.7/site-packages/airflow/example_dags/tutorial.py for tasks to queue
[2023-01-10T10:54:23.072+0000] {logging_mixin.py:137} INFO - [2023-01-10T10:54:23.072+0000] {dagbag.py:538} INFO - Filling up the DagBag from /home/airflow/.local/lib/python3.7/site-packages/airflow/example_dags/tutorial.py
[2023-01-10T10:54:23.086+0000] {processor.py:753} INFO - DAG(s) dict_keys(['tutorial']) retrieved from /home/airflow/.local/lib/python3.7/site-packages/airflow/example_dags/tutorial.py
[2023-01-10T10:54:23.234+0000] {logging_mixin.py:137} INFO - [2023-01-10T10:54:23.234+0000] {manager.py:504} INFO - Created Permission View: can delete on DAG:tutorial
[2023-01-10T10:54:23.243+0000] {logging_mixin.py:137} INFO - [2023-01-10T10:54:23.243+0000] {manager.py:504} INFO - Created Permission View: can read on DAG:tutorial
[2023-01-10T10:54:23.249+0000] {logging_mixin.py:137} INFO - [2023-01-10T10:54:23.248+0000] {manager.py:504} INFO - Created Permission View: can edit on DAG:tutorial
[2023-01-10T10:54:23.249+0000] {logging_mixin.py:137} INFO - [2023-01-10T10:54:23.249+0000] {dag.py:2676} INFO - Sync 1 DAGs
[2023-01-10T10:54:23.261+0000] {logging_mixin.py:137} INFO - [2023-01-10T10:54:23.261+0000] {dag.py:2697} INFO - Creating ORM DAG for tutorial
[2023-01-10T10:54:23.273+0000] {logging_mixin.py:137} INFO - [2023-01-10T10:54:23.273+0000] {dag.py:3427} INFO - Setting next_dagrun for tutorial to 2023-01-09T10:54:23.273336+00:00, run_after=2023-01-10T10:54:23.273336+00:00
[2023-01-10T10:54:23.297+0000] {processor.py:175} INFO - Processing /home/airflow/.local/lib/python3.7/site-packages/airflow/example_dags/tutorial.py took 0.229 seconds
[2023-01-10T10:54:54.078+0000] {processor.py:153} INFO - Started process (PID=145) to work on /home/airflow/.local/lib/python3.7/site-packages/airflow/example_dags/tutorial.py
[2023-01-10T10:54:54.085+0000] {processor.py:743} INFO - Processing file /home/airflow/.local/lib/python3.7/site-packages/airflow/example_dags/tutorial.py for tasks to queue
[2023-01-10T10:54:54.086+0000] {logging_mixin.py:137} INFO - [2023-01-10T10:54:54.086+0000] {dagbag.py:538} INFO - Filling up the DagBag from /home/airflow/.local/lib/python3.7/site-packages/airflow/example_dags/tutorial.py
[2023-01-10T10:54:54.097+0000] {processor.py:753} INFO - DAG(s) dict_keys(['tutorial']) retrieved from /home/airflow/.local/lib/python3.7/site-packages/airflow/example_dags/tutorial.py
[2023-01-10T10:54:54.123+0000] {logging_mixin.py:137} INFO - [2023-01-10T10:54:54.123+0000] {dag.py:2676} INFO - Sync 1 DAGs
[2023-01-10T10:54:54.146+0000] {logging_mixin.py:137} INFO - [2023-01-10T10:54:54.146+0000] {dag.py:3427} INFO - Setting next_dagrun for tutorial to 2023-01-09T10:54:54.146338+00:00, run_after=2023-01-10T10:54:54.146338+00:00
[2023-01-10T10:54:54.162+0000] {processor.py:175} INFO - Processing /home/airflow/.local/lib/python3.7/site-packages/airflow/example_dags/tutorial.py took 0.086 seconds
[2023-01-10T10:55:24.607+0000] {processor.py:153} INFO - Started process (PID=232) to work on /home/airflow/.local/lib/python3.7/site-packages/airflow/example_dags/tutorial.py
[2023-01-10T10:55:24.608+0000] {processor.py:743} INFO - Processing file /home/airflow/.local/lib/python3.7/site-packages/airflow/example_dags/tutorial.py for tasks to queue
[2023-01-10T10:55:24.608+0000] {logging_mixin.py:137} INFO - [2023-01-10T10:55:24.608+0000] {dagbag.py:538} INFO - Filling up the DagBag from /home/airflow/.local/lib/python3.7/site-packages/airflow/example_dags/tutorial.py
[2023-01-10T10:55:24.623+0000] {processor.py:753} INFO - DAG(s) dict_keys(['tutorial']) retrieved from /home/airflow/.local/lib/python3.7/site-packages/airflow/example_dags/tutorial.py
[2023-01-10T10:55:24.668+0000] {logging_mixin.py:137} INFO - [2023-01-10T10:55:24.668+0000] {dag.py:2676} INFO - Sync 1 DAGs
[2023-01-10T10:55:24.712+0000] {logging_mixin.py:137} INFO - [2023-01-10T10:55:24.712+0000] {dag.py:3427} INFO - Setting next_dagrun for tutorial to 2023-01-09T10:55:24.712309+00:00, run_after=2023-01-10T10:55:24.712309+00:00
[2023-01-10T10:55:24.739+0000] {processor.py:175} INFO - Processing /home/airflow/.local/lib/python3.7/site-packages/airflow/example_dags/tutorial.py took 0.135 seconds
[2023-01-10T10:55:54.805+0000] {processor.py:153} INFO - Started process (PID=303) to work on /home/airflow/.local/lib/python3.7/site-packages/airflow/example_dags/tutorial.py
[2023-01-10T10:55:54.806+0000] {processor.py:743} INFO - Processing file /home/airflow/.local/lib/python3.7/site-packages/airflow/example_dags/tutorial.py for tasks to queue
[2023-01-10T10:55:54.806+0000] {logging_mixin.py:137} INFO - [2023-01-10T10:55:54.806+0000] {dagbag.py:538} INFO - Filling up the DagBag from /home/airflow/.local/lib/python3.7/site-packages/airflow/example_dags/tutorial.py
[2023-01-10T10:55:54.816+0000] {processor.py:753} INFO - DAG(s) dict_keys(['tutorial']) retrieved from /home/airflow/.local/lib/python3.7/site-packages/airflow/example_dags/tutorial.py
[2023-01-10T10:55:54.842+0000] {logging_mixin.py:137} INFO - [2023-01-10T10:55:54.842+0000] {dag.py:2676} INFO - Sync 1 DAGs
[2023-01-10T10:55:54.862+0000] {logging_mixin.py:137} INFO - [2023-01-10T10:55:54.862+0000] {dag.py:3427} INFO - Setting next_dagrun for tutorial to 2023-01-09T10:55:54.862396+00:00, run_after=2023-01-10T10:55:54.862396+00:00
[2023-01-10T10:55:54.876+0000] {processor.py:175} INFO - Processing /home/airflow/.local/lib/python3.7/site-packages/airflow/example_dags/tutorial.py took 0.073 seconds
[2023-01-10T10:56:25.050+0000] {processor.py:153} INFO - Started process (PID=389) to work on /home/airflow/.local/lib/python3.7/site-packages/airflow/example_dags/tutorial.py
[2023-01-10T10:56:25.051+0000] {processor.py:743} INFO - Processing file /home/airflow/.local/lib/python3.7/site-packages/airflow/example_dags/tutorial.py for tasks to queue
[2023-01-10T10:56:25.052+0000] {logging_mixin.py:137} INFO - [2023-01-10T10:56:25.051+0000] {dagbag.py:538} INFO - Filling up the DagBag from /home/airflow/.local/lib/python3.7/site-packages/airflow/example_dags/tutorial.py
[2023-01-10T10:56:25.063+0000] {processor.py:753} INFO - DAG(s) dict_keys(['tutorial']) retrieved from /home/airflow/.local/lib/python3.7/site-packages/airflow/example_dags/tutorial.py
[2023-01-10T10:56:25.091+0000] {logging_mixin.py:137} INFO - [2023-01-10T10:56:25.091+0000] {dag.py:2676} INFO - Sync 1 DAGs
[2023-01-10T10:56:25.111+0000] {logging_mixin.py:137} INFO - [2023-01-10T10:56:25.111+0000] {dag.py:3427} INFO - Setting next_dagrun for tutorial to 2023-01-09T10:56:25.110923+00:00, run_after=2023-01-10T10:56:25.110923+00:00
[2023-01-10T10:56:25.127+0000] {processor.py:175} INFO - Processing /home/airflow/.local/lib/python3.7/site-packages/airflow/example_dags/tutorial.py took 0.078 seconds
[2023-01-10T10:56:56.028+0000] {processor.py:153} INFO - Started process (PID=459) to work on /home/airflow/.local/lib/python3.7/site-packages/airflow/example_dags/tutorial.py
[2023-01-10T10:56:56.028+0000] {processor.py:743} INFO - Processing file /home/airflow/.local/lib/python3.7/site-packages/airflow/example_dags/tutorial.py for tasks to queue
[2023-01-10T10:56:56.029+0000] {logging_mixin.py:137} INFO - [2023-01-10T10:56:56.029+0000] {dagbag.py:538} INFO - Filling up the DagBag from /home/airflow/.local/lib/python3.7/site-packages/airflow/example_dags/tutorial.py
[2023-01-10T10:56:56.041+0000] {processor.py:753} INFO - DAG(s) dict_keys(['tutorial']) retrieved from /home/airflow/.local/lib/python3.7/site-packages/airflow/example_dags/tutorial.py
[2023-01-10T10:56:56.074+0000] {logging_mixin.py:137} INFO - [2023-01-10T10:56:56.074+0000] {dag.py:2676} INFO - Sync 1 DAGs
[2023-01-10T10:56:56.097+0000] {logging_mixin.py:137} INFO - [2023-01-10T10:56:56.097+0000] {dag.py:3427} INFO - Setting next_dagrun for tutorial to 2023-01-09T10:56:56.097117+00:00, run_after=2023-01-10T10:56:56.097117+00:00
[2023-01-10T10:56:56.114+0000] {processor.py:175} INFO - Processing /home/airflow/.local/lib/python3.7/site-packages/airflow/example_dags/tutorial.py took 0.088 seconds
[2023-01-10T10:57:26.328+0000] {processor.py:153} INFO - Started process (PID=545) to work on /home/airflow/.local/lib/python3.7/site-packages/airflow/example_dags/tutorial.py
[2023-01-10T10:57:26.328+0000] {processor.py:743} INFO - Processing file /home/airflow/.local/lib/python3.7/site-packages/airflow/example_dags/tutorial.py for tasks to queue
[2023-01-10T10:57:26.329+0000] {logging_mixin.py:137} INFO - [2023-01-10T10:57:26.329+0000] {dagbag.py:538} INFO - Filling up the DagBag from /home/airflow/.local/lib/python3.7/site-packages/airflow/example_dags/tutorial.py
[2023-01-10T10:57:26.338+0000] {processor.py:753} INFO - DAG(s) dict_keys(['tutorial']) retrieved from /home/airflow/.local/lib/python3.7/site-packages/airflow/example_dags/tutorial.py
[2023-01-10T10:57:26.375+0000] {logging_mixin.py:137} INFO - [2023-01-10T10:57:26.375+0000] {dag.py:2676} INFO - Sync 1 DAGs
[2023-01-10T10:57:26.398+0000] {logging_mixin.py:137} INFO - [2023-01-10T10:57:26.398+0000] {dag.py:3427} INFO - Setting next_dagrun for tutorial to 2023-01-09T10:57:26.398441+00:00, run_after=2023-01-10T10:57:26.398441+00:00
[2023-01-10T10:57:26.412+0000] {processor.py:175} INFO - Processing /home/airflow/.local/lib/python3.7/site-packages/airflow/example_dags/tutorial.py took 0.086 seconds
[2023-01-10T10:57:57.323+0000] {processor.py:153} INFO - Started process (PID=615) to work on /home/airflow/.local/lib/python3.7/site-packages/airflow/example_dags/tutorial.py
[2023-01-10T10:57:57.324+0000] {processor.py:743} INFO - Processing file /home/airflow/.local/lib/python3.7/site-packages/airflow/example_dags/tutorial.py for tasks to queue
[2023-01-10T10:57:57.324+0000] {logging_mixin.py:137} INFO - [2023-01-10T10:57:57.324+0000] {dagbag.py:538} INFO - Filling up the DagBag from /home/airflow/.local/lib/python3.7/site-packages/airflow/example_dags/tutorial.py
[2023-01-10T10:57:57.337+0000] {processor.py:753} INFO - DAG(s) dict_keys(['tutorial']) retrieved from /home/airflow/.local/lib/python3.7/site-packages/airflow/example_dags/tutorial.py
[2023-01-10T10:57:57.366+0000] {logging_mixin.py:137} INFO - [2023-01-10T10:57:57.366+0000] {dag.py:2676} INFO - Sync 1 DAGs
[2023-01-10T10:57:57.388+0000] {logging_mixin.py:137} INFO - [2023-01-10T10:57:57.388+0000] {dag.py:3427} INFO - Setting next_dagrun for tutorial to 2023-01-09T10:57:57.388112+00:00, run_after=2023-01-10T10:57:57.388112+00:00
[2023-01-10T10:57:57.403+0000] {processor.py:175} INFO - Processing /home/airflow/.local/lib/python3.7/site-packages/airflow/example_dags/tutorial.py took 0.082 seconds
[2023-01-10T10:58:28.283+0000] {processor.py:153} INFO - Started process (PID=701) to work on /home/airflow/.local/lib/python3.7/site-packages/airflow/example_dags/tutorial.py
[2023-01-10T10:58:28.284+0000] {processor.py:743} INFO - Processing file /home/airflow/.local/lib/python3.7/site-packages/airflow/example_dags/tutorial.py for tasks to queue
[2023-01-10T10:58:28.284+0000] {logging_mixin.py:137} INFO - [2023-01-10T10:58:28.284+0000] {dagbag.py:538} INFO - Filling up the DagBag from /home/airflow/.local/lib/python3.7/site-packages/airflow/example_dags/tutorial.py
[2023-01-10T10:58:28.294+0000] {processor.py:753} INFO - DAG(s) dict_keys(['tutorial']) retrieved from /home/airflow/.local/lib/python3.7/site-packages/airflow/example_dags/tutorial.py
[2023-01-10T10:58:28.323+0000] {logging_mixin.py:137} INFO - [2023-01-10T10:58:28.322+0000] {dag.py:2676} INFO - Sync 1 DAGs
[2023-01-10T10:58:28.343+0000] {logging_mixin.py:137} INFO - [2023-01-10T10:58:28.343+0000] {dag.py:3427} INFO - Setting next_dagrun for tutorial to 2023-01-09T10:58:28.343109+00:00, run_after=2023-01-10T10:58:28.343109+00:00
[2023-01-10T10:58:28.358+0000] {processor.py:175} INFO - Processing /home/airflow/.local/lib/python3.7/site-packages/airflow/example_dags/tutorial.py took 0.077 seconds
[2023-01-10T10:58:59.416+0000] {processor.py:153} INFO - Started process (PID=779) to work on /home/airflow/.local/lib/python3.7/site-packages/airflow/example_dags/tutorial.py
[2023-01-10T10:58:59.417+0000] {processor.py:743} INFO - Processing file /home/airflow/.local/lib/python3.7/site-packages/airflow/example_dags/tutorial.py for tasks to queue
[2023-01-10T10:58:59.417+0000] {logging_mixin.py:137} INFO - [2023-01-10T10:58:59.417+0000] {dagbag.py:538} INFO - Filling up the DagBag from /home/airflow/.local/lib/python3.7/site-packages/airflow/example_dags/tutorial.py
[2023-01-10T10:58:59.434+0000] {processor.py:753} INFO - DAG(s) dict_keys(['tutorial']) retrieved from /home/airflow/.local/lib/python3.7/site-packages/airflow/example_dags/tutorial.py
[2023-01-10T10:58:59.472+0000] {logging_mixin.py:137} INFO - [2023-01-10T10:58:59.472+0000] {dag.py:2676} INFO - Sync 1 DAGs
[2023-01-10T10:58:59.495+0000] {logging_mixin.py:137} INFO - [2023-01-10T10:58:59.495+0000] {dag.py:3427} INFO - Setting next_dagrun for tutorial to 2023-01-09T10:58:59.495508+00:00, run_after=2023-01-10T10:58:59.495508+00:00
[2023-01-10T10:58:59.511+0000] {processor.py:175} INFO - Processing /home/airflow/.local/lib/python3.7/site-packages/airflow/example_dags/tutorial.py took 0.098 seconds
[2023-01-10T10:59:29.800+0000] {processor.py:153} INFO - Started process (PID=856) to work on /home/airflow/.local/lib/python3.7/site-packages/airflow/example_dags/tutorial.py
[2023-01-10T10:59:29.800+0000] {processor.py:743} INFO - Processing file /home/airflow/.local/lib/python3.7/site-packages/airflow/example_dags/tutorial.py for tasks to queue
[2023-01-10T10:59:29.801+0000] {logging_mixin.py:137} INFO - [2023-01-10T10:59:29.801+0000] {dagbag.py:538} INFO - Filling up the DagBag from /home/airflow/.local/lib/python3.7/site-packages/airflow/example_dags/tutorial.py
[2023-01-10T10:59:29.813+0000] {processor.py:753} INFO - DAG(s) dict_keys(['tutorial']) retrieved from /home/airflow/.local/lib/python3.7/site-packages/airflow/example_dags/tutorial.py
[2023-01-10T10:59:29.848+0000] {logging_mixin.py:137} INFO - [2023-01-10T10:59:29.848+0000] {dag.py:2676} INFO - Sync 1 DAGs
[2023-01-10T10:59:29.870+0000] {logging_mixin.py:137} INFO - [2023-01-10T10:59:29.870+0000] {dag.py:3427} INFO - Setting next_dagrun for tutorial to 2023-01-09T10:59:29.870314+00:00, run_after=2023-01-10T10:59:29.870314+00:00
[2023-01-10T10:59:29.887+0000] {processor.py:175} INFO - Processing /home/airflow/.local/lib/python3.7/site-packages/airflow/example_dags/tutorial.py took 0.090 seconds
[2023-01-10T10:59:59.991+0000] {processor.py:153} INFO - Started process (PID=943) to work on /home/airflow/.local/lib/python3.7/site-packages/airflow/example_dags/tutorial.py
[2023-01-10T10:59:59.992+0000] {processor.py:743} INFO - Processing file /home/airflow/.local/lib/python3.7/site-packages/airflow/example_dags/tutorial.py for tasks to queue
[2023-01-10T10:59:59.992+0000] {logging_mixin.py:137} INFO - [2023-01-10T10:59:59.992+0000] {dagbag.py:538} INFO - Filling up the DagBag from /home/airflow/.local/lib/python3.7/site-packages/airflow/example_dags/tutorial.py
[2023-01-10T11:00:00.003+0000] {processor.py:753} INFO - DAG(s) dict_keys(['tutorial']) retrieved from /home/airflow/.local/lib/python3.7/site-packages/airflow/example_dags/tutorial.py
[2023-01-10T11:00:00.035+0000] {logging_mixin.py:137} INFO - [2023-01-10T11:00:00.034+0000] {dag.py:2676} INFO - Sync 1 DAGs
[2023-01-10T11:00:00.055+0000] {logging_mixin.py:137} INFO - [2023-01-10T11:00:00.055+0000] {dag.py:3427} INFO - Setting next_dagrun for tutorial to 2023-01-09T11:00:00.054943+00:00, run_after=2023-01-10T11:00:00.054943+00:00
[2023-01-10T11:00:00.074+0000] {processor.py:175} INFO - Processing /home/airflow/.local/lib/python3.7/site-packages/airflow/example_dags/tutorial.py took 0.085 seconds
[2023-01-10T11:00:30.186+0000] {processor.py:153} INFO - Started process (PID=1013) to work on /home/airflow/.local/lib/python3.7/site-packages/airflow/example_dags/tutorial.py
[2023-01-10T11:00:30.187+0000] {processor.py:743} INFO - Processing file /home/airflow/.local/lib/python3.7/site-packages/airflow/example_dags/tutorial.py for tasks to queue
[2023-01-10T11:00:30.187+0000] {logging_mixin.py:137} INFO - [2023-01-10T11:00:30.187+0000] {dagbag.py:538} INFO - Filling up the DagBag from /home/airflow/.local/lib/python3.7/site-packages/airflow/example_dags/tutorial.py
[2023-01-10T11:00:30.197+0000] {processor.py:753} INFO - DAG(s) dict_keys(['tutorial']) retrieved from /home/airflow/.local/lib/python3.7/site-packages/airflow/example_dags/tutorial.py
[2023-01-10T11:00:30.226+0000] {logging_mixin.py:137} INFO - [2023-01-10T11:00:30.226+0000] {dag.py:2676} INFO - Sync 1 DAGs
[2023-01-10T11:00:30.244+0000] {logging_mixin.py:137} INFO - [2023-01-10T11:00:30.244+0000] {dag.py:3427} INFO - Setting next_dagrun for tutorial to 2023-01-09T11:00:30.244533+00:00, run_after=2023-01-10T11:00:30.244533+00:00
[2023-01-10T11:00:30.260+0000] {processor.py:175} INFO - Processing /home/airflow/.local/lib/python3.7/site-packages/airflow/example_dags/tutorial.py took 0.076 seconds
[2023-01-10T11:01:00.334+0000] {processor.py:153} INFO - Started process (PID=1099) to work on /home/airflow/.local/lib/python3.7/site-packages/airflow/example_dags/tutorial.py
[2023-01-10T11:01:00.335+0000] {processor.py:743} INFO - Processing file /home/airflow/.local/lib/python3.7/site-packages/airflow/example_dags/tutorial.py for tasks to queue
[2023-01-10T11:01:00.335+0000] {logging_mixin.py:137} INFO - [2023-01-10T11:01:00.335+0000] {dagbag.py:538} INFO - Filling up the DagBag from /home/airflow/.local/lib/python3.7/site-packages/airflow/example_dags/tutorial.py
[2023-01-10T11:01:00.348+0000] {processor.py:753} INFO - DAG(s) dict_keys(['tutorial']) retrieved from /home/airflow/.local/lib/python3.7/site-packages/airflow/example_dags/tutorial.py
[2023-01-10T11:01:00.388+0000] {logging_mixin.py:137} INFO - [2023-01-10T11:01:00.387+0000] {dag.py:2676} INFO - Sync 1 DAGs
[2023-01-10T11:01:00.420+0000] {logging_mixin.py:137} INFO - [2023-01-10T11:01:00.420+0000] {dag.py:3427} INFO - Setting next_dagrun for tutorial to 2023-01-09T11:01:00.420452+00:00, run_after=2023-01-10T11:01:00.420452+00:00
[2023-01-10T11:01:00.443+0000] {processor.py:175} INFO - Processing /home/airflow/.local/lib/python3.7/site-packages/airflow/example_dags/tutorial.py took 0.111 seconds
[2023-01-10T11:01:30.508+0000] {processor.py:153} INFO - Started process (PID=1169) to work on /home/airflow/.local/lib/python3.7/site-packages/airflow/example_dags/tutorial.py
[2023-01-10T11:01:30.509+0000] {processor.py:743} INFO - Processing file /home/airflow/.local/lib/python3.7/site-packages/airflow/example_dags/tutorial.py for tasks to queue
[2023-01-10T11:01:30.509+0000] {logging_mixin.py:137} INFO - [2023-01-10T11:01:30.509+0000] {dagbag.py:538} INFO - Filling up the DagBag from /home/airflow/.local/lib/python3.7/site-packages/airflow/example_dags/tutorial.py
[2023-01-10T11:01:30.519+0000] {processor.py:753} INFO - DAG(s) dict_keys(['tutorial']) retrieved from /home/airflow/.local/lib/python3.7/site-packages/airflow/example_dags/tutorial.py
[2023-01-10T11:01:30.548+0000] {logging_mixin.py:137} INFO - [2023-01-10T11:01:30.548+0000] {dag.py:2676} INFO - Sync 1 DAGs
[2023-01-10T11:01:30.567+0000] {logging_mixin.py:137} INFO - [2023-01-10T11:01:30.567+0000] {dag.py:3427} INFO - Setting next_dagrun for tutorial to 2023-01-09T11:01:30.567281+00:00, run_after=2023-01-10T11:01:30.567281+00:00
[2023-01-10T11:01:30.580+0000] {processor.py:175} INFO - Processing /home/airflow/.local/lib/python3.7/site-packages/airflow/example_dags/tutorial.py took 0.074 seconds
[2023-01-10T11:02:00.898+0000] {processor.py:153} INFO - Started process (PID=1256) to work on /home/airflow/.local/lib/python3.7/site-packages/airflow/example_dags/tutorial.py
[2023-01-10T11:02:00.898+0000] {processor.py:743} INFO - Processing file /home/airflow/.local/lib/python3.7/site-packages/airflow/example_dags/tutorial.py for tasks to queue
[2023-01-10T11:02:00.899+0000] {logging_mixin.py:137} INFO - [2023-01-10T11:02:00.899+0000] {dagbag.py:538} INFO - Filling up the DagBag from /home/airflow/.local/lib/python3.7/site-packages/airflow/example_dags/tutorial.py
[2023-01-10T11:02:00.911+0000] {processor.py:753} INFO - DAG(s) dict_keys(['tutorial']) retrieved from /home/airflow/.local/lib/python3.7/site-packages/airflow/example_dags/tutorial.py
[2023-01-10T11:02:00.944+0000] {logging_mixin.py:137} INFO - [2023-01-10T11:02:00.944+0000] {dag.py:2676} INFO - Sync 1 DAGs
[2023-01-10T11:02:00.964+0000] {logging_mixin.py:137} INFO - [2023-01-10T11:02:00.964+0000] {dag.py:3427} INFO - Setting next_dagrun for tutorial to 2023-01-09T11:02:00.963987+00:00, run_after=2023-01-10T11:02:00.963987+00:00
[2023-01-10T11:02:00.980+0000] {processor.py:175} INFO - Processing /home/airflow/.local/lib/python3.7/site-packages/airflow/example_dags/tutorial.py took 0.084 seconds
[2023-01-10T11:02:31.003+0000] {processor.py:153} INFO - Started process (PID=1326) to work on /home/airflow/.local/lib/python3.7/site-packages/airflow/example_dags/tutorial.py
[2023-01-10T11:02:31.003+0000] {processor.py:743} INFO - Processing file /home/airflow/.local/lib/python3.7/site-packages/airflow/example_dags/tutorial.py for tasks to queue
[2023-01-10T11:02:31.004+0000] {logging_mixin.py:137} INFO - [2023-01-10T11:02:31.004+0000] {dagbag.py:538} INFO - Filling up the DagBag from /home/airflow/.local/lib/python3.7/site-packages/airflow/example_dags/tutorial.py
[2023-01-10T11:02:31.013+0000] {processor.py:753} INFO - DAG(s) dict_keys(['tutorial']) retrieved from /home/airflow/.local/lib/python3.7/site-packages/airflow/example_dags/tutorial.py
[2023-01-10T11:02:31.041+0000] {logging_mixin.py:137} INFO - [2023-01-10T11:02:31.041+0000] {dag.py:2676} INFO - Sync 1 DAGs
[2023-01-10T11:02:31.060+0000] {logging_mixin.py:137} INFO - [2023-01-10T11:02:31.060+0000] {dag.py:3427} INFO - Setting next_dagrun for tutorial to 2023-01-09T11:02:31.060611+00:00, run_after=2023-01-10T11:02:31.060611+00:00
[2023-01-10T11:02:31.075+0000] {processor.py:175} INFO - Processing /home/airflow/.local/lib/python3.7/site-packages/airflow/example_dags/tutorial.py took 0.075 seconds
[2023-01-10T11:03:01.243+0000] {processor.py:153} INFO - Started process (PID=1412) to work on /home/airflow/.local/lib/python3.7/site-packages/airflow/example_dags/tutorial.py
[2023-01-10T11:03:01.243+0000] {processor.py:743} INFO - Processing file /home/airflow/.local/lib/python3.7/site-packages/airflow/example_dags/tutorial.py for tasks to queue
[2023-01-10T11:03:01.244+0000] {logging_mixin.py:137} INFO - [2023-01-10T11:03:01.244+0000] {dagbag.py:538} INFO - Filling up the DagBag from /home/airflow/.local/lib/python3.7/site-packages/airflow/example_dags/tutorial.py
[2023-01-10T11:03:01.253+0000] {processor.py:753} INFO - DAG(s) dict_keys(['tutorial']) retrieved from /home/airflow/.local/lib/python3.7/site-packages/airflow/example_dags/tutorial.py
[2023-01-10T11:03:01.283+0000] {logging_mixin.py:137} INFO - [2023-01-10T11:03:01.283+0000] {dag.py:2676} INFO - Sync 1 DAGs
[2023-01-10T11:03:01.303+0000] {logging_mixin.py:137} INFO - [2023-01-10T11:03:01.303+0000] {dag.py:3427} INFO - Setting next_dagrun for tutorial to 2023-01-09T11:03:01.302824+00:00, run_after=2023-01-10T11:03:01.302824+00:00
[2023-01-10T11:03:01.317+0000] {processor.py:175} INFO - Processing /home/airflow/.local/lib/python3.7/site-packages/airflow/example_dags/tutorial.py took 0.077 seconds
[2023-01-10T11:03:32.165+0000] {processor.py:153} INFO - Started process (PID=1483) to work on /home/airflow/.local/lib/python3.7/site-packages/airflow/example_dags/tutorial.py
[2023-01-10T11:03:32.166+0000] {processor.py:743} INFO - Processing file /home/airflow/.local/lib/python3.7/site-packages/airflow/example_dags/tutorial.py for tasks to queue
[2023-01-10T11:03:32.167+0000] {logging_mixin.py:137} INFO - [2023-01-10T11:03:32.166+0000] {dagbag.py:538} INFO - Filling up the DagBag from /home/airflow/.local/lib/python3.7/site-packages/airflow/example_dags/tutorial.py
[2023-01-10T11:03:32.178+0000] {processor.py:753} INFO - DAG(s) dict_keys(['tutorial']) retrieved from /home/airflow/.local/lib/python3.7/site-packages/airflow/example_dags/tutorial.py
[2023-01-10T11:03:32.209+0000] {logging_mixin.py:137} INFO - [2023-01-10T11:03:32.209+0000] {dag.py:2676} INFO - Sync 1 DAGs
[2023-01-10T11:03:32.232+0000] {logging_mixin.py:137} INFO - [2023-01-10T11:03:32.232+0000] {dag.py:3427} INFO - Setting next_dagrun for tutorial to 2023-01-09T11:03:32.232565+00:00, run_after=2023-01-10T11:03:32.232565+00:00
[2023-01-10T11:03:32.252+0000] {processor.py:175} INFO - Processing /home/airflow/.local/lib/python3.7/site-packages/airflow/example_dags/tutorial.py took 0.092 seconds
[2023-01-10T11:04:02.625+0000] {processor.py:153} INFO - Started process (PID=1569) to work on /home/airflow/.local/lib/python3.7/site-packages/airflow/example_dags/tutorial.py
[2023-01-10T11:04:02.625+0000] {processor.py:743} INFO - Processing file /home/airflow/.local/lib/python3.7/site-packages/airflow/example_dags/tutorial.py for tasks to queue
[2023-01-10T11:04:02.626+0000] {logging_mixin.py:137} INFO - [2023-01-10T11:04:02.626+0000] {dagbag.py:538} INFO - Filling up the DagBag from /home/airflow/.local/lib/python3.7/site-packages/airflow/example_dags/tutorial.py
[2023-01-10T11:04:02.635+0000] {processor.py:753} INFO - DAG(s) dict_keys(['tutorial']) retrieved from /home/airflow/.local/lib/python3.7/site-packages/airflow/example_dags/tutorial.py
[2023-01-10T11:04:02.665+0000] {logging_mixin.py:137} INFO - [2023-01-10T11:04:02.665+0000] {dag.py:2676} INFO - Sync 1 DAGs
[2023-01-10T11:04:02.684+0000] {logging_mixin.py:137} INFO - [2023-01-10T11:04:02.684+0000] {dag.py:3427} INFO - Setting next_dagrun for tutorial to 2023-01-09T11:04:02.684286+00:00, run_after=2023-01-10T11:04:02.684286+00:00
[2023-01-10T11:04:02.698+0000] {processor.py:175} INFO - Processing /home/airflow/.local/lib/python3.7/site-packages/airflow/example_dags/tutorial.py took 0.077 seconds
[2023-01-10T11:04:33.624+0000] {processor.py:153} INFO - Started process (PID=1639) to work on /home/airflow/.local/lib/python3.7/site-packages/airflow/example_dags/tutorial.py
[2023-01-10T11:04:33.624+0000] {processor.py:743} INFO - Processing file /home/airflow/.local/lib/python3.7/site-packages/airflow/example_dags/tutorial.py for tasks to queue
[2023-01-10T11:04:33.625+0000] {logging_mixin.py:137} INFO - [2023-01-10T11:04:33.624+0000] {dagbag.py:538} INFO - Filling up the DagBag from /home/airflow/.local/lib/python3.7/site-packages/airflow/example_dags/tutorial.py
[2023-01-10T11:04:33.637+0000] {processor.py:753} INFO - DAG(s) dict_keys(['tutorial']) retrieved from /home/airflow/.local/lib/python3.7/site-packages/airflow/example_dags/tutorial.py
[2023-01-10T11:04:33.670+0000] {logging_mixin.py:137} INFO - [2023-01-10T11:04:33.670+0000] {dag.py:2676} INFO - Sync 1 DAGs
[2023-01-10T11:04:33.700+0000] {logging_mixin.py:137} INFO - [2023-01-10T11:04:33.699+0000] {dag.py:3427} INFO - Setting next_dagrun for tutorial to 2023-01-09T11:04:33.697853+00:00, run_after=2023-01-10T11:04:33.697853+00:00
[2023-01-10T11:04:33.721+0000] {processor.py:175} INFO - Processing /home/airflow/.local/lib/python3.7/site-packages/airflow/example_dags/tutorial.py took 0.099 seconds
[2023-01-10T11:05:03.777+0000] {processor.py:153} INFO - Started process (PID=1725) to work on /home/airflow/.local/lib/python3.7/site-packages/airflow/example_dags/tutorial.py
[2023-01-10T11:05:03.778+0000] {processor.py:743} INFO - Processing file /home/airflow/.local/lib/python3.7/site-packages/airflow/example_dags/tutorial.py for tasks to queue
[2023-01-10T11:05:03.778+0000] {logging_mixin.py:137} INFO - [2023-01-10T11:05:03.778+0000] {dagbag.py:538} INFO - Filling up the DagBag from /home/airflow/.local/lib/python3.7/site-packages/airflow/example_dags/tutorial.py
[2023-01-10T11:05:03.788+0000] {processor.py:753} INFO - DAG(s) dict_keys(['tutorial']) retrieved from /home/airflow/.local/lib/python3.7/site-packages/airflow/example_dags/tutorial.py
[2023-01-10T11:05:03.814+0000] {logging_mixin.py:137} INFO - [2023-01-10T11:05:03.814+0000] {dag.py:2676} INFO - Sync 1 DAGs
[2023-01-10T11:05:03.833+0000] {logging_mixin.py:137} INFO - [2023-01-10T11:05:03.833+0000] {dag.py:3427} INFO - Setting next_dagrun for tutorial to 2023-01-09T11:05:03.833587+00:00, run_after=2023-01-10T11:05:03.833587+00:00
[2023-01-10T11:05:03.846+0000] {processor.py:175} INFO - Processing /home/airflow/.local/lib/python3.7/site-packages/airflow/example_dags/tutorial.py took 0.070 seconds
[2023-01-10T11:05:33.930+0000] {processor.py:153} INFO - Started process (PID=1795) to work on /home/airflow/.local/lib/python3.7/site-packages/airflow/example_dags/tutorial.py
[2023-01-10T11:05:33.931+0000] {processor.py:743} INFO - Processing file /home/airflow/.local/lib/python3.7/site-packages/airflow/example_dags/tutorial.py for tasks to queue
[2023-01-10T11:05:33.932+0000] {logging_mixin.py:137} INFO - [2023-01-10T11:05:33.932+0000] {dagbag.py:538} INFO - Filling up the DagBag from /home/airflow/.local/lib/python3.7/site-packages/airflow/example_dags/tutorial.py
[2023-01-10T11:05:33.945+0000] {processor.py:753} INFO - DAG(s) dict_keys(['tutorial']) retrieved from /home/airflow/.local/lib/python3.7/site-packages/airflow/example_dags/tutorial.py
[2023-01-10T11:05:33.978+0000] {logging_mixin.py:137} INFO - [2023-01-10T11:05:33.978+0000] {dag.py:2676} INFO - Sync 1 DAGs
[2023-01-10T11:05:33.999+0000] {logging_mixin.py:137} INFO - [2023-01-10T11:05:33.998+0000] {dag.py:3427} INFO - Setting next_dagrun for tutorial to 2023-01-09T11:05:33.998690+00:00, run_after=2023-01-10T11:05:33.998690+00:00
[2023-01-10T11:05:34.013+0000] {processor.py:175} INFO - Processing /home/airflow/.local/lib/python3.7/site-packages/airflow/example_dags/tutorial.py took 0.085 seconds
[2023-01-10T11:06:04.080+0000] {processor.py:153} INFO - Started process (PID=1881) to work on /home/airflow/.local/lib/python3.7/site-packages/airflow/example_dags/tutorial.py
[2023-01-10T11:06:04.080+0000] {processor.py:743} INFO - Processing file /home/airflow/.local/lib/python3.7/site-packages/airflow/example_dags/tutorial.py for tasks to queue
[2023-01-10T11:06:04.081+0000] {logging_mixin.py:137} INFO - [2023-01-10T11:06:04.081+0000] {dagbag.py:538} INFO - Filling up the DagBag from /home/airflow/.local/lib/python3.7/site-packages/airflow/example_dags/tutorial.py
[2023-01-10T11:06:04.091+0000] {processor.py:753} INFO - DAG(s) dict_keys(['tutorial']) retrieved from /home/airflow/.local/lib/python3.7/site-packages/airflow/example_dags/tutorial.py
[2023-01-10T11:06:04.120+0000] {logging_mixin.py:137} INFO - [2023-01-10T11:06:04.119+0000] {dag.py:2676} INFO - Sync 1 DAGs
[2023-01-10T11:06:04.138+0000] {logging_mixin.py:137} INFO - [2023-01-10T11:06:04.138+0000] {dag.py:3427} INFO - Setting next_dagrun for tutorial to 2023-01-09T11:06:04.138367+00:00, run_after=2023-01-10T11:06:04.138367+00:00
[2023-01-10T11:06:04.151+0000] {processor.py:175} INFO - Processing /home/airflow/.local/lib/python3.7/site-packages/airflow/example_dags/tutorial.py took 0.073 seconds
[2023-01-10T11:06:34.584+0000] {processor.py:153} INFO - Started process (PID=1960) to work on /home/airflow/.local/lib/python3.7/site-packages/airflow/example_dags/tutorial.py
[2023-01-10T11:06:34.585+0000] {processor.py:743} INFO - Processing file /home/airflow/.local/lib/python3.7/site-packages/airflow/example_dags/tutorial.py for tasks to queue
[2023-01-10T11:06:34.585+0000] {logging_mixin.py:137} INFO - [2023-01-10T11:06:34.585+0000] {dagbag.py:538} INFO - Filling up the DagBag from /home/airflow/.local/lib/python3.7/site-packages/airflow/example_dags/tutorial.py
[2023-01-10T11:06:34.598+0000] {processor.py:753} INFO - DAG(s) dict_keys(['tutorial']) retrieved from /home/airflow/.local/lib/python3.7/site-packages/airflow/example_dags/tutorial.py
[2023-01-10T11:06:34.628+0000] {logging_mixin.py:137} INFO - [2023-01-10T11:06:34.628+0000] {dag.py:2676} INFO - Sync 1 DAGs
[2023-01-10T11:06:34.654+0000] {logging_mixin.py:137} INFO - [2023-01-10T11:06:34.654+0000] {dag.py:3427} INFO - Setting next_dagrun for tutorial to 2023-01-09T11:06:34.653964+00:00, run_after=2023-01-10T11:06:34.653964+00:00
[2023-01-10T11:06:34.675+0000] {processor.py:175} INFO - Processing /home/airflow/.local/lib/python3.7/site-packages/airflow/example_dags/tutorial.py took 0.095 seconds
[2023-01-10T11:07:05.631+0000] {processor.py:153} INFO - Started process (PID=2037) to work on /home/airflow/.local/lib/python3.7/site-packages/airflow/example_dags/tutorial.py
[2023-01-10T11:07:05.631+0000] {processor.py:743} INFO - Processing file /home/airflow/.local/lib/python3.7/site-packages/airflow/example_dags/tutorial.py for tasks to queue
[2023-01-10T11:07:05.632+0000] {logging_mixin.py:137} INFO - [2023-01-10T11:07:05.632+0000] {dagbag.py:538} INFO - Filling up the DagBag from /home/airflow/.local/lib/python3.7/site-packages/airflow/example_dags/tutorial.py
[2023-01-10T11:07:05.642+0000] {processor.py:753} INFO - DAG(s) dict_keys(['tutorial']) retrieved from /home/airflow/.local/lib/python3.7/site-packages/airflow/example_dags/tutorial.py
[2023-01-10T11:07:05.672+0000] {logging_mixin.py:137} INFO - [2023-01-10T11:07:05.671+0000] {dag.py:2676} INFO - Sync 1 DAGs
[2023-01-10T11:07:05.694+0000] {logging_mixin.py:137} INFO - [2023-01-10T11:07:05.694+0000] {dag.py:3427} INFO - Setting next_dagrun for tutorial to 2023-01-09T11:07:05.694315+00:00, run_after=2023-01-10T11:07:05.694315+00:00
[2023-01-10T11:07:05.708+0000] {processor.py:175} INFO - Processing /home/airflow/.local/lib/python3.7/site-packages/airflow/example_dags/tutorial.py took 0.080 seconds
[2023-01-10T11:07:36.130+0000] {processor.py:153} INFO - Started process (PID=2123) to work on /home/airflow/.local/lib/python3.7/site-packages/airflow/example_dags/tutorial.py
[2023-01-10T11:07:36.131+0000] {processor.py:743} INFO - Processing file /home/airflow/.local/lib/python3.7/site-packages/airflow/example_dags/tutorial.py for tasks to queue
[2023-01-10T11:07:36.131+0000] {logging_mixin.py:137} INFO - [2023-01-10T11:07:36.131+0000] {dagbag.py:538} INFO - Filling up the DagBag from /home/airflow/.local/lib/python3.7/site-packages/airflow/example_dags/tutorial.py
[2023-01-10T11:07:36.140+0000] {processor.py:753} INFO - DAG(s) dict_keys(['tutorial']) retrieved from /home/airflow/.local/lib/python3.7/site-packages/airflow/example_dags/tutorial.py
[2023-01-10T11:07:36.167+0000] {logging_mixin.py:137} INFO - [2023-01-10T11:07:36.167+0000] {dag.py:2676} INFO - Sync 1 DAGs
[2023-01-10T11:07:36.185+0000] {logging_mixin.py:137} INFO - [2023-01-10T11:07:36.185+0000] {dag.py:3427} INFO - Setting next_dagrun for tutorial to 2023-01-09T11:07:36.185013+00:00, run_after=2023-01-10T11:07:36.185013+00:00
[2023-01-10T11:07:36.198+0000] {processor.py:175} INFO - Processing /home/airflow/.local/lib/python3.7/site-packages/airflow/example_dags/tutorial.py took 0.069 seconds
[2023-01-10T11:08:06.319+0000] {processor.py:153} INFO - Started process (PID=2193) to work on /home/airflow/.local/lib/python3.7/site-packages/airflow/example_dags/tutorial.py
[2023-01-10T11:08:06.319+0000] {processor.py:743} INFO - Processing file /home/airflow/.local/lib/python3.7/site-packages/airflow/example_dags/tutorial.py for tasks to queue
[2023-01-10T11:08:06.320+0000] {logging_mixin.py:137} INFO - [2023-01-10T11:08:06.320+0000] {dagbag.py:538} INFO - Filling up the DagBag from /home/airflow/.local/lib/python3.7/site-packages/airflow/example_dags/tutorial.py
[2023-01-10T11:08:06.332+0000] {processor.py:753} INFO - DAG(s) dict_keys(['tutorial']) retrieved from /home/airflow/.local/lib/python3.7/site-packages/airflow/example_dags/tutorial.py
[2023-01-10T11:08:06.363+0000] {logging_mixin.py:137} INFO - [2023-01-10T11:08:06.363+0000] {dag.py:2676} INFO - Sync 1 DAGs
[2023-01-10T11:08:06.385+0000] {logging_mixin.py:137} INFO - [2023-01-10T11:08:06.384+0000] {dag.py:3427} INFO - Setting next_dagrun for tutorial to 2023-01-09T11:08:06.384750+00:00, run_after=2023-01-10T11:08:06.384750+00:00
[2023-01-10T11:08:06.401+0000] {processor.py:175} INFO - Processing /home/airflow/.local/lib/python3.7/site-packages/airflow/example_dags/tutorial.py took 0.084 seconds
[2023-01-10T11:08:36.491+0000] {processor.py:153} INFO - Started process (PID=2279) to work on /home/airflow/.local/lib/python3.7/site-packages/airflow/example_dags/tutorial.py
[2023-01-10T11:08:36.491+0000] {processor.py:743} INFO - Processing file /home/airflow/.local/lib/python3.7/site-packages/airflow/example_dags/tutorial.py for tasks to queue
[2023-01-10T11:08:36.492+0000] {logging_mixin.py:137} INFO - [2023-01-10T11:08:36.492+0000] {dagbag.py:538} INFO - Filling up the DagBag from /home/airflow/.local/lib/python3.7/site-packages/airflow/example_dags/tutorial.py
[2023-01-10T11:08:36.502+0000] {processor.py:753} INFO - DAG(s) dict_keys(['tutorial']) retrieved from /home/airflow/.local/lib/python3.7/site-packages/airflow/example_dags/tutorial.py
[2023-01-10T11:08:36.527+0000] {logging_mixin.py:137} INFO - [2023-01-10T11:08:36.527+0000] {dag.py:2676} INFO - Sync 1 DAGs
[2023-01-10T11:08:36.546+0000] {logging_mixin.py:137} INFO - [2023-01-10T11:08:36.546+0000] {dag.py:3427} INFO - Setting next_dagrun for tutorial to 2023-01-09T11:08:36.546230+00:00, run_after=2023-01-10T11:08:36.546230+00:00
[2023-01-10T11:08:36.558+0000] {processor.py:175} INFO - Processing /home/airflow/.local/lib/python3.7/site-packages/airflow/example_dags/tutorial.py took 0.070 seconds
[2023-01-10T11:09:06.703+0000] {processor.py:153} INFO - Started process (PID=2349) to work on /home/airflow/.local/lib/python3.7/site-packages/airflow/example_dags/tutorial.py
[2023-01-10T11:09:06.703+0000] {processor.py:743} INFO - Processing file /home/airflow/.local/lib/python3.7/site-packages/airflow/example_dags/tutorial.py for tasks to queue
[2023-01-10T11:09:06.704+0000] {logging_mixin.py:137} INFO - [2023-01-10T11:09:06.704+0000] {dagbag.py:538} INFO - Filling up the DagBag from /home/airflow/.local/lib/python3.7/site-packages/airflow/example_dags/tutorial.py
[2023-01-10T11:09:06.715+0000] {processor.py:753} INFO - DAG(s) dict_keys(['tutorial']) retrieved from /home/airflow/.local/lib/python3.7/site-packages/airflow/example_dags/tutorial.py
[2023-01-10T11:09:06.744+0000] {logging_mixin.py:137} INFO - [2023-01-10T11:09:06.744+0000] {dag.py:2676} INFO - Sync 1 DAGs
[2023-01-10T11:09:06.764+0000] {logging_mixin.py:137} INFO - [2023-01-10T11:09:06.764+0000] {dag.py:3427} INFO - Setting next_dagrun for tutorial to 2023-01-09T11:09:06.764130+00:00, run_after=2023-01-10T11:09:06.764130+00:00
[2023-01-10T11:09:06.779+0000] {processor.py:175} INFO - Processing /home/airflow/.local/lib/python3.7/site-packages/airflow/example_dags/tutorial.py took 0.078 seconds
[2023-01-10T11:09:37.106+0000] {processor.py:153} INFO - Started process (PID=2434) to work on /home/airflow/.local/lib/python3.7/site-packages/airflow/example_dags/tutorial.py
[2023-01-10T11:09:37.106+0000] {processor.py:743} INFO - Processing file /home/airflow/.local/lib/python3.7/site-packages/airflow/example_dags/tutorial.py for tasks to queue
[2023-01-10T11:09:37.107+0000] {logging_mixin.py:137} INFO - [2023-01-10T11:09:37.107+0000] {dagbag.py:538} INFO - Filling up the DagBag from /home/airflow/.local/lib/python3.7/site-packages/airflow/example_dags/tutorial.py
[2023-01-10T11:09:37.116+0000] {processor.py:753} INFO - DAG(s) dict_keys(['tutorial']) retrieved from /home/airflow/.local/lib/python3.7/site-packages/airflow/example_dags/tutorial.py
[2023-01-10T11:09:37.156+0000] {logging_mixin.py:137} INFO - [2023-01-10T11:09:37.155+0000] {dag.py:2676} INFO - Sync 1 DAGs
[2023-01-10T11:09:37.178+0000] {logging_mixin.py:137} INFO - [2023-01-10T11:09:37.178+0000] {dag.py:3427} INFO - Setting next_dagrun for tutorial to 2023-01-09T11:09:37.177902+00:00, run_after=2023-01-10T11:09:37.177902+00:00
[2023-01-10T11:09:37.194+0000] {processor.py:175} INFO - Processing /home/airflow/.local/lib/python3.7/site-packages/airflow/example_dags/tutorial.py took 0.091 seconds
[2023-01-10T11:10:08.069+0000] {processor.py:153} INFO - Started process (PID=2504) to work on /home/airflow/.local/lib/python3.7/site-packages/airflow/example_dags/tutorial.py
[2023-01-10T11:10:08.069+0000] {processor.py:743} INFO - Processing file /home/airflow/.local/lib/python3.7/site-packages/airflow/example_dags/tutorial.py for tasks to queue
[2023-01-10T11:10:08.070+0000] {logging_mixin.py:137} INFO - [2023-01-10T11:10:08.069+0000] {dagbag.py:538} INFO - Filling up the DagBag from /home/airflow/.local/lib/python3.7/site-packages/airflow/example_dags/tutorial.py
[2023-01-10T11:10:08.079+0000] {processor.py:753} INFO - DAG(s) dict_keys(['tutorial']) retrieved from /home/airflow/.local/lib/python3.7/site-packages/airflow/example_dags/tutorial.py
[2023-01-10T11:10:08.105+0000] {logging_mixin.py:137} INFO - [2023-01-10T11:10:08.105+0000] {dag.py:2676} INFO - Sync 1 DAGs
[2023-01-10T11:10:08.123+0000] {logging_mixin.py:137} INFO - [2023-01-10T11:10:08.123+0000] {dag.py:3427} INFO - Setting next_dagrun for tutorial to 2023-01-09T11:10:08.123344+00:00, run_after=2023-01-10T11:10:08.123344+00:00
[2023-01-10T11:10:08.138+0000] {processor.py:175} INFO - Processing /home/airflow/.local/lib/python3.7/site-packages/airflow/example_dags/tutorial.py took 0.072 seconds
