[2023-01-10T10:54:20.573+0000] {processor.py:153} INFO - Started process (PID=44) to work on /home/airflow/.local/lib/python3.7/site-packages/airflow/example_dags/tutorial_taskflow_api.py
[2023-01-10T10:54:20.574+0000] {processor.py:743} INFO - Processing file /home/airflow/.local/lib/python3.7/site-packages/airflow/example_dags/tutorial_taskflow_api.py for tasks to queue
[2023-01-10T10:54:20.574+0000] {logging_mixin.py:137} INFO - [2023-01-10T10:54:20.574+0000] {dagbag.py:538} INFO - Filling up the DagBag from /home/airflow/.local/lib/python3.7/site-packages/airflow/example_dags/tutorial_taskflow_api.py
[2023-01-10T10:54:20.591+0000] {processor.py:753} INFO - DAG(s) dict_keys(['tutorial_taskflow_api']) retrieved from /home/airflow/.local/lib/python3.7/site-packages/airflow/example_dags/tutorial_taskflow_api.py
[2023-01-10T10:54:20.712+0000] {logging_mixin.py:137} INFO - [2023-01-10T10:54:20.712+0000] {manager.py:504} INFO - Created Permission View: can delete on DAG:tutorial_taskflow_api
[2023-01-10T10:54:20.728+0000] {logging_mixin.py:137} INFO - [2023-01-10T10:54:20.728+0000] {manager.py:504} INFO - Created Permission View: can read on DAG:tutorial_taskflow_api
[2023-01-10T10:54:20.738+0000] {logging_mixin.py:137} INFO - [2023-01-10T10:54:20.738+0000] {manager.py:504} INFO - Created Permission View: can edit on DAG:tutorial_taskflow_api
[2023-01-10T10:54:20.739+0000] {logging_mixin.py:137} INFO - [2023-01-10T10:54:20.738+0000] {dag.py:2676} INFO - Sync 1 DAGs
[2023-01-10T10:54:20.756+0000] {logging_mixin.py:137} INFO - [2023-01-10T10:54:20.756+0000] {dag.py:2697} INFO - Creating ORM DAG for tutorial_taskflow_api
[2023-01-10T10:54:20.773+0000] {logging_mixin.py:137} INFO - [2023-01-10T10:54:20.773+0000] {dag.py:3427} INFO - Setting next_dagrun for tutorial_taskflow_api to None, run_after=None
[2023-01-10T10:54:20.803+0000] {processor.py:175} INFO - Processing /home/airflow/.local/lib/python3.7/site-packages/airflow/example_dags/tutorial_taskflow_api.py took 0.231 seconds
[2023-01-10T10:54:51.289+0000] {processor.py:153} INFO - Started process (PID=130) to work on /home/airflow/.local/lib/python3.7/site-packages/airflow/example_dags/tutorial_taskflow_api.py
[2023-01-10T10:54:51.289+0000] {processor.py:743} INFO - Processing file /home/airflow/.local/lib/python3.7/site-packages/airflow/example_dags/tutorial_taskflow_api.py for tasks to queue
[2023-01-10T10:54:51.290+0000] {logging_mixin.py:137} INFO - [2023-01-10T10:54:51.290+0000] {dagbag.py:538} INFO - Filling up the DagBag from /home/airflow/.local/lib/python3.7/site-packages/airflow/example_dags/tutorial_taskflow_api.py
[2023-01-10T10:54:51.307+0000] {processor.py:753} INFO - DAG(s) dict_keys(['tutorial_taskflow_api']) retrieved from /home/airflow/.local/lib/python3.7/site-packages/airflow/example_dags/tutorial_taskflow_api.py
[2023-01-10T10:54:51.336+0000] {logging_mixin.py:137} INFO - [2023-01-10T10:54:51.336+0000] {dag.py:2676} INFO - Sync 1 DAGs
[2023-01-10T10:54:51.359+0000] {logging_mixin.py:137} INFO - [2023-01-10T10:54:51.359+0000] {dag.py:3427} INFO - Setting next_dagrun for tutorial_taskflow_api to None, run_after=None
[2023-01-10T10:54:51.375+0000] {processor.py:175} INFO - Processing /home/airflow/.local/lib/python3.7/site-packages/airflow/example_dags/tutorial_taskflow_api.py took 0.088 seconds
[2023-01-10T10:55:22.158+0000] {processor.py:153} INFO - Started process (PID=200) to work on /home/airflow/.local/lib/python3.7/site-packages/airflow/example_dags/tutorial_taskflow_api.py
[2023-01-10T10:55:22.159+0000] {processor.py:743} INFO - Processing file /home/airflow/.local/lib/python3.7/site-packages/airflow/example_dags/tutorial_taskflow_api.py for tasks to queue
[2023-01-10T10:55:22.159+0000] {logging_mixin.py:137} INFO - [2023-01-10T10:55:22.159+0000] {dagbag.py:538} INFO - Filling up the DagBag from /home/airflow/.local/lib/python3.7/site-packages/airflow/example_dags/tutorial_taskflow_api.py
[2023-01-10T10:55:22.176+0000] {processor.py:753} INFO - DAG(s) dict_keys(['tutorial_taskflow_api']) retrieved from /home/airflow/.local/lib/python3.7/site-packages/airflow/example_dags/tutorial_taskflow_api.py
[2023-01-10T10:55:22.209+0000] {logging_mixin.py:137} INFO - [2023-01-10T10:55:22.209+0000] {dag.py:2676} INFO - Sync 1 DAGs
[2023-01-10T10:55:22.228+0000] {logging_mixin.py:137} INFO - [2023-01-10T10:55:22.228+0000] {dag.py:3427} INFO - Setting next_dagrun for tutorial_taskflow_api to None, run_after=None
[2023-01-10T10:55:22.243+0000] {processor.py:175} INFO - Processing /home/airflow/.local/lib/python3.7/site-packages/airflow/example_dags/tutorial_taskflow_api.py took 0.088 seconds
[2023-01-10T10:55:53.050+0000] {processor.py:153} INFO - Started process (PID=288) to work on /home/airflow/.local/lib/python3.7/site-packages/airflow/example_dags/tutorial_taskflow_api.py
[2023-01-10T10:55:53.050+0000] {processor.py:743} INFO - Processing file /home/airflow/.local/lib/python3.7/site-packages/airflow/example_dags/tutorial_taskflow_api.py for tasks to queue
[2023-01-10T10:55:53.050+0000] {logging_mixin.py:137} INFO - [2023-01-10T10:55:53.050+0000] {dagbag.py:538} INFO - Filling up the DagBag from /home/airflow/.local/lib/python3.7/site-packages/airflow/example_dags/tutorial_taskflow_api.py
[2023-01-10T10:55:53.066+0000] {processor.py:753} INFO - DAG(s) dict_keys(['tutorial_taskflow_api']) retrieved from /home/airflow/.local/lib/python3.7/site-packages/airflow/example_dags/tutorial_taskflow_api.py
[2023-01-10T10:55:53.095+0000] {logging_mixin.py:137} INFO - [2023-01-10T10:55:53.095+0000] {dag.py:2676} INFO - Sync 1 DAGs
[2023-01-10T10:55:53.114+0000] {logging_mixin.py:137} INFO - [2023-01-10T10:55:53.114+0000] {dag.py:3427} INFO - Setting next_dagrun for tutorial_taskflow_api to None, run_after=None
[2023-01-10T10:55:53.127+0000] {processor.py:175} INFO - Processing /home/airflow/.local/lib/python3.7/site-packages/airflow/example_dags/tutorial_taskflow_api.py took 0.080 seconds
[2023-01-10T10:56:24.046+0000] {processor.py:153} INFO - Started process (PID=367) to work on /home/airflow/.local/lib/python3.7/site-packages/airflow/example_dags/tutorial_taskflow_api.py
[2023-01-10T10:56:24.046+0000] {processor.py:743} INFO - Processing file /home/airflow/.local/lib/python3.7/site-packages/airflow/example_dags/tutorial_taskflow_api.py for tasks to queue
[2023-01-10T10:56:24.047+0000] {logging_mixin.py:137} INFO - [2023-01-10T10:56:24.047+0000] {dagbag.py:538} INFO - Filling up the DagBag from /home/airflow/.local/lib/python3.7/site-packages/airflow/example_dags/tutorial_taskflow_api.py
[2023-01-10T10:56:24.070+0000] {processor.py:753} INFO - DAG(s) dict_keys(['tutorial_taskflow_api']) retrieved from /home/airflow/.local/lib/python3.7/site-packages/airflow/example_dags/tutorial_taskflow_api.py
[2023-01-10T10:56:24.100+0000] {logging_mixin.py:137} INFO - [2023-01-10T10:56:24.100+0000] {dag.py:2676} INFO - Sync 1 DAGs
[2023-01-10T10:56:24.132+0000] {logging_mixin.py:137} INFO - [2023-01-10T10:56:24.132+0000] {dag.py:3427} INFO - Setting next_dagrun for tutorial_taskflow_api to None, run_after=None
[2023-01-10T10:56:24.150+0000] {processor.py:175} INFO - Processing /home/airflow/.local/lib/python3.7/site-packages/airflow/example_dags/tutorial_taskflow_api.py took 0.108 seconds
[2023-01-10T10:56:54.193+0000] {processor.py:153} INFO - Started process (PID=444) to work on /home/airflow/.local/lib/python3.7/site-packages/airflow/example_dags/tutorial_taskflow_api.py
[2023-01-10T10:56:54.193+0000] {processor.py:743} INFO - Processing file /home/airflow/.local/lib/python3.7/site-packages/airflow/example_dags/tutorial_taskflow_api.py for tasks to queue
[2023-01-10T10:56:54.194+0000] {logging_mixin.py:137} INFO - [2023-01-10T10:56:54.194+0000] {dagbag.py:538} INFO - Filling up the DagBag from /home/airflow/.local/lib/python3.7/site-packages/airflow/example_dags/tutorial_taskflow_api.py
[2023-01-10T10:56:54.209+0000] {processor.py:753} INFO - DAG(s) dict_keys(['tutorial_taskflow_api']) retrieved from /home/airflow/.local/lib/python3.7/site-packages/airflow/example_dags/tutorial_taskflow_api.py
[2023-01-10T10:56:54.240+0000] {logging_mixin.py:137} INFO - [2023-01-10T10:56:54.240+0000] {dag.py:2676} INFO - Sync 1 DAGs
[2023-01-10T10:56:54.266+0000] {logging_mixin.py:137} INFO - [2023-01-10T10:56:54.266+0000] {dag.py:3427} INFO - Setting next_dagrun for tutorial_taskflow_api to None, run_after=None
[2023-01-10T10:56:54.281+0000] {processor.py:175} INFO - Processing /home/airflow/.local/lib/python3.7/site-packages/airflow/example_dags/tutorial_taskflow_api.py took 0.090 seconds
[2023-01-10T10:57:24.524+0000] {processor.py:153} INFO - Started process (PID=530) to work on /home/airflow/.local/lib/python3.7/site-packages/airflow/example_dags/tutorial_taskflow_api.py
[2023-01-10T10:57:24.525+0000] {processor.py:743} INFO - Processing file /home/airflow/.local/lib/python3.7/site-packages/airflow/example_dags/tutorial_taskflow_api.py for tasks to queue
[2023-01-10T10:57:24.525+0000] {logging_mixin.py:137} INFO - [2023-01-10T10:57:24.525+0000] {dagbag.py:538} INFO - Filling up the DagBag from /home/airflow/.local/lib/python3.7/site-packages/airflow/example_dags/tutorial_taskflow_api.py
[2023-01-10T10:57:24.545+0000] {processor.py:753} INFO - DAG(s) dict_keys(['tutorial_taskflow_api']) retrieved from /home/airflow/.local/lib/python3.7/site-packages/airflow/example_dags/tutorial_taskflow_api.py
[2023-01-10T10:57:24.583+0000] {logging_mixin.py:137} INFO - [2023-01-10T10:57:24.583+0000] {dag.py:2676} INFO - Sync 1 DAGs
[2023-01-10T10:57:24.609+0000] {logging_mixin.py:137} INFO - [2023-01-10T10:57:24.609+0000] {dag.py:3427} INFO - Setting next_dagrun for tutorial_taskflow_api to None, run_after=None
[2023-01-10T10:57:24.625+0000] {processor.py:175} INFO - Processing /home/airflow/.local/lib/python3.7/site-packages/airflow/example_dags/tutorial_taskflow_api.py took 0.105 seconds
[2023-01-10T10:57:55.522+0000] {processor.py:153} INFO - Started process (PID=600) to work on /home/airflow/.local/lib/python3.7/site-packages/airflow/example_dags/tutorial_taskflow_api.py
[2023-01-10T10:57:55.527+0000] {processor.py:743} INFO - Processing file /home/airflow/.local/lib/python3.7/site-packages/airflow/example_dags/tutorial_taskflow_api.py for tasks to queue
[2023-01-10T10:57:55.527+0000] {logging_mixin.py:137} INFO - [2023-01-10T10:57:55.527+0000] {dagbag.py:538} INFO - Filling up the DagBag from /home/airflow/.local/lib/python3.7/site-packages/airflow/example_dags/tutorial_taskflow_api.py
[2023-01-10T10:57:55.550+0000] {processor.py:753} INFO - DAG(s) dict_keys(['tutorial_taskflow_api']) retrieved from /home/airflow/.local/lib/python3.7/site-packages/airflow/example_dags/tutorial_taskflow_api.py
[2023-01-10T10:57:55.588+0000] {logging_mixin.py:137} INFO - [2023-01-10T10:57:55.588+0000] {dag.py:2676} INFO - Sync 1 DAGs
[2023-01-10T10:57:55.613+0000] {logging_mixin.py:137} INFO - [2023-01-10T10:57:55.612+0000] {dag.py:3427} INFO - Setting next_dagrun for tutorial_taskflow_api to None, run_after=None
[2023-01-10T10:57:55.633+0000] {processor.py:175} INFO - Processing /home/airflow/.local/lib/python3.7/site-packages/airflow/example_dags/tutorial_taskflow_api.py took 0.113 seconds
[2023-01-10T10:58:26.520+0000] {processor.py:153} INFO - Started process (PID=686) to work on /home/airflow/.local/lib/python3.7/site-packages/airflow/example_dags/tutorial_taskflow_api.py
[2023-01-10T10:58:26.527+0000] {processor.py:743} INFO - Processing file /home/airflow/.local/lib/python3.7/site-packages/airflow/example_dags/tutorial_taskflow_api.py for tasks to queue
[2023-01-10T10:58:26.527+0000] {logging_mixin.py:137} INFO - [2023-01-10T10:58:26.527+0000] {dagbag.py:538} INFO - Filling up the DagBag from /home/airflow/.local/lib/python3.7/site-packages/airflow/example_dags/tutorial_taskflow_api.py
[2023-01-10T10:58:26.545+0000] {processor.py:753} INFO - DAG(s) dict_keys(['tutorial_taskflow_api']) retrieved from /home/airflow/.local/lib/python3.7/site-packages/airflow/example_dags/tutorial_taskflow_api.py
[2023-01-10T10:58:26.572+0000] {logging_mixin.py:137} INFO - [2023-01-10T10:58:26.572+0000] {dag.py:2676} INFO - Sync 1 DAGs
[2023-01-10T10:58:26.592+0000] {logging_mixin.py:137} INFO - [2023-01-10T10:58:26.592+0000] {dag.py:3427} INFO - Setting next_dagrun for tutorial_taskflow_api to None, run_after=None
[2023-01-10T10:58:26.606+0000] {processor.py:175} INFO - Processing /home/airflow/.local/lib/python3.7/site-packages/airflow/example_dags/tutorial_taskflow_api.py took 0.088 seconds
[2023-01-10T10:58:57.429+0000] {processor.py:153} INFO - Started process (PID=755) to work on /home/airflow/.local/lib/python3.7/site-packages/airflow/example_dags/tutorial_taskflow_api.py
[2023-01-10T10:58:57.436+0000] {processor.py:743} INFO - Processing file /home/airflow/.local/lib/python3.7/site-packages/airflow/example_dags/tutorial_taskflow_api.py for tasks to queue
[2023-01-10T10:58:57.437+0000] {logging_mixin.py:137} INFO - [2023-01-10T10:58:57.437+0000] {dagbag.py:538} INFO - Filling up the DagBag from /home/airflow/.local/lib/python3.7/site-packages/airflow/example_dags/tutorial_taskflow_api.py
[2023-01-10T10:58:57.453+0000] {processor.py:753} INFO - DAG(s) dict_keys(['tutorial_taskflow_api']) retrieved from /home/airflow/.local/lib/python3.7/site-packages/airflow/example_dags/tutorial_taskflow_api.py
[2023-01-10T10:58:57.482+0000] {logging_mixin.py:137} INFO - [2023-01-10T10:58:57.482+0000] {dag.py:2676} INFO - Sync 1 DAGs
[2023-01-10T10:58:57.502+0000] {logging_mixin.py:137} INFO - [2023-01-10T10:58:57.502+0000] {dag.py:3427} INFO - Setting next_dagrun for tutorial_taskflow_api to None, run_after=None
[2023-01-10T10:58:57.516+0000] {processor.py:175} INFO - Processing /home/airflow/.local/lib/python3.7/site-packages/airflow/example_dags/tutorial_taskflow_api.py took 0.089 seconds
[2023-01-10T10:59:27.823+0000] {processor.py:153} INFO - Started process (PID=841) to work on /home/airflow/.local/lib/python3.7/site-packages/airflow/example_dags/tutorial_taskflow_api.py
[2023-01-10T10:59:27.830+0000] {processor.py:743} INFO - Processing file /home/airflow/.local/lib/python3.7/site-packages/airflow/example_dags/tutorial_taskflow_api.py for tasks to queue
[2023-01-10T10:59:27.830+0000] {logging_mixin.py:137} INFO - [2023-01-10T10:59:27.830+0000] {dagbag.py:538} INFO - Filling up the DagBag from /home/airflow/.local/lib/python3.7/site-packages/airflow/example_dags/tutorial_taskflow_api.py
[2023-01-10T10:59:27.846+0000] {processor.py:753} INFO - DAG(s) dict_keys(['tutorial_taskflow_api']) retrieved from /home/airflow/.local/lib/python3.7/site-packages/airflow/example_dags/tutorial_taskflow_api.py
[2023-01-10T10:59:27.875+0000] {logging_mixin.py:137} INFO - [2023-01-10T10:59:27.875+0000] {dag.py:2676} INFO - Sync 1 DAGs
[2023-01-10T10:59:27.893+0000] {logging_mixin.py:137} INFO - [2023-01-10T10:59:27.893+0000] {dag.py:3427} INFO - Setting next_dagrun for tutorial_taskflow_api to None, run_after=None
[2023-01-10T10:59:27.906+0000] {processor.py:175} INFO - Processing /home/airflow/.local/lib/python3.7/site-packages/airflow/example_dags/tutorial_taskflow_api.py took 0.086 seconds
[2023-01-10T10:59:58.051+0000] {processor.py:153} INFO - Started process (PID=912) to work on /home/airflow/.local/lib/python3.7/site-packages/airflow/example_dags/tutorial_taskflow_api.py
[2023-01-10T10:59:58.052+0000] {processor.py:743} INFO - Processing file /home/airflow/.local/lib/python3.7/site-packages/airflow/example_dags/tutorial_taskflow_api.py for tasks to queue
[2023-01-10T10:59:58.053+0000] {logging_mixin.py:137} INFO - [2023-01-10T10:59:58.053+0000] {dagbag.py:538} INFO - Filling up the DagBag from /home/airflow/.local/lib/python3.7/site-packages/airflow/example_dags/tutorial_taskflow_api.py
[2023-01-10T10:59:58.069+0000] {processor.py:753} INFO - DAG(s) dict_keys(['tutorial_taskflow_api']) retrieved from /home/airflow/.local/lib/python3.7/site-packages/airflow/example_dags/tutorial_taskflow_api.py
[2023-01-10T10:59:58.098+0000] {logging_mixin.py:137} INFO - [2023-01-10T10:59:58.098+0000] {dag.py:2676} INFO - Sync 1 DAGs
[2023-01-10T10:59:58.116+0000] {logging_mixin.py:137} INFO - [2023-01-10T10:59:58.116+0000] {dag.py:3427} INFO - Setting next_dagrun for tutorial_taskflow_api to None, run_after=None
[2023-01-10T10:59:58.130+0000] {processor.py:175} INFO - Processing /home/airflow/.local/lib/python3.7/site-packages/airflow/example_dags/tutorial_taskflow_api.py took 0.082 seconds
[2023-01-10T11:00:28.287+0000] {processor.py:153} INFO - Started process (PID=998) to work on /home/airflow/.local/lib/python3.7/site-packages/airflow/example_dags/tutorial_taskflow_api.py
[2023-01-10T11:00:28.293+0000] {processor.py:743} INFO - Processing file /home/airflow/.local/lib/python3.7/site-packages/airflow/example_dags/tutorial_taskflow_api.py for tasks to queue
[2023-01-10T11:00:28.294+0000] {logging_mixin.py:137} INFO - [2023-01-10T11:00:28.293+0000] {dagbag.py:538} INFO - Filling up the DagBag from /home/airflow/.local/lib/python3.7/site-packages/airflow/example_dags/tutorial_taskflow_api.py
[2023-01-10T11:00:28.312+0000] {processor.py:753} INFO - DAG(s) dict_keys(['tutorial_taskflow_api']) retrieved from /home/airflow/.local/lib/python3.7/site-packages/airflow/example_dags/tutorial_taskflow_api.py
[2023-01-10T11:00:28.345+0000] {logging_mixin.py:137} INFO - [2023-01-10T11:00:28.345+0000] {dag.py:2676} INFO - Sync 1 DAGs
[2023-01-10T11:00:28.369+0000] {logging_mixin.py:137} INFO - [2023-01-10T11:00:28.368+0000] {dag.py:3427} INFO - Setting next_dagrun for tutorial_taskflow_api to None, run_after=None
[2023-01-10T11:00:28.387+0000] {processor.py:175} INFO - Processing /home/airflow/.local/lib/python3.7/site-packages/airflow/example_dags/tutorial_taskflow_api.py took 0.103 seconds
[2023-01-10T11:00:58.441+0000] {processor.py:153} INFO - Started process (PID=1068) to work on /home/airflow/.local/lib/python3.7/site-packages/airflow/example_dags/tutorial_taskflow_api.py
[2023-01-10T11:00:58.448+0000] {processor.py:743} INFO - Processing file /home/airflow/.local/lib/python3.7/site-packages/airflow/example_dags/tutorial_taskflow_api.py for tasks to queue
[2023-01-10T11:00:58.448+0000] {logging_mixin.py:137} INFO - [2023-01-10T11:00:58.448+0000] {dagbag.py:538} INFO - Filling up the DagBag from /home/airflow/.local/lib/python3.7/site-packages/airflow/example_dags/tutorial_taskflow_api.py
[2023-01-10T11:00:58.466+0000] {processor.py:753} INFO - DAG(s) dict_keys(['tutorial_taskflow_api']) retrieved from /home/airflow/.local/lib/python3.7/site-packages/airflow/example_dags/tutorial_taskflow_api.py
[2023-01-10T11:00:58.493+0000] {logging_mixin.py:137} INFO - [2023-01-10T11:00:58.493+0000] {dag.py:2676} INFO - Sync 1 DAGs
[2023-01-10T11:00:58.514+0000] {logging_mixin.py:137} INFO - [2023-01-10T11:00:58.514+0000] {dag.py:3427} INFO - Setting next_dagrun for tutorial_taskflow_api to None, run_after=None
[2023-01-10T11:00:58.528+0000] {processor.py:175} INFO - Processing /home/airflow/.local/lib/python3.7/site-packages/airflow/example_dags/tutorial_taskflow_api.py took 0.090 seconds
[2023-01-10T11:01:28.614+0000] {processor.py:153} INFO - Started process (PID=1154) to work on /home/airflow/.local/lib/python3.7/site-packages/airflow/example_dags/tutorial_taskflow_api.py
[2023-01-10T11:01:28.620+0000] {processor.py:743} INFO - Processing file /home/airflow/.local/lib/python3.7/site-packages/airflow/example_dags/tutorial_taskflow_api.py for tasks to queue
[2023-01-10T11:01:28.621+0000] {logging_mixin.py:137} INFO - [2023-01-10T11:01:28.621+0000] {dagbag.py:538} INFO - Filling up the DagBag from /home/airflow/.local/lib/python3.7/site-packages/airflow/example_dags/tutorial_taskflow_api.py
[2023-01-10T11:01:28.636+0000] {processor.py:753} INFO - DAG(s) dict_keys(['tutorial_taskflow_api']) retrieved from /home/airflow/.local/lib/python3.7/site-packages/airflow/example_dags/tutorial_taskflow_api.py
[2023-01-10T11:01:28.666+0000] {logging_mixin.py:137} INFO - [2023-01-10T11:01:28.666+0000] {dag.py:2676} INFO - Sync 1 DAGs
[2023-01-10T11:01:28.685+0000] {logging_mixin.py:137} INFO - [2023-01-10T11:01:28.685+0000] {dag.py:3427} INFO - Setting next_dagrun for tutorial_taskflow_api to None, run_after=None
[2023-01-10T11:01:28.700+0000] {processor.py:175} INFO - Processing /home/airflow/.local/lib/python3.7/site-packages/airflow/example_dags/tutorial_taskflow_api.py took 0.088 seconds
[2023-01-10T11:01:58.915+0000] {processor.py:153} INFO - Started process (PID=1225) to work on /home/airflow/.local/lib/python3.7/site-packages/airflow/example_dags/tutorial_taskflow_api.py
[2023-01-10T11:01:58.922+0000] {processor.py:743} INFO - Processing file /home/airflow/.local/lib/python3.7/site-packages/airflow/example_dags/tutorial_taskflow_api.py for tasks to queue
[2023-01-10T11:01:58.923+0000] {logging_mixin.py:137} INFO - [2023-01-10T11:01:58.922+0000] {dagbag.py:538} INFO - Filling up the DagBag from /home/airflow/.local/lib/python3.7/site-packages/airflow/example_dags/tutorial_taskflow_api.py
[2023-01-10T11:01:58.940+0000] {processor.py:753} INFO - DAG(s) dict_keys(['tutorial_taskflow_api']) retrieved from /home/airflow/.local/lib/python3.7/site-packages/airflow/example_dags/tutorial_taskflow_api.py
[2023-01-10T11:01:58.969+0000] {logging_mixin.py:137} INFO - [2023-01-10T11:01:58.969+0000] {dag.py:2676} INFO - Sync 1 DAGs
[2023-01-10T11:01:58.988+0000] {logging_mixin.py:137} INFO - [2023-01-10T11:01:58.988+0000] {dag.py:3427} INFO - Setting next_dagrun for tutorial_taskflow_api to None, run_after=None
[2023-01-10T11:01:59.001+0000] {processor.py:175} INFO - Processing /home/airflow/.local/lib/python3.7/site-packages/airflow/example_dags/tutorial_taskflow_api.py took 0.088 seconds
[2023-01-10T11:02:29.245+0000] {processor.py:153} INFO - Started process (PID=1311) to work on /home/airflow/.local/lib/python3.7/site-packages/airflow/example_dags/tutorial_taskflow_api.py
[2023-01-10T11:02:29.252+0000] {processor.py:743} INFO - Processing file /home/airflow/.local/lib/python3.7/site-packages/airflow/example_dags/tutorial_taskflow_api.py for tasks to queue
[2023-01-10T11:02:29.252+0000] {logging_mixin.py:137} INFO - [2023-01-10T11:02:29.252+0000] {dagbag.py:538} INFO - Filling up the DagBag from /home/airflow/.local/lib/python3.7/site-packages/airflow/example_dags/tutorial_taskflow_api.py
[2023-01-10T11:02:29.268+0000] {processor.py:753} INFO - DAG(s) dict_keys(['tutorial_taskflow_api']) retrieved from /home/airflow/.local/lib/python3.7/site-packages/airflow/example_dags/tutorial_taskflow_api.py
[2023-01-10T11:02:29.298+0000] {logging_mixin.py:137} INFO - [2023-01-10T11:02:29.298+0000] {dag.py:2676} INFO - Sync 1 DAGs
[2023-01-10T11:02:29.318+0000] {logging_mixin.py:137} INFO - [2023-01-10T11:02:29.318+0000] {dag.py:3427} INFO - Setting next_dagrun for tutorial_taskflow_api to None, run_after=None
[2023-01-10T11:02:29.332+0000] {processor.py:175} INFO - Processing /home/airflow/.local/lib/python3.7/site-packages/airflow/example_dags/tutorial_taskflow_api.py took 0.089 seconds
[2023-01-10T11:02:59.355+0000] {processor.py:153} INFO - Started process (PID=1390) to work on /home/airflow/.local/lib/python3.7/site-packages/airflow/example_dags/tutorial_taskflow_api.py
[2023-01-10T11:02:59.355+0000] {processor.py:743} INFO - Processing file /home/airflow/.local/lib/python3.7/site-packages/airflow/example_dags/tutorial_taskflow_api.py for tasks to queue
[2023-01-10T11:02:59.356+0000] {logging_mixin.py:137} INFO - [2023-01-10T11:02:59.356+0000] {dagbag.py:538} INFO - Filling up the DagBag from /home/airflow/.local/lib/python3.7/site-packages/airflow/example_dags/tutorial_taskflow_api.py
[2023-01-10T11:02:59.373+0000] {processor.py:753} INFO - DAG(s) dict_keys(['tutorial_taskflow_api']) retrieved from /home/airflow/.local/lib/python3.7/site-packages/airflow/example_dags/tutorial_taskflow_api.py
[2023-01-10T11:02:59.404+0000] {logging_mixin.py:137} INFO - [2023-01-10T11:02:59.404+0000] {dag.py:2676} INFO - Sync 1 DAGs
[2023-01-10T11:02:59.426+0000] {logging_mixin.py:137} INFO - [2023-01-10T11:02:59.426+0000] {dag.py:3427} INFO - Setting next_dagrun for tutorial_taskflow_api to None, run_after=None
[2023-01-10T11:02:59.444+0000] {processor.py:175} INFO - Processing /home/airflow/.local/lib/python3.7/site-packages/airflow/example_dags/tutorial_taskflow_api.py took 0.091 seconds
[2023-01-10T11:03:29.473+0000] {processor.py:153} INFO - Started process (PID=1468) to work on /home/airflow/.local/lib/python3.7/site-packages/airflow/example_dags/tutorial_taskflow_api.py
[2023-01-10T11:03:29.474+0000] {processor.py:743} INFO - Processing file /home/airflow/.local/lib/python3.7/site-packages/airflow/example_dags/tutorial_taskflow_api.py for tasks to queue
[2023-01-10T11:03:29.474+0000] {logging_mixin.py:137} INFO - [2023-01-10T11:03:29.474+0000] {dagbag.py:538} INFO - Filling up the DagBag from /home/airflow/.local/lib/python3.7/site-packages/airflow/example_dags/tutorial_taskflow_api.py
[2023-01-10T11:03:29.490+0000] {processor.py:753} INFO - DAG(s) dict_keys(['tutorial_taskflow_api']) retrieved from /home/airflow/.local/lib/python3.7/site-packages/airflow/example_dags/tutorial_taskflow_api.py
[2023-01-10T11:03:29.519+0000] {logging_mixin.py:137} INFO - [2023-01-10T11:03:29.519+0000] {dag.py:2676} INFO - Sync 1 DAGs
[2023-01-10T11:03:29.543+0000] {logging_mixin.py:137} INFO - [2023-01-10T11:03:29.542+0000] {dag.py:3427} INFO - Setting next_dagrun for tutorial_taskflow_api to None, run_after=None
[2023-01-10T11:03:29.559+0000] {processor.py:175} INFO - Processing /home/airflow/.local/lib/python3.7/site-packages/airflow/example_dags/tutorial_taskflow_api.py took 0.087 seconds
[2023-01-10T11:03:59.828+0000] {processor.py:153} INFO - Started process (PID=1547) to work on /home/airflow/.local/lib/python3.7/site-packages/airflow/example_dags/tutorial_taskflow_api.py
[2023-01-10T11:03:59.828+0000] {processor.py:743} INFO - Processing file /home/airflow/.local/lib/python3.7/site-packages/airflow/example_dags/tutorial_taskflow_api.py for tasks to queue
[2023-01-10T11:03:59.829+0000] {logging_mixin.py:137} INFO - [2023-01-10T11:03:59.829+0000] {dagbag.py:538} INFO - Filling up the DagBag from /home/airflow/.local/lib/python3.7/site-packages/airflow/example_dags/tutorial_taskflow_api.py
[2023-01-10T11:03:59.846+0000] {processor.py:753} INFO - DAG(s) dict_keys(['tutorial_taskflow_api']) retrieved from /home/airflow/.local/lib/python3.7/site-packages/airflow/example_dags/tutorial_taskflow_api.py
[2023-01-10T11:03:59.882+0000] {logging_mixin.py:137} INFO - [2023-01-10T11:03:59.882+0000] {dag.py:2676} INFO - Sync 1 DAGs
[2023-01-10T11:03:59.904+0000] {logging_mixin.py:137} INFO - [2023-01-10T11:03:59.904+0000] {dag.py:3427} INFO - Setting next_dagrun for tutorial_taskflow_api to None, run_after=None
[2023-01-10T11:03:59.920+0000] {processor.py:175} INFO - Processing /home/airflow/.local/lib/python3.7/site-packages/airflow/example_dags/tutorial_taskflow_api.py took 0.094 seconds
[2023-01-10T11:04:30.839+0000] {processor.py:153} INFO - Started process (PID=1624) to work on /home/airflow/.local/lib/python3.7/site-packages/airflow/example_dags/tutorial_taskflow_api.py
[2023-01-10T11:04:30.840+0000] {processor.py:743} INFO - Processing file /home/airflow/.local/lib/python3.7/site-packages/airflow/example_dags/tutorial_taskflow_api.py for tasks to queue
[2023-01-10T11:04:30.841+0000] {logging_mixin.py:137} INFO - [2023-01-10T11:04:30.840+0000] {dagbag.py:538} INFO - Filling up the DagBag from /home/airflow/.local/lib/python3.7/site-packages/airflow/example_dags/tutorial_taskflow_api.py
[2023-01-10T11:04:30.856+0000] {processor.py:753} INFO - DAG(s) dict_keys(['tutorial_taskflow_api']) retrieved from /home/airflow/.local/lib/python3.7/site-packages/airflow/example_dags/tutorial_taskflow_api.py
[2023-01-10T11:04:30.884+0000] {logging_mixin.py:137} INFO - [2023-01-10T11:04:30.883+0000] {dag.py:2676} INFO - Sync 1 DAGs
[2023-01-10T11:04:30.906+0000] {logging_mixin.py:137} INFO - [2023-01-10T11:04:30.906+0000] {dag.py:3427} INFO - Setting next_dagrun for tutorial_taskflow_api to None, run_after=None
[2023-01-10T11:04:30.920+0000] {processor.py:175} INFO - Processing /home/airflow/.local/lib/python3.7/site-packages/airflow/example_dags/tutorial_taskflow_api.py took 0.083 seconds
[2023-01-10T11:05:00.972+0000] {processor.py:153} INFO - Started process (PID=1710) to work on /home/airflow/.local/lib/python3.7/site-packages/airflow/example_dags/tutorial_taskflow_api.py
[2023-01-10T11:05:00.973+0000] {processor.py:743} INFO - Processing file /home/airflow/.local/lib/python3.7/site-packages/airflow/example_dags/tutorial_taskflow_api.py for tasks to queue
[2023-01-10T11:05:00.973+0000] {logging_mixin.py:137} INFO - [2023-01-10T11:05:00.973+0000] {dagbag.py:538} INFO - Filling up the DagBag from /home/airflow/.local/lib/python3.7/site-packages/airflow/example_dags/tutorial_taskflow_api.py
[2023-01-10T11:05:00.989+0000] {processor.py:753} INFO - DAG(s) dict_keys(['tutorial_taskflow_api']) retrieved from /home/airflow/.local/lib/python3.7/site-packages/airflow/example_dags/tutorial_taskflow_api.py
[2023-01-10T11:05:01.015+0000] {logging_mixin.py:137} INFO - [2023-01-10T11:05:01.015+0000] {dag.py:2676} INFO - Sync 1 DAGs
[2023-01-10T11:05:01.036+0000] {logging_mixin.py:137} INFO - [2023-01-10T11:05:01.036+0000] {dag.py:3427} INFO - Setting next_dagrun for tutorial_taskflow_api to None, run_after=None
[2023-01-10T11:05:01.051+0000] {processor.py:175} INFO - Processing /home/airflow/.local/lib/python3.7/site-packages/airflow/example_dags/tutorial_taskflow_api.py took 0.082 seconds
[2023-01-10T11:05:31.113+0000] {processor.py:153} INFO - Started process (PID=1780) to work on /home/airflow/.local/lib/python3.7/site-packages/airflow/example_dags/tutorial_taskflow_api.py
[2023-01-10T11:05:31.114+0000] {processor.py:743} INFO - Processing file /home/airflow/.local/lib/python3.7/site-packages/airflow/example_dags/tutorial_taskflow_api.py for tasks to queue
[2023-01-10T11:05:31.115+0000] {logging_mixin.py:137} INFO - [2023-01-10T11:05:31.114+0000] {dagbag.py:538} INFO - Filling up the DagBag from /home/airflow/.local/lib/python3.7/site-packages/airflow/example_dags/tutorial_taskflow_api.py
[2023-01-10T11:05:31.131+0000] {processor.py:753} INFO - DAG(s) dict_keys(['tutorial_taskflow_api']) retrieved from /home/airflow/.local/lib/python3.7/site-packages/airflow/example_dags/tutorial_taskflow_api.py
[2023-01-10T11:05:31.159+0000] {logging_mixin.py:137} INFO - [2023-01-10T11:05:31.159+0000] {dag.py:2676} INFO - Sync 1 DAGs
[2023-01-10T11:05:31.177+0000] {logging_mixin.py:137} INFO - [2023-01-10T11:05:31.177+0000] {dag.py:3427} INFO - Setting next_dagrun for tutorial_taskflow_api to None, run_after=None
[2023-01-10T11:05:31.190+0000] {processor.py:175} INFO - Processing /home/airflow/.local/lib/python3.7/site-packages/airflow/example_dags/tutorial_taskflow_api.py took 0.079 seconds
[2023-01-10T11:06:01.264+0000] {processor.py:153} INFO - Started process (PID=1866) to work on /home/airflow/.local/lib/python3.7/site-packages/airflow/example_dags/tutorial_taskflow_api.py
[2023-01-10T11:06:01.265+0000] {processor.py:743} INFO - Processing file /home/airflow/.local/lib/python3.7/site-packages/airflow/example_dags/tutorial_taskflow_api.py for tasks to queue
[2023-01-10T11:06:01.265+0000] {logging_mixin.py:137} INFO - [2023-01-10T11:06:01.265+0000] {dagbag.py:538} INFO - Filling up the DagBag from /home/airflow/.local/lib/python3.7/site-packages/airflow/example_dags/tutorial_taskflow_api.py
[2023-01-10T11:06:01.281+0000] {processor.py:753} INFO - DAG(s) dict_keys(['tutorial_taskflow_api']) retrieved from /home/airflow/.local/lib/python3.7/site-packages/airflow/example_dags/tutorial_taskflow_api.py
[2023-01-10T11:06:01.308+0000] {logging_mixin.py:137} INFO - [2023-01-10T11:06:01.308+0000] {dag.py:2676} INFO - Sync 1 DAGs
[2023-01-10T11:06:01.328+0000] {logging_mixin.py:137} INFO - [2023-01-10T11:06:01.328+0000] {dag.py:3427} INFO - Setting next_dagrun for tutorial_taskflow_api to None, run_after=None
[2023-01-10T11:06:01.341+0000] {processor.py:175} INFO - Processing /home/airflow/.local/lib/python3.7/site-packages/airflow/example_dags/tutorial_taskflow_api.py took 0.079 seconds
[2023-01-10T11:06:31.498+0000] {processor.py:153} INFO - Started process (PID=1936) to work on /home/airflow/.local/lib/python3.7/site-packages/airflow/example_dags/tutorial_taskflow_api.py
[2023-01-10T11:06:31.499+0000] {processor.py:743} INFO - Processing file /home/airflow/.local/lib/python3.7/site-packages/airflow/example_dags/tutorial_taskflow_api.py for tasks to queue
[2023-01-10T11:06:31.500+0000] {logging_mixin.py:137} INFO - [2023-01-10T11:06:31.500+0000] {dagbag.py:538} INFO - Filling up the DagBag from /home/airflow/.local/lib/python3.7/site-packages/airflow/example_dags/tutorial_taskflow_api.py
[2023-01-10T11:06:31.520+0000] {processor.py:753} INFO - DAG(s) dict_keys(['tutorial_taskflow_api']) retrieved from /home/airflow/.local/lib/python3.7/site-packages/airflow/example_dags/tutorial_taskflow_api.py
[2023-01-10T11:06:31.553+0000] {logging_mixin.py:137} INFO - [2023-01-10T11:06:31.553+0000] {dag.py:2676} INFO - Sync 1 DAGs
[2023-01-10T11:06:31.578+0000] {logging_mixin.py:137} INFO - [2023-01-10T11:06:31.578+0000] {dag.py:3427} INFO - Setting next_dagrun for tutorial_taskflow_api to None, run_after=None
[2023-01-10T11:06:31.599+0000] {processor.py:175} INFO - Processing /home/airflow/.local/lib/python3.7/site-packages/airflow/example_dags/tutorial_taskflow_api.py took 0.103 seconds
[2023-01-10T11:07:01.878+0000] {processor.py:153} INFO - Started process (PID=2022) to work on /home/airflow/.local/lib/python3.7/site-packages/airflow/example_dags/tutorial_taskflow_api.py
[2023-01-10T11:07:01.878+0000] {processor.py:743} INFO - Processing file /home/airflow/.local/lib/python3.7/site-packages/airflow/example_dags/tutorial_taskflow_api.py for tasks to queue
[2023-01-10T11:07:01.879+0000] {logging_mixin.py:137} INFO - [2023-01-10T11:07:01.879+0000] {dagbag.py:538} INFO - Filling up the DagBag from /home/airflow/.local/lib/python3.7/site-packages/airflow/example_dags/tutorial_taskflow_api.py
[2023-01-10T11:07:01.896+0000] {processor.py:753} INFO - DAG(s) dict_keys(['tutorial_taskflow_api']) retrieved from /home/airflow/.local/lib/python3.7/site-packages/airflow/example_dags/tutorial_taskflow_api.py
[2023-01-10T11:07:01.928+0000] {logging_mixin.py:137} INFO - [2023-01-10T11:07:01.928+0000] {dag.py:2676} INFO - Sync 1 DAGs
[2023-01-10T11:07:01.950+0000] {logging_mixin.py:137} INFO - [2023-01-10T11:07:01.949+0000] {dag.py:3427} INFO - Setting next_dagrun for tutorial_taskflow_api to None, run_after=None
[2023-01-10T11:07:01.966+0000] {processor.py:175} INFO - Processing /home/airflow/.local/lib/python3.7/site-packages/airflow/example_dags/tutorial_taskflow_api.py took 0.090 seconds
[2023-01-10T11:07:32.295+0000] {processor.py:153} INFO - Started process (PID=2092) to work on /home/airflow/.local/lib/python3.7/site-packages/airflow/example_dags/tutorial_taskflow_api.py
[2023-01-10T11:07:32.295+0000] {processor.py:743} INFO - Processing file /home/airflow/.local/lib/python3.7/site-packages/airflow/example_dags/tutorial_taskflow_api.py for tasks to queue
[2023-01-10T11:07:32.296+0000] {logging_mixin.py:137} INFO - [2023-01-10T11:07:32.296+0000] {dagbag.py:538} INFO - Filling up the DagBag from /home/airflow/.local/lib/python3.7/site-packages/airflow/example_dags/tutorial_taskflow_api.py
[2023-01-10T11:07:32.313+0000] {processor.py:753} INFO - DAG(s) dict_keys(['tutorial_taskflow_api']) retrieved from /home/airflow/.local/lib/python3.7/site-packages/airflow/example_dags/tutorial_taskflow_api.py
[2023-01-10T11:07:32.344+0000] {logging_mixin.py:137} INFO - [2023-01-10T11:07:32.344+0000] {dag.py:2676} INFO - Sync 1 DAGs
[2023-01-10T11:07:32.365+0000] {logging_mixin.py:137} INFO - [2023-01-10T11:07:32.365+0000] {dag.py:3427} INFO - Setting next_dagrun for tutorial_taskflow_api to None, run_after=None
[2023-01-10T11:07:32.379+0000] {processor.py:175} INFO - Processing /home/airflow/.local/lib/python3.7/site-packages/airflow/example_dags/tutorial_taskflow_api.py took 0.087 seconds
[2023-01-10T11:08:02.490+0000] {processor.py:153} INFO - Started process (PID=2178) to work on /home/airflow/.local/lib/python3.7/site-packages/airflow/example_dags/tutorial_taskflow_api.py
[2023-01-10T11:08:02.490+0000] {processor.py:743} INFO - Processing file /home/airflow/.local/lib/python3.7/site-packages/airflow/example_dags/tutorial_taskflow_api.py for tasks to queue
[2023-01-10T11:08:02.491+0000] {logging_mixin.py:137} INFO - [2023-01-10T11:08:02.491+0000] {dagbag.py:538} INFO - Filling up the DagBag from /home/airflow/.local/lib/python3.7/site-packages/airflow/example_dags/tutorial_taskflow_api.py
[2023-01-10T11:08:02.507+0000] {processor.py:753} INFO - DAG(s) dict_keys(['tutorial_taskflow_api']) retrieved from /home/airflow/.local/lib/python3.7/site-packages/airflow/example_dags/tutorial_taskflow_api.py
[2023-01-10T11:08:02.535+0000] {logging_mixin.py:137} INFO - [2023-01-10T11:08:02.535+0000] {dag.py:2676} INFO - Sync 1 DAGs
[2023-01-10T11:08:02.554+0000] {logging_mixin.py:137} INFO - [2023-01-10T11:08:02.554+0000] {dag.py:3427} INFO - Setting next_dagrun for tutorial_taskflow_api to None, run_after=None
[2023-01-10T11:08:02.570+0000] {processor.py:175} INFO - Processing /home/airflow/.local/lib/python3.7/site-packages/airflow/example_dags/tutorial_taskflow_api.py took 0.084 seconds
[2023-01-10T11:08:32.608+0000] {processor.py:153} INFO - Started process (PID=2248) to work on /home/airflow/.local/lib/python3.7/site-packages/airflow/example_dags/tutorial_taskflow_api.py
[2023-01-10T11:08:32.609+0000] {processor.py:743} INFO - Processing file /home/airflow/.local/lib/python3.7/site-packages/airflow/example_dags/tutorial_taskflow_api.py for tasks to queue
[2023-01-10T11:08:32.609+0000] {logging_mixin.py:137} INFO - [2023-01-10T11:08:32.609+0000] {dagbag.py:538} INFO - Filling up the DagBag from /home/airflow/.local/lib/python3.7/site-packages/airflow/example_dags/tutorial_taskflow_api.py
[2023-01-10T11:08:32.625+0000] {processor.py:753} INFO - DAG(s) dict_keys(['tutorial_taskflow_api']) retrieved from /home/airflow/.local/lib/python3.7/site-packages/airflow/example_dags/tutorial_taskflow_api.py
[2023-01-10T11:08:32.654+0000] {logging_mixin.py:137} INFO - [2023-01-10T11:08:32.654+0000] {dag.py:2676} INFO - Sync 1 DAGs
[2023-01-10T11:08:32.680+0000] {logging_mixin.py:137} INFO - [2023-01-10T11:08:32.679+0000] {dag.py:3427} INFO - Setting next_dagrun for tutorial_taskflow_api to None, run_after=None
[2023-01-10T11:08:32.698+0000] {processor.py:175} INFO - Processing /home/airflow/.local/lib/python3.7/site-packages/airflow/example_dags/tutorial_taskflow_api.py took 0.092 seconds
[2023-01-10T11:09:02.789+0000] {processor.py:153} INFO - Started process (PID=2334) to work on /home/airflow/.local/lib/python3.7/site-packages/airflow/example_dags/tutorial_taskflow_api.py
[2023-01-10T11:09:02.790+0000] {processor.py:743} INFO - Processing file /home/airflow/.local/lib/python3.7/site-packages/airflow/example_dags/tutorial_taskflow_api.py for tasks to queue
[2023-01-10T11:09:02.791+0000] {logging_mixin.py:137} INFO - [2023-01-10T11:09:02.791+0000] {dagbag.py:538} INFO - Filling up the DagBag from /home/airflow/.local/lib/python3.7/site-packages/airflow/example_dags/tutorial_taskflow_api.py
[2023-01-10T11:09:02.808+0000] {processor.py:753} INFO - DAG(s) dict_keys(['tutorial_taskflow_api']) retrieved from /home/airflow/.local/lib/python3.7/site-packages/airflow/example_dags/tutorial_taskflow_api.py
[2023-01-10T11:09:02.838+0000] {logging_mixin.py:137} INFO - [2023-01-10T11:09:02.838+0000] {dag.py:2676} INFO - Sync 1 DAGs
[2023-01-10T11:09:02.860+0000] {logging_mixin.py:137} INFO - [2023-01-10T11:09:02.860+0000] {dag.py:3427} INFO - Setting next_dagrun for tutorial_taskflow_api to None, run_after=None
[2023-01-10T11:09:02.876+0000] {processor.py:175} INFO - Processing /home/airflow/.local/lib/python3.7/site-packages/airflow/example_dags/tutorial_taskflow_api.py took 0.089 seconds
[2023-01-10T11:09:33.280+0000] {processor.py:153} INFO - Started process (PID=2403) to work on /home/airflow/.local/lib/python3.7/site-packages/airflow/example_dags/tutorial_taskflow_api.py
[2023-01-10T11:09:33.281+0000] {processor.py:743} INFO - Processing file /home/airflow/.local/lib/python3.7/site-packages/airflow/example_dags/tutorial_taskflow_api.py for tasks to queue
[2023-01-10T11:09:33.282+0000] {logging_mixin.py:137} INFO - [2023-01-10T11:09:33.282+0000] {dagbag.py:538} INFO - Filling up the DagBag from /home/airflow/.local/lib/python3.7/site-packages/airflow/example_dags/tutorial_taskflow_api.py
[2023-01-10T11:09:33.297+0000] {processor.py:753} INFO - DAG(s) dict_keys(['tutorial_taskflow_api']) retrieved from /home/airflow/.local/lib/python3.7/site-packages/airflow/example_dags/tutorial_taskflow_api.py
[2023-01-10T11:09:33.330+0000] {logging_mixin.py:137} INFO - [2023-01-10T11:09:33.329+0000] {dag.py:2676} INFO - Sync 1 DAGs
[2023-01-10T11:09:33.357+0000] {logging_mixin.py:137} INFO - [2023-01-10T11:09:33.357+0000] {dag.py:3427} INFO - Setting next_dagrun for tutorial_taskflow_api to None, run_after=None
[2023-01-10T11:09:33.373+0000] {processor.py:175} INFO - Processing /home/airflow/.local/lib/python3.7/site-packages/airflow/example_dags/tutorial_taskflow_api.py took 0.096 seconds
[2023-01-10T11:10:03.417+0000] {processor.py:153} INFO - Started process (PID=2489) to work on /home/airflow/.local/lib/python3.7/site-packages/airflow/example_dags/tutorial_taskflow_api.py
[2023-01-10T11:10:03.418+0000] {processor.py:743} INFO - Processing file /home/airflow/.local/lib/python3.7/site-packages/airflow/example_dags/tutorial_taskflow_api.py for tasks to queue
[2023-01-10T11:10:03.418+0000] {logging_mixin.py:137} INFO - [2023-01-10T11:10:03.418+0000] {dagbag.py:538} INFO - Filling up the DagBag from /home/airflow/.local/lib/python3.7/site-packages/airflow/example_dags/tutorial_taskflow_api.py
[2023-01-10T11:10:03.437+0000] {processor.py:753} INFO - DAG(s) dict_keys(['tutorial_taskflow_api']) retrieved from /home/airflow/.local/lib/python3.7/site-packages/airflow/example_dags/tutorial_taskflow_api.py
[2023-01-10T11:10:03.467+0000] {logging_mixin.py:137} INFO - [2023-01-10T11:10:03.467+0000] {dag.py:2676} INFO - Sync 1 DAGs
[2023-01-10T11:10:03.490+0000] {logging_mixin.py:137} INFO - [2023-01-10T11:10:03.490+0000] {dag.py:3427} INFO - Setting next_dagrun for tutorial_taskflow_api to None, run_after=None
[2023-01-10T11:10:03.509+0000] {processor.py:175} INFO - Processing /home/airflow/.local/lib/python3.7/site-packages/airflow/example_dags/tutorial_taskflow_api.py took 0.094 seconds
